[2023-03-11T12:31:17.705+0000] {processor.py:153} INFO - Started process (PID=97) to work on /home/airflow/.local/lib/python3.7/site-packages/airflow/example_dags/example_dynamic_task_mapping.py
[2023-03-11T12:31:17.706+0000] {processor.py:743} INFO - Processing file /home/airflow/.local/lib/python3.7/site-packages/airflow/example_dags/example_dynamic_task_mapping.py for tasks to queue
[2023-03-11T12:31:17.707+0000] {logging_mixin.py:137} INFO - [2023-03-11T12:31:17.706+0000] {dagbag.py:538} INFO - Filling up the DagBag from /home/airflow/.local/lib/python3.7/site-packages/airflow/example_dags/example_dynamic_task_mapping.py
[2023-03-11T12:31:17.767+0000] {processor.py:753} INFO - DAG(s) dict_keys(['example_dynamic_task_mapping']) retrieved from /home/airflow/.local/lib/python3.7/site-packages/airflow/example_dags/example_dynamic_task_mapping.py
[2023-03-11T12:31:17.788+0000] {logging_mixin.py:137} INFO - [2023-03-11T12:31:17.788+0000] {dag.py:2690} INFO - Sync 1 DAGs
[2023-03-11T12:31:17.890+0000] {logging_mixin.py:137} INFO - [2023-03-11T12:31:17.889+0000] {dag.py:3441} INFO - Setting next_dagrun for example_dynamic_task_mapping to 2022-03-04T00:00:00+00:00, run_after=2022-03-05T00:00:00+00:00
[2023-03-11T12:31:17.954+0000] {processor.py:175} INFO - Processing /home/airflow/.local/lib/python3.7/site-packages/airflow/example_dags/example_dynamic_task_mapping.py took 0.253 seconds
[2023-03-11T12:31:48.378+0000] {processor.py:153} INFO - Started process (PID=184) to work on /home/airflow/.local/lib/python3.7/site-packages/airflow/example_dags/example_dynamic_task_mapping.py
[2023-03-11T12:31:48.379+0000] {processor.py:743} INFO - Processing file /home/airflow/.local/lib/python3.7/site-packages/airflow/example_dags/example_dynamic_task_mapping.py for tasks to queue
[2023-03-11T12:31:48.379+0000] {logging_mixin.py:137} INFO - [2023-03-11T12:31:48.379+0000] {dagbag.py:538} INFO - Filling up the DagBag from /home/airflow/.local/lib/python3.7/site-packages/airflow/example_dags/example_dynamic_task_mapping.py
[2023-03-11T12:31:48.400+0000] {processor.py:753} INFO - DAG(s) dict_keys(['example_dynamic_task_mapping']) retrieved from /home/airflow/.local/lib/python3.7/site-packages/airflow/example_dags/example_dynamic_task_mapping.py
[2023-03-11T12:31:48.424+0000] {logging_mixin.py:137} INFO - [2023-03-11T12:31:48.423+0000] {dag.py:2690} INFO - Sync 1 DAGs
[2023-03-11T12:31:48.454+0000] {logging_mixin.py:137} INFO - [2023-03-11T12:31:48.454+0000] {dag.py:3441} INFO - Setting next_dagrun for example_dynamic_task_mapping to 2022-03-04T00:00:00+00:00, run_after=2022-03-05T00:00:00+00:00
[2023-03-11T12:31:48.473+0000] {processor.py:175} INFO - Processing /home/airflow/.local/lib/python3.7/site-packages/airflow/example_dags/example_dynamic_task_mapping.py took 0.097 seconds
[2023-03-11T12:32:19.346+0000] {processor.py:153} INFO - Started process (PID=271) to work on /home/airflow/.local/lib/python3.7/site-packages/airflow/example_dags/example_dynamic_task_mapping.py
[2023-03-11T12:32:19.348+0000] {processor.py:743} INFO - Processing file /home/airflow/.local/lib/python3.7/site-packages/airflow/example_dags/example_dynamic_task_mapping.py for tasks to queue
[2023-03-11T12:32:19.348+0000] {logging_mixin.py:137} INFO - [2023-03-11T12:32:19.348+0000] {dagbag.py:538} INFO - Filling up the DagBag from /home/airflow/.local/lib/python3.7/site-packages/airflow/example_dags/example_dynamic_task_mapping.py
[2023-03-11T12:32:19.373+0000] {processor.py:753} INFO - DAG(s) dict_keys(['example_dynamic_task_mapping']) retrieved from /home/airflow/.local/lib/python3.7/site-packages/airflow/example_dags/example_dynamic_task_mapping.py
[2023-03-11T12:32:19.400+0000] {logging_mixin.py:137} INFO - [2023-03-11T12:32:19.400+0000] {dag.py:2690} INFO - Sync 1 DAGs
[2023-03-11T12:32:19.426+0000] {logging_mixin.py:137} INFO - [2023-03-11T12:32:19.426+0000] {dag.py:3441} INFO - Setting next_dagrun for example_dynamic_task_mapping to 2022-03-04T00:00:00+00:00, run_after=2022-03-05T00:00:00+00:00
[2023-03-11T12:32:19.443+0000] {processor.py:175} INFO - Processing /home/airflow/.local/lib/python3.7/site-packages/airflow/example_dags/example_dynamic_task_mapping.py took 0.100 seconds
[2023-03-11T12:32:50.352+0000] {processor.py:153} INFO - Started process (PID=382) to work on /home/airflow/.local/lib/python3.7/site-packages/airflow/example_dags/example_dynamic_task_mapping.py
[2023-03-11T12:32:50.353+0000] {processor.py:743} INFO - Processing file /home/airflow/.local/lib/python3.7/site-packages/airflow/example_dags/example_dynamic_task_mapping.py for tasks to queue
[2023-03-11T12:32:50.354+0000] {logging_mixin.py:137} INFO - [2023-03-11T12:32:50.354+0000] {dagbag.py:538} INFO - Filling up the DagBag from /home/airflow/.local/lib/python3.7/site-packages/airflow/example_dags/example_dynamic_task_mapping.py
[2023-03-11T12:32:50.380+0000] {processor.py:753} INFO - DAG(s) dict_keys(['example_dynamic_task_mapping']) retrieved from /home/airflow/.local/lib/python3.7/site-packages/airflow/example_dags/example_dynamic_task_mapping.py
[2023-03-11T12:32:50.409+0000] {logging_mixin.py:137} INFO - [2023-03-11T12:32:50.409+0000] {dag.py:2690} INFO - Sync 1 DAGs
[2023-03-11T12:32:50.439+0000] {logging_mixin.py:137} INFO - [2023-03-11T12:32:50.439+0000] {dag.py:3441} INFO - Setting next_dagrun for example_dynamic_task_mapping to 2022-03-04T00:00:00+00:00, run_after=2022-03-05T00:00:00+00:00
[2023-03-11T12:32:50.460+0000] {processor.py:175} INFO - Processing /home/airflow/.local/lib/python3.7/site-packages/airflow/example_dags/example_dynamic_task_mapping.py took 0.111 seconds
[2023-03-11T12:33:21.216+0000] {processor.py:153} INFO - Started process (PID=469) to work on /home/airflow/.local/lib/python3.7/site-packages/airflow/example_dags/example_dynamic_task_mapping.py
[2023-03-11T12:33:21.217+0000] {processor.py:743} INFO - Processing file /home/airflow/.local/lib/python3.7/site-packages/airflow/example_dags/example_dynamic_task_mapping.py for tasks to queue
[2023-03-11T12:33:21.217+0000] {logging_mixin.py:137} INFO - [2023-03-11T12:33:21.217+0000] {dagbag.py:538} INFO - Filling up the DagBag from /home/airflow/.local/lib/python3.7/site-packages/airflow/example_dags/example_dynamic_task_mapping.py
[2023-03-11T12:33:21.239+0000] {processor.py:753} INFO - DAG(s) dict_keys(['example_dynamic_task_mapping']) retrieved from /home/airflow/.local/lib/python3.7/site-packages/airflow/example_dags/example_dynamic_task_mapping.py
[2023-03-11T12:33:21.266+0000] {logging_mixin.py:137} INFO - [2023-03-11T12:33:21.266+0000] {dag.py:2690} INFO - Sync 1 DAGs
[2023-03-11T12:33:21.298+0000] {logging_mixin.py:137} INFO - [2023-03-11T12:33:21.298+0000] {dag.py:3441} INFO - Setting next_dagrun for example_dynamic_task_mapping to 2022-03-04T00:00:00+00:00, run_after=2022-03-05T00:00:00+00:00
[2023-03-11T12:33:21.321+0000] {processor.py:175} INFO - Processing /home/airflow/.local/lib/python3.7/site-packages/airflow/example_dags/example_dynamic_task_mapping.py took 0.108 seconds
[2023-03-11T12:33:52.276+0000] {processor.py:153} INFO - Started process (PID=563) to work on /home/airflow/.local/lib/python3.7/site-packages/airflow/example_dags/example_dynamic_task_mapping.py
[2023-03-11T12:33:52.277+0000] {processor.py:743} INFO - Processing file /home/airflow/.local/lib/python3.7/site-packages/airflow/example_dags/example_dynamic_task_mapping.py for tasks to queue
[2023-03-11T12:33:52.277+0000] {logging_mixin.py:137} INFO - [2023-03-11T12:33:52.277+0000] {dagbag.py:538} INFO - Filling up the DagBag from /home/airflow/.local/lib/python3.7/site-packages/airflow/example_dags/example_dynamic_task_mapping.py
[2023-03-11T12:33:52.300+0000] {processor.py:753} INFO - DAG(s) dict_keys(['example_dynamic_task_mapping']) retrieved from /home/airflow/.local/lib/python3.7/site-packages/airflow/example_dags/example_dynamic_task_mapping.py
[2023-03-11T12:33:52.330+0000] {logging_mixin.py:137} INFO - [2023-03-11T12:33:52.329+0000] {dag.py:2690} INFO - Sync 1 DAGs
[2023-03-11T12:33:52.361+0000] {logging_mixin.py:137} INFO - [2023-03-11T12:33:52.361+0000] {dag.py:3441} INFO - Setting next_dagrun for example_dynamic_task_mapping to 2022-03-04T00:00:00+00:00, run_after=2022-03-05T00:00:00+00:00
[2023-03-11T12:33:52.381+0000] {processor.py:175} INFO - Processing /home/airflow/.local/lib/python3.7/site-packages/airflow/example_dags/example_dynamic_task_mapping.py took 0.109 seconds
[2023-03-11T12:34:23.012+0000] {processor.py:153} INFO - Started process (PID=667) to work on /home/airflow/.local/lib/python3.7/site-packages/airflow/example_dags/example_dynamic_task_mapping.py
[2023-03-11T12:34:23.013+0000] {processor.py:743} INFO - Processing file /home/airflow/.local/lib/python3.7/site-packages/airflow/example_dags/example_dynamic_task_mapping.py for tasks to queue
[2023-03-11T12:34:23.015+0000] {logging_mixin.py:137} INFO - [2023-03-11T12:34:23.014+0000] {dagbag.py:538} INFO - Filling up the DagBag from /home/airflow/.local/lib/python3.7/site-packages/airflow/example_dags/example_dynamic_task_mapping.py
[2023-03-11T12:34:23.041+0000] {processor.py:753} INFO - DAG(s) dict_keys(['example_dynamic_task_mapping']) retrieved from /home/airflow/.local/lib/python3.7/site-packages/airflow/example_dags/example_dynamic_task_mapping.py
[2023-03-11T12:34:23.071+0000] {logging_mixin.py:137} INFO - [2023-03-11T12:34:23.071+0000] {dag.py:2690} INFO - Sync 1 DAGs
[2023-03-11T12:34:23.100+0000] {logging_mixin.py:137} INFO - [2023-03-11T12:34:23.100+0000] {dag.py:3441} INFO - Setting next_dagrun for example_dynamic_task_mapping to 2022-03-04T00:00:00+00:00, run_after=2022-03-05T00:00:00+00:00
[2023-03-11T12:34:23.119+0000] {processor.py:175} INFO - Processing /home/airflow/.local/lib/python3.7/site-packages/airflow/example_dags/example_dynamic_task_mapping.py took 0.111 seconds
[2023-03-11T12:34:53.433+0000] {processor.py:153} INFO - Started process (PID=754) to work on /home/airflow/.local/lib/python3.7/site-packages/airflow/example_dags/example_dynamic_task_mapping.py
[2023-03-11T12:34:53.434+0000] {processor.py:743} INFO - Processing file /home/airflow/.local/lib/python3.7/site-packages/airflow/example_dags/example_dynamic_task_mapping.py for tasks to queue
[2023-03-11T12:34:53.434+0000] {logging_mixin.py:137} INFO - [2023-03-11T12:34:53.434+0000] {dagbag.py:538} INFO - Filling up the DagBag from /home/airflow/.local/lib/python3.7/site-packages/airflow/example_dags/example_dynamic_task_mapping.py
[2023-03-11T12:34:53.459+0000] {processor.py:753} INFO - DAG(s) dict_keys(['example_dynamic_task_mapping']) retrieved from /home/airflow/.local/lib/python3.7/site-packages/airflow/example_dags/example_dynamic_task_mapping.py
[2023-03-11T12:34:53.483+0000] {logging_mixin.py:137} INFO - [2023-03-11T12:34:53.483+0000] {dag.py:2690} INFO - Sync 1 DAGs
[2023-03-11T12:34:53.508+0000] {logging_mixin.py:137} INFO - [2023-03-11T12:34:53.508+0000] {dag.py:3441} INFO - Setting next_dagrun for example_dynamic_task_mapping to 2022-03-04T00:00:00+00:00, run_after=2022-03-05T00:00:00+00:00
[2023-03-11T12:34:53.525+0000] {processor.py:175} INFO - Processing /home/airflow/.local/lib/python3.7/site-packages/airflow/example_dags/example_dynamic_task_mapping.py took 0.095 seconds
[2023-03-11T12:35:23.752+0000] {processor.py:153} INFO - Started process (PID=865) to work on /home/airflow/.local/lib/python3.7/site-packages/airflow/example_dags/example_dynamic_task_mapping.py
[2023-03-11T12:35:23.753+0000] {processor.py:743} INFO - Processing file /home/airflow/.local/lib/python3.7/site-packages/airflow/example_dags/example_dynamic_task_mapping.py for tasks to queue
[2023-03-11T12:35:23.754+0000] {logging_mixin.py:137} INFO - [2023-03-11T12:35:23.754+0000] {dagbag.py:538} INFO - Filling up the DagBag from /home/airflow/.local/lib/python3.7/site-packages/airflow/example_dags/example_dynamic_task_mapping.py
[2023-03-11T12:35:23.776+0000] {processor.py:753} INFO - DAG(s) dict_keys(['example_dynamic_task_mapping']) retrieved from /home/airflow/.local/lib/python3.7/site-packages/airflow/example_dags/example_dynamic_task_mapping.py
[2023-03-11T12:35:23.801+0000] {logging_mixin.py:137} INFO - [2023-03-11T12:35:23.801+0000] {dag.py:2690} INFO - Sync 1 DAGs
[2023-03-11T12:35:23.829+0000] {logging_mixin.py:137} INFO - [2023-03-11T12:35:23.829+0000] {dag.py:3441} INFO - Setting next_dagrun for example_dynamic_task_mapping to 2022-03-04T00:00:00+00:00, run_after=2022-03-05T00:00:00+00:00
[2023-03-11T12:35:23.848+0000] {processor.py:175} INFO - Processing /home/airflow/.local/lib/python3.7/site-packages/airflow/example_dags/example_dynamic_task_mapping.py took 0.099 seconds
[2023-03-11T12:35:54.166+0000] {processor.py:153} INFO - Started process (PID=952) to work on /home/airflow/.local/lib/python3.7/site-packages/airflow/example_dags/example_dynamic_task_mapping.py
[2023-03-11T12:35:54.166+0000] {processor.py:743} INFO - Processing file /home/airflow/.local/lib/python3.7/site-packages/airflow/example_dags/example_dynamic_task_mapping.py for tasks to queue
[2023-03-11T12:35:54.167+0000] {logging_mixin.py:137} INFO - [2023-03-11T12:35:54.167+0000] {dagbag.py:538} INFO - Filling up the DagBag from /home/airflow/.local/lib/python3.7/site-packages/airflow/example_dags/example_dynamic_task_mapping.py
[2023-03-11T12:35:54.188+0000] {processor.py:753} INFO - DAG(s) dict_keys(['example_dynamic_task_mapping']) retrieved from /home/airflow/.local/lib/python3.7/site-packages/airflow/example_dags/example_dynamic_task_mapping.py
[2023-03-11T12:35:54.212+0000] {logging_mixin.py:137} INFO - [2023-03-11T12:35:54.212+0000] {dag.py:2690} INFO - Sync 1 DAGs
[2023-03-11T12:35:54.237+0000] {logging_mixin.py:137} INFO - [2023-03-11T12:35:54.237+0000] {dag.py:3441} INFO - Setting next_dagrun for example_dynamic_task_mapping to 2022-03-04T00:00:00+00:00, run_after=2022-03-05T00:00:00+00:00
[2023-03-11T12:35:54.256+0000] {processor.py:175} INFO - Processing /home/airflow/.local/lib/python3.7/site-packages/airflow/example_dags/example_dynamic_task_mapping.py took 0.093 seconds
[2023-03-11T12:36:24.846+0000] {processor.py:153} INFO - Started process (PID=1039) to work on /home/airflow/.local/lib/python3.7/site-packages/airflow/example_dags/example_dynamic_task_mapping.py
[2023-03-11T12:36:24.847+0000] {processor.py:743} INFO - Processing file /home/airflow/.local/lib/python3.7/site-packages/airflow/example_dags/example_dynamic_task_mapping.py for tasks to queue
[2023-03-11T12:36:24.848+0000] {logging_mixin.py:137} INFO - [2023-03-11T12:36:24.848+0000] {dagbag.py:538} INFO - Filling up the DagBag from /home/airflow/.local/lib/python3.7/site-packages/airflow/example_dags/example_dynamic_task_mapping.py
[2023-03-11T12:36:24.869+0000] {processor.py:753} INFO - DAG(s) dict_keys(['example_dynamic_task_mapping']) retrieved from /home/airflow/.local/lib/python3.7/site-packages/airflow/example_dags/example_dynamic_task_mapping.py
[2023-03-11T12:36:24.897+0000] {logging_mixin.py:137} INFO - [2023-03-11T12:36:24.897+0000] {dag.py:2690} INFO - Sync 1 DAGs
[2023-03-11T12:36:24.925+0000] {logging_mixin.py:137} INFO - [2023-03-11T12:36:24.925+0000] {dag.py:3441} INFO - Setting next_dagrun for example_dynamic_task_mapping to 2022-03-04T00:00:00+00:00, run_after=2022-03-05T00:00:00+00:00
[2023-03-11T12:36:24.952+0000] {processor.py:175} INFO - Processing /home/airflow/.local/lib/python3.7/site-packages/airflow/example_dags/example_dynamic_task_mapping.py took 0.108 seconds
[2023-03-11T12:36:55.439+0000] {processor.py:153} INFO - Started process (PID=1150) to work on /home/airflow/.local/lib/python3.7/site-packages/airflow/example_dags/example_dynamic_task_mapping.py
[2023-03-11T12:36:55.440+0000] {processor.py:743} INFO - Processing file /home/airflow/.local/lib/python3.7/site-packages/airflow/example_dags/example_dynamic_task_mapping.py for tasks to queue
[2023-03-11T12:36:55.441+0000] {logging_mixin.py:137} INFO - [2023-03-11T12:36:55.441+0000] {dagbag.py:538} INFO - Filling up the DagBag from /home/airflow/.local/lib/python3.7/site-packages/airflow/example_dags/example_dynamic_task_mapping.py
[2023-03-11T12:36:55.465+0000] {processor.py:753} INFO - DAG(s) dict_keys(['example_dynamic_task_mapping']) retrieved from /home/airflow/.local/lib/python3.7/site-packages/airflow/example_dags/example_dynamic_task_mapping.py
[2023-03-11T12:36:55.494+0000] {logging_mixin.py:137} INFO - [2023-03-11T12:36:55.494+0000] {dag.py:2690} INFO - Sync 1 DAGs
[2023-03-11T12:36:55.524+0000] {logging_mixin.py:137} INFO - [2023-03-11T12:36:55.524+0000] {dag.py:3441} INFO - Setting next_dagrun for example_dynamic_task_mapping to 2022-03-04T00:00:00+00:00, run_after=2022-03-05T00:00:00+00:00
[2023-03-11T12:36:55.544+0000] {processor.py:175} INFO - Processing /home/airflow/.local/lib/python3.7/site-packages/airflow/example_dags/example_dynamic_task_mapping.py took 0.108 seconds
[2023-03-11T12:37:25.969+0000] {processor.py:153} INFO - Started process (PID=1237) to work on /home/airflow/.local/lib/python3.7/site-packages/airflow/example_dags/example_dynamic_task_mapping.py
[2023-03-11T12:37:25.970+0000] {processor.py:743} INFO - Processing file /home/airflow/.local/lib/python3.7/site-packages/airflow/example_dags/example_dynamic_task_mapping.py for tasks to queue
[2023-03-11T12:37:25.971+0000] {logging_mixin.py:137} INFO - [2023-03-11T12:37:25.971+0000] {dagbag.py:538} INFO - Filling up the DagBag from /home/airflow/.local/lib/python3.7/site-packages/airflow/example_dags/example_dynamic_task_mapping.py
[2023-03-11T12:37:25.998+0000] {processor.py:753} INFO - DAG(s) dict_keys(['example_dynamic_task_mapping']) retrieved from /home/airflow/.local/lib/python3.7/site-packages/airflow/example_dags/example_dynamic_task_mapping.py
[2023-03-11T12:37:26.031+0000] {logging_mixin.py:137} INFO - [2023-03-11T12:37:26.030+0000] {dag.py:2690} INFO - Sync 1 DAGs
[2023-03-11T12:37:26.068+0000] {logging_mixin.py:137} INFO - [2023-03-11T12:37:26.068+0000] {dag.py:3441} INFO - Setting next_dagrun for example_dynamic_task_mapping to 2022-03-04T00:00:00+00:00, run_after=2022-03-05T00:00:00+00:00
[2023-03-11T12:37:26.088+0000] {processor.py:175} INFO - Processing /home/airflow/.local/lib/python3.7/site-packages/airflow/example_dags/example_dynamic_task_mapping.py took 0.121 seconds
[2023-03-11T12:37:56.986+0000] {processor.py:153} INFO - Started process (PID=1333) to work on /home/airflow/.local/lib/python3.7/site-packages/airflow/example_dags/example_dynamic_task_mapping.py
[2023-03-11T12:37:56.987+0000] {processor.py:743} INFO - Processing file /home/airflow/.local/lib/python3.7/site-packages/airflow/example_dags/example_dynamic_task_mapping.py for tasks to queue
[2023-03-11T12:37:56.988+0000] {logging_mixin.py:137} INFO - [2023-03-11T12:37:56.987+0000] {dagbag.py:538} INFO - Filling up the DagBag from /home/airflow/.local/lib/python3.7/site-packages/airflow/example_dags/example_dynamic_task_mapping.py
[2023-03-11T12:37:57.011+0000] {processor.py:753} INFO - DAG(s) dict_keys(['example_dynamic_task_mapping']) retrieved from /home/airflow/.local/lib/python3.7/site-packages/airflow/example_dags/example_dynamic_task_mapping.py
[2023-03-11T12:37:57.037+0000] {logging_mixin.py:137} INFO - [2023-03-11T12:37:57.036+0000] {dag.py:2690} INFO - Sync 1 DAGs
[2023-03-11T12:37:57.067+0000] {logging_mixin.py:137} INFO - [2023-03-11T12:37:57.066+0000] {dag.py:3441} INFO - Setting next_dagrun for example_dynamic_task_mapping to 2022-03-04T00:00:00+00:00, run_after=2022-03-05T00:00:00+00:00
[2023-03-11T12:37:57.088+0000] {processor.py:175} INFO - Processing /home/airflow/.local/lib/python3.7/site-packages/airflow/example_dags/example_dynamic_task_mapping.py took 0.105 seconds
[2023-03-11T12:38:27.362+0000] {processor.py:153} INFO - Started process (PID=1434) to work on /home/airflow/.local/lib/python3.7/site-packages/airflow/example_dags/example_dynamic_task_mapping.py
[2023-03-11T12:38:27.364+0000] {processor.py:743} INFO - Processing file /home/airflow/.local/lib/python3.7/site-packages/airflow/example_dags/example_dynamic_task_mapping.py for tasks to queue
[2023-03-11T12:38:27.364+0000] {logging_mixin.py:137} INFO - [2023-03-11T12:38:27.364+0000] {dagbag.py:538} INFO - Filling up the DagBag from /home/airflow/.local/lib/python3.7/site-packages/airflow/example_dags/example_dynamic_task_mapping.py
[2023-03-11T12:38:27.386+0000] {processor.py:753} INFO - DAG(s) dict_keys(['example_dynamic_task_mapping']) retrieved from /home/airflow/.local/lib/python3.7/site-packages/airflow/example_dags/example_dynamic_task_mapping.py
[2023-03-11T12:38:27.410+0000] {logging_mixin.py:137} INFO - [2023-03-11T12:38:27.410+0000] {dag.py:2690} INFO - Sync 1 DAGs
[2023-03-11T12:38:27.437+0000] {logging_mixin.py:137} INFO - [2023-03-11T12:38:27.436+0000] {dag.py:3441} INFO - Setting next_dagrun for example_dynamic_task_mapping to 2022-03-04T00:00:00+00:00, run_after=2022-03-05T00:00:00+00:00
[2023-03-11T12:38:27.455+0000] {processor.py:175} INFO - Processing /home/airflow/.local/lib/python3.7/site-packages/airflow/example_dags/example_dynamic_task_mapping.py took 0.095 seconds
[2023-03-11T12:38:58.515+0000] {processor.py:153} INFO - Started process (PID=1521) to work on /home/airflow/.local/lib/python3.7/site-packages/airflow/example_dags/example_dynamic_task_mapping.py
[2023-03-11T12:38:58.517+0000] {processor.py:743} INFO - Processing file /home/airflow/.local/lib/python3.7/site-packages/airflow/example_dags/example_dynamic_task_mapping.py for tasks to queue
[2023-03-11T12:38:58.518+0000] {logging_mixin.py:137} INFO - [2023-03-11T12:38:58.517+0000] {dagbag.py:538} INFO - Filling up the DagBag from /home/airflow/.local/lib/python3.7/site-packages/airflow/example_dags/example_dynamic_task_mapping.py
[2023-03-11T12:38:58.549+0000] {processor.py:753} INFO - DAG(s) dict_keys(['example_dynamic_task_mapping']) retrieved from /home/airflow/.local/lib/python3.7/site-packages/airflow/example_dags/example_dynamic_task_mapping.py
[2023-03-11T12:38:58.590+0000] {logging_mixin.py:137} INFO - [2023-03-11T12:38:58.590+0000] {dag.py:2690} INFO - Sync 1 DAGs
[2023-03-11T12:38:58.625+0000] {logging_mixin.py:137} INFO - [2023-03-11T12:38:58.625+0000] {dag.py:3441} INFO - Setting next_dagrun for example_dynamic_task_mapping to 2022-03-04T00:00:00+00:00, run_after=2022-03-05T00:00:00+00:00
[2023-03-11T12:38:58.665+0000] {processor.py:175} INFO - Processing /home/airflow/.local/lib/python3.7/site-packages/airflow/example_dags/example_dynamic_task_mapping.py took 0.154 seconds
[2023-03-11T12:39:28.873+0000] {processor.py:153} INFO - Started process (PID=1632) to work on /home/airflow/.local/lib/python3.7/site-packages/airflow/example_dags/example_dynamic_task_mapping.py
[2023-03-11T12:39:28.875+0000] {processor.py:743} INFO - Processing file /home/airflow/.local/lib/python3.7/site-packages/airflow/example_dags/example_dynamic_task_mapping.py for tasks to queue
[2023-03-11T12:39:28.875+0000] {logging_mixin.py:137} INFO - [2023-03-11T12:39:28.875+0000] {dagbag.py:538} INFO - Filling up the DagBag from /home/airflow/.local/lib/python3.7/site-packages/airflow/example_dags/example_dynamic_task_mapping.py
[2023-03-11T12:39:28.900+0000] {processor.py:753} INFO - DAG(s) dict_keys(['example_dynamic_task_mapping']) retrieved from /home/airflow/.local/lib/python3.7/site-packages/airflow/example_dags/example_dynamic_task_mapping.py
[2023-03-11T12:39:28.927+0000] {logging_mixin.py:137} INFO - [2023-03-11T12:39:28.926+0000] {dag.py:2690} INFO - Sync 1 DAGs
[2023-03-11T12:39:28.956+0000] {logging_mixin.py:137} INFO - [2023-03-11T12:39:28.956+0000] {dag.py:3441} INFO - Setting next_dagrun for example_dynamic_task_mapping to 2022-03-04T00:00:00+00:00, run_after=2022-03-05T00:00:00+00:00
[2023-03-11T12:39:28.980+0000] {processor.py:175} INFO - Processing /home/airflow/.local/lib/python3.7/site-packages/airflow/example_dags/example_dynamic_task_mapping.py took 0.109 seconds
[2023-03-11T12:39:59.134+0000] {processor.py:153} INFO - Started process (PID=1719) to work on /home/airflow/.local/lib/python3.7/site-packages/airflow/example_dags/example_dynamic_task_mapping.py
[2023-03-11T12:39:59.135+0000] {processor.py:743} INFO - Processing file /home/airflow/.local/lib/python3.7/site-packages/airflow/example_dags/example_dynamic_task_mapping.py for tasks to queue
[2023-03-11T12:39:59.135+0000] {logging_mixin.py:137} INFO - [2023-03-11T12:39:59.135+0000] {dagbag.py:538} INFO - Filling up the DagBag from /home/airflow/.local/lib/python3.7/site-packages/airflow/example_dags/example_dynamic_task_mapping.py
[2023-03-11T12:39:59.157+0000] {processor.py:753} INFO - DAG(s) dict_keys(['example_dynamic_task_mapping']) retrieved from /home/airflow/.local/lib/python3.7/site-packages/airflow/example_dags/example_dynamic_task_mapping.py
[2023-03-11T12:39:59.183+0000] {logging_mixin.py:137} INFO - [2023-03-11T12:39:59.182+0000] {dag.py:2690} INFO - Sync 1 DAGs
[2023-03-11T12:39:59.208+0000] {logging_mixin.py:137} INFO - [2023-03-11T12:39:59.208+0000] {dag.py:3441} INFO - Setting next_dagrun for example_dynamic_task_mapping to 2022-03-04T00:00:00+00:00, run_after=2022-03-05T00:00:00+00:00
[2023-03-11T12:39:59.225+0000] {processor.py:175} INFO - Processing /home/airflow/.local/lib/python3.7/site-packages/airflow/example_dags/example_dynamic_task_mapping.py took 0.093 seconds
[2023-03-11T12:40:30.118+0000] {processor.py:153} INFO - Started process (PID=1806) to work on /home/airflow/.local/lib/python3.7/site-packages/airflow/example_dags/example_dynamic_task_mapping.py
[2023-03-11T12:40:30.119+0000] {processor.py:743} INFO - Processing file /home/airflow/.local/lib/python3.7/site-packages/airflow/example_dags/example_dynamic_task_mapping.py for tasks to queue
[2023-03-11T12:40:30.120+0000] {logging_mixin.py:137} INFO - [2023-03-11T12:40:30.120+0000] {dagbag.py:538} INFO - Filling up the DagBag from /home/airflow/.local/lib/python3.7/site-packages/airflow/example_dags/example_dynamic_task_mapping.py
[2023-03-11T12:40:30.145+0000] {processor.py:753} INFO - DAG(s) dict_keys(['example_dynamic_task_mapping']) retrieved from /home/airflow/.local/lib/python3.7/site-packages/airflow/example_dags/example_dynamic_task_mapping.py
[2023-03-11T12:40:30.172+0000] {logging_mixin.py:137} INFO - [2023-03-11T12:40:30.172+0000] {dag.py:2690} INFO - Sync 1 DAGs
[2023-03-11T12:40:30.199+0000] {logging_mixin.py:137} INFO - [2023-03-11T12:40:30.199+0000] {dag.py:3441} INFO - Setting next_dagrun for example_dynamic_task_mapping to 2022-03-04T00:00:00+00:00, run_after=2022-03-05T00:00:00+00:00
[2023-03-11T12:40:30.220+0000] {processor.py:175} INFO - Processing /home/airflow/.local/lib/python3.7/site-packages/airflow/example_dags/example_dynamic_task_mapping.py took 0.105 seconds
[2023-03-11T12:41:01.122+0000] {processor.py:153} INFO - Started process (PID=1917) to work on /home/airflow/.local/lib/python3.7/site-packages/airflow/example_dags/example_dynamic_task_mapping.py
[2023-03-11T12:41:01.122+0000] {processor.py:743} INFO - Processing file /home/airflow/.local/lib/python3.7/site-packages/airflow/example_dags/example_dynamic_task_mapping.py for tasks to queue
[2023-03-11T12:41:01.123+0000] {logging_mixin.py:137} INFO - [2023-03-11T12:41:01.123+0000] {dagbag.py:538} INFO - Filling up the DagBag from /home/airflow/.local/lib/python3.7/site-packages/airflow/example_dags/example_dynamic_task_mapping.py
[2023-03-11T12:41:01.148+0000] {processor.py:753} INFO - DAG(s) dict_keys(['example_dynamic_task_mapping']) retrieved from /home/airflow/.local/lib/python3.7/site-packages/airflow/example_dags/example_dynamic_task_mapping.py
[2023-03-11T12:41:01.172+0000] {logging_mixin.py:137} INFO - [2023-03-11T12:41:01.172+0000] {dag.py:2690} INFO - Sync 1 DAGs
[2023-03-11T12:41:01.200+0000] {logging_mixin.py:137} INFO - [2023-03-11T12:41:01.200+0000] {dag.py:3441} INFO - Setting next_dagrun for example_dynamic_task_mapping to 2022-03-04T00:00:00+00:00, run_after=2022-03-05T00:00:00+00:00
[2023-03-11T12:41:01.224+0000] {processor.py:175} INFO - Processing /home/airflow/.local/lib/python3.7/site-packages/airflow/example_dags/example_dynamic_task_mapping.py took 0.105 seconds
[2023-03-11T12:41:31.784+0000] {processor.py:153} INFO - Started process (PID=2004) to work on /home/airflow/.local/lib/python3.7/site-packages/airflow/example_dags/example_dynamic_task_mapping.py
[2023-03-11T12:41:31.785+0000] {processor.py:743} INFO - Processing file /home/airflow/.local/lib/python3.7/site-packages/airflow/example_dags/example_dynamic_task_mapping.py for tasks to queue
[2023-03-11T12:41:31.786+0000] {logging_mixin.py:137} INFO - [2023-03-11T12:41:31.785+0000] {dagbag.py:538} INFO - Filling up the DagBag from /home/airflow/.local/lib/python3.7/site-packages/airflow/example_dags/example_dynamic_task_mapping.py
[2023-03-11T12:41:31.815+0000] {processor.py:753} INFO - DAG(s) dict_keys(['example_dynamic_task_mapping']) retrieved from /home/airflow/.local/lib/python3.7/site-packages/airflow/example_dags/example_dynamic_task_mapping.py
[2023-03-11T12:41:31.877+0000] {logging_mixin.py:137} INFO - [2023-03-11T12:41:31.876+0000] {dag.py:2690} INFO - Sync 1 DAGs
[2023-03-11T12:41:31.904+0000] {logging_mixin.py:137} INFO - [2023-03-11T12:41:31.904+0000] {dag.py:3441} INFO - Setting next_dagrun for example_dynamic_task_mapping to 2022-03-04T00:00:00+00:00, run_after=2022-03-05T00:00:00+00:00
[2023-03-11T12:41:31.923+0000] {processor.py:175} INFO - Processing /home/airflow/.local/lib/python3.7/site-packages/airflow/example_dags/example_dynamic_task_mapping.py took 0.142 seconds
[2023-03-11T12:42:02.477+0000] {processor.py:153} INFO - Started process (PID=2100) to work on /home/airflow/.local/lib/python3.7/site-packages/airflow/example_dags/example_dynamic_task_mapping.py
[2023-03-11T12:42:02.478+0000] {processor.py:743} INFO - Processing file /home/airflow/.local/lib/python3.7/site-packages/airflow/example_dags/example_dynamic_task_mapping.py for tasks to queue
[2023-03-11T12:42:02.479+0000] {logging_mixin.py:137} INFO - [2023-03-11T12:42:02.479+0000] {dagbag.py:538} INFO - Filling up the DagBag from /home/airflow/.local/lib/python3.7/site-packages/airflow/example_dags/example_dynamic_task_mapping.py
[2023-03-11T12:42:02.501+0000] {processor.py:753} INFO - DAG(s) dict_keys(['example_dynamic_task_mapping']) retrieved from /home/airflow/.local/lib/python3.7/site-packages/airflow/example_dags/example_dynamic_task_mapping.py
[2023-03-11T12:42:02.525+0000] {logging_mixin.py:137} INFO - [2023-03-11T12:42:02.525+0000] {dag.py:2690} INFO - Sync 1 DAGs
[2023-03-11T12:42:02.556+0000] {logging_mixin.py:137} INFO - [2023-03-11T12:42:02.556+0000] {dag.py:3441} INFO - Setting next_dagrun for example_dynamic_task_mapping to 2022-03-04T00:00:00+00:00, run_after=2022-03-05T00:00:00+00:00
[2023-03-11T12:42:02.580+0000] {processor.py:175} INFO - Processing /home/airflow/.local/lib/python3.7/site-packages/airflow/example_dags/example_dynamic_task_mapping.py took 0.106 seconds
[2023-03-11T12:42:33.181+0000] {processor.py:153} INFO - Started process (PID=2202) to work on /home/airflow/.local/lib/python3.7/site-packages/airflow/example_dags/example_dynamic_task_mapping.py
[2023-03-11T12:42:33.182+0000] {processor.py:743} INFO - Processing file /home/airflow/.local/lib/python3.7/site-packages/airflow/example_dags/example_dynamic_task_mapping.py for tasks to queue
[2023-03-11T12:42:33.182+0000] {logging_mixin.py:137} INFO - [2023-03-11T12:42:33.182+0000] {dagbag.py:538} INFO - Filling up the DagBag from /home/airflow/.local/lib/python3.7/site-packages/airflow/example_dags/example_dynamic_task_mapping.py
[2023-03-11T12:42:33.204+0000] {processor.py:753} INFO - DAG(s) dict_keys(['example_dynamic_task_mapping']) retrieved from /home/airflow/.local/lib/python3.7/site-packages/airflow/example_dags/example_dynamic_task_mapping.py
[2023-03-11T12:42:33.232+0000] {logging_mixin.py:137} INFO - [2023-03-11T12:42:33.232+0000] {dag.py:2690} INFO - Sync 1 DAGs
[2023-03-11T12:42:33.260+0000] {logging_mixin.py:137} INFO - [2023-03-11T12:42:33.260+0000] {dag.py:3441} INFO - Setting next_dagrun for example_dynamic_task_mapping to 2022-03-04T00:00:00+00:00, run_after=2022-03-05T00:00:00+00:00
[2023-03-11T12:42:33.278+0000] {processor.py:175} INFO - Processing /home/airflow/.local/lib/python3.7/site-packages/airflow/example_dags/example_dynamic_task_mapping.py took 0.100 seconds
[2023-03-11T12:43:03.854+0000] {processor.py:153} INFO - Started process (PID=2289) to work on /home/airflow/.local/lib/python3.7/site-packages/airflow/example_dags/example_dynamic_task_mapping.py
[2023-03-11T12:43:03.854+0000] {processor.py:743} INFO - Processing file /home/airflow/.local/lib/python3.7/site-packages/airflow/example_dags/example_dynamic_task_mapping.py for tasks to queue
[2023-03-11T12:43:03.855+0000] {logging_mixin.py:137} INFO - [2023-03-11T12:43:03.855+0000] {dagbag.py:538} INFO - Filling up the DagBag from /home/airflow/.local/lib/python3.7/site-packages/airflow/example_dags/example_dynamic_task_mapping.py
[2023-03-11T12:43:03.877+0000] {processor.py:753} INFO - DAG(s) dict_keys(['example_dynamic_task_mapping']) retrieved from /home/airflow/.local/lib/python3.7/site-packages/airflow/example_dags/example_dynamic_task_mapping.py
[2023-03-11T12:43:03.904+0000] {logging_mixin.py:137} INFO - [2023-03-11T12:43:03.904+0000] {dag.py:2690} INFO - Sync 1 DAGs
[2023-03-11T12:43:03.931+0000] {logging_mixin.py:137} INFO - [2023-03-11T12:43:03.930+0000] {dag.py:3441} INFO - Setting next_dagrun for example_dynamic_task_mapping to 2022-03-04T00:00:00+00:00, run_after=2022-03-05T00:00:00+00:00
[2023-03-11T12:43:03.949+0000] {processor.py:175} INFO - Processing /home/airflow/.local/lib/python3.7/site-packages/airflow/example_dags/example_dynamic_task_mapping.py took 0.098 seconds
[2023-03-11T12:43:34.518+0000] {processor.py:153} INFO - Started process (PID=2400) to work on /home/airflow/.local/lib/python3.7/site-packages/airflow/example_dags/example_dynamic_task_mapping.py
[2023-03-11T12:43:34.519+0000] {processor.py:743} INFO - Processing file /home/airflow/.local/lib/python3.7/site-packages/airflow/example_dags/example_dynamic_task_mapping.py for tasks to queue
[2023-03-11T12:43:34.519+0000] {logging_mixin.py:137} INFO - [2023-03-11T12:43:34.519+0000] {dagbag.py:538} INFO - Filling up the DagBag from /home/airflow/.local/lib/python3.7/site-packages/airflow/example_dags/example_dynamic_task_mapping.py
[2023-03-11T12:43:34.541+0000] {processor.py:753} INFO - DAG(s) dict_keys(['example_dynamic_task_mapping']) retrieved from /home/airflow/.local/lib/python3.7/site-packages/airflow/example_dags/example_dynamic_task_mapping.py
[2023-03-11T12:43:34.564+0000] {logging_mixin.py:137} INFO - [2023-03-11T12:43:34.564+0000] {dag.py:2690} INFO - Sync 1 DAGs
[2023-03-11T12:43:34.589+0000] {logging_mixin.py:137} INFO - [2023-03-11T12:43:34.589+0000] {dag.py:3441} INFO - Setting next_dagrun for example_dynamic_task_mapping to 2022-03-04T00:00:00+00:00, run_after=2022-03-05T00:00:00+00:00
[2023-03-11T12:43:34.607+0000] {processor.py:175} INFO - Processing /home/airflow/.local/lib/python3.7/site-packages/airflow/example_dags/example_dynamic_task_mapping.py took 0.092 seconds
[2023-03-11T12:44:04.980+0000] {processor.py:153} INFO - Started process (PID=2487) to work on /home/airflow/.local/lib/python3.7/site-packages/airflow/example_dags/example_dynamic_task_mapping.py
[2023-03-11T12:44:04.981+0000] {processor.py:743} INFO - Processing file /home/airflow/.local/lib/python3.7/site-packages/airflow/example_dags/example_dynamic_task_mapping.py for tasks to queue
[2023-03-11T12:44:04.982+0000] {logging_mixin.py:137} INFO - [2023-03-11T12:44:04.981+0000] {dagbag.py:538} INFO - Filling up the DagBag from /home/airflow/.local/lib/python3.7/site-packages/airflow/example_dags/example_dynamic_task_mapping.py
[2023-03-11T12:44:05.005+0000] {processor.py:753} INFO - DAG(s) dict_keys(['example_dynamic_task_mapping']) retrieved from /home/airflow/.local/lib/python3.7/site-packages/airflow/example_dags/example_dynamic_task_mapping.py
[2023-03-11T12:44:05.031+0000] {logging_mixin.py:137} INFO - [2023-03-11T12:44:05.030+0000] {dag.py:2690} INFO - Sync 1 DAGs
[2023-03-11T12:44:05.060+0000] {logging_mixin.py:137} INFO - [2023-03-11T12:44:05.059+0000] {dag.py:3441} INFO - Setting next_dagrun for example_dynamic_task_mapping to 2022-03-04T00:00:00+00:00, run_after=2022-03-05T00:00:00+00:00
[2023-03-11T12:44:05.081+0000] {processor.py:175} INFO - Processing /home/airflow/.local/lib/python3.7/site-packages/airflow/example_dags/example_dynamic_task_mapping.py took 0.105 seconds
[2023-03-11T12:44:35.657+0000] {processor.py:153} INFO - Started process (PID=2598) to work on /home/airflow/.local/lib/python3.7/site-packages/airflow/example_dags/example_dynamic_task_mapping.py
[2023-03-11T12:44:35.658+0000] {processor.py:743} INFO - Processing file /home/airflow/.local/lib/python3.7/site-packages/airflow/example_dags/example_dynamic_task_mapping.py for tasks to queue
[2023-03-11T12:44:35.659+0000] {logging_mixin.py:137} INFO - [2023-03-11T12:44:35.659+0000] {dagbag.py:538} INFO - Filling up the DagBag from /home/airflow/.local/lib/python3.7/site-packages/airflow/example_dags/example_dynamic_task_mapping.py
[2023-03-11T12:44:35.685+0000] {processor.py:753} INFO - DAG(s) dict_keys(['example_dynamic_task_mapping']) retrieved from /home/airflow/.local/lib/python3.7/site-packages/airflow/example_dags/example_dynamic_task_mapping.py
[2023-03-11T12:44:35.758+0000] {logging_mixin.py:137} INFO - [2023-03-11T12:44:35.757+0000] {dag.py:2690} INFO - Sync 1 DAGs
[2023-03-11T12:44:35.786+0000] {logging_mixin.py:137} INFO - [2023-03-11T12:44:35.786+0000] {dag.py:3441} INFO - Setting next_dagrun for example_dynamic_task_mapping to 2022-03-04T00:00:00+00:00, run_after=2022-03-05T00:00:00+00:00
[2023-03-11T12:44:35.804+0000] {processor.py:175} INFO - Processing /home/airflow/.local/lib/python3.7/site-packages/airflow/example_dags/example_dynamic_task_mapping.py took 0.151 seconds
[2023-03-11T12:45:06.751+0000] {processor.py:153} INFO - Started process (PID=2685) to work on /home/airflow/.local/lib/python3.7/site-packages/airflow/example_dags/example_dynamic_task_mapping.py
[2023-03-11T12:45:06.752+0000] {processor.py:743} INFO - Processing file /home/airflow/.local/lib/python3.7/site-packages/airflow/example_dags/example_dynamic_task_mapping.py for tasks to queue
[2023-03-11T12:45:06.752+0000] {logging_mixin.py:137} INFO - [2023-03-11T12:45:06.752+0000] {dagbag.py:538} INFO - Filling up the DagBag from /home/airflow/.local/lib/python3.7/site-packages/airflow/example_dags/example_dynamic_task_mapping.py
[2023-03-11T12:45:06.774+0000] {processor.py:753} INFO - DAG(s) dict_keys(['example_dynamic_task_mapping']) retrieved from /home/airflow/.local/lib/python3.7/site-packages/airflow/example_dags/example_dynamic_task_mapping.py
[2023-03-11T12:45:06.809+0000] {logging_mixin.py:137} INFO - [2023-03-11T12:45:06.809+0000] {dag.py:2690} INFO - Sync 1 DAGs
[2023-03-11T12:45:06.851+0000] {logging_mixin.py:137} INFO - [2023-03-11T12:45:06.851+0000] {dag.py:3441} INFO - Setting next_dagrun for example_dynamic_task_mapping to 2022-03-04T00:00:00+00:00, run_after=2022-03-05T00:00:00+00:00
[2023-03-11T12:45:06.881+0000] {processor.py:175} INFO - Processing /home/airflow/.local/lib/python3.7/site-packages/airflow/example_dags/example_dynamic_task_mapping.py took 0.135 seconds
[2023-03-11T12:45:37.170+0000] {processor.py:153} INFO - Started process (PID=2772) to work on /home/airflow/.local/lib/python3.7/site-packages/airflow/example_dags/example_dynamic_task_mapping.py
[2023-03-11T12:45:37.171+0000] {processor.py:743} INFO - Processing file /home/airflow/.local/lib/python3.7/site-packages/airflow/example_dags/example_dynamic_task_mapping.py for tasks to queue
[2023-03-11T12:45:37.172+0000] {logging_mixin.py:137} INFO - [2023-03-11T12:45:37.172+0000] {dagbag.py:538} INFO - Filling up the DagBag from /home/airflow/.local/lib/python3.7/site-packages/airflow/example_dags/example_dynamic_task_mapping.py
[2023-03-11T12:45:37.201+0000] {processor.py:753} INFO - DAG(s) dict_keys(['example_dynamic_task_mapping']) retrieved from /home/airflow/.local/lib/python3.7/site-packages/airflow/example_dags/example_dynamic_task_mapping.py
[2023-03-11T12:45:37.242+0000] {logging_mixin.py:137} INFO - [2023-03-11T12:45:37.242+0000] {dag.py:2690} INFO - Sync 1 DAGs
[2023-03-11T12:45:37.281+0000] {logging_mixin.py:137} INFO - [2023-03-11T12:45:37.280+0000] {dag.py:3441} INFO - Setting next_dagrun for example_dynamic_task_mapping to 2022-03-04T00:00:00+00:00, run_after=2022-03-05T00:00:00+00:00
[2023-03-11T12:45:37.319+0000] {processor.py:175} INFO - Processing /home/airflow/.local/lib/python3.7/site-packages/airflow/example_dags/example_dynamic_task_mapping.py took 0.153 seconds
[2023-03-11T12:46:07.590+0000] {processor.py:153} INFO - Started process (PID=2883) to work on /home/airflow/.local/lib/python3.7/site-packages/airflow/example_dags/example_dynamic_task_mapping.py
[2023-03-11T12:46:07.590+0000] {processor.py:743} INFO - Processing file /home/airflow/.local/lib/python3.7/site-packages/airflow/example_dags/example_dynamic_task_mapping.py for tasks to queue
[2023-03-11T12:46:07.591+0000] {logging_mixin.py:137} INFO - [2023-03-11T12:46:07.591+0000] {dagbag.py:538} INFO - Filling up the DagBag from /home/airflow/.local/lib/python3.7/site-packages/airflow/example_dags/example_dynamic_task_mapping.py
[2023-03-11T12:46:07.612+0000] {processor.py:753} INFO - DAG(s) dict_keys(['example_dynamic_task_mapping']) retrieved from /home/airflow/.local/lib/python3.7/site-packages/airflow/example_dags/example_dynamic_task_mapping.py
[2023-03-11T12:46:07.645+0000] {logging_mixin.py:137} INFO - [2023-03-11T12:46:07.644+0000] {dag.py:2690} INFO - Sync 1 DAGs
[2023-03-11T12:46:07.671+0000] {logging_mixin.py:137} INFO - [2023-03-11T12:46:07.671+0000] {dag.py:3441} INFO - Setting next_dagrun for example_dynamic_task_mapping to 2022-03-04T00:00:00+00:00, run_after=2022-03-05T00:00:00+00:00
[2023-03-11T12:46:07.689+0000] {processor.py:175} INFO - Processing /home/airflow/.local/lib/python3.7/site-packages/airflow/example_dags/example_dynamic_task_mapping.py took 0.102 seconds
[2023-03-11T12:46:38.425+0000] {processor.py:153} INFO - Started process (PID=2970) to work on /home/airflow/.local/lib/python3.7/site-packages/airflow/example_dags/example_dynamic_task_mapping.py
[2023-03-11T12:46:38.426+0000] {processor.py:743} INFO - Processing file /home/airflow/.local/lib/python3.7/site-packages/airflow/example_dags/example_dynamic_task_mapping.py for tasks to queue
[2023-03-11T12:46:38.427+0000] {logging_mixin.py:137} INFO - [2023-03-11T12:46:38.427+0000] {dagbag.py:538} INFO - Filling up the DagBag from /home/airflow/.local/lib/python3.7/site-packages/airflow/example_dags/example_dynamic_task_mapping.py
[2023-03-11T12:46:38.450+0000] {processor.py:753} INFO - DAG(s) dict_keys(['example_dynamic_task_mapping']) retrieved from /home/airflow/.local/lib/python3.7/site-packages/airflow/example_dags/example_dynamic_task_mapping.py
[2023-03-11T12:46:38.477+0000] {logging_mixin.py:137} INFO - [2023-03-11T12:46:38.476+0000] {dag.py:2690} INFO - Sync 1 DAGs
[2023-03-11T12:46:38.503+0000] {logging_mixin.py:137} INFO - [2023-03-11T12:46:38.502+0000] {dag.py:3441} INFO - Setting next_dagrun for example_dynamic_task_mapping to 2022-03-04T00:00:00+00:00, run_after=2022-03-05T00:00:00+00:00
[2023-03-11T12:46:38.521+0000] {processor.py:175} INFO - Processing /home/airflow/.local/lib/python3.7/site-packages/airflow/example_dags/example_dynamic_task_mapping.py took 0.098 seconds
