[2023-03-11T12:31:17.414+0000] {processor.py:153} INFO - Started process (PID=81) to work on /home/airflow/.local/lib/python3.7/site-packages/airflow/example_dags/example_datasets.py
[2023-03-11T12:31:17.416+0000] {processor.py:743} INFO - Processing file /home/airflow/.local/lib/python3.7/site-packages/airflow/example_dags/example_datasets.py for tasks to queue
[2023-03-11T12:31:17.417+0000] {logging_mixin.py:137} INFO - [2023-03-11T12:31:17.417+0000] {dagbag.py:538} INFO - Filling up the DagBag from /home/airflow/.local/lib/python3.7/site-packages/airflow/example_dags/example_datasets.py
[2023-03-11T12:31:17.479+0000] {processor.py:753} INFO - DAG(s) dict_keys(['dataset_produces_1', 'dataset_consumes_unknown_never_scheduled', 'dataset_produces_2', 'dataset_consumes_1_and_2', 'dataset_consumes_1', 'dataset_consumes_1_never_scheduled']) retrieved from /home/airflow/.local/lib/python3.7/site-packages/airflow/example_dags/example_datasets.py
[2023-03-11T12:31:17.656+0000] {logging_mixin.py:137} INFO - [2023-03-11T12:31:17.656+0000] {dag.py:2690} INFO - Sync 6 DAGs
[2023-03-11T12:31:17.717+0000] {logging_mixin.py:137} INFO - [2023-03-11T12:31:17.716+0000] {dag.py:3441} INFO - Setting next_dagrun for dataset_consumes_1 to None, run_after=None
[2023-03-11T12:31:17.724+0000] {logging_mixin.py:137} INFO - [2023-03-11T12:31:17.724+0000] {dag.py:3441} INFO - Setting next_dagrun for dataset_consumes_1_and_2 to None, run_after=None
[2023-03-11T12:31:17.754+0000] {logging_mixin.py:137} INFO - [2023-03-11T12:31:17.753+0000] {dag.py:3441} INFO - Setting next_dagrun for dataset_consumes_1_never_scheduled to None, run_after=None
[2023-03-11T12:31:17.759+0000] {logging_mixin.py:137} INFO - [2023-03-11T12:31:17.759+0000] {dag.py:3441} INFO - Setting next_dagrun for dataset_consumes_unknown_never_scheduled to None, run_after=None
[2023-03-11T12:31:17.766+0000] {logging_mixin.py:137} INFO - [2023-03-11T12:31:17.765+0000] {dag.py:3441} INFO - Setting next_dagrun for dataset_produces_1 to 2023-03-10T00:00:00+00:00, run_after=2023-03-11T00:00:00+00:00
[2023-03-11T12:31:17.769+0000] {logging_mixin.py:137} INFO - [2023-03-11T12:31:17.769+0000] {dag.py:3441} INFO - Setting next_dagrun for dataset_produces_2 to None, run_after=None
[2023-03-11T12:31:17.905+0000] {processor.py:175} INFO - Processing /home/airflow/.local/lib/python3.7/site-packages/airflow/example_dags/example_datasets.py took 0.497 seconds
[2023-03-11T12:31:48.261+0000] {processor.py:153} INFO - Started process (PID=183) to work on /home/airflow/.local/lib/python3.7/site-packages/airflow/example_dags/example_datasets.py
[2023-03-11T12:31:48.262+0000] {processor.py:743} INFO - Processing file /home/airflow/.local/lib/python3.7/site-packages/airflow/example_dags/example_datasets.py for tasks to queue
[2023-03-11T12:31:48.262+0000] {logging_mixin.py:137} INFO - [2023-03-11T12:31:48.262+0000] {dagbag.py:538} INFO - Filling up the DagBag from /home/airflow/.local/lib/python3.7/site-packages/airflow/example_dags/example_datasets.py
[2023-03-11T12:31:48.278+0000] {processor.py:753} INFO - DAG(s) dict_keys(['dataset_consumes_1', 'dataset_consumes_unknown_never_scheduled', 'dataset_consumes_1_never_scheduled', 'dataset_produces_2', 'dataset_consumes_1_and_2', 'dataset_produces_1']) retrieved from /home/airflow/.local/lib/python3.7/site-packages/airflow/example_dags/example_datasets.py
[2023-03-11T12:31:48.385+0000] {logging_mixin.py:137} INFO - [2023-03-11T12:31:48.385+0000] {dag.py:2690} INFO - Sync 6 DAGs
[2023-03-11T12:31:48.411+0000] {logging_mixin.py:137} INFO - [2023-03-11T12:31:48.411+0000] {dag.py:3441} INFO - Setting next_dagrun for dataset_consumes_1 to None, run_after=None
[2023-03-11T12:31:48.414+0000] {logging_mixin.py:137} INFO - [2023-03-11T12:31:48.414+0000] {dag.py:3441} INFO - Setting next_dagrun for dataset_consumes_1_and_2 to None, run_after=None
[2023-03-11T12:31:48.415+0000] {logging_mixin.py:137} INFO - [2023-03-11T12:31:48.415+0000] {dag.py:3441} INFO - Setting next_dagrun for dataset_consumes_1_never_scheduled to None, run_after=None
[2023-03-11T12:31:48.417+0000] {logging_mixin.py:137} INFO - [2023-03-11T12:31:48.417+0000] {dag.py:3441} INFO - Setting next_dagrun for dataset_consumes_unknown_never_scheduled to None, run_after=None
[2023-03-11T12:31:48.420+0000] {logging_mixin.py:137} INFO - [2023-03-11T12:31:48.419+0000] {dag.py:3441} INFO - Setting next_dagrun for dataset_produces_1 to 2023-03-10T00:00:00+00:00, run_after=2023-03-11T00:00:00+00:00
[2023-03-11T12:31:48.421+0000] {logging_mixin.py:137} INFO - [2023-03-11T12:31:48.421+0000] {dag.py:3441} INFO - Setting next_dagrun for dataset_produces_2 to None, run_after=None
[2023-03-11T12:31:48.458+0000] {processor.py:175} INFO - Processing /home/airflow/.local/lib/python3.7/site-packages/airflow/example_dags/example_datasets.py took 0.201 seconds
[2023-03-11T12:32:19.340+0000] {processor.py:153} INFO - Started process (PID=270) to work on /home/airflow/.local/lib/python3.7/site-packages/airflow/example_dags/example_datasets.py
[2023-03-11T12:32:19.340+0000] {processor.py:743} INFO - Processing file /home/airflow/.local/lib/python3.7/site-packages/airflow/example_dags/example_datasets.py for tasks to queue
[2023-03-11T12:32:19.341+0000] {logging_mixin.py:137} INFO - [2023-03-11T12:32:19.341+0000] {dagbag.py:538} INFO - Filling up the DagBag from /home/airflow/.local/lib/python3.7/site-packages/airflow/example_dags/example_datasets.py
[2023-03-11T12:32:19.357+0000] {processor.py:753} INFO - DAG(s) dict_keys(['dataset_consumes_unknown_never_scheduled', 'dataset_produces_1', 'dataset_consumes_1_and_2', 'dataset_produces_2', 'dataset_consumes_1', 'dataset_consumes_1_never_scheduled']) retrieved from /home/airflow/.local/lib/python3.7/site-packages/airflow/example_dags/example_datasets.py
[2023-03-11T12:32:19.399+0000] {logging_mixin.py:137} INFO - [2023-03-11T12:32:19.399+0000] {dag.py:2690} INFO - Sync 6 DAGs
[2023-03-11T12:32:19.430+0000] {logging_mixin.py:137} INFO - [2023-03-11T12:32:19.430+0000] {dag.py:3441} INFO - Setting next_dagrun for dataset_consumes_1 to None, run_after=None
[2023-03-11T12:32:19.434+0000] {logging_mixin.py:137} INFO - [2023-03-11T12:32:19.434+0000] {dag.py:3441} INFO - Setting next_dagrun for dataset_consumes_1_and_2 to None, run_after=None
[2023-03-11T12:32:19.436+0000] {logging_mixin.py:137} INFO - [2023-03-11T12:32:19.436+0000] {dag.py:3441} INFO - Setting next_dagrun for dataset_consumes_1_never_scheduled to None, run_after=None
[2023-03-11T12:32:19.437+0000] {logging_mixin.py:137} INFO - [2023-03-11T12:32:19.437+0000] {dag.py:3441} INFO - Setting next_dagrun for dataset_consumes_unknown_never_scheduled to None, run_after=None
[2023-03-11T12:32:19.441+0000] {logging_mixin.py:137} INFO - [2023-03-11T12:32:19.440+0000] {dag.py:3441} INFO - Setting next_dagrun for dataset_produces_1 to 2023-03-10T00:00:00+00:00, run_after=2023-03-11T00:00:00+00:00
[2023-03-11T12:32:19.442+0000] {logging_mixin.py:137} INFO - [2023-03-11T12:32:19.442+0000] {dag.py:3441} INFO - Setting next_dagrun for dataset_produces_2 to None, run_after=None
[2023-03-11T12:32:19.480+0000] {processor.py:175} INFO - Processing /home/airflow/.local/lib/python3.7/site-packages/airflow/example_dags/example_datasets.py took 0.143 seconds
[2023-03-11T12:32:50.343+0000] {processor.py:153} INFO - Started process (PID=381) to work on /home/airflow/.local/lib/python3.7/site-packages/airflow/example_dags/example_datasets.py
[2023-03-11T12:32:50.344+0000] {processor.py:743} INFO - Processing file /home/airflow/.local/lib/python3.7/site-packages/airflow/example_dags/example_datasets.py for tasks to queue
[2023-03-11T12:32:50.345+0000] {logging_mixin.py:137} INFO - [2023-03-11T12:32:50.345+0000] {dagbag.py:538} INFO - Filling up the DagBag from /home/airflow/.local/lib/python3.7/site-packages/airflow/example_dags/example_datasets.py
[2023-03-11T12:32:50.364+0000] {processor.py:753} INFO - DAG(s) dict_keys(['dataset_produces_2', 'dataset_consumes_1_never_scheduled', 'dataset_consumes_1', 'dataset_consumes_unknown_never_scheduled', 'dataset_consumes_1_and_2', 'dataset_produces_1']) retrieved from /home/airflow/.local/lib/python3.7/site-packages/airflow/example_dags/example_datasets.py
[2023-03-11T12:32:50.409+0000] {logging_mixin.py:137} INFO - [2023-03-11T12:32:50.409+0000] {dag.py:2690} INFO - Sync 6 DAGs
[2023-03-11T12:32:50.441+0000] {logging_mixin.py:137} INFO - [2023-03-11T12:32:50.441+0000] {dag.py:3441} INFO - Setting next_dagrun for dataset_consumes_1 to None, run_after=None
[2023-03-11T12:32:50.444+0000] {logging_mixin.py:137} INFO - [2023-03-11T12:32:50.444+0000] {dag.py:3441} INFO - Setting next_dagrun for dataset_consumes_1_and_2 to None, run_after=None
[2023-03-11T12:32:50.446+0000] {logging_mixin.py:137} INFO - [2023-03-11T12:32:50.446+0000] {dag.py:3441} INFO - Setting next_dagrun for dataset_consumes_1_never_scheduled to None, run_after=None
[2023-03-11T12:32:50.447+0000] {logging_mixin.py:137} INFO - [2023-03-11T12:32:50.447+0000] {dag.py:3441} INFO - Setting next_dagrun for dataset_consumes_unknown_never_scheduled to None, run_after=None
[2023-03-11T12:32:50.450+0000] {logging_mixin.py:137} INFO - [2023-03-11T12:32:50.450+0000] {dag.py:3441} INFO - Setting next_dagrun for dataset_produces_1 to 2023-03-10T00:00:00+00:00, run_after=2023-03-11T00:00:00+00:00
[2023-03-11T12:32:50.451+0000] {logging_mixin.py:137} INFO - [2023-03-11T12:32:50.451+0000] {dag.py:3441} INFO - Setting next_dagrun for dataset_produces_2 to None, run_after=None
[2023-03-11T12:32:50.484+0000] {processor.py:175} INFO - Processing /home/airflow/.local/lib/python3.7/site-packages/airflow/example_dags/example_datasets.py took 0.145 seconds
[2023-03-11T12:33:21.210+0000] {processor.py:153} INFO - Started process (PID=468) to work on /home/airflow/.local/lib/python3.7/site-packages/airflow/example_dags/example_datasets.py
[2023-03-11T12:33:21.211+0000] {processor.py:743} INFO - Processing file /home/airflow/.local/lib/python3.7/site-packages/airflow/example_dags/example_datasets.py for tasks to queue
[2023-03-11T12:33:21.211+0000] {logging_mixin.py:137} INFO - [2023-03-11T12:33:21.211+0000] {dagbag.py:538} INFO - Filling up the DagBag from /home/airflow/.local/lib/python3.7/site-packages/airflow/example_dags/example_datasets.py
[2023-03-11T12:33:21.227+0000] {processor.py:753} INFO - DAG(s) dict_keys(['dataset_consumes_1_never_scheduled', 'dataset_consumes_unknown_never_scheduled', 'dataset_consumes_1', 'dataset_produces_2', 'dataset_produces_1', 'dataset_consumes_1_and_2']) retrieved from /home/airflow/.local/lib/python3.7/site-packages/airflow/example_dags/example_datasets.py
[2023-03-11T12:33:21.284+0000] {logging_mixin.py:137} INFO - [2023-03-11T12:33:21.284+0000] {dag.py:2690} INFO - Sync 6 DAGs
[2023-03-11T12:33:21.316+0000] {logging_mixin.py:137} INFO - [2023-03-11T12:33:21.316+0000] {dag.py:3441} INFO - Setting next_dagrun for dataset_consumes_1 to None, run_after=None
[2023-03-11T12:33:21.320+0000] {logging_mixin.py:137} INFO - [2023-03-11T12:33:21.320+0000] {dag.py:3441} INFO - Setting next_dagrun for dataset_consumes_1_and_2 to None, run_after=None
[2023-03-11T12:33:21.321+0000] {logging_mixin.py:137} INFO - [2023-03-11T12:33:21.321+0000] {dag.py:3441} INFO - Setting next_dagrun for dataset_consumes_1_never_scheduled to None, run_after=None
[2023-03-11T12:33:21.323+0000] {logging_mixin.py:137} INFO - [2023-03-11T12:33:21.323+0000] {dag.py:3441} INFO - Setting next_dagrun for dataset_consumes_unknown_never_scheduled to None, run_after=None
[2023-03-11T12:33:21.326+0000] {logging_mixin.py:137} INFO - [2023-03-11T12:33:21.326+0000] {dag.py:3441} INFO - Setting next_dagrun for dataset_produces_1 to 2023-03-10T00:00:00+00:00, run_after=2023-03-11T00:00:00+00:00
[2023-03-11T12:33:21.328+0000] {logging_mixin.py:137} INFO - [2023-03-11T12:33:21.328+0000] {dag.py:3441} INFO - Setting next_dagrun for dataset_produces_2 to None, run_after=None
[2023-03-11T12:33:21.375+0000] {processor.py:175} INFO - Processing /home/airflow/.local/lib/python3.7/site-packages/airflow/example_dags/example_datasets.py took 0.168 seconds
[2023-03-11T12:33:52.113+0000] {processor.py:153} INFO - Started process (PID=555) to work on /home/airflow/.local/lib/python3.7/site-packages/airflow/example_dags/example_datasets.py
[2023-03-11T12:33:52.114+0000] {processor.py:743} INFO - Processing file /home/airflow/.local/lib/python3.7/site-packages/airflow/example_dags/example_datasets.py for tasks to queue
[2023-03-11T12:33:52.115+0000] {logging_mixin.py:137} INFO - [2023-03-11T12:33:52.115+0000] {dagbag.py:538} INFO - Filling up the DagBag from /home/airflow/.local/lib/python3.7/site-packages/airflow/example_dags/example_datasets.py
[2023-03-11T12:33:52.132+0000] {processor.py:753} INFO - DAG(s) dict_keys(['dataset_consumes_1_never_scheduled', 'dataset_consumes_1_and_2', 'dataset_produces_2', 'dataset_produces_1', 'dataset_consumes_unknown_never_scheduled', 'dataset_consumes_1']) retrieved from /home/airflow/.local/lib/python3.7/site-packages/airflow/example_dags/example_datasets.py
[2023-03-11T12:33:52.194+0000] {logging_mixin.py:137} INFO - [2023-03-11T12:33:52.193+0000] {dag.py:2690} INFO - Sync 6 DAGs
[2023-03-11T12:33:52.231+0000] {logging_mixin.py:137} INFO - [2023-03-11T12:33:52.231+0000] {dag.py:3441} INFO - Setting next_dagrun for dataset_consumes_1 to None, run_after=None
[2023-03-11T12:33:52.237+0000] {logging_mixin.py:137} INFO - [2023-03-11T12:33:52.237+0000] {dag.py:3441} INFO - Setting next_dagrun for dataset_consumes_1_and_2 to None, run_after=None
[2023-03-11T12:33:52.239+0000] {logging_mixin.py:137} INFO - [2023-03-11T12:33:52.239+0000] {dag.py:3441} INFO - Setting next_dagrun for dataset_consumes_1_never_scheduled to None, run_after=None
[2023-03-11T12:33:52.240+0000] {logging_mixin.py:137} INFO - [2023-03-11T12:33:52.240+0000] {dag.py:3441} INFO - Setting next_dagrun for dataset_consumes_unknown_never_scheduled to None, run_after=None
[2023-03-11T12:33:52.245+0000] {logging_mixin.py:137} INFO - [2023-03-11T12:33:52.245+0000] {dag.py:3441} INFO - Setting next_dagrun for dataset_produces_1 to 2023-03-10T00:00:00+00:00, run_after=2023-03-11T00:00:00+00:00
[2023-03-11T12:33:52.246+0000] {logging_mixin.py:137} INFO - [2023-03-11T12:33:52.246+0000] {dag.py:3441} INFO - Setting next_dagrun for dataset_produces_2 to None, run_after=None
[2023-03-11T12:33:52.289+0000] {processor.py:175} INFO - Processing /home/airflow/.local/lib/python3.7/site-packages/airflow/example_dags/example_datasets.py took 0.178 seconds
[2023-03-11T12:34:23.005+0000] {processor.py:153} INFO - Started process (PID=666) to work on /home/airflow/.local/lib/python3.7/site-packages/airflow/example_dags/example_datasets.py
[2023-03-11T12:34:23.006+0000] {processor.py:743} INFO - Processing file /home/airflow/.local/lib/python3.7/site-packages/airflow/example_dags/example_datasets.py for tasks to queue
[2023-03-11T12:34:23.006+0000] {logging_mixin.py:137} INFO - [2023-03-11T12:34:23.006+0000] {dagbag.py:538} INFO - Filling up the DagBag from /home/airflow/.local/lib/python3.7/site-packages/airflow/example_dags/example_datasets.py
[2023-03-11T12:34:23.025+0000] {processor.py:753} INFO - DAG(s) dict_keys(['dataset_produces_1', 'dataset_consumes_1_never_scheduled', 'dataset_produces_2', 'dataset_consumes_unknown_never_scheduled', 'dataset_consumes_1_and_2', 'dataset_consumes_1']) retrieved from /home/airflow/.local/lib/python3.7/site-packages/airflow/example_dags/example_datasets.py
[2023-03-11T12:34:23.071+0000] {logging_mixin.py:137} INFO - [2023-03-11T12:34:23.070+0000] {dag.py:2690} INFO - Sync 6 DAGs
[2023-03-11T12:34:23.098+0000] {logging_mixin.py:137} INFO - [2023-03-11T12:34:23.097+0000] {dag.py:3441} INFO - Setting next_dagrun for dataset_consumes_1 to None, run_after=None
[2023-03-11T12:34:23.101+0000] {logging_mixin.py:137} INFO - [2023-03-11T12:34:23.101+0000] {dag.py:3441} INFO - Setting next_dagrun for dataset_consumes_1_and_2 to None, run_after=None
[2023-03-11T12:34:23.102+0000] {logging_mixin.py:137} INFO - [2023-03-11T12:34:23.102+0000] {dag.py:3441} INFO - Setting next_dagrun for dataset_consumes_1_never_scheduled to None, run_after=None
[2023-03-11T12:34:23.103+0000] {logging_mixin.py:137} INFO - [2023-03-11T12:34:23.103+0000] {dag.py:3441} INFO - Setting next_dagrun for dataset_consumes_unknown_never_scheduled to None, run_after=None
[2023-03-11T12:34:23.106+0000] {logging_mixin.py:137} INFO - [2023-03-11T12:34:23.106+0000] {dag.py:3441} INFO - Setting next_dagrun for dataset_produces_1 to 2023-03-10T00:00:00+00:00, run_after=2023-03-11T00:00:00+00:00
[2023-03-11T12:34:23.107+0000] {logging_mixin.py:137} INFO - [2023-03-11T12:34:23.107+0000] {dag.py:3441} INFO - Setting next_dagrun for dataset_produces_2 to None, run_after=None
[2023-03-11T12:34:23.140+0000] {processor.py:175} INFO - Processing /home/airflow/.local/lib/python3.7/site-packages/airflow/example_dags/example_datasets.py took 0.139 seconds
[2023-03-11T12:34:53.426+0000] {processor.py:153} INFO - Started process (PID=753) to work on /home/airflow/.local/lib/python3.7/site-packages/airflow/example_dags/example_datasets.py
[2023-03-11T12:34:53.427+0000] {processor.py:743} INFO - Processing file /home/airflow/.local/lib/python3.7/site-packages/airflow/example_dags/example_datasets.py for tasks to queue
[2023-03-11T12:34:53.428+0000] {logging_mixin.py:137} INFO - [2023-03-11T12:34:53.428+0000] {dagbag.py:538} INFO - Filling up the DagBag from /home/airflow/.local/lib/python3.7/site-packages/airflow/example_dags/example_datasets.py
[2023-03-11T12:34:53.446+0000] {processor.py:753} INFO - DAG(s) dict_keys(['dataset_consumes_unknown_never_scheduled', 'dataset_consumes_1_and_2', 'dataset_consumes_1_never_scheduled', 'dataset_produces_2', 'dataset_produces_1', 'dataset_consumes_1']) retrieved from /home/airflow/.local/lib/python3.7/site-packages/airflow/example_dags/example_datasets.py
[2023-03-11T12:34:53.490+0000] {logging_mixin.py:137} INFO - [2023-03-11T12:34:53.490+0000] {dag.py:2690} INFO - Sync 6 DAGs
[2023-03-11T12:34:53.517+0000] {logging_mixin.py:137} INFO - [2023-03-11T12:34:53.517+0000] {dag.py:3441} INFO - Setting next_dagrun for dataset_consumes_1 to None, run_after=None
[2023-03-11T12:34:53.520+0000] {logging_mixin.py:137} INFO - [2023-03-11T12:34:53.520+0000] {dag.py:3441} INFO - Setting next_dagrun for dataset_consumes_1_and_2 to None, run_after=None
[2023-03-11T12:34:53.522+0000] {logging_mixin.py:137} INFO - [2023-03-11T12:34:53.522+0000] {dag.py:3441} INFO - Setting next_dagrun for dataset_consumes_1_never_scheduled to None, run_after=None
[2023-03-11T12:34:53.523+0000] {logging_mixin.py:137} INFO - [2023-03-11T12:34:53.523+0000] {dag.py:3441} INFO - Setting next_dagrun for dataset_consumes_unknown_never_scheduled to None, run_after=None
[2023-03-11T12:34:53.526+0000] {logging_mixin.py:137} INFO - [2023-03-11T12:34:53.526+0000] {dag.py:3441} INFO - Setting next_dagrun for dataset_produces_1 to 2023-03-10T00:00:00+00:00, run_after=2023-03-11T00:00:00+00:00
[2023-03-11T12:34:53.527+0000] {logging_mixin.py:137} INFO - [2023-03-11T12:34:53.527+0000] {dag.py:3441} INFO - Setting next_dagrun for dataset_produces_2 to None, run_after=None
[2023-03-11T12:34:53.565+0000] {processor.py:175} INFO - Processing /home/airflow/.local/lib/python3.7/site-packages/airflow/example_dags/example_datasets.py took 0.142 seconds
[2023-03-11T12:35:23.689+0000] {processor.py:153} INFO - Started process (PID=864) to work on /home/airflow/.local/lib/python3.7/site-packages/airflow/example_dags/example_datasets.py
[2023-03-11T12:35:23.690+0000] {processor.py:743} INFO - Processing file /home/airflow/.local/lib/python3.7/site-packages/airflow/example_dags/example_datasets.py for tasks to queue
[2023-03-11T12:35:23.691+0000] {logging_mixin.py:137} INFO - [2023-03-11T12:35:23.690+0000] {dagbag.py:538} INFO - Filling up the DagBag from /home/airflow/.local/lib/python3.7/site-packages/airflow/example_dags/example_datasets.py
[2023-03-11T12:35:23.708+0000] {processor.py:753} INFO - DAG(s) dict_keys(['dataset_produces_2', 'dataset_consumes_1_never_scheduled', 'dataset_produces_1', 'dataset_consumes_1_and_2', 'dataset_consumes_unknown_never_scheduled', 'dataset_consumes_1']) retrieved from /home/airflow/.local/lib/python3.7/site-packages/airflow/example_dags/example_datasets.py
[2023-03-11T12:35:23.753+0000] {logging_mixin.py:137} INFO - [2023-03-11T12:35:23.753+0000] {dag.py:2690} INFO - Sync 6 DAGs
[2023-03-11T12:35:23.782+0000] {logging_mixin.py:137} INFO - [2023-03-11T12:35:23.782+0000] {dag.py:3441} INFO - Setting next_dagrun for dataset_consumes_1 to None, run_after=None
[2023-03-11T12:35:23.786+0000] {logging_mixin.py:137} INFO - [2023-03-11T12:35:23.786+0000] {dag.py:3441} INFO - Setting next_dagrun for dataset_consumes_1_and_2 to None, run_after=None
[2023-03-11T12:35:23.787+0000] {logging_mixin.py:137} INFO - [2023-03-11T12:35:23.787+0000] {dag.py:3441} INFO - Setting next_dagrun for dataset_consumes_1_never_scheduled to None, run_after=None
[2023-03-11T12:35:23.788+0000] {logging_mixin.py:137} INFO - [2023-03-11T12:35:23.788+0000] {dag.py:3441} INFO - Setting next_dagrun for dataset_consumes_unknown_never_scheduled to None, run_after=None
[2023-03-11T12:35:23.791+0000] {logging_mixin.py:137} INFO - [2023-03-11T12:35:23.791+0000] {dag.py:3441} INFO - Setting next_dagrun for dataset_produces_1 to 2023-03-10T00:00:00+00:00, run_after=2023-03-11T00:00:00+00:00
[2023-03-11T12:35:23.793+0000] {logging_mixin.py:137} INFO - [2023-03-11T12:35:23.793+0000] {dag.py:3441} INFO - Setting next_dagrun for dataset_produces_2 to None, run_after=None
[2023-03-11T12:35:23.835+0000] {processor.py:175} INFO - Processing /home/airflow/.local/lib/python3.7/site-packages/airflow/example_dags/example_datasets.py took 0.150 seconds
[2023-03-11T12:35:54.095+0000] {processor.py:153} INFO - Started process (PID=951) to work on /home/airflow/.local/lib/python3.7/site-packages/airflow/example_dags/example_datasets.py
[2023-03-11T12:35:54.096+0000] {processor.py:743} INFO - Processing file /home/airflow/.local/lib/python3.7/site-packages/airflow/example_dags/example_datasets.py for tasks to queue
[2023-03-11T12:35:54.096+0000] {logging_mixin.py:137} INFO - [2023-03-11T12:35:54.096+0000] {dagbag.py:538} INFO - Filling up the DagBag from /home/airflow/.local/lib/python3.7/site-packages/airflow/example_dags/example_datasets.py
[2023-03-11T12:35:54.111+0000] {processor.py:753} INFO - DAG(s) dict_keys(['dataset_produces_2', 'dataset_consumes_1_never_scheduled', 'dataset_consumes_1_and_2', 'dataset_consumes_1', 'dataset_consumes_unknown_never_scheduled', 'dataset_produces_1']) retrieved from /home/airflow/.local/lib/python3.7/site-packages/airflow/example_dags/example_datasets.py
[2023-03-11T12:35:54.151+0000] {logging_mixin.py:137} INFO - [2023-03-11T12:35:54.151+0000] {dag.py:2690} INFO - Sync 6 DAGs
[2023-03-11T12:35:54.181+0000] {logging_mixin.py:137} INFO - [2023-03-11T12:35:54.181+0000] {dag.py:3441} INFO - Setting next_dagrun for dataset_consumes_1 to None, run_after=None
[2023-03-11T12:35:54.184+0000] {logging_mixin.py:137} INFO - [2023-03-11T12:35:54.184+0000] {dag.py:3441} INFO - Setting next_dagrun for dataset_consumes_1_and_2 to None, run_after=None
[2023-03-11T12:35:54.186+0000] {logging_mixin.py:137} INFO - [2023-03-11T12:35:54.186+0000] {dag.py:3441} INFO - Setting next_dagrun for dataset_consumes_1_never_scheduled to None, run_after=None
[2023-03-11T12:35:54.187+0000] {logging_mixin.py:137} INFO - [2023-03-11T12:35:54.187+0000] {dag.py:3441} INFO - Setting next_dagrun for dataset_consumes_unknown_never_scheduled to None, run_after=None
[2023-03-11T12:35:54.190+0000] {logging_mixin.py:137} INFO - [2023-03-11T12:35:54.190+0000] {dag.py:3441} INFO - Setting next_dagrun for dataset_produces_1 to 2023-03-10T00:00:00+00:00, run_after=2023-03-11T00:00:00+00:00
[2023-03-11T12:35:54.191+0000] {logging_mixin.py:137} INFO - [2023-03-11T12:35:54.191+0000] {dag.py:3441} INFO - Setting next_dagrun for dataset_produces_2 to None, run_after=None
[2023-03-11T12:35:54.227+0000] {processor.py:175} INFO - Processing /home/airflow/.local/lib/python3.7/site-packages/airflow/example_dags/example_datasets.py took 0.134 seconds
[2023-03-11T12:36:24.787+0000] {processor.py:153} INFO - Started process (PID=1038) to work on /home/airflow/.local/lib/python3.7/site-packages/airflow/example_dags/example_datasets.py
[2023-03-11T12:36:24.788+0000] {processor.py:743} INFO - Processing file /home/airflow/.local/lib/python3.7/site-packages/airflow/example_dags/example_datasets.py for tasks to queue
[2023-03-11T12:36:24.788+0000] {logging_mixin.py:137} INFO - [2023-03-11T12:36:24.788+0000] {dagbag.py:538} INFO - Filling up the DagBag from /home/airflow/.local/lib/python3.7/site-packages/airflow/example_dags/example_datasets.py
[2023-03-11T12:36:24.803+0000] {processor.py:753} INFO - DAG(s) dict_keys(['dataset_consumes_unknown_never_scheduled', 'dataset_produces_2', 'dataset_consumes_1', 'dataset_produces_1', 'dataset_consumes_1_and_2', 'dataset_consumes_1_never_scheduled']) retrieved from /home/airflow/.local/lib/python3.7/site-packages/airflow/example_dags/example_datasets.py
[2023-03-11T12:36:24.846+0000] {logging_mixin.py:137} INFO - [2023-03-11T12:36:24.846+0000] {dag.py:2690} INFO - Sync 6 DAGs
[2023-03-11T12:36:24.873+0000] {logging_mixin.py:137} INFO - [2023-03-11T12:36:24.872+0000] {dag.py:3441} INFO - Setting next_dagrun for dataset_consumes_1 to None, run_after=None
[2023-03-11T12:36:24.876+0000] {logging_mixin.py:137} INFO - [2023-03-11T12:36:24.876+0000] {dag.py:3441} INFO - Setting next_dagrun for dataset_consumes_1_and_2 to None, run_after=None
[2023-03-11T12:36:24.877+0000] {logging_mixin.py:137} INFO - [2023-03-11T12:36:24.877+0000] {dag.py:3441} INFO - Setting next_dagrun for dataset_consumes_1_never_scheduled to None, run_after=None
[2023-03-11T12:36:24.878+0000] {logging_mixin.py:137} INFO - [2023-03-11T12:36:24.878+0000] {dag.py:3441} INFO - Setting next_dagrun for dataset_consumes_unknown_never_scheduled to None, run_after=None
[2023-03-11T12:36:24.881+0000] {logging_mixin.py:137} INFO - [2023-03-11T12:36:24.881+0000] {dag.py:3441} INFO - Setting next_dagrun for dataset_produces_1 to 2023-03-10T00:00:00+00:00, run_after=2023-03-11T00:00:00+00:00
[2023-03-11T12:36:24.882+0000] {logging_mixin.py:137} INFO - [2023-03-11T12:36:24.882+0000] {dag.py:3441} INFO - Setting next_dagrun for dataset_produces_2 to None, run_after=None
[2023-03-11T12:36:24.915+0000] {processor.py:175} INFO - Processing /home/airflow/.local/lib/python3.7/site-packages/airflow/example_dags/example_datasets.py took 0.132 seconds
[2023-03-11T12:36:55.274+0000] {processor.py:153} INFO - Started process (PID=1149) to work on /home/airflow/.local/lib/python3.7/site-packages/airflow/example_dags/example_datasets.py
[2023-03-11T12:36:55.275+0000] {processor.py:743} INFO - Processing file /home/airflow/.local/lib/python3.7/site-packages/airflow/example_dags/example_datasets.py for tasks to queue
[2023-03-11T12:36:55.275+0000] {logging_mixin.py:137} INFO - [2023-03-11T12:36:55.275+0000] {dagbag.py:538} INFO - Filling up the DagBag from /home/airflow/.local/lib/python3.7/site-packages/airflow/example_dags/example_datasets.py
[2023-03-11T12:36:55.291+0000] {processor.py:753} INFO - DAG(s) dict_keys(['dataset_consumes_unknown_never_scheduled', 'dataset_consumes_1_never_scheduled', 'dataset_consumes_1', 'dataset_produces_2', 'dataset_produces_1', 'dataset_consumes_1_and_2']) retrieved from /home/airflow/.local/lib/python3.7/site-packages/airflow/example_dags/example_datasets.py
[2023-03-11T12:36:55.339+0000] {logging_mixin.py:137} INFO - [2023-03-11T12:36:55.338+0000] {dag.py:2690} INFO - Sync 6 DAGs
[2023-03-11T12:36:55.367+0000] {logging_mixin.py:137} INFO - [2023-03-11T12:36:55.367+0000] {dag.py:3441} INFO - Setting next_dagrun for dataset_consumes_1 to None, run_after=None
[2023-03-11T12:36:55.371+0000] {logging_mixin.py:137} INFO - [2023-03-11T12:36:55.370+0000] {dag.py:3441} INFO - Setting next_dagrun for dataset_consumes_1_and_2 to None, run_after=None
[2023-03-11T12:36:55.372+0000] {logging_mixin.py:137} INFO - [2023-03-11T12:36:55.372+0000] {dag.py:3441} INFO - Setting next_dagrun for dataset_consumes_1_never_scheduled to None, run_after=None
[2023-03-11T12:36:55.373+0000] {logging_mixin.py:137} INFO - [2023-03-11T12:36:55.373+0000] {dag.py:3441} INFO - Setting next_dagrun for dataset_consumes_unknown_never_scheduled to None, run_after=None
[2023-03-11T12:36:55.376+0000] {logging_mixin.py:137} INFO - [2023-03-11T12:36:55.376+0000] {dag.py:3441} INFO - Setting next_dagrun for dataset_produces_1 to 2023-03-10T00:00:00+00:00, run_after=2023-03-11T00:00:00+00:00
[2023-03-11T12:36:55.377+0000] {logging_mixin.py:137} INFO - [2023-03-11T12:36:55.377+0000] {dag.py:3441} INFO - Setting next_dagrun for dataset_produces_2 to None, run_after=None
[2023-03-11T12:36:55.415+0000] {processor.py:175} INFO - Processing /home/airflow/.local/lib/python3.7/site-packages/airflow/example_dags/example_datasets.py took 0.144 seconds
[2023-03-11T12:37:25.833+0000] {processor.py:153} INFO - Started process (PID=1236) to work on /home/airflow/.local/lib/python3.7/site-packages/airflow/example_dags/example_datasets.py
[2023-03-11T12:37:25.834+0000] {processor.py:743} INFO - Processing file /home/airflow/.local/lib/python3.7/site-packages/airflow/example_dags/example_datasets.py for tasks to queue
[2023-03-11T12:37:25.835+0000] {logging_mixin.py:137} INFO - [2023-03-11T12:37:25.835+0000] {dagbag.py:538} INFO - Filling up the DagBag from /home/airflow/.local/lib/python3.7/site-packages/airflow/example_dags/example_datasets.py
[2023-03-11T12:37:25.853+0000] {processor.py:753} INFO - DAG(s) dict_keys(['dataset_consumes_1', 'dataset_produces_2', 'dataset_produces_1', 'dataset_consumes_1_never_scheduled', 'dataset_consumes_1_and_2', 'dataset_consumes_unknown_never_scheduled']) retrieved from /home/airflow/.local/lib/python3.7/site-packages/airflow/example_dags/example_datasets.py
[2023-03-11T12:37:25.893+0000] {logging_mixin.py:137} INFO - [2023-03-11T12:37:25.893+0000] {dag.py:2690} INFO - Sync 6 DAGs
[2023-03-11T12:37:25.922+0000] {logging_mixin.py:137} INFO - [2023-03-11T12:37:25.922+0000] {dag.py:3441} INFO - Setting next_dagrun for dataset_consumes_1 to None, run_after=None
[2023-03-11T12:37:25.928+0000] {logging_mixin.py:137} INFO - [2023-03-11T12:37:25.928+0000] {dag.py:3441} INFO - Setting next_dagrun for dataset_consumes_1_and_2 to None, run_after=None
[2023-03-11T12:37:25.929+0000] {logging_mixin.py:137} INFO - [2023-03-11T12:37:25.929+0000] {dag.py:3441} INFO - Setting next_dagrun for dataset_consumes_1_never_scheduled to None, run_after=None
[2023-03-11T12:37:25.931+0000] {logging_mixin.py:137} INFO - [2023-03-11T12:37:25.930+0000] {dag.py:3441} INFO - Setting next_dagrun for dataset_consumes_unknown_never_scheduled to None, run_after=None
[2023-03-11T12:37:25.934+0000] {logging_mixin.py:137} INFO - [2023-03-11T12:37:25.934+0000] {dag.py:3441} INFO - Setting next_dagrun for dataset_produces_1 to 2023-03-10T00:00:00+00:00, run_after=2023-03-11T00:00:00+00:00
[2023-03-11T12:37:25.935+0000] {logging_mixin.py:137} INFO - [2023-03-11T12:37:25.935+0000] {dag.py:3441} INFO - Setting next_dagrun for dataset_produces_2 to None, run_after=None
[2023-03-11T12:37:25.970+0000] {processor.py:175} INFO - Processing /home/airflow/.local/lib/python3.7/site-packages/airflow/example_dags/example_datasets.py took 0.139 seconds
[2023-03-11T12:37:56.830+0000] {processor.py:153} INFO - Started process (PID=1332) to work on /home/airflow/.local/lib/python3.7/site-packages/airflow/example_dags/example_datasets.py
[2023-03-11T12:37:56.831+0000] {processor.py:743} INFO - Processing file /home/airflow/.local/lib/python3.7/site-packages/airflow/example_dags/example_datasets.py for tasks to queue
[2023-03-11T12:37:56.831+0000] {logging_mixin.py:137} INFO - [2023-03-11T12:37:56.831+0000] {dagbag.py:538} INFO - Filling up the DagBag from /home/airflow/.local/lib/python3.7/site-packages/airflow/example_dags/example_datasets.py
[2023-03-11T12:37:56.847+0000] {processor.py:753} INFO - DAG(s) dict_keys(['dataset_consumes_1_and_2', 'dataset_produces_1', 'dataset_produces_2', 'dataset_consumes_1', 'dataset_consumes_unknown_never_scheduled', 'dataset_consumes_1_never_scheduled']) retrieved from /home/airflow/.local/lib/python3.7/site-packages/airflow/example_dags/example_datasets.py
[2023-03-11T12:37:56.888+0000] {logging_mixin.py:137} INFO - [2023-03-11T12:37:56.888+0000] {dag.py:2690} INFO - Sync 6 DAGs
[2023-03-11T12:37:56.914+0000] {logging_mixin.py:137} INFO - [2023-03-11T12:37:56.914+0000] {dag.py:3441} INFO - Setting next_dagrun for dataset_consumes_1 to None, run_after=None
[2023-03-11T12:37:56.918+0000] {logging_mixin.py:137} INFO - [2023-03-11T12:37:56.917+0000] {dag.py:3441} INFO - Setting next_dagrun for dataset_consumes_1_and_2 to None, run_after=None
[2023-03-11T12:37:56.919+0000] {logging_mixin.py:137} INFO - [2023-03-11T12:37:56.919+0000] {dag.py:3441} INFO - Setting next_dagrun for dataset_consumes_1_never_scheduled to None, run_after=None
[2023-03-11T12:37:56.920+0000] {logging_mixin.py:137} INFO - [2023-03-11T12:37:56.920+0000] {dag.py:3441} INFO - Setting next_dagrun for dataset_consumes_unknown_never_scheduled to None, run_after=None
[2023-03-11T12:37:56.922+0000] {logging_mixin.py:137} INFO - [2023-03-11T12:37:56.922+0000] {dag.py:3441} INFO - Setting next_dagrun for dataset_produces_1 to 2023-03-10T00:00:00+00:00, run_after=2023-03-11T00:00:00+00:00
[2023-03-11T12:37:56.923+0000] {logging_mixin.py:137} INFO - [2023-03-11T12:37:56.923+0000] {dag.py:3441} INFO - Setting next_dagrun for dataset_produces_2 to None, run_after=None
[2023-03-11T12:37:56.961+0000] {processor.py:175} INFO - Processing /home/airflow/.local/lib/python3.7/site-packages/airflow/example_dags/example_datasets.py took 0.134 seconds
[2023-03-11T12:38:27.206+0000] {processor.py:153} INFO - Started process (PID=1433) to work on /home/airflow/.local/lib/python3.7/site-packages/airflow/example_dags/example_datasets.py
[2023-03-11T12:38:27.207+0000] {processor.py:743} INFO - Processing file /home/airflow/.local/lib/python3.7/site-packages/airflow/example_dags/example_datasets.py for tasks to queue
[2023-03-11T12:38:27.208+0000] {logging_mixin.py:137} INFO - [2023-03-11T12:38:27.208+0000] {dagbag.py:538} INFO - Filling up the DagBag from /home/airflow/.local/lib/python3.7/site-packages/airflow/example_dags/example_datasets.py
[2023-03-11T12:38:27.223+0000] {processor.py:753} INFO - DAG(s) dict_keys(['dataset_consumes_1', 'dataset_produces_1', 'dataset_consumes_1_never_scheduled', 'dataset_consumes_1_and_2', 'dataset_produces_2', 'dataset_consumes_unknown_never_scheduled']) retrieved from /home/airflow/.local/lib/python3.7/site-packages/airflow/example_dags/example_datasets.py
[2023-03-11T12:38:27.272+0000] {logging_mixin.py:137} INFO - [2023-03-11T12:38:27.272+0000] {dag.py:2690} INFO - Sync 6 DAGs
[2023-03-11T12:38:27.304+0000] {logging_mixin.py:137} INFO - [2023-03-11T12:38:27.304+0000] {dag.py:3441} INFO - Setting next_dagrun for dataset_consumes_1 to None, run_after=None
[2023-03-11T12:38:27.310+0000] {logging_mixin.py:137} INFO - [2023-03-11T12:38:27.309+0000] {dag.py:3441} INFO - Setting next_dagrun for dataset_consumes_1_and_2 to None, run_after=None
[2023-03-11T12:38:27.312+0000] {logging_mixin.py:137} INFO - [2023-03-11T12:38:27.312+0000] {dag.py:3441} INFO - Setting next_dagrun for dataset_consumes_1_never_scheduled to None, run_after=None
[2023-03-11T12:38:27.314+0000] {logging_mixin.py:137} INFO - [2023-03-11T12:38:27.314+0000] {dag.py:3441} INFO - Setting next_dagrun for dataset_consumes_unknown_never_scheduled to None, run_after=None
[2023-03-11T12:38:27.318+0000] {logging_mixin.py:137} INFO - [2023-03-11T12:38:27.318+0000] {dag.py:3441} INFO - Setting next_dagrun for dataset_produces_1 to 2023-03-10T00:00:00+00:00, run_after=2023-03-11T00:00:00+00:00
[2023-03-11T12:38:27.320+0000] {logging_mixin.py:137} INFO - [2023-03-11T12:38:27.320+0000] {dag.py:3441} INFO - Setting next_dagrun for dataset_produces_2 to None, run_after=None
[2023-03-11T12:38:27.356+0000] {processor.py:175} INFO - Processing /home/airflow/.local/lib/python3.7/site-packages/airflow/example_dags/example_datasets.py took 0.152 seconds
[2023-03-11T12:38:58.323+0000] {processor.py:153} INFO - Started process (PID=1520) to work on /home/airflow/.local/lib/python3.7/site-packages/airflow/example_dags/example_datasets.py
[2023-03-11T12:38:58.324+0000] {processor.py:743} INFO - Processing file /home/airflow/.local/lib/python3.7/site-packages/airflow/example_dags/example_datasets.py for tasks to queue
[2023-03-11T12:38:58.325+0000] {logging_mixin.py:137} INFO - [2023-03-11T12:38:58.325+0000] {dagbag.py:538} INFO - Filling up the DagBag from /home/airflow/.local/lib/python3.7/site-packages/airflow/example_dags/example_datasets.py
[2023-03-11T12:38:58.341+0000] {processor.py:753} INFO - DAG(s) dict_keys(['dataset_consumes_1', 'dataset_consumes_1_never_scheduled', 'dataset_consumes_unknown_never_scheduled', 'dataset_consumes_1_and_2', 'dataset_produces_1', 'dataset_produces_2']) retrieved from /home/airflow/.local/lib/python3.7/site-packages/airflow/example_dags/example_datasets.py
[2023-03-11T12:38:58.407+0000] {logging_mixin.py:137} INFO - [2023-03-11T12:38:58.406+0000] {dag.py:2690} INFO - Sync 6 DAGs
[2023-03-11T12:38:58.442+0000] {logging_mixin.py:137} INFO - [2023-03-11T12:38:58.442+0000] {dag.py:3441} INFO - Setting next_dagrun for dataset_consumes_1 to None, run_after=None
[2023-03-11T12:38:58.446+0000] {logging_mixin.py:137} INFO - [2023-03-11T12:38:58.446+0000] {dag.py:3441} INFO - Setting next_dagrun for dataset_consumes_1_and_2 to None, run_after=None
[2023-03-11T12:38:58.449+0000] {logging_mixin.py:137} INFO - [2023-03-11T12:38:58.448+0000] {dag.py:3441} INFO - Setting next_dagrun for dataset_consumes_1_never_scheduled to None, run_after=None
[2023-03-11T12:38:58.450+0000] {logging_mixin.py:137} INFO - [2023-03-11T12:38:58.450+0000] {dag.py:3441} INFO - Setting next_dagrun for dataset_consumes_unknown_never_scheduled to None, run_after=None
[2023-03-11T12:38:58.454+0000] {logging_mixin.py:137} INFO - [2023-03-11T12:38:58.454+0000] {dag.py:3441} INFO - Setting next_dagrun for dataset_produces_1 to 2023-03-10T00:00:00+00:00, run_after=2023-03-11T00:00:00+00:00
[2023-03-11T12:38:58.455+0000] {logging_mixin.py:137} INFO - [2023-03-11T12:38:58.455+0000] {dag.py:3441} INFO - Setting next_dagrun for dataset_produces_2 to None, run_after=None
[2023-03-11T12:38:58.516+0000] {processor.py:175} INFO - Processing /home/airflow/.local/lib/python3.7/site-packages/airflow/example_dags/example_datasets.py took 0.196 seconds
[2023-03-11T12:39:28.867+0000] {processor.py:153} INFO - Started process (PID=1631) to work on /home/airflow/.local/lib/python3.7/site-packages/airflow/example_dags/example_datasets.py
[2023-03-11T12:39:28.868+0000] {processor.py:743} INFO - Processing file /home/airflow/.local/lib/python3.7/site-packages/airflow/example_dags/example_datasets.py for tasks to queue
[2023-03-11T12:39:28.869+0000] {logging_mixin.py:137} INFO - [2023-03-11T12:39:28.869+0000] {dagbag.py:538} INFO - Filling up the DagBag from /home/airflow/.local/lib/python3.7/site-packages/airflow/example_dags/example_datasets.py
[2023-03-11T12:39:28.886+0000] {processor.py:753} INFO - DAG(s) dict_keys(['dataset_consumes_1_and_2', 'dataset_produces_1', 'dataset_consumes_1', 'dataset_consumes_unknown_never_scheduled', 'dataset_consumes_1_never_scheduled', 'dataset_produces_2']) retrieved from /home/airflow/.local/lib/python3.7/site-packages/airflow/example_dags/example_datasets.py
[2023-03-11T12:39:28.929+0000] {logging_mixin.py:137} INFO - [2023-03-11T12:39:28.929+0000] {dag.py:2690} INFO - Sync 6 DAGs
[2023-03-11T12:39:28.957+0000] {logging_mixin.py:137} INFO - [2023-03-11T12:39:28.957+0000] {dag.py:3441} INFO - Setting next_dagrun for dataset_consumes_1 to None, run_after=None
[2023-03-11T12:39:28.961+0000] {logging_mixin.py:137} INFO - [2023-03-11T12:39:28.961+0000] {dag.py:3441} INFO - Setting next_dagrun for dataset_consumes_1_and_2 to None, run_after=None
[2023-03-11T12:39:28.963+0000] {logging_mixin.py:137} INFO - [2023-03-11T12:39:28.963+0000] {dag.py:3441} INFO - Setting next_dagrun for dataset_consumes_1_never_scheduled to None, run_after=None
[2023-03-11T12:39:28.964+0000] {logging_mixin.py:137} INFO - [2023-03-11T12:39:28.964+0000] {dag.py:3441} INFO - Setting next_dagrun for dataset_consumes_unknown_never_scheduled to None, run_after=None
[2023-03-11T12:39:28.967+0000] {logging_mixin.py:137} INFO - [2023-03-11T12:39:28.967+0000] {dag.py:3441} INFO - Setting next_dagrun for dataset_produces_1 to 2023-03-10T00:00:00+00:00, run_after=2023-03-11T00:00:00+00:00
[2023-03-11T12:39:28.969+0000] {logging_mixin.py:137} INFO - [2023-03-11T12:39:28.968+0000] {dag.py:3441} INFO - Setting next_dagrun for dataset_produces_2 to None, run_after=None
[2023-03-11T12:39:29.005+0000] {processor.py:175} INFO - Processing /home/airflow/.local/lib/python3.7/site-packages/airflow/example_dags/example_datasets.py took 0.141 seconds
[2023-03-11T12:39:59.131+0000] {processor.py:153} INFO - Started process (PID=1718) to work on /home/airflow/.local/lib/python3.7/site-packages/airflow/example_dags/example_datasets.py
[2023-03-11T12:39:59.132+0000] {processor.py:743} INFO - Processing file /home/airflow/.local/lib/python3.7/site-packages/airflow/example_dags/example_datasets.py for tasks to queue
[2023-03-11T12:39:59.133+0000] {logging_mixin.py:137} INFO - [2023-03-11T12:39:59.133+0000] {dagbag.py:538} INFO - Filling up the DagBag from /home/airflow/.local/lib/python3.7/site-packages/airflow/example_dags/example_datasets.py
[2023-03-11T12:39:59.148+0000] {processor.py:753} INFO - DAG(s) dict_keys(['dataset_produces_2', 'dataset_produces_1', 'dataset_consumes_1', 'dataset_consumes_1_and_2', 'dataset_consumes_unknown_never_scheduled', 'dataset_consumes_1_never_scheduled']) retrieved from /home/airflow/.local/lib/python3.7/site-packages/airflow/example_dags/example_datasets.py
[2023-03-11T12:39:59.189+0000] {logging_mixin.py:137} INFO - [2023-03-11T12:39:59.189+0000] {dag.py:2690} INFO - Sync 6 DAGs
[2023-03-11T12:39:59.217+0000] {logging_mixin.py:137} INFO - [2023-03-11T12:39:59.217+0000] {dag.py:3441} INFO - Setting next_dagrun for dataset_consumes_1 to None, run_after=None
[2023-03-11T12:39:59.220+0000] {logging_mixin.py:137} INFO - [2023-03-11T12:39:59.220+0000] {dag.py:3441} INFO - Setting next_dagrun for dataset_consumes_1_and_2 to None, run_after=None
[2023-03-11T12:39:59.221+0000] {logging_mixin.py:137} INFO - [2023-03-11T12:39:59.221+0000] {dag.py:3441} INFO - Setting next_dagrun for dataset_consumes_1_never_scheduled to None, run_after=None
[2023-03-11T12:39:59.223+0000] {logging_mixin.py:137} INFO - [2023-03-11T12:39:59.222+0000] {dag.py:3441} INFO - Setting next_dagrun for dataset_consumes_unknown_never_scheduled to None, run_after=None
[2023-03-11T12:39:59.225+0000] {logging_mixin.py:137} INFO - [2023-03-11T12:39:59.225+0000] {dag.py:3441} INFO - Setting next_dagrun for dataset_produces_1 to 2023-03-10T00:00:00+00:00, run_after=2023-03-11T00:00:00+00:00
[2023-03-11T12:39:59.226+0000] {logging_mixin.py:137} INFO - [2023-03-11T12:39:59.226+0000] {dag.py:3441} INFO - Setting next_dagrun for dataset_produces_2 to None, run_after=None
[2023-03-11T12:39:59.261+0000] {processor.py:175} INFO - Processing /home/airflow/.local/lib/python3.7/site-packages/airflow/example_dags/example_datasets.py took 0.132 seconds
[2023-03-11T12:40:30.041+0000] {processor.py:153} INFO - Started process (PID=1805) to work on /home/airflow/.local/lib/python3.7/site-packages/airflow/example_dags/example_datasets.py
[2023-03-11T12:40:30.042+0000] {processor.py:743} INFO - Processing file /home/airflow/.local/lib/python3.7/site-packages/airflow/example_dags/example_datasets.py for tasks to queue
[2023-03-11T12:40:30.043+0000] {logging_mixin.py:137} INFO - [2023-03-11T12:40:30.043+0000] {dagbag.py:538} INFO - Filling up the DagBag from /home/airflow/.local/lib/python3.7/site-packages/airflow/example_dags/example_datasets.py
[2023-03-11T12:40:30.059+0000] {processor.py:753} INFO - DAG(s) dict_keys(['dataset_produces_2', 'dataset_consumes_1', 'dataset_consumes_1_and_2', 'dataset_consumes_unknown_never_scheduled', 'dataset_produces_1', 'dataset_consumes_1_never_scheduled']) retrieved from /home/airflow/.local/lib/python3.7/site-packages/airflow/example_dags/example_datasets.py
[2023-03-11T12:40:30.105+0000] {logging_mixin.py:137} INFO - [2023-03-11T12:40:30.104+0000] {dag.py:2690} INFO - Sync 6 DAGs
[2023-03-11T12:40:30.133+0000] {logging_mixin.py:137} INFO - [2023-03-11T12:40:30.132+0000] {dag.py:3441} INFO - Setting next_dagrun for dataset_consumes_1 to None, run_after=None
[2023-03-11T12:40:30.137+0000] {logging_mixin.py:137} INFO - [2023-03-11T12:40:30.137+0000] {dag.py:3441} INFO - Setting next_dagrun for dataset_consumes_1_and_2 to None, run_after=None
[2023-03-11T12:40:30.138+0000] {logging_mixin.py:137} INFO - [2023-03-11T12:40:30.138+0000] {dag.py:3441} INFO - Setting next_dagrun for dataset_consumes_1_never_scheduled to None, run_after=None
[2023-03-11T12:40:30.139+0000] {logging_mixin.py:137} INFO - [2023-03-11T12:40:30.139+0000] {dag.py:3441} INFO - Setting next_dagrun for dataset_consumes_unknown_never_scheduled to None, run_after=None
[2023-03-11T12:40:30.142+0000] {logging_mixin.py:137} INFO - [2023-03-11T12:40:30.142+0000] {dag.py:3441} INFO - Setting next_dagrun for dataset_produces_1 to 2023-03-10T00:00:00+00:00, run_after=2023-03-11T00:00:00+00:00
[2023-03-11T12:40:30.143+0000] {logging_mixin.py:137} INFO - [2023-03-11T12:40:30.143+0000] {dag.py:3441} INFO - Setting next_dagrun for dataset_produces_2 to None, run_after=None
[2023-03-11T12:40:30.178+0000] {processor.py:175} INFO - Processing /home/airflow/.local/lib/python3.7/site-packages/airflow/example_dags/example_datasets.py took 0.140 seconds
[2023-03-11T12:41:01.116+0000] {processor.py:153} INFO - Started process (PID=1916) to work on /home/airflow/.local/lib/python3.7/site-packages/airflow/example_dags/example_datasets.py
[2023-03-11T12:41:01.117+0000] {processor.py:743} INFO - Processing file /home/airflow/.local/lib/python3.7/site-packages/airflow/example_dags/example_datasets.py for tasks to queue
[2023-03-11T12:41:01.118+0000] {logging_mixin.py:137} INFO - [2023-03-11T12:41:01.118+0000] {dagbag.py:538} INFO - Filling up the DagBag from /home/airflow/.local/lib/python3.7/site-packages/airflow/example_dags/example_datasets.py
[2023-03-11T12:41:01.136+0000] {processor.py:753} INFO - DAG(s) dict_keys(['dataset_produces_1', 'dataset_consumes_unknown_never_scheduled', 'dataset_consumes_1_never_scheduled', 'dataset_consumes_1_and_2', 'dataset_consumes_1', 'dataset_produces_2']) retrieved from /home/airflow/.local/lib/python3.7/site-packages/airflow/example_dags/example_datasets.py
[2023-03-11T12:41:01.182+0000] {logging_mixin.py:137} INFO - [2023-03-11T12:41:01.182+0000] {dag.py:2690} INFO - Sync 6 DAGs
[2023-03-11T12:41:01.212+0000] {logging_mixin.py:137} INFO - [2023-03-11T12:41:01.212+0000] {dag.py:3441} INFO - Setting next_dagrun for dataset_consumes_1 to None, run_after=None
[2023-03-11T12:41:01.217+0000] {logging_mixin.py:137} INFO - [2023-03-11T12:41:01.217+0000] {dag.py:3441} INFO - Setting next_dagrun for dataset_consumes_1_and_2 to None, run_after=None
[2023-03-11T12:41:01.218+0000] {logging_mixin.py:137} INFO - [2023-03-11T12:41:01.218+0000] {dag.py:3441} INFO - Setting next_dagrun for dataset_consumes_1_never_scheduled to None, run_after=None
[2023-03-11T12:41:01.220+0000] {logging_mixin.py:137} INFO - [2023-03-11T12:41:01.220+0000] {dag.py:3441} INFO - Setting next_dagrun for dataset_consumes_unknown_never_scheduled to None, run_after=None
[2023-03-11T12:41:01.223+0000] {logging_mixin.py:137} INFO - [2023-03-11T12:41:01.223+0000] {dag.py:3441} INFO - Setting next_dagrun for dataset_produces_1 to 2023-03-10T00:00:00+00:00, run_after=2023-03-11T00:00:00+00:00
[2023-03-11T12:41:01.224+0000] {logging_mixin.py:137} INFO - [2023-03-11T12:41:01.224+0000] {dag.py:3441} INFO - Setting next_dagrun for dataset_produces_2 to None, run_after=None
[2023-03-11T12:41:01.262+0000] {processor.py:175} INFO - Processing /home/airflow/.local/lib/python3.7/site-packages/airflow/example_dags/example_datasets.py took 0.148 seconds
[2023-03-11T12:41:31.652+0000] {processor.py:153} INFO - Started process (PID=2003) to work on /home/airflow/.local/lib/python3.7/site-packages/airflow/example_dags/example_datasets.py
[2023-03-11T12:41:31.653+0000] {processor.py:743} INFO - Processing file /home/airflow/.local/lib/python3.7/site-packages/airflow/example_dags/example_datasets.py for tasks to queue
[2023-03-11T12:41:31.654+0000] {logging_mixin.py:137} INFO - [2023-03-11T12:41:31.654+0000] {dagbag.py:538} INFO - Filling up the DagBag from /home/airflow/.local/lib/python3.7/site-packages/airflow/example_dags/example_datasets.py
[2023-03-11T12:41:31.670+0000] {processor.py:753} INFO - DAG(s) dict_keys(['dataset_consumes_1_and_2', 'dataset_consumes_unknown_never_scheduled', 'dataset_consumes_1', 'dataset_produces_2', 'dataset_consumes_1_never_scheduled', 'dataset_produces_1']) retrieved from /home/airflow/.local/lib/python3.7/site-packages/airflow/example_dags/example_datasets.py
[2023-03-11T12:41:31.712+0000] {logging_mixin.py:137} INFO - [2023-03-11T12:41:31.712+0000] {dag.py:2690} INFO - Sync 6 DAGs
[2023-03-11T12:41:31.742+0000] {logging_mixin.py:137} INFO - [2023-03-11T12:41:31.742+0000] {dag.py:3441} INFO - Setting next_dagrun for dataset_consumes_1 to None, run_after=None
[2023-03-11T12:41:31.745+0000] {logging_mixin.py:137} INFO - [2023-03-11T12:41:31.745+0000] {dag.py:3441} INFO - Setting next_dagrun for dataset_consumes_1_and_2 to None, run_after=None
[2023-03-11T12:41:31.747+0000] {logging_mixin.py:137} INFO - [2023-03-11T12:41:31.747+0000] {dag.py:3441} INFO - Setting next_dagrun for dataset_consumes_1_never_scheduled to None, run_after=None
[2023-03-11T12:41:31.748+0000] {logging_mixin.py:137} INFO - [2023-03-11T12:41:31.748+0000] {dag.py:3441} INFO - Setting next_dagrun for dataset_consumes_unknown_never_scheduled to None, run_after=None
[2023-03-11T12:41:31.751+0000] {logging_mixin.py:137} INFO - [2023-03-11T12:41:31.751+0000] {dag.py:3441} INFO - Setting next_dagrun for dataset_produces_1 to 2023-03-10T00:00:00+00:00, run_after=2023-03-11T00:00:00+00:00
[2023-03-11T12:41:31.752+0000] {logging_mixin.py:137} INFO - [2023-03-11T12:41:31.752+0000] {dag.py:3441} INFO - Setting next_dagrun for dataset_produces_2 to None, run_after=None
[2023-03-11T12:41:31.790+0000] {processor.py:175} INFO - Processing /home/airflow/.local/lib/python3.7/site-packages/airflow/example_dags/example_datasets.py took 0.141 seconds
[2023-03-11T12:42:02.412+0000] {processor.py:153} INFO - Started process (PID=2099) to work on /home/airflow/.local/lib/python3.7/site-packages/airflow/example_dags/example_datasets.py
[2023-03-11T12:42:02.413+0000] {processor.py:743} INFO - Processing file /home/airflow/.local/lib/python3.7/site-packages/airflow/example_dags/example_datasets.py for tasks to queue
[2023-03-11T12:42:02.414+0000] {logging_mixin.py:137} INFO - [2023-03-11T12:42:02.414+0000] {dagbag.py:538} INFO - Filling up the DagBag from /home/airflow/.local/lib/python3.7/site-packages/airflow/example_dags/example_datasets.py
[2023-03-11T12:42:02.428+0000] {processor.py:753} INFO - DAG(s) dict_keys(['dataset_consumes_1', 'dataset_produces_1', 'dataset_consumes_unknown_never_scheduled', 'dataset_consumes_1_never_scheduled', 'dataset_produces_2', 'dataset_consumes_1_and_2']) retrieved from /home/airflow/.local/lib/python3.7/site-packages/airflow/example_dags/example_datasets.py
[2023-03-11T12:42:02.469+0000] {logging_mixin.py:137} INFO - [2023-03-11T12:42:02.469+0000] {dag.py:2690} INFO - Sync 6 DAGs
[2023-03-11T12:42:02.497+0000] {logging_mixin.py:137} INFO - [2023-03-11T12:42:02.497+0000] {dag.py:3441} INFO - Setting next_dagrun for dataset_consumes_1 to None, run_after=None
[2023-03-11T12:42:02.501+0000] {logging_mixin.py:137} INFO - [2023-03-11T12:42:02.501+0000] {dag.py:3441} INFO - Setting next_dagrun for dataset_consumes_1_and_2 to None, run_after=None
[2023-03-11T12:42:02.502+0000] {logging_mixin.py:137} INFO - [2023-03-11T12:42:02.502+0000] {dag.py:3441} INFO - Setting next_dagrun for dataset_consumes_1_never_scheduled to None, run_after=None
[2023-03-11T12:42:02.503+0000] {logging_mixin.py:137} INFO - [2023-03-11T12:42:02.503+0000] {dag.py:3441} INFO - Setting next_dagrun for dataset_consumes_unknown_never_scheduled to None, run_after=None
[2023-03-11T12:42:02.506+0000] {logging_mixin.py:137} INFO - [2023-03-11T12:42:02.506+0000] {dag.py:3441} INFO - Setting next_dagrun for dataset_produces_1 to 2023-03-10T00:00:00+00:00, run_after=2023-03-11T00:00:00+00:00
[2023-03-11T12:42:02.508+0000] {logging_mixin.py:137} INFO - [2023-03-11T12:42:02.507+0000] {dag.py:3441} INFO - Setting next_dagrun for dataset_produces_2 to None, run_after=None
[2023-03-11T12:42:02.545+0000] {processor.py:175} INFO - Processing /home/airflow/.local/lib/python3.7/site-packages/airflow/example_dags/example_datasets.py took 0.135 seconds
[2023-03-11T12:42:33.092+0000] {processor.py:153} INFO - Started process (PID=2201) to work on /home/airflow/.local/lib/python3.7/site-packages/airflow/example_dags/example_datasets.py
[2023-03-11T12:42:33.093+0000] {processor.py:743} INFO - Processing file /home/airflow/.local/lib/python3.7/site-packages/airflow/example_dags/example_datasets.py for tasks to queue
[2023-03-11T12:42:33.094+0000] {logging_mixin.py:137} INFO - [2023-03-11T12:42:33.094+0000] {dagbag.py:538} INFO - Filling up the DagBag from /home/airflow/.local/lib/python3.7/site-packages/airflow/example_dags/example_datasets.py
[2023-03-11T12:42:33.113+0000] {processor.py:753} INFO - DAG(s) dict_keys(['dataset_produces_2', 'dataset_consumes_unknown_never_scheduled', 'dataset_produces_1', 'dataset_consumes_1_and_2', 'dataset_consumes_1_never_scheduled', 'dataset_consumes_1']) retrieved from /home/airflow/.local/lib/python3.7/site-packages/airflow/example_dags/example_datasets.py
[2023-03-11T12:42:33.158+0000] {logging_mixin.py:137} INFO - [2023-03-11T12:42:33.158+0000] {dag.py:2690} INFO - Sync 6 DAGs
[2023-03-11T12:42:33.185+0000] {logging_mixin.py:137} INFO - [2023-03-11T12:42:33.185+0000] {dag.py:3441} INFO - Setting next_dagrun for dataset_consumes_1 to None, run_after=None
[2023-03-11T12:42:33.189+0000] {logging_mixin.py:137} INFO - [2023-03-11T12:42:33.189+0000] {dag.py:3441} INFO - Setting next_dagrun for dataset_consumes_1_and_2 to None, run_after=None
[2023-03-11T12:42:33.190+0000] {logging_mixin.py:137} INFO - [2023-03-11T12:42:33.190+0000] {dag.py:3441} INFO - Setting next_dagrun for dataset_consumes_1_never_scheduled to None, run_after=None
[2023-03-11T12:42:33.192+0000] {logging_mixin.py:137} INFO - [2023-03-11T12:42:33.191+0000] {dag.py:3441} INFO - Setting next_dagrun for dataset_consumes_unknown_never_scheduled to None, run_after=None
[2023-03-11T12:42:33.194+0000] {logging_mixin.py:137} INFO - [2023-03-11T12:42:33.194+0000] {dag.py:3441} INFO - Setting next_dagrun for dataset_produces_1 to 2023-03-10T00:00:00+00:00, run_after=2023-03-11T00:00:00+00:00
[2023-03-11T12:42:33.196+0000] {logging_mixin.py:137} INFO - [2023-03-11T12:42:33.196+0000] {dag.py:3441} INFO - Setting next_dagrun for dataset_produces_2 to None, run_after=None
[2023-03-11T12:42:33.239+0000] {processor.py:175} INFO - Processing /home/airflow/.local/lib/python3.7/site-packages/airflow/example_dags/example_datasets.py took 0.149 seconds
[2023-03-11T12:43:03.692+0000] {processor.py:153} INFO - Started process (PID=2288) to work on /home/airflow/.local/lib/python3.7/site-packages/airflow/example_dags/example_datasets.py
[2023-03-11T12:43:03.693+0000] {processor.py:743} INFO - Processing file /home/airflow/.local/lib/python3.7/site-packages/airflow/example_dags/example_datasets.py for tasks to queue
[2023-03-11T12:43:03.694+0000] {logging_mixin.py:137} INFO - [2023-03-11T12:43:03.694+0000] {dagbag.py:538} INFO - Filling up the DagBag from /home/airflow/.local/lib/python3.7/site-packages/airflow/example_dags/example_datasets.py
[2023-03-11T12:43:03.710+0000] {processor.py:753} INFO - DAG(s) dict_keys(['dataset_consumes_1_and_2', 'dataset_produces_1', 'dataset_produces_2', 'dataset_consumes_1', 'dataset_consumes_1_never_scheduled', 'dataset_consumes_unknown_never_scheduled']) retrieved from /home/airflow/.local/lib/python3.7/site-packages/airflow/example_dags/example_datasets.py
[2023-03-11T12:43:03.754+0000] {logging_mixin.py:137} INFO - [2023-03-11T12:43:03.754+0000] {dag.py:2690} INFO - Sync 6 DAGs
[2023-03-11T12:43:03.785+0000] {logging_mixin.py:137} INFO - [2023-03-11T12:43:03.785+0000] {dag.py:3441} INFO - Setting next_dagrun for dataset_consumes_1 to None, run_after=None
[2023-03-11T12:43:03.789+0000] {logging_mixin.py:137} INFO - [2023-03-11T12:43:03.788+0000] {dag.py:3441} INFO - Setting next_dagrun for dataset_consumes_1_and_2 to None, run_after=None
[2023-03-11T12:43:03.790+0000] {logging_mixin.py:137} INFO - [2023-03-11T12:43:03.790+0000] {dag.py:3441} INFO - Setting next_dagrun for dataset_consumes_1_never_scheduled to None, run_after=None
[2023-03-11T12:43:03.791+0000] {logging_mixin.py:137} INFO - [2023-03-11T12:43:03.791+0000] {dag.py:3441} INFO - Setting next_dagrun for dataset_consumes_unknown_never_scheduled to None, run_after=None
[2023-03-11T12:43:03.794+0000] {logging_mixin.py:137} INFO - [2023-03-11T12:43:03.794+0000] {dag.py:3441} INFO - Setting next_dagrun for dataset_produces_1 to 2023-03-10T00:00:00+00:00, run_after=2023-03-11T00:00:00+00:00
[2023-03-11T12:43:03.796+0000] {logging_mixin.py:137} INFO - [2023-03-11T12:43:03.796+0000] {dag.py:3441} INFO - Setting next_dagrun for dataset_produces_2 to None, run_after=None
[2023-03-11T12:43:03.833+0000] {processor.py:175} INFO - Processing /home/airflow/.local/lib/python3.7/site-packages/airflow/example_dags/example_datasets.py took 0.144 seconds
[2023-03-11T12:43:34.512+0000] {processor.py:153} INFO - Started process (PID=2399) to work on /home/airflow/.local/lib/python3.7/site-packages/airflow/example_dags/example_datasets.py
[2023-03-11T12:43:34.513+0000] {processor.py:743} INFO - Processing file /home/airflow/.local/lib/python3.7/site-packages/airflow/example_dags/example_datasets.py for tasks to queue
[2023-03-11T12:43:34.514+0000] {logging_mixin.py:137} INFO - [2023-03-11T12:43:34.513+0000] {dagbag.py:538} INFO - Filling up the DagBag from /home/airflow/.local/lib/python3.7/site-packages/airflow/example_dags/example_datasets.py
[2023-03-11T12:43:34.528+0000] {processor.py:753} INFO - DAG(s) dict_keys(['dataset_produces_2', 'dataset_produces_1', 'dataset_consumes_1', 'dataset_consumes_1_and_2', 'dataset_consumes_1_never_scheduled', 'dataset_consumes_unknown_never_scheduled']) retrieved from /home/airflow/.local/lib/python3.7/site-packages/airflow/example_dags/example_datasets.py
[2023-03-11T12:43:34.567+0000] {logging_mixin.py:137} INFO - [2023-03-11T12:43:34.566+0000] {dag.py:2690} INFO - Sync 6 DAGs
[2023-03-11T12:43:34.595+0000] {logging_mixin.py:137} INFO - [2023-03-11T12:43:34.595+0000] {dag.py:3441} INFO - Setting next_dagrun for dataset_consumes_1 to None, run_after=None
[2023-03-11T12:43:34.598+0000] {logging_mixin.py:137} INFO - [2023-03-11T12:43:34.598+0000] {dag.py:3441} INFO - Setting next_dagrun for dataset_consumes_1_and_2 to None, run_after=None
[2023-03-11T12:43:34.600+0000] {logging_mixin.py:137} INFO - [2023-03-11T12:43:34.600+0000] {dag.py:3441} INFO - Setting next_dagrun for dataset_consumes_1_never_scheduled to None, run_after=None
[2023-03-11T12:43:34.601+0000] {logging_mixin.py:137} INFO - [2023-03-11T12:43:34.601+0000] {dag.py:3441} INFO - Setting next_dagrun for dataset_consumes_unknown_never_scheduled to None, run_after=None
[2023-03-11T12:43:34.604+0000] {logging_mixin.py:137} INFO - [2023-03-11T12:43:34.604+0000] {dag.py:3441} INFO - Setting next_dagrun for dataset_produces_1 to 2023-03-10T00:00:00+00:00, run_after=2023-03-11T00:00:00+00:00
[2023-03-11T12:43:34.605+0000] {logging_mixin.py:137} INFO - [2023-03-11T12:43:34.605+0000] {dag.py:3441} INFO - Setting next_dagrun for dataset_produces_2 to None, run_after=None
[2023-03-11T12:43:34.637+0000] {processor.py:175} INFO - Processing /home/airflow/.local/lib/python3.7/site-packages/airflow/example_dags/example_datasets.py took 0.127 seconds
[2023-03-11T12:44:04.917+0000] {processor.py:153} INFO - Started process (PID=2486) to work on /home/airflow/.local/lib/python3.7/site-packages/airflow/example_dags/example_datasets.py
[2023-03-11T12:44:04.918+0000] {processor.py:743} INFO - Processing file /home/airflow/.local/lib/python3.7/site-packages/airflow/example_dags/example_datasets.py for tasks to queue
[2023-03-11T12:44:04.918+0000] {logging_mixin.py:137} INFO - [2023-03-11T12:44:04.918+0000] {dagbag.py:538} INFO - Filling up the DagBag from /home/airflow/.local/lib/python3.7/site-packages/airflow/example_dags/example_datasets.py
[2023-03-11T12:44:04.934+0000] {processor.py:753} INFO - DAG(s) dict_keys(['dataset_consumes_1_and_2', 'dataset_consumes_1_never_scheduled', 'dataset_produces_1', 'dataset_consumes_1', 'dataset_produces_2', 'dataset_consumes_unknown_never_scheduled']) retrieved from /home/airflow/.local/lib/python3.7/site-packages/airflow/example_dags/example_datasets.py
[2023-03-11T12:44:04.974+0000] {logging_mixin.py:137} INFO - [2023-03-11T12:44:04.974+0000] {dag.py:2690} INFO - Sync 6 DAGs
[2023-03-11T12:44:05.003+0000] {logging_mixin.py:137} INFO - [2023-03-11T12:44:05.003+0000] {dag.py:3441} INFO - Setting next_dagrun for dataset_consumes_1 to None, run_after=None
[2023-03-11T12:44:05.007+0000] {logging_mixin.py:137} INFO - [2023-03-11T12:44:05.006+0000] {dag.py:3441} INFO - Setting next_dagrun for dataset_consumes_1_and_2 to None, run_after=None
[2023-03-11T12:44:05.008+0000] {logging_mixin.py:137} INFO - [2023-03-11T12:44:05.008+0000] {dag.py:3441} INFO - Setting next_dagrun for dataset_consumes_1_never_scheduled to None, run_after=None
[2023-03-11T12:44:05.009+0000] {logging_mixin.py:137} INFO - [2023-03-11T12:44:05.009+0000] {dag.py:3441} INFO - Setting next_dagrun for dataset_consumes_unknown_never_scheduled to None, run_after=None
[2023-03-11T12:44:05.013+0000] {logging_mixin.py:137} INFO - [2023-03-11T12:44:05.013+0000] {dag.py:3441} INFO - Setting next_dagrun for dataset_produces_1 to 2023-03-10T00:00:00+00:00, run_after=2023-03-11T00:00:00+00:00
[2023-03-11T12:44:05.015+0000] {logging_mixin.py:137} INFO - [2023-03-11T12:44:05.015+0000] {dag.py:3441} INFO - Setting next_dagrun for dataset_produces_2 to None, run_after=None
[2023-03-11T12:44:05.051+0000] {processor.py:175} INFO - Processing /home/airflow/.local/lib/python3.7/site-packages/airflow/example_dags/example_datasets.py took 0.137 seconds
[2023-03-11T12:44:35.483+0000] {processor.py:153} INFO - Started process (PID=2597) to work on /home/airflow/.local/lib/python3.7/site-packages/airflow/example_dags/example_datasets.py
[2023-03-11T12:44:35.484+0000] {processor.py:743} INFO - Processing file /home/airflow/.local/lib/python3.7/site-packages/airflow/example_dags/example_datasets.py for tasks to queue
[2023-03-11T12:44:35.484+0000] {logging_mixin.py:137} INFO - [2023-03-11T12:44:35.484+0000] {dagbag.py:538} INFO - Filling up the DagBag from /home/airflow/.local/lib/python3.7/site-packages/airflow/example_dags/example_datasets.py
[2023-03-11T12:44:35.500+0000] {processor.py:753} INFO - DAG(s) dict_keys(['dataset_consumes_unknown_never_scheduled', 'dataset_produces_1', 'dataset_consumes_1_never_scheduled', 'dataset_produces_2', 'dataset_consumes_1_and_2', 'dataset_consumes_1']) retrieved from /home/airflow/.local/lib/python3.7/site-packages/airflow/example_dags/example_datasets.py
[2023-03-11T12:44:35.548+0000] {logging_mixin.py:137} INFO - [2023-03-11T12:44:35.548+0000] {dag.py:2690} INFO - Sync 6 DAGs
[2023-03-11T12:44:35.576+0000] {logging_mixin.py:137} INFO - [2023-03-11T12:44:35.576+0000] {dag.py:3441} INFO - Setting next_dagrun for dataset_consumes_1 to None, run_after=None
[2023-03-11T12:44:35.579+0000] {logging_mixin.py:137} INFO - [2023-03-11T12:44:35.579+0000] {dag.py:3441} INFO - Setting next_dagrun for dataset_consumes_1_and_2 to None, run_after=None
[2023-03-11T12:44:35.581+0000] {logging_mixin.py:137} INFO - [2023-03-11T12:44:35.581+0000] {dag.py:3441} INFO - Setting next_dagrun for dataset_consumes_1_never_scheduled to None, run_after=None
[2023-03-11T12:44:35.582+0000] {logging_mixin.py:137} INFO - [2023-03-11T12:44:35.582+0000] {dag.py:3441} INFO - Setting next_dagrun for dataset_consumes_unknown_never_scheduled to None, run_after=None
[2023-03-11T12:44:35.585+0000] {logging_mixin.py:137} INFO - [2023-03-11T12:44:35.585+0000] {dag.py:3441} INFO - Setting next_dagrun for dataset_produces_1 to 2023-03-10T00:00:00+00:00, run_after=2023-03-11T00:00:00+00:00
[2023-03-11T12:44:35.587+0000] {logging_mixin.py:137} INFO - [2023-03-11T12:44:35.587+0000] {dag.py:3441} INFO - Setting next_dagrun for dataset_produces_2 to None, run_after=None
[2023-03-11T12:44:35.626+0000] {processor.py:175} INFO - Processing /home/airflow/.local/lib/python3.7/site-packages/airflow/example_dags/example_datasets.py took 0.146 seconds
[2023-03-11T12:45:06.544+0000] {processor.py:153} INFO - Started process (PID=2684) to work on /home/airflow/.local/lib/python3.7/site-packages/airflow/example_dags/example_datasets.py
[2023-03-11T12:45:06.545+0000] {processor.py:743} INFO - Processing file /home/airflow/.local/lib/python3.7/site-packages/airflow/example_dags/example_datasets.py for tasks to queue
[2023-03-11T12:45:06.545+0000] {logging_mixin.py:137} INFO - [2023-03-11T12:45:06.545+0000] {dagbag.py:538} INFO - Filling up the DagBag from /home/airflow/.local/lib/python3.7/site-packages/airflow/example_dags/example_datasets.py
[2023-03-11T12:45:06.570+0000] {processor.py:753} INFO - DAG(s) dict_keys(['dataset_consumes_1_never_scheduled', 'dataset_consumes_1_and_2', 'dataset_produces_1', 'dataset_consumes_unknown_never_scheduled', 'dataset_consumes_1', 'dataset_produces_2']) retrieved from /home/airflow/.local/lib/python3.7/site-packages/airflow/example_dags/example_datasets.py
[2023-03-11T12:45:06.649+0000] {logging_mixin.py:137} INFO - [2023-03-11T12:45:06.648+0000] {dag.py:2690} INFO - Sync 6 DAGs
[2023-03-11T12:45:06.686+0000] {logging_mixin.py:137} INFO - [2023-03-11T12:45:06.686+0000] {dag.py:3441} INFO - Setting next_dagrun for dataset_consumes_1 to None, run_after=None
[2023-03-11T12:45:06.690+0000] {logging_mixin.py:137} INFO - [2023-03-11T12:45:06.690+0000] {dag.py:3441} INFO - Setting next_dagrun for dataset_consumes_1_and_2 to None, run_after=None
[2023-03-11T12:45:06.693+0000] {logging_mixin.py:137} INFO - [2023-03-11T12:45:06.693+0000] {dag.py:3441} INFO - Setting next_dagrun for dataset_consumes_1_never_scheduled to None, run_after=None
[2023-03-11T12:45:06.696+0000] {logging_mixin.py:137} INFO - [2023-03-11T12:45:06.696+0000] {dag.py:3441} INFO - Setting next_dagrun for dataset_consumes_unknown_never_scheduled to None, run_after=None
[2023-03-11T12:45:06.702+0000] {logging_mixin.py:137} INFO - [2023-03-11T12:45:06.702+0000] {dag.py:3441} INFO - Setting next_dagrun for dataset_produces_1 to 2023-03-10T00:00:00+00:00, run_after=2023-03-11T00:00:00+00:00
[2023-03-11T12:45:06.705+0000] {logging_mixin.py:137} INFO - [2023-03-11T12:45:06.705+0000] {dag.py:3441} INFO - Setting next_dagrun for dataset_produces_2 to None, run_after=None
[2023-03-11T12:45:06.765+0000] {processor.py:175} INFO - Processing /home/airflow/.local/lib/python3.7/site-packages/airflow/example_dags/example_datasets.py took 0.226 seconds
[2023-03-11T12:45:37.083+0000] {processor.py:153} INFO - Started process (PID=2771) to work on /home/airflow/.local/lib/python3.7/site-packages/airflow/example_dags/example_datasets.py
[2023-03-11T12:45:37.085+0000] {processor.py:743} INFO - Processing file /home/airflow/.local/lib/python3.7/site-packages/airflow/example_dags/example_datasets.py for tasks to queue
[2023-03-11T12:45:37.086+0000] {logging_mixin.py:137} INFO - [2023-03-11T12:45:37.086+0000] {dagbag.py:538} INFO - Filling up the DagBag from /home/airflow/.local/lib/python3.7/site-packages/airflow/example_dags/example_datasets.py
[2023-03-11T12:45:37.105+0000] {processor.py:753} INFO - DAG(s) dict_keys(['dataset_consumes_1_and_2', 'dataset_produces_1', 'dataset_produces_2', 'dataset_consumes_unknown_never_scheduled', 'dataset_consumes_1', 'dataset_consumes_1_never_scheduled']) retrieved from /home/airflow/.local/lib/python3.7/site-packages/airflow/example_dags/example_datasets.py
[2023-03-11T12:45:37.179+0000] {logging_mixin.py:137} INFO - [2023-03-11T12:45:37.178+0000] {dag.py:2690} INFO - Sync 6 DAGs
[2023-03-11T12:45:37.219+0000] {logging_mixin.py:137} INFO - [2023-03-11T12:45:37.219+0000] {dag.py:3441} INFO - Setting next_dagrun for dataset_consumes_1 to None, run_after=None
[2023-03-11T12:45:37.225+0000] {logging_mixin.py:137} INFO - [2023-03-11T12:45:37.224+0000] {dag.py:3441} INFO - Setting next_dagrun for dataset_consumes_1_and_2 to None, run_after=None
[2023-03-11T12:45:37.227+0000] {logging_mixin.py:137} INFO - [2023-03-11T12:45:37.226+0000] {dag.py:3441} INFO - Setting next_dagrun for dataset_consumes_1_never_scheduled to None, run_after=None
[2023-03-11T12:45:37.229+0000] {logging_mixin.py:137} INFO - [2023-03-11T12:45:37.228+0000] {dag.py:3441} INFO - Setting next_dagrun for dataset_consumes_unknown_never_scheduled to None, run_after=None
[2023-03-11T12:45:37.234+0000] {logging_mixin.py:137} INFO - [2023-03-11T12:45:37.233+0000] {dag.py:3441} INFO - Setting next_dagrun for dataset_produces_1 to 2023-03-10T00:00:00+00:00, run_after=2023-03-11T00:00:00+00:00
[2023-03-11T12:45:37.237+0000] {logging_mixin.py:137} INFO - [2023-03-11T12:45:37.236+0000] {dag.py:3441} INFO - Setting next_dagrun for dataset_produces_2 to None, run_after=None
[2023-03-11T12:45:37.301+0000] {processor.py:175} INFO - Processing /home/airflow/.local/lib/python3.7/site-packages/airflow/example_dags/example_datasets.py took 0.222 seconds
[2023-03-11T12:46:07.439+0000] {processor.py:153} INFO - Started process (PID=2882) to work on /home/airflow/.local/lib/python3.7/site-packages/airflow/example_dags/example_datasets.py
[2023-03-11T12:46:07.440+0000] {processor.py:743} INFO - Processing file /home/airflow/.local/lib/python3.7/site-packages/airflow/example_dags/example_datasets.py for tasks to queue
[2023-03-11T12:46:07.440+0000] {logging_mixin.py:137} INFO - [2023-03-11T12:46:07.440+0000] {dagbag.py:538} INFO - Filling up the DagBag from /home/airflow/.local/lib/python3.7/site-packages/airflow/example_dags/example_datasets.py
[2023-03-11T12:46:07.457+0000] {processor.py:753} INFO - DAG(s) dict_keys(['dataset_produces_1', 'dataset_produces_2', 'dataset_consumes_unknown_never_scheduled', 'dataset_consumes_1_and_2', 'dataset_consumes_1', 'dataset_consumes_1_never_scheduled']) retrieved from /home/airflow/.local/lib/python3.7/site-packages/airflow/example_dags/example_datasets.py
[2023-03-11T12:46:07.503+0000] {logging_mixin.py:137} INFO - [2023-03-11T12:46:07.503+0000] {dag.py:2690} INFO - Sync 6 DAGs
[2023-03-11T12:46:07.530+0000] {logging_mixin.py:137} INFO - [2023-03-11T12:46:07.529+0000] {dag.py:3441} INFO - Setting next_dagrun for dataset_consumes_1 to None, run_after=None
[2023-03-11T12:46:07.533+0000] {logging_mixin.py:137} INFO - [2023-03-11T12:46:07.533+0000] {dag.py:3441} INFO - Setting next_dagrun for dataset_consumes_1_and_2 to None, run_after=None
[2023-03-11T12:46:07.534+0000] {logging_mixin.py:137} INFO - [2023-03-11T12:46:07.534+0000] {dag.py:3441} INFO - Setting next_dagrun for dataset_consumes_1_never_scheduled to None, run_after=None
[2023-03-11T12:46:07.535+0000] {logging_mixin.py:137} INFO - [2023-03-11T12:46:07.535+0000] {dag.py:3441} INFO - Setting next_dagrun for dataset_consumes_unknown_never_scheduled to None, run_after=None
[2023-03-11T12:46:07.538+0000] {logging_mixin.py:137} INFO - [2023-03-11T12:46:07.538+0000] {dag.py:3441} INFO - Setting next_dagrun for dataset_produces_1 to 2023-03-10T00:00:00+00:00, run_after=2023-03-11T00:00:00+00:00
[2023-03-11T12:46:07.539+0000] {logging_mixin.py:137} INFO - [2023-03-11T12:46:07.539+0000] {dag.py:3441} INFO - Setting next_dagrun for dataset_produces_2 to None, run_after=None
[2023-03-11T12:46:07.571+0000] {processor.py:175} INFO - Processing /home/airflow/.local/lib/python3.7/site-packages/airflow/example_dags/example_datasets.py took 0.136 seconds
[2023-03-11T12:46:38.349+0000] {processor.py:153} INFO - Started process (PID=2969) to work on /home/airflow/.local/lib/python3.7/site-packages/airflow/example_dags/example_datasets.py
[2023-03-11T12:46:38.350+0000] {processor.py:743} INFO - Processing file /home/airflow/.local/lib/python3.7/site-packages/airflow/example_dags/example_datasets.py for tasks to queue
[2023-03-11T12:46:38.350+0000] {logging_mixin.py:137} INFO - [2023-03-11T12:46:38.350+0000] {dagbag.py:538} INFO - Filling up the DagBag from /home/airflow/.local/lib/python3.7/site-packages/airflow/example_dags/example_datasets.py
[2023-03-11T12:46:38.365+0000] {processor.py:753} INFO - DAG(s) dict_keys(['dataset_consumes_unknown_never_scheduled', 'dataset_produces_2', 'dataset_produces_1', 'dataset_consumes_1_and_2', 'dataset_consumes_1', 'dataset_consumes_1_never_scheduled']) retrieved from /home/airflow/.local/lib/python3.7/site-packages/airflow/example_dags/example_datasets.py
[2023-03-11T12:46:38.403+0000] {logging_mixin.py:137} INFO - [2023-03-11T12:46:38.403+0000] {dag.py:2690} INFO - Sync 6 DAGs
[2023-03-11T12:46:38.428+0000] {logging_mixin.py:137} INFO - [2023-03-11T12:46:38.428+0000] {dag.py:3441} INFO - Setting next_dagrun for dataset_consumes_1 to None, run_after=None
[2023-03-11T12:46:38.432+0000] {logging_mixin.py:137} INFO - [2023-03-11T12:46:38.432+0000] {dag.py:3441} INFO - Setting next_dagrun for dataset_consumes_1_and_2 to None, run_after=None
[2023-03-11T12:46:38.433+0000] {logging_mixin.py:137} INFO - [2023-03-11T12:46:38.433+0000] {dag.py:3441} INFO - Setting next_dagrun for dataset_consumes_1_never_scheduled to None, run_after=None
[2023-03-11T12:46:38.434+0000] {logging_mixin.py:137} INFO - [2023-03-11T12:46:38.434+0000] {dag.py:3441} INFO - Setting next_dagrun for dataset_consumes_unknown_never_scheduled to None, run_after=None
[2023-03-11T12:46:38.438+0000] {logging_mixin.py:137} INFO - [2023-03-11T12:46:38.438+0000] {dag.py:3441} INFO - Setting next_dagrun for dataset_produces_1 to 2023-03-10T00:00:00+00:00, run_after=2023-03-11T00:00:00+00:00
[2023-03-11T12:46:38.440+0000] {logging_mixin.py:137} INFO - [2023-03-11T12:46:38.440+0000] {dag.py:3441} INFO - Setting next_dagrun for dataset_produces_2 to None, run_after=None
[2023-03-11T12:46:38.490+0000] {processor.py:175} INFO - Processing /home/airflow/.local/lib/python3.7/site-packages/airflow/example_dags/example_datasets.py took 0.144 seconds
[2023-03-11T12:47:09.129+0000] {processor.py:153} INFO - Started process (PID=3080) to work on /home/airflow/.local/lib/python3.7/site-packages/airflow/example_dags/example_datasets.py
[2023-03-11T12:47:09.130+0000] {processor.py:743} INFO - Processing file /home/airflow/.local/lib/python3.7/site-packages/airflow/example_dags/example_datasets.py for tasks to queue
[2023-03-11T12:47:09.131+0000] {logging_mixin.py:137} INFO - [2023-03-11T12:47:09.131+0000] {dagbag.py:538} INFO - Filling up the DagBag from /home/airflow/.local/lib/python3.7/site-packages/airflow/example_dags/example_datasets.py
[2023-03-11T12:47:09.147+0000] {processor.py:753} INFO - DAG(s) dict_keys(['dataset_produces_1', 'dataset_consumes_unknown_never_scheduled', 'dataset_consumes_1', 'dataset_produces_2', 'dataset_consumes_1_and_2', 'dataset_consumes_1_never_scheduled']) retrieved from /home/airflow/.local/lib/python3.7/site-packages/airflow/example_dags/example_datasets.py
[2023-03-11T12:47:09.187+0000] {logging_mixin.py:137} INFO - [2023-03-11T12:47:09.187+0000] {dag.py:2690} INFO - Sync 6 DAGs
[2023-03-11T12:47:09.214+0000] {logging_mixin.py:137} INFO - [2023-03-11T12:47:09.214+0000] {dag.py:3441} INFO - Setting next_dagrun for dataset_consumes_1 to None, run_after=None
[2023-03-11T12:47:09.218+0000] {logging_mixin.py:137} INFO - [2023-03-11T12:47:09.217+0000] {dag.py:3441} INFO - Setting next_dagrun for dataset_consumes_1_and_2 to None, run_after=None
[2023-03-11T12:47:09.219+0000] {logging_mixin.py:137} INFO - [2023-03-11T12:47:09.219+0000] {dag.py:3441} INFO - Setting next_dagrun for dataset_consumes_1_never_scheduled to None, run_after=None
[2023-03-11T12:47:09.220+0000] {logging_mixin.py:137} INFO - [2023-03-11T12:47:09.220+0000] {dag.py:3441} INFO - Setting next_dagrun for dataset_consumes_unknown_never_scheduled to None, run_after=None
[2023-03-11T12:47:09.223+0000] {logging_mixin.py:137} INFO - [2023-03-11T12:47:09.222+0000] {dag.py:3441} INFO - Setting next_dagrun for dataset_produces_1 to 2023-03-10T00:00:00+00:00, run_after=2023-03-11T00:00:00+00:00
[2023-03-11T12:47:09.224+0000] {logging_mixin.py:137} INFO - [2023-03-11T12:47:09.224+0000] {dag.py:3441} INFO - Setting next_dagrun for dataset_produces_2 to None, run_after=None
[2023-03-11T12:47:09.256+0000] {processor.py:175} INFO - Processing /home/airflow/.local/lib/python3.7/site-packages/airflow/example_dags/example_datasets.py took 0.130 seconds
[2023-03-11T12:47:39.912+0000] {processor.py:153} INFO - Started process (PID=3167) to work on /home/airflow/.local/lib/python3.7/site-packages/airflow/example_dags/example_datasets.py
[2023-03-11T12:47:39.913+0000] {processor.py:743} INFO - Processing file /home/airflow/.local/lib/python3.7/site-packages/airflow/example_dags/example_datasets.py for tasks to queue
[2023-03-11T12:47:39.914+0000] {logging_mixin.py:137} INFO - [2023-03-11T12:47:39.913+0000] {dagbag.py:538} INFO - Filling up the DagBag from /home/airflow/.local/lib/python3.7/site-packages/airflow/example_dags/example_datasets.py
[2023-03-11T12:47:39.930+0000] {processor.py:753} INFO - DAG(s) dict_keys(['dataset_consumes_1', 'dataset_produces_2', 'dataset_consumes_1_and_2', 'dataset_consumes_unknown_never_scheduled', 'dataset_consumes_1_never_scheduled', 'dataset_produces_1']) retrieved from /home/airflow/.local/lib/python3.7/site-packages/airflow/example_dags/example_datasets.py
[2023-03-11T12:47:39.975+0000] {logging_mixin.py:137} INFO - [2023-03-11T12:47:39.975+0000] {dag.py:2690} INFO - Sync 6 DAGs
[2023-03-11T12:47:40.004+0000] {logging_mixin.py:137} INFO - [2023-03-11T12:47:40.003+0000] {dag.py:3441} INFO - Setting next_dagrun for dataset_consumes_1 to None, run_after=None
[2023-03-11T12:47:40.007+0000] {logging_mixin.py:137} INFO - [2023-03-11T12:47:40.007+0000] {dag.py:3441} INFO - Setting next_dagrun for dataset_consumes_1_and_2 to None, run_after=None
[2023-03-11T12:47:40.008+0000] {logging_mixin.py:137} INFO - [2023-03-11T12:47:40.008+0000] {dag.py:3441} INFO - Setting next_dagrun for dataset_consumes_1_never_scheduled to None, run_after=None
[2023-03-11T12:47:40.009+0000] {logging_mixin.py:137} INFO - [2023-03-11T12:47:40.009+0000] {dag.py:3441} INFO - Setting next_dagrun for dataset_consumes_unknown_never_scheduled to None, run_after=None
[2023-03-11T12:47:40.012+0000] {logging_mixin.py:137} INFO - [2023-03-11T12:47:40.012+0000] {dag.py:3441} INFO - Setting next_dagrun for dataset_produces_1 to 2023-03-10T00:00:00+00:00, run_after=2023-03-11T00:00:00+00:00
[2023-03-11T12:47:40.013+0000] {logging_mixin.py:137} INFO - [2023-03-11T12:47:40.013+0000] {dag.py:3441} INFO - Setting next_dagrun for dataset_produces_2 to None, run_after=None
[2023-03-11T12:47:40.052+0000] {processor.py:175} INFO - Processing /home/airflow/.local/lib/python3.7/site-packages/airflow/example_dags/example_datasets.py took 0.143 seconds
[2023-03-11T12:48:10.421+0000] {processor.py:153} INFO - Started process (PID=3263) to work on /home/airflow/.local/lib/python3.7/site-packages/airflow/example_dags/example_datasets.py
[2023-03-11T12:48:10.422+0000] {processor.py:743} INFO - Processing file /home/airflow/.local/lib/python3.7/site-packages/airflow/example_dags/example_datasets.py for tasks to queue
[2023-03-11T12:48:10.422+0000] {logging_mixin.py:137} INFO - [2023-03-11T12:48:10.422+0000] {dagbag.py:538} INFO - Filling up the DagBag from /home/airflow/.local/lib/python3.7/site-packages/airflow/example_dags/example_datasets.py
[2023-03-11T12:48:10.438+0000] {processor.py:753} INFO - DAG(s) dict_keys(['dataset_consumes_unknown_never_scheduled', 'dataset_produces_1', 'dataset_consumes_1', 'dataset_produces_2', 'dataset_consumes_1_never_scheduled', 'dataset_consumes_1_and_2']) retrieved from /home/airflow/.local/lib/python3.7/site-packages/airflow/example_dags/example_datasets.py
[2023-03-11T12:48:10.483+0000] {logging_mixin.py:137} INFO - [2023-03-11T12:48:10.483+0000] {dag.py:2690} INFO - Sync 6 DAGs
[2023-03-11T12:48:10.511+0000] {logging_mixin.py:137} INFO - [2023-03-11T12:48:10.511+0000] {dag.py:3441} INFO - Setting next_dagrun for dataset_consumes_1 to None, run_after=None
[2023-03-11T12:48:10.515+0000] {logging_mixin.py:137} INFO - [2023-03-11T12:48:10.515+0000] {dag.py:3441} INFO - Setting next_dagrun for dataset_consumes_1_and_2 to None, run_after=None
[2023-03-11T12:48:10.516+0000] {logging_mixin.py:137} INFO - [2023-03-11T12:48:10.516+0000] {dag.py:3441} INFO - Setting next_dagrun for dataset_consumes_1_never_scheduled to None, run_after=None
[2023-03-11T12:48:10.517+0000] {logging_mixin.py:137} INFO - [2023-03-11T12:48:10.517+0000] {dag.py:3441} INFO - Setting next_dagrun for dataset_consumes_unknown_never_scheduled to None, run_after=None
[2023-03-11T12:48:10.521+0000] {logging_mixin.py:137} INFO - [2023-03-11T12:48:10.521+0000] {dag.py:3441} INFO - Setting next_dagrun for dataset_produces_1 to 2023-03-10T00:00:00+00:00, run_after=2023-03-11T00:00:00+00:00
[2023-03-11T12:48:10.523+0000] {logging_mixin.py:137} INFO - [2023-03-11T12:48:10.523+0000] {dag.py:3441} INFO - Setting next_dagrun for dataset_produces_2 to None, run_after=None
[2023-03-11T12:48:10.568+0000] {processor.py:175} INFO - Processing /home/airflow/.local/lib/python3.7/site-packages/airflow/example_dags/example_datasets.py took 0.150 seconds
[2023-03-11T12:48:41.545+0000] {processor.py:153} INFO - Started process (PID=3365) to work on /home/airflow/.local/lib/python3.7/site-packages/airflow/example_dags/example_datasets.py
[2023-03-11T12:48:41.546+0000] {processor.py:743} INFO - Processing file /home/airflow/.local/lib/python3.7/site-packages/airflow/example_dags/example_datasets.py for tasks to queue
[2023-03-11T12:48:41.546+0000] {logging_mixin.py:137} INFO - [2023-03-11T12:48:41.546+0000] {dagbag.py:538} INFO - Filling up the DagBag from /home/airflow/.local/lib/python3.7/site-packages/airflow/example_dags/example_datasets.py
[2023-03-11T12:48:41.563+0000] {processor.py:753} INFO - DAG(s) dict_keys(['dataset_produces_2', 'dataset_produces_1', 'dataset_consumes_1_never_scheduled', 'dataset_consumes_1', 'dataset_consumes_1_and_2', 'dataset_consumes_unknown_never_scheduled']) retrieved from /home/airflow/.local/lib/python3.7/site-packages/airflow/example_dags/example_datasets.py
[2023-03-11T12:48:41.608+0000] {logging_mixin.py:137} INFO - [2023-03-11T12:48:41.608+0000] {dag.py:2690} INFO - Sync 6 DAGs
[2023-03-11T12:48:41.639+0000] {logging_mixin.py:137} INFO - [2023-03-11T12:48:41.638+0000] {dag.py:3441} INFO - Setting next_dagrun for dataset_consumes_1 to None, run_after=None
[2023-03-11T12:48:41.642+0000] {logging_mixin.py:137} INFO - [2023-03-11T12:48:41.642+0000] {dag.py:3441} INFO - Setting next_dagrun for dataset_consumes_1_and_2 to None, run_after=None
[2023-03-11T12:48:41.644+0000] {logging_mixin.py:137} INFO - [2023-03-11T12:48:41.644+0000] {dag.py:3441} INFO - Setting next_dagrun for dataset_consumes_1_never_scheduled to None, run_after=None
[2023-03-11T12:48:41.645+0000] {logging_mixin.py:137} INFO - [2023-03-11T12:48:41.645+0000] {dag.py:3441} INFO - Setting next_dagrun for dataset_consumes_unknown_never_scheduled to None, run_after=None
[2023-03-11T12:48:41.648+0000] {logging_mixin.py:137} INFO - [2023-03-11T12:48:41.648+0000] {dag.py:3441} INFO - Setting next_dagrun for dataset_produces_1 to 2023-03-10T00:00:00+00:00, run_after=2023-03-11T00:00:00+00:00
[2023-03-11T12:48:41.649+0000] {logging_mixin.py:137} INFO - [2023-03-11T12:48:41.649+0000] {dag.py:3441} INFO - Setting next_dagrun for dataset_produces_2 to None, run_after=None
[2023-03-11T12:48:41.687+0000] {processor.py:175} INFO - Processing /home/airflow/.local/lib/python3.7/site-packages/airflow/example_dags/example_datasets.py took 0.145 seconds
[2023-03-11T12:49:12.101+0000] {processor.py:153} INFO - Started process (PID=3452) to work on /home/airflow/.local/lib/python3.7/site-packages/airflow/example_dags/example_datasets.py
[2023-03-11T12:49:12.101+0000] {processor.py:743} INFO - Processing file /home/airflow/.local/lib/python3.7/site-packages/airflow/example_dags/example_datasets.py for tasks to queue
[2023-03-11T12:49:12.102+0000] {logging_mixin.py:137} INFO - [2023-03-11T12:49:12.102+0000] {dagbag.py:538} INFO - Filling up the DagBag from /home/airflow/.local/lib/python3.7/site-packages/airflow/example_dags/example_datasets.py
[2023-03-11T12:49:12.118+0000] {processor.py:753} INFO - DAG(s) dict_keys(['dataset_consumes_1_never_scheduled', 'dataset_produces_1', 'dataset_consumes_1', 'dataset_consumes_1_and_2', 'dataset_produces_2', 'dataset_consumes_unknown_never_scheduled']) retrieved from /home/airflow/.local/lib/python3.7/site-packages/airflow/example_dags/example_datasets.py
[2023-03-11T12:49:12.158+0000] {logging_mixin.py:137} INFO - [2023-03-11T12:49:12.158+0000] {dag.py:2690} INFO - Sync 6 DAGs
[2023-03-11T12:49:12.184+0000] {logging_mixin.py:137} INFO - [2023-03-11T12:49:12.184+0000] {dag.py:3441} INFO - Setting next_dagrun for dataset_consumes_1 to None, run_after=None
[2023-03-11T12:49:12.188+0000] {logging_mixin.py:137} INFO - [2023-03-11T12:49:12.188+0000] {dag.py:3441} INFO - Setting next_dagrun for dataset_consumes_1_and_2 to None, run_after=None
[2023-03-11T12:49:12.190+0000] {logging_mixin.py:137} INFO - [2023-03-11T12:49:12.190+0000] {dag.py:3441} INFO - Setting next_dagrun for dataset_consumes_1_never_scheduled to None, run_after=None
[2023-03-11T12:49:12.192+0000] {logging_mixin.py:137} INFO - [2023-03-11T12:49:12.192+0000] {dag.py:3441} INFO - Setting next_dagrun for dataset_consumes_unknown_never_scheduled to None, run_after=None
[2023-03-11T12:49:12.195+0000] {logging_mixin.py:137} INFO - [2023-03-11T12:49:12.195+0000] {dag.py:3441} INFO - Setting next_dagrun for dataset_produces_1 to 2023-03-10T00:00:00+00:00, run_after=2023-03-11T00:00:00+00:00
[2023-03-11T12:49:12.196+0000] {logging_mixin.py:137} INFO - [2023-03-11T12:49:12.196+0000] {dag.py:3441} INFO - Setting next_dagrun for dataset_produces_2 to None, run_after=None
[2023-03-11T12:49:12.230+0000] {processor.py:175} INFO - Processing /home/airflow/.local/lib/python3.7/site-packages/airflow/example_dags/example_datasets.py took 0.132 seconds
[2023-03-11T12:49:42.286+0000] {processor.py:153} INFO - Started process (PID=3563) to work on /home/airflow/.local/lib/python3.7/site-packages/airflow/example_dags/example_datasets.py
[2023-03-11T12:49:42.287+0000] {processor.py:743} INFO - Processing file /home/airflow/.local/lib/python3.7/site-packages/airflow/example_dags/example_datasets.py for tasks to queue
[2023-03-11T12:49:42.288+0000] {logging_mixin.py:137} INFO - [2023-03-11T12:49:42.288+0000] {dagbag.py:538} INFO - Filling up the DagBag from /home/airflow/.local/lib/python3.7/site-packages/airflow/example_dags/example_datasets.py
[2023-03-11T12:49:42.303+0000] {processor.py:753} INFO - DAG(s) dict_keys(['dataset_consumes_1', 'dataset_consumes_1_never_scheduled', 'dataset_produces_2', 'dataset_consumes_1_and_2', 'dataset_consumes_unknown_never_scheduled', 'dataset_produces_1']) retrieved from /home/airflow/.local/lib/python3.7/site-packages/airflow/example_dags/example_datasets.py
[2023-03-11T12:49:42.346+0000] {logging_mixin.py:137} INFO - [2023-03-11T12:49:42.345+0000] {dag.py:2690} INFO - Sync 6 DAGs
[2023-03-11T12:49:42.373+0000] {logging_mixin.py:137} INFO - [2023-03-11T12:49:42.373+0000] {dag.py:3441} INFO - Setting next_dagrun for dataset_consumes_1 to None, run_after=None
[2023-03-11T12:49:42.376+0000] {logging_mixin.py:137} INFO - [2023-03-11T12:49:42.376+0000] {dag.py:3441} INFO - Setting next_dagrun for dataset_consumes_1_and_2 to None, run_after=None
[2023-03-11T12:49:42.378+0000] {logging_mixin.py:137} INFO - [2023-03-11T12:49:42.378+0000] {dag.py:3441} INFO - Setting next_dagrun for dataset_consumes_1_never_scheduled to None, run_after=None
[2023-03-11T12:49:42.379+0000] {logging_mixin.py:137} INFO - [2023-03-11T12:49:42.379+0000] {dag.py:3441} INFO - Setting next_dagrun for dataset_consumes_unknown_never_scheduled to None, run_after=None
[2023-03-11T12:49:42.382+0000] {logging_mixin.py:137} INFO - [2023-03-11T12:49:42.382+0000] {dag.py:3441} INFO - Setting next_dagrun for dataset_produces_1 to 2023-03-10T00:00:00+00:00, run_after=2023-03-11T00:00:00+00:00
[2023-03-11T12:49:42.383+0000] {logging_mixin.py:137} INFO - [2023-03-11T12:49:42.383+0000] {dag.py:3441} INFO - Setting next_dagrun for dataset_produces_2 to None, run_after=None
[2023-03-11T12:49:42.419+0000] {processor.py:175} INFO - Processing /home/airflow/.local/lib/python3.7/site-packages/airflow/example_dags/example_datasets.py took 0.136 seconds
