[2023-03-11T12:31:19.012+0000] {processor.py:153} INFO - Started process (PID=108) to work on /home/airflow/.local/lib/python3.7/site-packages/airflow/example_dags/example_short_circuit_decorator.py
[2023-03-11T12:31:19.013+0000] {processor.py:743} INFO - Processing file /home/airflow/.local/lib/python3.7/site-packages/airflow/example_dags/example_short_circuit_decorator.py for tasks to queue
[2023-03-11T12:31:19.014+0000] {logging_mixin.py:137} INFO - [2023-03-11T12:31:19.013+0000] {dagbag.py:538} INFO - Filling up the DagBag from /home/airflow/.local/lib/python3.7/site-packages/airflow/example_dags/example_short_circuit_decorator.py
[2023-03-11T12:31:19.045+0000] {processor.py:753} INFO - DAG(s) dict_keys(['example_short_circuit_decorator']) retrieved from /home/airflow/.local/lib/python3.7/site-packages/airflow/example_dags/example_short_circuit_decorator.py
[2023-03-11T12:31:19.066+0000] {logging_mixin.py:137} INFO - [2023-03-11T12:31:19.066+0000] {dag.py:2690} INFO - Sync 1 DAGs
[2023-03-11T12:31:19.110+0000] {logging_mixin.py:137} INFO - [2023-03-11T12:31:19.110+0000] {dag.py:3441} INFO - Setting next_dagrun for example_short_circuit_decorator to 2023-03-10T12:31:19.109711+00:00, run_after=2023-03-11T12:31:19.109711+00:00
[2023-03-11T12:31:19.160+0000] {processor.py:175} INFO - Processing /home/airflow/.local/lib/python3.7/site-packages/airflow/example_dags/example_short_circuit_decorator.py took 0.152 seconds
[2023-03-11T12:31:49.202+0000] {processor.py:153} INFO - Started process (PID=195) to work on /home/airflow/.local/lib/python3.7/site-packages/airflow/example_dags/example_short_circuit_decorator.py
[2023-03-11T12:31:49.203+0000] {processor.py:743} INFO - Processing file /home/airflow/.local/lib/python3.7/site-packages/airflow/example_dags/example_short_circuit_decorator.py for tasks to queue
[2023-03-11T12:31:49.204+0000] {logging_mixin.py:137} INFO - [2023-03-11T12:31:49.204+0000] {dagbag.py:538} INFO - Filling up the DagBag from /home/airflow/.local/lib/python3.7/site-packages/airflow/example_dags/example_short_circuit_decorator.py
[2023-03-11T12:31:49.232+0000] {processor.py:753} INFO - DAG(s) dict_keys(['example_short_circuit_decorator']) retrieved from /home/airflow/.local/lib/python3.7/site-packages/airflow/example_dags/example_short_circuit_decorator.py
[2023-03-11T12:31:49.262+0000] {logging_mixin.py:137} INFO - [2023-03-11T12:31:49.262+0000] {dag.py:2690} INFO - Sync 1 DAGs
[2023-03-11T12:31:49.292+0000] {logging_mixin.py:137} INFO - [2023-03-11T12:31:49.291+0000] {dag.py:3441} INFO - Setting next_dagrun for example_short_circuit_decorator to 2023-03-10T12:31:49.291558+00:00, run_after=2023-03-11T12:31:49.291558+00:00
[2023-03-11T12:31:49.313+0000] {processor.py:175} INFO - Processing /home/airflow/.local/lib/python3.7/site-packages/airflow/example_dags/example_short_circuit_decorator.py took 0.114 seconds
[2023-03-11T12:32:20.130+0000] {processor.py:153} INFO - Started process (PID=282) to work on /home/airflow/.local/lib/python3.7/site-packages/airflow/example_dags/example_short_circuit_decorator.py
[2023-03-11T12:32:20.131+0000] {processor.py:743} INFO - Processing file /home/airflow/.local/lib/python3.7/site-packages/airflow/example_dags/example_short_circuit_decorator.py for tasks to queue
[2023-03-11T12:32:20.132+0000] {logging_mixin.py:137} INFO - [2023-03-11T12:32:20.132+0000] {dagbag.py:538} INFO - Filling up the DagBag from /home/airflow/.local/lib/python3.7/site-packages/airflow/example_dags/example_short_circuit_decorator.py
[2023-03-11T12:32:20.159+0000] {processor.py:753} INFO - DAG(s) dict_keys(['example_short_circuit_decorator']) retrieved from /home/airflow/.local/lib/python3.7/site-packages/airflow/example_dags/example_short_circuit_decorator.py
[2023-03-11T12:32:20.187+0000] {logging_mixin.py:137} INFO - [2023-03-11T12:32:20.187+0000] {dag.py:2690} INFO - Sync 1 DAGs
[2023-03-11T12:32:20.214+0000] {logging_mixin.py:137} INFO - [2023-03-11T12:32:20.214+0000] {dag.py:3441} INFO - Setting next_dagrun for example_short_circuit_decorator to 2023-03-10T12:32:20.214121+00:00, run_after=2023-03-11T12:32:20.214121+00:00
[2023-03-11T12:32:20.235+0000] {processor.py:175} INFO - Processing /home/airflow/.local/lib/python3.7/site-packages/airflow/example_dags/example_short_circuit_decorator.py took 0.108 seconds
[2023-03-11T12:32:51.132+0000] {processor.py:153} INFO - Started process (PID=393) to work on /home/airflow/.local/lib/python3.7/site-packages/airflow/example_dags/example_short_circuit_decorator.py
[2023-03-11T12:32:51.133+0000] {processor.py:743} INFO - Processing file /home/airflow/.local/lib/python3.7/site-packages/airflow/example_dags/example_short_circuit_decorator.py for tasks to queue
[2023-03-11T12:32:51.134+0000] {logging_mixin.py:137} INFO - [2023-03-11T12:32:51.133+0000] {dagbag.py:538} INFO - Filling up the DagBag from /home/airflow/.local/lib/python3.7/site-packages/airflow/example_dags/example_short_circuit_decorator.py
[2023-03-11T12:32:51.161+0000] {processor.py:753} INFO - DAG(s) dict_keys(['example_short_circuit_decorator']) retrieved from /home/airflow/.local/lib/python3.7/site-packages/airflow/example_dags/example_short_circuit_decorator.py
[2023-03-11T12:32:51.189+0000] {logging_mixin.py:137} INFO - [2023-03-11T12:32:51.189+0000] {dag.py:2690} INFO - Sync 1 DAGs
[2023-03-11T12:32:51.218+0000] {logging_mixin.py:137} INFO - [2023-03-11T12:32:51.218+0000] {dag.py:3441} INFO - Setting next_dagrun for example_short_circuit_decorator to 2023-03-10T12:32:51.217755+00:00, run_after=2023-03-11T12:32:51.217755+00:00
[2023-03-11T12:32:51.237+0000] {processor.py:175} INFO - Processing /home/airflow/.local/lib/python3.7/site-packages/airflow/example_dags/example_short_circuit_decorator.py took 0.108 seconds
[2023-03-11T12:33:22.078+0000] {processor.py:153} INFO - Started process (PID=480) to work on /home/airflow/.local/lib/python3.7/site-packages/airflow/example_dags/example_short_circuit_decorator.py
[2023-03-11T12:33:22.079+0000] {processor.py:743} INFO - Processing file /home/airflow/.local/lib/python3.7/site-packages/airflow/example_dags/example_short_circuit_decorator.py for tasks to queue
[2023-03-11T12:33:22.080+0000] {logging_mixin.py:137} INFO - [2023-03-11T12:33:22.079+0000] {dagbag.py:538} INFO - Filling up the DagBag from /home/airflow/.local/lib/python3.7/site-packages/airflow/example_dags/example_short_circuit_decorator.py
[2023-03-11T12:33:22.104+0000] {processor.py:753} INFO - DAG(s) dict_keys(['example_short_circuit_decorator']) retrieved from /home/airflow/.local/lib/python3.7/site-packages/airflow/example_dags/example_short_circuit_decorator.py
[2023-03-11T12:33:22.129+0000] {logging_mixin.py:137} INFO - [2023-03-11T12:33:22.129+0000] {dag.py:2690} INFO - Sync 1 DAGs
[2023-03-11T12:33:22.155+0000] {logging_mixin.py:137} INFO - [2023-03-11T12:33:22.155+0000] {dag.py:3441} INFO - Setting next_dagrun for example_short_circuit_decorator to 2023-03-10T12:33:22.155341+00:00, run_after=2023-03-11T12:33:22.155341+00:00
[2023-03-11T12:33:22.180+0000] {processor.py:175} INFO - Processing /home/airflow/.local/lib/python3.7/site-packages/airflow/example_dags/example_short_circuit_decorator.py took 0.105 seconds
[2023-03-11T12:33:52.984+0000] {processor.py:153} INFO - Started process (PID=576) to work on /home/airflow/.local/lib/python3.7/site-packages/airflow/example_dags/example_short_circuit_decorator.py
[2023-03-11T12:33:52.986+0000] {processor.py:743} INFO - Processing file /home/airflow/.local/lib/python3.7/site-packages/airflow/example_dags/example_short_circuit_decorator.py for tasks to queue
[2023-03-11T12:33:52.987+0000] {logging_mixin.py:137} INFO - [2023-03-11T12:33:52.986+0000] {dagbag.py:538} INFO - Filling up the DagBag from /home/airflow/.local/lib/python3.7/site-packages/airflow/example_dags/example_short_circuit_decorator.py
[2023-03-11T12:33:53.013+0000] {processor.py:753} INFO - DAG(s) dict_keys(['example_short_circuit_decorator']) retrieved from /home/airflow/.local/lib/python3.7/site-packages/airflow/example_dags/example_short_circuit_decorator.py
[2023-03-11T12:33:53.044+0000] {logging_mixin.py:137} INFO - [2023-03-11T12:33:53.044+0000] {dag.py:2690} INFO - Sync 1 DAGs
[2023-03-11T12:33:53.078+0000] {logging_mixin.py:137} INFO - [2023-03-11T12:33:53.078+0000] {dag.py:3441} INFO - Setting next_dagrun for example_short_circuit_decorator to 2023-03-10T12:33:53.078172+00:00, run_after=2023-03-11T12:33:53.078172+00:00
[2023-03-11T12:33:53.105+0000] {processor.py:175} INFO - Processing /home/airflow/.local/lib/python3.7/site-packages/airflow/example_dags/example_short_circuit_decorator.py took 0.124 seconds
[2023-03-11T12:34:23.741+0000] {processor.py:153} INFO - Started process (PID=678) to work on /home/airflow/.local/lib/python3.7/site-packages/airflow/example_dags/example_short_circuit_decorator.py
[2023-03-11T12:34:23.742+0000] {processor.py:743} INFO - Processing file /home/airflow/.local/lib/python3.7/site-packages/airflow/example_dags/example_short_circuit_decorator.py for tasks to queue
[2023-03-11T12:34:23.743+0000] {logging_mixin.py:137} INFO - [2023-03-11T12:34:23.743+0000] {dagbag.py:538} INFO - Filling up the DagBag from /home/airflow/.local/lib/python3.7/site-packages/airflow/example_dags/example_short_circuit_decorator.py
[2023-03-11T12:34:23.769+0000] {processor.py:753} INFO - DAG(s) dict_keys(['example_short_circuit_decorator']) retrieved from /home/airflow/.local/lib/python3.7/site-packages/airflow/example_dags/example_short_circuit_decorator.py
[2023-03-11T12:34:23.797+0000] {logging_mixin.py:137} INFO - [2023-03-11T12:34:23.797+0000] {dag.py:2690} INFO - Sync 1 DAGs
[2023-03-11T12:34:23.823+0000] {logging_mixin.py:137} INFO - [2023-03-11T12:34:23.823+0000] {dag.py:3441} INFO - Setting next_dagrun for example_short_circuit_decorator to 2023-03-10T12:34:23.823437+00:00, run_after=2023-03-11T12:34:23.823437+00:00
[2023-03-11T12:34:23.844+0000] {processor.py:175} INFO - Processing /home/airflow/.local/lib/python3.7/site-packages/airflow/example_dags/example_short_circuit_decorator.py took 0.106 seconds
[2023-03-11T12:34:54.144+0000] {processor.py:153} INFO - Started process (PID=765) to work on /home/airflow/.local/lib/python3.7/site-packages/airflow/example_dags/example_short_circuit_decorator.py
[2023-03-11T12:34:54.145+0000] {processor.py:743} INFO - Processing file /home/airflow/.local/lib/python3.7/site-packages/airflow/example_dags/example_short_circuit_decorator.py for tasks to queue
[2023-03-11T12:34:54.146+0000] {logging_mixin.py:137} INFO - [2023-03-11T12:34:54.146+0000] {dagbag.py:538} INFO - Filling up the DagBag from /home/airflow/.local/lib/python3.7/site-packages/airflow/example_dags/example_short_circuit_decorator.py
[2023-03-11T12:34:54.172+0000] {processor.py:753} INFO - DAG(s) dict_keys(['example_short_circuit_decorator']) retrieved from /home/airflow/.local/lib/python3.7/site-packages/airflow/example_dags/example_short_circuit_decorator.py
[2023-03-11T12:34:54.197+0000] {logging_mixin.py:137} INFO - [2023-03-11T12:34:54.197+0000] {dag.py:2690} INFO - Sync 1 DAGs
[2023-03-11T12:34:54.223+0000] {logging_mixin.py:137} INFO - [2023-03-11T12:34:54.223+0000] {dag.py:3441} INFO - Setting next_dagrun for example_short_circuit_decorator to 2023-03-10T12:34:54.222963+00:00, run_after=2023-03-11T12:34:54.222963+00:00
[2023-03-11T12:34:54.241+0000] {processor.py:175} INFO - Processing /home/airflow/.local/lib/python3.7/site-packages/airflow/example_dags/example_short_circuit_decorator.py took 0.099 seconds
[2023-03-11T12:35:24.487+0000] {processor.py:153} INFO - Started process (PID=876) to work on /home/airflow/.local/lib/python3.7/site-packages/airflow/example_dags/example_short_circuit_decorator.py
[2023-03-11T12:35:24.488+0000] {processor.py:743} INFO - Processing file /home/airflow/.local/lib/python3.7/site-packages/airflow/example_dags/example_short_circuit_decorator.py for tasks to queue
[2023-03-11T12:35:24.489+0000] {logging_mixin.py:137} INFO - [2023-03-11T12:35:24.489+0000] {dagbag.py:538} INFO - Filling up the DagBag from /home/airflow/.local/lib/python3.7/site-packages/airflow/example_dags/example_short_circuit_decorator.py
[2023-03-11T12:35:24.516+0000] {processor.py:753} INFO - DAG(s) dict_keys(['example_short_circuit_decorator']) retrieved from /home/airflow/.local/lib/python3.7/site-packages/airflow/example_dags/example_short_circuit_decorator.py
[2023-03-11T12:35:24.543+0000] {logging_mixin.py:137} INFO - [2023-03-11T12:35:24.543+0000] {dag.py:2690} INFO - Sync 1 DAGs
[2023-03-11T12:35:24.572+0000] {logging_mixin.py:137} INFO - [2023-03-11T12:35:24.571+0000] {dag.py:3441} INFO - Setting next_dagrun for example_short_circuit_decorator to 2023-03-10T12:35:24.571632+00:00, run_after=2023-03-11T12:35:24.571632+00:00
[2023-03-11T12:35:24.594+0000] {processor.py:175} INFO - Processing /home/airflow/.local/lib/python3.7/site-packages/airflow/example_dags/example_short_circuit_decorator.py took 0.109 seconds
[2023-03-11T12:35:54.935+0000] {processor.py:153} INFO - Started process (PID=963) to work on /home/airflow/.local/lib/python3.7/site-packages/airflow/example_dags/example_short_circuit_decorator.py
[2023-03-11T12:35:54.936+0000] {processor.py:743} INFO - Processing file /home/airflow/.local/lib/python3.7/site-packages/airflow/example_dags/example_short_circuit_decorator.py for tasks to queue
[2023-03-11T12:35:54.937+0000] {logging_mixin.py:137} INFO - [2023-03-11T12:35:54.937+0000] {dagbag.py:538} INFO - Filling up the DagBag from /home/airflow/.local/lib/python3.7/site-packages/airflow/example_dags/example_short_circuit_decorator.py
[2023-03-11T12:35:54.963+0000] {processor.py:753} INFO - DAG(s) dict_keys(['example_short_circuit_decorator']) retrieved from /home/airflow/.local/lib/python3.7/site-packages/airflow/example_dags/example_short_circuit_decorator.py
[2023-03-11T12:35:54.990+0000] {logging_mixin.py:137} INFO - [2023-03-11T12:35:54.990+0000] {dag.py:2690} INFO - Sync 1 DAGs
[2023-03-11T12:35:55.020+0000] {logging_mixin.py:137} INFO - [2023-03-11T12:35:55.019+0000] {dag.py:3441} INFO - Setting next_dagrun for example_short_circuit_decorator to 2023-03-10T12:35:55.019570+00:00, run_after=2023-03-11T12:35:55.019570+00:00
[2023-03-11T12:35:55.038+0000] {processor.py:175} INFO - Processing /home/airflow/.local/lib/python3.7/site-packages/airflow/example_dags/example_short_circuit_decorator.py took 0.107 seconds
[2023-03-11T12:36:25.542+0000] {processor.py:153} INFO - Started process (PID=1050) to work on /home/airflow/.local/lib/python3.7/site-packages/airflow/example_dags/example_short_circuit_decorator.py
[2023-03-11T12:36:25.543+0000] {processor.py:743} INFO - Processing file /home/airflow/.local/lib/python3.7/site-packages/airflow/example_dags/example_short_circuit_decorator.py for tasks to queue
[2023-03-11T12:36:25.544+0000] {logging_mixin.py:137} INFO - [2023-03-11T12:36:25.544+0000] {dagbag.py:538} INFO - Filling up the DagBag from /home/airflow/.local/lib/python3.7/site-packages/airflow/example_dags/example_short_circuit_decorator.py
[2023-03-11T12:36:25.569+0000] {processor.py:753} INFO - DAG(s) dict_keys(['example_short_circuit_decorator']) retrieved from /home/airflow/.local/lib/python3.7/site-packages/airflow/example_dags/example_short_circuit_decorator.py
[2023-03-11T12:36:25.601+0000] {logging_mixin.py:137} INFO - [2023-03-11T12:36:25.600+0000] {dag.py:2690} INFO - Sync 1 DAGs
[2023-03-11T12:36:25.629+0000] {logging_mixin.py:137} INFO - [2023-03-11T12:36:25.629+0000] {dag.py:3441} INFO - Setting next_dagrun for example_short_circuit_decorator to 2023-03-10T12:36:25.629180+00:00, run_after=2023-03-11T12:36:25.629180+00:00
[2023-03-11T12:36:25.652+0000] {processor.py:175} INFO - Processing /home/airflow/.local/lib/python3.7/site-packages/airflow/example_dags/example_short_circuit_decorator.py took 0.113 seconds
[2023-03-11T12:36:56.209+0000] {processor.py:153} INFO - Started process (PID=1161) to work on /home/airflow/.local/lib/python3.7/site-packages/airflow/example_dags/example_short_circuit_decorator.py
[2023-03-11T12:36:56.210+0000] {processor.py:743} INFO - Processing file /home/airflow/.local/lib/python3.7/site-packages/airflow/example_dags/example_short_circuit_decorator.py for tasks to queue
[2023-03-11T12:36:56.211+0000] {logging_mixin.py:137} INFO - [2023-03-11T12:36:56.211+0000] {dagbag.py:538} INFO - Filling up the DagBag from /home/airflow/.local/lib/python3.7/site-packages/airflow/example_dags/example_short_circuit_decorator.py
[2023-03-11T12:36:56.236+0000] {processor.py:753} INFO - DAG(s) dict_keys(['example_short_circuit_decorator']) retrieved from /home/airflow/.local/lib/python3.7/site-packages/airflow/example_dags/example_short_circuit_decorator.py
[2023-03-11T12:36:56.263+0000] {logging_mixin.py:137} INFO - [2023-03-11T12:36:56.263+0000] {dag.py:2690} INFO - Sync 1 DAGs
[2023-03-11T12:36:56.289+0000] {logging_mixin.py:137} INFO - [2023-03-11T12:36:56.289+0000] {dag.py:3441} INFO - Setting next_dagrun for example_short_circuit_decorator to 2023-03-10T12:36:56.289114+00:00, run_after=2023-03-11T12:36:56.289114+00:00
[2023-03-11T12:36:56.309+0000] {processor.py:175} INFO - Processing /home/airflow/.local/lib/python3.7/site-packages/airflow/example_dags/example_short_circuit_decorator.py took 0.102 seconds
[2023-03-11T12:37:26.890+0000] {processor.py:153} INFO - Started process (PID=1248) to work on /home/airflow/.local/lib/python3.7/site-packages/airflow/example_dags/example_short_circuit_decorator.py
[2023-03-11T12:37:26.891+0000] {processor.py:743} INFO - Processing file /home/airflow/.local/lib/python3.7/site-packages/airflow/example_dags/example_short_circuit_decorator.py for tasks to queue
[2023-03-11T12:37:26.892+0000] {logging_mixin.py:137} INFO - [2023-03-11T12:37:26.892+0000] {dagbag.py:538} INFO - Filling up the DagBag from /home/airflow/.local/lib/python3.7/site-packages/airflow/example_dags/example_short_circuit_decorator.py
[2023-03-11T12:37:26.917+0000] {processor.py:753} INFO - DAG(s) dict_keys(['example_short_circuit_decorator']) retrieved from /home/airflow/.local/lib/python3.7/site-packages/airflow/example_dags/example_short_circuit_decorator.py
[2023-03-11T12:37:26.944+0000] {logging_mixin.py:137} INFO - [2023-03-11T12:37:26.944+0000] {dag.py:2690} INFO - Sync 1 DAGs
[2023-03-11T12:37:26.973+0000] {logging_mixin.py:137} INFO - [2023-03-11T12:37:26.972+0000] {dag.py:3441} INFO - Setting next_dagrun for example_short_circuit_decorator to 2023-03-10T12:37:26.972537+00:00, run_after=2023-03-11T12:37:26.972537+00:00
[2023-03-11T12:37:26.994+0000] {processor.py:175} INFO - Processing /home/airflow/.local/lib/python3.7/site-packages/airflow/example_dags/example_short_circuit_decorator.py took 0.106 seconds
[2023-03-11T12:37:58.115+0000] {processor.py:153} INFO - Started process (PID=1359) to work on /home/airflow/.local/lib/python3.7/site-packages/airflow/example_dags/example_short_circuit_decorator.py
[2023-03-11T12:37:58.116+0000] {processor.py:743} INFO - Processing file /home/airflow/.local/lib/python3.7/site-packages/airflow/example_dags/example_short_circuit_decorator.py for tasks to queue
[2023-03-11T12:37:58.117+0000] {logging_mixin.py:137} INFO - [2023-03-11T12:37:58.117+0000] {dagbag.py:538} INFO - Filling up the DagBag from /home/airflow/.local/lib/python3.7/site-packages/airflow/example_dags/example_short_circuit_decorator.py
[2023-03-11T12:37:58.148+0000] {processor.py:753} INFO - DAG(s) dict_keys(['example_short_circuit_decorator']) retrieved from /home/airflow/.local/lib/python3.7/site-packages/airflow/example_dags/example_short_circuit_decorator.py
[2023-03-11T12:37:58.185+0000] {logging_mixin.py:137} INFO - [2023-03-11T12:37:58.185+0000] {dag.py:2690} INFO - Sync 1 DAGs
[2023-03-11T12:37:58.213+0000] {logging_mixin.py:137} INFO - [2023-03-11T12:37:58.212+0000] {dag.py:3441} INFO - Setting next_dagrun for example_short_circuit_decorator to 2023-03-10T12:37:58.212547+00:00, run_after=2023-03-11T12:37:58.212547+00:00
[2023-03-11T12:37:58.234+0000] {processor.py:175} INFO - Processing /home/airflow/.local/lib/python3.7/site-packages/airflow/example_dags/example_short_circuit_decorator.py took 0.123 seconds
[2023-03-11T12:38:28.291+0000] {processor.py:153} INFO - Started process (PID=1445) to work on /home/airflow/.local/lib/python3.7/site-packages/airflow/example_dags/example_short_circuit_decorator.py
[2023-03-11T12:38:28.292+0000] {processor.py:743} INFO - Processing file /home/airflow/.local/lib/python3.7/site-packages/airflow/example_dags/example_short_circuit_decorator.py for tasks to queue
[2023-03-11T12:38:28.293+0000] {logging_mixin.py:137} INFO - [2023-03-11T12:38:28.293+0000] {dagbag.py:538} INFO - Filling up the DagBag from /home/airflow/.local/lib/python3.7/site-packages/airflow/example_dags/example_short_circuit_decorator.py
[2023-03-11T12:38:28.318+0000] {processor.py:753} INFO - DAG(s) dict_keys(['example_short_circuit_decorator']) retrieved from /home/airflow/.local/lib/python3.7/site-packages/airflow/example_dags/example_short_circuit_decorator.py
[2023-03-11T12:38:28.346+0000] {logging_mixin.py:137} INFO - [2023-03-11T12:38:28.346+0000] {dag.py:2690} INFO - Sync 1 DAGs
[2023-03-11T12:38:28.371+0000] {logging_mixin.py:137} INFO - [2023-03-11T12:38:28.371+0000] {dag.py:3441} INFO - Setting next_dagrun for example_short_circuit_decorator to 2023-03-10T12:38:28.371459+00:00, run_after=2023-03-11T12:38:28.371459+00:00
[2023-03-11T12:38:28.389+0000] {processor.py:175} INFO - Processing /home/airflow/.local/lib/python3.7/site-packages/airflow/example_dags/example_short_circuit_decorator.py took 0.101 seconds
[2023-03-11T12:38:59.374+0000] {processor.py:153} INFO - Started process (PID=1532) to work on /home/airflow/.local/lib/python3.7/site-packages/airflow/example_dags/example_short_circuit_decorator.py
[2023-03-11T12:38:59.375+0000] {processor.py:743} INFO - Processing file /home/airflow/.local/lib/python3.7/site-packages/airflow/example_dags/example_short_circuit_decorator.py for tasks to queue
[2023-03-11T12:38:59.376+0000] {logging_mixin.py:137} INFO - [2023-03-11T12:38:59.376+0000] {dagbag.py:538} INFO - Filling up the DagBag from /home/airflow/.local/lib/python3.7/site-packages/airflow/example_dags/example_short_circuit_decorator.py
[2023-03-11T12:38:59.407+0000] {processor.py:753} INFO - DAG(s) dict_keys(['example_short_circuit_decorator']) retrieved from /home/airflow/.local/lib/python3.7/site-packages/airflow/example_dags/example_short_circuit_decorator.py
[2023-03-11T12:38:59.440+0000] {logging_mixin.py:137} INFO - [2023-03-11T12:38:59.440+0000] {dag.py:2690} INFO - Sync 1 DAGs
[2023-03-11T12:38:59.469+0000] {logging_mixin.py:137} INFO - [2023-03-11T12:38:59.468+0000] {dag.py:3441} INFO - Setting next_dagrun for example_short_circuit_decorator to 2023-03-10T12:38:59.468608+00:00, run_after=2023-03-11T12:38:59.468608+00:00
[2023-03-11T12:38:59.494+0000] {processor.py:175} INFO - Processing /home/airflow/.local/lib/python3.7/site-packages/airflow/example_dags/example_short_circuit_decorator.py took 0.123 seconds
[2023-03-11T12:39:29.670+0000] {processor.py:153} INFO - Started process (PID=1643) to work on /home/airflow/.local/lib/python3.7/site-packages/airflow/example_dags/example_short_circuit_decorator.py
[2023-03-11T12:39:29.671+0000] {processor.py:743} INFO - Processing file /home/airflow/.local/lib/python3.7/site-packages/airflow/example_dags/example_short_circuit_decorator.py for tasks to queue
[2023-03-11T12:39:29.672+0000] {logging_mixin.py:137} INFO - [2023-03-11T12:39:29.671+0000] {dagbag.py:538} INFO - Filling up the DagBag from /home/airflow/.local/lib/python3.7/site-packages/airflow/example_dags/example_short_circuit_decorator.py
[2023-03-11T12:39:29.697+0000] {processor.py:753} INFO - DAG(s) dict_keys(['example_short_circuit_decorator']) retrieved from /home/airflow/.local/lib/python3.7/site-packages/airflow/example_dags/example_short_circuit_decorator.py
[2023-03-11T12:39:29.728+0000] {logging_mixin.py:137} INFO - [2023-03-11T12:39:29.728+0000] {dag.py:2690} INFO - Sync 1 DAGs
[2023-03-11T12:39:29.757+0000] {logging_mixin.py:137} INFO - [2023-03-11T12:39:29.757+0000] {dag.py:3441} INFO - Setting next_dagrun for example_short_circuit_decorator to 2023-03-10T12:39:29.756847+00:00, run_after=2023-03-11T12:39:29.756847+00:00
[2023-03-11T12:39:29.779+0000] {processor.py:175} INFO - Processing /home/airflow/.local/lib/python3.7/site-packages/airflow/example_dags/example_short_circuit_decorator.py took 0.111 seconds
[2023-03-11T12:39:59.871+0000] {processor.py:153} INFO - Started process (PID=1730) to work on /home/airflow/.local/lib/python3.7/site-packages/airflow/example_dags/example_short_circuit_decorator.py
[2023-03-11T12:39:59.872+0000] {processor.py:743} INFO - Processing file /home/airflow/.local/lib/python3.7/site-packages/airflow/example_dags/example_short_circuit_decorator.py for tasks to queue
[2023-03-11T12:39:59.872+0000] {logging_mixin.py:137} INFO - [2023-03-11T12:39:59.872+0000] {dagbag.py:538} INFO - Filling up the DagBag from /home/airflow/.local/lib/python3.7/site-packages/airflow/example_dags/example_short_circuit_decorator.py
[2023-03-11T12:39:59.900+0000] {processor.py:753} INFO - DAG(s) dict_keys(['example_short_circuit_decorator']) retrieved from /home/airflow/.local/lib/python3.7/site-packages/airflow/example_dags/example_short_circuit_decorator.py
[2023-03-11T12:39:59.932+0000] {logging_mixin.py:137} INFO - [2023-03-11T12:39:59.931+0000] {dag.py:2690} INFO - Sync 1 DAGs
[2023-03-11T12:39:59.959+0000] {logging_mixin.py:137} INFO - [2023-03-11T12:39:59.959+0000] {dag.py:3441} INFO - Setting next_dagrun for example_short_circuit_decorator to 2023-03-10T12:39:59.959211+00:00, run_after=2023-03-11T12:39:59.959211+00:00
[2023-03-11T12:39:59.979+0000] {processor.py:175} INFO - Processing /home/airflow/.local/lib/python3.7/site-packages/airflow/example_dags/example_short_circuit_decorator.py took 0.112 seconds
[2023-03-11T12:40:30.928+0000] {processor.py:153} INFO - Started process (PID=1817) to work on /home/airflow/.local/lib/python3.7/site-packages/airflow/example_dags/example_short_circuit_decorator.py
[2023-03-11T12:40:30.930+0000] {processor.py:743} INFO - Processing file /home/airflow/.local/lib/python3.7/site-packages/airflow/example_dags/example_short_circuit_decorator.py for tasks to queue
[2023-03-11T12:40:30.930+0000] {logging_mixin.py:137} INFO - [2023-03-11T12:40:30.930+0000] {dagbag.py:538} INFO - Filling up the DagBag from /home/airflow/.local/lib/python3.7/site-packages/airflow/example_dags/example_short_circuit_decorator.py
[2023-03-11T12:40:30.956+0000] {processor.py:753} INFO - DAG(s) dict_keys(['example_short_circuit_decorator']) retrieved from /home/airflow/.local/lib/python3.7/site-packages/airflow/example_dags/example_short_circuit_decorator.py
[2023-03-11T12:40:30.986+0000] {logging_mixin.py:137} INFO - [2023-03-11T12:40:30.986+0000] {dag.py:2690} INFO - Sync 1 DAGs
[2023-03-11T12:40:31.013+0000] {logging_mixin.py:137} INFO - [2023-03-11T12:40:31.013+0000] {dag.py:3441} INFO - Setting next_dagrun for example_short_circuit_decorator to 2023-03-10T12:40:31.012800+00:00, run_after=2023-03-11T12:40:31.012800+00:00
[2023-03-11T12:40:31.032+0000] {processor.py:175} INFO - Processing /home/airflow/.local/lib/python3.7/site-packages/airflow/example_dags/example_short_circuit_decorator.py took 0.107 seconds
[2023-03-11T12:41:01.874+0000] {processor.py:153} INFO - Started process (PID=1928) to work on /home/airflow/.local/lib/python3.7/site-packages/airflow/example_dags/example_short_circuit_decorator.py
[2023-03-11T12:41:01.875+0000] {processor.py:743} INFO - Processing file /home/airflow/.local/lib/python3.7/site-packages/airflow/example_dags/example_short_circuit_decorator.py for tasks to queue
[2023-03-11T12:41:01.875+0000] {logging_mixin.py:137} INFO - [2023-03-11T12:41:01.875+0000] {dagbag.py:538} INFO - Filling up the DagBag from /home/airflow/.local/lib/python3.7/site-packages/airflow/example_dags/example_short_circuit_decorator.py
[2023-03-11T12:41:01.899+0000] {processor.py:753} INFO - DAG(s) dict_keys(['example_short_circuit_decorator']) retrieved from /home/airflow/.local/lib/python3.7/site-packages/airflow/example_dags/example_short_circuit_decorator.py
[2023-03-11T12:41:01.926+0000] {logging_mixin.py:137} INFO - [2023-03-11T12:41:01.925+0000] {dag.py:2690} INFO - Sync 1 DAGs
[2023-03-11T12:41:01.951+0000] {logging_mixin.py:137} INFO - [2023-03-11T12:41:01.951+0000] {dag.py:3441} INFO - Setting next_dagrun for example_short_circuit_decorator to 2023-03-10T12:41:01.951371+00:00, run_after=2023-03-11T12:41:01.951371+00:00
[2023-03-11T12:41:01.970+0000] {processor.py:175} INFO - Processing /home/airflow/.local/lib/python3.7/site-packages/airflow/example_dags/example_short_circuit_decorator.py took 0.099 seconds
[2023-03-11T12:41:32.584+0000] {processor.py:153} INFO - Started process (PID=2015) to work on /home/airflow/.local/lib/python3.7/site-packages/airflow/example_dags/example_short_circuit_decorator.py
[2023-03-11T12:41:32.585+0000] {processor.py:743} INFO - Processing file /home/airflow/.local/lib/python3.7/site-packages/airflow/example_dags/example_short_circuit_decorator.py for tasks to queue
[2023-03-11T12:41:32.585+0000] {logging_mixin.py:137} INFO - [2023-03-11T12:41:32.585+0000] {dagbag.py:538} INFO - Filling up the DagBag from /home/airflow/.local/lib/python3.7/site-packages/airflow/example_dags/example_short_circuit_decorator.py
[2023-03-11T12:41:32.610+0000] {processor.py:753} INFO - DAG(s) dict_keys(['example_short_circuit_decorator']) retrieved from /home/airflow/.local/lib/python3.7/site-packages/airflow/example_dags/example_short_circuit_decorator.py
[2023-03-11T12:41:32.640+0000] {logging_mixin.py:137} INFO - [2023-03-11T12:41:32.640+0000] {dag.py:2690} INFO - Sync 1 DAGs
[2023-03-11T12:41:32.672+0000] {logging_mixin.py:137} INFO - [2023-03-11T12:41:32.672+0000] {dag.py:3441} INFO - Setting next_dagrun for example_short_circuit_decorator to 2023-03-10T12:41:32.672317+00:00, run_after=2023-03-11T12:41:32.672317+00:00
[2023-03-11T12:41:32.693+0000] {processor.py:175} INFO - Processing /home/airflow/.local/lib/python3.7/site-packages/airflow/example_dags/example_short_circuit_decorator.py took 0.112 seconds
[2023-03-11T12:42:03.298+0000] {processor.py:153} INFO - Started process (PID=2126) to work on /home/airflow/.local/lib/python3.7/site-packages/airflow/example_dags/example_short_circuit_decorator.py
[2023-03-11T12:42:03.299+0000] {processor.py:743} INFO - Processing file /home/airflow/.local/lib/python3.7/site-packages/airflow/example_dags/example_short_circuit_decorator.py for tasks to queue
[2023-03-11T12:42:03.300+0000] {logging_mixin.py:137} INFO - [2023-03-11T12:42:03.300+0000] {dagbag.py:538} INFO - Filling up the DagBag from /home/airflow/.local/lib/python3.7/site-packages/airflow/example_dags/example_short_circuit_decorator.py
[2023-03-11T12:42:03.324+0000] {processor.py:753} INFO - DAG(s) dict_keys(['example_short_circuit_decorator']) retrieved from /home/airflow/.local/lib/python3.7/site-packages/airflow/example_dags/example_short_circuit_decorator.py
[2023-03-11T12:42:03.352+0000] {logging_mixin.py:137} INFO - [2023-03-11T12:42:03.352+0000] {dag.py:2690} INFO - Sync 1 DAGs
[2023-03-11T12:42:03.377+0000] {logging_mixin.py:137} INFO - [2023-03-11T12:42:03.377+0000] {dag.py:3441} INFO - Setting next_dagrun for example_short_circuit_decorator to 2023-03-10T12:42:03.377162+00:00, run_after=2023-03-11T12:42:03.377162+00:00
[2023-03-11T12:42:03.397+0000] {processor.py:175} INFO - Processing /home/airflow/.local/lib/python3.7/site-packages/airflow/example_dags/example_short_circuit_decorator.py took 0.102 seconds
[2023-03-11T12:42:33.932+0000] {processor.py:153} INFO - Started process (PID=2213) to work on /home/airflow/.local/lib/python3.7/site-packages/airflow/example_dags/example_short_circuit_decorator.py
[2023-03-11T12:42:33.933+0000] {processor.py:743} INFO - Processing file /home/airflow/.local/lib/python3.7/site-packages/airflow/example_dags/example_short_circuit_decorator.py for tasks to queue
[2023-03-11T12:42:33.934+0000] {logging_mixin.py:137} INFO - [2023-03-11T12:42:33.933+0000] {dagbag.py:538} INFO - Filling up the DagBag from /home/airflow/.local/lib/python3.7/site-packages/airflow/example_dags/example_short_circuit_decorator.py
[2023-03-11T12:42:33.958+0000] {processor.py:753} INFO - DAG(s) dict_keys(['example_short_circuit_decorator']) retrieved from /home/airflow/.local/lib/python3.7/site-packages/airflow/example_dags/example_short_circuit_decorator.py
[2023-03-11T12:42:33.984+0000] {logging_mixin.py:137} INFO - [2023-03-11T12:42:33.984+0000] {dag.py:2690} INFO - Sync 1 DAGs
[2023-03-11T12:42:34.010+0000] {logging_mixin.py:137} INFO - [2023-03-11T12:42:34.010+0000] {dag.py:3441} INFO - Setting next_dagrun for example_short_circuit_decorator to 2023-03-10T12:42:34.010400+00:00, run_after=2023-03-11T12:42:34.010400+00:00
[2023-03-11T12:42:34.028+0000] {processor.py:175} INFO - Processing /home/airflow/.local/lib/python3.7/site-packages/airflow/example_dags/example_short_circuit_decorator.py took 0.099 seconds
[2023-03-11T12:43:04.559+0000] {processor.py:153} INFO - Started process (PID=2300) to work on /home/airflow/.local/lib/python3.7/site-packages/airflow/example_dags/example_short_circuit_decorator.py
[2023-03-11T12:43:04.559+0000] {processor.py:743} INFO - Processing file /home/airflow/.local/lib/python3.7/site-packages/airflow/example_dags/example_short_circuit_decorator.py for tasks to queue
[2023-03-11T12:43:04.560+0000] {logging_mixin.py:137} INFO - [2023-03-11T12:43:04.560+0000] {dagbag.py:538} INFO - Filling up the DagBag from /home/airflow/.local/lib/python3.7/site-packages/airflow/example_dags/example_short_circuit_decorator.py
[2023-03-11T12:43:04.584+0000] {processor.py:753} INFO - DAG(s) dict_keys(['example_short_circuit_decorator']) retrieved from /home/airflow/.local/lib/python3.7/site-packages/airflow/example_dags/example_short_circuit_decorator.py
[2023-03-11T12:43:04.607+0000] {logging_mixin.py:137} INFO - [2023-03-11T12:43:04.607+0000] {dag.py:2690} INFO - Sync 1 DAGs
[2023-03-11T12:43:04.632+0000] {logging_mixin.py:137} INFO - [2023-03-11T12:43:04.632+0000] {dag.py:3441} INFO - Setting next_dagrun for example_short_circuit_decorator to 2023-03-10T12:43:04.632416+00:00, run_after=2023-03-11T12:43:04.632416+00:00
[2023-03-11T12:43:04.654+0000] {processor.py:175} INFO - Processing /home/airflow/.local/lib/python3.7/site-packages/airflow/example_dags/example_short_circuit_decorator.py took 0.098 seconds
[2023-03-11T12:43:35.252+0000] {processor.py:153} INFO - Started process (PID=2411) to work on /home/airflow/.local/lib/python3.7/site-packages/airflow/example_dags/example_short_circuit_decorator.py
[2023-03-11T12:43:35.253+0000] {processor.py:743} INFO - Processing file /home/airflow/.local/lib/python3.7/site-packages/airflow/example_dags/example_short_circuit_decorator.py for tasks to queue
[2023-03-11T12:43:35.253+0000] {logging_mixin.py:137} INFO - [2023-03-11T12:43:35.253+0000] {dagbag.py:538} INFO - Filling up the DagBag from /home/airflow/.local/lib/python3.7/site-packages/airflow/example_dags/example_short_circuit_decorator.py
[2023-03-11T12:43:35.277+0000] {processor.py:753} INFO - DAG(s) dict_keys(['example_short_circuit_decorator']) retrieved from /home/airflow/.local/lib/python3.7/site-packages/airflow/example_dags/example_short_circuit_decorator.py
[2023-03-11T12:43:35.301+0000] {logging_mixin.py:137} INFO - [2023-03-11T12:43:35.301+0000] {dag.py:2690} INFO - Sync 1 DAGs
[2023-03-11T12:43:35.326+0000] {logging_mixin.py:137} INFO - [2023-03-11T12:43:35.326+0000] {dag.py:3441} INFO - Setting next_dagrun for example_short_circuit_decorator to 2023-03-10T12:43:35.326246+00:00, run_after=2023-03-11T12:43:35.326246+00:00
[2023-03-11T12:43:35.345+0000] {processor.py:175} INFO - Processing /home/airflow/.local/lib/python3.7/site-packages/airflow/example_dags/example_short_circuit_decorator.py took 0.096 seconds
[2023-03-11T12:44:05.677+0000] {processor.py:153} INFO - Started process (PID=2498) to work on /home/airflow/.local/lib/python3.7/site-packages/airflow/example_dags/example_short_circuit_decorator.py
[2023-03-11T12:44:05.678+0000] {processor.py:743} INFO - Processing file /home/airflow/.local/lib/python3.7/site-packages/airflow/example_dags/example_short_circuit_decorator.py for tasks to queue
[2023-03-11T12:44:05.678+0000] {logging_mixin.py:137} INFO - [2023-03-11T12:44:05.678+0000] {dagbag.py:538} INFO - Filling up the DagBag from /home/airflow/.local/lib/python3.7/site-packages/airflow/example_dags/example_short_circuit_decorator.py
[2023-03-11T12:44:05.702+0000] {processor.py:753} INFO - DAG(s) dict_keys(['example_short_circuit_decorator']) retrieved from /home/airflow/.local/lib/python3.7/site-packages/airflow/example_dags/example_short_circuit_decorator.py
[2023-03-11T12:44:05.736+0000] {logging_mixin.py:137} INFO - [2023-03-11T12:44:05.736+0000] {dag.py:2690} INFO - Sync 1 DAGs
[2023-03-11T12:44:05.766+0000] {logging_mixin.py:137} INFO - [2023-03-11T12:44:05.766+0000] {dag.py:3441} INFO - Setting next_dagrun for example_short_circuit_decorator to 2023-03-10T12:44:05.765801+00:00, run_after=2023-03-11T12:44:05.765801+00:00
[2023-03-11T12:44:05.787+0000] {processor.py:175} INFO - Processing /home/airflow/.local/lib/python3.7/site-packages/airflow/example_dags/example_short_circuit_decorator.py took 0.113 seconds
[2023-03-11T12:44:36.472+0000] {processor.py:153} INFO - Started process (PID=2609) to work on /home/airflow/.local/lib/python3.7/site-packages/airflow/example_dags/example_short_circuit_decorator.py
[2023-03-11T12:44:36.473+0000] {processor.py:743} INFO - Processing file /home/airflow/.local/lib/python3.7/site-packages/airflow/example_dags/example_short_circuit_decorator.py for tasks to queue
[2023-03-11T12:44:36.473+0000] {logging_mixin.py:137} INFO - [2023-03-11T12:44:36.473+0000] {dagbag.py:538} INFO - Filling up the DagBag from /home/airflow/.local/lib/python3.7/site-packages/airflow/example_dags/example_short_circuit_decorator.py
[2023-03-11T12:44:36.503+0000] {processor.py:753} INFO - DAG(s) dict_keys(['example_short_circuit_decorator']) retrieved from /home/airflow/.local/lib/python3.7/site-packages/airflow/example_dags/example_short_circuit_decorator.py
[2023-03-11T12:44:36.558+0000] {logging_mixin.py:137} INFO - [2023-03-11T12:44:36.557+0000] {dag.py:2690} INFO - Sync 1 DAGs
[2023-03-11T12:44:36.587+0000] {logging_mixin.py:137} INFO - [2023-03-11T12:44:36.587+0000] {dag.py:3441} INFO - Setting next_dagrun for example_short_circuit_decorator to 2023-03-10T12:44:36.587247+00:00, run_after=2023-03-11T12:44:36.587247+00:00
[2023-03-11T12:44:36.610+0000] {processor.py:175} INFO - Processing /home/airflow/.local/lib/python3.7/site-packages/airflow/example_dags/example_short_circuit_decorator.py took 0.142 seconds
[2023-03-11T12:45:07.689+0000] {processor.py:153} INFO - Started process (PID=2696) to work on /home/airflow/.local/lib/python3.7/site-packages/airflow/example_dags/example_short_circuit_decorator.py
[2023-03-11T12:45:07.690+0000] {processor.py:743} INFO - Processing file /home/airflow/.local/lib/python3.7/site-packages/airflow/example_dags/example_short_circuit_decorator.py for tasks to queue
[2023-03-11T12:45:07.691+0000] {logging_mixin.py:137} INFO - [2023-03-11T12:45:07.690+0000] {dagbag.py:538} INFO - Filling up the DagBag from /home/airflow/.local/lib/python3.7/site-packages/airflow/example_dags/example_short_circuit_decorator.py
[2023-03-11T12:45:07.718+0000] {processor.py:753} INFO - DAG(s) dict_keys(['example_short_circuit_decorator']) retrieved from /home/airflow/.local/lib/python3.7/site-packages/airflow/example_dags/example_short_circuit_decorator.py
[2023-03-11T12:45:07.757+0000] {logging_mixin.py:137} INFO - [2023-03-11T12:45:07.757+0000] {dag.py:2690} INFO - Sync 1 DAGs
[2023-03-11T12:45:07.793+0000] {logging_mixin.py:137} INFO - [2023-03-11T12:45:07.793+0000] {dag.py:3441} INFO - Setting next_dagrun for example_short_circuit_decorator to 2023-03-10T12:45:07.793411+00:00, run_after=2023-03-11T12:45:07.793411+00:00
[2023-03-11T12:45:07.823+0000] {processor.py:175} INFO - Processing /home/airflow/.local/lib/python3.7/site-packages/airflow/example_dags/example_short_circuit_decorator.py took 0.137 seconds
[2023-03-11T12:45:38.266+0000] {processor.py:153} INFO - Started process (PID=2792) to work on /home/airflow/.local/lib/python3.7/site-packages/airflow/example_dags/example_short_circuit_decorator.py
[2023-03-11T12:45:38.268+0000] {processor.py:743} INFO - Processing file /home/airflow/.local/lib/python3.7/site-packages/airflow/example_dags/example_short_circuit_decorator.py for tasks to queue
[2023-03-11T12:45:38.269+0000] {logging_mixin.py:137} INFO - [2023-03-11T12:45:38.269+0000] {dagbag.py:538} INFO - Filling up the DagBag from /home/airflow/.local/lib/python3.7/site-packages/airflow/example_dags/example_short_circuit_decorator.py
[2023-03-11T12:45:38.294+0000] {processor.py:753} INFO - DAG(s) dict_keys(['example_short_circuit_decorator']) retrieved from /home/airflow/.local/lib/python3.7/site-packages/airflow/example_dags/example_short_circuit_decorator.py
[2023-03-11T12:45:38.339+0000] {logging_mixin.py:137} INFO - [2023-03-11T12:45:38.338+0000] {dag.py:2690} INFO - Sync 1 DAGs
[2023-03-11T12:45:38.372+0000] {logging_mixin.py:137} INFO - [2023-03-11T12:45:38.372+0000] {dag.py:3441} INFO - Setting next_dagrun for example_short_circuit_decorator to 2023-03-10T12:45:38.371962+00:00, run_after=2023-03-11T12:45:38.371962+00:00
[2023-03-11T12:45:38.392+0000] {processor.py:175} INFO - Processing /home/airflow/.local/lib/python3.7/site-packages/airflow/example_dags/example_short_circuit_decorator.py took 0.129 seconds
[2023-03-11T12:46:09.291+0000] {processor.py:153} INFO - Started process (PID=2894) to work on /home/airflow/.local/lib/python3.7/site-packages/airflow/example_dags/example_short_circuit_decorator.py
[2023-03-11T12:46:09.292+0000] {processor.py:743} INFO - Processing file /home/airflow/.local/lib/python3.7/site-packages/airflow/example_dags/example_short_circuit_decorator.py for tasks to queue
[2023-03-11T12:46:09.293+0000] {logging_mixin.py:137} INFO - [2023-03-11T12:46:09.293+0000] {dagbag.py:538} INFO - Filling up the DagBag from /home/airflow/.local/lib/python3.7/site-packages/airflow/example_dags/example_short_circuit_decorator.py
[2023-03-11T12:46:09.318+0000] {processor.py:753} INFO - DAG(s) dict_keys(['example_short_circuit_decorator']) retrieved from /home/airflow/.local/lib/python3.7/site-packages/airflow/example_dags/example_short_circuit_decorator.py
[2023-03-11T12:46:09.342+0000] {logging_mixin.py:137} INFO - [2023-03-11T12:46:09.342+0000] {dag.py:2690} INFO - Sync 1 DAGs
[2023-03-11T12:46:09.366+0000] {logging_mixin.py:137} INFO - [2023-03-11T12:46:09.366+0000] {dag.py:3441} INFO - Setting next_dagrun for example_short_circuit_decorator to 2023-03-10T12:46:09.366401+00:00, run_after=2023-03-11T12:46:09.366401+00:00
[2023-03-11T12:46:09.384+0000] {processor.py:175} INFO - Processing /home/airflow/.local/lib/python3.7/site-packages/airflow/example_dags/example_short_circuit_decorator.py took 0.096 seconds
[2023-03-11T12:46:40.120+0000] {processor.py:153} INFO - Started process (PID=2981) to work on /home/airflow/.local/lib/python3.7/site-packages/airflow/example_dags/example_short_circuit_decorator.py
[2023-03-11T12:46:40.121+0000] {processor.py:743} INFO - Processing file /home/airflow/.local/lib/python3.7/site-packages/airflow/example_dags/example_short_circuit_decorator.py for tasks to queue
[2023-03-11T12:46:40.122+0000] {logging_mixin.py:137} INFO - [2023-03-11T12:46:40.122+0000] {dagbag.py:538} INFO - Filling up the DagBag from /home/airflow/.local/lib/python3.7/site-packages/airflow/example_dags/example_short_circuit_decorator.py
[2023-03-11T12:46:40.146+0000] {processor.py:753} INFO - DAG(s) dict_keys(['example_short_circuit_decorator']) retrieved from /home/airflow/.local/lib/python3.7/site-packages/airflow/example_dags/example_short_circuit_decorator.py
[2023-03-11T12:46:40.173+0000] {logging_mixin.py:137} INFO - [2023-03-11T12:46:40.172+0000] {dag.py:2690} INFO - Sync 1 DAGs
[2023-03-11T12:46:40.200+0000] {logging_mixin.py:137} INFO - [2023-03-11T12:46:40.200+0000] {dag.py:3441} INFO - Setting next_dagrun for example_short_circuit_decorator to 2023-03-10T12:46:40.199692+00:00, run_after=2023-03-11T12:46:40.199692+00:00
[2023-03-11T12:46:40.220+0000] {processor.py:175} INFO - Processing /home/airflow/.local/lib/python3.7/site-packages/airflow/example_dags/example_short_circuit_decorator.py took 0.103 seconds
[2023-03-11T12:47:10.897+0000] {processor.py:153} INFO - Started process (PID=3092) to work on /home/airflow/.local/lib/python3.7/site-packages/airflow/example_dags/example_short_circuit_decorator.py
[2023-03-11T12:47:10.898+0000] {processor.py:743} INFO - Processing file /home/airflow/.local/lib/python3.7/site-packages/airflow/example_dags/example_short_circuit_decorator.py for tasks to queue
[2023-03-11T12:47:10.898+0000] {logging_mixin.py:137} INFO - [2023-03-11T12:47:10.898+0000] {dagbag.py:538} INFO - Filling up the DagBag from /home/airflow/.local/lib/python3.7/site-packages/airflow/example_dags/example_short_circuit_decorator.py
[2023-03-11T12:47:10.922+0000] {processor.py:753} INFO - DAG(s) dict_keys(['example_short_circuit_decorator']) retrieved from /home/airflow/.local/lib/python3.7/site-packages/airflow/example_dags/example_short_circuit_decorator.py
[2023-03-11T12:47:10.946+0000] {logging_mixin.py:137} INFO - [2023-03-11T12:47:10.946+0000] {dag.py:2690} INFO - Sync 1 DAGs
[2023-03-11T12:47:10.971+0000] {logging_mixin.py:137} INFO - [2023-03-11T12:47:10.971+0000] {dag.py:3441} INFO - Setting next_dagrun for example_short_circuit_decorator to 2023-03-10T12:47:10.971532+00:00, run_after=2023-03-11T12:47:10.971532+00:00
[2023-03-11T12:47:10.992+0000] {processor.py:175} INFO - Processing /home/airflow/.local/lib/python3.7/site-packages/airflow/example_dags/example_short_circuit_decorator.py took 0.097 seconds
[2023-03-11T12:47:41.801+0000] {processor.py:153} INFO - Started process (PID=3179) to work on /home/airflow/.local/lib/python3.7/site-packages/airflow/example_dags/example_short_circuit_decorator.py
[2023-03-11T12:47:41.802+0000] {processor.py:743} INFO - Processing file /home/airflow/.local/lib/python3.7/site-packages/airflow/example_dags/example_short_circuit_decorator.py for tasks to queue
[2023-03-11T12:47:41.803+0000] {logging_mixin.py:137} INFO - [2023-03-11T12:47:41.803+0000] {dagbag.py:538} INFO - Filling up the DagBag from /home/airflow/.local/lib/python3.7/site-packages/airflow/example_dags/example_short_circuit_decorator.py
[2023-03-11T12:47:41.826+0000] {processor.py:753} INFO - DAG(s) dict_keys(['example_short_circuit_decorator']) retrieved from /home/airflow/.local/lib/python3.7/site-packages/airflow/example_dags/example_short_circuit_decorator.py
[2023-03-11T12:47:41.854+0000] {logging_mixin.py:137} INFO - [2023-03-11T12:47:41.854+0000] {dag.py:2690} INFO - Sync 1 DAGs
[2023-03-11T12:47:41.881+0000] {logging_mixin.py:137} INFO - [2023-03-11T12:47:41.881+0000] {dag.py:3441} INFO - Setting next_dagrun for example_short_circuit_decorator to 2023-03-10T12:47:41.881012+00:00, run_after=2023-03-11T12:47:41.881012+00:00
[2023-03-11T12:47:41.900+0000] {processor.py:175} INFO - Processing /home/airflow/.local/lib/python3.7/site-packages/airflow/example_dags/example_short_circuit_decorator.py took 0.101 seconds
[2023-03-11T12:48:12.543+0000] {processor.py:153} INFO - Started process (PID=3290) to work on /home/airflow/.local/lib/python3.7/site-packages/airflow/example_dags/example_short_circuit_decorator.py
[2023-03-11T12:48:12.544+0000] {processor.py:743} INFO - Processing file /home/airflow/.local/lib/python3.7/site-packages/airflow/example_dags/example_short_circuit_decorator.py for tasks to queue
[2023-03-11T12:48:12.545+0000] {logging_mixin.py:137} INFO - [2023-03-11T12:48:12.544+0000] {dagbag.py:538} INFO - Filling up the DagBag from /home/airflow/.local/lib/python3.7/site-packages/airflow/example_dags/example_short_circuit_decorator.py
[2023-03-11T12:48:12.574+0000] {processor.py:753} INFO - DAG(s) dict_keys(['example_short_circuit_decorator']) retrieved from /home/airflow/.local/lib/python3.7/site-packages/airflow/example_dags/example_short_circuit_decorator.py
[2023-03-11T12:48:12.616+0000] {logging_mixin.py:137} INFO - [2023-03-11T12:48:12.615+0000] {dag.py:2690} INFO - Sync 1 DAGs
[2023-03-11T12:48:12.649+0000] {logging_mixin.py:137} INFO - [2023-03-11T12:48:12.649+0000] {dag.py:3441} INFO - Setting next_dagrun for example_short_circuit_decorator to 2023-03-10T12:48:12.649198+00:00, run_after=2023-03-11T12:48:12.649198+00:00
[2023-03-11T12:48:12.684+0000] {processor.py:175} INFO - Processing /home/airflow/.local/lib/python3.7/site-packages/airflow/example_dags/example_short_circuit_decorator.py took 0.145 seconds
[2023-03-11T12:48:43.314+0000] {processor.py:153} INFO - Started process (PID=3377) to work on /home/airflow/.local/lib/python3.7/site-packages/airflow/example_dags/example_short_circuit_decorator.py
[2023-03-11T12:48:43.315+0000] {processor.py:743} INFO - Processing file /home/airflow/.local/lib/python3.7/site-packages/airflow/example_dags/example_short_circuit_decorator.py for tasks to queue
[2023-03-11T12:48:43.315+0000] {logging_mixin.py:137} INFO - [2023-03-11T12:48:43.315+0000] {dagbag.py:538} INFO - Filling up the DagBag from /home/airflow/.local/lib/python3.7/site-packages/airflow/example_dags/example_short_circuit_decorator.py
[2023-03-11T12:48:43.339+0000] {processor.py:753} INFO - DAG(s) dict_keys(['example_short_circuit_decorator']) retrieved from /home/airflow/.local/lib/python3.7/site-packages/airflow/example_dags/example_short_circuit_decorator.py
[2023-03-11T12:48:43.369+0000] {logging_mixin.py:137} INFO - [2023-03-11T12:48:43.369+0000] {dag.py:2690} INFO - Sync 1 DAGs
[2023-03-11T12:48:43.396+0000] {logging_mixin.py:137} INFO - [2023-03-11T12:48:43.396+0000] {dag.py:3441} INFO - Setting next_dagrun for example_short_circuit_decorator to 2023-03-10T12:48:43.395867+00:00, run_after=2023-03-11T12:48:43.395867+00:00
[2023-03-11T12:48:43.414+0000] {processor.py:175} INFO - Processing /home/airflow/.local/lib/python3.7/site-packages/airflow/example_dags/example_short_circuit_decorator.py took 0.103 seconds
[2023-03-11T12:49:14.134+0000] {processor.py:153} INFO - Started process (PID=3473) to work on /home/airflow/.local/lib/python3.7/site-packages/airflow/example_dags/example_short_circuit_decorator.py
[2023-03-11T12:49:14.135+0000] {processor.py:743} INFO - Processing file /home/airflow/.local/lib/python3.7/site-packages/airflow/example_dags/example_short_circuit_decorator.py for tasks to queue
[2023-03-11T12:49:14.136+0000] {logging_mixin.py:137} INFO - [2023-03-11T12:49:14.136+0000] {dagbag.py:538} INFO - Filling up the DagBag from /home/airflow/.local/lib/python3.7/site-packages/airflow/example_dags/example_short_circuit_decorator.py
[2023-03-11T12:49:14.169+0000] {processor.py:753} INFO - DAG(s) dict_keys(['example_short_circuit_decorator']) retrieved from /home/airflow/.local/lib/python3.7/site-packages/airflow/example_dags/example_short_circuit_decorator.py
[2023-03-11T12:49:14.206+0000] {logging_mixin.py:137} INFO - [2023-03-11T12:49:14.206+0000] {dag.py:2690} INFO - Sync 1 DAGs
[2023-03-11T12:49:14.235+0000] {logging_mixin.py:137} INFO - [2023-03-11T12:49:14.235+0000] {dag.py:3441} INFO - Setting next_dagrun for example_short_circuit_decorator to 2023-03-10T12:49:14.234802+00:00, run_after=2023-03-11T12:49:14.234802+00:00
[2023-03-11T12:49:14.255+0000] {processor.py:175} INFO - Processing /home/airflow/.local/lib/python3.7/site-packages/airflow/example_dags/example_short_circuit_decorator.py took 0.124 seconds
[2023-03-11T12:49:44.323+0000] {processor.py:153} INFO - Started process (PID=3575) to work on /home/airflow/.local/lib/python3.7/site-packages/airflow/example_dags/example_short_circuit_decorator.py
[2023-03-11T12:49:44.324+0000] {processor.py:743} INFO - Processing file /home/airflow/.local/lib/python3.7/site-packages/airflow/example_dags/example_short_circuit_decorator.py for tasks to queue
[2023-03-11T12:49:44.325+0000] {logging_mixin.py:137} INFO - [2023-03-11T12:49:44.325+0000] {dagbag.py:538} INFO - Filling up the DagBag from /home/airflow/.local/lib/python3.7/site-packages/airflow/example_dags/example_short_circuit_decorator.py
[2023-03-11T12:49:44.349+0000] {processor.py:753} INFO - DAG(s) dict_keys(['example_short_circuit_decorator']) retrieved from /home/airflow/.local/lib/python3.7/site-packages/airflow/example_dags/example_short_circuit_decorator.py
[2023-03-11T12:49:44.373+0000] {logging_mixin.py:137} INFO - [2023-03-11T12:49:44.373+0000] {dag.py:2690} INFO - Sync 1 DAGs
[2023-03-11T12:49:44.398+0000] {logging_mixin.py:137} INFO - [2023-03-11T12:49:44.398+0000] {dag.py:3441} INFO - Setting next_dagrun for example_short_circuit_decorator to 2023-03-10T12:49:44.398263+00:00, run_after=2023-03-11T12:49:44.398263+00:00
[2023-03-11T12:49:44.416+0000] {processor.py:175} INFO - Processing /home/airflow/.local/lib/python3.7/site-packages/airflow/example_dags/example_short_circuit_decorator.py took 0.095 seconds
