[2023-03-11T12:31:19.306+0000] {processor.py:153} INFO - Started process (PID=111) to work on /home/airflow/.local/lib/python3.7/site-packages/airflow/example_dags/example_sla_dag.py
[2023-03-11T12:31:19.307+0000] {processor.py:743} INFO - Processing file /home/airflow/.local/lib/python3.7/site-packages/airflow/example_dags/example_sla_dag.py for tasks to queue
[2023-03-11T12:31:19.308+0000] {logging_mixin.py:137} INFO - [2023-03-11T12:31:19.308+0000] {dagbag.py:538} INFO - Filling up the DagBag from /home/airflow/.local/lib/python3.7/site-packages/airflow/example_dags/example_sla_dag.py
[2023-03-11T12:31:19.350+0000] {processor.py:753} INFO - DAG(s) dict_keys(['example_sla_dag']) retrieved from /home/airflow/.local/lib/python3.7/site-packages/airflow/example_dags/example_sla_dag.py
[2023-03-11T12:31:19.379+0000] {logging_mixin.py:137} INFO - [2023-03-11T12:31:19.379+0000] {dag.py:2690} INFO - Sync 1 DAGs
[2023-03-11T12:31:19.430+0000] {logging_mixin.py:137} INFO - [2023-03-11T12:31:19.430+0000] {dag.py:3441} INFO - Setting next_dagrun for example_sla_dag to 2023-03-11T12:28:00+00:00, run_after=2023-03-11T12:30:00+00:00
[2023-03-11T12:31:19.470+0000] {processor.py:175} INFO - Processing /home/airflow/.local/lib/python3.7/site-packages/airflow/example_dags/example_sla_dag.py took 0.169 seconds
[2023-03-11T12:31:50.469+0000] {processor.py:153} INFO - Started process (PID=198) to work on /home/airflow/.local/lib/python3.7/site-packages/airflow/example_dags/example_sla_dag.py
[2023-03-11T12:31:50.470+0000] {processor.py:743} INFO - Processing file /home/airflow/.local/lib/python3.7/site-packages/airflow/example_dags/example_sla_dag.py for tasks to queue
[2023-03-11T12:31:50.471+0000] {logging_mixin.py:137} INFO - [2023-03-11T12:31:50.470+0000] {dagbag.py:538} INFO - Filling up the DagBag from /home/airflow/.local/lib/python3.7/site-packages/airflow/example_dags/example_sla_dag.py
[2023-03-11T12:31:50.495+0000] {processor.py:753} INFO - DAG(s) dict_keys(['example_sla_dag']) retrieved from /home/airflow/.local/lib/python3.7/site-packages/airflow/example_dags/example_sla_dag.py
[2023-03-11T12:31:50.522+0000] {logging_mixin.py:137} INFO - [2023-03-11T12:31:50.522+0000] {dag.py:2690} INFO - Sync 1 DAGs
[2023-03-11T12:31:50.556+0000] {logging_mixin.py:137} INFO - [2023-03-11T12:31:50.555+0000] {dag.py:3441} INFO - Setting next_dagrun for example_sla_dag to 2023-03-11T12:28:00+00:00, run_after=2023-03-11T12:30:00+00:00
[2023-03-11T12:31:50.581+0000] {processor.py:175} INFO - Processing /home/airflow/.local/lib/python3.7/site-packages/airflow/example_dags/example_sla_dag.py took 0.115 seconds
[2023-03-11T12:32:21.288+0000] {processor.py:153} INFO - Started process (PID=285) to work on /home/airflow/.local/lib/python3.7/site-packages/airflow/example_dags/example_sla_dag.py
[2023-03-11T12:32:21.289+0000] {processor.py:743} INFO - Processing file /home/airflow/.local/lib/python3.7/site-packages/airflow/example_dags/example_sla_dag.py for tasks to queue
[2023-03-11T12:32:21.290+0000] {logging_mixin.py:137} INFO - [2023-03-11T12:32:21.290+0000] {dagbag.py:538} INFO - Filling up the DagBag from /home/airflow/.local/lib/python3.7/site-packages/airflow/example_dags/example_sla_dag.py
[2023-03-11T12:32:21.315+0000] {processor.py:753} INFO - DAG(s) dict_keys(['example_sla_dag']) retrieved from /home/airflow/.local/lib/python3.7/site-packages/airflow/example_dags/example_sla_dag.py
[2023-03-11T12:32:21.346+0000] {logging_mixin.py:137} INFO - [2023-03-11T12:32:21.346+0000] {dag.py:2690} INFO - Sync 1 DAGs
[2023-03-11T12:32:21.376+0000] {logging_mixin.py:137} INFO - [2023-03-11T12:32:21.376+0000] {dag.py:3441} INFO - Setting next_dagrun for example_sla_dag to 2023-03-11T12:30:00+00:00, run_after=2023-03-11T12:32:00+00:00
[2023-03-11T12:32:21.395+0000] {processor.py:175} INFO - Processing /home/airflow/.local/lib/python3.7/site-packages/airflow/example_dags/example_sla_dag.py took 0.110 seconds
[2023-03-11T12:32:52.307+0000] {processor.py:153} INFO - Started process (PID=396) to work on /home/airflow/.local/lib/python3.7/site-packages/airflow/example_dags/example_sla_dag.py
[2023-03-11T12:32:52.308+0000] {processor.py:743} INFO - Processing file /home/airflow/.local/lib/python3.7/site-packages/airflow/example_dags/example_sla_dag.py for tasks to queue
[2023-03-11T12:32:52.309+0000] {logging_mixin.py:137} INFO - [2023-03-11T12:32:52.309+0000] {dagbag.py:538} INFO - Filling up the DagBag from /home/airflow/.local/lib/python3.7/site-packages/airflow/example_dags/example_sla_dag.py
[2023-03-11T12:32:52.334+0000] {processor.py:753} INFO - DAG(s) dict_keys(['example_sla_dag']) retrieved from /home/airflow/.local/lib/python3.7/site-packages/airflow/example_dags/example_sla_dag.py
[2023-03-11T12:32:52.360+0000] {logging_mixin.py:137} INFO - [2023-03-11T12:32:52.360+0000] {dag.py:2690} INFO - Sync 1 DAGs
[2023-03-11T12:32:52.391+0000] {logging_mixin.py:137} INFO - [2023-03-11T12:32:52.391+0000] {dag.py:3441} INFO - Setting next_dagrun for example_sla_dag to 2023-03-11T12:30:00+00:00, run_after=2023-03-11T12:32:00+00:00
[2023-03-11T12:32:52.414+0000] {processor.py:175} INFO - Processing /home/airflow/.local/lib/python3.7/site-packages/airflow/example_dags/example_sla_dag.py took 0.109 seconds
[2023-03-11T12:33:23.243+0000] {processor.py:153} INFO - Started process (PID=483) to work on /home/airflow/.local/lib/python3.7/site-packages/airflow/example_dags/example_sla_dag.py
[2023-03-11T12:33:23.244+0000] {processor.py:743} INFO - Processing file /home/airflow/.local/lib/python3.7/site-packages/airflow/example_dags/example_sla_dag.py for tasks to queue
[2023-03-11T12:33:23.245+0000] {logging_mixin.py:137} INFO - [2023-03-11T12:33:23.244+0000] {dagbag.py:538} INFO - Filling up the DagBag from /home/airflow/.local/lib/python3.7/site-packages/airflow/example_dags/example_sla_dag.py
[2023-03-11T12:33:23.274+0000] {processor.py:753} INFO - DAG(s) dict_keys(['example_sla_dag']) retrieved from /home/airflow/.local/lib/python3.7/site-packages/airflow/example_dags/example_sla_dag.py
[2023-03-11T12:33:23.303+0000] {logging_mixin.py:137} INFO - [2023-03-11T12:33:23.303+0000] {dag.py:2690} INFO - Sync 1 DAGs
[2023-03-11T12:33:23.332+0000] {logging_mixin.py:137} INFO - [2023-03-11T12:33:23.332+0000] {dag.py:3441} INFO - Setting next_dagrun for example_sla_dag to 2023-03-11T12:30:00+00:00, run_after=2023-03-11T12:32:00+00:00
[2023-03-11T12:33:23.352+0000] {processor.py:175} INFO - Processing /home/airflow/.local/lib/python3.7/site-packages/airflow/example_dags/example_sla_dag.py took 0.113 seconds
[2023-03-11T12:33:54.218+0000] {processor.py:153} INFO - Started process (PID=594) to work on /home/airflow/.local/lib/python3.7/site-packages/airflow/example_dags/example_sla_dag.py
[2023-03-11T12:33:54.219+0000] {processor.py:743} INFO - Processing file /home/airflow/.local/lib/python3.7/site-packages/airflow/example_dags/example_sla_dag.py for tasks to queue
[2023-03-11T12:33:54.219+0000] {logging_mixin.py:137} INFO - [2023-03-11T12:33:54.219+0000] {dagbag.py:538} INFO - Filling up the DagBag from /home/airflow/.local/lib/python3.7/site-packages/airflow/example_dags/example_sla_dag.py
[2023-03-11T12:33:54.244+0000] {processor.py:753} INFO - DAG(s) dict_keys(['example_sla_dag']) retrieved from /home/airflow/.local/lib/python3.7/site-packages/airflow/example_dags/example_sla_dag.py
[2023-03-11T12:33:54.271+0000] {logging_mixin.py:137} INFO - [2023-03-11T12:33:54.271+0000] {dag.py:2690} INFO - Sync 1 DAGs
[2023-03-11T12:33:54.299+0000] {logging_mixin.py:137} INFO - [2023-03-11T12:33:54.299+0000] {dag.py:3441} INFO - Setting next_dagrun for example_sla_dag to 2023-03-11T12:30:00+00:00, run_after=2023-03-11T12:32:00+00:00
[2023-03-11T12:33:54.316+0000] {processor.py:175} INFO - Processing /home/airflow/.local/lib/python3.7/site-packages/airflow/example_dags/example_sla_dag.py took 0.102 seconds
[2023-03-11T12:34:24.923+0000] {processor.py:153} INFO - Started process (PID=681) to work on /home/airflow/.local/lib/python3.7/site-packages/airflow/example_dags/example_sla_dag.py
[2023-03-11T12:34:24.924+0000] {processor.py:743} INFO - Processing file /home/airflow/.local/lib/python3.7/site-packages/airflow/example_dags/example_sla_dag.py for tasks to queue
[2023-03-11T12:34:24.925+0000] {logging_mixin.py:137} INFO - [2023-03-11T12:34:24.925+0000] {dagbag.py:538} INFO - Filling up the DagBag from /home/airflow/.local/lib/python3.7/site-packages/airflow/example_dags/example_sla_dag.py
[2023-03-11T12:34:24.965+0000] {processor.py:753} INFO - DAG(s) dict_keys(['example_sla_dag']) retrieved from /home/airflow/.local/lib/python3.7/site-packages/airflow/example_dags/example_sla_dag.py
[2023-03-11T12:34:25.021+0000] {logging_mixin.py:137} INFO - [2023-03-11T12:34:25.020+0000] {dag.py:2690} INFO - Sync 1 DAGs
[2023-03-11T12:34:25.068+0000] {logging_mixin.py:137} INFO - [2023-03-11T12:34:25.068+0000] {dag.py:3441} INFO - Setting next_dagrun for example_sla_dag to 2023-03-11T12:32:00+00:00, run_after=2023-03-11T12:34:00+00:00
[2023-03-11T12:34:25.120+0000] {processor.py:175} INFO - Processing /home/airflow/.local/lib/python3.7/site-packages/airflow/example_dags/example_sla_dag.py took 0.201 seconds
[2023-03-11T12:34:55.342+0000] {processor.py:153} INFO - Started process (PID=768) to work on /home/airflow/.local/lib/python3.7/site-packages/airflow/example_dags/example_sla_dag.py
[2023-03-11T12:34:55.343+0000] {processor.py:743} INFO - Processing file /home/airflow/.local/lib/python3.7/site-packages/airflow/example_dags/example_sla_dag.py for tasks to queue
[2023-03-11T12:34:55.344+0000] {logging_mixin.py:137} INFO - [2023-03-11T12:34:55.344+0000] {dagbag.py:538} INFO - Filling up the DagBag from /home/airflow/.local/lib/python3.7/site-packages/airflow/example_dags/example_sla_dag.py
[2023-03-11T12:34:55.369+0000] {processor.py:753} INFO - DAG(s) dict_keys(['example_sla_dag']) retrieved from /home/airflow/.local/lib/python3.7/site-packages/airflow/example_dags/example_sla_dag.py
[2023-03-11T12:34:55.396+0000] {logging_mixin.py:137} INFO - [2023-03-11T12:34:55.396+0000] {dag.py:2690} INFO - Sync 1 DAGs
[2023-03-11T12:34:55.427+0000] {logging_mixin.py:137} INFO - [2023-03-11T12:34:55.427+0000] {dag.py:3441} INFO - Setting next_dagrun for example_sla_dag to 2023-03-11T12:32:00+00:00, run_after=2023-03-11T12:34:00+00:00
[2023-03-11T12:34:55.447+0000] {processor.py:175} INFO - Processing /home/airflow/.local/lib/python3.7/site-packages/airflow/example_dags/example_sla_dag.py took 0.108 seconds
[2023-03-11T12:35:25.691+0000] {processor.py:153} INFO - Started process (PID=879) to work on /home/airflow/.local/lib/python3.7/site-packages/airflow/example_dags/example_sla_dag.py
[2023-03-11T12:35:25.692+0000] {processor.py:743} INFO - Processing file /home/airflow/.local/lib/python3.7/site-packages/airflow/example_dags/example_sla_dag.py for tasks to queue
[2023-03-11T12:35:25.693+0000] {logging_mixin.py:137} INFO - [2023-03-11T12:35:25.693+0000] {dagbag.py:538} INFO - Filling up the DagBag from /home/airflow/.local/lib/python3.7/site-packages/airflow/example_dags/example_sla_dag.py
[2023-03-11T12:35:25.719+0000] {processor.py:753} INFO - DAG(s) dict_keys(['example_sla_dag']) retrieved from /home/airflow/.local/lib/python3.7/site-packages/airflow/example_dags/example_sla_dag.py
[2023-03-11T12:35:25.747+0000] {logging_mixin.py:137} INFO - [2023-03-11T12:35:25.746+0000] {dag.py:2690} INFO - Sync 1 DAGs
[2023-03-11T12:35:25.781+0000] {logging_mixin.py:137} INFO - [2023-03-11T12:35:25.780+0000] {dag.py:3441} INFO - Setting next_dagrun for example_sla_dag to 2023-03-11T12:32:00+00:00, run_after=2023-03-11T12:34:00+00:00
[2023-03-11T12:35:25.800+0000] {processor.py:175} INFO - Processing /home/airflow/.local/lib/python3.7/site-packages/airflow/example_dags/example_sla_dag.py took 0.113 seconds
[2023-03-11T12:35:56.096+0000] {processor.py:153} INFO - Started process (PID=966) to work on /home/airflow/.local/lib/python3.7/site-packages/airflow/example_dags/example_sla_dag.py
[2023-03-11T12:35:56.097+0000] {processor.py:743} INFO - Processing file /home/airflow/.local/lib/python3.7/site-packages/airflow/example_dags/example_sla_dag.py for tasks to queue
[2023-03-11T12:35:56.098+0000] {logging_mixin.py:137} INFO - [2023-03-11T12:35:56.097+0000] {dagbag.py:538} INFO - Filling up the DagBag from /home/airflow/.local/lib/python3.7/site-packages/airflow/example_dags/example_sla_dag.py
[2023-03-11T12:35:56.122+0000] {processor.py:753} INFO - DAG(s) dict_keys(['example_sla_dag']) retrieved from /home/airflow/.local/lib/python3.7/site-packages/airflow/example_dags/example_sla_dag.py
[2023-03-11T12:35:56.149+0000] {logging_mixin.py:137} INFO - [2023-03-11T12:35:56.149+0000] {dag.py:2690} INFO - Sync 1 DAGs
[2023-03-11T12:35:56.179+0000] {logging_mixin.py:137} INFO - [2023-03-11T12:35:56.178+0000] {dag.py:3441} INFO - Setting next_dagrun for example_sla_dag to 2023-03-11T12:32:00+00:00, run_after=2023-03-11T12:34:00+00:00
[2023-03-11T12:35:56.200+0000] {processor.py:175} INFO - Processing /home/airflow/.local/lib/python3.7/site-packages/airflow/example_dags/example_sla_dag.py took 0.107 seconds
[2023-03-11T12:36:26.736+0000] {processor.py:153} INFO - Started process (PID=1060) to work on /home/airflow/.local/lib/python3.7/site-packages/airflow/example_dags/example_sla_dag.py
[2023-03-11T12:36:26.738+0000] {processor.py:743} INFO - Processing file /home/airflow/.local/lib/python3.7/site-packages/airflow/example_dags/example_sla_dag.py for tasks to queue
[2023-03-11T12:36:26.738+0000] {logging_mixin.py:137} INFO - [2023-03-11T12:36:26.738+0000] {dagbag.py:538} INFO - Filling up the DagBag from /home/airflow/.local/lib/python3.7/site-packages/airflow/example_dags/example_sla_dag.py
[2023-03-11T12:36:26.762+0000] {processor.py:753} INFO - DAG(s) dict_keys(['example_sla_dag']) retrieved from /home/airflow/.local/lib/python3.7/site-packages/airflow/example_dags/example_sla_dag.py
[2023-03-11T12:36:26.790+0000] {logging_mixin.py:137} INFO - [2023-03-11T12:36:26.790+0000] {dag.py:2690} INFO - Sync 1 DAGs
[2023-03-11T12:36:26.818+0000] {logging_mixin.py:137} INFO - [2023-03-11T12:36:26.818+0000] {dag.py:3441} INFO - Setting next_dagrun for example_sla_dag to 2023-03-11T12:34:00+00:00, run_after=2023-03-11T12:36:00+00:00
[2023-03-11T12:36:26.840+0000] {processor.py:175} INFO - Processing /home/airflow/.local/lib/python3.7/site-packages/airflow/example_dags/example_sla_dag.py took 0.107 seconds
[2023-03-11T12:36:57.361+0000] {processor.py:153} INFO - Started process (PID=1164) to work on /home/airflow/.local/lib/python3.7/site-packages/airflow/example_dags/example_sla_dag.py
[2023-03-11T12:36:57.362+0000] {processor.py:743} INFO - Processing file /home/airflow/.local/lib/python3.7/site-packages/airflow/example_dags/example_sla_dag.py for tasks to queue
[2023-03-11T12:36:57.363+0000] {logging_mixin.py:137} INFO - [2023-03-11T12:36:57.363+0000] {dagbag.py:538} INFO - Filling up the DagBag from /home/airflow/.local/lib/python3.7/site-packages/airflow/example_dags/example_sla_dag.py
[2023-03-11T12:36:57.385+0000] {processor.py:753} INFO - DAG(s) dict_keys(['example_sla_dag']) retrieved from /home/airflow/.local/lib/python3.7/site-packages/airflow/example_dags/example_sla_dag.py
[2023-03-11T12:36:57.409+0000] {logging_mixin.py:137} INFO - [2023-03-11T12:36:57.409+0000] {dag.py:2690} INFO - Sync 1 DAGs
[2023-03-11T12:36:57.437+0000] {logging_mixin.py:137} INFO - [2023-03-11T12:36:57.437+0000] {dag.py:3441} INFO - Setting next_dagrun for example_sla_dag to 2023-03-11T12:34:00+00:00, run_after=2023-03-11T12:36:00+00:00
[2023-03-11T12:36:57.457+0000] {processor.py:175} INFO - Processing /home/airflow/.local/lib/python3.7/site-packages/airflow/example_dags/example_sla_dag.py took 0.100 seconds
[2023-03-11T12:37:28.139+0000] {processor.py:153} INFO - Started process (PID=1251) to work on /home/airflow/.local/lib/python3.7/site-packages/airflow/example_dags/example_sla_dag.py
[2023-03-11T12:37:28.140+0000] {processor.py:743} INFO - Processing file /home/airflow/.local/lib/python3.7/site-packages/airflow/example_dags/example_sla_dag.py for tasks to queue
[2023-03-11T12:37:28.140+0000] {logging_mixin.py:137} INFO - [2023-03-11T12:37:28.140+0000] {dagbag.py:538} INFO - Filling up the DagBag from /home/airflow/.local/lib/python3.7/site-packages/airflow/example_dags/example_sla_dag.py
[2023-03-11T12:37:28.164+0000] {processor.py:753} INFO - DAG(s) dict_keys(['example_sla_dag']) retrieved from /home/airflow/.local/lib/python3.7/site-packages/airflow/example_dags/example_sla_dag.py
[2023-03-11T12:37:28.189+0000] {logging_mixin.py:137} INFO - [2023-03-11T12:37:28.189+0000] {dag.py:2690} INFO - Sync 1 DAGs
[2023-03-11T12:37:28.223+0000] {logging_mixin.py:137} INFO - [2023-03-11T12:37:28.223+0000] {dag.py:3441} INFO - Setting next_dagrun for example_sla_dag to 2023-03-11T12:34:00+00:00, run_after=2023-03-11T12:36:00+00:00
[2023-03-11T12:37:28.242+0000] {processor.py:175} INFO - Processing /home/airflow/.local/lib/python3.7/site-packages/airflow/example_dags/example_sla_dag.py took 0.107 seconds
[2023-03-11T12:37:58.395+0000] {processor.py:153} INFO - Started process (PID=1362) to work on /home/airflow/.local/lib/python3.7/site-packages/airflow/example_dags/example_sla_dag.py
[2023-03-11T12:37:58.396+0000] {processor.py:743} INFO - Processing file /home/airflow/.local/lib/python3.7/site-packages/airflow/example_dags/example_sla_dag.py for tasks to queue
[2023-03-11T12:37:58.397+0000] {logging_mixin.py:137} INFO - [2023-03-11T12:37:58.397+0000] {dagbag.py:538} INFO - Filling up the DagBag from /home/airflow/.local/lib/python3.7/site-packages/airflow/example_dags/example_sla_dag.py
[2023-03-11T12:37:58.423+0000] {processor.py:753} INFO - DAG(s) dict_keys(['example_sla_dag']) retrieved from /home/airflow/.local/lib/python3.7/site-packages/airflow/example_dags/example_sla_dag.py
[2023-03-11T12:37:58.454+0000] {logging_mixin.py:137} INFO - [2023-03-11T12:37:58.454+0000] {dag.py:2690} INFO - Sync 1 DAGs
[2023-03-11T12:37:58.489+0000] {logging_mixin.py:137} INFO - [2023-03-11T12:37:58.489+0000] {dag.py:3441} INFO - Setting next_dagrun for example_sla_dag to 2023-03-11T12:34:00+00:00, run_after=2023-03-11T12:36:00+00:00
[2023-03-11T12:37:58.510+0000] {processor.py:175} INFO - Processing /home/airflow/.local/lib/python3.7/site-packages/airflow/example_dags/example_sla_dag.py took 0.118 seconds
[2023-03-11T12:38:29.434+0000] {processor.py:153} INFO - Started process (PID=1448) to work on /home/airflow/.local/lib/python3.7/site-packages/airflow/example_dags/example_sla_dag.py
[2023-03-11T12:38:29.435+0000] {processor.py:743} INFO - Processing file /home/airflow/.local/lib/python3.7/site-packages/airflow/example_dags/example_sla_dag.py for tasks to queue
[2023-03-11T12:38:29.435+0000] {logging_mixin.py:137} INFO - [2023-03-11T12:38:29.435+0000] {dagbag.py:538} INFO - Filling up the DagBag from /home/airflow/.local/lib/python3.7/site-packages/airflow/example_dags/example_sla_dag.py
[2023-03-11T12:38:29.459+0000] {processor.py:753} INFO - DAG(s) dict_keys(['example_sla_dag']) retrieved from /home/airflow/.local/lib/python3.7/site-packages/airflow/example_dags/example_sla_dag.py
[2023-03-11T12:38:29.484+0000] {logging_mixin.py:137} INFO - [2023-03-11T12:38:29.484+0000] {dag.py:2690} INFO - Sync 1 DAGs
[2023-03-11T12:38:29.517+0000] {logging_mixin.py:137} INFO - [2023-03-11T12:38:29.517+0000] {dag.py:3441} INFO - Setting next_dagrun for example_sla_dag to 2023-03-11T12:36:00+00:00, run_after=2023-03-11T12:38:00+00:00
[2023-03-11T12:38:29.536+0000] {processor.py:175} INFO - Processing /home/airflow/.local/lib/python3.7/site-packages/airflow/example_dags/example_sla_dag.py took 0.105 seconds
[2023-03-11T12:38:59.607+0000] {processor.py:153} INFO - Started process (PID=1535) to work on /home/airflow/.local/lib/python3.7/site-packages/airflow/example_dags/example_sla_dag.py
[2023-03-11T12:38:59.608+0000] {processor.py:743} INFO - Processing file /home/airflow/.local/lib/python3.7/site-packages/airflow/example_dags/example_sla_dag.py for tasks to queue
[2023-03-11T12:38:59.608+0000] {logging_mixin.py:137} INFO - [2023-03-11T12:38:59.608+0000] {dagbag.py:538} INFO - Filling up the DagBag from /home/airflow/.local/lib/python3.7/site-packages/airflow/example_dags/example_sla_dag.py
[2023-03-11T12:38:59.633+0000] {processor.py:753} INFO - DAG(s) dict_keys(['example_sla_dag']) retrieved from /home/airflow/.local/lib/python3.7/site-packages/airflow/example_dags/example_sla_dag.py
[2023-03-11T12:38:59.662+0000] {logging_mixin.py:137} INFO - [2023-03-11T12:38:59.662+0000] {dag.py:2690} INFO - Sync 1 DAGs
[2023-03-11T12:38:59.693+0000] {logging_mixin.py:137} INFO - [2023-03-11T12:38:59.693+0000] {dag.py:3441} INFO - Setting next_dagrun for example_sla_dag to 2023-03-11T12:36:00+00:00, run_after=2023-03-11T12:38:00+00:00
[2023-03-11T12:38:59.713+0000] {processor.py:175} INFO - Processing /home/airflow/.local/lib/python3.7/site-packages/airflow/example_dags/example_sla_dag.py took 0.110 seconds
[2023-03-11T12:39:29.833+0000] {processor.py:153} INFO - Started process (PID=1646) to work on /home/airflow/.local/lib/python3.7/site-packages/airflow/example_dags/example_sla_dag.py
[2023-03-11T12:39:29.835+0000] {processor.py:743} INFO - Processing file /home/airflow/.local/lib/python3.7/site-packages/airflow/example_dags/example_sla_dag.py for tasks to queue
[2023-03-11T12:39:29.835+0000] {logging_mixin.py:137} INFO - [2023-03-11T12:39:29.835+0000] {dagbag.py:538} INFO - Filling up the DagBag from /home/airflow/.local/lib/python3.7/site-packages/airflow/example_dags/example_sla_dag.py
[2023-03-11T12:39:29.858+0000] {processor.py:753} INFO - DAG(s) dict_keys(['example_sla_dag']) retrieved from /home/airflow/.local/lib/python3.7/site-packages/airflow/example_dags/example_sla_dag.py
[2023-03-11T12:39:29.891+0000] {logging_mixin.py:137} INFO - [2023-03-11T12:39:29.891+0000] {dag.py:2690} INFO - Sync 1 DAGs
[2023-03-11T12:39:29.927+0000] {logging_mixin.py:137} INFO - [2023-03-11T12:39:29.926+0000] {dag.py:3441} INFO - Setting next_dagrun for example_sla_dag to 2023-03-11T12:36:00+00:00, run_after=2023-03-11T12:38:00+00:00
[2023-03-11T12:39:29.945+0000] {processor.py:175} INFO - Processing /home/airflow/.local/lib/python3.7/site-packages/airflow/example_dags/example_sla_dag.py took 0.115 seconds
[2023-03-11T12:40:00.037+0000] {processor.py:153} INFO - Started process (PID=1733) to work on /home/airflow/.local/lib/python3.7/site-packages/airflow/example_dags/example_sla_dag.py
[2023-03-11T12:40:00.039+0000] {processor.py:743} INFO - Processing file /home/airflow/.local/lib/python3.7/site-packages/airflow/example_dags/example_sla_dag.py for tasks to queue
[2023-03-11T12:40:00.040+0000] {logging_mixin.py:137} INFO - [2023-03-11T12:40:00.040+0000] {dagbag.py:538} INFO - Filling up the DagBag from /home/airflow/.local/lib/python3.7/site-packages/airflow/example_dags/example_sla_dag.py
[2023-03-11T12:40:00.069+0000] {processor.py:753} INFO - DAG(s) dict_keys(['example_sla_dag']) retrieved from /home/airflow/.local/lib/python3.7/site-packages/airflow/example_dags/example_sla_dag.py
[2023-03-11T12:40:00.099+0000] {logging_mixin.py:137} INFO - [2023-03-11T12:40:00.099+0000] {dag.py:2690} INFO - Sync 1 DAGs
[2023-03-11T12:40:00.133+0000] {logging_mixin.py:137} INFO - [2023-03-11T12:40:00.133+0000] {dag.py:3441} INFO - Setting next_dagrun for example_sla_dag to 2023-03-11T12:38:00+00:00, run_after=2023-03-11T12:40:00+00:00
[2023-03-11T12:40:00.153+0000] {processor.py:175} INFO - Processing /home/airflow/.local/lib/python3.7/site-packages/airflow/example_dags/example_sla_dag.py took 0.118 seconds
[2023-03-11T12:40:31.105+0000] {processor.py:153} INFO - Started process (PID=1820) to work on /home/airflow/.local/lib/python3.7/site-packages/airflow/example_dags/example_sla_dag.py
[2023-03-11T12:40:31.106+0000] {processor.py:743} INFO - Processing file /home/airflow/.local/lib/python3.7/site-packages/airflow/example_dags/example_sla_dag.py for tasks to queue
[2023-03-11T12:40:31.107+0000] {logging_mixin.py:137} INFO - [2023-03-11T12:40:31.107+0000] {dagbag.py:538} INFO - Filling up the DagBag from /home/airflow/.local/lib/python3.7/site-packages/airflow/example_dags/example_sla_dag.py
[2023-03-11T12:40:31.136+0000] {processor.py:753} INFO - DAG(s) dict_keys(['example_sla_dag']) retrieved from /home/airflow/.local/lib/python3.7/site-packages/airflow/example_dags/example_sla_dag.py
[2023-03-11T12:40:31.170+0000] {logging_mixin.py:137} INFO - [2023-03-11T12:40:31.169+0000] {dag.py:2690} INFO - Sync 1 DAGs
[2023-03-11T12:40:31.211+0000] {logging_mixin.py:137} INFO - [2023-03-11T12:40:31.211+0000] {dag.py:3441} INFO - Setting next_dagrun for example_sla_dag to 2023-03-11T12:38:00+00:00, run_after=2023-03-11T12:40:00+00:00
[2023-03-11T12:40:31.234+0000] {processor.py:175} INFO - Processing /home/airflow/.local/lib/python3.7/site-packages/airflow/example_dags/example_sla_dag.py took 0.133 seconds
[2023-03-11T12:41:02.058+0000] {processor.py:153} INFO - Started process (PID=1931) to work on /home/airflow/.local/lib/python3.7/site-packages/airflow/example_dags/example_sla_dag.py
[2023-03-11T12:41:02.059+0000] {processor.py:743} INFO - Processing file /home/airflow/.local/lib/python3.7/site-packages/airflow/example_dags/example_sla_dag.py for tasks to queue
[2023-03-11T12:41:02.060+0000] {logging_mixin.py:137} INFO - [2023-03-11T12:41:02.060+0000] {dagbag.py:538} INFO - Filling up the DagBag from /home/airflow/.local/lib/python3.7/site-packages/airflow/example_dags/example_sla_dag.py
[2023-03-11T12:41:02.085+0000] {processor.py:753} INFO - DAG(s) dict_keys(['example_sla_dag']) retrieved from /home/airflow/.local/lib/python3.7/site-packages/airflow/example_dags/example_sla_dag.py
[2023-03-11T12:41:02.111+0000] {logging_mixin.py:137} INFO - [2023-03-11T12:41:02.111+0000] {dag.py:2690} INFO - Sync 1 DAGs
[2023-03-11T12:41:02.144+0000] {logging_mixin.py:137} INFO - [2023-03-11T12:41:02.144+0000] {dag.py:3441} INFO - Setting next_dagrun for example_sla_dag to 2023-03-11T12:38:00+00:00, run_after=2023-03-11T12:40:00+00:00
[2023-03-11T12:41:02.167+0000] {processor.py:175} INFO - Processing /home/airflow/.local/lib/python3.7/site-packages/airflow/example_dags/example_sla_dag.py took 0.111 seconds
[2023-03-11T12:41:32.824+0000] {processor.py:153} INFO - Started process (PID=2018) to work on /home/airflow/.local/lib/python3.7/site-packages/airflow/example_dags/example_sla_dag.py
[2023-03-11T12:41:32.826+0000] {processor.py:743} INFO - Processing file /home/airflow/.local/lib/python3.7/site-packages/airflow/example_dags/example_sla_dag.py for tasks to queue
[2023-03-11T12:41:32.826+0000] {logging_mixin.py:137} INFO - [2023-03-11T12:41:32.826+0000] {dagbag.py:538} INFO - Filling up the DagBag from /home/airflow/.local/lib/python3.7/site-packages/airflow/example_dags/example_sla_dag.py
[2023-03-11T12:41:32.850+0000] {processor.py:753} INFO - DAG(s) dict_keys(['example_sla_dag']) retrieved from /home/airflow/.local/lib/python3.7/site-packages/airflow/example_dags/example_sla_dag.py
[2023-03-11T12:41:32.877+0000] {logging_mixin.py:137} INFO - [2023-03-11T12:41:32.877+0000] {dag.py:2690} INFO - Sync 1 DAGs
[2023-03-11T12:41:32.910+0000] {logging_mixin.py:137} INFO - [2023-03-11T12:41:32.910+0000] {dag.py:3441} INFO - Setting next_dagrun for example_sla_dag to 2023-03-11T12:38:00+00:00, run_after=2023-03-11T12:40:00+00:00
[2023-03-11T12:41:32.928+0000] {processor.py:175} INFO - Processing /home/airflow/.local/lib/python3.7/site-packages/airflow/example_dags/example_sla_dag.py took 0.107 seconds
[2023-03-11T12:42:03.503+0000] {processor.py:153} INFO - Started process (PID=2129) to work on /home/airflow/.local/lib/python3.7/site-packages/airflow/example_dags/example_sla_dag.py
[2023-03-11T12:42:03.504+0000] {processor.py:743} INFO - Processing file /home/airflow/.local/lib/python3.7/site-packages/airflow/example_dags/example_sla_dag.py for tasks to queue
[2023-03-11T12:42:03.505+0000] {logging_mixin.py:137} INFO - [2023-03-11T12:42:03.504+0000] {dagbag.py:538} INFO - Filling up the DagBag from /home/airflow/.local/lib/python3.7/site-packages/airflow/example_dags/example_sla_dag.py
[2023-03-11T12:42:03.528+0000] {processor.py:753} INFO - DAG(s) dict_keys(['example_sla_dag']) retrieved from /home/airflow/.local/lib/python3.7/site-packages/airflow/example_dags/example_sla_dag.py
[2023-03-11T12:42:03.555+0000] {logging_mixin.py:137} INFO - [2023-03-11T12:42:03.555+0000] {dag.py:2690} INFO - Sync 1 DAGs
[2023-03-11T12:42:03.587+0000] {logging_mixin.py:137} INFO - [2023-03-11T12:42:03.586+0000] {dag.py:3441} INFO - Setting next_dagrun for example_sla_dag to 2023-03-11T12:40:00+00:00, run_after=2023-03-11T12:42:00+00:00
[2023-03-11T12:42:03.605+0000] {processor.py:175} INFO - Processing /home/airflow/.local/lib/python3.7/site-packages/airflow/example_dags/example_sla_dag.py took 0.106 seconds
[2023-03-11T12:42:34.126+0000] {processor.py:153} INFO - Started process (PID=2216) to work on /home/airflow/.local/lib/python3.7/site-packages/airflow/example_dags/example_sla_dag.py
[2023-03-11T12:42:34.127+0000] {processor.py:743} INFO - Processing file /home/airflow/.local/lib/python3.7/site-packages/airflow/example_dags/example_sla_dag.py for tasks to queue
[2023-03-11T12:42:34.128+0000] {logging_mixin.py:137} INFO - [2023-03-11T12:42:34.128+0000] {dagbag.py:538} INFO - Filling up the DagBag from /home/airflow/.local/lib/python3.7/site-packages/airflow/example_dags/example_sla_dag.py
[2023-03-11T12:42:34.153+0000] {processor.py:753} INFO - DAG(s) dict_keys(['example_sla_dag']) retrieved from /home/airflow/.local/lib/python3.7/site-packages/airflow/example_dags/example_sla_dag.py
[2023-03-11T12:42:34.180+0000] {logging_mixin.py:137} INFO - [2023-03-11T12:42:34.179+0000] {dag.py:2690} INFO - Sync 1 DAGs
[2023-03-11T12:42:34.210+0000] {logging_mixin.py:137} INFO - [2023-03-11T12:42:34.210+0000] {dag.py:3441} INFO - Setting next_dagrun for example_sla_dag to 2023-03-11T12:40:00+00:00, run_after=2023-03-11T12:42:00+00:00
[2023-03-11T12:42:34.229+0000] {processor.py:175} INFO - Processing /home/airflow/.local/lib/python3.7/site-packages/airflow/example_dags/example_sla_dag.py took 0.105 seconds
[2023-03-11T12:43:04.768+0000] {processor.py:153} INFO - Started process (PID=2303) to work on /home/airflow/.local/lib/python3.7/site-packages/airflow/example_dags/example_sla_dag.py
[2023-03-11T12:43:04.769+0000] {processor.py:743} INFO - Processing file /home/airflow/.local/lib/python3.7/site-packages/airflow/example_dags/example_sla_dag.py for tasks to queue
[2023-03-11T12:43:04.770+0000] {logging_mixin.py:137} INFO - [2023-03-11T12:43:04.769+0000] {dagbag.py:538} INFO - Filling up the DagBag from /home/airflow/.local/lib/python3.7/site-packages/airflow/example_dags/example_sla_dag.py
[2023-03-11T12:43:04.792+0000] {processor.py:753} INFO - DAG(s) dict_keys(['example_sla_dag']) retrieved from /home/airflow/.local/lib/python3.7/site-packages/airflow/example_dags/example_sla_dag.py
[2023-03-11T12:43:04.814+0000] {logging_mixin.py:137} INFO - [2023-03-11T12:43:04.814+0000] {dag.py:2690} INFO - Sync 1 DAGs
[2023-03-11T12:43:04.843+0000] {logging_mixin.py:137} INFO - [2023-03-11T12:43:04.843+0000] {dag.py:3441} INFO - Setting next_dagrun for example_sla_dag to 2023-03-11T12:40:00+00:00, run_after=2023-03-11T12:42:00+00:00
[2023-03-11T12:43:04.859+0000] {processor.py:175} INFO - Processing /home/airflow/.local/lib/python3.7/site-packages/airflow/example_dags/example_sla_dag.py took 0.093 seconds
[2023-03-11T12:43:35.423+0000] {processor.py:153} INFO - Started process (PID=2414) to work on /home/airflow/.local/lib/python3.7/site-packages/airflow/example_dags/example_sla_dag.py
[2023-03-11T12:43:35.424+0000] {processor.py:743} INFO - Processing file /home/airflow/.local/lib/python3.7/site-packages/airflow/example_dags/example_sla_dag.py for tasks to queue
[2023-03-11T12:43:35.424+0000] {logging_mixin.py:137} INFO - [2023-03-11T12:43:35.424+0000] {dagbag.py:538} INFO - Filling up the DagBag from /home/airflow/.local/lib/python3.7/site-packages/airflow/example_dags/example_sla_dag.py
[2023-03-11T12:43:35.446+0000] {processor.py:753} INFO - DAG(s) dict_keys(['example_sla_dag']) retrieved from /home/airflow/.local/lib/python3.7/site-packages/airflow/example_dags/example_sla_dag.py
[2023-03-11T12:43:35.469+0000] {logging_mixin.py:137} INFO - [2023-03-11T12:43:35.469+0000] {dag.py:2690} INFO - Sync 1 DAGs
[2023-03-11T12:43:35.504+0000] {logging_mixin.py:137} INFO - [2023-03-11T12:43:35.503+0000] {dag.py:3441} INFO - Setting next_dagrun for example_sla_dag to 2023-03-11T12:40:00+00:00, run_after=2023-03-11T12:42:00+00:00
[2023-03-11T12:43:35.521+0000] {processor.py:175} INFO - Processing /home/airflow/.local/lib/python3.7/site-packages/airflow/example_dags/example_sla_dag.py took 0.101 seconds
[2023-03-11T12:44:05.843+0000] {processor.py:153} INFO - Started process (PID=2501) to work on /home/airflow/.local/lib/python3.7/site-packages/airflow/example_dags/example_sla_dag.py
[2023-03-11T12:44:05.844+0000] {processor.py:743} INFO - Processing file /home/airflow/.local/lib/python3.7/site-packages/airflow/example_dags/example_sla_dag.py for tasks to queue
[2023-03-11T12:44:05.845+0000] {logging_mixin.py:137} INFO - [2023-03-11T12:44:05.845+0000] {dagbag.py:538} INFO - Filling up the DagBag from /home/airflow/.local/lib/python3.7/site-packages/airflow/example_dags/example_sla_dag.py
[2023-03-11T12:44:05.869+0000] {processor.py:753} INFO - DAG(s) dict_keys(['example_sla_dag']) retrieved from /home/airflow/.local/lib/python3.7/site-packages/airflow/example_dags/example_sla_dag.py
[2023-03-11T12:44:05.894+0000] {logging_mixin.py:137} INFO - [2023-03-11T12:44:05.894+0000] {dag.py:2690} INFO - Sync 1 DAGs
[2023-03-11T12:44:05.923+0000] {logging_mixin.py:137} INFO - [2023-03-11T12:44:05.923+0000] {dag.py:3441} INFO - Setting next_dagrun for example_sla_dag to 2023-03-11T12:42:00+00:00, run_after=2023-03-11T12:44:00+00:00
[2023-03-11T12:44:05.941+0000] {processor.py:175} INFO - Processing /home/airflow/.local/lib/python3.7/site-packages/airflow/example_dags/example_sla_dag.py took 0.101 seconds
[2023-03-11T12:44:36.802+0000] {processor.py:153} INFO - Started process (PID=2612) to work on /home/airflow/.local/lib/python3.7/site-packages/airflow/example_dags/example_sla_dag.py
[2023-03-11T12:44:36.803+0000] {processor.py:743} INFO - Processing file /home/airflow/.local/lib/python3.7/site-packages/airflow/example_dags/example_sla_dag.py for tasks to queue
[2023-03-11T12:44:36.803+0000] {logging_mixin.py:137} INFO - [2023-03-11T12:44:36.803+0000] {dagbag.py:538} INFO - Filling up the DagBag from /home/airflow/.local/lib/python3.7/site-packages/airflow/example_dags/example_sla_dag.py
[2023-03-11T12:44:36.828+0000] {processor.py:753} INFO - DAG(s) dict_keys(['example_sla_dag']) retrieved from /home/airflow/.local/lib/python3.7/site-packages/airflow/example_dags/example_sla_dag.py
[2023-03-11T12:44:36.854+0000] {logging_mixin.py:137} INFO - [2023-03-11T12:44:36.854+0000] {dag.py:2690} INFO - Sync 1 DAGs
[2023-03-11T12:44:36.885+0000] {logging_mixin.py:137} INFO - [2023-03-11T12:44:36.884+0000] {dag.py:3441} INFO - Setting next_dagrun for example_sla_dag to 2023-03-11T12:42:00+00:00, run_after=2023-03-11T12:44:00+00:00
[2023-03-11T12:44:36.908+0000] {processor.py:175} INFO - Processing /home/airflow/.local/lib/python3.7/site-packages/airflow/example_dags/example_sla_dag.py took 0.109 seconds
[2023-03-11T12:45:07.976+0000] {processor.py:153} INFO - Started process (PID=2699) to work on /home/airflow/.local/lib/python3.7/site-packages/airflow/example_dags/example_sla_dag.py
[2023-03-11T12:45:07.977+0000] {processor.py:743} INFO - Processing file /home/airflow/.local/lib/python3.7/site-packages/airflow/example_dags/example_sla_dag.py for tasks to queue
[2023-03-11T12:45:07.977+0000] {logging_mixin.py:137} INFO - [2023-03-11T12:45:07.977+0000] {dagbag.py:538} INFO - Filling up the DagBag from /home/airflow/.local/lib/python3.7/site-packages/airflow/example_dags/example_sla_dag.py
[2023-03-11T12:45:08.011+0000] {processor.py:753} INFO - DAG(s) dict_keys(['example_sla_dag']) retrieved from /home/airflow/.local/lib/python3.7/site-packages/airflow/example_dags/example_sla_dag.py
[2023-03-11T12:45:08.047+0000] {logging_mixin.py:137} INFO - [2023-03-11T12:45:08.047+0000] {dag.py:2690} INFO - Sync 1 DAGs
[2023-03-11T12:45:08.090+0000] {logging_mixin.py:137} INFO - [2023-03-11T12:45:08.090+0000] {dag.py:3441} INFO - Setting next_dagrun for example_sla_dag to 2023-03-11T12:42:00+00:00, run_after=2023-03-11T12:44:00+00:00
[2023-03-11T12:45:08.125+0000] {processor.py:175} INFO - Processing /home/airflow/.local/lib/python3.7/site-packages/airflow/example_dags/example_sla_dag.py took 0.153 seconds
[2023-03-11T12:45:38.458+0000] {processor.py:153} INFO - Started process (PID=2795) to work on /home/airflow/.local/lib/python3.7/site-packages/airflow/example_dags/example_sla_dag.py
[2023-03-11T12:45:38.458+0000] {processor.py:743} INFO - Processing file /home/airflow/.local/lib/python3.7/site-packages/airflow/example_dags/example_sla_dag.py for tasks to queue
[2023-03-11T12:45:38.459+0000] {logging_mixin.py:137} INFO - [2023-03-11T12:45:38.459+0000] {dagbag.py:538} INFO - Filling up the DagBag from /home/airflow/.local/lib/python3.7/site-packages/airflow/example_dags/example_sla_dag.py
[2023-03-11T12:45:38.482+0000] {processor.py:753} INFO - DAG(s) dict_keys(['example_sla_dag']) retrieved from /home/airflow/.local/lib/python3.7/site-packages/airflow/example_dags/example_sla_dag.py
[2023-03-11T12:45:38.511+0000] {logging_mixin.py:137} INFO - [2023-03-11T12:45:38.511+0000] {dag.py:2690} INFO - Sync 1 DAGs
[2023-03-11T12:45:38.541+0000] {logging_mixin.py:137} INFO - [2023-03-11T12:45:38.541+0000] {dag.py:3441} INFO - Setting next_dagrun for example_sla_dag to 2023-03-11T12:42:00+00:00, run_after=2023-03-11T12:44:00+00:00
[2023-03-11T12:45:38.564+0000] {processor.py:175} INFO - Processing /home/airflow/.local/lib/python3.7/site-packages/airflow/example_dags/example_sla_dag.py took 0.109 seconds
[2023-03-11T12:46:09.524+0000] {processor.py:153} INFO - Started process (PID=2897) to work on /home/airflow/.local/lib/python3.7/site-packages/airflow/example_dags/example_sla_dag.py
[2023-03-11T12:46:09.525+0000] {processor.py:743} INFO - Processing file /home/airflow/.local/lib/python3.7/site-packages/airflow/example_dags/example_sla_dag.py for tasks to queue
[2023-03-11T12:46:09.525+0000] {logging_mixin.py:137} INFO - [2023-03-11T12:46:09.525+0000] {dagbag.py:538} INFO - Filling up the DagBag from /home/airflow/.local/lib/python3.7/site-packages/airflow/example_dags/example_sla_dag.py
[2023-03-11T12:46:09.549+0000] {processor.py:753} INFO - DAG(s) dict_keys(['example_sla_dag']) retrieved from /home/airflow/.local/lib/python3.7/site-packages/airflow/example_dags/example_sla_dag.py
[2023-03-11T12:46:09.573+0000] {logging_mixin.py:137} INFO - [2023-03-11T12:46:09.573+0000] {dag.py:2690} INFO - Sync 1 DAGs
[2023-03-11T12:46:09.602+0000] {logging_mixin.py:137} INFO - [2023-03-11T12:46:09.602+0000] {dag.py:3441} INFO - Setting next_dagrun for example_sla_dag to 2023-03-11T12:44:00+00:00, run_after=2023-03-11T12:46:00+00:00
[2023-03-11T12:46:09.619+0000] {processor.py:175} INFO - Processing /home/airflow/.local/lib/python3.7/site-packages/airflow/example_dags/example_sla_dag.py took 0.098 seconds
[2023-03-11T12:46:40.369+0000] {processor.py:153} INFO - Started process (PID=2984) to work on /home/airflow/.local/lib/python3.7/site-packages/airflow/example_dags/example_sla_dag.py
[2023-03-11T12:46:40.370+0000] {processor.py:743} INFO - Processing file /home/airflow/.local/lib/python3.7/site-packages/airflow/example_dags/example_sla_dag.py for tasks to queue
[2023-03-11T12:46:40.371+0000] {logging_mixin.py:137} INFO - [2023-03-11T12:46:40.371+0000] {dagbag.py:538} INFO - Filling up the DagBag from /home/airflow/.local/lib/python3.7/site-packages/airflow/example_dags/example_sla_dag.py
[2023-03-11T12:46:40.460+0000] {processor.py:753} INFO - DAG(s) dict_keys(['example_sla_dag']) retrieved from /home/airflow/.local/lib/python3.7/site-packages/airflow/example_dags/example_sla_dag.py
[2023-03-11T12:46:40.483+0000] {logging_mixin.py:137} INFO - [2023-03-11T12:46:40.483+0000] {dag.py:2690} INFO - Sync 1 DAGs
[2023-03-11T12:46:40.512+0000] {logging_mixin.py:137} INFO - [2023-03-11T12:46:40.512+0000] {dag.py:3441} INFO - Setting next_dagrun for example_sla_dag to 2023-03-11T12:44:00+00:00, run_after=2023-03-11T12:46:00+00:00
[2023-03-11T12:46:40.532+0000] {processor.py:175} INFO - Processing /home/airflow/.local/lib/python3.7/site-packages/airflow/example_dags/example_sla_dag.py took 0.166 seconds
