[2023-03-11T12:31:18.253+0000] {processor.py:153} INFO - Started process (PID=101) to work on /home/airflow/.local/lib/python3.7/site-packages/airflow/example_dags/example_latest_only_with_trigger.py
[2023-03-11T12:31:18.255+0000] {processor.py:743} INFO - Processing file /home/airflow/.local/lib/python3.7/site-packages/airflow/example_dags/example_latest_only_with_trigger.py for tasks to queue
[2023-03-11T12:31:18.255+0000] {logging_mixin.py:137} INFO - [2023-03-11T12:31:18.255+0000] {dagbag.py:538} INFO - Filling up the DagBag from /home/airflow/.local/lib/python3.7/site-packages/airflow/example_dags/example_latest_only_with_trigger.py
[2023-03-11T12:31:18.279+0000] {processor.py:753} INFO - DAG(s) dict_keys(['latest_only_with_trigger']) retrieved from /home/airflow/.local/lib/python3.7/site-packages/airflow/example_dags/example_latest_only_with_trigger.py
[2023-03-11T12:31:18.307+0000] {logging_mixin.py:137} INFO - [2023-03-11T12:31:18.306+0000] {dag.py:2690} INFO - Sync 1 DAGs
[2023-03-11T12:31:18.356+0000] {logging_mixin.py:137} INFO - [2023-03-11T12:31:18.356+0000] {dag.py:3441} INFO - Setting next_dagrun for latest_only_with_trigger to 2023-03-11T08:31:18.355950+00:00, run_after=2023-03-11T12:31:18.355950+00:00
[2023-03-11T12:31:18.408+0000] {processor.py:175} INFO - Processing /home/airflow/.local/lib/python3.7/site-packages/airflow/example_dags/example_latest_only_with_trigger.py took 0.174 seconds
[2023-03-11T12:31:48.675+0000] {processor.py:153} INFO - Started process (PID=188) to work on /home/airflow/.local/lib/python3.7/site-packages/airflow/example_dags/example_latest_only_with_trigger.py
[2023-03-11T12:31:48.676+0000] {processor.py:743} INFO - Processing file /home/airflow/.local/lib/python3.7/site-packages/airflow/example_dags/example_latest_only_with_trigger.py for tasks to queue
[2023-03-11T12:31:48.676+0000] {logging_mixin.py:137} INFO - [2023-03-11T12:31:48.676+0000] {dagbag.py:538} INFO - Filling up the DagBag from /home/airflow/.local/lib/python3.7/site-packages/airflow/example_dags/example_latest_only_with_trigger.py
[2023-03-11T12:31:48.690+0000] {processor.py:753} INFO - DAG(s) dict_keys(['latest_only_with_trigger']) retrieved from /home/airflow/.local/lib/python3.7/site-packages/airflow/example_dags/example_latest_only_with_trigger.py
[2023-03-11T12:31:48.714+0000] {logging_mixin.py:137} INFO - [2023-03-11T12:31:48.714+0000] {dag.py:2690} INFO - Sync 1 DAGs
[2023-03-11T12:31:48.744+0000] {logging_mixin.py:137} INFO - [2023-03-11T12:31:48.743+0000] {dag.py:3441} INFO - Setting next_dagrun for latest_only_with_trigger to 2023-03-11T08:31:48.743559+00:00, run_after=2023-03-11T12:31:48.743559+00:00
[2023-03-11T12:31:48.764+0000] {processor.py:175} INFO - Processing /home/airflow/.local/lib/python3.7/site-packages/airflow/example_dags/example_latest_only_with_trigger.py took 0.093 seconds
[2023-03-11T12:32:19.634+0000] {processor.py:153} INFO - Started process (PID=275) to work on /home/airflow/.local/lib/python3.7/site-packages/airflow/example_dags/example_latest_only_with_trigger.py
[2023-03-11T12:32:19.636+0000] {processor.py:743} INFO - Processing file /home/airflow/.local/lib/python3.7/site-packages/airflow/example_dags/example_latest_only_with_trigger.py for tasks to queue
[2023-03-11T12:32:19.637+0000] {logging_mixin.py:137} INFO - [2023-03-11T12:32:19.637+0000] {dagbag.py:538} INFO - Filling up the DagBag from /home/airflow/.local/lib/python3.7/site-packages/airflow/example_dags/example_latest_only_with_trigger.py
[2023-03-11T12:32:19.653+0000] {processor.py:753} INFO - DAG(s) dict_keys(['latest_only_with_trigger']) retrieved from /home/airflow/.local/lib/python3.7/site-packages/airflow/example_dags/example_latest_only_with_trigger.py
[2023-03-11T12:32:19.680+0000] {logging_mixin.py:137} INFO - [2023-03-11T12:32:19.679+0000] {dag.py:2690} INFO - Sync 1 DAGs
[2023-03-11T12:32:19.709+0000] {logging_mixin.py:137} INFO - [2023-03-11T12:32:19.708+0000] {dag.py:3441} INFO - Setting next_dagrun for latest_only_with_trigger to 2023-03-11T08:32:19.708689+00:00, run_after=2023-03-11T12:32:19.708689+00:00
[2023-03-11T12:32:19.728+0000] {processor.py:175} INFO - Processing /home/airflow/.local/lib/python3.7/site-packages/airflow/example_dags/example_latest_only_with_trigger.py took 0.097 seconds
[2023-03-11T12:32:50.646+0000] {processor.py:153} INFO - Started process (PID=386) to work on /home/airflow/.local/lib/python3.7/site-packages/airflow/example_dags/example_latest_only_with_trigger.py
[2023-03-11T12:32:50.647+0000] {processor.py:743} INFO - Processing file /home/airflow/.local/lib/python3.7/site-packages/airflow/example_dags/example_latest_only_with_trigger.py for tasks to queue
[2023-03-11T12:32:50.648+0000] {logging_mixin.py:137} INFO - [2023-03-11T12:32:50.648+0000] {dagbag.py:538} INFO - Filling up the DagBag from /home/airflow/.local/lib/python3.7/site-packages/airflow/example_dags/example_latest_only_with_trigger.py
[2023-03-11T12:32:50.661+0000] {processor.py:753} INFO - DAG(s) dict_keys(['latest_only_with_trigger']) retrieved from /home/airflow/.local/lib/python3.7/site-packages/airflow/example_dags/example_latest_only_with_trigger.py
[2023-03-11T12:32:50.694+0000] {logging_mixin.py:137} INFO - [2023-03-11T12:32:50.694+0000] {dag.py:2690} INFO - Sync 1 DAGs
[2023-03-11T12:32:50.724+0000] {logging_mixin.py:137} INFO - [2023-03-11T12:32:50.724+0000] {dag.py:3441} INFO - Setting next_dagrun for latest_only_with_trigger to 2023-03-11T08:32:50.723650+00:00, run_after=2023-03-11T12:32:50.723650+00:00
[2023-03-11T12:32:50.744+0000] {processor.py:175} INFO - Processing /home/airflow/.local/lib/python3.7/site-packages/airflow/example_dags/example_latest_only_with_trigger.py took 0.101 seconds
[2023-03-11T12:33:21.592+0000] {processor.py:153} INFO - Started process (PID=473) to work on /home/airflow/.local/lib/python3.7/site-packages/airflow/example_dags/example_latest_only_with_trigger.py
[2023-03-11T12:33:21.593+0000] {processor.py:743} INFO - Processing file /home/airflow/.local/lib/python3.7/site-packages/airflow/example_dags/example_latest_only_with_trigger.py for tasks to queue
[2023-03-11T12:33:21.594+0000] {logging_mixin.py:137} INFO - [2023-03-11T12:33:21.594+0000] {dagbag.py:538} INFO - Filling up the DagBag from /home/airflow/.local/lib/python3.7/site-packages/airflow/example_dags/example_latest_only_with_trigger.py
[2023-03-11T12:33:21.609+0000] {processor.py:753} INFO - DAG(s) dict_keys(['latest_only_with_trigger']) retrieved from /home/airflow/.local/lib/python3.7/site-packages/airflow/example_dags/example_latest_only_with_trigger.py
[2023-03-11T12:33:21.638+0000] {logging_mixin.py:137} INFO - [2023-03-11T12:33:21.638+0000] {dag.py:2690} INFO - Sync 1 DAGs
[2023-03-11T12:33:21.669+0000] {logging_mixin.py:137} INFO - [2023-03-11T12:33:21.669+0000] {dag.py:3441} INFO - Setting next_dagrun for latest_only_with_trigger to 2023-03-11T08:33:21.669352+00:00, run_after=2023-03-11T12:33:21.669352+00:00
[2023-03-11T12:33:21.689+0000] {processor.py:175} INFO - Processing /home/airflow/.local/lib/python3.7/site-packages/airflow/example_dags/example_latest_only_with_trigger.py took 0.101 seconds
[2023-03-11T12:33:52.538+0000] {processor.py:153} INFO - Started process (PID=569) to work on /home/airflow/.local/lib/python3.7/site-packages/airflow/example_dags/example_latest_only_with_trigger.py
[2023-03-11T12:33:52.539+0000] {processor.py:743} INFO - Processing file /home/airflow/.local/lib/python3.7/site-packages/airflow/example_dags/example_latest_only_with_trigger.py for tasks to queue
[2023-03-11T12:33:52.540+0000] {logging_mixin.py:137} INFO - [2023-03-11T12:33:52.539+0000] {dagbag.py:538} INFO - Filling up the DagBag from /home/airflow/.local/lib/python3.7/site-packages/airflow/example_dags/example_latest_only_with_trigger.py
[2023-03-11T12:33:52.553+0000] {processor.py:753} INFO - DAG(s) dict_keys(['latest_only_with_trigger']) retrieved from /home/airflow/.local/lib/python3.7/site-packages/airflow/example_dags/example_latest_only_with_trigger.py
[2023-03-11T12:33:52.579+0000] {logging_mixin.py:137} INFO - [2023-03-11T12:33:52.579+0000] {dag.py:2690} INFO - Sync 1 DAGs
[2023-03-11T12:33:52.614+0000] {logging_mixin.py:137} INFO - [2023-03-11T12:33:52.614+0000] {dag.py:3441} INFO - Setting next_dagrun for latest_only_with_trigger to 2023-03-11T08:33:52.613772+00:00, run_after=2023-03-11T12:33:52.613772+00:00
[2023-03-11T12:33:52.636+0000] {processor.py:175} INFO - Processing /home/airflow/.local/lib/python3.7/site-packages/airflow/example_dags/example_latest_only_with_trigger.py took 0.101 seconds
[2023-03-11T12:34:23.293+0000] {processor.py:153} INFO - Started process (PID=671) to work on /home/airflow/.local/lib/python3.7/site-packages/airflow/example_dags/example_latest_only_with_trigger.py
[2023-03-11T12:34:23.294+0000] {processor.py:743} INFO - Processing file /home/airflow/.local/lib/python3.7/site-packages/airflow/example_dags/example_latest_only_with_trigger.py for tasks to queue
[2023-03-11T12:34:23.294+0000] {logging_mixin.py:137} INFO - [2023-03-11T12:34:23.294+0000] {dagbag.py:538} INFO - Filling up the DagBag from /home/airflow/.local/lib/python3.7/site-packages/airflow/example_dags/example_latest_only_with_trigger.py
[2023-03-11T12:34:23.308+0000] {processor.py:753} INFO - DAG(s) dict_keys(['latest_only_with_trigger']) retrieved from /home/airflow/.local/lib/python3.7/site-packages/airflow/example_dags/example_latest_only_with_trigger.py
[2023-03-11T12:34:23.332+0000] {logging_mixin.py:137} INFO - [2023-03-11T12:34:23.332+0000] {dag.py:2690} INFO - Sync 1 DAGs
[2023-03-11T12:34:23.361+0000] {logging_mixin.py:137} INFO - [2023-03-11T12:34:23.361+0000] {dag.py:3441} INFO - Setting next_dagrun for latest_only_with_trigger to 2023-03-11T08:34:23.360890+00:00, run_after=2023-03-11T12:34:23.360890+00:00
[2023-03-11T12:34:23.380+0000] {processor.py:175} INFO - Processing /home/airflow/.local/lib/python3.7/site-packages/airflow/example_dags/example_latest_only_with_trigger.py took 0.090 seconds
[2023-03-11T12:34:53.741+0000] {processor.py:153} INFO - Started process (PID=758) to work on /home/airflow/.local/lib/python3.7/site-packages/airflow/example_dags/example_latest_only_with_trigger.py
[2023-03-11T12:34:53.742+0000] {processor.py:743} INFO - Processing file /home/airflow/.local/lib/python3.7/site-packages/airflow/example_dags/example_latest_only_with_trigger.py for tasks to queue
[2023-03-11T12:34:53.742+0000] {logging_mixin.py:137} INFO - [2023-03-11T12:34:53.742+0000] {dagbag.py:538} INFO - Filling up the DagBag from /home/airflow/.local/lib/python3.7/site-packages/airflow/example_dags/example_latest_only_with_trigger.py
[2023-03-11T12:34:53.757+0000] {processor.py:753} INFO - DAG(s) dict_keys(['latest_only_with_trigger']) retrieved from /home/airflow/.local/lib/python3.7/site-packages/airflow/example_dags/example_latest_only_with_trigger.py
[2023-03-11T12:34:53.784+0000] {logging_mixin.py:137} INFO - [2023-03-11T12:34:53.784+0000] {dag.py:2690} INFO - Sync 1 DAGs
[2023-03-11T12:34:53.812+0000] {logging_mixin.py:137} INFO - [2023-03-11T12:34:53.811+0000] {dag.py:3441} INFO - Setting next_dagrun for latest_only_with_trigger to 2023-03-11T08:34:53.811464+00:00, run_after=2023-03-11T12:34:53.811464+00:00
[2023-03-11T12:34:53.832+0000] {processor.py:175} INFO - Processing /home/airflow/.local/lib/python3.7/site-packages/airflow/example_dags/example_latest_only_with_trigger.py took 0.095 seconds
[2023-03-11T12:35:24.013+0000] {processor.py:153} INFO - Started process (PID=869) to work on /home/airflow/.local/lib/python3.7/site-packages/airflow/example_dags/example_latest_only_with_trigger.py
[2023-03-11T12:35:24.014+0000] {processor.py:743} INFO - Processing file /home/airflow/.local/lib/python3.7/site-packages/airflow/example_dags/example_latest_only_with_trigger.py for tasks to queue
[2023-03-11T12:35:24.014+0000] {logging_mixin.py:137} INFO - [2023-03-11T12:35:24.014+0000] {dagbag.py:538} INFO - Filling up the DagBag from /home/airflow/.local/lib/python3.7/site-packages/airflow/example_dags/example_latest_only_with_trigger.py
[2023-03-11T12:35:24.029+0000] {processor.py:753} INFO - DAG(s) dict_keys(['latest_only_with_trigger']) retrieved from /home/airflow/.local/lib/python3.7/site-packages/airflow/example_dags/example_latest_only_with_trigger.py
[2023-03-11T12:35:24.054+0000] {logging_mixin.py:137} INFO - [2023-03-11T12:35:24.054+0000] {dag.py:2690} INFO - Sync 1 DAGs
[2023-03-11T12:35:24.079+0000] {logging_mixin.py:137} INFO - [2023-03-11T12:35:24.079+0000] {dag.py:3441} INFO - Setting next_dagrun for latest_only_with_trigger to 2023-03-11T08:35:24.078935+00:00, run_after=2023-03-11T12:35:24.078935+00:00
[2023-03-11T12:35:24.099+0000] {processor.py:175} INFO - Processing /home/airflow/.local/lib/python3.7/site-packages/airflow/example_dags/example_latest_only_with_trigger.py took 0.088 seconds
[2023-03-11T12:35:54.417+0000] {processor.py:153} INFO - Started process (PID=956) to work on /home/airflow/.local/lib/python3.7/site-packages/airflow/example_dags/example_latest_only_with_trigger.py
[2023-03-11T12:35:54.418+0000] {processor.py:743} INFO - Processing file /home/airflow/.local/lib/python3.7/site-packages/airflow/example_dags/example_latest_only_with_trigger.py for tasks to queue
[2023-03-11T12:35:54.419+0000] {logging_mixin.py:137} INFO - [2023-03-11T12:35:54.418+0000] {dagbag.py:538} INFO - Filling up the DagBag from /home/airflow/.local/lib/python3.7/site-packages/airflow/example_dags/example_latest_only_with_trigger.py
[2023-03-11T12:35:54.431+0000] {processor.py:753} INFO - DAG(s) dict_keys(['latest_only_with_trigger']) retrieved from /home/airflow/.local/lib/python3.7/site-packages/airflow/example_dags/example_latest_only_with_trigger.py
[2023-03-11T12:35:54.455+0000] {logging_mixin.py:137} INFO - [2023-03-11T12:35:54.455+0000] {dag.py:2690} INFO - Sync 1 DAGs
[2023-03-11T12:35:54.482+0000] {logging_mixin.py:137} INFO - [2023-03-11T12:35:54.481+0000] {dag.py:3441} INFO - Setting next_dagrun for latest_only_with_trigger to 2023-03-11T08:35:54.481590+00:00, run_after=2023-03-11T12:35:54.481590+00:00
[2023-03-11T12:35:54.500+0000] {processor.py:175} INFO - Processing /home/airflow/.local/lib/python3.7/site-packages/airflow/example_dags/example_latest_only_with_trigger.py took 0.086 seconds
[2023-03-11T12:36:25.104+0000] {processor.py:153} INFO - Started process (PID=1043) to work on /home/airflow/.local/lib/python3.7/site-packages/airflow/example_dags/example_latest_only_with_trigger.py
[2023-03-11T12:36:25.105+0000] {processor.py:743} INFO - Processing file /home/airflow/.local/lib/python3.7/site-packages/airflow/example_dags/example_latest_only_with_trigger.py for tasks to queue
[2023-03-11T12:36:25.106+0000] {logging_mixin.py:137} INFO - [2023-03-11T12:36:25.106+0000] {dagbag.py:538} INFO - Filling up the DagBag from /home/airflow/.local/lib/python3.7/site-packages/airflow/example_dags/example_latest_only_with_trigger.py
[2023-03-11T12:36:25.119+0000] {processor.py:753} INFO - DAG(s) dict_keys(['latest_only_with_trigger']) retrieved from /home/airflow/.local/lib/python3.7/site-packages/airflow/example_dags/example_latest_only_with_trigger.py
[2023-03-11T12:36:25.144+0000] {logging_mixin.py:137} INFO - [2023-03-11T12:36:25.144+0000] {dag.py:2690} INFO - Sync 1 DAGs
[2023-03-11T12:36:25.171+0000] {logging_mixin.py:137} INFO - [2023-03-11T12:36:25.171+0000] {dag.py:3441} INFO - Setting next_dagrun for latest_only_with_trigger to 2023-03-11T08:36:25.171189+00:00, run_after=2023-03-11T12:36:25.171189+00:00
[2023-03-11T12:36:25.194+0000] {processor.py:175} INFO - Processing /home/airflow/.local/lib/python3.7/site-packages/airflow/example_dags/example_latest_only_with_trigger.py took 0.093 seconds
[2023-03-11T12:36:55.725+0000] {processor.py:153} INFO - Started process (PID=1154) to work on /home/airflow/.local/lib/python3.7/site-packages/airflow/example_dags/example_latest_only_with_trigger.py
[2023-03-11T12:36:55.726+0000] {processor.py:743} INFO - Processing file /home/airflow/.local/lib/python3.7/site-packages/airflow/example_dags/example_latest_only_with_trigger.py for tasks to queue
[2023-03-11T12:36:55.727+0000] {logging_mixin.py:137} INFO - [2023-03-11T12:36:55.727+0000] {dagbag.py:538} INFO - Filling up the DagBag from /home/airflow/.local/lib/python3.7/site-packages/airflow/example_dags/example_latest_only_with_trigger.py
[2023-03-11T12:36:55.740+0000] {processor.py:753} INFO - DAG(s) dict_keys(['latest_only_with_trigger']) retrieved from /home/airflow/.local/lib/python3.7/site-packages/airflow/example_dags/example_latest_only_with_trigger.py
[2023-03-11T12:36:55.765+0000] {logging_mixin.py:137} INFO - [2023-03-11T12:36:55.765+0000] {dag.py:2690} INFO - Sync 1 DAGs
[2023-03-11T12:36:55.790+0000] {logging_mixin.py:137} INFO - [2023-03-11T12:36:55.790+0000] {dag.py:3441} INFO - Setting next_dagrun for latest_only_with_trigger to 2023-03-11T08:36:55.790108+00:00, run_after=2023-03-11T12:36:55.790108+00:00
[2023-03-11T12:36:55.808+0000] {processor.py:175} INFO - Processing /home/airflow/.local/lib/python3.7/site-packages/airflow/example_dags/example_latest_only_with_trigger.py took 0.085 seconds
[2023-03-11T12:37:26.254+0000] {processor.py:153} INFO - Started process (PID=1241) to work on /home/airflow/.local/lib/python3.7/site-packages/airflow/example_dags/example_latest_only_with_trigger.py
[2023-03-11T12:37:26.255+0000] {processor.py:743} INFO - Processing file /home/airflow/.local/lib/python3.7/site-packages/airflow/example_dags/example_latest_only_with_trigger.py for tasks to queue
[2023-03-11T12:37:26.256+0000] {logging_mixin.py:137} INFO - [2023-03-11T12:37:26.256+0000] {dagbag.py:538} INFO - Filling up the DagBag from /home/airflow/.local/lib/python3.7/site-packages/airflow/example_dags/example_latest_only_with_trigger.py
[2023-03-11T12:37:26.271+0000] {processor.py:753} INFO - DAG(s) dict_keys(['latest_only_with_trigger']) retrieved from /home/airflow/.local/lib/python3.7/site-packages/airflow/example_dags/example_latest_only_with_trigger.py
[2023-03-11T12:37:26.299+0000] {logging_mixin.py:137} INFO - [2023-03-11T12:37:26.299+0000] {dag.py:2690} INFO - Sync 1 DAGs
[2023-03-11T12:37:26.331+0000] {logging_mixin.py:137} INFO - [2023-03-11T12:37:26.330+0000] {dag.py:3441} INFO - Setting next_dagrun for latest_only_with_trigger to 2023-03-11T08:37:26.330550+00:00, run_after=2023-03-11T12:37:26.330550+00:00
[2023-03-11T12:37:26.358+0000] {processor.py:175} INFO - Processing /home/airflow/.local/lib/python3.7/site-packages/airflow/example_dags/example_latest_only_with_trigger.py took 0.107 seconds
[2023-03-11T12:37:57.266+0000] {processor.py:153} INFO - Started process (PID=1337) to work on /home/airflow/.local/lib/python3.7/site-packages/airflow/example_dags/example_latest_only_with_trigger.py
[2023-03-11T12:37:57.267+0000] {processor.py:743} INFO - Processing file /home/airflow/.local/lib/python3.7/site-packages/airflow/example_dags/example_latest_only_with_trigger.py for tasks to queue
[2023-03-11T12:37:57.268+0000] {logging_mixin.py:137} INFO - [2023-03-11T12:37:57.268+0000] {dagbag.py:538} INFO - Filling up the DagBag from /home/airflow/.local/lib/python3.7/site-packages/airflow/example_dags/example_latest_only_with_trigger.py
[2023-03-11T12:37:57.281+0000] {processor.py:753} INFO - DAG(s) dict_keys(['latest_only_with_trigger']) retrieved from /home/airflow/.local/lib/python3.7/site-packages/airflow/example_dags/example_latest_only_with_trigger.py
[2023-03-11T12:37:57.308+0000] {logging_mixin.py:137} INFO - [2023-03-11T12:37:57.308+0000] {dag.py:2690} INFO - Sync 1 DAGs
[2023-03-11T12:37:57.345+0000] {logging_mixin.py:137} INFO - [2023-03-11T12:37:57.345+0000] {dag.py:3441} INFO - Setting next_dagrun for latest_only_with_trigger to 2023-03-11T08:37:57.344985+00:00, run_after=2023-03-11T12:37:57.344985+00:00
[2023-03-11T12:37:57.372+0000] {processor.py:175} INFO - Processing /home/airflow/.local/lib/python3.7/site-packages/airflow/example_dags/example_latest_only_with_trigger.py took 0.109 seconds
[2023-03-11T12:38:27.634+0000] {processor.py:153} INFO - Started process (PID=1438) to work on /home/airflow/.local/lib/python3.7/site-packages/airflow/example_dags/example_latest_only_with_trigger.py
[2023-03-11T12:38:27.635+0000] {processor.py:743} INFO - Processing file /home/airflow/.local/lib/python3.7/site-packages/airflow/example_dags/example_latest_only_with_trigger.py for tasks to queue
[2023-03-11T12:38:27.636+0000] {logging_mixin.py:137} INFO - [2023-03-11T12:38:27.636+0000] {dagbag.py:538} INFO - Filling up the DagBag from /home/airflow/.local/lib/python3.7/site-packages/airflow/example_dags/example_latest_only_with_trigger.py
[2023-03-11T12:38:27.650+0000] {processor.py:753} INFO - DAG(s) dict_keys(['latest_only_with_trigger']) retrieved from /home/airflow/.local/lib/python3.7/site-packages/airflow/example_dags/example_latest_only_with_trigger.py
[2023-03-11T12:38:27.679+0000] {logging_mixin.py:137} INFO - [2023-03-11T12:38:27.678+0000] {dag.py:2690} INFO - Sync 1 DAGs
[2023-03-11T12:38:27.706+0000] {logging_mixin.py:137} INFO - [2023-03-11T12:38:27.706+0000] {dag.py:3441} INFO - Setting next_dagrun for latest_only_with_trigger to 2023-03-11T08:38:27.706079+00:00, run_after=2023-03-11T12:38:27.706079+00:00
[2023-03-11T12:38:27.728+0000] {processor.py:175} INFO - Processing /home/airflow/.local/lib/python3.7/site-packages/airflow/example_dags/example_latest_only_with_trigger.py took 0.097 seconds
[2023-03-11T12:38:58.893+0000] {processor.py:153} INFO - Started process (PID=1525) to work on /home/airflow/.local/lib/python3.7/site-packages/airflow/example_dags/example_latest_only_with_trigger.py
[2023-03-11T12:38:58.894+0000] {processor.py:743} INFO - Processing file /home/airflow/.local/lib/python3.7/site-packages/airflow/example_dags/example_latest_only_with_trigger.py for tasks to queue
[2023-03-11T12:38:58.895+0000] {logging_mixin.py:137} INFO - [2023-03-11T12:38:58.895+0000] {dagbag.py:538} INFO - Filling up the DagBag from /home/airflow/.local/lib/python3.7/site-packages/airflow/example_dags/example_latest_only_with_trigger.py
[2023-03-11T12:38:58.911+0000] {processor.py:753} INFO - DAG(s) dict_keys(['latest_only_with_trigger']) retrieved from /home/airflow/.local/lib/python3.7/site-packages/airflow/example_dags/example_latest_only_with_trigger.py
[2023-03-11T12:38:58.945+0000] {logging_mixin.py:137} INFO - [2023-03-11T12:38:58.945+0000] {dag.py:2690} INFO - Sync 1 DAGs
[2023-03-11T12:38:58.980+0000] {logging_mixin.py:137} INFO - [2023-03-11T12:38:58.980+0000] {dag.py:3441} INFO - Setting next_dagrun for latest_only_with_trigger to 2023-03-11T08:38:58.979936+00:00, run_after=2023-03-11T12:38:58.979936+00:00
[2023-03-11T12:38:59.016+0000] {processor.py:175} INFO - Processing /home/airflow/.local/lib/python3.7/site-packages/airflow/example_dags/example_latest_only_with_trigger.py took 0.127 seconds
[2023-03-11T12:39:29.179+0000] {processor.py:153} INFO - Started process (PID=1636) to work on /home/airflow/.local/lib/python3.7/site-packages/airflow/example_dags/example_latest_only_with_trigger.py
[2023-03-11T12:39:29.180+0000] {processor.py:743} INFO - Processing file /home/airflow/.local/lib/python3.7/site-packages/airflow/example_dags/example_latest_only_with_trigger.py for tasks to queue
[2023-03-11T12:39:29.181+0000] {logging_mixin.py:137} INFO - [2023-03-11T12:39:29.181+0000] {dagbag.py:538} INFO - Filling up the DagBag from /home/airflow/.local/lib/python3.7/site-packages/airflow/example_dags/example_latest_only_with_trigger.py
[2023-03-11T12:39:29.195+0000] {processor.py:753} INFO - DAG(s) dict_keys(['latest_only_with_trigger']) retrieved from /home/airflow/.local/lib/python3.7/site-packages/airflow/example_dags/example_latest_only_with_trigger.py
[2023-03-11T12:39:29.228+0000] {logging_mixin.py:137} INFO - [2023-03-11T12:39:29.228+0000] {dag.py:2690} INFO - Sync 1 DAGs
[2023-03-11T12:39:29.259+0000] {logging_mixin.py:137} INFO - [2023-03-11T12:39:29.259+0000] {dag.py:3441} INFO - Setting next_dagrun for latest_only_with_trigger to 2023-03-11T08:39:29.259278+00:00, run_after=2023-03-11T12:39:29.259278+00:00
[2023-03-11T12:39:29.283+0000] {processor.py:175} INFO - Processing /home/airflow/.local/lib/python3.7/site-packages/airflow/example_dags/example_latest_only_with_trigger.py took 0.107 seconds
[2023-03-11T12:39:59.410+0000] {processor.py:153} INFO - Started process (PID=1723) to work on /home/airflow/.local/lib/python3.7/site-packages/airflow/example_dags/example_latest_only_with_trigger.py
[2023-03-11T12:39:59.411+0000] {processor.py:743} INFO - Processing file /home/airflow/.local/lib/python3.7/site-packages/airflow/example_dags/example_latest_only_with_trigger.py for tasks to queue
[2023-03-11T12:39:59.412+0000] {logging_mixin.py:137} INFO - [2023-03-11T12:39:59.412+0000] {dagbag.py:538} INFO - Filling up the DagBag from /home/airflow/.local/lib/python3.7/site-packages/airflow/example_dags/example_latest_only_with_trigger.py
[2023-03-11T12:39:59.425+0000] {processor.py:753} INFO - DAG(s) dict_keys(['latest_only_with_trigger']) retrieved from /home/airflow/.local/lib/python3.7/site-packages/airflow/example_dags/example_latest_only_with_trigger.py
[2023-03-11T12:39:59.457+0000] {logging_mixin.py:137} INFO - [2023-03-11T12:39:59.457+0000] {dag.py:2690} INFO - Sync 1 DAGs
[2023-03-11T12:39:59.486+0000] {logging_mixin.py:137} INFO - [2023-03-11T12:39:59.486+0000] {dag.py:3441} INFO - Setting next_dagrun for latest_only_with_trigger to 2023-03-11T08:39:59.486321+00:00, run_after=2023-03-11T12:39:59.486321+00:00
[2023-03-11T12:39:59.504+0000] {processor.py:175} INFO - Processing /home/airflow/.local/lib/python3.7/site-packages/airflow/example_dags/example_latest_only_with_trigger.py took 0.097 seconds
[2023-03-11T12:40:30.389+0000] {processor.py:153} INFO - Started process (PID=1810) to work on /home/airflow/.local/lib/python3.7/site-packages/airflow/example_dags/example_latest_only_with_trigger.py
[2023-03-11T12:40:30.390+0000] {processor.py:743} INFO - Processing file /home/airflow/.local/lib/python3.7/site-packages/airflow/example_dags/example_latest_only_with_trigger.py for tasks to queue
[2023-03-11T12:40:30.391+0000] {logging_mixin.py:137} INFO - [2023-03-11T12:40:30.391+0000] {dagbag.py:538} INFO - Filling up the DagBag from /home/airflow/.local/lib/python3.7/site-packages/airflow/example_dags/example_latest_only_with_trigger.py
[2023-03-11T12:40:30.405+0000] {processor.py:753} INFO - DAG(s) dict_keys(['latest_only_with_trigger']) retrieved from /home/airflow/.local/lib/python3.7/site-packages/airflow/example_dags/example_latest_only_with_trigger.py
[2023-03-11T12:40:30.448+0000] {logging_mixin.py:137} INFO - [2023-03-11T12:40:30.447+0000] {dag.py:2690} INFO - Sync 1 DAGs
[2023-03-11T12:40:30.480+0000] {logging_mixin.py:137} INFO - [2023-03-11T12:40:30.480+0000] {dag.py:3441} INFO - Setting next_dagrun for latest_only_with_trigger to 2023-03-11T08:40:30.480232+00:00, run_after=2023-03-11T12:40:30.480232+00:00
[2023-03-11T12:40:30.510+0000] {processor.py:175} INFO - Processing /home/airflow/.local/lib/python3.7/site-packages/airflow/example_dags/example_latest_only_with_trigger.py took 0.124 seconds
[2023-03-11T12:41:01.433+0000] {processor.py:153} INFO - Started process (PID=1921) to work on /home/airflow/.local/lib/python3.7/site-packages/airflow/example_dags/example_latest_only_with_trigger.py
[2023-03-11T12:41:01.434+0000] {processor.py:743} INFO - Processing file /home/airflow/.local/lib/python3.7/site-packages/airflow/example_dags/example_latest_only_with_trigger.py for tasks to queue
[2023-03-11T12:41:01.435+0000] {logging_mixin.py:137} INFO - [2023-03-11T12:41:01.435+0000] {dagbag.py:538} INFO - Filling up the DagBag from /home/airflow/.local/lib/python3.7/site-packages/airflow/example_dags/example_latest_only_with_trigger.py
[2023-03-11T12:41:01.449+0000] {processor.py:753} INFO - DAG(s) dict_keys(['latest_only_with_trigger']) retrieved from /home/airflow/.local/lib/python3.7/site-packages/airflow/example_dags/example_latest_only_with_trigger.py
[2023-03-11T12:41:01.480+0000] {logging_mixin.py:137} INFO - [2023-03-11T12:41:01.480+0000] {dag.py:2690} INFO - Sync 1 DAGs
[2023-03-11T12:41:01.505+0000] {logging_mixin.py:137} INFO - [2023-03-11T12:41:01.505+0000] {dag.py:3441} INFO - Setting next_dagrun for latest_only_with_trigger to 2023-03-11T08:41:01.505509+00:00, run_after=2023-03-11T12:41:01.505509+00:00
[2023-03-11T12:41:01.526+0000] {processor.py:175} INFO - Processing /home/airflow/.local/lib/python3.7/site-packages/airflow/example_dags/example_latest_only_with_trigger.py took 0.096 seconds
[2023-03-11T12:41:32.088+0000] {processor.py:153} INFO - Started process (PID=2008) to work on /home/airflow/.local/lib/python3.7/site-packages/airflow/example_dags/example_latest_only_with_trigger.py
[2023-03-11T12:41:32.089+0000] {processor.py:743} INFO - Processing file /home/airflow/.local/lib/python3.7/site-packages/airflow/example_dags/example_latest_only_with_trigger.py for tasks to queue
[2023-03-11T12:41:32.090+0000] {logging_mixin.py:137} INFO - [2023-03-11T12:41:32.090+0000] {dagbag.py:538} INFO - Filling up the DagBag from /home/airflow/.local/lib/python3.7/site-packages/airflow/example_dags/example_latest_only_with_trigger.py
[2023-03-11T12:41:32.103+0000] {processor.py:753} INFO - DAG(s) dict_keys(['latest_only_with_trigger']) retrieved from /home/airflow/.local/lib/python3.7/site-packages/airflow/example_dags/example_latest_only_with_trigger.py
[2023-03-11T12:41:32.130+0000] {logging_mixin.py:137} INFO - [2023-03-11T12:41:32.130+0000] {dag.py:2690} INFO - Sync 1 DAGs
[2023-03-11T12:41:32.158+0000] {logging_mixin.py:137} INFO - [2023-03-11T12:41:32.158+0000] {dag.py:3441} INFO - Setting next_dagrun for latest_only_with_trigger to 2023-03-11T08:41:32.158540+00:00, run_after=2023-03-11T12:41:32.158540+00:00
[2023-03-11T12:41:32.178+0000] {processor.py:175} INFO - Processing /home/airflow/.local/lib/python3.7/site-packages/airflow/example_dags/example_latest_only_with_trigger.py took 0.092 seconds
[2023-03-11T12:42:02.889+0000] {processor.py:153} INFO - Started process (PID=2119) to work on /home/airflow/.local/lib/python3.7/site-packages/airflow/example_dags/example_latest_only_with_trigger.py
[2023-03-11T12:42:02.890+0000] {processor.py:743} INFO - Processing file /home/airflow/.local/lib/python3.7/site-packages/airflow/example_dags/example_latest_only_with_trigger.py for tasks to queue
[2023-03-11T12:42:02.891+0000] {logging_mixin.py:137} INFO - [2023-03-11T12:42:02.891+0000] {dagbag.py:538} INFO - Filling up the DagBag from /home/airflow/.local/lib/python3.7/site-packages/airflow/example_dags/example_latest_only_with_trigger.py
[2023-03-11T12:42:02.905+0000] {processor.py:753} INFO - DAG(s) dict_keys(['latest_only_with_trigger']) retrieved from /home/airflow/.local/lib/python3.7/site-packages/airflow/example_dags/example_latest_only_with_trigger.py
[2023-03-11T12:42:02.934+0000] {logging_mixin.py:137} INFO - [2023-03-11T12:42:02.934+0000] {dag.py:2690} INFO - Sync 1 DAGs
[2023-03-11T12:42:02.962+0000] {logging_mixin.py:137} INFO - [2023-03-11T12:42:02.962+0000] {dag.py:3441} INFO - Setting next_dagrun for latest_only_with_trigger to 2023-03-11T08:42:02.961793+00:00, run_after=2023-03-11T12:42:02.961793+00:00
[2023-03-11T12:42:02.984+0000] {processor.py:175} INFO - Processing /home/airflow/.local/lib/python3.7/site-packages/airflow/example_dags/example_latest_only_with_trigger.py took 0.098 seconds
[2023-03-11T12:42:33.434+0000] {processor.py:153} INFO - Started process (PID=2206) to work on /home/airflow/.local/lib/python3.7/site-packages/airflow/example_dags/example_latest_only_with_trigger.py
[2023-03-11T12:42:33.435+0000] {processor.py:743} INFO - Processing file /home/airflow/.local/lib/python3.7/site-packages/airflow/example_dags/example_latest_only_with_trigger.py for tasks to queue
[2023-03-11T12:42:33.436+0000] {logging_mixin.py:137} INFO - [2023-03-11T12:42:33.436+0000] {dagbag.py:538} INFO - Filling up the DagBag from /home/airflow/.local/lib/python3.7/site-packages/airflow/example_dags/example_latest_only_with_trigger.py
[2023-03-11T12:42:33.449+0000] {processor.py:753} INFO - DAG(s) dict_keys(['latest_only_with_trigger']) retrieved from /home/airflow/.local/lib/python3.7/site-packages/airflow/example_dags/example_latest_only_with_trigger.py
[2023-03-11T12:42:33.477+0000] {logging_mixin.py:137} INFO - [2023-03-11T12:42:33.477+0000] {dag.py:2690} INFO - Sync 1 DAGs
[2023-03-11T12:42:33.506+0000] {logging_mixin.py:137} INFO - [2023-03-11T12:42:33.506+0000] {dag.py:3441} INFO - Setting next_dagrun for latest_only_with_trigger to 2023-03-11T08:42:33.506211+00:00, run_after=2023-03-11T12:42:33.506211+00:00
[2023-03-11T12:42:33.536+0000] {processor.py:175} INFO - Processing /home/airflow/.local/lib/python3.7/site-packages/airflow/example_dags/example_latest_only_with_trigger.py took 0.105 seconds
[2023-03-11T12:43:04.109+0000] {processor.py:153} INFO - Started process (PID=2293) to work on /home/airflow/.local/lib/python3.7/site-packages/airflow/example_dags/example_latest_only_with_trigger.py
[2023-03-11T12:43:04.110+0000] {processor.py:743} INFO - Processing file /home/airflow/.local/lib/python3.7/site-packages/airflow/example_dags/example_latest_only_with_trigger.py for tasks to queue
[2023-03-11T12:43:04.111+0000] {logging_mixin.py:137} INFO - [2023-03-11T12:43:04.111+0000] {dagbag.py:538} INFO - Filling up the DagBag from /home/airflow/.local/lib/python3.7/site-packages/airflow/example_dags/example_latest_only_with_trigger.py
[2023-03-11T12:43:04.124+0000] {processor.py:753} INFO - DAG(s) dict_keys(['latest_only_with_trigger']) retrieved from /home/airflow/.local/lib/python3.7/site-packages/airflow/example_dags/example_latest_only_with_trigger.py
[2023-03-11T12:43:04.148+0000] {logging_mixin.py:137} INFO - [2023-03-11T12:43:04.148+0000] {dag.py:2690} INFO - Sync 1 DAGs
[2023-03-11T12:43:04.172+0000] {logging_mixin.py:137} INFO - [2023-03-11T12:43:04.172+0000] {dag.py:3441} INFO - Setting next_dagrun for latest_only_with_trigger to 2023-03-11T08:43:04.172401+00:00, run_after=2023-03-11T12:43:04.172401+00:00
[2023-03-11T12:43:04.191+0000] {processor.py:175} INFO - Processing /home/airflow/.local/lib/python3.7/site-packages/airflow/example_dags/example_latest_only_with_trigger.py took 0.084 seconds
[2023-03-11T12:43:34.849+0000] {processor.py:153} INFO - Started process (PID=2404) to work on /home/airflow/.local/lib/python3.7/site-packages/airflow/example_dags/example_latest_only_with_trigger.py
[2023-03-11T12:43:34.850+0000] {processor.py:743} INFO - Processing file /home/airflow/.local/lib/python3.7/site-packages/airflow/example_dags/example_latest_only_with_trigger.py for tasks to queue
[2023-03-11T12:43:34.851+0000] {logging_mixin.py:137} INFO - [2023-03-11T12:43:34.850+0000] {dagbag.py:538} INFO - Filling up the DagBag from /home/airflow/.local/lib/python3.7/site-packages/airflow/example_dags/example_latest_only_with_trigger.py
[2023-03-11T12:43:34.864+0000] {processor.py:753} INFO - DAG(s) dict_keys(['latest_only_with_trigger']) retrieved from /home/airflow/.local/lib/python3.7/site-packages/airflow/example_dags/example_latest_only_with_trigger.py
[2023-03-11T12:43:34.891+0000] {logging_mixin.py:137} INFO - [2023-03-11T12:43:34.890+0000] {dag.py:2690} INFO - Sync 1 DAGs
[2023-03-11T12:43:34.924+0000] {logging_mixin.py:137} INFO - [2023-03-11T12:43:34.924+0000] {dag.py:3441} INFO - Setting next_dagrun for latest_only_with_trigger to 2023-03-11T08:43:34.924199+00:00, run_after=2023-03-11T12:43:34.924199+00:00
[2023-03-11T12:43:34.945+0000] {processor.py:175} INFO - Processing /home/airflow/.local/lib/python3.7/site-packages/airflow/example_dags/example_latest_only_with_trigger.py took 0.099 seconds
[2023-03-11T12:44:05.233+0000] {processor.py:153} INFO - Started process (PID=2491) to work on /home/airflow/.local/lib/python3.7/site-packages/airflow/example_dags/example_latest_only_with_trigger.py
[2023-03-11T12:44:05.234+0000] {processor.py:743} INFO - Processing file /home/airflow/.local/lib/python3.7/site-packages/airflow/example_dags/example_latest_only_with_trigger.py for tasks to queue
[2023-03-11T12:44:05.234+0000] {logging_mixin.py:137} INFO - [2023-03-11T12:44:05.234+0000] {dagbag.py:538} INFO - Filling up the DagBag from /home/airflow/.local/lib/python3.7/site-packages/airflow/example_dags/example_latest_only_with_trigger.py
[2023-03-11T12:44:05.247+0000] {processor.py:753} INFO - DAG(s) dict_keys(['latest_only_with_trigger']) retrieved from /home/airflow/.local/lib/python3.7/site-packages/airflow/example_dags/example_latest_only_with_trigger.py
[2023-03-11T12:44:05.271+0000] {logging_mixin.py:137} INFO - [2023-03-11T12:44:05.271+0000] {dag.py:2690} INFO - Sync 1 DAGs
[2023-03-11T12:44:05.295+0000] {logging_mixin.py:137} INFO - [2023-03-11T12:44:05.295+0000] {dag.py:3441} INFO - Setting next_dagrun for latest_only_with_trigger to 2023-03-11T08:44:05.295445+00:00, run_after=2023-03-11T12:44:05.295445+00:00
[2023-03-11T12:44:05.313+0000] {processor.py:175} INFO - Processing /home/airflow/.local/lib/python3.7/site-packages/airflow/example_dags/example_latest_only_with_trigger.py took 0.083 seconds
[2023-03-11T12:44:35.992+0000] {processor.py:153} INFO - Started process (PID=2602) to work on /home/airflow/.local/lib/python3.7/site-packages/airflow/example_dags/example_latest_only_with_trigger.py
[2023-03-11T12:44:35.993+0000] {processor.py:743} INFO - Processing file /home/airflow/.local/lib/python3.7/site-packages/airflow/example_dags/example_latest_only_with_trigger.py for tasks to queue
[2023-03-11T12:44:35.994+0000] {logging_mixin.py:137} INFO - [2023-03-11T12:44:35.993+0000] {dagbag.py:538} INFO - Filling up the DagBag from /home/airflow/.local/lib/python3.7/site-packages/airflow/example_dags/example_latest_only_with_trigger.py
[2023-03-11T12:44:36.008+0000] {processor.py:753} INFO - DAG(s) dict_keys(['latest_only_with_trigger']) retrieved from /home/airflow/.local/lib/python3.7/site-packages/airflow/example_dags/example_latest_only_with_trigger.py
[2023-03-11T12:44:36.034+0000] {logging_mixin.py:137} INFO - [2023-03-11T12:44:36.034+0000] {dag.py:2690} INFO - Sync 1 DAGs
[2023-03-11T12:44:36.064+0000] {logging_mixin.py:137} INFO - [2023-03-11T12:44:36.064+0000] {dag.py:3441} INFO - Setting next_dagrun for latest_only_with_trigger to 2023-03-11T08:44:36.064062+00:00, run_after=2023-03-11T12:44:36.064062+00:00
[2023-03-11T12:44:36.086+0000] {processor.py:175} INFO - Processing /home/airflow/.local/lib/python3.7/site-packages/airflow/example_dags/example_latest_only_with_trigger.py took 0.098 seconds
[2023-03-11T12:45:07.095+0000] {processor.py:153} INFO - Started process (PID=2689) to work on /home/airflow/.local/lib/python3.7/site-packages/airflow/example_dags/example_latest_only_with_trigger.py
[2023-03-11T12:45:07.096+0000] {processor.py:743} INFO - Processing file /home/airflow/.local/lib/python3.7/site-packages/airflow/example_dags/example_latest_only_with_trigger.py for tasks to queue
[2023-03-11T12:45:07.096+0000] {logging_mixin.py:137} INFO - [2023-03-11T12:45:07.096+0000] {dagbag.py:538} INFO - Filling up the DagBag from /home/airflow/.local/lib/python3.7/site-packages/airflow/example_dags/example_latest_only_with_trigger.py
[2023-03-11T12:45:07.111+0000] {processor.py:753} INFO - DAG(s) dict_keys(['latest_only_with_trigger']) retrieved from /home/airflow/.local/lib/python3.7/site-packages/airflow/example_dags/example_latest_only_with_trigger.py
[2023-03-11T12:45:07.149+0000] {logging_mixin.py:137} INFO - [2023-03-11T12:45:07.148+0000] {dag.py:2690} INFO - Sync 1 DAGs
[2023-03-11T12:45:07.180+0000] {logging_mixin.py:137} INFO - [2023-03-11T12:45:07.179+0000] {dag.py:3441} INFO - Setting next_dagrun for latest_only_with_trigger to 2023-03-11T08:45:07.178926+00:00, run_after=2023-03-11T12:45:07.178926+00:00
[2023-03-11T12:45:07.213+0000] {processor.py:175} INFO - Processing /home/airflow/.local/lib/python3.7/site-packages/airflow/example_dags/example_latest_only_with_trigger.py took 0.123 seconds
[2023-03-11T12:45:37.572+0000] {processor.py:153} INFO - Started process (PID=2783) to work on /home/airflow/.local/lib/python3.7/site-packages/airflow/example_dags/example_latest_only_with_trigger.py
[2023-03-11T12:45:37.573+0000] {processor.py:743} INFO - Processing file /home/airflow/.local/lib/python3.7/site-packages/airflow/example_dags/example_latest_only_with_trigger.py for tasks to queue
[2023-03-11T12:45:37.574+0000] {logging_mixin.py:137} INFO - [2023-03-11T12:45:37.574+0000] {dagbag.py:538} INFO - Filling up the DagBag from /home/airflow/.local/lib/python3.7/site-packages/airflow/example_dags/example_latest_only_with_trigger.py
[2023-03-11T12:45:37.591+0000] {processor.py:753} INFO - DAG(s) dict_keys(['latest_only_with_trigger']) retrieved from /home/airflow/.local/lib/python3.7/site-packages/airflow/example_dags/example_latest_only_with_trigger.py
[2023-03-11T12:45:37.634+0000] {logging_mixin.py:137} INFO - [2023-03-11T12:45:37.634+0000] {dag.py:2690} INFO - Sync 1 DAGs
[2023-03-11T12:45:37.681+0000] {logging_mixin.py:137} INFO - [2023-03-11T12:45:37.681+0000] {dag.py:3441} INFO - Setting next_dagrun for latest_only_with_trigger to 2023-03-11T08:45:37.681336+00:00, run_after=2023-03-11T12:45:37.681336+00:00
[2023-03-11T12:45:37.717+0000] {processor.py:175} INFO - Processing /home/airflow/.local/lib/python3.7/site-packages/airflow/example_dags/example_latest_only_with_trigger.py took 0.150 seconds
[2023-03-11T12:46:07.855+0000] {processor.py:153} INFO - Started process (PID=2887) to work on /home/airflow/.local/lib/python3.7/site-packages/airflow/example_dags/example_latest_only_with_trigger.py
[2023-03-11T12:46:07.856+0000] {processor.py:743} INFO - Processing file /home/airflow/.local/lib/python3.7/site-packages/airflow/example_dags/example_latest_only_with_trigger.py for tasks to queue
[2023-03-11T12:46:07.856+0000] {logging_mixin.py:137} INFO - [2023-03-11T12:46:07.856+0000] {dagbag.py:538} INFO - Filling up the DagBag from /home/airflow/.local/lib/python3.7/site-packages/airflow/example_dags/example_latest_only_with_trigger.py
[2023-03-11T12:46:07.869+0000] {processor.py:753} INFO - DAG(s) dict_keys(['latest_only_with_trigger']) retrieved from /home/airflow/.local/lib/python3.7/site-packages/airflow/example_dags/example_latest_only_with_trigger.py
[2023-03-11T12:46:07.894+0000] {logging_mixin.py:137} INFO - [2023-03-11T12:46:07.894+0000] {dag.py:2690} INFO - Sync 1 DAGs
[2023-03-11T12:46:07.919+0000] {logging_mixin.py:137} INFO - [2023-03-11T12:46:07.919+0000] {dag.py:3441} INFO - Setting next_dagrun for latest_only_with_trigger to 2023-03-11T08:46:07.919273+00:00, run_after=2023-03-11T12:46:07.919273+00:00
[2023-03-11T12:46:07.938+0000] {processor.py:175} INFO - Processing /home/airflow/.local/lib/python3.7/site-packages/airflow/example_dags/example_latest_only_with_trigger.py took 0.086 seconds
[2023-03-11T12:46:38.671+0000] {processor.py:153} INFO - Started process (PID=2974) to work on /home/airflow/.local/lib/python3.7/site-packages/airflow/example_dags/example_latest_only_with_trigger.py
[2023-03-11T12:46:38.672+0000] {processor.py:743} INFO - Processing file /home/airflow/.local/lib/python3.7/site-packages/airflow/example_dags/example_latest_only_with_trigger.py for tasks to queue
[2023-03-11T12:46:38.673+0000] {logging_mixin.py:137} INFO - [2023-03-11T12:46:38.673+0000] {dagbag.py:538} INFO - Filling up the DagBag from /home/airflow/.local/lib/python3.7/site-packages/airflow/example_dags/example_latest_only_with_trigger.py
[2023-03-11T12:46:38.685+0000] {processor.py:753} INFO - DAG(s) dict_keys(['latest_only_with_trigger']) retrieved from /home/airflow/.local/lib/python3.7/site-packages/airflow/example_dags/example_latest_only_with_trigger.py
[2023-03-11T12:46:38.709+0000] {logging_mixin.py:137} INFO - [2023-03-11T12:46:38.708+0000] {dag.py:2690} INFO - Sync 1 DAGs
[2023-03-11T12:46:38.733+0000] {logging_mixin.py:137} INFO - [2023-03-11T12:46:38.733+0000] {dag.py:3441} INFO - Setting next_dagrun for latest_only_with_trigger to 2023-03-11T08:46:38.733194+00:00, run_after=2023-03-11T12:46:38.733194+00:00
[2023-03-11T12:46:38.750+0000] {processor.py:175} INFO - Processing /home/airflow/.local/lib/python3.7/site-packages/airflow/example_dags/example_latest_only_with_trigger.py took 0.082 seconds
[2023-03-11T12:47:09.452+0000] {processor.py:153} INFO - Started process (PID=3085) to work on /home/airflow/.local/lib/python3.7/site-packages/airflow/example_dags/example_latest_only_with_trigger.py
[2023-03-11T12:47:09.452+0000] {processor.py:743} INFO - Processing file /home/airflow/.local/lib/python3.7/site-packages/airflow/example_dags/example_latest_only_with_trigger.py for tasks to queue
[2023-03-11T12:47:09.453+0000] {logging_mixin.py:137} INFO - [2023-03-11T12:47:09.453+0000] {dagbag.py:538} INFO - Filling up the DagBag from /home/airflow/.local/lib/python3.7/site-packages/airflow/example_dags/example_latest_only_with_trigger.py
[2023-03-11T12:47:09.466+0000] {processor.py:753} INFO - DAG(s) dict_keys(['latest_only_with_trigger']) retrieved from /home/airflow/.local/lib/python3.7/site-packages/airflow/example_dags/example_latest_only_with_trigger.py
[2023-03-11T12:47:09.491+0000] {logging_mixin.py:137} INFO - [2023-03-11T12:47:09.491+0000] {dag.py:2690} INFO - Sync 1 DAGs
[2023-03-11T12:47:09.519+0000] {logging_mixin.py:137} INFO - [2023-03-11T12:47:09.519+0000] {dag.py:3441} INFO - Setting next_dagrun for latest_only_with_trigger to 2023-03-11T08:47:09.519560+00:00, run_after=2023-03-11T12:47:09.519560+00:00
[2023-03-11T12:47:09.540+0000] {processor.py:175} INFO - Processing /home/airflow/.local/lib/python3.7/site-packages/airflow/example_dags/example_latest_only_with_trigger.py took 0.091 seconds
[2023-03-11T12:47:40.342+0000] {processor.py:153} INFO - Started process (PID=3172) to work on /home/airflow/.local/lib/python3.7/site-packages/airflow/example_dags/example_latest_only_with_trigger.py
[2023-03-11T12:47:40.343+0000] {processor.py:743} INFO - Processing file /home/airflow/.local/lib/python3.7/site-packages/airflow/example_dags/example_latest_only_with_trigger.py for tasks to queue
[2023-03-11T12:47:40.344+0000] {logging_mixin.py:137} INFO - [2023-03-11T12:47:40.343+0000] {dagbag.py:538} INFO - Filling up the DagBag from /home/airflow/.local/lib/python3.7/site-packages/airflow/example_dags/example_latest_only_with_trigger.py
[2023-03-11T12:47:40.358+0000] {processor.py:753} INFO - DAG(s) dict_keys(['latest_only_with_trigger']) retrieved from /home/airflow/.local/lib/python3.7/site-packages/airflow/example_dags/example_latest_only_with_trigger.py
[2023-03-11T12:47:40.384+0000] {logging_mixin.py:137} INFO - [2023-03-11T12:47:40.384+0000] {dag.py:2690} INFO - Sync 1 DAGs
[2023-03-11T12:47:40.410+0000] {logging_mixin.py:137} INFO - [2023-03-11T12:47:40.410+0000] {dag.py:3441} INFO - Setting next_dagrun for latest_only_with_trigger to 2023-03-11T08:47:40.410286+00:00, run_after=2023-03-11T12:47:40.410286+00:00
[2023-03-11T12:47:40.428+0000] {processor.py:175} INFO - Processing /home/airflow/.local/lib/python3.7/site-packages/airflow/example_dags/example_latest_only_with_trigger.py took 0.089 seconds
[2023-03-11T12:48:10.959+0000] {processor.py:153} INFO - Started process (PID=3283) to work on /home/airflow/.local/lib/python3.7/site-packages/airflow/example_dags/example_latest_only_with_trigger.py
[2023-03-11T12:48:10.960+0000] {processor.py:743} INFO - Processing file /home/airflow/.local/lib/python3.7/site-packages/airflow/example_dags/example_latest_only_with_trigger.py for tasks to queue
[2023-03-11T12:48:10.961+0000] {logging_mixin.py:137} INFO - [2023-03-11T12:48:10.961+0000] {dagbag.py:538} INFO - Filling up the DagBag from /home/airflow/.local/lib/python3.7/site-packages/airflow/example_dags/example_latest_only_with_trigger.py
[2023-03-11T12:48:10.979+0000] {processor.py:753} INFO - DAG(s) dict_keys(['latest_only_with_trigger']) retrieved from /home/airflow/.local/lib/python3.7/site-packages/airflow/example_dags/example_latest_only_with_trigger.py
[2023-03-11T12:48:11.063+0000] {logging_mixin.py:137} INFO - [2023-03-11T12:48:11.062+0000] {dag.py:2690} INFO - Sync 1 DAGs
[2023-03-11T12:48:11.097+0000] {logging_mixin.py:137} INFO - [2023-03-11T12:48:11.096+0000] {dag.py:3441} INFO - Setting next_dagrun for latest_only_with_trigger to 2023-03-11T08:48:11.096558+00:00, run_after=2023-03-11T12:48:11.096558+00:00
[2023-03-11T12:48:11.134+0000] {processor.py:175} INFO - Processing /home/airflow/.local/lib/python3.7/site-packages/airflow/example_dags/example_latest_only_with_trigger.py took 0.179 seconds
[2023-03-11T12:48:41.927+0000] {processor.py:153} INFO - Started process (PID=3370) to work on /home/airflow/.local/lib/python3.7/site-packages/airflow/example_dags/example_latest_only_with_trigger.py
[2023-03-11T12:48:41.928+0000] {processor.py:743} INFO - Processing file /home/airflow/.local/lib/python3.7/site-packages/airflow/example_dags/example_latest_only_with_trigger.py for tasks to queue
[2023-03-11T12:48:41.929+0000] {logging_mixin.py:137} INFO - [2023-03-11T12:48:41.929+0000] {dagbag.py:538} INFO - Filling up the DagBag from /home/airflow/.local/lib/python3.7/site-packages/airflow/example_dags/example_latest_only_with_trigger.py
[2023-03-11T12:48:41.941+0000] {processor.py:753} INFO - DAG(s) dict_keys(['latest_only_with_trigger']) retrieved from /home/airflow/.local/lib/python3.7/site-packages/airflow/example_dags/example_latest_only_with_trigger.py
[2023-03-11T12:48:41.970+0000] {logging_mixin.py:137} INFO - [2023-03-11T12:48:41.970+0000] {dag.py:2690} INFO - Sync 1 DAGs
[2023-03-11T12:48:41.994+0000] {logging_mixin.py:137} INFO - [2023-03-11T12:48:41.994+0000] {dag.py:3441} INFO - Setting next_dagrun for latest_only_with_trigger to 2023-03-11T08:48:41.994316+00:00, run_after=2023-03-11T12:48:41.994316+00:00
[2023-03-11T12:48:42.018+0000] {processor.py:175} INFO - Processing /home/airflow/.local/lib/python3.7/site-packages/airflow/example_dags/example_latest_only_with_trigger.py took 0.094 seconds
[2023-03-11T12:49:12.483+0000] {processor.py:153} INFO - Started process (PID=3457) to work on /home/airflow/.local/lib/python3.7/site-packages/airflow/example_dags/example_latest_only_with_trigger.py
[2023-03-11T12:49:12.485+0000] {processor.py:743} INFO - Processing file /home/airflow/.local/lib/python3.7/site-packages/airflow/example_dags/example_latest_only_with_trigger.py for tasks to queue
[2023-03-11T12:49:12.486+0000] {logging_mixin.py:137} INFO - [2023-03-11T12:49:12.486+0000] {dagbag.py:538} INFO - Filling up the DagBag from /home/airflow/.local/lib/python3.7/site-packages/airflow/example_dags/example_latest_only_with_trigger.py
[2023-03-11T12:49:12.503+0000] {processor.py:753} INFO - DAG(s) dict_keys(['latest_only_with_trigger']) retrieved from /home/airflow/.local/lib/python3.7/site-packages/airflow/example_dags/example_latest_only_with_trigger.py
[2023-03-11T12:49:12.539+0000] {logging_mixin.py:137} INFO - [2023-03-11T12:49:12.539+0000] {dag.py:2690} INFO - Sync 1 DAGs
[2023-03-11T12:49:12.582+0000] {logging_mixin.py:137} INFO - [2023-03-11T12:49:12.581+0000] {dag.py:3441} INFO - Setting next_dagrun for latest_only_with_trigger to 2023-03-11T08:49:12.581325+00:00, run_after=2023-03-11T12:49:12.581325+00:00
[2023-03-11T12:49:12.618+0000] {processor.py:175} INFO - Processing /home/airflow/.local/lib/python3.7/site-packages/airflow/example_dags/example_latest_only_with_trigger.py took 0.140 seconds
[2023-03-11T12:49:42.710+0000] {processor.py:153} INFO - Started process (PID=3568) to work on /home/airflow/.local/lib/python3.7/site-packages/airflow/example_dags/example_latest_only_with_trigger.py
[2023-03-11T12:49:42.711+0000] {processor.py:743} INFO - Processing file /home/airflow/.local/lib/python3.7/site-packages/airflow/example_dags/example_latest_only_with_trigger.py for tasks to queue
[2023-03-11T12:49:42.712+0000] {logging_mixin.py:137} INFO - [2023-03-11T12:49:42.712+0000] {dagbag.py:538} INFO - Filling up the DagBag from /home/airflow/.local/lib/python3.7/site-packages/airflow/example_dags/example_latest_only_with_trigger.py
[2023-03-11T12:49:42.725+0000] {processor.py:753} INFO - DAG(s) dict_keys(['latest_only_with_trigger']) retrieved from /home/airflow/.local/lib/python3.7/site-packages/airflow/example_dags/example_latest_only_with_trigger.py
[2023-03-11T12:49:42.753+0000] {logging_mixin.py:137} INFO - [2023-03-11T12:49:42.753+0000] {dag.py:2690} INFO - Sync 1 DAGs
[2023-03-11T12:49:42.781+0000] {logging_mixin.py:137} INFO - [2023-03-11T12:49:42.781+0000] {dag.py:3441} INFO - Setting next_dagrun for latest_only_with_trigger to 2023-03-11T08:49:42.780808+00:00, run_after=2023-03-11T12:49:42.780808+00:00
[2023-03-11T12:49:42.801+0000] {processor.py:175} INFO - Processing /home/airflow/.local/lib/python3.7/site-packages/airflow/example_dags/example_latest_only_with_trigger.py took 0.094 seconds
