[2023-03-11T12:31:18.160+0000] {processor.py:153} INFO - Started process (PID=100) to work on /home/airflow/.local/lib/python3.7/site-packages/airflow/example_dags/example_latest_only.py
[2023-03-11T12:31:18.161+0000] {processor.py:743} INFO - Processing file /home/airflow/.local/lib/python3.7/site-packages/airflow/example_dags/example_latest_only.py for tasks to queue
[2023-03-11T12:31:18.162+0000] {logging_mixin.py:137} INFO - [2023-03-11T12:31:18.162+0000] {dagbag.py:538} INFO - Filling up the DagBag from /home/airflow/.local/lib/python3.7/site-packages/airflow/example_dags/example_latest_only.py
[2023-03-11T12:31:18.188+0000] {processor.py:753} INFO - DAG(s) dict_keys(['latest_only']) retrieved from /home/airflow/.local/lib/python3.7/site-packages/airflow/example_dags/example_latest_only.py
[2023-03-11T12:31:18.216+0000] {logging_mixin.py:137} INFO - [2023-03-11T12:31:18.215+0000] {dag.py:2690} INFO - Sync 1 DAGs
[2023-03-11T12:31:18.283+0000] {logging_mixin.py:137} INFO - [2023-03-11T12:31:18.282+0000] {dag.py:3441} INFO - Setting next_dagrun for latest_only to 2023-03-11T08:31:18.282191+00:00, run_after=2023-03-11T12:31:18.282191+00:00
[2023-03-11T12:31:18.316+0000] {processor.py:175} INFO - Processing /home/airflow/.local/lib/python3.7/site-packages/airflow/example_dags/example_latest_only.py took 0.159 seconds
[2023-03-11T12:31:48.650+0000] {processor.py:153} INFO - Started process (PID=187) to work on /home/airflow/.local/lib/python3.7/site-packages/airflow/example_dags/example_latest_only.py
[2023-03-11T12:31:48.651+0000] {processor.py:743} INFO - Processing file /home/airflow/.local/lib/python3.7/site-packages/airflow/example_dags/example_latest_only.py for tasks to queue
[2023-03-11T12:31:48.651+0000] {logging_mixin.py:137} INFO - [2023-03-11T12:31:48.651+0000] {dagbag.py:538} INFO - Filling up the DagBag from /home/airflow/.local/lib/python3.7/site-packages/airflow/example_dags/example_latest_only.py
[2023-03-11T12:31:48.669+0000] {processor.py:753} INFO - DAG(s) dict_keys(['latest_only']) retrieved from /home/airflow/.local/lib/python3.7/site-packages/airflow/example_dags/example_latest_only.py
[2023-03-11T12:31:48.695+0000] {logging_mixin.py:137} INFO - [2023-03-11T12:31:48.695+0000] {dag.py:2690} INFO - Sync 1 DAGs
[2023-03-11T12:31:48.725+0000] {logging_mixin.py:137} INFO - [2023-03-11T12:31:48.724+0000] {dag.py:3441} INFO - Setting next_dagrun for latest_only to 2023-03-11T08:31:48.724603+00:00, run_after=2023-03-11T12:31:48.724603+00:00
[2023-03-11T12:31:48.744+0000] {processor.py:175} INFO - Processing /home/airflow/.local/lib/python3.7/site-packages/airflow/example_dags/example_latest_only.py took 0.097 seconds
[2023-03-11T12:32:19.588+0000] {processor.py:153} INFO - Started process (PID=274) to work on /home/airflow/.local/lib/python3.7/site-packages/airflow/example_dags/example_latest_only.py
[2023-03-11T12:32:19.589+0000] {processor.py:743} INFO - Processing file /home/airflow/.local/lib/python3.7/site-packages/airflow/example_dags/example_latest_only.py for tasks to queue
[2023-03-11T12:32:19.589+0000] {logging_mixin.py:137} INFO - [2023-03-11T12:32:19.589+0000] {dagbag.py:538} INFO - Filling up the DagBag from /home/airflow/.local/lib/python3.7/site-packages/airflow/example_dags/example_latest_only.py
[2023-03-11T12:32:19.602+0000] {processor.py:753} INFO - DAG(s) dict_keys(['latest_only']) retrieved from /home/airflow/.local/lib/python3.7/site-packages/airflow/example_dags/example_latest_only.py
[2023-03-11T12:32:19.629+0000] {logging_mixin.py:137} INFO - [2023-03-11T12:32:19.629+0000] {dag.py:2690} INFO - Sync 1 DAGs
[2023-03-11T12:32:19.658+0000] {logging_mixin.py:137} INFO - [2023-03-11T12:32:19.658+0000] {dag.py:3441} INFO - Setting next_dagrun for latest_only to 2023-03-11T08:32:19.658151+00:00, run_after=2023-03-11T12:32:19.658151+00:00
[2023-03-11T12:32:19.677+0000] {processor.py:175} INFO - Processing /home/airflow/.local/lib/python3.7/site-packages/airflow/example_dags/example_latest_only.py took 0.093 seconds
[2023-03-11T12:32:50.605+0000] {processor.py:153} INFO - Started process (PID=385) to work on /home/airflow/.local/lib/python3.7/site-packages/airflow/example_dags/example_latest_only.py
[2023-03-11T12:32:50.606+0000] {processor.py:743} INFO - Processing file /home/airflow/.local/lib/python3.7/site-packages/airflow/example_dags/example_latest_only.py for tasks to queue
[2023-03-11T12:32:50.607+0000] {logging_mixin.py:137} INFO - [2023-03-11T12:32:50.607+0000] {dagbag.py:538} INFO - Filling up the DagBag from /home/airflow/.local/lib/python3.7/site-packages/airflow/example_dags/example_latest_only.py
[2023-03-11T12:32:50.621+0000] {processor.py:753} INFO - DAG(s) dict_keys(['latest_only']) retrieved from /home/airflow/.local/lib/python3.7/site-packages/airflow/example_dags/example_latest_only.py
[2023-03-11T12:32:50.650+0000] {logging_mixin.py:137} INFO - [2023-03-11T12:32:50.650+0000] {dag.py:2690} INFO - Sync 1 DAGs
[2023-03-11T12:32:50.686+0000] {logging_mixin.py:137} INFO - [2023-03-11T12:32:50.685+0000] {dag.py:3441} INFO - Setting next_dagrun for latest_only to 2023-03-11T08:32:50.685388+00:00, run_after=2023-03-11T12:32:50.685388+00:00
[2023-03-11T12:32:50.717+0000] {processor.py:175} INFO - Processing /home/airflow/.local/lib/python3.7/site-packages/airflow/example_dags/example_latest_only.py took 0.115 seconds
[2023-03-11T12:33:21.551+0000] {processor.py:153} INFO - Started process (PID=472) to work on /home/airflow/.local/lib/python3.7/site-packages/airflow/example_dags/example_latest_only.py
[2023-03-11T12:33:21.552+0000] {processor.py:743} INFO - Processing file /home/airflow/.local/lib/python3.7/site-packages/airflow/example_dags/example_latest_only.py for tasks to queue
[2023-03-11T12:33:21.553+0000] {logging_mixin.py:137} INFO - [2023-03-11T12:33:21.552+0000] {dagbag.py:538} INFO - Filling up the DagBag from /home/airflow/.local/lib/python3.7/site-packages/airflow/example_dags/example_latest_only.py
[2023-03-11T12:33:21.572+0000] {processor.py:753} INFO - DAG(s) dict_keys(['latest_only']) retrieved from /home/airflow/.local/lib/python3.7/site-packages/airflow/example_dags/example_latest_only.py
[2023-03-11T12:33:21.600+0000] {logging_mixin.py:137} INFO - [2023-03-11T12:33:21.599+0000] {dag.py:2690} INFO - Sync 1 DAGs
[2023-03-11T12:33:21.629+0000] {logging_mixin.py:137} INFO - [2023-03-11T12:33:21.629+0000] {dag.py:3441} INFO - Setting next_dagrun for latest_only to 2023-03-11T08:33:21.628876+00:00, run_after=2023-03-11T12:33:21.628876+00:00
[2023-03-11T12:33:21.655+0000] {processor.py:175} INFO - Processing /home/airflow/.local/lib/python3.7/site-packages/airflow/example_dags/example_latest_only.py took 0.107 seconds
[2023-03-11T12:33:52.458+0000] {processor.py:153} INFO - Started process (PID=566) to work on /home/airflow/.local/lib/python3.7/site-packages/airflow/example_dags/example_latest_only.py
[2023-03-11T12:33:52.459+0000] {processor.py:743} INFO - Processing file /home/airflow/.local/lib/python3.7/site-packages/airflow/example_dags/example_latest_only.py for tasks to queue
[2023-03-11T12:33:52.460+0000] {logging_mixin.py:137} INFO - [2023-03-11T12:33:52.459+0000] {dagbag.py:538} INFO - Filling up the DagBag from /home/airflow/.local/lib/python3.7/site-packages/airflow/example_dags/example_latest_only.py
[2023-03-11T12:33:52.472+0000] {processor.py:753} INFO - DAG(s) dict_keys(['latest_only']) retrieved from /home/airflow/.local/lib/python3.7/site-packages/airflow/example_dags/example_latest_only.py
[2023-03-11T12:33:52.500+0000] {logging_mixin.py:137} INFO - [2023-03-11T12:33:52.500+0000] {dag.py:2690} INFO - Sync 1 DAGs
[2023-03-11T12:33:52.529+0000] {logging_mixin.py:137} INFO - [2023-03-11T12:33:52.529+0000] {dag.py:3441} INFO - Setting next_dagrun for latest_only to 2023-03-11T08:33:52.529273+00:00, run_after=2023-03-11T12:33:52.529273+00:00
[2023-03-11T12:33:52.548+0000] {processor.py:175} INFO - Processing /home/airflow/.local/lib/python3.7/site-packages/airflow/example_dags/example_latest_only.py took 0.093 seconds
[2023-03-11T12:34:23.246+0000] {processor.py:153} INFO - Started process (PID=670) to work on /home/airflow/.local/lib/python3.7/site-packages/airflow/example_dags/example_latest_only.py
[2023-03-11T12:34:23.247+0000] {processor.py:743} INFO - Processing file /home/airflow/.local/lib/python3.7/site-packages/airflow/example_dags/example_latest_only.py for tasks to queue
[2023-03-11T12:34:23.248+0000] {logging_mixin.py:137} INFO - [2023-03-11T12:34:23.248+0000] {dagbag.py:538} INFO - Filling up the DagBag from /home/airflow/.local/lib/python3.7/site-packages/airflow/example_dags/example_latest_only.py
[2023-03-11T12:34:23.261+0000] {processor.py:753} INFO - DAG(s) dict_keys(['latest_only']) retrieved from /home/airflow/.local/lib/python3.7/site-packages/airflow/example_dags/example_latest_only.py
[2023-03-11T12:34:23.287+0000] {logging_mixin.py:137} INFO - [2023-03-11T12:34:23.286+0000] {dag.py:2690} INFO - Sync 1 DAGs
[2023-03-11T12:34:23.314+0000] {logging_mixin.py:137} INFO - [2023-03-11T12:34:23.314+0000] {dag.py:3441} INFO - Setting next_dagrun for latest_only to 2023-03-11T08:34:23.314040+00:00, run_after=2023-03-11T12:34:23.314040+00:00
[2023-03-11T12:34:23.335+0000] {processor.py:175} INFO - Processing /home/airflow/.local/lib/python3.7/site-packages/airflow/example_dags/example_latest_only.py took 0.091 seconds
[2023-03-11T12:34:53.662+0000] {processor.py:153} INFO - Started process (PID=757) to work on /home/airflow/.local/lib/python3.7/site-packages/airflow/example_dags/example_latest_only.py
[2023-03-11T12:34:53.663+0000] {processor.py:743} INFO - Processing file /home/airflow/.local/lib/python3.7/site-packages/airflow/example_dags/example_latest_only.py for tasks to queue
[2023-03-11T12:34:53.663+0000] {logging_mixin.py:137} INFO - [2023-03-11T12:34:53.663+0000] {dagbag.py:538} INFO - Filling up the DagBag from /home/airflow/.local/lib/python3.7/site-packages/airflow/example_dags/example_latest_only.py
[2023-03-11T12:34:53.676+0000] {processor.py:753} INFO - DAG(s) dict_keys(['latest_only']) retrieved from /home/airflow/.local/lib/python3.7/site-packages/airflow/example_dags/example_latest_only.py
[2023-03-11T12:34:53.702+0000] {logging_mixin.py:137} INFO - [2023-03-11T12:34:53.701+0000] {dag.py:2690} INFO - Sync 1 DAGs
[2023-03-11T12:34:53.727+0000] {logging_mixin.py:137} INFO - [2023-03-11T12:34:53.727+0000] {dag.py:3441} INFO - Setting next_dagrun for latest_only to 2023-03-11T08:34:53.727140+00:00, run_after=2023-03-11T12:34:53.727140+00:00
[2023-03-11T12:34:53.747+0000] {processor.py:175} INFO - Processing /home/airflow/.local/lib/python3.7/site-packages/airflow/example_dags/example_latest_only.py took 0.087 seconds
[2023-03-11T12:35:23.975+0000] {processor.py:153} INFO - Started process (PID=868) to work on /home/airflow/.local/lib/python3.7/site-packages/airflow/example_dags/example_latest_only.py
[2023-03-11T12:35:23.976+0000] {processor.py:743} INFO - Processing file /home/airflow/.local/lib/python3.7/site-packages/airflow/example_dags/example_latest_only.py for tasks to queue
[2023-03-11T12:35:23.977+0000] {logging_mixin.py:137} INFO - [2023-03-11T12:35:23.977+0000] {dagbag.py:538} INFO - Filling up the DagBag from /home/airflow/.local/lib/python3.7/site-packages/airflow/example_dags/example_latest_only.py
[2023-03-11T12:35:23.991+0000] {processor.py:753} INFO - DAG(s) dict_keys(['latest_only']) retrieved from /home/airflow/.local/lib/python3.7/site-packages/airflow/example_dags/example_latest_only.py
[2023-03-11T12:35:24.018+0000] {logging_mixin.py:137} INFO - [2023-03-11T12:35:24.018+0000] {dag.py:2690} INFO - Sync 1 DAGs
[2023-03-11T12:35:24.046+0000] {logging_mixin.py:137} INFO - [2023-03-11T12:35:24.046+0000] {dag.py:3441} INFO - Setting next_dagrun for latest_only to 2023-03-11T08:35:24.046367+00:00, run_after=2023-03-11T12:35:24.046367+00:00
[2023-03-11T12:35:24.066+0000] {processor.py:175} INFO - Processing /home/airflow/.local/lib/python3.7/site-packages/airflow/example_dags/example_latest_only.py took 0.095 seconds
[2023-03-11T12:35:54.367+0000] {processor.py:153} INFO - Started process (PID=955) to work on /home/airflow/.local/lib/python3.7/site-packages/airflow/example_dags/example_latest_only.py
[2023-03-11T12:35:54.368+0000] {processor.py:743} INFO - Processing file /home/airflow/.local/lib/python3.7/site-packages/airflow/example_dags/example_latest_only.py for tasks to queue
[2023-03-11T12:35:54.369+0000] {logging_mixin.py:137} INFO - [2023-03-11T12:35:54.369+0000] {dagbag.py:538} INFO - Filling up the DagBag from /home/airflow/.local/lib/python3.7/site-packages/airflow/example_dags/example_latest_only.py
[2023-03-11T12:35:54.382+0000] {processor.py:753} INFO - DAG(s) dict_keys(['latest_only']) retrieved from /home/airflow/.local/lib/python3.7/site-packages/airflow/example_dags/example_latest_only.py
[2023-03-11T12:35:54.407+0000] {logging_mixin.py:137} INFO - [2023-03-11T12:35:54.407+0000] {dag.py:2690} INFO - Sync 1 DAGs
[2023-03-11T12:35:54.433+0000] {logging_mixin.py:137} INFO - [2023-03-11T12:35:54.432+0000] {dag.py:3441} INFO - Setting next_dagrun for latest_only to 2023-03-11T08:35:54.432726+00:00, run_after=2023-03-11T12:35:54.432726+00:00
[2023-03-11T12:35:54.450+0000] {processor.py:175} INFO - Processing /home/airflow/.local/lib/python3.7/site-packages/airflow/example_dags/example_latest_only.py took 0.086 seconds
[2023-03-11T12:36:25.055+0000] {processor.py:153} INFO - Started process (PID=1042) to work on /home/airflow/.local/lib/python3.7/site-packages/airflow/example_dags/example_latest_only.py
[2023-03-11T12:36:25.056+0000] {processor.py:743} INFO - Processing file /home/airflow/.local/lib/python3.7/site-packages/airflow/example_dags/example_latest_only.py for tasks to queue
[2023-03-11T12:36:25.057+0000] {logging_mixin.py:137} INFO - [2023-03-11T12:36:25.056+0000] {dagbag.py:538} INFO - Filling up the DagBag from /home/airflow/.local/lib/python3.7/site-packages/airflow/example_dags/example_latest_only.py
[2023-03-11T12:36:25.069+0000] {processor.py:753} INFO - DAG(s) dict_keys(['latest_only']) retrieved from /home/airflow/.local/lib/python3.7/site-packages/airflow/example_dags/example_latest_only.py
[2023-03-11T12:36:25.094+0000] {logging_mixin.py:137} INFO - [2023-03-11T12:36:25.093+0000] {dag.py:2690} INFO - Sync 1 DAGs
[2023-03-11T12:36:25.119+0000] {logging_mixin.py:137} INFO - [2023-03-11T12:36:25.118+0000] {dag.py:3441} INFO - Setting next_dagrun for latest_only to 2023-03-11T08:36:25.118673+00:00, run_after=2023-03-11T12:36:25.118673+00:00
[2023-03-11T12:36:25.138+0000] {processor.py:175} INFO - Processing /home/airflow/.local/lib/python3.7/site-packages/airflow/example_dags/example_latest_only.py took 0.085 seconds
[2023-03-11T12:36:55.688+0000] {processor.py:153} INFO - Started process (PID=1153) to work on /home/airflow/.local/lib/python3.7/site-packages/airflow/example_dags/example_latest_only.py
[2023-03-11T12:36:55.688+0000] {processor.py:743} INFO - Processing file /home/airflow/.local/lib/python3.7/site-packages/airflow/example_dags/example_latest_only.py for tasks to queue
[2023-03-11T12:36:55.689+0000] {logging_mixin.py:137} INFO - [2023-03-11T12:36:55.689+0000] {dagbag.py:538} INFO - Filling up the DagBag from /home/airflow/.local/lib/python3.7/site-packages/airflow/example_dags/example_latest_only.py
[2023-03-11T12:36:55.702+0000] {processor.py:753} INFO - DAG(s) dict_keys(['latest_only']) retrieved from /home/airflow/.local/lib/python3.7/site-packages/airflow/example_dags/example_latest_only.py
[2023-03-11T12:36:55.729+0000] {logging_mixin.py:137} INFO - [2023-03-11T12:36:55.729+0000] {dag.py:2690} INFO - Sync 1 DAGs
[2023-03-11T12:36:55.758+0000] {logging_mixin.py:137} INFO - [2023-03-11T12:36:55.758+0000] {dag.py:3441} INFO - Setting next_dagrun for latest_only to 2023-03-11T08:36:55.758360+00:00, run_after=2023-03-11T12:36:55.758360+00:00
[2023-03-11T12:36:55.778+0000] {processor.py:175} INFO - Processing /home/airflow/.local/lib/python3.7/site-packages/airflow/example_dags/example_latest_only.py took 0.094 seconds
[2023-03-11T12:37:26.134+0000] {processor.py:153} INFO - Started process (PID=1240) to work on /home/airflow/.local/lib/python3.7/site-packages/airflow/example_dags/example_latest_only.py
[2023-03-11T12:37:26.135+0000] {processor.py:743} INFO - Processing file /home/airflow/.local/lib/python3.7/site-packages/airflow/example_dags/example_latest_only.py for tasks to queue
[2023-03-11T12:37:26.136+0000] {logging_mixin.py:137} INFO - [2023-03-11T12:37:26.135+0000] {dagbag.py:538} INFO - Filling up the DagBag from /home/airflow/.local/lib/python3.7/site-packages/airflow/example_dags/example_latest_only.py
[2023-03-11T12:37:26.150+0000] {processor.py:753} INFO - DAG(s) dict_keys(['latest_only']) retrieved from /home/airflow/.local/lib/python3.7/site-packages/airflow/example_dags/example_latest_only.py
[2023-03-11T12:37:26.177+0000] {logging_mixin.py:137} INFO - [2023-03-11T12:37:26.177+0000] {dag.py:2690} INFO - Sync 1 DAGs
[2023-03-11T12:37:26.204+0000] {logging_mixin.py:137} INFO - [2023-03-11T12:37:26.204+0000] {dag.py:3441} INFO - Setting next_dagrun for latest_only to 2023-03-11T08:37:26.203948+00:00, run_after=2023-03-11T12:37:26.203948+00:00
[2023-03-11T12:37:26.224+0000] {processor.py:175} INFO - Processing /home/airflow/.local/lib/python3.7/site-packages/airflow/example_dags/example_latest_only.py took 0.094 seconds
[2023-03-11T12:37:57.259+0000] {processor.py:153} INFO - Started process (PID=1336) to work on /home/airflow/.local/lib/python3.7/site-packages/airflow/example_dags/example_latest_only.py
[2023-03-11T12:37:57.260+0000] {processor.py:743} INFO - Processing file /home/airflow/.local/lib/python3.7/site-packages/airflow/example_dags/example_latest_only.py for tasks to queue
[2023-03-11T12:37:57.261+0000] {logging_mixin.py:137} INFO - [2023-03-11T12:37:57.261+0000] {dagbag.py:538} INFO - Filling up the DagBag from /home/airflow/.local/lib/python3.7/site-packages/airflow/example_dags/example_latest_only.py
[2023-03-11T12:37:57.274+0000] {processor.py:753} INFO - DAG(s) dict_keys(['latest_only']) retrieved from /home/airflow/.local/lib/python3.7/site-packages/airflow/example_dags/example_latest_only.py
[2023-03-11T12:37:57.302+0000] {logging_mixin.py:137} INFO - [2023-03-11T12:37:57.302+0000] {dag.py:2690} INFO - Sync 1 DAGs
[2023-03-11T12:37:57.338+0000] {logging_mixin.py:137} INFO - [2023-03-11T12:37:57.337+0000] {dag.py:3441} INFO - Setting next_dagrun for latest_only to 2023-03-11T08:37:57.337509+00:00, run_after=2023-03-11T12:37:57.337509+00:00
[2023-03-11T12:37:57.371+0000] {processor.py:175} INFO - Processing /home/airflow/.local/lib/python3.7/site-packages/airflow/example_dags/example_latest_only.py took 0.115 seconds
[2023-03-11T12:38:27.497+0000] {processor.py:153} INFO - Started process (PID=1437) to work on /home/airflow/.local/lib/python3.7/site-packages/airflow/example_dags/example_latest_only.py
[2023-03-11T12:38:27.498+0000] {processor.py:743} INFO - Processing file /home/airflow/.local/lib/python3.7/site-packages/airflow/example_dags/example_latest_only.py for tasks to queue
[2023-03-11T12:38:27.499+0000] {logging_mixin.py:137} INFO - [2023-03-11T12:38:27.499+0000] {dagbag.py:538} INFO - Filling up the DagBag from /home/airflow/.local/lib/python3.7/site-packages/airflow/example_dags/example_latest_only.py
[2023-03-11T12:38:27.511+0000] {processor.py:753} INFO - DAG(s) dict_keys(['latest_only']) retrieved from /home/airflow/.local/lib/python3.7/site-packages/airflow/example_dags/example_latest_only.py
[2023-03-11T12:38:27.539+0000] {logging_mixin.py:137} INFO - [2023-03-11T12:38:27.538+0000] {dag.py:2690} INFO - Sync 1 DAGs
[2023-03-11T12:38:27.565+0000] {logging_mixin.py:137} INFO - [2023-03-11T12:38:27.565+0000] {dag.py:3441} INFO - Setting next_dagrun for latest_only to 2023-03-11T08:38:27.565104+00:00, run_after=2023-03-11T12:38:27.565104+00:00
[2023-03-11T12:38:27.588+0000] {processor.py:175} INFO - Processing /home/airflow/.local/lib/python3.7/site-packages/airflow/example_dags/example_latest_only.py took 0.094 seconds
[2023-03-11T12:38:58.747+0000] {processor.py:153} INFO - Started process (PID=1524) to work on /home/airflow/.local/lib/python3.7/site-packages/airflow/example_dags/example_latest_only.py
[2023-03-11T12:38:58.748+0000] {processor.py:743} INFO - Processing file /home/airflow/.local/lib/python3.7/site-packages/airflow/example_dags/example_latest_only.py for tasks to queue
[2023-03-11T12:38:58.749+0000] {logging_mixin.py:137} INFO - [2023-03-11T12:38:58.749+0000] {dagbag.py:538} INFO - Filling up the DagBag from /home/airflow/.local/lib/python3.7/site-packages/airflow/example_dags/example_latest_only.py
[2023-03-11T12:38:58.764+0000] {processor.py:753} INFO - DAG(s) dict_keys(['latest_only']) retrieved from /home/airflow/.local/lib/python3.7/site-packages/airflow/example_dags/example_latest_only.py
[2023-03-11T12:38:58.802+0000] {logging_mixin.py:137} INFO - [2023-03-11T12:38:58.801+0000] {dag.py:2690} INFO - Sync 1 DAGs
[2023-03-11T12:38:58.842+0000] {logging_mixin.py:137} INFO - [2023-03-11T12:38:58.842+0000] {dag.py:3441} INFO - Setting next_dagrun for latest_only to 2023-03-11T08:38:58.841750+00:00, run_after=2023-03-11T12:38:58.841750+00:00
[2023-03-11T12:38:58.877+0000] {processor.py:175} INFO - Processing /home/airflow/.local/lib/python3.7/site-packages/airflow/example_dags/example_latest_only.py took 0.135 seconds
[2023-03-11T12:39:29.142+0000] {processor.py:153} INFO - Started process (PID=1635) to work on /home/airflow/.local/lib/python3.7/site-packages/airflow/example_dags/example_latest_only.py
[2023-03-11T12:39:29.143+0000] {processor.py:743} INFO - Processing file /home/airflow/.local/lib/python3.7/site-packages/airflow/example_dags/example_latest_only.py for tasks to queue
[2023-03-11T12:39:29.143+0000] {logging_mixin.py:137} INFO - [2023-03-11T12:39:29.143+0000] {dagbag.py:538} INFO - Filling up the DagBag from /home/airflow/.local/lib/python3.7/site-packages/airflow/example_dags/example_latest_only.py
[2023-03-11T12:39:29.158+0000] {processor.py:753} INFO - DAG(s) dict_keys(['latest_only']) retrieved from /home/airflow/.local/lib/python3.7/site-packages/airflow/example_dags/example_latest_only.py
[2023-03-11T12:39:29.186+0000] {logging_mixin.py:137} INFO - [2023-03-11T12:39:29.186+0000] {dag.py:2690} INFO - Sync 1 DAGs
[2023-03-11T12:39:29.216+0000] {logging_mixin.py:137} INFO - [2023-03-11T12:39:29.216+0000] {dag.py:3441} INFO - Setting next_dagrun for latest_only to 2023-03-11T08:39:29.216321+00:00, run_after=2023-03-11T12:39:29.216321+00:00
[2023-03-11T12:39:29.244+0000] {processor.py:175} INFO - Processing /home/airflow/.local/lib/python3.7/site-packages/airflow/example_dags/example_latest_only.py took 0.105 seconds
[2023-03-11T12:39:59.362+0000] {processor.py:153} INFO - Started process (PID=1722) to work on /home/airflow/.local/lib/python3.7/site-packages/airflow/example_dags/example_latest_only.py
[2023-03-11T12:39:59.364+0000] {processor.py:743} INFO - Processing file /home/airflow/.local/lib/python3.7/site-packages/airflow/example_dags/example_latest_only.py for tasks to queue
[2023-03-11T12:39:59.364+0000] {logging_mixin.py:137} INFO - [2023-03-11T12:39:59.364+0000] {dagbag.py:538} INFO - Filling up the DagBag from /home/airflow/.local/lib/python3.7/site-packages/airflow/example_dags/example_latest_only.py
[2023-03-11T12:39:59.377+0000] {processor.py:753} INFO - DAG(s) dict_keys(['latest_only']) retrieved from /home/airflow/.local/lib/python3.7/site-packages/airflow/example_dags/example_latest_only.py
[2023-03-11T12:39:59.400+0000] {logging_mixin.py:137} INFO - [2023-03-11T12:39:59.400+0000] {dag.py:2690} INFO - Sync 1 DAGs
[2023-03-11T12:39:59.425+0000] {logging_mixin.py:137} INFO - [2023-03-11T12:39:59.425+0000] {dag.py:3441} INFO - Setting next_dagrun for latest_only to 2023-03-11T08:39:59.425453+00:00, run_after=2023-03-11T12:39:59.425453+00:00
[2023-03-11T12:39:59.450+0000] {processor.py:175} INFO - Processing /home/airflow/.local/lib/python3.7/site-packages/airflow/example_dags/example_latest_only.py took 0.090 seconds
[2023-03-11T12:40:30.344+0000] {processor.py:153} INFO - Started process (PID=1809) to work on /home/airflow/.local/lib/python3.7/site-packages/airflow/example_dags/example_latest_only.py
[2023-03-11T12:40:30.345+0000] {processor.py:743} INFO - Processing file /home/airflow/.local/lib/python3.7/site-packages/airflow/example_dags/example_latest_only.py for tasks to queue
[2023-03-11T12:40:30.346+0000] {logging_mixin.py:137} INFO - [2023-03-11T12:40:30.345+0000] {dagbag.py:538} INFO - Filling up the DagBag from /home/airflow/.local/lib/python3.7/site-packages/airflow/example_dags/example_latest_only.py
[2023-03-11T12:40:30.360+0000] {processor.py:753} INFO - DAG(s) dict_keys(['latest_only']) retrieved from /home/airflow/.local/lib/python3.7/site-packages/airflow/example_dags/example_latest_only.py
[2023-03-11T12:40:30.386+0000] {logging_mixin.py:137} INFO - [2023-03-11T12:40:30.386+0000] {dag.py:2690} INFO - Sync 1 DAGs
[2023-03-11T12:40:30.425+0000] {logging_mixin.py:137} INFO - [2023-03-11T12:40:30.424+0000] {dag.py:3441} INFO - Setting next_dagrun for latest_only to 2023-03-11T08:40:30.424161+00:00, run_after=2023-03-11T12:40:30.424161+00:00
[2023-03-11T12:40:30.455+0000] {processor.py:175} INFO - Processing /home/airflow/.local/lib/python3.7/site-packages/airflow/example_dags/example_latest_only.py took 0.114 seconds
[2023-03-11T12:41:01.368+0000] {processor.py:153} INFO - Started process (PID=1920) to work on /home/airflow/.local/lib/python3.7/site-packages/airflow/example_dags/example_latest_only.py
[2023-03-11T12:41:01.369+0000] {processor.py:743} INFO - Processing file /home/airflow/.local/lib/python3.7/site-packages/airflow/example_dags/example_latest_only.py for tasks to queue
[2023-03-11T12:41:01.370+0000] {logging_mixin.py:137} INFO - [2023-03-11T12:41:01.369+0000] {dagbag.py:538} INFO - Filling up the DagBag from /home/airflow/.local/lib/python3.7/site-packages/airflow/example_dags/example_latest_only.py
[2023-03-11T12:41:01.382+0000] {processor.py:753} INFO - DAG(s) dict_keys(['latest_only']) retrieved from /home/airflow/.local/lib/python3.7/site-packages/airflow/example_dags/example_latest_only.py
[2023-03-11T12:41:01.408+0000] {logging_mixin.py:137} INFO - [2023-03-11T12:41:01.408+0000] {dag.py:2690} INFO - Sync 1 DAGs
[2023-03-11T12:41:01.436+0000] {logging_mixin.py:137} INFO - [2023-03-11T12:41:01.436+0000] {dag.py:3441} INFO - Setting next_dagrun for latest_only to 2023-03-11T08:41:01.436533+00:00, run_after=2023-03-11T12:41:01.436533+00:00
[2023-03-11T12:41:01.456+0000] {processor.py:175} INFO - Processing /home/airflow/.local/lib/python3.7/site-packages/airflow/example_dags/example_latest_only.py took 0.092 seconds
[2023-03-11T12:41:31.973+0000] {processor.py:153} INFO - Started process (PID=2007) to work on /home/airflow/.local/lib/python3.7/site-packages/airflow/example_dags/example_latest_only.py
[2023-03-11T12:41:31.974+0000] {processor.py:743} INFO - Processing file /home/airflow/.local/lib/python3.7/site-packages/airflow/example_dags/example_latest_only.py for tasks to queue
[2023-03-11T12:41:31.975+0000] {logging_mixin.py:137} INFO - [2023-03-11T12:41:31.975+0000] {dagbag.py:538} INFO - Filling up the DagBag from /home/airflow/.local/lib/python3.7/site-packages/airflow/example_dags/example_latest_only.py
[2023-03-11T12:41:31.988+0000] {processor.py:753} INFO - DAG(s) dict_keys(['latest_only']) retrieved from /home/airflow/.local/lib/python3.7/site-packages/airflow/example_dags/example_latest_only.py
[2023-03-11T12:41:32.014+0000] {logging_mixin.py:137} INFO - [2023-03-11T12:41:32.014+0000] {dag.py:2690} INFO - Sync 1 DAGs
[2023-03-11T12:41:32.044+0000] {logging_mixin.py:137} INFO - [2023-03-11T12:41:32.043+0000] {dag.py:3441} INFO - Setting next_dagrun for latest_only to 2023-03-11T08:41:32.043544+00:00, run_after=2023-03-11T12:41:32.043544+00:00
[2023-03-11T12:41:32.066+0000] {processor.py:175} INFO - Processing /home/airflow/.local/lib/python3.7/site-packages/airflow/example_dags/example_latest_only.py took 0.096 seconds
[2023-03-11T12:42:02.818+0000] {processor.py:153} INFO - Started process (PID=2118) to work on /home/airflow/.local/lib/python3.7/site-packages/airflow/example_dags/example_latest_only.py
[2023-03-11T12:42:02.819+0000] {processor.py:743} INFO - Processing file /home/airflow/.local/lib/python3.7/site-packages/airflow/example_dags/example_latest_only.py for tasks to queue
[2023-03-11T12:42:02.819+0000] {logging_mixin.py:137} INFO - [2023-03-11T12:42:02.819+0000] {dagbag.py:538} INFO - Filling up the DagBag from /home/airflow/.local/lib/python3.7/site-packages/airflow/example_dags/example_latest_only.py
[2023-03-11T12:42:02.833+0000] {processor.py:753} INFO - DAG(s) dict_keys(['latest_only']) retrieved from /home/airflow/.local/lib/python3.7/site-packages/airflow/example_dags/example_latest_only.py
[2023-03-11T12:42:02.859+0000] {logging_mixin.py:137} INFO - [2023-03-11T12:42:02.858+0000] {dag.py:2690} INFO - Sync 1 DAGs
[2023-03-11T12:42:02.886+0000] {logging_mixin.py:137} INFO - [2023-03-11T12:42:02.885+0000] {dag.py:3441} INFO - Setting next_dagrun for latest_only to 2023-03-11T08:42:02.885681+00:00, run_after=2023-03-11T12:42:02.885681+00:00
[2023-03-11T12:42:02.907+0000] {processor.py:175} INFO - Processing /home/airflow/.local/lib/python3.7/site-packages/airflow/example_dags/example_latest_only.py took 0.093 seconds
[2023-03-11T12:42:33.385+0000] {processor.py:153} INFO - Started process (PID=2205) to work on /home/airflow/.local/lib/python3.7/site-packages/airflow/example_dags/example_latest_only.py
[2023-03-11T12:42:33.386+0000] {processor.py:743} INFO - Processing file /home/airflow/.local/lib/python3.7/site-packages/airflow/example_dags/example_latest_only.py for tasks to queue
[2023-03-11T12:42:33.386+0000] {logging_mixin.py:137} INFO - [2023-03-11T12:42:33.386+0000] {dagbag.py:538} INFO - Filling up the DagBag from /home/airflow/.local/lib/python3.7/site-packages/airflow/example_dags/example_latest_only.py
[2023-03-11T12:42:33.400+0000] {processor.py:753} INFO - DAG(s) dict_keys(['latest_only']) retrieved from /home/airflow/.local/lib/python3.7/site-packages/airflow/example_dags/example_latest_only.py
[2023-03-11T12:42:33.426+0000] {logging_mixin.py:137} INFO - [2023-03-11T12:42:33.426+0000] {dag.py:2690} INFO - Sync 1 DAGs
[2023-03-11T12:42:33.451+0000] {logging_mixin.py:137} INFO - [2023-03-11T12:42:33.451+0000] {dag.py:3441} INFO - Setting next_dagrun for latest_only to 2023-03-11T08:42:33.451471+00:00, run_after=2023-03-11T12:42:33.451471+00:00
[2023-03-11T12:42:33.469+0000] {processor.py:175} INFO - Processing /home/airflow/.local/lib/python3.7/site-packages/airflow/example_dags/example_latest_only.py took 0.088 seconds
[2023-03-11T12:43:04.089+0000] {processor.py:153} INFO - Started process (PID=2292) to work on /home/airflow/.local/lib/python3.7/site-packages/airflow/example_dags/example_latest_only.py
[2023-03-11T12:43:04.090+0000] {processor.py:743} INFO - Processing file /home/airflow/.local/lib/python3.7/site-packages/airflow/example_dags/example_latest_only.py for tasks to queue
[2023-03-11T12:43:04.090+0000] {logging_mixin.py:137} INFO - [2023-03-11T12:43:04.090+0000] {dagbag.py:538} INFO - Filling up the DagBag from /home/airflow/.local/lib/python3.7/site-packages/airflow/example_dags/example_latest_only.py
[2023-03-11T12:43:04.103+0000] {processor.py:753} INFO - DAG(s) dict_keys(['latest_only']) retrieved from /home/airflow/.local/lib/python3.7/site-packages/airflow/example_dags/example_latest_only.py
[2023-03-11T12:43:04.126+0000] {logging_mixin.py:137} INFO - [2023-03-11T12:43:04.125+0000] {dag.py:2690} INFO - Sync 1 DAGs
[2023-03-11T12:43:04.152+0000] {logging_mixin.py:137} INFO - [2023-03-11T12:43:04.151+0000] {dag.py:3441} INFO - Setting next_dagrun for latest_only to 2023-03-11T08:43:04.151645+00:00, run_after=2023-03-11T12:43:04.151645+00:00
[2023-03-11T12:43:04.170+0000] {processor.py:175} INFO - Processing /home/airflow/.local/lib/python3.7/site-packages/airflow/example_dags/example_latest_only.py took 0.084 seconds
[2023-03-11T12:43:34.798+0000] {processor.py:153} INFO - Started process (PID=2403) to work on /home/airflow/.local/lib/python3.7/site-packages/airflow/example_dags/example_latest_only.py
[2023-03-11T12:43:34.799+0000] {processor.py:743} INFO - Processing file /home/airflow/.local/lib/python3.7/site-packages/airflow/example_dags/example_latest_only.py for tasks to queue
[2023-03-11T12:43:34.799+0000] {logging_mixin.py:137} INFO - [2023-03-11T12:43:34.799+0000] {dagbag.py:538} INFO - Filling up the DagBag from /home/airflow/.local/lib/python3.7/site-packages/airflow/example_dags/example_latest_only.py
[2023-03-11T12:43:34.811+0000] {processor.py:753} INFO - DAG(s) dict_keys(['latest_only']) retrieved from /home/airflow/.local/lib/python3.7/site-packages/airflow/example_dags/example_latest_only.py
[2023-03-11T12:43:34.835+0000] {logging_mixin.py:137} INFO - [2023-03-11T12:43:34.835+0000] {dag.py:2690} INFO - Sync 1 DAGs
[2023-03-11T12:43:34.860+0000] {logging_mixin.py:137} INFO - [2023-03-11T12:43:34.860+0000] {dag.py:3441} INFO - Setting next_dagrun for latest_only to 2023-03-11T08:43:34.860419+00:00, run_after=2023-03-11T12:43:34.860419+00:00
[2023-03-11T12:43:34.878+0000] {processor.py:175} INFO - Processing /home/airflow/.local/lib/python3.7/site-packages/airflow/example_dags/example_latest_only.py took 0.083 seconds
[2023-03-11T12:44:05.196+0000] {processor.py:153} INFO - Started process (PID=2490) to work on /home/airflow/.local/lib/python3.7/site-packages/airflow/example_dags/example_latest_only.py
[2023-03-11T12:44:05.197+0000] {processor.py:743} INFO - Processing file /home/airflow/.local/lib/python3.7/site-packages/airflow/example_dags/example_latest_only.py for tasks to queue
[2023-03-11T12:44:05.197+0000] {logging_mixin.py:137} INFO - [2023-03-11T12:44:05.197+0000] {dagbag.py:538} INFO - Filling up the DagBag from /home/airflow/.local/lib/python3.7/site-packages/airflow/example_dags/example_latest_only.py
[2023-03-11T12:44:05.211+0000] {processor.py:753} INFO - DAG(s) dict_keys(['latest_only']) retrieved from /home/airflow/.local/lib/python3.7/site-packages/airflow/example_dags/example_latest_only.py
[2023-03-11T12:44:05.237+0000] {logging_mixin.py:137} INFO - [2023-03-11T12:44:05.237+0000] {dag.py:2690} INFO - Sync 1 DAGs
[2023-03-11T12:44:05.265+0000] {logging_mixin.py:137} INFO - [2023-03-11T12:44:05.265+0000] {dag.py:3441} INFO - Setting next_dagrun for latest_only to 2023-03-11T08:44:05.264881+00:00, run_after=2023-03-11T12:44:05.264881+00:00
[2023-03-11T12:44:05.284+0000] {processor.py:175} INFO - Processing /home/airflow/.local/lib/python3.7/site-packages/airflow/example_dags/example_latest_only.py took 0.091 seconds
[2023-03-11T12:44:35.960+0000] {processor.py:153} INFO - Started process (PID=2601) to work on /home/airflow/.local/lib/python3.7/site-packages/airflow/example_dags/example_latest_only.py
[2023-03-11T12:44:35.961+0000] {processor.py:743} INFO - Processing file /home/airflow/.local/lib/python3.7/site-packages/airflow/example_dags/example_latest_only.py for tasks to queue
[2023-03-11T12:44:35.962+0000] {logging_mixin.py:137} INFO - [2023-03-11T12:44:35.962+0000] {dagbag.py:538} INFO - Filling up the DagBag from /home/airflow/.local/lib/python3.7/site-packages/airflow/example_dags/example_latest_only.py
[2023-03-11T12:44:35.975+0000] {processor.py:753} INFO - DAG(s) dict_keys(['latest_only']) retrieved from /home/airflow/.local/lib/python3.7/site-packages/airflow/example_dags/example_latest_only.py
[2023-03-11T12:44:36.000+0000] {logging_mixin.py:137} INFO - [2023-03-11T12:44:36.000+0000] {dag.py:2690} INFO - Sync 1 DAGs
[2023-03-11T12:44:36.025+0000] {logging_mixin.py:137} INFO - [2023-03-11T12:44:36.025+0000] {dag.py:3441} INFO - Setting next_dagrun for latest_only to 2023-03-11T08:44:36.025223+00:00, run_after=2023-03-11T12:44:36.025223+00:00
[2023-03-11T12:44:36.048+0000] {processor.py:175} INFO - Processing /home/airflow/.local/lib/python3.7/site-packages/airflow/example_dags/example_latest_only.py took 0.091 seconds
[2023-03-11T12:45:06.983+0000] {processor.py:153} INFO - Started process (PID=2688) to work on /home/airflow/.local/lib/python3.7/site-packages/airflow/example_dags/example_latest_only.py
[2023-03-11T12:45:06.984+0000] {processor.py:743} INFO - Processing file /home/airflow/.local/lib/python3.7/site-packages/airflow/example_dags/example_latest_only.py for tasks to queue
[2023-03-11T12:45:06.985+0000] {logging_mixin.py:137} INFO - [2023-03-11T12:45:06.985+0000] {dagbag.py:538} INFO - Filling up the DagBag from /home/airflow/.local/lib/python3.7/site-packages/airflow/example_dags/example_latest_only.py
[2023-03-11T12:45:07.003+0000] {processor.py:753} INFO - DAG(s) dict_keys(['latest_only']) retrieved from /home/airflow/.local/lib/python3.7/site-packages/airflow/example_dags/example_latest_only.py
[2023-03-11T12:45:07.038+0000] {logging_mixin.py:137} INFO - [2023-03-11T12:45:07.038+0000] {dag.py:2690} INFO - Sync 1 DAGs
[2023-03-11T12:45:07.074+0000] {logging_mixin.py:137} INFO - [2023-03-11T12:45:07.074+0000] {dag.py:3441} INFO - Setting next_dagrun for latest_only to 2023-03-11T08:45:07.073723+00:00, run_after=2023-03-11T12:45:07.073723+00:00
[2023-03-11T12:45:07.116+0000] {processor.py:175} INFO - Processing /home/airflow/.local/lib/python3.7/site-packages/airflow/example_dags/example_latest_only.py took 0.137 seconds
[2023-03-11T12:45:37.518+0000] {processor.py:153} INFO - Started process (PID=2782) to work on /home/airflow/.local/lib/python3.7/site-packages/airflow/example_dags/example_latest_only.py
[2023-03-11T12:45:37.520+0000] {processor.py:743} INFO - Processing file /home/airflow/.local/lib/python3.7/site-packages/airflow/example_dags/example_latest_only.py for tasks to queue
[2023-03-11T12:45:37.521+0000] {logging_mixin.py:137} INFO - [2023-03-11T12:45:37.521+0000] {dagbag.py:538} INFO - Filling up the DagBag from /home/airflow/.local/lib/python3.7/site-packages/airflow/example_dags/example_latest_only.py
[2023-03-11T12:45:37.537+0000] {processor.py:753} INFO - DAG(s) dict_keys(['latest_only']) retrieved from /home/airflow/.local/lib/python3.7/site-packages/airflow/example_dags/example_latest_only.py
[2023-03-11T12:45:37.576+0000] {logging_mixin.py:137} INFO - [2023-03-11T12:45:37.575+0000] {dag.py:2690} INFO - Sync 1 DAGs
[2023-03-11T12:45:37.615+0000] {logging_mixin.py:137} INFO - [2023-03-11T12:45:37.615+0000] {dag.py:3441} INFO - Setting next_dagrun for latest_only to 2023-03-11T08:45:37.615081+00:00, run_after=2023-03-11T12:45:37.615081+00:00
[2023-03-11T12:45:37.660+0000] {processor.py:175} INFO - Processing /home/airflow/.local/lib/python3.7/site-packages/airflow/example_dags/example_latest_only.py took 0.147 seconds
[2023-03-11T12:46:07.829+0000] {processor.py:153} INFO - Started process (PID=2886) to work on /home/airflow/.local/lib/python3.7/site-packages/airflow/example_dags/example_latest_only.py
[2023-03-11T12:46:07.829+0000] {processor.py:743} INFO - Processing file /home/airflow/.local/lib/python3.7/site-packages/airflow/example_dags/example_latest_only.py for tasks to queue
[2023-03-11T12:46:07.830+0000] {logging_mixin.py:137} INFO - [2023-03-11T12:46:07.830+0000] {dagbag.py:538} INFO - Filling up the DagBag from /home/airflow/.local/lib/python3.7/site-packages/airflow/example_dags/example_latest_only.py
[2023-03-11T12:46:07.842+0000] {processor.py:753} INFO - DAG(s) dict_keys(['latest_only']) retrieved from /home/airflow/.local/lib/python3.7/site-packages/airflow/example_dags/example_latest_only.py
[2023-03-11T12:46:07.866+0000] {logging_mixin.py:137} INFO - [2023-03-11T12:46:07.866+0000] {dag.py:2690} INFO - Sync 1 DAGs
[2023-03-11T12:46:07.891+0000] {logging_mixin.py:137} INFO - [2023-03-11T12:46:07.891+0000] {dag.py:3441} INFO - Setting next_dagrun for latest_only to 2023-03-11T08:46:07.891016+00:00, run_after=2023-03-11T12:46:07.891016+00:00
[2023-03-11T12:46:07.908+0000] {processor.py:175} INFO - Processing /home/airflow/.local/lib/python3.7/site-packages/airflow/example_dags/example_latest_only.py took 0.082 seconds
[2023-03-11T12:46:38.627+0000] {processor.py:153} INFO - Started process (PID=2973) to work on /home/airflow/.local/lib/python3.7/site-packages/airflow/example_dags/example_latest_only.py
[2023-03-11T12:46:38.628+0000] {processor.py:743} INFO - Processing file /home/airflow/.local/lib/python3.7/site-packages/airflow/example_dags/example_latest_only.py for tasks to queue
[2023-03-11T12:46:38.629+0000] {logging_mixin.py:137} INFO - [2023-03-11T12:46:38.629+0000] {dagbag.py:538} INFO - Filling up the DagBag from /home/airflow/.local/lib/python3.7/site-packages/airflow/example_dags/example_latest_only.py
[2023-03-11T12:46:38.641+0000] {processor.py:753} INFO - DAG(s) dict_keys(['latest_only']) retrieved from /home/airflow/.local/lib/python3.7/site-packages/airflow/example_dags/example_latest_only.py
[2023-03-11T12:46:38.665+0000] {logging_mixin.py:137} INFO - [2023-03-11T12:46:38.665+0000] {dag.py:2690} INFO - Sync 1 DAGs
[2023-03-11T12:46:38.691+0000] {logging_mixin.py:137} INFO - [2023-03-11T12:46:38.690+0000] {dag.py:3441} INFO - Setting next_dagrun for latest_only to 2023-03-11T08:46:38.690662+00:00, run_after=2023-03-11T12:46:38.690662+00:00
[2023-03-11T12:46:38.710+0000] {processor.py:175} INFO - Processing /home/airflow/.local/lib/python3.7/site-packages/airflow/example_dags/example_latest_only.py took 0.085 seconds
