[2023-03-11T12:31:17.200+0000] {processor.py:153} INFO - Started process (PID=79) to work on /home/airflow/.local/lib/python3.7/site-packages/airflow/example_dags/example_complex.py
[2023-03-11T12:31:17.201+0000] {processor.py:743} INFO - Processing file /home/airflow/.local/lib/python3.7/site-packages/airflow/example_dags/example_complex.py for tasks to queue
[2023-03-11T12:31:17.202+0000] {logging_mixin.py:137} INFO - [2023-03-11T12:31:17.202+0000] {dagbag.py:538} INFO - Filling up the DagBag from /home/airflow/.local/lib/python3.7/site-packages/airflow/example_dags/example_complex.py
[2023-03-11T12:31:17.221+0000] {logging_mixin.py:137} INFO - [2023-03-11T12:31:17.221+0000] {taskmixin.py:205} WARNING - Dependency <Task(BashOperator): create_entry_group>, delete_entry_group already registered for DAG: example_complex
[2023-03-11T12:31:17.222+0000] {logging_mixin.py:137} INFO - [2023-03-11T12:31:17.222+0000] {taskmixin.py:205} WARNING - Dependency <Task(BashOperator): delete_entry_group>, create_entry_group already registered for DAG: example_complex
[2023-03-11T12:31:17.222+0000] {logging_mixin.py:137} INFO - [2023-03-11T12:31:17.222+0000] {taskmixin.py:205} WARNING - Dependency <Task(BashOperator): create_entry_gcs>, delete_entry already registered for DAG: example_complex
[2023-03-11T12:31:17.222+0000] {logging_mixin.py:137} INFO - [2023-03-11T12:31:17.222+0000] {taskmixin.py:205} WARNING - Dependency <Task(BashOperator): delete_entry>, create_entry_gcs already registered for DAG: example_complex
[2023-03-11T12:31:17.223+0000] {logging_mixin.py:137} INFO - [2023-03-11T12:31:17.223+0000] {taskmixin.py:205} WARNING - Dependency <Task(BashOperator): create_tag>, delete_tag already registered for DAG: example_complex
[2023-03-11T12:31:17.223+0000] {logging_mixin.py:137} INFO - [2023-03-11T12:31:17.223+0000] {taskmixin.py:205} WARNING - Dependency <Task(BashOperator): delete_tag>, create_tag already registered for DAG: example_complex
[2023-03-11T12:31:17.237+0000] {processor.py:753} INFO - DAG(s) dict_keys(['example_complex']) retrieved from /home/airflow/.local/lib/python3.7/site-packages/airflow/example_dags/example_complex.py
[2023-03-11T12:31:17.275+0000] {logging_mixin.py:137} INFO - [2023-03-11T12:31:17.275+0000] {dag.py:2690} INFO - Sync 1 DAGs
[2023-03-11T12:31:17.320+0000] {logging_mixin.py:137} INFO - [2023-03-11T12:31:17.319+0000] {dag.py:3441} INFO - Setting next_dagrun for example_complex to None, run_after=None
[2023-03-11T12:31:17.373+0000] {processor.py:175} INFO - Processing /home/airflow/.local/lib/python3.7/site-packages/airflow/example_dags/example_complex.py took 0.178 seconds
[2023-03-11T12:31:48.124+0000] {processor.py:153} INFO - Started process (PID=181) to work on /home/airflow/.local/lib/python3.7/site-packages/airflow/example_dags/example_complex.py
[2023-03-11T12:31:48.125+0000] {processor.py:743} INFO - Processing file /home/airflow/.local/lib/python3.7/site-packages/airflow/example_dags/example_complex.py for tasks to queue
[2023-03-11T12:31:48.125+0000] {logging_mixin.py:137} INFO - [2023-03-11T12:31:48.125+0000] {dagbag.py:538} INFO - Filling up the DagBag from /home/airflow/.local/lib/python3.7/site-packages/airflow/example_dags/example_complex.py
[2023-03-11T12:31:48.137+0000] {logging_mixin.py:137} INFO - [2023-03-11T12:31:48.137+0000] {taskmixin.py:205} WARNING - Dependency <Task(BashOperator): create_entry_group>, delete_entry_group already registered for DAG: example_complex
[2023-03-11T12:31:48.137+0000] {logging_mixin.py:137} INFO - [2023-03-11T12:31:48.137+0000] {taskmixin.py:205} WARNING - Dependency <Task(BashOperator): delete_entry_group>, create_entry_group already registered for DAG: example_complex
[2023-03-11T12:31:48.137+0000] {logging_mixin.py:137} INFO - [2023-03-11T12:31:48.137+0000] {taskmixin.py:205} WARNING - Dependency <Task(BashOperator): create_entry_gcs>, delete_entry already registered for DAG: example_complex
[2023-03-11T12:31:48.137+0000] {logging_mixin.py:137} INFO - [2023-03-11T12:31:48.137+0000] {taskmixin.py:205} WARNING - Dependency <Task(BashOperator): delete_entry>, create_entry_gcs already registered for DAG: example_complex
[2023-03-11T12:31:48.138+0000] {logging_mixin.py:137} INFO - [2023-03-11T12:31:48.138+0000] {taskmixin.py:205} WARNING - Dependency <Task(BashOperator): create_tag>, delete_tag already registered for DAG: example_complex
[2023-03-11T12:31:48.138+0000] {logging_mixin.py:137} INFO - [2023-03-11T12:31:48.138+0000] {taskmixin.py:205} WARNING - Dependency <Task(BashOperator): delete_tag>, create_tag already registered for DAG: example_complex
[2023-03-11T12:31:48.148+0000] {processor.py:753} INFO - DAG(s) dict_keys(['example_complex']) retrieved from /home/airflow/.local/lib/python3.7/site-packages/airflow/example_dags/example_complex.py
[2023-03-11T12:31:48.184+0000] {logging_mixin.py:137} INFO - [2023-03-11T12:31:48.184+0000] {dag.py:2690} INFO - Sync 1 DAGs
[2023-03-11T12:31:48.212+0000] {logging_mixin.py:137} INFO - [2023-03-11T12:31:48.212+0000] {dag.py:3441} INFO - Setting next_dagrun for example_complex to None, run_after=None
[2023-03-11T12:31:48.235+0000] {processor.py:175} INFO - Processing /home/airflow/.local/lib/python3.7/site-packages/airflow/example_dags/example_complex.py took 0.114 seconds
[2023-03-11T12:32:19.040+0000] {processor.py:153} INFO - Started process (PID=268) to work on /home/airflow/.local/lib/python3.7/site-packages/airflow/example_dags/example_complex.py
[2023-03-11T12:32:19.041+0000] {processor.py:743} INFO - Processing file /home/airflow/.local/lib/python3.7/site-packages/airflow/example_dags/example_complex.py for tasks to queue
[2023-03-11T12:32:19.042+0000] {logging_mixin.py:137} INFO - [2023-03-11T12:32:19.042+0000] {dagbag.py:538} INFO - Filling up the DagBag from /home/airflow/.local/lib/python3.7/site-packages/airflow/example_dags/example_complex.py
[2023-03-11T12:32:19.053+0000] {logging_mixin.py:137} INFO - [2023-03-11T12:32:19.053+0000] {taskmixin.py:205} WARNING - Dependency <Task(BashOperator): create_entry_group>, delete_entry_group already registered for DAG: example_complex
[2023-03-11T12:32:19.054+0000] {logging_mixin.py:137} INFO - [2023-03-11T12:32:19.054+0000] {taskmixin.py:205} WARNING - Dependency <Task(BashOperator): delete_entry_group>, create_entry_group already registered for DAG: example_complex
[2023-03-11T12:32:19.054+0000] {logging_mixin.py:137} INFO - [2023-03-11T12:32:19.054+0000] {taskmixin.py:205} WARNING - Dependency <Task(BashOperator): create_entry_gcs>, delete_entry already registered for DAG: example_complex
[2023-03-11T12:32:19.054+0000] {logging_mixin.py:137} INFO - [2023-03-11T12:32:19.054+0000] {taskmixin.py:205} WARNING - Dependency <Task(BashOperator): delete_entry>, create_entry_gcs already registered for DAG: example_complex
[2023-03-11T12:32:19.054+0000] {logging_mixin.py:137} INFO - [2023-03-11T12:32:19.054+0000] {taskmixin.py:205} WARNING - Dependency <Task(BashOperator): create_tag>, delete_tag already registered for DAG: example_complex
[2023-03-11T12:32:19.055+0000] {logging_mixin.py:137} INFO - [2023-03-11T12:32:19.054+0000] {taskmixin.py:205} WARNING - Dependency <Task(BashOperator): delete_tag>, create_tag already registered for DAG: example_complex
[2023-03-11T12:32:19.063+0000] {processor.py:753} INFO - DAG(s) dict_keys(['example_complex']) retrieved from /home/airflow/.local/lib/python3.7/site-packages/airflow/example_dags/example_complex.py
[2023-03-11T12:32:19.096+0000] {logging_mixin.py:137} INFO - [2023-03-11T12:32:19.095+0000] {dag.py:2690} INFO - Sync 1 DAGs
[2023-03-11T12:32:19.122+0000] {logging_mixin.py:137} INFO - [2023-03-11T12:32:19.122+0000] {dag.py:3441} INFO - Setting next_dagrun for example_complex to None, run_after=None
[2023-03-11T12:32:19.142+0000] {processor.py:175} INFO - Processing /home/airflow/.local/lib/python3.7/site-packages/airflow/example_dags/example_complex.py took 0.104 seconds
[2023-03-11T12:32:50.026+0000] {processor.py:153} INFO - Started process (PID=379) to work on /home/airflow/.local/lib/python3.7/site-packages/airflow/example_dags/example_complex.py
[2023-03-11T12:32:50.027+0000] {processor.py:743} INFO - Processing file /home/airflow/.local/lib/python3.7/site-packages/airflow/example_dags/example_complex.py for tasks to queue
[2023-03-11T12:32:50.028+0000] {logging_mixin.py:137} INFO - [2023-03-11T12:32:50.028+0000] {dagbag.py:538} INFO - Filling up the DagBag from /home/airflow/.local/lib/python3.7/site-packages/airflow/example_dags/example_complex.py
[2023-03-11T12:32:50.039+0000] {logging_mixin.py:137} INFO - [2023-03-11T12:32:50.039+0000] {taskmixin.py:205} WARNING - Dependency <Task(BashOperator): create_entry_group>, delete_entry_group already registered for DAG: example_complex
[2023-03-11T12:32:50.040+0000] {logging_mixin.py:137} INFO - [2023-03-11T12:32:50.040+0000] {taskmixin.py:205} WARNING - Dependency <Task(BashOperator): delete_entry_group>, create_entry_group already registered for DAG: example_complex
[2023-03-11T12:32:50.040+0000] {logging_mixin.py:137} INFO - [2023-03-11T12:32:50.040+0000] {taskmixin.py:205} WARNING - Dependency <Task(BashOperator): create_entry_gcs>, delete_entry already registered for DAG: example_complex
[2023-03-11T12:32:50.040+0000] {logging_mixin.py:137} INFO - [2023-03-11T12:32:50.040+0000] {taskmixin.py:205} WARNING - Dependency <Task(BashOperator): delete_entry>, create_entry_gcs already registered for DAG: example_complex
[2023-03-11T12:32:50.040+0000] {logging_mixin.py:137} INFO - [2023-03-11T12:32:50.040+0000] {taskmixin.py:205} WARNING - Dependency <Task(BashOperator): create_tag>, delete_tag already registered for DAG: example_complex
[2023-03-11T12:32:50.041+0000] {logging_mixin.py:137} INFO - [2023-03-11T12:32:50.041+0000] {taskmixin.py:205} WARNING - Dependency <Task(BashOperator): delete_tag>, create_tag already registered for DAG: example_complex
[2023-03-11T12:32:50.049+0000] {processor.py:753} INFO - DAG(s) dict_keys(['example_complex']) retrieved from /home/airflow/.local/lib/python3.7/site-packages/airflow/example_dags/example_complex.py
[2023-03-11T12:32:50.085+0000] {logging_mixin.py:137} INFO - [2023-03-11T12:32:50.085+0000] {dag.py:2690} INFO - Sync 1 DAGs
[2023-03-11T12:32:50.114+0000] {logging_mixin.py:137} INFO - [2023-03-11T12:32:50.114+0000] {dag.py:3441} INFO - Setting next_dagrun for example_complex to None, run_after=None
[2023-03-11T12:32:50.136+0000] {processor.py:175} INFO - Processing /home/airflow/.local/lib/python3.7/site-packages/airflow/example_dags/example_complex.py took 0.113 seconds
[2023-03-11T12:33:20.888+0000] {processor.py:153} INFO - Started process (PID=466) to work on /home/airflow/.local/lib/python3.7/site-packages/airflow/example_dags/example_complex.py
[2023-03-11T12:33:20.889+0000] {processor.py:743} INFO - Processing file /home/airflow/.local/lib/python3.7/site-packages/airflow/example_dags/example_complex.py for tasks to queue
[2023-03-11T12:33:20.890+0000] {logging_mixin.py:137} INFO - [2023-03-11T12:33:20.889+0000] {dagbag.py:538} INFO - Filling up the DagBag from /home/airflow/.local/lib/python3.7/site-packages/airflow/example_dags/example_complex.py
[2023-03-11T12:33:20.901+0000] {logging_mixin.py:137} INFO - [2023-03-11T12:33:20.901+0000] {taskmixin.py:205} WARNING - Dependency <Task(BashOperator): create_entry_group>, delete_entry_group already registered for DAG: example_complex
[2023-03-11T12:33:20.901+0000] {logging_mixin.py:137} INFO - [2023-03-11T12:33:20.901+0000] {taskmixin.py:205} WARNING - Dependency <Task(BashOperator): delete_entry_group>, create_entry_group already registered for DAG: example_complex
[2023-03-11T12:33:20.901+0000] {logging_mixin.py:137} INFO - [2023-03-11T12:33:20.901+0000] {taskmixin.py:205} WARNING - Dependency <Task(BashOperator): create_entry_gcs>, delete_entry already registered for DAG: example_complex
[2023-03-11T12:33:20.901+0000] {logging_mixin.py:137} INFO - [2023-03-11T12:33:20.901+0000] {taskmixin.py:205} WARNING - Dependency <Task(BashOperator): delete_entry>, create_entry_gcs already registered for DAG: example_complex
[2023-03-11T12:33:20.902+0000] {logging_mixin.py:137} INFO - [2023-03-11T12:33:20.902+0000] {taskmixin.py:205} WARNING - Dependency <Task(BashOperator): create_tag>, delete_tag already registered for DAG: example_complex
[2023-03-11T12:33:20.902+0000] {logging_mixin.py:137} INFO - [2023-03-11T12:33:20.902+0000] {taskmixin.py:205} WARNING - Dependency <Task(BashOperator): delete_tag>, create_tag already registered for DAG: example_complex
[2023-03-11T12:33:20.909+0000] {processor.py:753} INFO - DAG(s) dict_keys(['example_complex']) retrieved from /home/airflow/.local/lib/python3.7/site-packages/airflow/example_dags/example_complex.py
[2023-03-11T12:33:20.940+0000] {logging_mixin.py:137} INFO - [2023-03-11T12:33:20.940+0000] {dag.py:2690} INFO - Sync 1 DAGs
[2023-03-11T12:33:20.970+0000] {logging_mixin.py:137} INFO - [2023-03-11T12:33:20.970+0000] {dag.py:3441} INFO - Setting next_dagrun for example_complex to None, run_after=None
[2023-03-11T12:33:20.990+0000] {processor.py:175} INFO - Processing /home/airflow/.local/lib/python3.7/site-packages/airflow/example_dags/example_complex.py took 0.105 seconds
[2023-03-11T12:33:51.953+0000] {processor.py:153} INFO - Started process (PID=553) to work on /home/airflow/.local/lib/python3.7/site-packages/airflow/example_dags/example_complex.py
[2023-03-11T12:33:51.955+0000] {processor.py:743} INFO - Processing file /home/airflow/.local/lib/python3.7/site-packages/airflow/example_dags/example_complex.py for tasks to queue
[2023-03-11T12:33:51.956+0000] {logging_mixin.py:137} INFO - [2023-03-11T12:33:51.956+0000] {dagbag.py:538} INFO - Filling up the DagBag from /home/airflow/.local/lib/python3.7/site-packages/airflow/example_dags/example_complex.py
[2023-03-11T12:33:51.972+0000] {logging_mixin.py:137} INFO - [2023-03-11T12:33:51.971+0000] {taskmixin.py:205} WARNING - Dependency <Task(BashOperator): create_entry_group>, delete_entry_group already registered for DAG: example_complex
[2023-03-11T12:33:51.973+0000] {logging_mixin.py:137} INFO - [2023-03-11T12:33:51.972+0000] {taskmixin.py:205} WARNING - Dependency <Task(BashOperator): delete_entry_group>, create_entry_group already registered for DAG: example_complex
[2023-03-11T12:33:51.973+0000] {logging_mixin.py:137} INFO - [2023-03-11T12:33:51.973+0000] {taskmixin.py:205} WARNING - Dependency <Task(BashOperator): create_entry_gcs>, delete_entry already registered for DAG: example_complex
[2023-03-11T12:33:51.973+0000] {logging_mixin.py:137} INFO - [2023-03-11T12:33:51.973+0000] {taskmixin.py:205} WARNING - Dependency <Task(BashOperator): delete_entry>, create_entry_gcs already registered for DAG: example_complex
[2023-03-11T12:33:51.974+0000] {logging_mixin.py:137} INFO - [2023-03-11T12:33:51.974+0000] {taskmixin.py:205} WARNING - Dependency <Task(BashOperator): create_tag>, delete_tag already registered for DAG: example_complex
[2023-03-11T12:33:51.974+0000] {logging_mixin.py:137} INFO - [2023-03-11T12:33:51.974+0000] {taskmixin.py:205} WARNING - Dependency <Task(BashOperator): delete_tag>, create_tag already registered for DAG: example_complex
[2023-03-11T12:33:51.987+0000] {processor.py:753} INFO - DAG(s) dict_keys(['example_complex']) retrieved from /home/airflow/.local/lib/python3.7/site-packages/airflow/example_dags/example_complex.py
[2023-03-11T12:33:52.030+0000] {logging_mixin.py:137} INFO - [2023-03-11T12:33:52.030+0000] {dag.py:2690} INFO - Sync 1 DAGs
[2023-03-11T12:33:52.063+0000] {logging_mixin.py:137} INFO - [2023-03-11T12:33:52.063+0000] {dag.py:3441} INFO - Setting next_dagrun for example_complex to None, run_after=None
[2023-03-11T12:33:52.086+0000] {processor.py:175} INFO - Processing /home/airflow/.local/lib/python3.7/site-packages/airflow/example_dags/example_complex.py took 0.137 seconds
[2023-03-11T12:34:22.707+0000] {processor.py:153} INFO - Started process (PID=664) to work on /home/airflow/.local/lib/python3.7/site-packages/airflow/example_dags/example_complex.py
[2023-03-11T12:34:22.708+0000] {processor.py:743} INFO - Processing file /home/airflow/.local/lib/python3.7/site-packages/airflow/example_dags/example_complex.py for tasks to queue
[2023-03-11T12:34:22.709+0000] {logging_mixin.py:137} INFO - [2023-03-11T12:34:22.709+0000] {dagbag.py:538} INFO - Filling up the DagBag from /home/airflow/.local/lib/python3.7/site-packages/airflow/example_dags/example_complex.py
[2023-03-11T12:34:22.720+0000] {logging_mixin.py:137} INFO - [2023-03-11T12:34:22.720+0000] {taskmixin.py:205} WARNING - Dependency <Task(BashOperator): create_entry_group>, delete_entry_group already registered for DAG: example_complex
[2023-03-11T12:34:22.721+0000] {logging_mixin.py:137} INFO - [2023-03-11T12:34:22.721+0000] {taskmixin.py:205} WARNING - Dependency <Task(BashOperator): delete_entry_group>, create_entry_group already registered for DAG: example_complex
[2023-03-11T12:34:22.721+0000] {logging_mixin.py:137} INFO - [2023-03-11T12:34:22.721+0000] {taskmixin.py:205} WARNING - Dependency <Task(BashOperator): create_entry_gcs>, delete_entry already registered for DAG: example_complex
[2023-03-11T12:34:22.721+0000] {logging_mixin.py:137} INFO - [2023-03-11T12:34:22.721+0000] {taskmixin.py:205} WARNING - Dependency <Task(BashOperator): delete_entry>, create_entry_gcs already registered for DAG: example_complex
[2023-03-11T12:34:22.721+0000] {logging_mixin.py:137} INFO - [2023-03-11T12:34:22.721+0000] {taskmixin.py:205} WARNING - Dependency <Task(BashOperator): create_tag>, delete_tag already registered for DAG: example_complex
[2023-03-11T12:34:22.722+0000] {logging_mixin.py:137} INFO - [2023-03-11T12:34:22.721+0000] {taskmixin.py:205} WARNING - Dependency <Task(BashOperator): delete_tag>, create_tag already registered for DAG: example_complex
[2023-03-11T12:34:22.729+0000] {processor.py:753} INFO - DAG(s) dict_keys(['example_complex']) retrieved from /home/airflow/.local/lib/python3.7/site-packages/airflow/example_dags/example_complex.py
[2023-03-11T12:34:22.764+0000] {logging_mixin.py:137} INFO - [2023-03-11T12:34:22.764+0000] {dag.py:2690} INFO - Sync 1 DAGs
[2023-03-11T12:34:22.790+0000] {logging_mixin.py:137} INFO - [2023-03-11T12:34:22.790+0000] {dag.py:3441} INFO - Setting next_dagrun for example_complex to None, run_after=None
[2023-03-11T12:34:22.813+0000] {processor.py:175} INFO - Processing /home/airflow/.local/lib/python3.7/site-packages/airflow/example_dags/example_complex.py took 0.109 seconds
[2023-03-11T12:34:53.122+0000] {processor.py:153} INFO - Started process (PID=751) to work on /home/airflow/.local/lib/python3.7/site-packages/airflow/example_dags/example_complex.py
[2023-03-11T12:34:53.123+0000] {processor.py:743} INFO - Processing file /home/airflow/.local/lib/python3.7/site-packages/airflow/example_dags/example_complex.py for tasks to queue
[2023-03-11T12:34:53.124+0000] {logging_mixin.py:137} INFO - [2023-03-11T12:34:53.124+0000] {dagbag.py:538} INFO - Filling up the DagBag from /home/airflow/.local/lib/python3.7/site-packages/airflow/example_dags/example_complex.py
[2023-03-11T12:34:53.136+0000] {logging_mixin.py:137} INFO - [2023-03-11T12:34:53.136+0000] {taskmixin.py:205} WARNING - Dependency <Task(BashOperator): create_entry_group>, delete_entry_group already registered for DAG: example_complex
[2023-03-11T12:34:53.136+0000] {logging_mixin.py:137} INFO - [2023-03-11T12:34:53.136+0000] {taskmixin.py:205} WARNING - Dependency <Task(BashOperator): delete_entry_group>, create_entry_group already registered for DAG: example_complex
[2023-03-11T12:34:53.136+0000] {logging_mixin.py:137} INFO - [2023-03-11T12:34:53.136+0000] {taskmixin.py:205} WARNING - Dependency <Task(BashOperator): create_entry_gcs>, delete_entry already registered for DAG: example_complex
[2023-03-11T12:34:53.136+0000] {logging_mixin.py:137} INFO - [2023-03-11T12:34:53.136+0000] {taskmixin.py:205} WARNING - Dependency <Task(BashOperator): delete_entry>, create_entry_gcs already registered for DAG: example_complex
[2023-03-11T12:34:53.137+0000] {logging_mixin.py:137} INFO - [2023-03-11T12:34:53.137+0000] {taskmixin.py:205} WARNING - Dependency <Task(BashOperator): create_tag>, delete_tag already registered for DAG: example_complex
[2023-03-11T12:34:53.137+0000] {logging_mixin.py:137} INFO - [2023-03-11T12:34:53.137+0000] {taskmixin.py:205} WARNING - Dependency <Task(BashOperator): delete_tag>, create_tag already registered for DAG: example_complex
[2023-03-11T12:34:53.145+0000] {processor.py:753} INFO - DAG(s) dict_keys(['example_complex']) retrieved from /home/airflow/.local/lib/python3.7/site-packages/airflow/example_dags/example_complex.py
[2023-03-11T12:34:53.182+0000] {logging_mixin.py:137} INFO - [2023-03-11T12:34:53.182+0000] {dag.py:2690} INFO - Sync 1 DAGs
[2023-03-11T12:34:53.209+0000] {logging_mixin.py:137} INFO - [2023-03-11T12:34:53.208+0000] {dag.py:3441} INFO - Setting next_dagrun for example_complex to None, run_after=None
[2023-03-11T12:34:53.228+0000] {processor.py:175} INFO - Processing /home/airflow/.local/lib/python3.7/site-packages/airflow/example_dags/example_complex.py took 0.109 seconds
[2023-03-11T12:35:23.551+0000] {processor.py:153} INFO - Started process (PID=862) to work on /home/airflow/.local/lib/python3.7/site-packages/airflow/example_dags/example_complex.py
[2023-03-11T12:35:23.553+0000] {processor.py:743} INFO - Processing file /home/airflow/.local/lib/python3.7/site-packages/airflow/example_dags/example_complex.py for tasks to queue
[2023-03-11T12:35:23.553+0000] {logging_mixin.py:137} INFO - [2023-03-11T12:35:23.553+0000] {dagbag.py:538} INFO - Filling up the DagBag from /home/airflow/.local/lib/python3.7/site-packages/airflow/example_dags/example_complex.py
[2023-03-11T12:35:23.566+0000] {logging_mixin.py:137} INFO - [2023-03-11T12:35:23.565+0000] {taskmixin.py:205} WARNING - Dependency <Task(BashOperator): create_entry_group>, delete_entry_group already registered for DAG: example_complex
[2023-03-11T12:35:23.566+0000] {logging_mixin.py:137} INFO - [2023-03-11T12:35:23.566+0000] {taskmixin.py:205} WARNING - Dependency <Task(BashOperator): delete_entry_group>, create_entry_group already registered for DAG: example_complex
[2023-03-11T12:35:23.566+0000] {logging_mixin.py:137} INFO - [2023-03-11T12:35:23.566+0000] {taskmixin.py:205} WARNING - Dependency <Task(BashOperator): create_entry_gcs>, delete_entry already registered for DAG: example_complex
[2023-03-11T12:35:23.566+0000] {logging_mixin.py:137} INFO - [2023-03-11T12:35:23.566+0000] {taskmixin.py:205} WARNING - Dependency <Task(BashOperator): delete_entry>, create_entry_gcs already registered for DAG: example_complex
[2023-03-11T12:35:23.567+0000] {logging_mixin.py:137} INFO - [2023-03-11T12:35:23.566+0000] {taskmixin.py:205} WARNING - Dependency <Task(BashOperator): create_tag>, delete_tag already registered for DAG: example_complex
[2023-03-11T12:35:23.567+0000] {logging_mixin.py:137} INFO - [2023-03-11T12:35:23.567+0000] {taskmixin.py:205} WARNING - Dependency <Task(BashOperator): delete_tag>, create_tag already registered for DAG: example_complex
[2023-03-11T12:35:23.574+0000] {processor.py:753} INFO - DAG(s) dict_keys(['example_complex']) retrieved from /home/airflow/.local/lib/python3.7/site-packages/airflow/example_dags/example_complex.py
[2023-03-11T12:35:23.610+0000] {logging_mixin.py:137} INFO - [2023-03-11T12:35:23.610+0000] {dag.py:2690} INFO - Sync 1 DAGs
[2023-03-11T12:35:23.640+0000] {logging_mixin.py:137} INFO - [2023-03-11T12:35:23.640+0000] {dag.py:3441} INFO - Setting next_dagrun for example_complex to None, run_after=None
[2023-03-11T12:35:23.662+0000] {processor.py:175} INFO - Processing /home/airflow/.local/lib/python3.7/site-packages/airflow/example_dags/example_complex.py took 0.114 seconds
[2023-03-11T12:35:53.972+0000] {processor.py:153} INFO - Started process (PID=949) to work on /home/airflow/.local/lib/python3.7/site-packages/airflow/example_dags/example_complex.py
[2023-03-11T12:35:53.973+0000] {processor.py:743} INFO - Processing file /home/airflow/.local/lib/python3.7/site-packages/airflow/example_dags/example_complex.py for tasks to queue
[2023-03-11T12:35:53.973+0000] {logging_mixin.py:137} INFO - [2023-03-11T12:35:53.973+0000] {dagbag.py:538} INFO - Filling up the DagBag from /home/airflow/.local/lib/python3.7/site-packages/airflow/example_dags/example_complex.py
[2023-03-11T12:35:53.985+0000] {logging_mixin.py:137} INFO - [2023-03-11T12:35:53.985+0000] {taskmixin.py:205} WARNING - Dependency <Task(BashOperator): create_entry_group>, delete_entry_group already registered for DAG: example_complex
[2023-03-11T12:35:53.985+0000] {logging_mixin.py:137} INFO - [2023-03-11T12:35:53.985+0000] {taskmixin.py:205} WARNING - Dependency <Task(BashOperator): delete_entry_group>, create_entry_group already registered for DAG: example_complex
[2023-03-11T12:35:53.985+0000] {logging_mixin.py:137} INFO - [2023-03-11T12:35:53.985+0000] {taskmixin.py:205} WARNING - Dependency <Task(BashOperator): create_entry_gcs>, delete_entry already registered for DAG: example_complex
[2023-03-11T12:35:53.986+0000] {logging_mixin.py:137} INFO - [2023-03-11T12:35:53.985+0000] {taskmixin.py:205} WARNING - Dependency <Task(BashOperator): delete_entry>, create_entry_gcs already registered for DAG: example_complex
[2023-03-11T12:35:53.986+0000] {logging_mixin.py:137} INFO - [2023-03-11T12:35:53.986+0000] {taskmixin.py:205} WARNING - Dependency <Task(BashOperator): create_tag>, delete_tag already registered for DAG: example_complex
[2023-03-11T12:35:53.986+0000] {logging_mixin.py:137} INFO - [2023-03-11T12:35:53.986+0000] {taskmixin.py:205} WARNING - Dependency <Task(BashOperator): delete_tag>, create_tag already registered for DAG: example_complex
[2023-03-11T12:35:53.993+0000] {processor.py:753} INFO - DAG(s) dict_keys(['example_complex']) retrieved from /home/airflow/.local/lib/python3.7/site-packages/airflow/example_dags/example_complex.py
[2023-03-11T12:35:54.026+0000] {logging_mixin.py:137} INFO - [2023-03-11T12:35:54.026+0000] {dag.py:2690} INFO - Sync 1 DAGs
[2023-03-11T12:35:54.053+0000] {logging_mixin.py:137} INFO - [2023-03-11T12:35:54.053+0000] {dag.py:3441} INFO - Setting next_dagrun for example_complex to None, run_after=None
[2023-03-11T12:35:54.072+0000] {processor.py:175} INFO - Processing /home/airflow/.local/lib/python3.7/site-packages/airflow/example_dags/example_complex.py took 0.103 seconds
[2023-03-11T12:36:24.656+0000] {processor.py:153} INFO - Started process (PID=1036) to work on /home/airflow/.local/lib/python3.7/site-packages/airflow/example_dags/example_complex.py
[2023-03-11T12:36:24.658+0000] {processor.py:743} INFO - Processing file /home/airflow/.local/lib/python3.7/site-packages/airflow/example_dags/example_complex.py for tasks to queue
[2023-03-11T12:36:24.659+0000] {logging_mixin.py:137} INFO - [2023-03-11T12:36:24.658+0000] {dagbag.py:538} INFO - Filling up the DagBag from /home/airflow/.local/lib/python3.7/site-packages/airflow/example_dags/example_complex.py
[2023-03-11T12:36:24.671+0000] {logging_mixin.py:137} INFO - [2023-03-11T12:36:24.671+0000] {taskmixin.py:205} WARNING - Dependency <Task(BashOperator): create_entry_group>, delete_entry_group already registered for DAG: example_complex
[2023-03-11T12:36:24.671+0000] {logging_mixin.py:137} INFO - [2023-03-11T12:36:24.671+0000] {taskmixin.py:205} WARNING - Dependency <Task(BashOperator): delete_entry_group>, create_entry_group already registered for DAG: example_complex
[2023-03-11T12:36:24.671+0000] {logging_mixin.py:137} INFO - [2023-03-11T12:36:24.671+0000] {taskmixin.py:205} WARNING - Dependency <Task(BashOperator): create_entry_gcs>, delete_entry already registered for DAG: example_complex
[2023-03-11T12:36:24.671+0000] {logging_mixin.py:137} INFO - [2023-03-11T12:36:24.671+0000] {taskmixin.py:205} WARNING - Dependency <Task(BashOperator): delete_entry>, create_entry_gcs already registered for DAG: example_complex
[2023-03-11T12:36:24.672+0000] {logging_mixin.py:137} INFO - [2023-03-11T12:36:24.672+0000] {taskmixin.py:205} WARNING - Dependency <Task(BashOperator): create_tag>, delete_tag already registered for DAG: example_complex
[2023-03-11T12:36:24.672+0000] {logging_mixin.py:137} INFO - [2023-03-11T12:36:24.672+0000] {taskmixin.py:205} WARNING - Dependency <Task(BashOperator): delete_tag>, create_tag already registered for DAG: example_complex
[2023-03-11T12:36:24.681+0000] {processor.py:753} INFO - DAG(s) dict_keys(['example_complex']) retrieved from /home/airflow/.local/lib/python3.7/site-packages/airflow/example_dags/example_complex.py
[2023-03-11T12:36:24.714+0000] {logging_mixin.py:137} INFO - [2023-03-11T12:36:24.714+0000] {dag.py:2690} INFO - Sync 1 DAGs
[2023-03-11T12:36:24.741+0000] {logging_mixin.py:137} INFO - [2023-03-11T12:36:24.741+0000] {dag.py:3441} INFO - Setting next_dagrun for example_complex to None, run_after=None
[2023-03-11T12:36:24.759+0000] {processor.py:175} INFO - Processing /home/airflow/.local/lib/python3.7/site-packages/airflow/example_dags/example_complex.py took 0.108 seconds
[2023-03-11T12:36:55.150+0000] {processor.py:153} INFO - Started process (PID=1147) to work on /home/airflow/.local/lib/python3.7/site-packages/airflow/example_dags/example_complex.py
[2023-03-11T12:36:55.151+0000] {processor.py:743} INFO - Processing file /home/airflow/.local/lib/python3.7/site-packages/airflow/example_dags/example_complex.py for tasks to queue
[2023-03-11T12:36:55.152+0000] {logging_mixin.py:137} INFO - [2023-03-11T12:36:55.152+0000] {dagbag.py:538} INFO - Filling up the DagBag from /home/airflow/.local/lib/python3.7/site-packages/airflow/example_dags/example_complex.py
[2023-03-11T12:36:55.163+0000] {logging_mixin.py:137} INFO - [2023-03-11T12:36:55.163+0000] {taskmixin.py:205} WARNING - Dependency <Task(BashOperator): create_entry_group>, delete_entry_group already registered for DAG: example_complex
[2023-03-11T12:36:55.163+0000] {logging_mixin.py:137} INFO - [2023-03-11T12:36:55.163+0000] {taskmixin.py:205} WARNING - Dependency <Task(BashOperator): delete_entry_group>, create_entry_group already registered for DAG: example_complex
[2023-03-11T12:36:55.164+0000] {logging_mixin.py:137} INFO - [2023-03-11T12:36:55.164+0000] {taskmixin.py:205} WARNING - Dependency <Task(BashOperator): create_entry_gcs>, delete_entry already registered for DAG: example_complex
[2023-03-11T12:36:55.164+0000] {logging_mixin.py:137} INFO - [2023-03-11T12:36:55.164+0000] {taskmixin.py:205} WARNING - Dependency <Task(BashOperator): delete_entry>, create_entry_gcs already registered for DAG: example_complex
[2023-03-11T12:36:55.165+0000] {logging_mixin.py:137} INFO - [2023-03-11T12:36:55.164+0000] {taskmixin.py:205} WARNING - Dependency <Task(BashOperator): create_tag>, delete_tag already registered for DAG: example_complex
[2023-03-11T12:36:55.165+0000] {logging_mixin.py:137} INFO - [2023-03-11T12:36:55.165+0000] {taskmixin.py:205} WARNING - Dependency <Task(BashOperator): delete_tag>, create_tag already registered for DAG: example_complex
[2023-03-11T12:36:55.173+0000] {processor.py:753} INFO - DAG(s) dict_keys(['example_complex']) retrieved from /home/airflow/.local/lib/python3.7/site-packages/airflow/example_dags/example_complex.py
[2023-03-11T12:36:55.205+0000] {logging_mixin.py:137} INFO - [2023-03-11T12:36:55.205+0000] {dag.py:2690} INFO - Sync 1 DAGs
[2023-03-11T12:36:55.230+0000] {logging_mixin.py:137} INFO - [2023-03-11T12:36:55.230+0000] {dag.py:3441} INFO - Setting next_dagrun for example_complex to None, run_after=None
[2023-03-11T12:36:55.249+0000] {processor.py:175} INFO - Processing /home/airflow/.local/lib/python3.7/site-packages/airflow/example_dags/example_complex.py took 0.102 seconds
[2023-03-11T12:37:25.677+0000] {processor.py:153} INFO - Started process (PID=1234) to work on /home/airflow/.local/lib/python3.7/site-packages/airflow/example_dags/example_complex.py
[2023-03-11T12:37:25.678+0000] {processor.py:743} INFO - Processing file /home/airflow/.local/lib/python3.7/site-packages/airflow/example_dags/example_complex.py for tasks to queue
[2023-03-11T12:37:25.679+0000] {logging_mixin.py:137} INFO - [2023-03-11T12:37:25.679+0000] {dagbag.py:538} INFO - Filling up the DagBag from /home/airflow/.local/lib/python3.7/site-packages/airflow/example_dags/example_complex.py
[2023-03-11T12:37:25.691+0000] {logging_mixin.py:137} INFO - [2023-03-11T12:37:25.691+0000] {taskmixin.py:205} WARNING - Dependency <Task(BashOperator): create_entry_group>, delete_entry_group already registered for DAG: example_complex
[2023-03-11T12:37:25.691+0000] {logging_mixin.py:137} INFO - [2023-03-11T12:37:25.691+0000] {taskmixin.py:205} WARNING - Dependency <Task(BashOperator): delete_entry_group>, create_entry_group already registered for DAG: example_complex
[2023-03-11T12:37:25.691+0000] {logging_mixin.py:137} INFO - [2023-03-11T12:37:25.691+0000] {taskmixin.py:205} WARNING - Dependency <Task(BashOperator): create_entry_gcs>, delete_entry already registered for DAG: example_complex
[2023-03-11T12:37:25.692+0000] {logging_mixin.py:137} INFO - [2023-03-11T12:37:25.691+0000] {taskmixin.py:205} WARNING - Dependency <Task(BashOperator): delete_entry>, create_entry_gcs already registered for DAG: example_complex
[2023-03-11T12:37:25.692+0000] {logging_mixin.py:137} INFO - [2023-03-11T12:37:25.692+0000] {taskmixin.py:205} WARNING - Dependency <Task(BashOperator): create_tag>, delete_tag already registered for DAG: example_complex
[2023-03-11T12:37:25.692+0000] {logging_mixin.py:137} INFO - [2023-03-11T12:37:25.692+0000] {taskmixin.py:205} WARNING - Dependency <Task(BashOperator): delete_tag>, create_tag already registered for DAG: example_complex
[2023-03-11T12:37:25.699+0000] {processor.py:753} INFO - DAG(s) dict_keys(['example_complex']) retrieved from /home/airflow/.local/lib/python3.7/site-packages/airflow/example_dags/example_complex.py
[2023-03-11T12:37:25.735+0000] {logging_mixin.py:137} INFO - [2023-03-11T12:37:25.735+0000] {dag.py:2690} INFO - Sync 1 DAGs
[2023-03-11T12:37:25.763+0000] {logging_mixin.py:137} INFO - [2023-03-11T12:37:25.763+0000] {dag.py:3441} INFO - Setting next_dagrun for example_complex to None, run_after=None
[2023-03-11T12:37:25.786+0000] {processor.py:175} INFO - Processing /home/airflow/.local/lib/python3.7/site-packages/airflow/example_dags/example_complex.py took 0.112 seconds
[2023-03-11T12:37:56.712+0000] {processor.py:153} INFO - Started process (PID=1330) to work on /home/airflow/.local/lib/python3.7/site-packages/airflow/example_dags/example_complex.py
[2023-03-11T12:37:56.713+0000] {processor.py:743} INFO - Processing file /home/airflow/.local/lib/python3.7/site-packages/airflow/example_dags/example_complex.py for tasks to queue
[2023-03-11T12:37:56.713+0000] {logging_mixin.py:137} INFO - [2023-03-11T12:37:56.713+0000] {dagbag.py:538} INFO - Filling up the DagBag from /home/airflow/.local/lib/python3.7/site-packages/airflow/example_dags/example_complex.py
[2023-03-11T12:37:56.724+0000] {logging_mixin.py:137} INFO - [2023-03-11T12:37:56.724+0000] {taskmixin.py:205} WARNING - Dependency <Task(BashOperator): create_entry_group>, delete_entry_group already registered for DAG: example_complex
[2023-03-11T12:37:56.725+0000] {logging_mixin.py:137} INFO - [2023-03-11T12:37:56.725+0000] {taskmixin.py:205} WARNING - Dependency <Task(BashOperator): delete_entry_group>, create_entry_group already registered for DAG: example_complex
[2023-03-11T12:37:56.725+0000] {logging_mixin.py:137} INFO - [2023-03-11T12:37:56.725+0000] {taskmixin.py:205} WARNING - Dependency <Task(BashOperator): create_entry_gcs>, delete_entry already registered for DAG: example_complex
[2023-03-11T12:37:56.725+0000] {logging_mixin.py:137} INFO - [2023-03-11T12:37:56.725+0000] {taskmixin.py:205} WARNING - Dependency <Task(BashOperator): delete_entry>, create_entry_gcs already registered for DAG: example_complex
[2023-03-11T12:37:56.725+0000] {logging_mixin.py:137} INFO - [2023-03-11T12:37:56.725+0000] {taskmixin.py:205} WARNING - Dependency <Task(BashOperator): create_tag>, delete_tag already registered for DAG: example_complex
[2023-03-11T12:37:56.726+0000] {logging_mixin.py:137} INFO - [2023-03-11T12:37:56.725+0000] {taskmixin.py:205} WARNING - Dependency <Task(BashOperator): delete_tag>, create_tag already registered for DAG: example_complex
[2023-03-11T12:37:56.733+0000] {processor.py:753} INFO - DAG(s) dict_keys(['example_complex']) retrieved from /home/airflow/.local/lib/python3.7/site-packages/airflow/example_dags/example_complex.py
[2023-03-11T12:37:56.763+0000] {logging_mixin.py:137} INFO - [2023-03-11T12:37:56.763+0000] {dag.py:2690} INFO - Sync 1 DAGs
[2023-03-11T12:37:56.789+0000] {logging_mixin.py:137} INFO - [2023-03-11T12:37:56.789+0000] {dag.py:3441} INFO - Setting next_dagrun for example_complex to None, run_after=None
[2023-03-11T12:37:56.806+0000] {processor.py:175} INFO - Processing /home/airflow/.local/lib/python3.7/site-packages/airflow/example_dags/example_complex.py took 0.097 seconds
[2023-03-11T12:38:27.079+0000] {processor.py:153} INFO - Started process (PID=1431) to work on /home/airflow/.local/lib/python3.7/site-packages/airflow/example_dags/example_complex.py
[2023-03-11T12:38:27.080+0000] {processor.py:743} INFO - Processing file /home/airflow/.local/lib/python3.7/site-packages/airflow/example_dags/example_complex.py for tasks to queue
[2023-03-11T12:38:27.080+0000] {logging_mixin.py:137} INFO - [2023-03-11T12:38:27.080+0000] {dagbag.py:538} INFO - Filling up the DagBag from /home/airflow/.local/lib/python3.7/site-packages/airflow/example_dags/example_complex.py
[2023-03-11T12:38:27.092+0000] {logging_mixin.py:137} INFO - [2023-03-11T12:38:27.092+0000] {taskmixin.py:205} WARNING - Dependency <Task(BashOperator): create_entry_group>, delete_entry_group already registered for DAG: example_complex
[2023-03-11T12:38:27.093+0000] {logging_mixin.py:137} INFO - [2023-03-11T12:38:27.093+0000] {taskmixin.py:205} WARNING - Dependency <Task(BashOperator): delete_entry_group>, create_entry_group already registered for DAG: example_complex
[2023-03-11T12:38:27.093+0000] {logging_mixin.py:137} INFO - [2023-03-11T12:38:27.093+0000] {taskmixin.py:205} WARNING - Dependency <Task(BashOperator): create_entry_gcs>, delete_entry already registered for DAG: example_complex
[2023-03-11T12:38:27.093+0000] {logging_mixin.py:137} INFO - [2023-03-11T12:38:27.093+0000] {taskmixin.py:205} WARNING - Dependency <Task(BashOperator): delete_entry>, create_entry_gcs already registered for DAG: example_complex
[2023-03-11T12:38:27.093+0000] {logging_mixin.py:137} INFO - [2023-03-11T12:38:27.093+0000] {taskmixin.py:205} WARNING - Dependency <Task(BashOperator): create_tag>, delete_tag already registered for DAG: example_complex
[2023-03-11T12:38:27.094+0000] {logging_mixin.py:137} INFO - [2023-03-11T12:38:27.094+0000] {taskmixin.py:205} WARNING - Dependency <Task(BashOperator): delete_tag>, create_tag already registered for DAG: example_complex
[2023-03-11T12:38:27.101+0000] {processor.py:753} INFO - DAG(s) dict_keys(['example_complex']) retrieved from /home/airflow/.local/lib/python3.7/site-packages/airflow/example_dags/example_complex.py
[2023-03-11T12:38:27.136+0000] {logging_mixin.py:137} INFO - [2023-03-11T12:38:27.135+0000] {dag.py:2690} INFO - Sync 1 DAGs
[2023-03-11T12:38:27.162+0000] {logging_mixin.py:137} INFO - [2023-03-11T12:38:27.162+0000] {dag.py:3441} INFO - Setting next_dagrun for example_complex to None, run_after=None
[2023-03-11T12:38:27.181+0000] {processor.py:175} INFO - Processing /home/airflow/.local/lib/python3.7/site-packages/airflow/example_dags/example_complex.py took 0.105 seconds
[2023-03-11T12:38:58.145+0000] {processor.py:153} INFO - Started process (PID=1518) to work on /home/airflow/.local/lib/python3.7/site-packages/airflow/example_dags/example_complex.py
[2023-03-11T12:38:58.147+0000] {processor.py:743} INFO - Processing file /home/airflow/.local/lib/python3.7/site-packages/airflow/example_dags/example_complex.py for tasks to queue
[2023-03-11T12:38:58.148+0000] {logging_mixin.py:137} INFO - [2023-03-11T12:38:58.148+0000] {dagbag.py:538} INFO - Filling up the DagBag from /home/airflow/.local/lib/python3.7/site-packages/airflow/example_dags/example_complex.py
[2023-03-11T12:38:58.161+0000] {logging_mixin.py:137} INFO - [2023-03-11T12:38:58.161+0000] {taskmixin.py:205} WARNING - Dependency <Task(BashOperator): create_entry_group>, delete_entry_group already registered for DAG: example_complex
[2023-03-11T12:38:58.161+0000] {logging_mixin.py:137} INFO - [2023-03-11T12:38:58.161+0000] {taskmixin.py:205} WARNING - Dependency <Task(BashOperator): delete_entry_group>, create_entry_group already registered for DAG: example_complex
[2023-03-11T12:38:58.162+0000] {logging_mixin.py:137} INFO - [2023-03-11T12:38:58.161+0000] {taskmixin.py:205} WARNING - Dependency <Task(BashOperator): create_entry_gcs>, delete_entry already registered for DAG: example_complex
[2023-03-11T12:38:58.162+0000] {logging_mixin.py:137} INFO - [2023-03-11T12:38:58.162+0000] {taskmixin.py:205} WARNING - Dependency <Task(BashOperator): delete_entry>, create_entry_gcs already registered for DAG: example_complex
[2023-03-11T12:38:58.162+0000] {logging_mixin.py:137} INFO - [2023-03-11T12:38:58.162+0000] {taskmixin.py:205} WARNING - Dependency <Task(BashOperator): create_tag>, delete_tag already registered for DAG: example_complex
[2023-03-11T12:38:58.162+0000] {logging_mixin.py:137} INFO - [2023-03-11T12:38:58.162+0000] {taskmixin.py:205} WARNING - Dependency <Task(BashOperator): delete_tag>, create_tag already registered for DAG: example_complex
[2023-03-11T12:38:58.170+0000] {processor.py:753} INFO - DAG(s) dict_keys(['example_complex']) retrieved from /home/airflow/.local/lib/python3.7/site-packages/airflow/example_dags/example_complex.py
[2023-03-11T12:38:58.221+0000] {logging_mixin.py:137} INFO - [2023-03-11T12:38:58.220+0000] {dag.py:2690} INFO - Sync 1 DAGs
[2023-03-11T12:38:58.250+0000] {logging_mixin.py:137} INFO - [2023-03-11T12:38:58.250+0000] {dag.py:3441} INFO - Setting next_dagrun for example_complex to None, run_after=None
[2023-03-11T12:38:58.290+0000] {processor.py:175} INFO - Processing /home/airflow/.local/lib/python3.7/site-packages/airflow/example_dags/example_complex.py took 0.148 seconds
[2023-03-11T12:39:28.406+0000] {processor.py:153} INFO - Started process (PID=1614) to work on /home/airflow/.local/lib/python3.7/site-packages/airflow/example_dags/example_complex.py
[2023-03-11T12:39:28.407+0000] {processor.py:743} INFO - Processing file /home/airflow/.local/lib/python3.7/site-packages/airflow/example_dags/example_complex.py for tasks to queue
[2023-03-11T12:39:28.408+0000] {logging_mixin.py:137} INFO - [2023-03-11T12:39:28.408+0000] {dagbag.py:538} INFO - Filling up the DagBag from /home/airflow/.local/lib/python3.7/site-packages/airflow/example_dags/example_complex.py
[2023-03-11T12:39:28.419+0000] {logging_mixin.py:137} INFO - [2023-03-11T12:39:28.419+0000] {taskmixin.py:205} WARNING - Dependency <Task(BashOperator): create_entry_group>, delete_entry_group already registered for DAG: example_complex
[2023-03-11T12:39:28.419+0000] {logging_mixin.py:137} INFO - [2023-03-11T12:39:28.419+0000] {taskmixin.py:205} WARNING - Dependency <Task(BashOperator): delete_entry_group>, create_entry_group already registered for DAG: example_complex
[2023-03-11T12:39:28.420+0000] {logging_mixin.py:137} INFO - [2023-03-11T12:39:28.419+0000] {taskmixin.py:205} WARNING - Dependency <Task(BashOperator): create_entry_gcs>, delete_entry already registered for DAG: example_complex
[2023-03-11T12:39:28.420+0000] {logging_mixin.py:137} INFO - [2023-03-11T12:39:28.420+0000] {taskmixin.py:205} WARNING - Dependency <Task(BashOperator): delete_entry>, create_entry_gcs already registered for DAG: example_complex
[2023-03-11T12:39:28.420+0000] {logging_mixin.py:137} INFO - [2023-03-11T12:39:28.420+0000] {taskmixin.py:205} WARNING - Dependency <Task(BashOperator): create_tag>, delete_tag already registered for DAG: example_complex
[2023-03-11T12:39:28.420+0000] {logging_mixin.py:137} INFO - [2023-03-11T12:39:28.420+0000] {taskmixin.py:205} WARNING - Dependency <Task(BashOperator): delete_tag>, create_tag already registered for DAG: example_complex
[2023-03-11T12:39:28.427+0000] {processor.py:753} INFO - DAG(s) dict_keys(['example_complex']) retrieved from /home/airflow/.local/lib/python3.7/site-packages/airflow/example_dags/example_complex.py
[2023-03-11T12:39:28.459+0000] {logging_mixin.py:137} INFO - [2023-03-11T12:39:28.459+0000] {dag.py:2690} INFO - Sync 1 DAGs
[2023-03-11T12:39:28.484+0000] {logging_mixin.py:137} INFO - [2023-03-11T12:39:28.484+0000] {dag.py:3441} INFO - Setting next_dagrun for example_complex to None, run_after=None
[2023-03-11T12:39:28.510+0000] {processor.py:175} INFO - Processing /home/airflow/.local/lib/python3.7/site-packages/airflow/example_dags/example_complex.py took 0.107 seconds
[2023-03-11T12:39:58.851+0000] {processor.py:153} INFO - Started process (PID=1716) to work on /home/airflow/.local/lib/python3.7/site-packages/airflow/example_dags/example_complex.py
[2023-03-11T12:39:58.852+0000] {processor.py:743} INFO - Processing file /home/airflow/.local/lib/python3.7/site-packages/airflow/example_dags/example_complex.py for tasks to queue
[2023-03-11T12:39:58.853+0000] {logging_mixin.py:137} INFO - [2023-03-11T12:39:58.853+0000] {dagbag.py:538} INFO - Filling up the DagBag from /home/airflow/.local/lib/python3.7/site-packages/airflow/example_dags/example_complex.py
[2023-03-11T12:39:58.864+0000] {logging_mixin.py:137} INFO - [2023-03-11T12:39:58.863+0000] {taskmixin.py:205} WARNING - Dependency <Task(BashOperator): create_entry_group>, delete_entry_group already registered for DAG: example_complex
[2023-03-11T12:39:58.864+0000] {logging_mixin.py:137} INFO - [2023-03-11T12:39:58.864+0000] {taskmixin.py:205} WARNING - Dependency <Task(BashOperator): delete_entry_group>, create_entry_group already registered for DAG: example_complex
[2023-03-11T12:39:58.864+0000] {logging_mixin.py:137} INFO - [2023-03-11T12:39:58.864+0000] {taskmixin.py:205} WARNING - Dependency <Task(BashOperator): create_entry_gcs>, delete_entry already registered for DAG: example_complex
[2023-03-11T12:39:58.864+0000] {logging_mixin.py:137} INFO - [2023-03-11T12:39:58.864+0000] {taskmixin.py:205} WARNING - Dependency <Task(BashOperator): delete_entry>, create_entry_gcs already registered for DAG: example_complex
[2023-03-11T12:39:58.865+0000] {logging_mixin.py:137} INFO - [2023-03-11T12:39:58.865+0000] {taskmixin.py:205} WARNING - Dependency <Task(BashOperator): create_tag>, delete_tag already registered for DAG: example_complex
[2023-03-11T12:39:58.865+0000] {logging_mixin.py:137} INFO - [2023-03-11T12:39:58.865+0000] {taskmixin.py:205} WARNING - Dependency <Task(BashOperator): delete_tag>, create_tag already registered for DAG: example_complex
[2023-03-11T12:39:58.872+0000] {processor.py:753} INFO - DAG(s) dict_keys(['example_complex']) retrieved from /home/airflow/.local/lib/python3.7/site-packages/airflow/example_dags/example_complex.py
[2023-03-11T12:39:58.902+0000] {logging_mixin.py:137} INFO - [2023-03-11T12:39:58.902+0000] {dag.py:2690} INFO - Sync 1 DAGs
[2023-03-11T12:39:58.927+0000] {logging_mixin.py:137} INFO - [2023-03-11T12:39:58.927+0000] {dag.py:3441} INFO - Setting next_dagrun for example_complex to None, run_after=None
[2023-03-11T12:39:58.945+0000] {processor.py:175} INFO - Processing /home/airflow/.local/lib/python3.7/site-packages/airflow/example_dags/example_complex.py took 0.096 seconds
[2023-03-11T12:40:29.891+0000] {processor.py:153} INFO - Started process (PID=1803) to work on /home/airflow/.local/lib/python3.7/site-packages/airflow/example_dags/example_complex.py
[2023-03-11T12:40:29.892+0000] {processor.py:743} INFO - Processing file /home/airflow/.local/lib/python3.7/site-packages/airflow/example_dags/example_complex.py for tasks to queue
[2023-03-11T12:40:29.893+0000] {logging_mixin.py:137} INFO - [2023-03-11T12:40:29.893+0000] {dagbag.py:538} INFO - Filling up the DagBag from /home/airflow/.local/lib/python3.7/site-packages/airflow/example_dags/example_complex.py
[2023-03-11T12:40:29.906+0000] {logging_mixin.py:137} INFO - [2023-03-11T12:40:29.906+0000] {taskmixin.py:205} WARNING - Dependency <Task(BashOperator): create_entry_group>, delete_entry_group already registered for DAG: example_complex
[2023-03-11T12:40:29.907+0000] {logging_mixin.py:137} INFO - [2023-03-11T12:40:29.907+0000] {taskmixin.py:205} WARNING - Dependency <Task(BashOperator): delete_entry_group>, create_entry_group already registered for DAG: example_complex
[2023-03-11T12:40:29.907+0000] {logging_mixin.py:137} INFO - [2023-03-11T12:40:29.907+0000] {taskmixin.py:205} WARNING - Dependency <Task(BashOperator): create_entry_gcs>, delete_entry already registered for DAG: example_complex
[2023-03-11T12:40:29.907+0000] {logging_mixin.py:137} INFO - [2023-03-11T12:40:29.907+0000] {taskmixin.py:205} WARNING - Dependency <Task(BashOperator): delete_entry>, create_entry_gcs already registered for DAG: example_complex
[2023-03-11T12:40:29.908+0000] {logging_mixin.py:137} INFO - [2023-03-11T12:40:29.907+0000] {taskmixin.py:205} WARNING - Dependency <Task(BashOperator): create_tag>, delete_tag already registered for DAG: example_complex
[2023-03-11T12:40:29.908+0000] {logging_mixin.py:137} INFO - [2023-03-11T12:40:29.908+0000] {taskmixin.py:205} WARNING - Dependency <Task(BashOperator): delete_tag>, create_tag already registered for DAG: example_complex
[2023-03-11T12:40:29.915+0000] {processor.py:753} INFO - DAG(s) dict_keys(['example_complex']) retrieved from /home/airflow/.local/lib/python3.7/site-packages/airflow/example_dags/example_complex.py
[2023-03-11T12:40:29.962+0000] {logging_mixin.py:137} INFO - [2023-03-11T12:40:29.962+0000] {dag.py:2690} INFO - Sync 1 DAGs
[2023-03-11T12:40:29.998+0000] {logging_mixin.py:137} INFO - [2023-03-11T12:40:29.998+0000] {dag.py:3441} INFO - Setting next_dagrun for example_complex to None, run_after=None
[2023-03-11T12:40:30.018+0000] {processor.py:175} INFO - Processing /home/airflow/.local/lib/python3.7/site-packages/airflow/example_dags/example_complex.py took 0.130 seconds
[2023-03-11T12:41:00.787+0000] {processor.py:153} INFO - Started process (PID=1914) to work on /home/airflow/.local/lib/python3.7/site-packages/airflow/example_dags/example_complex.py
[2023-03-11T12:41:00.788+0000] {processor.py:743} INFO - Processing file /home/airflow/.local/lib/python3.7/site-packages/airflow/example_dags/example_complex.py for tasks to queue
[2023-03-11T12:41:00.789+0000] {logging_mixin.py:137} INFO - [2023-03-11T12:41:00.789+0000] {dagbag.py:538} INFO - Filling up the DagBag from /home/airflow/.local/lib/python3.7/site-packages/airflow/example_dags/example_complex.py
[2023-03-11T12:41:00.800+0000] {logging_mixin.py:137} INFO - [2023-03-11T12:41:00.800+0000] {taskmixin.py:205} WARNING - Dependency <Task(BashOperator): create_entry_group>, delete_entry_group already registered for DAG: example_complex
[2023-03-11T12:41:00.800+0000] {logging_mixin.py:137} INFO - [2023-03-11T12:41:00.800+0000] {taskmixin.py:205} WARNING - Dependency <Task(BashOperator): delete_entry_group>, create_entry_group already registered for DAG: example_complex
[2023-03-11T12:41:00.800+0000] {logging_mixin.py:137} INFO - [2023-03-11T12:41:00.800+0000] {taskmixin.py:205} WARNING - Dependency <Task(BashOperator): create_entry_gcs>, delete_entry already registered for DAG: example_complex
[2023-03-11T12:41:00.801+0000] {logging_mixin.py:137} INFO - [2023-03-11T12:41:00.801+0000] {taskmixin.py:205} WARNING - Dependency <Task(BashOperator): delete_entry>, create_entry_gcs already registered for DAG: example_complex
[2023-03-11T12:41:00.801+0000] {logging_mixin.py:137} INFO - [2023-03-11T12:41:00.801+0000] {taskmixin.py:205} WARNING - Dependency <Task(BashOperator): create_tag>, delete_tag already registered for DAG: example_complex
[2023-03-11T12:41:00.801+0000] {logging_mixin.py:137} INFO - [2023-03-11T12:41:00.801+0000] {taskmixin.py:205} WARNING - Dependency <Task(BashOperator): delete_tag>, create_tag already registered for DAG: example_complex
[2023-03-11T12:41:00.808+0000] {processor.py:753} INFO - DAG(s) dict_keys(['example_complex']) retrieved from /home/airflow/.local/lib/python3.7/site-packages/airflow/example_dags/example_complex.py
[2023-03-11T12:41:00.841+0000] {logging_mixin.py:137} INFO - [2023-03-11T12:41:00.841+0000] {dag.py:2690} INFO - Sync 1 DAGs
[2023-03-11T12:41:00.866+0000] {logging_mixin.py:137} INFO - [2023-03-11T12:41:00.866+0000] {dag.py:3441} INFO - Setting next_dagrun for example_complex to None, run_after=None
[2023-03-11T12:41:00.885+0000] {processor.py:175} INFO - Processing /home/airflow/.local/lib/python3.7/site-packages/airflow/example_dags/example_complex.py took 0.100 seconds
[2023-03-11T12:41:31.501+0000] {processor.py:153} INFO - Started process (PID=2001) to work on /home/airflow/.local/lib/python3.7/site-packages/airflow/example_dags/example_complex.py
[2023-03-11T12:41:31.502+0000] {processor.py:743} INFO - Processing file /home/airflow/.local/lib/python3.7/site-packages/airflow/example_dags/example_complex.py for tasks to queue
[2023-03-11T12:41:31.503+0000] {logging_mixin.py:137} INFO - [2023-03-11T12:41:31.503+0000] {dagbag.py:538} INFO - Filling up the DagBag from /home/airflow/.local/lib/python3.7/site-packages/airflow/example_dags/example_complex.py
[2023-03-11T12:41:31.520+0000] {logging_mixin.py:137} INFO - [2023-03-11T12:41:31.520+0000] {taskmixin.py:205} WARNING - Dependency <Task(BashOperator): create_entry_group>, delete_entry_group already registered for DAG: example_complex
[2023-03-11T12:41:31.520+0000] {logging_mixin.py:137} INFO - [2023-03-11T12:41:31.520+0000] {taskmixin.py:205} WARNING - Dependency <Task(BashOperator): delete_entry_group>, create_entry_group already registered for DAG: example_complex
[2023-03-11T12:41:31.521+0000] {logging_mixin.py:137} INFO - [2023-03-11T12:41:31.521+0000] {taskmixin.py:205} WARNING - Dependency <Task(BashOperator): create_entry_gcs>, delete_entry already registered for DAG: example_complex
[2023-03-11T12:41:31.521+0000] {logging_mixin.py:137} INFO - [2023-03-11T12:41:31.521+0000] {taskmixin.py:205} WARNING - Dependency <Task(BashOperator): delete_entry>, create_entry_gcs already registered for DAG: example_complex
[2023-03-11T12:41:31.522+0000] {logging_mixin.py:137} INFO - [2023-03-11T12:41:31.522+0000] {taskmixin.py:205} WARNING - Dependency <Task(BashOperator): create_tag>, delete_tag already registered for DAG: example_complex
[2023-03-11T12:41:31.522+0000] {logging_mixin.py:137} INFO - [2023-03-11T12:41:31.522+0000] {taskmixin.py:205} WARNING - Dependency <Task(BashOperator): delete_tag>, create_tag already registered for DAG: example_complex
[2023-03-11T12:41:31.533+0000] {processor.py:753} INFO - DAG(s) dict_keys(['example_complex']) retrieved from /home/airflow/.local/lib/python3.7/site-packages/airflow/example_dags/example_complex.py
[2023-03-11T12:41:31.572+0000] {logging_mixin.py:137} INFO - [2023-03-11T12:41:31.572+0000] {dag.py:2690} INFO - Sync 1 DAGs
[2023-03-11T12:41:31.602+0000] {logging_mixin.py:137} INFO - [2023-03-11T12:41:31.602+0000] {dag.py:3441} INFO - Setting next_dagrun for example_complex to None, run_after=None
[2023-03-11T12:41:31.625+0000] {processor.py:175} INFO - Processing /home/airflow/.local/lib/python3.7/site-packages/airflow/example_dags/example_complex.py took 0.128 seconds
[2023-03-11T12:42:02.289+0000] {processor.py:153} INFO - Started process (PID=2097) to work on /home/airflow/.local/lib/python3.7/site-packages/airflow/example_dags/example_complex.py
[2023-03-11T12:42:02.290+0000] {processor.py:743} INFO - Processing file /home/airflow/.local/lib/python3.7/site-packages/airflow/example_dags/example_complex.py for tasks to queue
[2023-03-11T12:42:02.291+0000] {logging_mixin.py:137} INFO - [2023-03-11T12:42:02.291+0000] {dagbag.py:538} INFO - Filling up the DagBag from /home/airflow/.local/lib/python3.7/site-packages/airflow/example_dags/example_complex.py
[2023-03-11T12:42:02.302+0000] {logging_mixin.py:137} INFO - [2023-03-11T12:42:02.302+0000] {taskmixin.py:205} WARNING - Dependency <Task(BashOperator): create_entry_group>, delete_entry_group already registered for DAG: example_complex
[2023-03-11T12:42:02.302+0000] {logging_mixin.py:137} INFO - [2023-03-11T12:42:02.302+0000] {taskmixin.py:205} WARNING - Dependency <Task(BashOperator): delete_entry_group>, create_entry_group already registered for DAG: example_complex
[2023-03-11T12:42:02.303+0000] {logging_mixin.py:137} INFO - [2023-03-11T12:42:02.302+0000] {taskmixin.py:205} WARNING - Dependency <Task(BashOperator): create_entry_gcs>, delete_entry already registered for DAG: example_complex
[2023-03-11T12:42:02.303+0000] {logging_mixin.py:137} INFO - [2023-03-11T12:42:02.303+0000] {taskmixin.py:205} WARNING - Dependency <Task(BashOperator): delete_entry>, create_entry_gcs already registered for DAG: example_complex
[2023-03-11T12:42:02.303+0000] {logging_mixin.py:137} INFO - [2023-03-11T12:42:02.303+0000] {taskmixin.py:205} WARNING - Dependency <Task(BashOperator): create_tag>, delete_tag already registered for DAG: example_complex
[2023-03-11T12:42:02.303+0000] {logging_mixin.py:137} INFO - [2023-03-11T12:42:02.303+0000] {taskmixin.py:205} WARNING - Dependency <Task(BashOperator): delete_tag>, create_tag already registered for DAG: example_complex
[2023-03-11T12:42:02.310+0000] {processor.py:753} INFO - DAG(s) dict_keys(['example_complex']) retrieved from /home/airflow/.local/lib/python3.7/site-packages/airflow/example_dags/example_complex.py
[2023-03-11T12:42:02.342+0000] {logging_mixin.py:137} INFO - [2023-03-11T12:42:02.342+0000] {dag.py:2690} INFO - Sync 1 DAGs
[2023-03-11T12:42:02.371+0000] {logging_mixin.py:137} INFO - [2023-03-11T12:42:02.371+0000] {dag.py:3441} INFO - Setting next_dagrun for example_complex to None, run_after=None
[2023-03-11T12:42:02.391+0000] {processor.py:175} INFO - Processing /home/airflow/.local/lib/python3.7/site-packages/airflow/example_dags/example_complex.py took 0.105 seconds
[2023-03-11T12:42:32.951+0000] {processor.py:153} INFO - Started process (PID=2199) to work on /home/airflow/.local/lib/python3.7/site-packages/airflow/example_dags/example_complex.py
[2023-03-11T12:42:32.952+0000] {processor.py:743} INFO - Processing file /home/airflow/.local/lib/python3.7/site-packages/airflow/example_dags/example_complex.py for tasks to queue
[2023-03-11T12:42:32.953+0000] {logging_mixin.py:137} INFO - [2023-03-11T12:42:32.952+0000] {dagbag.py:538} INFO - Filling up the DagBag from /home/airflow/.local/lib/python3.7/site-packages/airflow/example_dags/example_complex.py
[2023-03-11T12:42:32.964+0000] {logging_mixin.py:137} INFO - [2023-03-11T12:42:32.964+0000] {taskmixin.py:205} WARNING - Dependency <Task(BashOperator): create_entry_group>, delete_entry_group already registered for DAG: example_complex
[2023-03-11T12:42:32.964+0000] {logging_mixin.py:137} INFO - [2023-03-11T12:42:32.964+0000] {taskmixin.py:205} WARNING - Dependency <Task(BashOperator): delete_entry_group>, create_entry_group already registered for DAG: example_complex
[2023-03-11T12:42:32.965+0000] {logging_mixin.py:137} INFO - [2023-03-11T12:42:32.964+0000] {taskmixin.py:205} WARNING - Dependency <Task(BashOperator): create_entry_gcs>, delete_entry already registered for DAG: example_complex
[2023-03-11T12:42:32.965+0000] {logging_mixin.py:137} INFO - [2023-03-11T12:42:32.965+0000] {taskmixin.py:205} WARNING - Dependency <Task(BashOperator): delete_entry>, create_entry_gcs already registered for DAG: example_complex
[2023-03-11T12:42:32.965+0000] {logging_mixin.py:137} INFO - [2023-03-11T12:42:32.965+0000] {taskmixin.py:205} WARNING - Dependency <Task(BashOperator): create_tag>, delete_tag already registered for DAG: example_complex
[2023-03-11T12:42:32.965+0000] {logging_mixin.py:137} INFO - [2023-03-11T12:42:32.965+0000] {taskmixin.py:205} WARNING - Dependency <Task(BashOperator): delete_tag>, create_tag already registered for DAG: example_complex
[2023-03-11T12:42:32.973+0000] {processor.py:753} INFO - DAG(s) dict_keys(['example_complex']) retrieved from /home/airflow/.local/lib/python3.7/site-packages/airflow/example_dags/example_complex.py
[2023-03-11T12:42:33.010+0000] {logging_mixin.py:137} INFO - [2023-03-11T12:42:33.010+0000] {dag.py:2690} INFO - Sync 1 DAGs
[2023-03-11T12:42:33.042+0000] {logging_mixin.py:137} INFO - [2023-03-11T12:42:33.042+0000] {dag.py:3441} INFO - Setting next_dagrun for example_complex to None, run_after=None
[2023-03-11T12:42:33.067+0000] {processor.py:175} INFO - Processing /home/airflow/.local/lib/python3.7/site-packages/airflow/example_dags/example_complex.py took 0.118 seconds
[2023-03-11T12:43:03.566+0000] {processor.py:153} INFO - Started process (PID=2286) to work on /home/airflow/.local/lib/python3.7/site-packages/airflow/example_dags/example_complex.py
[2023-03-11T12:43:03.566+0000] {processor.py:743} INFO - Processing file /home/airflow/.local/lib/python3.7/site-packages/airflow/example_dags/example_complex.py for tasks to queue
[2023-03-11T12:43:03.567+0000] {logging_mixin.py:137} INFO - [2023-03-11T12:43:03.567+0000] {dagbag.py:538} INFO - Filling up the DagBag from /home/airflow/.local/lib/python3.7/site-packages/airflow/example_dags/example_complex.py
[2023-03-11T12:43:03.578+0000] {logging_mixin.py:137} INFO - [2023-03-11T12:43:03.578+0000] {taskmixin.py:205} WARNING - Dependency <Task(BashOperator): create_entry_group>, delete_entry_group already registered for DAG: example_complex
[2023-03-11T12:43:03.578+0000] {logging_mixin.py:137} INFO - [2023-03-11T12:43:03.578+0000] {taskmixin.py:205} WARNING - Dependency <Task(BashOperator): delete_entry_group>, create_entry_group already registered for DAG: example_complex
[2023-03-11T12:43:03.579+0000] {logging_mixin.py:137} INFO - [2023-03-11T12:43:03.578+0000] {taskmixin.py:205} WARNING - Dependency <Task(BashOperator): create_entry_gcs>, delete_entry already registered for DAG: example_complex
[2023-03-11T12:43:03.579+0000] {logging_mixin.py:137} INFO - [2023-03-11T12:43:03.579+0000] {taskmixin.py:205} WARNING - Dependency <Task(BashOperator): delete_entry>, create_entry_gcs already registered for DAG: example_complex
[2023-03-11T12:43:03.579+0000] {logging_mixin.py:137} INFO - [2023-03-11T12:43:03.579+0000] {taskmixin.py:205} WARNING - Dependency <Task(BashOperator): create_tag>, delete_tag already registered for DAG: example_complex
[2023-03-11T12:43:03.579+0000] {logging_mixin.py:137} INFO - [2023-03-11T12:43:03.579+0000] {taskmixin.py:205} WARNING - Dependency <Task(BashOperator): delete_tag>, create_tag already registered for DAG: example_complex
[2023-03-11T12:43:03.586+0000] {processor.py:753} INFO - DAG(s) dict_keys(['example_complex']) retrieved from /home/airflow/.local/lib/python3.7/site-packages/airflow/example_dags/example_complex.py
[2023-03-11T12:43:03.617+0000] {logging_mixin.py:137} INFO - [2023-03-11T12:43:03.617+0000] {dag.py:2690} INFO - Sync 1 DAGs
[2023-03-11T12:43:03.643+0000] {logging_mixin.py:137} INFO - [2023-03-11T12:43:03.643+0000] {dag.py:3441} INFO - Setting next_dagrun for example_complex to None, run_after=None
[2023-03-11T12:43:03.662+0000] {processor.py:175} INFO - Processing /home/airflow/.local/lib/python3.7/site-packages/airflow/example_dags/example_complex.py took 0.099 seconds
[2023-03-11T12:43:34.232+0000] {processor.py:153} INFO - Started process (PID=2397) to work on /home/airflow/.local/lib/python3.7/site-packages/airflow/example_dags/example_complex.py
[2023-03-11T12:43:34.233+0000] {processor.py:743} INFO - Processing file /home/airflow/.local/lib/python3.7/site-packages/airflow/example_dags/example_complex.py for tasks to queue
[2023-03-11T12:43:34.234+0000] {logging_mixin.py:137} INFO - [2023-03-11T12:43:34.234+0000] {dagbag.py:538} INFO - Filling up the DagBag from /home/airflow/.local/lib/python3.7/site-packages/airflow/example_dags/example_complex.py
[2023-03-11T12:43:34.245+0000] {logging_mixin.py:137} INFO - [2023-03-11T12:43:34.245+0000] {taskmixin.py:205} WARNING - Dependency <Task(BashOperator): create_entry_group>, delete_entry_group already registered for DAG: example_complex
[2023-03-11T12:43:34.245+0000] {logging_mixin.py:137} INFO - [2023-03-11T12:43:34.245+0000] {taskmixin.py:205} WARNING - Dependency <Task(BashOperator): delete_entry_group>, create_entry_group already registered for DAG: example_complex
[2023-03-11T12:43:34.245+0000] {logging_mixin.py:137} INFO - [2023-03-11T12:43:34.245+0000] {taskmixin.py:205} WARNING - Dependency <Task(BashOperator): create_entry_gcs>, delete_entry already registered for DAG: example_complex
[2023-03-11T12:43:34.246+0000] {logging_mixin.py:137} INFO - [2023-03-11T12:43:34.246+0000] {taskmixin.py:205} WARNING - Dependency <Task(BashOperator): delete_entry>, create_entry_gcs already registered for DAG: example_complex
[2023-03-11T12:43:34.246+0000] {logging_mixin.py:137} INFO - [2023-03-11T12:43:34.246+0000] {taskmixin.py:205} WARNING - Dependency <Task(BashOperator): create_tag>, delete_tag already registered for DAG: example_complex
[2023-03-11T12:43:34.246+0000] {logging_mixin.py:137} INFO - [2023-03-11T12:43:34.246+0000] {taskmixin.py:205} WARNING - Dependency <Task(BashOperator): delete_tag>, create_tag already registered for DAG: example_complex
[2023-03-11T12:43:34.253+0000] {processor.py:753} INFO - DAG(s) dict_keys(['example_complex']) retrieved from /home/airflow/.local/lib/python3.7/site-packages/airflow/example_dags/example_complex.py
[2023-03-11T12:43:34.283+0000] {logging_mixin.py:137} INFO - [2023-03-11T12:43:34.283+0000] {dag.py:2690} INFO - Sync 1 DAGs
[2023-03-11T12:43:34.307+0000] {logging_mixin.py:137} INFO - [2023-03-11T12:43:34.307+0000] {dag.py:3441} INFO - Setting next_dagrun for example_complex to None, run_after=None
[2023-03-11T12:43:34.324+0000] {processor.py:175} INFO - Processing /home/airflow/.local/lib/python3.7/site-packages/airflow/example_dags/example_complex.py took 0.095 seconds
[2023-03-11T12:44:04.796+0000] {processor.py:153} INFO - Started process (PID=2484) to work on /home/airflow/.local/lib/python3.7/site-packages/airflow/example_dags/example_complex.py
[2023-03-11T12:44:04.796+0000] {processor.py:743} INFO - Processing file /home/airflow/.local/lib/python3.7/site-packages/airflow/example_dags/example_complex.py for tasks to queue
[2023-03-11T12:44:04.797+0000] {logging_mixin.py:137} INFO - [2023-03-11T12:44:04.797+0000] {dagbag.py:538} INFO - Filling up the DagBag from /home/airflow/.local/lib/python3.7/site-packages/airflow/example_dags/example_complex.py
[2023-03-11T12:44:04.809+0000] {logging_mixin.py:137} INFO - [2023-03-11T12:44:04.809+0000] {taskmixin.py:205} WARNING - Dependency <Task(BashOperator): create_entry_group>, delete_entry_group already registered for DAG: example_complex
[2023-03-11T12:44:04.809+0000] {logging_mixin.py:137} INFO - [2023-03-11T12:44:04.809+0000] {taskmixin.py:205} WARNING - Dependency <Task(BashOperator): delete_entry_group>, create_entry_group already registered for DAG: example_complex
[2023-03-11T12:44:04.809+0000] {logging_mixin.py:137} INFO - [2023-03-11T12:44:04.809+0000] {taskmixin.py:205} WARNING - Dependency <Task(BashOperator): create_entry_gcs>, delete_entry already registered for DAG: example_complex
[2023-03-11T12:44:04.810+0000] {logging_mixin.py:137} INFO - [2023-03-11T12:44:04.810+0000] {taskmixin.py:205} WARNING - Dependency <Task(BashOperator): delete_entry>, create_entry_gcs already registered for DAG: example_complex
[2023-03-11T12:44:04.810+0000] {logging_mixin.py:137} INFO - [2023-03-11T12:44:04.810+0000] {taskmixin.py:205} WARNING - Dependency <Task(BashOperator): create_tag>, delete_tag already registered for DAG: example_complex
[2023-03-11T12:44:04.810+0000] {logging_mixin.py:137} INFO - [2023-03-11T12:44:04.810+0000] {taskmixin.py:205} WARNING - Dependency <Task(BashOperator): delete_tag>, create_tag already registered for DAG: example_complex
[2023-03-11T12:44:04.818+0000] {processor.py:753} INFO - DAG(s) dict_keys(['example_complex']) retrieved from /home/airflow/.local/lib/python3.7/site-packages/airflow/example_dags/example_complex.py
[2023-03-11T12:44:04.851+0000] {logging_mixin.py:137} INFO - [2023-03-11T12:44:04.851+0000] {dag.py:2690} INFO - Sync 1 DAGs
[2023-03-11T12:44:04.877+0000] {logging_mixin.py:137} INFO - [2023-03-11T12:44:04.877+0000] {dag.py:3441} INFO - Setting next_dagrun for example_complex to None, run_after=None
[2023-03-11T12:44:04.894+0000] {processor.py:175} INFO - Processing /home/airflow/.local/lib/python3.7/site-packages/airflow/example_dags/example_complex.py took 0.102 seconds
[2023-03-11T12:44:35.344+0000] {processor.py:153} INFO - Started process (PID=2595) to work on /home/airflow/.local/lib/python3.7/site-packages/airflow/example_dags/example_complex.py
[2023-03-11T12:44:35.345+0000] {processor.py:743} INFO - Processing file /home/airflow/.local/lib/python3.7/site-packages/airflow/example_dags/example_complex.py for tasks to queue
[2023-03-11T12:44:35.346+0000] {logging_mixin.py:137} INFO - [2023-03-11T12:44:35.346+0000] {dagbag.py:538} INFO - Filling up the DagBag from /home/airflow/.local/lib/python3.7/site-packages/airflow/example_dags/example_complex.py
[2023-03-11T12:44:35.358+0000] {logging_mixin.py:137} INFO - [2023-03-11T12:44:35.358+0000] {taskmixin.py:205} WARNING - Dependency <Task(BashOperator): create_entry_group>, delete_entry_group already registered for DAG: example_complex
[2023-03-11T12:44:35.358+0000] {logging_mixin.py:137} INFO - [2023-03-11T12:44:35.358+0000] {taskmixin.py:205} WARNING - Dependency <Task(BashOperator): delete_entry_group>, create_entry_group already registered for DAG: example_complex
[2023-03-11T12:44:35.358+0000] {logging_mixin.py:137} INFO - [2023-03-11T12:44:35.358+0000] {taskmixin.py:205} WARNING - Dependency <Task(BashOperator): create_entry_gcs>, delete_entry already registered for DAG: example_complex
[2023-03-11T12:44:35.358+0000] {logging_mixin.py:137} INFO - [2023-03-11T12:44:35.358+0000] {taskmixin.py:205} WARNING - Dependency <Task(BashOperator): delete_entry>, create_entry_gcs already registered for DAG: example_complex
[2023-03-11T12:44:35.359+0000] {logging_mixin.py:137} INFO - [2023-03-11T12:44:35.359+0000] {taskmixin.py:205} WARNING - Dependency <Task(BashOperator): create_tag>, delete_tag already registered for DAG: example_complex
[2023-03-11T12:44:35.359+0000] {logging_mixin.py:137} INFO - [2023-03-11T12:44:35.359+0000] {taskmixin.py:205} WARNING - Dependency <Task(BashOperator): delete_tag>, create_tag already registered for DAG: example_complex
[2023-03-11T12:44:35.366+0000] {processor.py:753} INFO - DAG(s) dict_keys(['example_complex']) retrieved from /home/airflow/.local/lib/python3.7/site-packages/airflow/example_dags/example_complex.py
[2023-03-11T12:44:35.407+0000] {logging_mixin.py:137} INFO - [2023-03-11T12:44:35.406+0000] {dag.py:2690} INFO - Sync 1 DAGs
[2023-03-11T12:44:35.440+0000] {logging_mixin.py:137} INFO - [2023-03-11T12:44:35.440+0000] {dag.py:3441} INFO - Setting next_dagrun for example_complex to None, run_after=None
[2023-03-11T12:44:35.459+0000] {processor.py:175} INFO - Processing /home/airflow/.local/lib/python3.7/site-packages/airflow/example_dags/example_complex.py took 0.117 seconds
[2023-03-11T12:45:06.359+0000] {processor.py:153} INFO - Started process (PID=2682) to work on /home/airflow/.local/lib/python3.7/site-packages/airflow/example_dags/example_complex.py
[2023-03-11T12:45:06.360+0000] {processor.py:743} INFO - Processing file /home/airflow/.local/lib/python3.7/site-packages/airflow/example_dags/example_complex.py for tasks to queue
[2023-03-11T12:45:06.362+0000] {logging_mixin.py:137} INFO - [2023-03-11T12:45:06.361+0000] {dagbag.py:538} INFO - Filling up the DagBag from /home/airflow/.local/lib/python3.7/site-packages/airflow/example_dags/example_complex.py
[2023-03-11T12:45:06.373+0000] {logging_mixin.py:137} INFO - [2023-03-11T12:45:06.373+0000] {taskmixin.py:205} WARNING - Dependency <Task(BashOperator): create_entry_group>, delete_entry_group already registered for DAG: example_complex
[2023-03-11T12:45:06.373+0000] {logging_mixin.py:137} INFO - [2023-03-11T12:45:06.373+0000] {taskmixin.py:205} WARNING - Dependency <Task(BashOperator): delete_entry_group>, create_entry_group already registered for DAG: example_complex
[2023-03-11T12:45:06.374+0000] {logging_mixin.py:137} INFO - [2023-03-11T12:45:06.374+0000] {taskmixin.py:205} WARNING - Dependency <Task(BashOperator): create_entry_gcs>, delete_entry already registered for DAG: example_complex
[2023-03-11T12:45:06.374+0000] {logging_mixin.py:137} INFO - [2023-03-11T12:45:06.374+0000] {taskmixin.py:205} WARNING - Dependency <Task(BashOperator): delete_entry>, create_entry_gcs already registered for DAG: example_complex
[2023-03-11T12:45:06.374+0000] {logging_mixin.py:137} INFO - [2023-03-11T12:45:06.374+0000] {taskmixin.py:205} WARNING - Dependency <Task(BashOperator): create_tag>, delete_tag already registered for DAG: example_complex
[2023-03-11T12:45:06.374+0000] {logging_mixin.py:137} INFO - [2023-03-11T12:45:06.374+0000] {taskmixin.py:205} WARNING - Dependency <Task(BashOperator): delete_tag>, create_tag already registered for DAG: example_complex
[2023-03-11T12:45:06.385+0000] {processor.py:753} INFO - DAG(s) dict_keys(['example_complex']) retrieved from /home/airflow/.local/lib/python3.7/site-packages/airflow/example_dags/example_complex.py
[2023-03-11T12:45:06.437+0000] {logging_mixin.py:137} INFO - [2023-03-11T12:45:06.437+0000] {dag.py:2690} INFO - Sync 1 DAGs
[2023-03-11T12:45:06.477+0000] {logging_mixin.py:137} INFO - [2023-03-11T12:45:06.477+0000] {dag.py:3441} INFO - Setting next_dagrun for example_complex to None, run_after=None
[2023-03-11T12:45:06.513+0000] {processor.py:175} INFO - Processing /home/airflow/.local/lib/python3.7/site-packages/airflow/example_dags/example_complex.py took 0.157 seconds
[2023-03-11T12:45:36.895+0000] {processor.py:153} INFO - Started process (PID=2769) to work on /home/airflow/.local/lib/python3.7/site-packages/airflow/example_dags/example_complex.py
[2023-03-11T12:45:36.897+0000] {processor.py:743} INFO - Processing file /home/airflow/.local/lib/python3.7/site-packages/airflow/example_dags/example_complex.py for tasks to queue
[2023-03-11T12:45:36.898+0000] {logging_mixin.py:137} INFO - [2023-03-11T12:45:36.897+0000] {dagbag.py:538} INFO - Filling up the DagBag from /home/airflow/.local/lib/python3.7/site-packages/airflow/example_dags/example_complex.py
[2023-03-11T12:45:36.914+0000] {logging_mixin.py:137} INFO - [2023-03-11T12:45:36.914+0000] {taskmixin.py:205} WARNING - Dependency <Task(BashOperator): create_entry_group>, delete_entry_group already registered for DAG: example_complex
[2023-03-11T12:45:36.915+0000] {logging_mixin.py:137} INFO - [2023-03-11T12:45:36.915+0000] {taskmixin.py:205} WARNING - Dependency <Task(BashOperator): delete_entry_group>, create_entry_group already registered for DAG: example_complex
[2023-03-11T12:45:36.915+0000] {logging_mixin.py:137} INFO - [2023-03-11T12:45:36.915+0000] {taskmixin.py:205} WARNING - Dependency <Task(BashOperator): create_entry_gcs>, delete_entry already registered for DAG: example_complex
[2023-03-11T12:45:36.915+0000] {logging_mixin.py:137} INFO - [2023-03-11T12:45:36.915+0000] {taskmixin.py:205} WARNING - Dependency <Task(BashOperator): delete_entry>, create_entry_gcs already registered for DAG: example_complex
[2023-03-11T12:45:36.916+0000] {logging_mixin.py:137} INFO - [2023-03-11T12:45:36.916+0000] {taskmixin.py:205} WARNING - Dependency <Task(BashOperator): create_tag>, delete_tag already registered for DAG: example_complex
[2023-03-11T12:45:36.917+0000] {logging_mixin.py:137} INFO - [2023-03-11T12:45:36.917+0000] {taskmixin.py:205} WARNING - Dependency <Task(BashOperator): delete_tag>, create_tag already registered for DAG: example_complex
[2023-03-11T12:45:36.927+0000] {processor.py:753} INFO - DAG(s) dict_keys(['example_complex']) retrieved from /home/airflow/.local/lib/python3.7/site-packages/airflow/example_dags/example_complex.py
[2023-03-11T12:45:36.974+0000] {logging_mixin.py:137} INFO - [2023-03-11T12:45:36.973+0000] {dag.py:2690} INFO - Sync 1 DAGs
[2023-03-11T12:45:37.012+0000] {logging_mixin.py:137} INFO - [2023-03-11T12:45:37.011+0000] {dag.py:3441} INFO - Setting next_dagrun for example_complex to None, run_after=None
[2023-03-11T12:45:37.051+0000] {processor.py:175} INFO - Processing /home/airflow/.local/lib/python3.7/site-packages/airflow/example_dags/example_complex.py took 0.160 seconds
[2023-03-11T12:46:07.324+0000] {processor.py:153} INFO - Started process (PID=2880) to work on /home/airflow/.local/lib/python3.7/site-packages/airflow/example_dags/example_complex.py
[2023-03-11T12:46:07.324+0000] {processor.py:743} INFO - Processing file /home/airflow/.local/lib/python3.7/site-packages/airflow/example_dags/example_complex.py for tasks to queue
[2023-03-11T12:46:07.325+0000] {logging_mixin.py:137} INFO - [2023-03-11T12:46:07.325+0000] {dagbag.py:538} INFO - Filling up the DagBag from /home/airflow/.local/lib/python3.7/site-packages/airflow/example_dags/example_complex.py
[2023-03-11T12:46:07.336+0000] {logging_mixin.py:137} INFO - [2023-03-11T12:46:07.336+0000] {taskmixin.py:205} WARNING - Dependency <Task(BashOperator): create_entry_group>, delete_entry_group already registered for DAG: example_complex
[2023-03-11T12:46:07.336+0000] {logging_mixin.py:137} INFO - [2023-03-11T12:46:07.336+0000] {taskmixin.py:205} WARNING - Dependency <Task(BashOperator): delete_entry_group>, create_entry_group already registered for DAG: example_complex
[2023-03-11T12:46:07.336+0000] {logging_mixin.py:137} INFO - [2023-03-11T12:46:07.336+0000] {taskmixin.py:205} WARNING - Dependency <Task(BashOperator): create_entry_gcs>, delete_entry already registered for DAG: example_complex
[2023-03-11T12:46:07.337+0000] {logging_mixin.py:137} INFO - [2023-03-11T12:46:07.336+0000] {taskmixin.py:205} WARNING - Dependency <Task(BashOperator): delete_entry>, create_entry_gcs already registered for DAG: example_complex
[2023-03-11T12:46:07.337+0000] {logging_mixin.py:137} INFO - [2023-03-11T12:46:07.337+0000] {taskmixin.py:205} WARNING - Dependency <Task(BashOperator): create_tag>, delete_tag already registered for DAG: example_complex
[2023-03-11T12:46:07.337+0000] {logging_mixin.py:137} INFO - [2023-03-11T12:46:07.337+0000] {taskmixin.py:205} WARNING - Dependency <Task(BashOperator): delete_tag>, create_tag already registered for DAG: example_complex
[2023-03-11T12:46:07.344+0000] {processor.py:753} INFO - DAG(s) dict_keys(['example_complex']) retrieved from /home/airflow/.local/lib/python3.7/site-packages/airflow/example_dags/example_complex.py
[2023-03-11T12:46:07.373+0000] {logging_mixin.py:137} INFO - [2023-03-11T12:46:07.373+0000] {dag.py:2690} INFO - Sync 1 DAGs
[2023-03-11T12:46:07.397+0000] {logging_mixin.py:137} INFO - [2023-03-11T12:46:07.397+0000] {dag.py:3441} INFO - Setting next_dagrun for example_complex to None, run_after=None
[2023-03-11T12:46:07.415+0000] {processor.py:175} INFO - Processing /home/airflow/.local/lib/python3.7/site-packages/airflow/example_dags/example_complex.py took 0.094 seconds
[2023-03-11T12:46:38.232+0000] {processor.py:153} INFO - Started process (PID=2967) to work on /home/airflow/.local/lib/python3.7/site-packages/airflow/example_dags/example_complex.py
[2023-03-11T12:46:38.233+0000] {processor.py:743} INFO - Processing file /home/airflow/.local/lib/python3.7/site-packages/airflow/example_dags/example_complex.py for tasks to queue
[2023-03-11T12:46:38.234+0000] {logging_mixin.py:137} INFO - [2023-03-11T12:46:38.234+0000] {dagbag.py:538} INFO - Filling up the DagBag from /home/airflow/.local/lib/python3.7/site-packages/airflow/example_dags/example_complex.py
[2023-03-11T12:46:38.246+0000] {logging_mixin.py:137} INFO - [2023-03-11T12:46:38.246+0000] {taskmixin.py:205} WARNING - Dependency <Task(BashOperator): create_entry_group>, delete_entry_group already registered for DAG: example_complex
[2023-03-11T12:46:38.246+0000] {logging_mixin.py:137} INFO - [2023-03-11T12:46:38.246+0000] {taskmixin.py:205} WARNING - Dependency <Task(BashOperator): delete_entry_group>, create_entry_group already registered for DAG: example_complex
[2023-03-11T12:46:38.247+0000] {logging_mixin.py:137} INFO - [2023-03-11T12:46:38.247+0000] {taskmixin.py:205} WARNING - Dependency <Task(BashOperator): create_entry_gcs>, delete_entry already registered for DAG: example_complex
[2023-03-11T12:46:38.247+0000] {logging_mixin.py:137} INFO - [2023-03-11T12:46:38.247+0000] {taskmixin.py:205} WARNING - Dependency <Task(BashOperator): delete_entry>, create_entry_gcs already registered for DAG: example_complex
[2023-03-11T12:46:38.247+0000] {logging_mixin.py:137} INFO - [2023-03-11T12:46:38.247+0000] {taskmixin.py:205} WARNING - Dependency <Task(BashOperator): create_tag>, delete_tag already registered for DAG: example_complex
[2023-03-11T12:46:38.247+0000] {logging_mixin.py:137} INFO - [2023-03-11T12:46:38.247+0000] {taskmixin.py:205} WARNING - Dependency <Task(BashOperator): delete_tag>, create_tag already registered for DAG: example_complex
[2023-03-11T12:46:38.255+0000] {processor.py:753} INFO - DAG(s) dict_keys(['example_complex']) retrieved from /home/airflow/.local/lib/python3.7/site-packages/airflow/example_dags/example_complex.py
[2023-03-11T12:46:38.285+0000] {logging_mixin.py:137} INFO - [2023-03-11T12:46:38.285+0000] {dag.py:2690} INFO - Sync 1 DAGs
[2023-03-11T12:46:38.310+0000] {logging_mixin.py:137} INFO - [2023-03-11T12:46:38.310+0000] {dag.py:3441} INFO - Setting next_dagrun for example_complex to None, run_after=None
[2023-03-11T12:46:38.327+0000] {processor.py:175} INFO - Processing /home/airflow/.local/lib/python3.7/site-packages/airflow/example_dags/example_complex.py took 0.099 seconds
