[2023-03-11T12:31:19.349+0000] {processor.py:153} INFO - Started process (PID=112) to work on /home/airflow/.local/lib/python3.7/site-packages/airflow/example_dags/example_subdag_operator.py
[2023-03-11T12:31:19.350+0000] {processor.py:743} INFO - Processing file /home/airflow/.local/lib/python3.7/site-packages/airflow/example_dags/example_subdag_operator.py for tasks to queue
[2023-03-11T12:31:19.351+0000] {logging_mixin.py:137} INFO - [2023-03-11T12:31:19.351+0000] {dagbag.py:538} INFO - Filling up the DagBag from /home/airflow/.local/lib/python3.7/site-packages/airflow/example_dags/example_subdag_operator.py
[2023-03-11T12:31:19.399+0000] {processor.py:753} INFO - DAG(s) dict_keys(['example_subdag_operator.section-1', 'example_subdag_operator.section-2', 'example_subdag_operator']) retrieved from /home/airflow/.local/lib/python3.7/site-packages/airflow/example_dags/example_subdag_operator.py
[2023-03-11T12:31:19.404+0000] {logging_mixin.py:137} INFO - [2023-03-11T12:31:19.404+0000] {dag.py:2690} INFO - Sync 3 DAGs
[2023-03-11T12:31:19.449+0000] {logging_mixin.py:137} INFO - [2023-03-11T12:31:19.449+0000] {dag.py:3441} INFO - Setting next_dagrun for example_subdag_operator to 2022-01-01T00:00:00+00:00, run_after=2022-01-01T00:00:00+00:00
[2023-03-11T12:31:19.456+0000] {logging_mixin.py:137} INFO - [2023-03-11T12:31:19.456+0000] {dag.py:3441} INFO - Setting next_dagrun for example_subdag_operator.section-1 to None, run_after=None
[2023-03-11T12:31:19.461+0000] {logging_mixin.py:137} INFO - [2023-03-11T12:31:19.460+0000] {dag.py:3441} INFO - Setting next_dagrun for example_subdag_operator.section-2 to None, run_after=None
[2023-03-11T12:31:19.478+0000] {logging_mixin.py:137} INFO - [2023-03-11T12:31:19.477+0000] {dag.py:2690} INFO - Sync 2 DAGs
[2023-03-11T12:31:19.489+0000] {logging_mixin.py:137} INFO - [2023-03-11T12:31:19.489+0000] {dag.py:3441} INFO - Setting next_dagrun for example_subdag_operator.section-1 to None, run_after=None
[2023-03-11T12:31:19.489+0000] {logging_mixin.py:137} INFO - [2023-03-11T12:31:19.489+0000] {dag.py:3441} INFO - Setting next_dagrun for example_subdag_operator.section-2 to None, run_after=None
[2023-03-11T12:31:19.514+0000] {processor.py:175} INFO - Processing /home/airflow/.local/lib/python3.7/site-packages/airflow/example_dags/example_subdag_operator.py took 0.168 seconds
[2023-03-11T12:31:50.475+0000] {processor.py:153} INFO - Started process (PID=199) to work on /home/airflow/.local/lib/python3.7/site-packages/airflow/example_dags/example_subdag_operator.py
[2023-03-11T12:31:50.476+0000] {processor.py:743} INFO - Processing file /home/airflow/.local/lib/python3.7/site-packages/airflow/example_dags/example_subdag_operator.py for tasks to queue
[2023-03-11T12:31:50.477+0000] {logging_mixin.py:137} INFO - [2023-03-11T12:31:50.477+0000] {dagbag.py:538} INFO - Filling up the DagBag from /home/airflow/.local/lib/python3.7/site-packages/airflow/example_dags/example_subdag_operator.py
[2023-03-11T12:31:50.513+0000] {processor.py:753} INFO - DAG(s) dict_keys(['example_subdag_operator.section-1', 'example_subdag_operator.section-2', 'example_subdag_operator']) retrieved from /home/airflow/.local/lib/python3.7/site-packages/airflow/example_dags/example_subdag_operator.py
[2023-03-11T12:31:50.533+0000] {logging_mixin.py:137} INFO - [2023-03-11T12:31:50.533+0000] {dag.py:2690} INFO - Sync 3 DAGs
[2023-03-11T12:31:50.566+0000] {logging_mixin.py:137} INFO - [2023-03-11T12:31:50.565+0000] {dag.py:3441} INFO - Setting next_dagrun for example_subdag_operator to 2022-01-01T00:00:00+00:00, run_after=2022-01-01T00:00:00+00:00
[2023-03-11T12:31:50.569+0000] {logging_mixin.py:137} INFO - [2023-03-11T12:31:50.569+0000] {dag.py:3441} INFO - Setting next_dagrun for example_subdag_operator.section-1 to None, run_after=None
[2023-03-11T12:31:50.571+0000] {logging_mixin.py:137} INFO - [2023-03-11T12:31:50.571+0000] {dag.py:3441} INFO - Setting next_dagrun for example_subdag_operator.section-2 to None, run_after=None
[2023-03-11T12:31:50.579+0000] {logging_mixin.py:137} INFO - [2023-03-11T12:31:50.579+0000] {dag.py:2690} INFO - Sync 2 DAGs
[2023-03-11T12:31:50.585+0000] {logging_mixin.py:137} INFO - [2023-03-11T12:31:50.585+0000] {dag.py:3441} INFO - Setting next_dagrun for example_subdag_operator.section-1 to None, run_after=None
[2023-03-11T12:31:50.586+0000] {logging_mixin.py:137} INFO - [2023-03-11T12:31:50.586+0000] {dag.py:3441} INFO - Setting next_dagrun for example_subdag_operator.section-2 to None, run_after=None
[2023-03-11T12:31:50.597+0000] {processor.py:175} INFO - Processing /home/airflow/.local/lib/python3.7/site-packages/airflow/example_dags/example_subdag_operator.py took 0.125 seconds
[2023-03-11T12:32:21.295+0000] {processor.py:153} INFO - Started process (PID=286) to work on /home/airflow/.local/lib/python3.7/site-packages/airflow/example_dags/example_subdag_operator.py
[2023-03-11T12:32:21.296+0000] {processor.py:743} INFO - Processing file /home/airflow/.local/lib/python3.7/site-packages/airflow/example_dags/example_subdag_operator.py for tasks to queue
[2023-03-11T12:32:21.296+0000] {logging_mixin.py:137} INFO - [2023-03-11T12:32:21.296+0000] {dagbag.py:538} INFO - Filling up the DagBag from /home/airflow/.local/lib/python3.7/site-packages/airflow/example_dags/example_subdag_operator.py
[2023-03-11T12:32:21.332+0000] {processor.py:753} INFO - DAG(s) dict_keys(['example_subdag_operator.section-1', 'example_subdag_operator.section-2', 'example_subdag_operator']) retrieved from /home/airflow/.local/lib/python3.7/site-packages/airflow/example_dags/example_subdag_operator.py
[2023-03-11T12:32:21.352+0000] {logging_mixin.py:137} INFO - [2023-03-11T12:32:21.352+0000] {dag.py:2690} INFO - Sync 3 DAGs
[2023-03-11T12:32:21.382+0000] {logging_mixin.py:137} INFO - [2023-03-11T12:32:21.382+0000] {dag.py:3441} INFO - Setting next_dagrun for example_subdag_operator to 2022-01-01T00:00:00+00:00, run_after=2022-01-01T00:00:00+00:00
[2023-03-11T12:32:21.387+0000] {logging_mixin.py:137} INFO - [2023-03-11T12:32:21.386+0000] {dag.py:3441} INFO - Setting next_dagrun for example_subdag_operator.section-1 to None, run_after=None
[2023-03-11T12:32:21.388+0000] {logging_mixin.py:137} INFO - [2023-03-11T12:32:21.388+0000] {dag.py:3441} INFO - Setting next_dagrun for example_subdag_operator.section-2 to None, run_after=None
[2023-03-11T12:32:21.397+0000] {logging_mixin.py:137} INFO - [2023-03-11T12:32:21.397+0000] {dag.py:2690} INFO - Sync 2 DAGs
[2023-03-11T12:32:21.405+0000] {logging_mixin.py:137} INFO - [2023-03-11T12:32:21.405+0000] {dag.py:3441} INFO - Setting next_dagrun for example_subdag_operator.section-1 to None, run_after=None
[2023-03-11T12:32:21.405+0000] {logging_mixin.py:137} INFO - [2023-03-11T12:32:21.405+0000] {dag.py:3441} INFO - Setting next_dagrun for example_subdag_operator.section-2 to None, run_after=None
[2023-03-11T12:32:21.419+0000] {processor.py:175} INFO - Processing /home/airflow/.local/lib/python3.7/site-packages/airflow/example_dags/example_subdag_operator.py took 0.127 seconds
[2023-03-11T12:32:52.313+0000] {processor.py:153} INFO - Started process (PID=397) to work on /home/airflow/.local/lib/python3.7/site-packages/airflow/example_dags/example_subdag_operator.py
[2023-03-11T12:32:52.314+0000] {processor.py:743} INFO - Processing file /home/airflow/.local/lib/python3.7/site-packages/airflow/example_dags/example_subdag_operator.py for tasks to queue
[2023-03-11T12:32:52.315+0000] {logging_mixin.py:137} INFO - [2023-03-11T12:32:52.315+0000] {dagbag.py:538} INFO - Filling up the DagBag from /home/airflow/.local/lib/python3.7/site-packages/airflow/example_dags/example_subdag_operator.py
[2023-03-11T12:32:52.350+0000] {processor.py:753} INFO - DAG(s) dict_keys(['example_subdag_operator.section-1', 'example_subdag_operator.section-2', 'example_subdag_operator']) retrieved from /home/airflow/.local/lib/python3.7/site-packages/airflow/example_dags/example_subdag_operator.py
[2023-03-11T12:32:52.372+0000] {logging_mixin.py:137} INFO - [2023-03-11T12:32:52.371+0000] {dag.py:2690} INFO - Sync 3 DAGs
[2023-03-11T12:32:52.398+0000] {logging_mixin.py:137} INFO - [2023-03-11T12:32:52.397+0000] {dag.py:3441} INFO - Setting next_dagrun for example_subdag_operator to 2022-01-01T00:00:00+00:00, run_after=2022-01-01T00:00:00+00:00
[2023-03-11T12:32:52.401+0000] {logging_mixin.py:137} INFO - [2023-03-11T12:32:52.401+0000] {dag.py:3441} INFO - Setting next_dagrun for example_subdag_operator.section-1 to None, run_after=None
[2023-03-11T12:32:52.402+0000] {logging_mixin.py:137} INFO - [2023-03-11T12:32:52.402+0000] {dag.py:3441} INFO - Setting next_dagrun for example_subdag_operator.section-2 to None, run_after=None
[2023-03-11T12:32:52.410+0000] {logging_mixin.py:137} INFO - [2023-03-11T12:32:52.410+0000] {dag.py:2690} INFO - Sync 2 DAGs
[2023-03-11T12:32:52.417+0000] {logging_mixin.py:137} INFO - [2023-03-11T12:32:52.417+0000] {dag.py:3441} INFO - Setting next_dagrun for example_subdag_operator.section-1 to None, run_after=None
[2023-03-11T12:32:52.418+0000] {logging_mixin.py:137} INFO - [2023-03-11T12:32:52.417+0000] {dag.py:3441} INFO - Setting next_dagrun for example_subdag_operator.section-2 to None, run_after=None
[2023-03-11T12:32:52.431+0000] {processor.py:175} INFO - Processing /home/airflow/.local/lib/python3.7/site-packages/airflow/example_dags/example_subdag_operator.py took 0.120 seconds
[2023-03-11T12:33:23.249+0000] {processor.py:153} INFO - Started process (PID=484) to work on /home/airflow/.local/lib/python3.7/site-packages/airflow/example_dags/example_subdag_operator.py
[2023-03-11T12:33:23.250+0000] {processor.py:743} INFO - Processing file /home/airflow/.local/lib/python3.7/site-packages/airflow/example_dags/example_subdag_operator.py for tasks to queue
[2023-03-11T12:33:23.250+0000] {logging_mixin.py:137} INFO - [2023-03-11T12:33:23.250+0000] {dagbag.py:538} INFO - Filling up the DagBag from /home/airflow/.local/lib/python3.7/site-packages/airflow/example_dags/example_subdag_operator.py
[2023-03-11T12:33:23.286+0000] {processor.py:753} INFO - DAG(s) dict_keys(['example_subdag_operator.section-1', 'example_subdag_operator.section-2', 'example_subdag_operator']) retrieved from /home/airflow/.local/lib/python3.7/site-packages/airflow/example_dags/example_subdag_operator.py
[2023-03-11T12:33:23.306+0000] {logging_mixin.py:137} INFO - [2023-03-11T12:33:23.306+0000] {dag.py:2690} INFO - Sync 3 DAGs
[2023-03-11T12:33:23.332+0000] {logging_mixin.py:137} INFO - [2023-03-11T12:33:23.332+0000] {dag.py:3441} INFO - Setting next_dagrun for example_subdag_operator to 2022-01-01T00:00:00+00:00, run_after=2022-01-01T00:00:00+00:00
[2023-03-11T12:33:23.337+0000] {logging_mixin.py:137} INFO - [2023-03-11T12:33:23.336+0000] {dag.py:3441} INFO - Setting next_dagrun for example_subdag_operator.section-1 to None, run_after=None
[2023-03-11T12:33:23.338+0000] {logging_mixin.py:137} INFO - [2023-03-11T12:33:23.338+0000] {dag.py:3441} INFO - Setting next_dagrun for example_subdag_operator.section-2 to None, run_after=None
[2023-03-11T12:33:23.347+0000] {logging_mixin.py:137} INFO - [2023-03-11T12:33:23.346+0000] {dag.py:2690} INFO - Sync 2 DAGs
[2023-03-11T12:33:23.353+0000] {logging_mixin.py:137} INFO - [2023-03-11T12:33:23.353+0000] {dag.py:3441} INFO - Setting next_dagrun for example_subdag_operator.section-1 to None, run_after=None
[2023-03-11T12:33:23.353+0000] {logging_mixin.py:137} INFO - [2023-03-11T12:33:23.353+0000] {dag.py:3441} INFO - Setting next_dagrun for example_subdag_operator.section-2 to None, run_after=None
[2023-03-11T12:33:23.364+0000] {processor.py:175} INFO - Processing /home/airflow/.local/lib/python3.7/site-packages/airflow/example_dags/example_subdag_operator.py took 0.119 seconds
[2023-03-11T12:33:54.224+0000] {processor.py:153} INFO - Started process (PID=595) to work on /home/airflow/.local/lib/python3.7/site-packages/airflow/example_dags/example_subdag_operator.py
[2023-03-11T12:33:54.225+0000] {processor.py:743} INFO - Processing file /home/airflow/.local/lib/python3.7/site-packages/airflow/example_dags/example_subdag_operator.py for tasks to queue
[2023-03-11T12:33:54.225+0000] {logging_mixin.py:137} INFO - [2023-03-11T12:33:54.225+0000] {dagbag.py:538} INFO - Filling up the DagBag from /home/airflow/.local/lib/python3.7/site-packages/airflow/example_dags/example_subdag_operator.py
[2023-03-11T12:33:54.258+0000] {processor.py:753} INFO - DAG(s) dict_keys(['example_subdag_operator.section-1', 'example_subdag_operator.section-2', 'example_subdag_operator']) retrieved from /home/airflow/.local/lib/python3.7/site-packages/airflow/example_dags/example_subdag_operator.py
[2023-03-11T12:33:54.276+0000] {logging_mixin.py:137} INFO - [2023-03-11T12:33:54.276+0000] {dag.py:2690} INFO - Sync 3 DAGs
[2023-03-11T12:33:54.302+0000] {logging_mixin.py:137} INFO - [2023-03-11T12:33:54.302+0000] {dag.py:3441} INFO - Setting next_dagrun for example_subdag_operator to 2022-01-01T00:00:00+00:00, run_after=2022-01-01T00:00:00+00:00
[2023-03-11T12:33:54.306+0000] {logging_mixin.py:137} INFO - [2023-03-11T12:33:54.306+0000] {dag.py:3441} INFO - Setting next_dagrun for example_subdag_operator.section-1 to None, run_after=None
[2023-03-11T12:33:54.307+0000] {logging_mixin.py:137} INFO - [2023-03-11T12:33:54.307+0000] {dag.py:3441} INFO - Setting next_dagrun for example_subdag_operator.section-2 to None, run_after=None
[2023-03-11T12:33:54.314+0000] {logging_mixin.py:137} INFO - [2023-03-11T12:33:54.314+0000] {dag.py:2690} INFO - Sync 2 DAGs
[2023-03-11T12:33:54.321+0000] {logging_mixin.py:137} INFO - [2023-03-11T12:33:54.321+0000] {dag.py:3441} INFO - Setting next_dagrun for example_subdag_operator.section-1 to None, run_after=None
[2023-03-11T12:33:54.322+0000] {logging_mixin.py:137} INFO - [2023-03-11T12:33:54.322+0000] {dag.py:3441} INFO - Setting next_dagrun for example_subdag_operator.section-2 to None, run_after=None
[2023-03-11T12:33:54.337+0000] {processor.py:175} INFO - Processing /home/airflow/.local/lib/python3.7/site-packages/airflow/example_dags/example_subdag_operator.py took 0.115 seconds
[2023-03-11T12:34:24.933+0000] {processor.py:153} INFO - Started process (PID=682) to work on /home/airflow/.local/lib/python3.7/site-packages/airflow/example_dags/example_subdag_operator.py
[2023-03-11T12:34:24.935+0000] {processor.py:743} INFO - Processing file /home/airflow/.local/lib/python3.7/site-packages/airflow/example_dags/example_subdag_operator.py for tasks to queue
[2023-03-11T12:34:24.937+0000] {logging_mixin.py:137} INFO - [2023-03-11T12:34:24.937+0000] {dagbag.py:538} INFO - Filling up the DagBag from /home/airflow/.local/lib/python3.7/site-packages/airflow/example_dags/example_subdag_operator.py
[2023-03-11T12:34:25.000+0000] {processor.py:753} INFO - DAG(s) dict_keys(['example_subdag_operator.section-1', 'example_subdag_operator.section-2', 'example_subdag_operator']) retrieved from /home/airflow/.local/lib/python3.7/site-packages/airflow/example_dags/example_subdag_operator.py
[2023-03-11T12:34:25.035+0000] {logging_mixin.py:137} INFO - [2023-03-11T12:34:25.034+0000] {dag.py:2690} INFO - Sync 3 DAGs
[2023-03-11T12:34:25.081+0000] {logging_mixin.py:137} INFO - [2023-03-11T12:34:25.081+0000] {dag.py:3441} INFO - Setting next_dagrun for example_subdag_operator to 2022-01-01T00:00:00+00:00, run_after=2022-01-01T00:00:00+00:00
[2023-03-11T12:34:25.088+0000] {logging_mixin.py:137} INFO - [2023-03-11T12:34:25.088+0000] {dag.py:3441} INFO - Setting next_dagrun for example_subdag_operator.section-1 to None, run_after=None
[2023-03-11T12:34:25.090+0000] {logging_mixin.py:137} INFO - [2023-03-11T12:34:25.090+0000] {dag.py:3441} INFO - Setting next_dagrun for example_subdag_operator.section-2 to None, run_after=None
[2023-03-11T12:34:25.108+0000] {logging_mixin.py:137} INFO - [2023-03-11T12:34:25.107+0000] {dag.py:2690} INFO - Sync 2 DAGs
[2023-03-11T12:34:25.122+0000] {logging_mixin.py:137} INFO - [2023-03-11T12:34:25.121+0000] {dag.py:3441} INFO - Setting next_dagrun for example_subdag_operator.section-1 to None, run_after=None
[2023-03-11T12:34:25.123+0000] {logging_mixin.py:137} INFO - [2023-03-11T12:34:25.122+0000] {dag.py:3441} INFO - Setting next_dagrun for example_subdag_operator.section-2 to None, run_after=None
[2023-03-11T12:34:25.154+0000] {processor.py:175} INFO - Processing /home/airflow/.local/lib/python3.7/site-packages/airflow/example_dags/example_subdag_operator.py took 0.225 seconds
[2023-03-11T12:34:55.348+0000] {processor.py:153} INFO - Started process (PID=769) to work on /home/airflow/.local/lib/python3.7/site-packages/airflow/example_dags/example_subdag_operator.py
[2023-03-11T12:34:55.349+0000] {processor.py:743} INFO - Processing file /home/airflow/.local/lib/python3.7/site-packages/airflow/example_dags/example_subdag_operator.py for tasks to queue
[2023-03-11T12:34:55.350+0000] {logging_mixin.py:137} INFO - [2023-03-11T12:34:55.350+0000] {dagbag.py:538} INFO - Filling up the DagBag from /home/airflow/.local/lib/python3.7/site-packages/airflow/example_dags/example_subdag_operator.py
[2023-03-11T12:34:55.382+0000] {processor.py:753} INFO - DAG(s) dict_keys(['example_subdag_operator.section-1', 'example_subdag_operator.section-2', 'example_subdag_operator']) retrieved from /home/airflow/.local/lib/python3.7/site-packages/airflow/example_dags/example_subdag_operator.py
[2023-03-11T12:34:55.402+0000] {logging_mixin.py:137} INFO - [2023-03-11T12:34:55.402+0000] {dag.py:2690} INFO - Sync 3 DAGs
[2023-03-11T12:34:55.430+0000] {logging_mixin.py:137} INFO - [2023-03-11T12:34:55.430+0000] {dag.py:3441} INFO - Setting next_dagrun for example_subdag_operator to 2022-01-01T00:00:00+00:00, run_after=2022-01-01T00:00:00+00:00
[2023-03-11T12:34:55.434+0000] {logging_mixin.py:137} INFO - [2023-03-11T12:34:55.434+0000] {dag.py:3441} INFO - Setting next_dagrun for example_subdag_operator.section-1 to None, run_after=None
[2023-03-11T12:34:55.435+0000] {logging_mixin.py:137} INFO - [2023-03-11T12:34:55.435+0000] {dag.py:3441} INFO - Setting next_dagrun for example_subdag_operator.section-2 to None, run_after=None
[2023-03-11T12:34:55.442+0000] {logging_mixin.py:137} INFO - [2023-03-11T12:34:55.442+0000] {dag.py:2690} INFO - Sync 2 DAGs
[2023-03-11T12:34:55.448+0000] {logging_mixin.py:137} INFO - [2023-03-11T12:34:55.448+0000] {dag.py:3441} INFO - Setting next_dagrun for example_subdag_operator.section-1 to None, run_after=None
[2023-03-11T12:34:55.448+0000] {logging_mixin.py:137} INFO - [2023-03-11T12:34:55.448+0000] {dag.py:3441} INFO - Setting next_dagrun for example_subdag_operator.section-2 to None, run_after=None
[2023-03-11T12:34:55.460+0000] {processor.py:175} INFO - Processing /home/airflow/.local/lib/python3.7/site-packages/airflow/example_dags/example_subdag_operator.py took 0.115 seconds
[2023-03-11T12:35:25.698+0000] {processor.py:153} INFO - Started process (PID=880) to work on /home/airflow/.local/lib/python3.7/site-packages/airflow/example_dags/example_subdag_operator.py
[2023-03-11T12:35:25.699+0000] {processor.py:743} INFO - Processing file /home/airflow/.local/lib/python3.7/site-packages/airflow/example_dags/example_subdag_operator.py for tasks to queue
[2023-03-11T12:35:25.699+0000] {logging_mixin.py:137} INFO - [2023-03-11T12:35:25.699+0000] {dagbag.py:538} INFO - Filling up the DagBag from /home/airflow/.local/lib/python3.7/site-packages/airflow/example_dags/example_subdag_operator.py
[2023-03-11T12:35:25.734+0000] {processor.py:753} INFO - DAG(s) dict_keys(['example_subdag_operator.section-1', 'example_subdag_operator.section-2', 'example_subdag_operator']) retrieved from /home/airflow/.local/lib/python3.7/site-packages/airflow/example_dags/example_subdag_operator.py
[2023-03-11T12:35:25.755+0000] {logging_mixin.py:137} INFO - [2023-03-11T12:35:25.755+0000] {dag.py:2690} INFO - Sync 3 DAGs
[2023-03-11T12:35:25.784+0000] {logging_mixin.py:137} INFO - [2023-03-11T12:35:25.783+0000] {dag.py:3441} INFO - Setting next_dagrun for example_subdag_operator to 2022-01-01T00:00:00+00:00, run_after=2022-01-01T00:00:00+00:00
[2023-03-11T12:35:25.788+0000] {logging_mixin.py:137} INFO - [2023-03-11T12:35:25.788+0000] {dag.py:3441} INFO - Setting next_dagrun for example_subdag_operator.section-1 to None, run_after=None
[2023-03-11T12:35:25.789+0000] {logging_mixin.py:137} INFO - [2023-03-11T12:35:25.789+0000] {dag.py:3441} INFO - Setting next_dagrun for example_subdag_operator.section-2 to None, run_after=None
[2023-03-11T12:35:25.800+0000] {logging_mixin.py:137} INFO - [2023-03-11T12:35:25.800+0000] {dag.py:2690} INFO - Sync 2 DAGs
[2023-03-11T12:35:25.807+0000] {logging_mixin.py:137} INFO - [2023-03-11T12:35:25.807+0000] {dag.py:3441} INFO - Setting next_dagrun for example_subdag_operator.section-1 to None, run_after=None
[2023-03-11T12:35:25.807+0000] {logging_mixin.py:137} INFO - [2023-03-11T12:35:25.807+0000] {dag.py:3441} INFO - Setting next_dagrun for example_subdag_operator.section-2 to None, run_after=None
[2023-03-11T12:35:25.819+0000] {processor.py:175} INFO - Processing /home/airflow/.local/lib/python3.7/site-packages/airflow/example_dags/example_subdag_operator.py took 0.125 seconds
[2023-03-11T12:35:56.103+0000] {processor.py:153} INFO - Started process (PID=967) to work on /home/airflow/.local/lib/python3.7/site-packages/airflow/example_dags/example_subdag_operator.py
[2023-03-11T12:35:56.104+0000] {processor.py:743} INFO - Processing file /home/airflow/.local/lib/python3.7/site-packages/airflow/example_dags/example_subdag_operator.py for tasks to queue
[2023-03-11T12:35:56.105+0000] {logging_mixin.py:137} INFO - [2023-03-11T12:35:56.105+0000] {dagbag.py:538} INFO - Filling up the DagBag from /home/airflow/.local/lib/python3.7/site-packages/airflow/example_dags/example_subdag_operator.py
[2023-03-11T12:35:56.139+0000] {processor.py:753} INFO - DAG(s) dict_keys(['example_subdag_operator.section-1', 'example_subdag_operator.section-2', 'example_subdag_operator']) retrieved from /home/airflow/.local/lib/python3.7/site-packages/airflow/example_dags/example_subdag_operator.py
[2023-03-11T12:35:56.160+0000] {logging_mixin.py:137} INFO - [2023-03-11T12:35:56.159+0000] {dag.py:2690} INFO - Sync 3 DAGs
[2023-03-11T12:35:56.190+0000] {logging_mixin.py:137} INFO - [2023-03-11T12:35:56.189+0000] {dag.py:3441} INFO - Setting next_dagrun for example_subdag_operator to 2022-01-01T00:00:00+00:00, run_after=2022-01-01T00:00:00+00:00
[2023-03-11T12:35:56.195+0000] {logging_mixin.py:137} INFO - [2023-03-11T12:35:56.194+0000] {dag.py:3441} INFO - Setting next_dagrun for example_subdag_operator.section-1 to None, run_after=None
[2023-03-11T12:35:56.196+0000] {logging_mixin.py:137} INFO - [2023-03-11T12:35:56.196+0000] {dag.py:3441} INFO - Setting next_dagrun for example_subdag_operator.section-2 to None, run_after=None
[2023-03-11T12:35:56.205+0000] {logging_mixin.py:137} INFO - [2023-03-11T12:35:56.205+0000] {dag.py:2690} INFO - Sync 2 DAGs
[2023-03-11T12:35:56.211+0000] {logging_mixin.py:137} INFO - [2023-03-11T12:35:56.211+0000] {dag.py:3441} INFO - Setting next_dagrun for example_subdag_operator.section-1 to None, run_after=None
[2023-03-11T12:35:56.212+0000] {logging_mixin.py:137} INFO - [2023-03-11T12:35:56.211+0000] {dag.py:3441} INFO - Setting next_dagrun for example_subdag_operator.section-2 to None, run_after=None
[2023-03-11T12:35:56.223+0000] {processor.py:175} INFO - Processing /home/airflow/.local/lib/python3.7/site-packages/airflow/example_dags/example_subdag_operator.py took 0.122 seconds
[2023-03-11T12:36:26.743+0000] {processor.py:153} INFO - Started process (PID=1061) to work on /home/airflow/.local/lib/python3.7/site-packages/airflow/example_dags/example_subdag_operator.py
[2023-03-11T12:36:26.744+0000] {processor.py:743} INFO - Processing file /home/airflow/.local/lib/python3.7/site-packages/airflow/example_dags/example_subdag_operator.py for tasks to queue
[2023-03-11T12:36:26.745+0000] {logging_mixin.py:137} INFO - [2023-03-11T12:36:26.745+0000] {dagbag.py:538} INFO - Filling up the DagBag from /home/airflow/.local/lib/python3.7/site-packages/airflow/example_dags/example_subdag_operator.py
[2023-03-11T12:36:26.780+0000] {processor.py:753} INFO - DAG(s) dict_keys(['example_subdag_operator.section-1', 'example_subdag_operator.section-2', 'example_subdag_operator']) retrieved from /home/airflow/.local/lib/python3.7/site-packages/airflow/example_dags/example_subdag_operator.py
[2023-03-11T12:36:26.800+0000] {logging_mixin.py:137} INFO - [2023-03-11T12:36:26.800+0000] {dag.py:2690} INFO - Sync 3 DAGs
[2023-03-11T12:36:26.827+0000] {logging_mixin.py:137} INFO - [2023-03-11T12:36:26.827+0000] {dag.py:3441} INFO - Setting next_dagrun for example_subdag_operator to 2022-01-01T00:00:00+00:00, run_after=2022-01-01T00:00:00+00:00
[2023-03-11T12:36:26.830+0000] {logging_mixin.py:137} INFO - [2023-03-11T12:36:26.830+0000] {dag.py:3441} INFO - Setting next_dagrun for example_subdag_operator.section-1 to None, run_after=None
[2023-03-11T12:36:26.831+0000] {logging_mixin.py:137} INFO - [2023-03-11T12:36:26.831+0000] {dag.py:3441} INFO - Setting next_dagrun for example_subdag_operator.section-2 to None, run_after=None
[2023-03-11T12:36:26.839+0000] {logging_mixin.py:137} INFO - [2023-03-11T12:36:26.839+0000] {dag.py:2690} INFO - Sync 2 DAGs
[2023-03-11T12:36:26.845+0000] {logging_mixin.py:137} INFO - [2023-03-11T12:36:26.845+0000] {dag.py:3441} INFO - Setting next_dagrun for example_subdag_operator.section-1 to None, run_after=None
[2023-03-11T12:36:26.845+0000] {logging_mixin.py:137} INFO - [2023-03-11T12:36:26.845+0000] {dag.py:3441} INFO - Setting next_dagrun for example_subdag_operator.section-2 to None, run_after=None
[2023-03-11T12:36:26.857+0000] {processor.py:175} INFO - Processing /home/airflow/.local/lib/python3.7/site-packages/airflow/example_dags/example_subdag_operator.py took 0.117 seconds
[2023-03-11T12:36:57.367+0000] {processor.py:153} INFO - Started process (PID=1165) to work on /home/airflow/.local/lib/python3.7/site-packages/airflow/example_dags/example_subdag_operator.py
[2023-03-11T12:36:57.368+0000] {processor.py:743} INFO - Processing file /home/airflow/.local/lib/python3.7/site-packages/airflow/example_dags/example_subdag_operator.py for tasks to queue
[2023-03-11T12:36:57.369+0000] {logging_mixin.py:137} INFO - [2023-03-11T12:36:57.369+0000] {dagbag.py:538} INFO - Filling up the DagBag from /home/airflow/.local/lib/python3.7/site-packages/airflow/example_dags/example_subdag_operator.py
[2023-03-11T12:36:57.400+0000] {processor.py:753} INFO - DAG(s) dict_keys(['example_subdag_operator.section-1', 'example_subdag_operator.section-2', 'example_subdag_operator']) retrieved from /home/airflow/.local/lib/python3.7/site-packages/airflow/example_dags/example_subdag_operator.py
[2023-03-11T12:36:57.418+0000] {logging_mixin.py:137} INFO - [2023-03-11T12:36:57.418+0000] {dag.py:2690} INFO - Sync 3 DAGs
[2023-03-11T12:36:57.443+0000] {logging_mixin.py:137} INFO - [2023-03-11T12:36:57.442+0000] {dag.py:3441} INFO - Setting next_dagrun for example_subdag_operator to 2022-01-01T00:00:00+00:00, run_after=2022-01-01T00:00:00+00:00
[2023-03-11T12:36:57.446+0000] {logging_mixin.py:137} INFO - [2023-03-11T12:36:57.446+0000] {dag.py:3441} INFO - Setting next_dagrun for example_subdag_operator.section-1 to None, run_after=None
[2023-03-11T12:36:57.447+0000] {logging_mixin.py:137} INFO - [2023-03-11T12:36:57.447+0000] {dag.py:3441} INFO - Setting next_dagrun for example_subdag_operator.section-2 to None, run_after=None
[2023-03-11T12:36:57.455+0000] {logging_mixin.py:137} INFO - [2023-03-11T12:36:57.455+0000] {dag.py:2690} INFO - Sync 2 DAGs
[2023-03-11T12:36:57.461+0000] {logging_mixin.py:137} INFO - [2023-03-11T12:36:57.461+0000] {dag.py:3441} INFO - Setting next_dagrun for example_subdag_operator.section-1 to None, run_after=None
[2023-03-11T12:36:57.461+0000] {logging_mixin.py:137} INFO - [2023-03-11T12:36:57.461+0000] {dag.py:3441} INFO - Setting next_dagrun for example_subdag_operator.section-2 to None, run_after=None
[2023-03-11T12:36:57.471+0000] {processor.py:175} INFO - Processing /home/airflow/.local/lib/python3.7/site-packages/airflow/example_dags/example_subdag_operator.py took 0.108 seconds
[2023-03-11T12:37:28.145+0000] {processor.py:153} INFO - Started process (PID=1252) to work on /home/airflow/.local/lib/python3.7/site-packages/airflow/example_dags/example_subdag_operator.py
[2023-03-11T12:37:28.146+0000] {processor.py:743} INFO - Processing file /home/airflow/.local/lib/python3.7/site-packages/airflow/example_dags/example_subdag_operator.py for tasks to queue
[2023-03-11T12:37:28.147+0000] {logging_mixin.py:137} INFO - [2023-03-11T12:37:28.146+0000] {dagbag.py:538} INFO - Filling up the DagBag from /home/airflow/.local/lib/python3.7/site-packages/airflow/example_dags/example_subdag_operator.py
[2023-03-11T12:37:28.179+0000] {processor.py:753} INFO - DAG(s) dict_keys(['example_subdag_operator.section-1', 'example_subdag_operator.section-2', 'example_subdag_operator']) retrieved from /home/airflow/.local/lib/python3.7/site-packages/airflow/example_dags/example_subdag_operator.py
[2023-03-11T12:37:28.198+0000] {logging_mixin.py:137} INFO - [2023-03-11T12:37:28.198+0000] {dag.py:2690} INFO - Sync 3 DAGs
[2023-03-11T12:37:28.223+0000] {logging_mixin.py:137} INFO - [2023-03-11T12:37:28.223+0000] {dag.py:3441} INFO - Setting next_dagrun for example_subdag_operator to 2022-01-01T00:00:00+00:00, run_after=2022-01-01T00:00:00+00:00
[2023-03-11T12:37:28.227+0000] {logging_mixin.py:137} INFO - [2023-03-11T12:37:28.227+0000] {dag.py:3441} INFO - Setting next_dagrun for example_subdag_operator.section-1 to None, run_after=None
[2023-03-11T12:37:28.228+0000] {logging_mixin.py:137} INFO - [2023-03-11T12:37:28.228+0000] {dag.py:3441} INFO - Setting next_dagrun for example_subdag_operator.section-2 to None, run_after=None
[2023-03-11T12:37:28.235+0000] {logging_mixin.py:137} INFO - [2023-03-11T12:37:28.235+0000] {dag.py:2690} INFO - Sync 2 DAGs
[2023-03-11T12:37:28.241+0000] {logging_mixin.py:137} INFO - [2023-03-11T12:37:28.240+0000] {dag.py:3441} INFO - Setting next_dagrun for example_subdag_operator.section-1 to None, run_after=None
[2023-03-11T12:37:28.241+0000] {logging_mixin.py:137} INFO - [2023-03-11T12:37:28.241+0000] {dag.py:3441} INFO - Setting next_dagrun for example_subdag_operator.section-2 to None, run_after=None
[2023-03-11T12:37:28.251+0000] {processor.py:175} INFO - Processing /home/airflow/.local/lib/python3.7/site-packages/airflow/example_dags/example_subdag_operator.py took 0.108 seconds
[2023-03-11T12:37:58.536+0000] {processor.py:153} INFO - Started process (PID=1363) to work on /home/airflow/.local/lib/python3.7/site-packages/airflow/example_dags/example_subdag_operator.py
[2023-03-11T12:37:58.537+0000] {processor.py:743} INFO - Processing file /home/airflow/.local/lib/python3.7/site-packages/airflow/example_dags/example_subdag_operator.py for tasks to queue
[2023-03-11T12:37:58.538+0000] {logging_mixin.py:137} INFO - [2023-03-11T12:37:58.537+0000] {dagbag.py:538} INFO - Filling up the DagBag from /home/airflow/.local/lib/python3.7/site-packages/airflow/example_dags/example_subdag_operator.py
[2023-03-11T12:37:58.572+0000] {processor.py:753} INFO - DAG(s) dict_keys(['example_subdag_operator.section-1', 'example_subdag_operator.section-2', 'example_subdag_operator']) retrieved from /home/airflow/.local/lib/python3.7/site-packages/airflow/example_dags/example_subdag_operator.py
[2023-03-11T12:37:58.601+0000] {logging_mixin.py:137} INFO - [2023-03-11T12:37:58.601+0000] {dag.py:2690} INFO - Sync 3 DAGs
[2023-03-11T12:37:58.637+0000] {logging_mixin.py:137} INFO - [2023-03-11T12:37:58.636+0000] {dag.py:3441} INFO - Setting next_dagrun for example_subdag_operator to 2022-01-01T00:00:00+00:00, run_after=2022-01-01T00:00:00+00:00
[2023-03-11T12:37:58.641+0000] {logging_mixin.py:137} INFO - [2023-03-11T12:37:58.641+0000] {dag.py:3441} INFO - Setting next_dagrun for example_subdag_operator.section-1 to None, run_after=None
[2023-03-11T12:37:58.643+0000] {logging_mixin.py:137} INFO - [2023-03-11T12:37:58.643+0000] {dag.py:3441} INFO - Setting next_dagrun for example_subdag_operator.section-2 to None, run_after=None
[2023-03-11T12:37:58.656+0000] {logging_mixin.py:137} INFO - [2023-03-11T12:37:58.656+0000] {dag.py:2690} INFO - Sync 2 DAGs
[2023-03-11T12:37:58.664+0000] {logging_mixin.py:137} INFO - [2023-03-11T12:37:58.663+0000] {dag.py:3441} INFO - Setting next_dagrun for example_subdag_operator.section-1 to None, run_after=None
[2023-03-11T12:37:58.664+0000] {logging_mixin.py:137} INFO - [2023-03-11T12:37:58.664+0000] {dag.py:3441} INFO - Setting next_dagrun for example_subdag_operator.section-2 to None, run_after=None
[2023-03-11T12:37:58.678+0000] {processor.py:175} INFO - Processing /home/airflow/.local/lib/python3.7/site-packages/airflow/example_dags/example_subdag_operator.py took 0.145 seconds
[2023-03-11T12:38:29.440+0000] {processor.py:153} INFO - Started process (PID=1449) to work on /home/airflow/.local/lib/python3.7/site-packages/airflow/example_dags/example_subdag_operator.py
[2023-03-11T12:38:29.441+0000] {processor.py:743} INFO - Processing file /home/airflow/.local/lib/python3.7/site-packages/airflow/example_dags/example_subdag_operator.py for tasks to queue
[2023-03-11T12:38:29.441+0000] {logging_mixin.py:137} INFO - [2023-03-11T12:38:29.441+0000] {dagbag.py:538} INFO - Filling up the DagBag from /home/airflow/.local/lib/python3.7/site-packages/airflow/example_dags/example_subdag_operator.py
[2023-03-11T12:38:29.476+0000] {processor.py:753} INFO - DAG(s) dict_keys(['example_subdag_operator.section-1', 'example_subdag_operator.section-2', 'example_subdag_operator']) retrieved from /home/airflow/.local/lib/python3.7/site-packages/airflow/example_dags/example_subdag_operator.py
[2023-03-11T12:38:29.497+0000] {logging_mixin.py:137} INFO - [2023-03-11T12:38:29.497+0000] {dag.py:2690} INFO - Sync 3 DAGs
[2023-03-11T12:38:29.523+0000] {logging_mixin.py:137} INFO - [2023-03-11T12:38:29.523+0000] {dag.py:3441} INFO - Setting next_dagrun for example_subdag_operator to 2022-01-01T00:00:00+00:00, run_after=2022-01-01T00:00:00+00:00
[2023-03-11T12:38:29.526+0000] {logging_mixin.py:137} INFO - [2023-03-11T12:38:29.526+0000] {dag.py:3441} INFO - Setting next_dagrun for example_subdag_operator.section-1 to None, run_after=None
[2023-03-11T12:38:29.527+0000] {logging_mixin.py:137} INFO - [2023-03-11T12:38:29.527+0000] {dag.py:3441} INFO - Setting next_dagrun for example_subdag_operator.section-2 to None, run_after=None
[2023-03-11T12:38:29.534+0000] {logging_mixin.py:137} INFO - [2023-03-11T12:38:29.534+0000] {dag.py:2690} INFO - Sync 2 DAGs
[2023-03-11T12:38:29.540+0000] {logging_mixin.py:137} INFO - [2023-03-11T12:38:29.540+0000] {dag.py:3441} INFO - Setting next_dagrun for example_subdag_operator.section-1 to None, run_after=None
[2023-03-11T12:38:29.540+0000] {logging_mixin.py:137} INFO - [2023-03-11T12:38:29.540+0000] {dag.py:3441} INFO - Setting next_dagrun for example_subdag_operator.section-2 to None, run_after=None
[2023-03-11T12:38:29.550+0000] {processor.py:175} INFO - Processing /home/airflow/.local/lib/python3.7/site-packages/airflow/example_dags/example_subdag_operator.py took 0.113 seconds
[2023-03-11T12:38:59.636+0000] {processor.py:153} INFO - Started process (PID=1536) to work on /home/airflow/.local/lib/python3.7/site-packages/airflow/example_dags/example_subdag_operator.py
[2023-03-11T12:38:59.637+0000] {processor.py:743} INFO - Processing file /home/airflow/.local/lib/python3.7/site-packages/airflow/example_dags/example_subdag_operator.py for tasks to queue
[2023-03-11T12:38:59.638+0000] {logging_mixin.py:137} INFO - [2023-03-11T12:38:59.638+0000] {dagbag.py:538} INFO - Filling up the DagBag from /home/airflow/.local/lib/python3.7/site-packages/airflow/example_dags/example_subdag_operator.py
[2023-03-11T12:38:59.672+0000] {processor.py:753} INFO - DAG(s) dict_keys(['example_subdag_operator.section-1', 'example_subdag_operator.section-2', 'example_subdag_operator']) retrieved from /home/airflow/.local/lib/python3.7/site-packages/airflow/example_dags/example_subdag_operator.py
[2023-03-11T12:38:59.692+0000] {logging_mixin.py:137} INFO - [2023-03-11T12:38:59.691+0000] {dag.py:2690} INFO - Sync 3 DAGs
[2023-03-11T12:38:59.717+0000] {logging_mixin.py:137} INFO - [2023-03-11T12:38:59.717+0000] {dag.py:3441} INFO - Setting next_dagrun for example_subdag_operator to 2022-01-01T00:00:00+00:00, run_after=2022-01-01T00:00:00+00:00
[2023-03-11T12:38:59.720+0000] {logging_mixin.py:137} INFO - [2023-03-11T12:38:59.720+0000] {dag.py:3441} INFO - Setting next_dagrun for example_subdag_operator.section-1 to None, run_after=None
[2023-03-11T12:38:59.721+0000] {logging_mixin.py:137} INFO - [2023-03-11T12:38:59.721+0000] {dag.py:3441} INFO - Setting next_dagrun for example_subdag_operator.section-2 to None, run_after=None
[2023-03-11T12:38:59.729+0000] {logging_mixin.py:137} INFO - [2023-03-11T12:38:59.729+0000] {dag.py:2690} INFO - Sync 2 DAGs
[2023-03-11T12:38:59.734+0000] {logging_mixin.py:137} INFO - [2023-03-11T12:38:59.734+0000] {dag.py:3441} INFO - Setting next_dagrun for example_subdag_operator.section-1 to None, run_after=None
[2023-03-11T12:38:59.735+0000] {logging_mixin.py:137} INFO - [2023-03-11T12:38:59.734+0000] {dag.py:3441} INFO - Setting next_dagrun for example_subdag_operator.section-2 to None, run_after=None
[2023-03-11T12:38:59.748+0000] {processor.py:175} INFO - Processing /home/airflow/.local/lib/python3.7/site-packages/airflow/example_dags/example_subdag_operator.py took 0.114 seconds
[2023-03-11T12:39:29.920+0000] {processor.py:153} INFO - Started process (PID=1647) to work on /home/airflow/.local/lib/python3.7/site-packages/airflow/example_dags/example_subdag_operator.py
[2023-03-11T12:39:29.921+0000] {processor.py:743} INFO - Processing file /home/airflow/.local/lib/python3.7/site-packages/airflow/example_dags/example_subdag_operator.py for tasks to queue
[2023-03-11T12:39:29.921+0000] {logging_mixin.py:137} INFO - [2023-03-11T12:39:29.921+0000] {dagbag.py:538} INFO - Filling up the DagBag from /home/airflow/.local/lib/python3.7/site-packages/airflow/example_dags/example_subdag_operator.py
[2023-03-11T12:39:29.953+0000] {processor.py:753} INFO - DAG(s) dict_keys(['example_subdag_operator.section-1', 'example_subdag_operator.section-2', 'example_subdag_operator']) retrieved from /home/airflow/.local/lib/python3.7/site-packages/airflow/example_dags/example_subdag_operator.py
[2023-03-11T12:39:29.976+0000] {logging_mixin.py:137} INFO - [2023-03-11T12:39:29.976+0000] {dag.py:2690} INFO - Sync 3 DAGs
[2023-03-11T12:39:30.007+0000] {logging_mixin.py:137} INFO - [2023-03-11T12:39:30.007+0000] {dag.py:3441} INFO - Setting next_dagrun for example_subdag_operator to 2022-01-01T00:00:00+00:00, run_after=2022-01-01T00:00:00+00:00
[2023-03-11T12:39:30.011+0000] {logging_mixin.py:137} INFO - [2023-03-11T12:39:30.011+0000] {dag.py:3441} INFO - Setting next_dagrun for example_subdag_operator.section-1 to None, run_after=None
[2023-03-11T12:39:30.012+0000] {logging_mixin.py:137} INFO - [2023-03-11T12:39:30.012+0000] {dag.py:3441} INFO - Setting next_dagrun for example_subdag_operator.section-2 to None, run_after=None
[2023-03-11T12:39:30.020+0000] {logging_mixin.py:137} INFO - [2023-03-11T12:39:30.020+0000] {dag.py:2690} INFO - Sync 2 DAGs
[2023-03-11T12:39:30.026+0000] {logging_mixin.py:137} INFO - [2023-03-11T12:39:30.026+0000] {dag.py:3441} INFO - Setting next_dagrun for example_subdag_operator.section-1 to None, run_after=None
[2023-03-11T12:39:30.026+0000] {logging_mixin.py:137} INFO - [2023-03-11T12:39:30.026+0000] {dag.py:3441} INFO - Setting next_dagrun for example_subdag_operator.section-2 to None, run_after=None
[2023-03-11T12:39:30.042+0000] {processor.py:175} INFO - Processing /home/airflow/.local/lib/python3.7/site-packages/airflow/example_dags/example_subdag_operator.py took 0.125 seconds
[2023-03-11T12:40:00.135+0000] {processor.py:153} INFO - Started process (PID=1734) to work on /home/airflow/.local/lib/python3.7/site-packages/airflow/example_dags/example_subdag_operator.py
[2023-03-11T12:40:00.136+0000] {processor.py:743} INFO - Processing file /home/airflow/.local/lib/python3.7/site-packages/airflow/example_dags/example_subdag_operator.py for tasks to queue
[2023-03-11T12:40:00.137+0000] {logging_mixin.py:137} INFO - [2023-03-11T12:40:00.137+0000] {dagbag.py:538} INFO - Filling up the DagBag from /home/airflow/.local/lib/python3.7/site-packages/airflow/example_dags/example_subdag_operator.py
[2023-03-11T12:40:00.170+0000] {processor.py:753} INFO - DAG(s) dict_keys(['example_subdag_operator.section-1', 'example_subdag_operator.section-2', 'example_subdag_operator']) retrieved from /home/airflow/.local/lib/python3.7/site-packages/airflow/example_dags/example_subdag_operator.py
[2023-03-11T12:40:00.190+0000] {logging_mixin.py:137} INFO - [2023-03-11T12:40:00.190+0000] {dag.py:2690} INFO - Sync 3 DAGs
[2023-03-11T12:40:00.218+0000] {logging_mixin.py:137} INFO - [2023-03-11T12:40:00.218+0000] {dag.py:3441} INFO - Setting next_dagrun for example_subdag_operator to 2022-01-01T00:00:00+00:00, run_after=2022-01-01T00:00:00+00:00
[2023-03-11T12:40:00.222+0000] {logging_mixin.py:137} INFO - [2023-03-11T12:40:00.221+0000] {dag.py:3441} INFO - Setting next_dagrun for example_subdag_operator.section-1 to None, run_after=None
[2023-03-11T12:40:00.223+0000] {logging_mixin.py:137} INFO - [2023-03-11T12:40:00.223+0000] {dag.py:3441} INFO - Setting next_dagrun for example_subdag_operator.section-2 to None, run_after=None
[2023-03-11T12:40:00.230+0000] {logging_mixin.py:137} INFO - [2023-03-11T12:40:00.230+0000] {dag.py:2690} INFO - Sync 2 DAGs
[2023-03-11T12:40:00.236+0000] {logging_mixin.py:137} INFO - [2023-03-11T12:40:00.236+0000] {dag.py:3441} INFO - Setting next_dagrun for example_subdag_operator.section-1 to None, run_after=None
[2023-03-11T12:40:00.236+0000] {logging_mixin.py:137} INFO - [2023-03-11T12:40:00.236+0000] {dag.py:3441} INFO - Setting next_dagrun for example_subdag_operator.section-2 to None, run_after=None
[2023-03-11T12:40:00.248+0000] {processor.py:175} INFO - Processing /home/airflow/.local/lib/python3.7/site-packages/airflow/example_dags/example_subdag_operator.py took 0.117 seconds
[2023-03-11T12:40:31.187+0000] {processor.py:153} INFO - Started process (PID=1821) to work on /home/airflow/.local/lib/python3.7/site-packages/airflow/example_dags/example_subdag_operator.py
[2023-03-11T12:40:31.188+0000] {processor.py:743} INFO - Processing file /home/airflow/.local/lib/python3.7/site-packages/airflow/example_dags/example_subdag_operator.py for tasks to queue
[2023-03-11T12:40:31.189+0000] {logging_mixin.py:137} INFO - [2023-03-11T12:40:31.189+0000] {dagbag.py:538} INFO - Filling up the DagBag from /home/airflow/.local/lib/python3.7/site-packages/airflow/example_dags/example_subdag_operator.py
[2023-03-11T12:40:31.224+0000] {processor.py:753} INFO - DAG(s) dict_keys(['example_subdag_operator.section-1', 'example_subdag_operator.section-2', 'example_subdag_operator']) retrieved from /home/airflow/.local/lib/python3.7/site-packages/airflow/example_dags/example_subdag_operator.py
[2023-03-11T12:40:31.246+0000] {logging_mixin.py:137} INFO - [2023-03-11T12:40:31.246+0000] {dag.py:2690} INFO - Sync 3 DAGs
[2023-03-11T12:40:31.274+0000] {logging_mixin.py:137} INFO - [2023-03-11T12:40:31.274+0000] {dag.py:3441} INFO - Setting next_dagrun for example_subdag_operator to 2022-01-01T00:00:00+00:00, run_after=2022-01-01T00:00:00+00:00
[2023-03-11T12:40:31.278+0000] {logging_mixin.py:137} INFO - [2023-03-11T12:40:31.278+0000] {dag.py:3441} INFO - Setting next_dagrun for example_subdag_operator.section-1 to None, run_after=None
[2023-03-11T12:40:31.279+0000] {logging_mixin.py:137} INFO - [2023-03-11T12:40:31.279+0000] {dag.py:3441} INFO - Setting next_dagrun for example_subdag_operator.section-2 to None, run_after=None
[2023-03-11T12:40:31.287+0000] {logging_mixin.py:137} INFO - [2023-03-11T12:40:31.287+0000] {dag.py:2690} INFO - Sync 2 DAGs
[2023-03-11T12:40:31.293+0000] {logging_mixin.py:137} INFO - [2023-03-11T12:40:31.293+0000] {dag.py:3441} INFO - Setting next_dagrun for example_subdag_operator.section-1 to None, run_after=None
[2023-03-11T12:40:31.293+0000] {logging_mixin.py:137} INFO - [2023-03-11T12:40:31.293+0000] {dag.py:3441} INFO - Setting next_dagrun for example_subdag_operator.section-2 to None, run_after=None
[2023-03-11T12:40:31.304+0000] {processor.py:175} INFO - Processing /home/airflow/.local/lib/python3.7/site-packages/airflow/example_dags/example_subdag_operator.py took 0.121 seconds
[2023-03-11T12:41:02.109+0000] {processor.py:153} INFO - Started process (PID=1932) to work on /home/airflow/.local/lib/python3.7/site-packages/airflow/example_dags/example_subdag_operator.py
[2023-03-11T12:41:02.110+0000] {processor.py:743} INFO - Processing file /home/airflow/.local/lib/python3.7/site-packages/airflow/example_dags/example_subdag_operator.py for tasks to queue
[2023-03-11T12:41:02.110+0000] {logging_mixin.py:137} INFO - [2023-03-11T12:41:02.110+0000] {dagbag.py:538} INFO - Filling up the DagBag from /home/airflow/.local/lib/python3.7/site-packages/airflow/example_dags/example_subdag_operator.py
[2023-03-11T12:41:02.143+0000] {processor.py:753} INFO - DAG(s) dict_keys(['example_subdag_operator.section-1', 'example_subdag_operator.section-2', 'example_subdag_operator']) retrieved from /home/airflow/.local/lib/python3.7/site-packages/airflow/example_dags/example_subdag_operator.py
[2023-03-11T12:41:02.166+0000] {logging_mixin.py:137} INFO - [2023-03-11T12:41:02.165+0000] {dag.py:2690} INFO - Sync 3 DAGs
[2023-03-11T12:41:02.195+0000] {logging_mixin.py:137} INFO - [2023-03-11T12:41:02.195+0000] {dag.py:3441} INFO - Setting next_dagrun for example_subdag_operator to 2022-01-01T00:00:00+00:00, run_after=2022-01-01T00:00:00+00:00
[2023-03-11T12:41:02.199+0000] {logging_mixin.py:137} INFO - [2023-03-11T12:41:02.199+0000] {dag.py:3441} INFO - Setting next_dagrun for example_subdag_operator.section-1 to None, run_after=None
[2023-03-11T12:41:02.201+0000] {logging_mixin.py:137} INFO - [2023-03-11T12:41:02.200+0000] {dag.py:3441} INFO - Setting next_dagrun for example_subdag_operator.section-2 to None, run_after=None
[2023-03-11T12:41:02.208+0000] {logging_mixin.py:137} INFO - [2023-03-11T12:41:02.208+0000] {dag.py:2690} INFO - Sync 2 DAGs
[2023-03-11T12:41:02.215+0000] {logging_mixin.py:137} INFO - [2023-03-11T12:41:02.215+0000] {dag.py:3441} INFO - Setting next_dagrun for example_subdag_operator.section-1 to None, run_after=None
[2023-03-11T12:41:02.215+0000] {logging_mixin.py:137} INFO - [2023-03-11T12:41:02.215+0000] {dag.py:3441} INFO - Setting next_dagrun for example_subdag_operator.section-2 to None, run_after=None
[2023-03-11T12:41:02.227+0000] {processor.py:175} INFO - Processing /home/airflow/.local/lib/python3.7/site-packages/airflow/example_dags/example_subdag_operator.py took 0.121 seconds
[2023-03-11T12:41:32.930+0000] {processor.py:153} INFO - Started process (PID=2019) to work on /home/airflow/.local/lib/python3.7/site-packages/airflow/example_dags/example_subdag_operator.py
[2023-03-11T12:41:32.933+0000] {processor.py:743} INFO - Processing file /home/airflow/.local/lib/python3.7/site-packages/airflow/example_dags/example_subdag_operator.py for tasks to queue
[2023-03-11T12:41:32.935+0000] {logging_mixin.py:137} INFO - [2023-03-11T12:41:32.934+0000] {dagbag.py:538} INFO - Filling up the DagBag from /home/airflow/.local/lib/python3.7/site-packages/airflow/example_dags/example_subdag_operator.py
[2023-03-11T12:41:32.968+0000] {processor.py:753} INFO - DAG(s) dict_keys(['example_subdag_operator.section-1', 'example_subdag_operator.section-2', 'example_subdag_operator']) retrieved from /home/airflow/.local/lib/python3.7/site-packages/airflow/example_dags/example_subdag_operator.py
[2023-03-11T12:41:32.988+0000] {logging_mixin.py:137} INFO - [2023-03-11T12:41:32.987+0000] {dag.py:2690} INFO - Sync 3 DAGs
[2023-03-11T12:41:33.014+0000] {logging_mixin.py:137} INFO - [2023-03-11T12:41:33.014+0000] {dag.py:3441} INFO - Setting next_dagrun for example_subdag_operator to 2022-01-01T00:00:00+00:00, run_after=2022-01-01T00:00:00+00:00
[2023-03-11T12:41:33.017+0000] {logging_mixin.py:137} INFO - [2023-03-11T12:41:33.017+0000] {dag.py:3441} INFO - Setting next_dagrun for example_subdag_operator.section-1 to None, run_after=None
[2023-03-11T12:41:33.019+0000] {logging_mixin.py:137} INFO - [2023-03-11T12:41:33.019+0000] {dag.py:3441} INFO - Setting next_dagrun for example_subdag_operator.section-2 to None, run_after=None
[2023-03-11T12:41:33.025+0000] {logging_mixin.py:137} INFO - [2023-03-11T12:41:33.025+0000] {dag.py:2690} INFO - Sync 2 DAGs
[2023-03-11T12:41:33.031+0000] {logging_mixin.py:137} INFO - [2023-03-11T12:41:33.031+0000] {dag.py:3441} INFO - Setting next_dagrun for example_subdag_operator.section-1 to None, run_after=None
[2023-03-11T12:41:33.031+0000] {logging_mixin.py:137} INFO - [2023-03-11T12:41:33.031+0000] {dag.py:3441} INFO - Setting next_dagrun for example_subdag_operator.section-2 to None, run_after=None
[2023-03-11T12:41:33.042+0000] {processor.py:175} INFO - Processing /home/airflow/.local/lib/python3.7/site-packages/airflow/example_dags/example_subdag_operator.py took 0.114 seconds
[2023-03-11T12:42:03.537+0000] {processor.py:153} INFO - Started process (PID=2130) to work on /home/airflow/.local/lib/python3.7/site-packages/airflow/example_dags/example_subdag_operator.py
[2023-03-11T12:42:03.538+0000] {processor.py:743} INFO - Processing file /home/airflow/.local/lib/python3.7/site-packages/airflow/example_dags/example_subdag_operator.py for tasks to queue
[2023-03-11T12:42:03.538+0000] {logging_mixin.py:137} INFO - [2023-03-11T12:42:03.538+0000] {dagbag.py:538} INFO - Filling up the DagBag from /home/airflow/.local/lib/python3.7/site-packages/airflow/example_dags/example_subdag_operator.py
[2023-03-11T12:42:03.573+0000] {processor.py:753} INFO - DAG(s) dict_keys(['example_subdag_operator.section-1', 'example_subdag_operator.section-2', 'example_subdag_operator']) retrieved from /home/airflow/.local/lib/python3.7/site-packages/airflow/example_dags/example_subdag_operator.py
[2023-03-11T12:42:03.596+0000] {logging_mixin.py:137} INFO - [2023-03-11T12:42:03.595+0000] {dag.py:2690} INFO - Sync 3 DAGs
[2023-03-11T12:42:03.623+0000] {logging_mixin.py:137} INFO - [2023-03-11T12:42:03.623+0000] {dag.py:3441} INFO - Setting next_dagrun for example_subdag_operator to 2022-01-01T00:00:00+00:00, run_after=2022-01-01T00:00:00+00:00
[2023-03-11T12:42:03.627+0000] {logging_mixin.py:137} INFO - [2023-03-11T12:42:03.627+0000] {dag.py:3441} INFO - Setting next_dagrun for example_subdag_operator.section-1 to None, run_after=None
[2023-03-11T12:42:03.628+0000] {logging_mixin.py:137} INFO - [2023-03-11T12:42:03.628+0000] {dag.py:3441} INFO - Setting next_dagrun for example_subdag_operator.section-2 to None, run_after=None
[2023-03-11T12:42:03.636+0000] {logging_mixin.py:137} INFO - [2023-03-11T12:42:03.636+0000] {dag.py:2690} INFO - Sync 2 DAGs
[2023-03-11T12:42:03.643+0000] {logging_mixin.py:137} INFO - [2023-03-11T12:42:03.642+0000] {dag.py:3441} INFO - Setting next_dagrun for example_subdag_operator.section-1 to None, run_after=None
[2023-03-11T12:42:03.643+0000] {logging_mixin.py:137} INFO - [2023-03-11T12:42:03.643+0000] {dag.py:3441} INFO - Setting next_dagrun for example_subdag_operator.section-2 to None, run_after=None
[2023-03-11T12:42:03.655+0000] {processor.py:175} INFO - Processing /home/airflow/.local/lib/python3.7/site-packages/airflow/example_dags/example_subdag_operator.py took 0.121 seconds
[2023-03-11T12:42:34.154+0000] {processor.py:153} INFO - Started process (PID=2217) to work on /home/airflow/.local/lib/python3.7/site-packages/airflow/example_dags/example_subdag_operator.py
[2023-03-11T12:42:34.155+0000] {processor.py:743} INFO - Processing file /home/airflow/.local/lib/python3.7/site-packages/airflow/example_dags/example_subdag_operator.py for tasks to queue
[2023-03-11T12:42:34.156+0000] {logging_mixin.py:137} INFO - [2023-03-11T12:42:34.156+0000] {dagbag.py:538} INFO - Filling up the DagBag from /home/airflow/.local/lib/python3.7/site-packages/airflow/example_dags/example_subdag_operator.py
[2023-03-11T12:42:34.186+0000] {processor.py:753} INFO - DAG(s) dict_keys(['example_subdag_operator.section-1', 'example_subdag_operator.section-2', 'example_subdag_operator']) retrieved from /home/airflow/.local/lib/python3.7/site-packages/airflow/example_dags/example_subdag_operator.py
[2023-03-11T12:42:34.203+0000] {logging_mixin.py:137} INFO - [2023-03-11T12:42:34.203+0000] {dag.py:2690} INFO - Sync 3 DAGs
[2023-03-11T12:42:34.228+0000] {logging_mixin.py:137} INFO - [2023-03-11T12:42:34.227+0000] {dag.py:3441} INFO - Setting next_dagrun for example_subdag_operator to 2022-01-01T00:00:00+00:00, run_after=2022-01-01T00:00:00+00:00
[2023-03-11T12:42:34.231+0000] {logging_mixin.py:137} INFO - [2023-03-11T12:42:34.231+0000] {dag.py:3441} INFO - Setting next_dagrun for example_subdag_operator.section-1 to None, run_after=None
[2023-03-11T12:42:34.232+0000] {logging_mixin.py:137} INFO - [2023-03-11T12:42:34.232+0000] {dag.py:3441} INFO - Setting next_dagrun for example_subdag_operator.section-2 to None, run_after=None
[2023-03-11T12:42:34.239+0000] {logging_mixin.py:137} INFO - [2023-03-11T12:42:34.239+0000] {dag.py:2690} INFO - Sync 2 DAGs
[2023-03-11T12:42:34.246+0000] {logging_mixin.py:137} INFO - [2023-03-11T12:42:34.246+0000] {dag.py:3441} INFO - Setting next_dagrun for example_subdag_operator.section-1 to None, run_after=None
[2023-03-11T12:42:34.247+0000] {logging_mixin.py:137} INFO - [2023-03-11T12:42:34.247+0000] {dag.py:3441} INFO - Setting next_dagrun for example_subdag_operator.section-2 to None, run_after=None
[2023-03-11T12:42:34.258+0000] {processor.py:175} INFO - Processing /home/airflow/.local/lib/python3.7/site-packages/airflow/example_dags/example_subdag_operator.py took 0.106 seconds
[2023-03-11T12:43:04.781+0000] {processor.py:153} INFO - Started process (PID=2304) to work on /home/airflow/.local/lib/python3.7/site-packages/airflow/example_dags/example_subdag_operator.py
[2023-03-11T12:43:04.782+0000] {processor.py:743} INFO - Processing file /home/airflow/.local/lib/python3.7/site-packages/airflow/example_dags/example_subdag_operator.py for tasks to queue
[2023-03-11T12:43:04.783+0000] {logging_mixin.py:137} INFO - [2023-03-11T12:43:04.783+0000] {dagbag.py:538} INFO - Filling up the DagBag from /home/airflow/.local/lib/python3.7/site-packages/airflow/example_dags/example_subdag_operator.py
[2023-03-11T12:43:04.815+0000] {processor.py:753} INFO - DAG(s) dict_keys(['example_subdag_operator.section-1', 'example_subdag_operator.section-2', 'example_subdag_operator']) retrieved from /home/airflow/.local/lib/python3.7/site-packages/airflow/example_dags/example_subdag_operator.py
[2023-03-11T12:43:04.832+0000] {logging_mixin.py:137} INFO - [2023-03-11T12:43:04.832+0000] {dag.py:2690} INFO - Sync 3 DAGs
[2023-03-11T12:43:04.858+0000] {logging_mixin.py:137} INFO - [2023-03-11T12:43:04.858+0000] {dag.py:3441} INFO - Setting next_dagrun for example_subdag_operator to 2022-01-01T00:00:00+00:00, run_after=2022-01-01T00:00:00+00:00
[2023-03-11T12:43:04.861+0000] {logging_mixin.py:137} INFO - [2023-03-11T12:43:04.861+0000] {dag.py:3441} INFO - Setting next_dagrun for example_subdag_operator.section-1 to None, run_after=None
[2023-03-11T12:43:04.862+0000] {logging_mixin.py:137} INFO - [2023-03-11T12:43:04.862+0000] {dag.py:3441} INFO - Setting next_dagrun for example_subdag_operator.section-2 to None, run_after=None
[2023-03-11T12:43:04.872+0000] {logging_mixin.py:137} INFO - [2023-03-11T12:43:04.872+0000] {dag.py:2690} INFO - Sync 2 DAGs
[2023-03-11T12:43:04.880+0000] {logging_mixin.py:137} INFO - [2023-03-11T12:43:04.879+0000] {dag.py:3441} INFO - Setting next_dagrun for example_subdag_operator.section-1 to None, run_after=None
[2023-03-11T12:43:04.880+0000] {logging_mixin.py:137} INFO - [2023-03-11T12:43:04.880+0000] {dag.py:3441} INFO - Setting next_dagrun for example_subdag_operator.section-2 to None, run_after=None
[2023-03-11T12:43:04.890+0000] {processor.py:175} INFO - Processing /home/airflow/.local/lib/python3.7/site-packages/airflow/example_dags/example_subdag_operator.py took 0.112 seconds
[2023-03-11T12:43:35.469+0000] {processor.py:153} INFO - Started process (PID=2415) to work on /home/airflow/.local/lib/python3.7/site-packages/airflow/example_dags/example_subdag_operator.py
[2023-03-11T12:43:35.470+0000] {processor.py:743} INFO - Processing file /home/airflow/.local/lib/python3.7/site-packages/airflow/example_dags/example_subdag_operator.py for tasks to queue
[2023-03-11T12:43:35.471+0000] {logging_mixin.py:137} INFO - [2023-03-11T12:43:35.470+0000] {dagbag.py:538} INFO - Filling up the DagBag from /home/airflow/.local/lib/python3.7/site-packages/airflow/example_dags/example_subdag_operator.py
[2023-03-11T12:43:35.502+0000] {processor.py:753} INFO - DAG(s) dict_keys(['example_subdag_operator.section-1', 'example_subdag_operator.section-2', 'example_subdag_operator']) retrieved from /home/airflow/.local/lib/python3.7/site-packages/airflow/example_dags/example_subdag_operator.py
[2023-03-11T12:43:35.520+0000] {logging_mixin.py:137} INFO - [2023-03-11T12:43:35.520+0000] {dag.py:2690} INFO - Sync 3 DAGs
[2023-03-11T12:43:35.546+0000] {logging_mixin.py:137} INFO - [2023-03-11T12:43:35.546+0000] {dag.py:3441} INFO - Setting next_dagrun for example_subdag_operator to 2022-01-01T00:00:00+00:00, run_after=2022-01-01T00:00:00+00:00
[2023-03-11T12:43:35.550+0000] {logging_mixin.py:137} INFO - [2023-03-11T12:43:35.550+0000] {dag.py:3441} INFO - Setting next_dagrun for example_subdag_operator.section-1 to None, run_after=None
[2023-03-11T12:43:35.551+0000] {logging_mixin.py:137} INFO - [2023-03-11T12:43:35.551+0000] {dag.py:3441} INFO - Setting next_dagrun for example_subdag_operator.section-2 to None, run_after=None
[2023-03-11T12:43:35.558+0000] {logging_mixin.py:137} INFO - [2023-03-11T12:43:35.558+0000] {dag.py:2690} INFO - Sync 2 DAGs
[2023-03-11T12:43:35.564+0000] {logging_mixin.py:137} INFO - [2023-03-11T12:43:35.564+0000] {dag.py:3441} INFO - Setting next_dagrun for example_subdag_operator.section-1 to None, run_after=None
[2023-03-11T12:43:35.564+0000] {logging_mixin.py:137} INFO - [2023-03-11T12:43:35.564+0000] {dag.py:3441} INFO - Setting next_dagrun for example_subdag_operator.section-2 to None, run_after=None
[2023-03-11T12:43:35.574+0000] {processor.py:175} INFO - Processing /home/airflow/.local/lib/python3.7/site-packages/airflow/example_dags/example_subdag_operator.py took 0.107 seconds
[2023-03-11T12:44:05.930+0000] {processor.py:153} INFO - Started process (PID=2502) to work on /home/airflow/.local/lib/python3.7/site-packages/airflow/example_dags/example_subdag_operator.py
[2023-03-11T12:44:05.931+0000] {processor.py:743} INFO - Processing file /home/airflow/.local/lib/python3.7/site-packages/airflow/example_dags/example_subdag_operator.py for tasks to queue
[2023-03-11T12:44:05.932+0000] {logging_mixin.py:137} INFO - [2023-03-11T12:44:05.931+0000] {dagbag.py:538} INFO - Filling up the DagBag from /home/airflow/.local/lib/python3.7/site-packages/airflow/example_dags/example_subdag_operator.py
[2023-03-11T12:44:05.964+0000] {processor.py:753} INFO - DAG(s) dict_keys(['example_subdag_operator.section-1', 'example_subdag_operator.section-2', 'example_subdag_operator']) retrieved from /home/airflow/.local/lib/python3.7/site-packages/airflow/example_dags/example_subdag_operator.py
[2023-03-11T12:44:05.985+0000] {logging_mixin.py:137} INFO - [2023-03-11T12:44:05.985+0000] {dag.py:2690} INFO - Sync 3 DAGs
[2023-03-11T12:44:06.013+0000] {logging_mixin.py:137} INFO - [2023-03-11T12:44:06.012+0000] {dag.py:3441} INFO - Setting next_dagrun for example_subdag_operator to 2022-01-01T00:00:00+00:00, run_after=2022-01-01T00:00:00+00:00
[2023-03-11T12:44:06.016+0000] {logging_mixin.py:137} INFO - [2023-03-11T12:44:06.016+0000] {dag.py:3441} INFO - Setting next_dagrun for example_subdag_operator.section-1 to None, run_after=None
[2023-03-11T12:44:06.017+0000] {logging_mixin.py:137} INFO - [2023-03-11T12:44:06.017+0000] {dag.py:3441} INFO - Setting next_dagrun for example_subdag_operator.section-2 to None, run_after=None
[2023-03-11T12:44:06.025+0000] {logging_mixin.py:137} INFO - [2023-03-11T12:44:06.025+0000] {dag.py:2690} INFO - Sync 2 DAGs
[2023-03-11T12:44:06.031+0000] {logging_mixin.py:137} INFO - [2023-03-11T12:44:06.031+0000] {dag.py:3441} INFO - Setting next_dagrun for example_subdag_operator.section-1 to None, run_after=None
[2023-03-11T12:44:06.031+0000] {logging_mixin.py:137} INFO - [2023-03-11T12:44:06.031+0000] {dag.py:3441} INFO - Setting next_dagrun for example_subdag_operator.section-2 to None, run_after=None
[2023-03-11T12:44:06.044+0000] {processor.py:175} INFO - Processing /home/airflow/.local/lib/python3.7/site-packages/airflow/example_dags/example_subdag_operator.py took 0.117 seconds
[2023-03-11T12:44:36.808+0000] {processor.py:153} INFO - Started process (PID=2613) to work on /home/airflow/.local/lib/python3.7/site-packages/airflow/example_dags/example_subdag_operator.py
[2023-03-11T12:44:36.809+0000] {processor.py:743} INFO - Processing file /home/airflow/.local/lib/python3.7/site-packages/airflow/example_dags/example_subdag_operator.py for tasks to queue
[2023-03-11T12:44:36.810+0000] {logging_mixin.py:137} INFO - [2023-03-11T12:44:36.810+0000] {dagbag.py:538} INFO - Filling up the DagBag from /home/airflow/.local/lib/python3.7/site-packages/airflow/example_dags/example_subdag_operator.py
[2023-03-11T12:44:36.849+0000] {processor.py:753} INFO - DAG(s) dict_keys(['example_subdag_operator.section-1', 'example_subdag_operator.section-2', 'example_subdag_operator']) retrieved from /home/airflow/.local/lib/python3.7/site-packages/airflow/example_dags/example_subdag_operator.py
[2023-03-11T12:44:36.874+0000] {logging_mixin.py:137} INFO - [2023-03-11T12:44:36.873+0000] {dag.py:2690} INFO - Sync 3 DAGs
[2023-03-11T12:44:36.902+0000] {logging_mixin.py:137} INFO - [2023-03-11T12:44:36.902+0000] {dag.py:3441} INFO - Setting next_dagrun for example_subdag_operator to 2022-01-01T00:00:00+00:00, run_after=2022-01-01T00:00:00+00:00
[2023-03-11T12:44:36.906+0000] {logging_mixin.py:137} INFO - [2023-03-11T12:44:36.906+0000] {dag.py:3441} INFO - Setting next_dagrun for example_subdag_operator.section-1 to None, run_after=None
[2023-03-11T12:44:36.908+0000] {logging_mixin.py:137} INFO - [2023-03-11T12:44:36.907+0000] {dag.py:3441} INFO - Setting next_dagrun for example_subdag_operator.section-2 to None, run_after=None
[2023-03-11T12:44:36.916+0000] {logging_mixin.py:137} INFO - [2023-03-11T12:44:36.915+0000] {dag.py:2690} INFO - Sync 2 DAGs
[2023-03-11T12:44:36.922+0000] {logging_mixin.py:137} INFO - [2023-03-11T12:44:36.921+0000] {dag.py:3441} INFO - Setting next_dagrun for example_subdag_operator.section-1 to None, run_after=None
[2023-03-11T12:44:36.922+0000] {logging_mixin.py:137} INFO - [2023-03-11T12:44:36.922+0000] {dag.py:3441} INFO - Setting next_dagrun for example_subdag_operator.section-2 to None, run_after=None
[2023-03-11T12:44:36.934+0000] {processor.py:175} INFO - Processing /home/airflow/.local/lib/python3.7/site-packages/airflow/example_dags/example_subdag_operator.py took 0.128 seconds
[2023-03-11T12:45:08.023+0000] {processor.py:153} INFO - Started process (PID=2700) to work on /home/airflow/.local/lib/python3.7/site-packages/airflow/example_dags/example_subdag_operator.py
[2023-03-11T12:45:08.024+0000] {processor.py:743} INFO - Processing file /home/airflow/.local/lib/python3.7/site-packages/airflow/example_dags/example_subdag_operator.py for tasks to queue
[2023-03-11T12:45:08.025+0000] {logging_mixin.py:137} INFO - [2023-03-11T12:45:08.025+0000] {dagbag.py:538} INFO - Filling up the DagBag from /home/airflow/.local/lib/python3.7/site-packages/airflow/example_dags/example_subdag_operator.py
[2023-03-11T12:45:08.069+0000] {processor.py:753} INFO - DAG(s) dict_keys(['example_subdag_operator.section-1', 'example_subdag_operator.section-2', 'example_subdag_operator']) retrieved from /home/airflow/.local/lib/python3.7/site-packages/airflow/example_dags/example_subdag_operator.py
[2023-03-11T12:45:08.096+0000] {logging_mixin.py:137} INFO - [2023-03-11T12:45:08.095+0000] {dag.py:2690} INFO - Sync 3 DAGs
[2023-03-11T12:45:08.137+0000] {logging_mixin.py:137} INFO - [2023-03-11T12:45:08.137+0000] {dag.py:3441} INFO - Setting next_dagrun for example_subdag_operator to 2022-01-01T00:00:00+00:00, run_after=2022-01-01T00:00:00+00:00
[2023-03-11T12:45:08.144+0000] {logging_mixin.py:137} INFO - [2023-03-11T12:45:08.143+0000] {dag.py:3441} INFO - Setting next_dagrun for example_subdag_operator.section-1 to None, run_after=None
[2023-03-11T12:45:08.145+0000] {logging_mixin.py:137} INFO - [2023-03-11T12:45:08.145+0000] {dag.py:3441} INFO - Setting next_dagrun for example_subdag_operator.section-2 to None, run_after=None
[2023-03-11T12:45:08.160+0000] {logging_mixin.py:137} INFO - [2023-03-11T12:45:08.159+0000] {dag.py:2690} INFO - Sync 2 DAGs
[2023-03-11T12:45:08.169+0000] {logging_mixin.py:137} INFO - [2023-03-11T12:45:08.169+0000] {dag.py:3441} INFO - Setting next_dagrun for example_subdag_operator.section-1 to None, run_after=None
[2023-03-11T12:45:08.170+0000] {logging_mixin.py:137} INFO - [2023-03-11T12:45:08.170+0000] {dag.py:3441} INFO - Setting next_dagrun for example_subdag_operator.section-2 to None, run_after=None
[2023-03-11T12:45:08.191+0000] {processor.py:175} INFO - Processing /home/airflow/.local/lib/python3.7/site-packages/airflow/example_dags/example_subdag_operator.py took 0.173 seconds
[2023-03-11T12:45:38.534+0000] {processor.py:153} INFO - Started process (PID=2796) to work on /home/airflow/.local/lib/python3.7/site-packages/airflow/example_dags/example_subdag_operator.py
[2023-03-11T12:45:38.535+0000] {processor.py:743} INFO - Processing file /home/airflow/.local/lib/python3.7/site-packages/airflow/example_dags/example_subdag_operator.py for tasks to queue
[2023-03-11T12:45:38.536+0000] {logging_mixin.py:137} INFO - [2023-03-11T12:45:38.536+0000] {dagbag.py:538} INFO - Filling up the DagBag from /home/airflow/.local/lib/python3.7/site-packages/airflow/example_dags/example_subdag_operator.py
[2023-03-11T12:45:38.571+0000] {processor.py:753} INFO - DAG(s) dict_keys(['example_subdag_operator.section-1', 'example_subdag_operator.section-2', 'example_subdag_operator']) retrieved from /home/airflow/.local/lib/python3.7/site-packages/airflow/example_dags/example_subdag_operator.py
[2023-03-11T12:45:38.590+0000] {logging_mixin.py:137} INFO - [2023-03-11T12:45:38.590+0000] {dag.py:2690} INFO - Sync 3 DAGs
[2023-03-11T12:45:38.626+0000] {logging_mixin.py:137} INFO - [2023-03-11T12:45:38.626+0000] {dag.py:3441} INFO - Setting next_dagrun for example_subdag_operator to 2022-01-01T00:00:00+00:00, run_after=2022-01-01T00:00:00+00:00
[2023-03-11T12:45:38.630+0000] {logging_mixin.py:137} INFO - [2023-03-11T12:45:38.630+0000] {dag.py:3441} INFO - Setting next_dagrun for example_subdag_operator.section-1 to None, run_after=None
[2023-03-11T12:45:38.632+0000] {logging_mixin.py:137} INFO - [2023-03-11T12:45:38.632+0000] {dag.py:3441} INFO - Setting next_dagrun for example_subdag_operator.section-2 to None, run_after=None
[2023-03-11T12:45:38.641+0000] {logging_mixin.py:137} INFO - [2023-03-11T12:45:38.641+0000] {dag.py:2690} INFO - Sync 2 DAGs
[2023-03-11T12:45:38.655+0000] {logging_mixin.py:137} INFO - [2023-03-11T12:45:38.655+0000] {dag.py:3441} INFO - Setting next_dagrun for example_subdag_operator.section-1 to None, run_after=None
[2023-03-11T12:45:38.656+0000] {logging_mixin.py:137} INFO - [2023-03-11T12:45:38.656+0000] {dag.py:3441} INFO - Setting next_dagrun for example_subdag_operator.section-2 to None, run_after=None
[2023-03-11T12:45:38.669+0000] {processor.py:175} INFO - Processing /home/airflow/.local/lib/python3.7/site-packages/airflow/example_dags/example_subdag_operator.py took 0.138 seconds
[2023-03-11T12:46:09.630+0000] {processor.py:153} INFO - Started process (PID=2898) to work on /home/airflow/.local/lib/python3.7/site-packages/airflow/example_dags/example_subdag_operator.py
[2023-03-11T12:46:09.631+0000] {processor.py:743} INFO - Processing file /home/airflow/.local/lib/python3.7/site-packages/airflow/example_dags/example_subdag_operator.py for tasks to queue
[2023-03-11T12:46:09.631+0000] {logging_mixin.py:137} INFO - [2023-03-11T12:46:09.631+0000] {dagbag.py:538} INFO - Filling up the DagBag from /home/airflow/.local/lib/python3.7/site-packages/airflow/example_dags/example_subdag_operator.py
[2023-03-11T12:46:09.663+0000] {processor.py:753} INFO - DAG(s) dict_keys(['example_subdag_operator.section-1', 'example_subdag_operator.section-2', 'example_subdag_operator']) retrieved from /home/airflow/.local/lib/python3.7/site-packages/airflow/example_dags/example_subdag_operator.py
[2023-03-11T12:46:09.685+0000] {logging_mixin.py:137} INFO - [2023-03-11T12:46:09.684+0000] {dag.py:2690} INFO - Sync 3 DAGs
[2023-03-11T12:46:09.709+0000] {logging_mixin.py:137} INFO - [2023-03-11T12:46:09.709+0000] {dag.py:3441} INFO - Setting next_dagrun for example_subdag_operator to 2022-01-01T00:00:00+00:00, run_after=2022-01-01T00:00:00+00:00
[2023-03-11T12:46:09.713+0000] {logging_mixin.py:137} INFO - [2023-03-11T12:46:09.713+0000] {dag.py:3441} INFO - Setting next_dagrun for example_subdag_operator.section-1 to None, run_after=None
[2023-03-11T12:46:09.714+0000] {logging_mixin.py:137} INFO - [2023-03-11T12:46:09.714+0000] {dag.py:3441} INFO - Setting next_dagrun for example_subdag_operator.section-2 to None, run_after=None
[2023-03-11T12:46:09.721+0000] {logging_mixin.py:137} INFO - [2023-03-11T12:46:09.721+0000] {dag.py:2690} INFO - Sync 2 DAGs
[2023-03-11T12:46:09.726+0000] {logging_mixin.py:137} INFO - [2023-03-11T12:46:09.726+0000] {dag.py:3441} INFO - Setting next_dagrun for example_subdag_operator.section-1 to None, run_after=None
[2023-03-11T12:46:09.727+0000] {logging_mixin.py:137} INFO - [2023-03-11T12:46:09.726+0000] {dag.py:3441} INFO - Setting next_dagrun for example_subdag_operator.section-2 to None, run_after=None
[2023-03-11T12:46:09.739+0000] {processor.py:175} INFO - Processing /home/airflow/.local/lib/python3.7/site-packages/airflow/example_dags/example_subdag_operator.py took 0.111 seconds
[2023-03-11T12:46:40.455+0000] {processor.py:153} INFO - Started process (PID=2985) to work on /home/airflow/.local/lib/python3.7/site-packages/airflow/example_dags/example_subdag_operator.py
[2023-03-11T12:46:40.457+0000] {processor.py:743} INFO - Processing file /home/airflow/.local/lib/python3.7/site-packages/airflow/example_dags/example_subdag_operator.py for tasks to queue
[2023-03-11T12:46:40.457+0000] {logging_mixin.py:137} INFO - [2023-03-11T12:46:40.457+0000] {dagbag.py:538} INFO - Filling up the DagBag from /home/airflow/.local/lib/python3.7/site-packages/airflow/example_dags/example_subdag_operator.py
[2023-03-11T12:46:40.489+0000] {processor.py:753} INFO - DAG(s) dict_keys(['example_subdag_operator.section-1', 'example_subdag_operator.section-2', 'example_subdag_operator']) retrieved from /home/airflow/.local/lib/python3.7/site-packages/airflow/example_dags/example_subdag_operator.py
[2023-03-11T12:46:40.509+0000] {logging_mixin.py:137} INFO - [2023-03-11T12:46:40.509+0000] {dag.py:2690} INFO - Sync 3 DAGs
[2023-03-11T12:46:40.536+0000] {logging_mixin.py:137} INFO - [2023-03-11T12:46:40.536+0000] {dag.py:3441} INFO - Setting next_dagrun for example_subdag_operator to 2022-01-01T00:00:00+00:00, run_after=2022-01-01T00:00:00+00:00
[2023-03-11T12:46:40.540+0000] {logging_mixin.py:137} INFO - [2023-03-11T12:46:40.540+0000] {dag.py:3441} INFO - Setting next_dagrun for example_subdag_operator.section-1 to None, run_after=None
[2023-03-11T12:46:40.541+0000] {logging_mixin.py:137} INFO - [2023-03-11T12:46:40.541+0000] {dag.py:3441} INFO - Setting next_dagrun for example_subdag_operator.section-2 to None, run_after=None
[2023-03-11T12:46:40.548+0000] {logging_mixin.py:137} INFO - [2023-03-11T12:46:40.548+0000] {dag.py:2690} INFO - Sync 2 DAGs
[2023-03-11T12:46:40.554+0000] {logging_mixin.py:137} INFO - [2023-03-11T12:46:40.554+0000] {dag.py:3441} INFO - Setting next_dagrun for example_subdag_operator.section-1 to None, run_after=None
[2023-03-11T12:46:40.554+0000] {logging_mixin.py:137} INFO - [2023-03-11T12:46:40.554+0000] {dag.py:3441} INFO - Setting next_dagrun for example_subdag_operator.section-2 to None, run_after=None
[2023-03-11T12:46:40.567+0000] {processor.py:175} INFO - Processing /home/airflow/.local/lib/python3.7/site-packages/airflow/example_dags/example_subdag_operator.py took 0.115 seconds
