[2023-03-11T12:31:16.882+0000] {processor.py:153} INFO - Started process (PID=76) to work on /home/airflow/.local/lib/python3.7/site-packages/airflow/example_dags/example_branch_operator.py
[2023-03-11T12:31:16.884+0000] {processor.py:743} INFO - Processing file /home/airflow/.local/lib/python3.7/site-packages/airflow/example_dags/example_branch_operator.py for tasks to queue
[2023-03-11T12:31:16.885+0000] {logging_mixin.py:137} INFO - [2023-03-11T12:31:16.884+0000] {dagbag.py:538} INFO - Filling up the DagBag from /home/airflow/.local/lib/python3.7/site-packages/airflow/example_dags/example_branch_operator.py
[2023-03-11T12:31:16.912+0000] {processor.py:753} INFO - DAG(s) dict_keys(['example_branch_operator']) retrieved from /home/airflow/.local/lib/python3.7/site-packages/airflow/example_dags/example_branch_operator.py
[2023-03-11T12:31:16.937+0000] {logging_mixin.py:137} INFO - [2023-03-11T12:31:16.937+0000] {dag.py:2690} INFO - Sync 1 DAGs
[2023-03-11T12:31:17.005+0000] {logging_mixin.py:137} INFO - [2023-03-11T12:31:17.004+0000] {dag.py:3441} INFO - Setting next_dagrun for example_branch_operator to 2023-03-10T00:00:00+00:00, run_after=2023-03-11T00:00:00+00:00
[2023-03-11T12:31:17.058+0000] {processor.py:175} INFO - Processing /home/airflow/.local/lib/python3.7/site-packages/airflow/example_dags/example_branch_operator.py took 0.181 seconds
[2023-03-11T12:31:47.947+0000] {processor.py:153} INFO - Started process (PID=178) to work on /home/airflow/.local/lib/python3.7/site-packages/airflow/example_dags/example_branch_operator.py
[2023-03-11T12:31:47.948+0000] {processor.py:743} INFO - Processing file /home/airflow/.local/lib/python3.7/site-packages/airflow/example_dags/example_branch_operator.py for tasks to queue
[2023-03-11T12:31:47.949+0000] {logging_mixin.py:137} INFO - [2023-03-11T12:31:47.948+0000] {dagbag.py:538} INFO - Filling up the DagBag from /home/airflow/.local/lib/python3.7/site-packages/airflow/example_dags/example_branch_operator.py
[2023-03-11T12:31:47.967+0000] {processor.py:753} INFO - DAG(s) dict_keys(['example_branch_operator']) retrieved from /home/airflow/.local/lib/python3.7/site-packages/airflow/example_dags/example_branch_operator.py
[2023-03-11T12:31:47.996+0000] {logging_mixin.py:137} INFO - [2023-03-11T12:31:47.996+0000] {dag.py:2690} INFO - Sync 1 DAGs
[2023-03-11T12:31:48.027+0000] {logging_mixin.py:137} INFO - [2023-03-11T12:31:48.027+0000] {dag.py:3441} INFO - Setting next_dagrun for example_branch_operator to 2023-03-10T00:00:00+00:00, run_after=2023-03-11T00:00:00+00:00
[2023-03-11T12:31:48.046+0000] {processor.py:175} INFO - Processing /home/airflow/.local/lib/python3.7/site-packages/airflow/example_dags/example_branch_operator.py took 0.103 seconds
[2023-03-11T12:32:18.793+0000] {processor.py:153} INFO - Started process (PID=265) to work on /home/airflow/.local/lib/python3.7/site-packages/airflow/example_dags/example_branch_operator.py
[2023-03-11T12:32:18.794+0000] {processor.py:743} INFO - Processing file /home/airflow/.local/lib/python3.7/site-packages/airflow/example_dags/example_branch_operator.py for tasks to queue
[2023-03-11T12:32:18.795+0000] {logging_mixin.py:137} INFO - [2023-03-11T12:32:18.794+0000] {dagbag.py:538} INFO - Filling up the DagBag from /home/airflow/.local/lib/python3.7/site-packages/airflow/example_dags/example_branch_operator.py
[2023-03-11T12:32:18.811+0000] {processor.py:753} INFO - DAG(s) dict_keys(['example_branch_operator']) retrieved from /home/airflow/.local/lib/python3.7/site-packages/airflow/example_dags/example_branch_operator.py
[2023-03-11T12:32:18.843+0000] {logging_mixin.py:137} INFO - [2023-03-11T12:32:18.842+0000] {dag.py:2690} INFO - Sync 1 DAGs
[2023-03-11T12:32:18.873+0000] {logging_mixin.py:137} INFO - [2023-03-11T12:32:18.873+0000] {dag.py:3441} INFO - Setting next_dagrun for example_branch_operator to 2023-03-10T00:00:00+00:00, run_after=2023-03-11T00:00:00+00:00
[2023-03-11T12:32:18.893+0000] {processor.py:175} INFO - Processing /home/airflow/.local/lib/python3.7/site-packages/airflow/example_dags/example_branch_operator.py took 0.103 seconds
[2023-03-11T12:32:49.774+0000] {processor.py:153} INFO - Started process (PID=376) to work on /home/airflow/.local/lib/python3.7/site-packages/airflow/example_dags/example_branch_operator.py
[2023-03-11T12:32:49.775+0000] {processor.py:743} INFO - Processing file /home/airflow/.local/lib/python3.7/site-packages/airflow/example_dags/example_branch_operator.py for tasks to queue
[2023-03-11T12:32:49.776+0000] {logging_mixin.py:137} INFO - [2023-03-11T12:32:49.776+0000] {dagbag.py:538} INFO - Filling up the DagBag from /home/airflow/.local/lib/python3.7/site-packages/airflow/example_dags/example_branch_operator.py
[2023-03-11T12:32:49.793+0000] {processor.py:753} INFO - DAG(s) dict_keys(['example_branch_operator']) retrieved from /home/airflow/.local/lib/python3.7/site-packages/airflow/example_dags/example_branch_operator.py
[2023-03-11T12:32:49.823+0000] {logging_mixin.py:137} INFO - [2023-03-11T12:32:49.823+0000] {dag.py:2690} INFO - Sync 1 DAGs
[2023-03-11T12:32:49.853+0000] {logging_mixin.py:137} INFO - [2023-03-11T12:32:49.853+0000] {dag.py:3441} INFO - Setting next_dagrun for example_branch_operator to 2023-03-10T00:00:00+00:00, run_after=2023-03-11T00:00:00+00:00
[2023-03-11T12:32:49.876+0000] {processor.py:175} INFO - Processing /home/airflow/.local/lib/python3.7/site-packages/airflow/example_dags/example_branch_operator.py took 0.105 seconds
[2023-03-11T12:33:20.630+0000] {processor.py:153} INFO - Started process (PID=463) to work on /home/airflow/.local/lib/python3.7/site-packages/airflow/example_dags/example_branch_operator.py
[2023-03-11T12:33:20.631+0000] {processor.py:743} INFO - Processing file /home/airflow/.local/lib/python3.7/site-packages/airflow/example_dags/example_branch_operator.py for tasks to queue
[2023-03-11T12:33:20.631+0000] {logging_mixin.py:137} INFO - [2023-03-11T12:33:20.631+0000] {dagbag.py:538} INFO - Filling up the DagBag from /home/airflow/.local/lib/python3.7/site-packages/airflow/example_dags/example_branch_operator.py
[2023-03-11T12:33:20.649+0000] {processor.py:753} INFO - DAG(s) dict_keys(['example_branch_operator']) retrieved from /home/airflow/.local/lib/python3.7/site-packages/airflow/example_dags/example_branch_operator.py
[2023-03-11T12:33:20.682+0000] {logging_mixin.py:137} INFO - [2023-03-11T12:33:20.682+0000] {dag.py:2690} INFO - Sync 1 DAGs
[2023-03-11T12:33:20.710+0000] {logging_mixin.py:137} INFO - [2023-03-11T12:33:20.710+0000] {dag.py:3441} INFO - Setting next_dagrun for example_branch_operator to 2023-03-10T00:00:00+00:00, run_after=2023-03-11T00:00:00+00:00
[2023-03-11T12:33:20.734+0000] {processor.py:175} INFO - Processing /home/airflow/.local/lib/python3.7/site-packages/airflow/example_dags/example_branch_operator.py took 0.107 seconds
[2023-03-11T12:33:51.705+0000] {processor.py:153} INFO - Started process (PID=550) to work on /home/airflow/.local/lib/python3.7/site-packages/airflow/example_dags/example_branch_operator.py
[2023-03-11T12:33:51.706+0000] {processor.py:743} INFO - Processing file /home/airflow/.local/lib/python3.7/site-packages/airflow/example_dags/example_branch_operator.py for tasks to queue
[2023-03-11T12:33:51.707+0000] {logging_mixin.py:137} INFO - [2023-03-11T12:33:51.707+0000] {dagbag.py:538} INFO - Filling up the DagBag from /home/airflow/.local/lib/python3.7/site-packages/airflow/example_dags/example_branch_operator.py
[2023-03-11T12:33:51.726+0000] {processor.py:753} INFO - DAG(s) dict_keys(['example_branch_operator']) retrieved from /home/airflow/.local/lib/python3.7/site-packages/airflow/example_dags/example_branch_operator.py
[2023-03-11T12:33:51.764+0000] {logging_mixin.py:137} INFO - [2023-03-11T12:33:51.764+0000] {dag.py:2690} INFO - Sync 1 DAGs
[2023-03-11T12:33:51.815+0000] {logging_mixin.py:137} INFO - [2023-03-11T12:33:51.814+0000] {dag.py:3441} INFO - Setting next_dagrun for example_branch_operator to 2023-03-10T00:00:00+00:00, run_after=2023-03-11T00:00:00+00:00
[2023-03-11T12:33:51.859+0000] {processor.py:175} INFO - Processing /home/airflow/.local/lib/python3.7/site-packages/airflow/example_dags/example_branch_operator.py took 0.159 seconds
[2023-03-11T12:34:22.456+0000] {processor.py:153} INFO - Started process (PID=661) to work on /home/airflow/.local/lib/python3.7/site-packages/airflow/example_dags/example_branch_operator.py
[2023-03-11T12:34:22.457+0000] {processor.py:743} INFO - Processing file /home/airflow/.local/lib/python3.7/site-packages/airflow/example_dags/example_branch_operator.py for tasks to queue
[2023-03-11T12:34:22.457+0000] {logging_mixin.py:137} INFO - [2023-03-11T12:34:22.457+0000] {dagbag.py:538} INFO - Filling up the DagBag from /home/airflow/.local/lib/python3.7/site-packages/airflow/example_dags/example_branch_operator.py
[2023-03-11T12:34:22.473+0000] {processor.py:753} INFO - DAG(s) dict_keys(['example_branch_operator']) retrieved from /home/airflow/.local/lib/python3.7/site-packages/airflow/example_dags/example_branch_operator.py
[2023-03-11T12:34:22.503+0000] {logging_mixin.py:137} INFO - [2023-03-11T12:34:22.503+0000] {dag.py:2690} INFO - Sync 1 DAGs
[2023-03-11T12:34:22.532+0000] {logging_mixin.py:137} INFO - [2023-03-11T12:34:22.532+0000] {dag.py:3441} INFO - Setting next_dagrun for example_branch_operator to 2023-03-10T00:00:00+00:00, run_after=2023-03-11T00:00:00+00:00
[2023-03-11T12:34:22.551+0000] {processor.py:175} INFO - Processing /home/airflow/.local/lib/python3.7/site-packages/airflow/example_dags/example_branch_operator.py took 0.098 seconds
[2023-03-11T12:34:52.873+0000] {processor.py:153} INFO - Started process (PID=748) to work on /home/airflow/.local/lib/python3.7/site-packages/airflow/example_dags/example_branch_operator.py
[2023-03-11T12:34:52.874+0000] {processor.py:743} INFO - Processing file /home/airflow/.local/lib/python3.7/site-packages/airflow/example_dags/example_branch_operator.py for tasks to queue
[2023-03-11T12:34:52.874+0000] {logging_mixin.py:137} INFO - [2023-03-11T12:34:52.874+0000] {dagbag.py:538} INFO - Filling up the DagBag from /home/airflow/.local/lib/python3.7/site-packages/airflow/example_dags/example_branch_operator.py
[2023-03-11T12:34:52.891+0000] {processor.py:753} INFO - DAG(s) dict_keys(['example_branch_operator']) retrieved from /home/airflow/.local/lib/python3.7/site-packages/airflow/example_dags/example_branch_operator.py
[2023-03-11T12:34:52.919+0000] {logging_mixin.py:137} INFO - [2023-03-11T12:34:52.919+0000] {dag.py:2690} INFO - Sync 1 DAGs
[2023-03-11T12:34:52.947+0000] {logging_mixin.py:137} INFO - [2023-03-11T12:34:52.947+0000] {dag.py:3441} INFO - Setting next_dagrun for example_branch_operator to 2023-03-10T00:00:00+00:00, run_after=2023-03-11T00:00:00+00:00
[2023-03-11T12:34:52.967+0000] {processor.py:175} INFO - Processing /home/airflow/.local/lib/python3.7/site-packages/airflow/example_dags/example_branch_operator.py took 0.098 seconds
[2023-03-11T12:35:23.206+0000] {processor.py:153} INFO - Started process (PID=859) to work on /home/airflow/.local/lib/python3.7/site-packages/airflow/example_dags/example_branch_operator.py
[2023-03-11T12:35:23.207+0000] {processor.py:743} INFO - Processing file /home/airflow/.local/lib/python3.7/site-packages/airflow/example_dags/example_branch_operator.py for tasks to queue
[2023-03-11T12:35:23.208+0000] {logging_mixin.py:137} INFO - [2023-03-11T12:35:23.208+0000] {dagbag.py:538} INFO - Filling up the DagBag from /home/airflow/.local/lib/python3.7/site-packages/airflow/example_dags/example_branch_operator.py
[2023-03-11T12:35:23.256+0000] {processor.py:753} INFO - DAG(s) dict_keys(['example_branch_operator']) retrieved from /home/airflow/.local/lib/python3.7/site-packages/airflow/example_dags/example_branch_operator.py
[2023-03-11T12:35:23.293+0000] {logging_mixin.py:137} INFO - [2023-03-11T12:35:23.293+0000] {dag.py:2690} INFO - Sync 1 DAGs
[2023-03-11T12:35:23.357+0000] {logging_mixin.py:137} INFO - [2023-03-11T12:35:23.357+0000] {dag.py:3441} INFO - Setting next_dagrun for example_branch_operator to 2023-03-10T00:00:00+00:00, run_after=2023-03-11T00:00:00+00:00
[2023-03-11T12:35:23.385+0000] {processor.py:175} INFO - Processing /home/airflow/.local/lib/python3.7/site-packages/airflow/example_dags/example_branch_operator.py took 0.183 seconds
[2023-03-11T12:35:53.545+0000] {processor.py:153} INFO - Started process (PID=946) to work on /home/airflow/.local/lib/python3.7/site-packages/airflow/example_dags/example_branch_operator.py
[2023-03-11T12:35:53.546+0000] {processor.py:743} INFO - Processing file /home/airflow/.local/lib/python3.7/site-packages/airflow/example_dags/example_branch_operator.py for tasks to queue
[2023-03-11T12:35:53.546+0000] {logging_mixin.py:137} INFO - [2023-03-11T12:35:53.546+0000] {dagbag.py:538} INFO - Filling up the DagBag from /home/airflow/.local/lib/python3.7/site-packages/airflow/example_dags/example_branch_operator.py
[2023-03-11T12:35:53.563+0000] {processor.py:753} INFO - DAG(s) dict_keys(['example_branch_operator']) retrieved from /home/airflow/.local/lib/python3.7/site-packages/airflow/example_dags/example_branch_operator.py
[2023-03-11T12:35:53.595+0000] {logging_mixin.py:137} INFO - [2023-03-11T12:35:53.595+0000] {dag.py:2690} INFO - Sync 1 DAGs
[2023-03-11T12:35:53.626+0000] {logging_mixin.py:137} INFO - [2023-03-11T12:35:53.626+0000] {dag.py:3441} INFO - Setting next_dagrun for example_branch_operator to 2023-03-10T00:00:00+00:00, run_after=2023-03-11T00:00:00+00:00
[2023-03-11T12:35:53.647+0000] {processor.py:175} INFO - Processing /home/airflow/.local/lib/python3.7/site-packages/airflow/example_dags/example_branch_operator.py took 0.105 seconds
[2023-03-11T12:36:24.420+0000] {processor.py:153} INFO - Started process (PID=1033) to work on /home/airflow/.local/lib/python3.7/site-packages/airflow/example_dags/example_branch_operator.py
[2023-03-11T12:36:24.421+0000] {processor.py:743} INFO - Processing file /home/airflow/.local/lib/python3.7/site-packages/airflow/example_dags/example_branch_operator.py for tasks to queue
[2023-03-11T12:36:24.422+0000] {logging_mixin.py:137} INFO - [2023-03-11T12:36:24.421+0000] {dagbag.py:538} INFO - Filling up the DagBag from /home/airflow/.local/lib/python3.7/site-packages/airflow/example_dags/example_branch_operator.py
[2023-03-11T12:36:24.438+0000] {processor.py:753} INFO - DAG(s) dict_keys(['example_branch_operator']) retrieved from /home/airflow/.local/lib/python3.7/site-packages/airflow/example_dags/example_branch_operator.py
[2023-03-11T12:36:24.468+0000] {logging_mixin.py:137} INFO - [2023-03-11T12:36:24.468+0000] {dag.py:2690} INFO - Sync 1 DAGs
[2023-03-11T12:36:24.495+0000] {logging_mixin.py:137} INFO - [2023-03-11T12:36:24.495+0000] {dag.py:3441} INFO - Setting next_dagrun for example_branch_operator to 2023-03-10T00:00:00+00:00, run_after=2023-03-11T00:00:00+00:00
[2023-03-11T12:36:24.516+0000] {processor.py:175} INFO - Processing /home/airflow/.local/lib/python3.7/site-packages/airflow/example_dags/example_branch_operator.py took 0.099 seconds
[2023-03-11T12:36:55.011+0000] {processor.py:153} INFO - Started process (PID=1144) to work on /home/airflow/.local/lib/python3.7/site-packages/airflow/example_dags/example_branch_operator.py
[2023-03-11T12:36:55.012+0000] {processor.py:743} INFO - Processing file /home/airflow/.local/lib/python3.7/site-packages/airflow/example_dags/example_branch_operator.py for tasks to queue
[2023-03-11T12:36:55.013+0000] {logging_mixin.py:137} INFO - [2023-03-11T12:36:55.012+0000] {dagbag.py:538} INFO - Filling up the DagBag from /home/airflow/.local/lib/python3.7/site-packages/airflow/example_dags/example_branch_operator.py
[2023-03-11T12:36:55.029+0000] {processor.py:753} INFO - DAG(s) dict_keys(['example_branch_operator']) retrieved from /home/airflow/.local/lib/python3.7/site-packages/airflow/example_dags/example_branch_operator.py
[2023-03-11T12:36:55.055+0000] {logging_mixin.py:137} INFO - [2023-03-11T12:36:55.055+0000] {dag.py:2690} INFO - Sync 1 DAGs
[2023-03-11T12:36:55.082+0000] {logging_mixin.py:137} INFO - [2023-03-11T12:36:55.082+0000] {dag.py:3441} INFO - Setting next_dagrun for example_branch_operator to 2023-03-10T00:00:00+00:00, run_after=2023-03-11T00:00:00+00:00
[2023-03-11T12:36:55.104+0000] {processor.py:175} INFO - Processing /home/airflow/.local/lib/python3.7/site-packages/airflow/example_dags/example_branch_operator.py took 0.095 seconds
[2023-03-11T12:37:25.533+0000] {processor.py:153} INFO - Started process (PID=1231) to work on /home/airflow/.local/lib/python3.7/site-packages/airflow/example_dags/example_branch_operator.py
[2023-03-11T12:37:25.534+0000] {processor.py:743} INFO - Processing file /home/airflow/.local/lib/python3.7/site-packages/airflow/example_dags/example_branch_operator.py for tasks to queue
[2023-03-11T12:37:25.534+0000] {logging_mixin.py:137} INFO - [2023-03-11T12:37:25.534+0000] {dagbag.py:538} INFO - Filling up the DagBag from /home/airflow/.local/lib/python3.7/site-packages/airflow/example_dags/example_branch_operator.py
[2023-03-11T12:37:25.551+0000] {processor.py:753} INFO - DAG(s) dict_keys(['example_branch_operator']) retrieved from /home/airflow/.local/lib/python3.7/site-packages/airflow/example_dags/example_branch_operator.py
[2023-03-11T12:37:25.576+0000] {logging_mixin.py:137} INFO - [2023-03-11T12:37:25.576+0000] {dag.py:2690} INFO - Sync 1 DAGs
[2023-03-11T12:37:25.605+0000] {logging_mixin.py:137} INFO - [2023-03-11T12:37:25.605+0000] {dag.py:3441} INFO - Setting next_dagrun for example_branch_operator to 2023-03-10T00:00:00+00:00, run_after=2023-03-11T00:00:00+00:00
[2023-03-11T12:37:25.627+0000] {processor.py:175} INFO - Processing /home/airflow/.local/lib/python3.7/site-packages/airflow/example_dags/example_branch_operator.py took 0.097 seconds
[2023-03-11T12:37:56.448+0000] {processor.py:153} INFO - Started process (PID=1325) to work on /home/airflow/.local/lib/python3.7/site-packages/airflow/example_dags/example_branch_operator.py
[2023-03-11T12:37:56.450+0000] {processor.py:743} INFO - Processing file /home/airflow/.local/lib/python3.7/site-packages/airflow/example_dags/example_branch_operator.py for tasks to queue
[2023-03-11T12:37:56.450+0000] {logging_mixin.py:137} INFO - [2023-03-11T12:37:56.450+0000] {dagbag.py:538} INFO - Filling up the DagBag from /home/airflow/.local/lib/python3.7/site-packages/airflow/example_dags/example_branch_operator.py
[2023-03-11T12:37:56.468+0000] {processor.py:753} INFO - DAG(s) dict_keys(['example_branch_operator']) retrieved from /home/airflow/.local/lib/python3.7/site-packages/airflow/example_dags/example_branch_operator.py
[2023-03-11T12:37:56.497+0000] {logging_mixin.py:137} INFO - [2023-03-11T12:37:56.497+0000] {dag.py:2690} INFO - Sync 1 DAGs
[2023-03-11T12:37:56.533+0000] {logging_mixin.py:137} INFO - [2023-03-11T12:37:56.533+0000] {dag.py:3441} INFO - Setting next_dagrun for example_branch_operator to 2023-03-10T00:00:00+00:00, run_after=2023-03-11T00:00:00+00:00
[2023-03-11T12:37:56.552+0000] {processor.py:175} INFO - Processing /home/airflow/.local/lib/python3.7/site-packages/airflow/example_dags/example_branch_operator.py took 0.107 seconds
[2023-03-11T12:38:26.933+0000] {processor.py:153} INFO - Started process (PID=1428) to work on /home/airflow/.local/lib/python3.7/site-packages/airflow/example_dags/example_branch_operator.py
[2023-03-11T12:38:26.934+0000] {processor.py:743} INFO - Processing file /home/airflow/.local/lib/python3.7/site-packages/airflow/example_dags/example_branch_operator.py for tasks to queue
[2023-03-11T12:38:26.935+0000] {logging_mixin.py:137} INFO - [2023-03-11T12:38:26.934+0000] {dagbag.py:538} INFO - Filling up the DagBag from /home/airflow/.local/lib/python3.7/site-packages/airflow/example_dags/example_branch_operator.py
[2023-03-11T12:38:26.952+0000] {processor.py:753} INFO - DAG(s) dict_keys(['example_branch_operator']) retrieved from /home/airflow/.local/lib/python3.7/site-packages/airflow/example_dags/example_branch_operator.py
[2023-03-11T12:38:26.979+0000] {logging_mixin.py:137} INFO - [2023-03-11T12:38:26.978+0000] {dag.py:2690} INFO - Sync 1 DAGs
[2023-03-11T12:38:27.005+0000] {logging_mixin.py:137} INFO - [2023-03-11T12:38:27.005+0000] {dag.py:3441} INFO - Setting next_dagrun for example_branch_operator to 2023-03-10T00:00:00+00:00, run_after=2023-03-11T00:00:00+00:00
[2023-03-11T12:38:27.026+0000] {processor.py:175} INFO - Processing /home/airflow/.local/lib/python3.7/site-packages/airflow/example_dags/example_branch_operator.py took 0.096 seconds
[2023-03-11T12:38:57.792+0000] {processor.py:153} INFO - Started process (PID=1515) to work on /home/airflow/.local/lib/python3.7/site-packages/airflow/example_dags/example_branch_operator.py
[2023-03-11T12:38:57.794+0000] {processor.py:743} INFO - Processing file /home/airflow/.local/lib/python3.7/site-packages/airflow/example_dags/example_branch_operator.py for tasks to queue
[2023-03-11T12:38:57.794+0000] {logging_mixin.py:137} INFO - [2023-03-11T12:38:57.794+0000] {dagbag.py:538} INFO - Filling up the DagBag from /home/airflow/.local/lib/python3.7/site-packages/airflow/example_dags/example_branch_operator.py
[2023-03-11T12:38:57.813+0000] {processor.py:753} INFO - DAG(s) dict_keys(['example_branch_operator']) retrieved from /home/airflow/.local/lib/python3.7/site-packages/airflow/example_dags/example_branch_operator.py
[2023-03-11T12:38:57.855+0000] {logging_mixin.py:137} INFO - [2023-03-11T12:38:57.855+0000] {dag.py:2690} INFO - Sync 1 DAGs
[2023-03-11T12:38:57.897+0000] {logging_mixin.py:137} INFO - [2023-03-11T12:38:57.896+0000] {dag.py:3441} INFO - Setting next_dagrun for example_branch_operator to 2023-03-10T00:00:00+00:00, run_after=2023-03-11T00:00:00+00:00
[2023-03-11T12:38:57.932+0000] {processor.py:175} INFO - Processing /home/airflow/.local/lib/python3.7/site-packages/airflow/example_dags/example_branch_operator.py took 0.143 seconds
[2023-03-11T12:39:28.164+0000] {processor.py:153} INFO - Started process (PID=1611) to work on /home/airflow/.local/lib/python3.7/site-packages/airflow/example_dags/example_branch_operator.py
[2023-03-11T12:39:28.165+0000] {processor.py:743} INFO - Processing file /home/airflow/.local/lib/python3.7/site-packages/airflow/example_dags/example_branch_operator.py for tasks to queue
[2023-03-11T12:39:28.166+0000] {logging_mixin.py:137} INFO - [2023-03-11T12:39:28.165+0000] {dagbag.py:538} INFO - Filling up the DagBag from /home/airflow/.local/lib/python3.7/site-packages/airflow/example_dags/example_branch_operator.py
[2023-03-11T12:39:28.182+0000] {processor.py:753} INFO - DAG(s) dict_keys(['example_branch_operator']) retrieved from /home/airflow/.local/lib/python3.7/site-packages/airflow/example_dags/example_branch_operator.py
[2023-03-11T12:39:28.211+0000] {logging_mixin.py:137} INFO - [2023-03-11T12:39:28.211+0000] {dag.py:2690} INFO - Sync 1 DAGs
[2023-03-11T12:39:28.239+0000] {logging_mixin.py:137} INFO - [2023-03-11T12:39:28.239+0000] {dag.py:3441} INFO - Setting next_dagrun for example_branch_operator to 2023-03-10T00:00:00+00:00, run_after=2023-03-11T00:00:00+00:00
[2023-03-11T12:39:28.261+0000] {processor.py:175} INFO - Processing /home/airflow/.local/lib/python3.7/site-packages/airflow/example_dags/example_branch_operator.py took 0.100 seconds
[2023-03-11T12:39:58.477+0000] {processor.py:153} INFO - Started process (PID=1713) to work on /home/airflow/.local/lib/python3.7/site-packages/airflow/example_dags/example_branch_operator.py
[2023-03-11T12:39:58.478+0000] {processor.py:743} INFO - Processing file /home/airflow/.local/lib/python3.7/site-packages/airflow/example_dags/example_branch_operator.py for tasks to queue
[2023-03-11T12:39:58.478+0000] {logging_mixin.py:137} INFO - [2023-03-11T12:39:58.478+0000] {dagbag.py:538} INFO - Filling up the DagBag from /home/airflow/.local/lib/python3.7/site-packages/airflow/example_dags/example_branch_operator.py
[2023-03-11T12:39:58.497+0000] {processor.py:753} INFO - DAG(s) dict_keys(['example_branch_operator']) retrieved from /home/airflow/.local/lib/python3.7/site-packages/airflow/example_dags/example_branch_operator.py
[2023-03-11T12:39:58.526+0000] {logging_mixin.py:137} INFO - [2023-03-11T12:39:58.526+0000] {dag.py:2690} INFO - Sync 1 DAGs
[2023-03-11T12:39:58.556+0000] {logging_mixin.py:137} INFO - [2023-03-11T12:39:58.556+0000] {dag.py:3441} INFO - Setting next_dagrun for example_branch_operator to 2023-03-10T00:00:00+00:00, run_after=2023-03-11T00:00:00+00:00
[2023-03-11T12:39:58.575+0000] {processor.py:175} INFO - Processing /home/airflow/.local/lib/python3.7/site-packages/airflow/example_dags/example_branch_operator.py took 0.102 seconds
[2023-03-11T12:40:29.580+0000] {processor.py:153} INFO - Started process (PID=1800) to work on /home/airflow/.local/lib/python3.7/site-packages/airflow/example_dags/example_branch_operator.py
[2023-03-11T12:40:29.581+0000] {processor.py:743} INFO - Processing file /home/airflow/.local/lib/python3.7/site-packages/airflow/example_dags/example_branch_operator.py for tasks to queue
[2023-03-11T12:40:29.582+0000] {logging_mixin.py:137} INFO - [2023-03-11T12:40:29.581+0000] {dagbag.py:538} INFO - Filling up the DagBag from /home/airflow/.local/lib/python3.7/site-packages/airflow/example_dags/example_branch_operator.py
[2023-03-11T12:40:29.602+0000] {processor.py:753} INFO - DAG(s) dict_keys(['example_branch_operator']) retrieved from /home/airflow/.local/lib/python3.7/site-packages/airflow/example_dags/example_branch_operator.py
[2023-03-11T12:40:29.635+0000] {logging_mixin.py:137} INFO - [2023-03-11T12:40:29.634+0000] {dag.py:2690} INFO - Sync 1 DAGs
[2023-03-11T12:40:29.672+0000] {logging_mixin.py:137} INFO - [2023-03-11T12:40:29.672+0000] {dag.py:3441} INFO - Setting next_dagrun for example_branch_operator to 2023-03-10T00:00:00+00:00, run_after=2023-03-11T00:00:00+00:00
[2023-03-11T12:40:29.696+0000] {processor.py:175} INFO - Processing /home/airflow/.local/lib/python3.7/site-packages/airflow/example_dags/example_branch_operator.py took 0.119 seconds
[2023-03-11T12:41:00.547+0000] {processor.py:153} INFO - Started process (PID=1911) to work on /home/airflow/.local/lib/python3.7/site-packages/airflow/example_dags/example_branch_operator.py
[2023-03-11T12:41:00.548+0000] {processor.py:743} INFO - Processing file /home/airflow/.local/lib/python3.7/site-packages/airflow/example_dags/example_branch_operator.py for tasks to queue
[2023-03-11T12:41:00.549+0000] {logging_mixin.py:137} INFO - [2023-03-11T12:41:00.549+0000] {dagbag.py:538} INFO - Filling up the DagBag from /home/airflow/.local/lib/python3.7/site-packages/airflow/example_dags/example_branch_operator.py
[2023-03-11T12:41:00.565+0000] {processor.py:753} INFO - DAG(s) dict_keys(['example_branch_operator']) retrieved from /home/airflow/.local/lib/python3.7/site-packages/airflow/example_dags/example_branch_operator.py
[2023-03-11T12:41:00.590+0000] {logging_mixin.py:137} INFO - [2023-03-11T12:41:00.590+0000] {dag.py:2690} INFO - Sync 1 DAGs
[2023-03-11T12:41:00.617+0000] {logging_mixin.py:137} INFO - [2023-03-11T12:41:00.617+0000] {dag.py:3441} INFO - Setting next_dagrun for example_branch_operator to 2023-03-10T00:00:00+00:00, run_after=2023-03-11T00:00:00+00:00
[2023-03-11T12:41:00.634+0000] {processor.py:175} INFO - Processing /home/airflow/.local/lib/python3.7/site-packages/airflow/example_dags/example_branch_operator.py took 0.090 seconds
[2023-03-11T12:41:31.346+0000] {processor.py:153} INFO - Started process (PID=1998) to work on /home/airflow/.local/lib/python3.7/site-packages/airflow/example_dags/example_branch_operator.py
[2023-03-11T12:41:31.347+0000] {processor.py:743} INFO - Processing file /home/airflow/.local/lib/python3.7/site-packages/airflow/example_dags/example_branch_operator.py for tasks to queue
[2023-03-11T12:41:31.348+0000] {logging_mixin.py:137} INFO - [2023-03-11T12:41:31.348+0000] {dagbag.py:538} INFO - Filling up the DagBag from /home/airflow/.local/lib/python3.7/site-packages/airflow/example_dags/example_branch_operator.py
[2023-03-11T12:41:31.365+0000] {processor.py:753} INFO - DAG(s) dict_keys(['example_branch_operator']) retrieved from /home/airflow/.local/lib/python3.7/site-packages/airflow/example_dags/example_branch_operator.py
[2023-03-11T12:41:31.393+0000] {logging_mixin.py:137} INFO - [2023-03-11T12:41:31.393+0000] {dag.py:2690} INFO - Sync 1 DAGs
[2023-03-11T12:41:31.425+0000] {logging_mixin.py:137} INFO - [2023-03-11T12:41:31.425+0000] {dag.py:3441} INFO - Setting next_dagrun for example_branch_operator to 2023-03-10T00:00:00+00:00, run_after=2023-03-11T00:00:00+00:00
[2023-03-11T12:41:31.445+0000] {processor.py:175} INFO - Processing /home/airflow/.local/lib/python3.7/site-packages/airflow/example_dags/example_branch_operator.py took 0.102 seconds
[2023-03-11T12:42:02.060+0000] {processor.py:153} INFO - Started process (PID=2094) to work on /home/airflow/.local/lib/python3.7/site-packages/airflow/example_dags/example_branch_operator.py
[2023-03-11T12:42:02.061+0000] {processor.py:743} INFO - Processing file /home/airflow/.local/lib/python3.7/site-packages/airflow/example_dags/example_branch_operator.py for tasks to queue
[2023-03-11T12:42:02.062+0000] {logging_mixin.py:137} INFO - [2023-03-11T12:42:02.062+0000] {dagbag.py:538} INFO - Filling up the DagBag from /home/airflow/.local/lib/python3.7/site-packages/airflow/example_dags/example_branch_operator.py
[2023-03-11T12:42:02.081+0000] {processor.py:753} INFO - DAG(s) dict_keys(['example_branch_operator']) retrieved from /home/airflow/.local/lib/python3.7/site-packages/airflow/example_dags/example_branch_operator.py
[2023-03-11T12:42:02.107+0000] {logging_mixin.py:137} INFO - [2023-03-11T12:42:02.107+0000] {dag.py:2690} INFO - Sync 1 DAGs
[2023-03-11T12:42:02.135+0000] {logging_mixin.py:137} INFO - [2023-03-11T12:42:02.135+0000] {dag.py:3441} INFO - Setting next_dagrun for example_branch_operator to 2023-03-10T00:00:00+00:00, run_after=2023-03-11T00:00:00+00:00
[2023-03-11T12:42:02.157+0000] {processor.py:175} INFO - Processing /home/airflow/.local/lib/python3.7/site-packages/airflow/example_dags/example_branch_operator.py took 0.100 seconds
[2023-03-11T12:42:32.729+0000] {processor.py:153} INFO - Started process (PID=2196) to work on /home/airflow/.local/lib/python3.7/site-packages/airflow/example_dags/example_branch_operator.py
[2023-03-11T12:42:32.730+0000] {processor.py:743} INFO - Processing file /home/airflow/.local/lib/python3.7/site-packages/airflow/example_dags/example_branch_operator.py for tasks to queue
[2023-03-11T12:42:32.731+0000] {logging_mixin.py:137} INFO - [2023-03-11T12:42:32.730+0000] {dagbag.py:538} INFO - Filling up the DagBag from /home/airflow/.local/lib/python3.7/site-packages/airflow/example_dags/example_branch_operator.py
[2023-03-11T12:42:32.749+0000] {processor.py:753} INFO - DAG(s) dict_keys(['example_branch_operator']) retrieved from /home/airflow/.local/lib/python3.7/site-packages/airflow/example_dags/example_branch_operator.py
[2023-03-11T12:42:32.780+0000] {logging_mixin.py:137} INFO - [2023-03-11T12:42:32.779+0000] {dag.py:2690} INFO - Sync 1 DAGs
[2023-03-11T12:42:32.810+0000] {logging_mixin.py:137} INFO - [2023-03-11T12:42:32.810+0000] {dag.py:3441} INFO - Setting next_dagrun for example_branch_operator to 2023-03-10T00:00:00+00:00, run_after=2023-03-11T00:00:00+00:00
[2023-03-11T12:42:32.833+0000] {processor.py:175} INFO - Processing /home/airflow/.local/lib/python3.7/site-packages/airflow/example_dags/example_branch_operator.py took 0.108 seconds
[2023-03-11T12:43:03.335+0000] {processor.py:153} INFO - Started process (PID=2283) to work on /home/airflow/.local/lib/python3.7/site-packages/airflow/example_dags/example_branch_operator.py
[2023-03-11T12:43:03.336+0000] {processor.py:743} INFO - Processing file /home/airflow/.local/lib/python3.7/site-packages/airflow/example_dags/example_branch_operator.py for tasks to queue
[2023-03-11T12:43:03.336+0000] {logging_mixin.py:137} INFO - [2023-03-11T12:43:03.336+0000] {dagbag.py:538} INFO - Filling up the DagBag from /home/airflow/.local/lib/python3.7/site-packages/airflow/example_dags/example_branch_operator.py
[2023-03-11T12:43:03.353+0000] {processor.py:753} INFO - DAG(s) dict_keys(['example_branch_operator']) retrieved from /home/airflow/.local/lib/python3.7/site-packages/airflow/example_dags/example_branch_operator.py
[2023-03-11T12:43:03.378+0000] {logging_mixin.py:137} INFO - [2023-03-11T12:43:03.378+0000] {dag.py:2690} INFO - Sync 1 DAGs
[2023-03-11T12:43:03.405+0000] {logging_mixin.py:137} INFO - [2023-03-11T12:43:03.405+0000] {dag.py:3441} INFO - Setting next_dagrun for example_branch_operator to 2023-03-10T00:00:00+00:00, run_after=2023-03-11T00:00:00+00:00
[2023-03-11T12:43:03.424+0000] {processor.py:175} INFO - Processing /home/airflow/.local/lib/python3.7/site-packages/airflow/example_dags/example_branch_operator.py took 0.093 seconds
[2023-03-11T12:43:34.008+0000] {processor.py:153} INFO - Started process (PID=2394) to work on /home/airflow/.local/lib/python3.7/site-packages/airflow/example_dags/example_branch_operator.py
[2023-03-11T12:43:34.009+0000] {processor.py:743} INFO - Processing file /home/airflow/.local/lib/python3.7/site-packages/airflow/example_dags/example_branch_operator.py for tasks to queue
[2023-03-11T12:43:34.010+0000] {logging_mixin.py:137} INFO - [2023-03-11T12:43:34.010+0000] {dagbag.py:538} INFO - Filling up the DagBag from /home/airflow/.local/lib/python3.7/site-packages/airflow/example_dags/example_branch_operator.py
[2023-03-11T12:43:34.027+0000] {processor.py:753} INFO - DAG(s) dict_keys(['example_branch_operator']) retrieved from /home/airflow/.local/lib/python3.7/site-packages/airflow/example_dags/example_branch_operator.py
[2023-03-11T12:43:34.053+0000] {logging_mixin.py:137} INFO - [2023-03-11T12:43:34.053+0000] {dag.py:2690} INFO - Sync 1 DAGs
[2023-03-11T12:43:34.079+0000] {logging_mixin.py:137} INFO - [2023-03-11T12:43:34.079+0000] {dag.py:3441} INFO - Setting next_dagrun for example_branch_operator to 2023-03-10T00:00:00+00:00, run_after=2023-03-11T00:00:00+00:00
[2023-03-11T12:43:34.096+0000] {processor.py:175} INFO - Processing /home/airflow/.local/lib/python3.7/site-packages/airflow/example_dags/example_branch_operator.py took 0.090 seconds
[2023-03-11T12:44:04.568+0000] {processor.py:153} INFO - Started process (PID=2481) to work on /home/airflow/.local/lib/python3.7/site-packages/airflow/example_dags/example_branch_operator.py
[2023-03-11T12:44:04.569+0000] {processor.py:743} INFO - Processing file /home/airflow/.local/lib/python3.7/site-packages/airflow/example_dags/example_branch_operator.py for tasks to queue
[2023-03-11T12:44:04.569+0000] {logging_mixin.py:137} INFO - [2023-03-11T12:44:04.569+0000] {dagbag.py:538} INFO - Filling up the DagBag from /home/airflow/.local/lib/python3.7/site-packages/airflow/example_dags/example_branch_operator.py
[2023-03-11T12:44:04.586+0000] {processor.py:753} INFO - DAG(s) dict_keys(['example_branch_operator']) retrieved from /home/airflow/.local/lib/python3.7/site-packages/airflow/example_dags/example_branch_operator.py
[2023-03-11T12:44:04.615+0000] {logging_mixin.py:137} INFO - [2023-03-11T12:44:04.615+0000] {dag.py:2690} INFO - Sync 1 DAGs
[2023-03-11T12:44:04.642+0000] {logging_mixin.py:137} INFO - [2023-03-11T12:44:04.642+0000] {dag.py:3441} INFO - Setting next_dagrun for example_branch_operator to 2023-03-10T00:00:00+00:00, run_after=2023-03-11T00:00:00+00:00
[2023-03-11T12:44:04.662+0000] {processor.py:175} INFO - Processing /home/airflow/.local/lib/python3.7/site-packages/airflow/example_dags/example_branch_operator.py took 0.097 seconds
[2023-03-11T12:44:35.181+0000] {processor.py:153} INFO - Started process (PID=2592) to work on /home/airflow/.local/lib/python3.7/site-packages/airflow/example_dags/example_branch_operator.py
[2023-03-11T12:44:35.182+0000] {processor.py:743} INFO - Processing file /home/airflow/.local/lib/python3.7/site-packages/airflow/example_dags/example_branch_operator.py for tasks to queue
[2023-03-11T12:44:35.183+0000] {logging_mixin.py:137} INFO - [2023-03-11T12:44:35.183+0000] {dagbag.py:538} INFO - Filling up the DagBag from /home/airflow/.local/lib/python3.7/site-packages/airflow/example_dags/example_branch_operator.py
[2023-03-11T12:44:35.201+0000] {processor.py:753} INFO - DAG(s) dict_keys(['example_branch_operator']) retrieved from /home/airflow/.local/lib/python3.7/site-packages/airflow/example_dags/example_branch_operator.py
[2023-03-11T12:44:35.230+0000] {logging_mixin.py:137} INFO - [2023-03-11T12:44:35.229+0000] {dag.py:2690} INFO - Sync 1 DAGs
[2023-03-11T12:44:35.261+0000] {logging_mixin.py:137} INFO - [2023-03-11T12:44:35.261+0000] {dag.py:3441} INFO - Setting next_dagrun for example_branch_operator to 2023-03-10T00:00:00+00:00, run_after=2023-03-11T00:00:00+00:00
[2023-03-11T12:44:35.285+0000] {processor.py:175} INFO - Processing /home/airflow/.local/lib/python3.7/site-packages/airflow/example_dags/example_branch_operator.py took 0.107 seconds
[2023-03-11T12:45:06.068+0000] {processor.py:153} INFO - Started process (PID=2679) to work on /home/airflow/.local/lib/python3.7/site-packages/airflow/example_dags/example_branch_operator.py
[2023-03-11T12:45:06.068+0000] {processor.py:743} INFO - Processing file /home/airflow/.local/lib/python3.7/site-packages/airflow/example_dags/example_branch_operator.py for tasks to queue
[2023-03-11T12:45:06.069+0000] {logging_mixin.py:137} INFO - [2023-03-11T12:45:06.069+0000] {dagbag.py:538} INFO - Filling up the DagBag from /home/airflow/.local/lib/python3.7/site-packages/airflow/example_dags/example_branch_operator.py
[2023-03-11T12:45:06.085+0000] {processor.py:753} INFO - DAG(s) dict_keys(['example_branch_operator']) retrieved from /home/airflow/.local/lib/python3.7/site-packages/airflow/example_dags/example_branch_operator.py
[2023-03-11T12:45:06.111+0000] {logging_mixin.py:137} INFO - [2023-03-11T12:45:06.111+0000] {dag.py:2690} INFO - Sync 1 DAGs
[2023-03-11T12:45:06.140+0000] {logging_mixin.py:137} INFO - [2023-03-11T12:45:06.140+0000] {dag.py:3441} INFO - Setting next_dagrun for example_branch_operator to 2023-03-10T00:00:00+00:00, run_after=2023-03-11T00:00:00+00:00
[2023-03-11T12:45:06.160+0000] {processor.py:175} INFO - Processing /home/airflow/.local/lib/python3.7/site-packages/airflow/example_dags/example_branch_operator.py took 0.095 seconds
[2023-03-11T12:45:36.360+0000] {processor.py:153} INFO - Started process (PID=2765) to work on /home/airflow/.local/lib/python3.7/site-packages/airflow/example_dags/example_branch_operator.py
[2023-03-11T12:45:36.362+0000] {processor.py:743} INFO - Processing file /home/airflow/.local/lib/python3.7/site-packages/airflow/example_dags/example_branch_operator.py for tasks to queue
[2023-03-11T12:45:36.363+0000] {logging_mixin.py:137} INFO - [2023-03-11T12:45:36.363+0000] {dagbag.py:538} INFO - Filling up the DagBag from /home/airflow/.local/lib/python3.7/site-packages/airflow/example_dags/example_branch_operator.py
[2023-03-11T12:45:36.384+0000] {processor.py:753} INFO - DAG(s) dict_keys(['example_branch_operator']) retrieved from /home/airflow/.local/lib/python3.7/site-packages/airflow/example_dags/example_branch_operator.py
[2023-03-11T12:45:36.424+0000] {logging_mixin.py:137} INFO - [2023-03-11T12:45:36.423+0000] {dag.py:2690} INFO - Sync 1 DAGs
[2023-03-11T12:45:36.464+0000] {logging_mixin.py:137} INFO - [2023-03-11T12:45:36.463+0000] {dag.py:3441} INFO - Setting next_dagrun for example_branch_operator to 2023-03-10T00:00:00+00:00, run_after=2023-03-11T00:00:00+00:00
[2023-03-11T12:45:36.500+0000] {processor.py:175} INFO - Processing /home/airflow/.local/lib/python3.7/site-packages/airflow/example_dags/example_branch_operator.py took 0.143 seconds
[2023-03-11T12:46:06.893+0000] {processor.py:153} INFO - Started process (PID=2876) to work on /home/airflow/.local/lib/python3.7/site-packages/airflow/example_dags/example_branch_operator.py
[2023-03-11T12:46:06.894+0000] {processor.py:743} INFO - Processing file /home/airflow/.local/lib/python3.7/site-packages/airflow/example_dags/example_branch_operator.py for tasks to queue
[2023-03-11T12:46:06.894+0000] {logging_mixin.py:137} INFO - [2023-03-11T12:46:06.894+0000] {dagbag.py:538} INFO - Filling up the DagBag from /home/airflow/.local/lib/python3.7/site-packages/airflow/example_dags/example_branch_operator.py
[2023-03-11T12:46:06.912+0000] {processor.py:753} INFO - DAG(s) dict_keys(['example_branch_operator']) retrieved from /home/airflow/.local/lib/python3.7/site-packages/airflow/example_dags/example_branch_operator.py
[2023-03-11T12:46:06.946+0000] {logging_mixin.py:137} INFO - [2023-03-11T12:46:06.945+0000] {dag.py:2690} INFO - Sync 1 DAGs
[2023-03-11T12:46:06.982+0000] {logging_mixin.py:137} INFO - [2023-03-11T12:46:06.982+0000] {dag.py:3441} INFO - Setting next_dagrun for example_branch_operator to 2023-03-10T00:00:00+00:00, run_after=2023-03-11T00:00:00+00:00
[2023-03-11T12:46:07.015+0000] {processor.py:175} INFO - Processing /home/airflow/.local/lib/python3.7/site-packages/airflow/example_dags/example_branch_operator.py took 0.125 seconds
[2023-03-11T12:46:37.978+0000] {processor.py:153} INFO - Started process (PID=2964) to work on /home/airflow/.local/lib/python3.7/site-packages/airflow/example_dags/example_branch_operator.py
[2023-03-11T12:46:37.980+0000] {processor.py:743} INFO - Processing file /home/airflow/.local/lib/python3.7/site-packages/airflow/example_dags/example_branch_operator.py for tasks to queue
[2023-03-11T12:46:37.980+0000] {logging_mixin.py:137} INFO - [2023-03-11T12:46:37.980+0000] {dagbag.py:538} INFO - Filling up the DagBag from /home/airflow/.local/lib/python3.7/site-packages/airflow/example_dags/example_branch_operator.py
[2023-03-11T12:46:37.998+0000] {processor.py:753} INFO - DAG(s) dict_keys(['example_branch_operator']) retrieved from /home/airflow/.local/lib/python3.7/site-packages/airflow/example_dags/example_branch_operator.py
[2023-03-11T12:46:38.033+0000] {logging_mixin.py:137} INFO - [2023-03-11T12:46:38.033+0000] {dag.py:2690} INFO - Sync 1 DAGs
[2023-03-11T12:46:38.066+0000] {logging_mixin.py:137} INFO - [2023-03-11T12:46:38.065+0000] {dag.py:3441} INFO - Setting next_dagrun for example_branch_operator to 2023-03-10T00:00:00+00:00, run_after=2023-03-11T00:00:00+00:00
[2023-03-11T12:46:38.092+0000] {processor.py:175} INFO - Processing /home/airflow/.local/lib/python3.7/site-packages/airflow/example_dags/example_branch_operator.py took 0.117 seconds
