[2023-03-11T12:31:17.097+0000] {processor.py:153} INFO - Started process (PID=78) to work on /home/airflow/.local/lib/python3.7/site-packages/airflow/example_dags/example_branch_python_dop_operator_3.py
[2023-03-11T12:31:17.098+0000] {processor.py:743} INFO - Processing file /home/airflow/.local/lib/python3.7/site-packages/airflow/example_dags/example_branch_python_dop_operator_3.py for tasks to queue
[2023-03-11T12:31:17.099+0000] {logging_mixin.py:137} INFO - [2023-03-11T12:31:17.099+0000] {dagbag.py:538} INFO - Filling up the DagBag from /home/airflow/.local/lib/python3.7/site-packages/airflow/example_dags/example_branch_python_dop_operator_3.py
[2023-03-11T12:31:17.139+0000] {processor.py:753} INFO - DAG(s) dict_keys(['example_branch_dop_operator_v3']) retrieved from /home/airflow/.local/lib/python3.7/site-packages/airflow/example_dags/example_branch_python_dop_operator_3.py
[2023-03-11T12:31:17.184+0000] {logging_mixin.py:137} INFO - [2023-03-11T12:31:17.184+0000] {dag.py:2690} INFO - Sync 1 DAGs
[2023-03-11T12:31:17.254+0000] {logging_mixin.py:137} INFO - [2023-03-11T12:31:17.254+0000] {dag.py:3441} INFO - Setting next_dagrun for example_branch_dop_operator_v3 to 2023-03-11T12:30:00+00:00, run_after=2023-03-11T12:31:00+00:00
[2023-03-11T12:31:17.308+0000] {processor.py:175} INFO - Processing /home/airflow/.local/lib/python3.7/site-packages/airflow/example_dags/example_branch_python_dop_operator_3.py took 0.215 seconds
[2023-03-11T12:31:48.072+0000] {processor.py:153} INFO - Started process (PID=180) to work on /home/airflow/.local/lib/python3.7/site-packages/airflow/example_dags/example_branch_python_dop_operator_3.py
[2023-03-11T12:31:48.073+0000] {processor.py:743} INFO - Processing file /home/airflow/.local/lib/python3.7/site-packages/airflow/example_dags/example_branch_python_dop_operator_3.py for tasks to queue
[2023-03-11T12:31:48.073+0000] {logging_mixin.py:137} INFO - [2023-03-11T12:31:48.073+0000] {dagbag.py:538} INFO - Filling up the DagBag from /home/airflow/.local/lib/python3.7/site-packages/airflow/example_dags/example_branch_python_dop_operator_3.py
[2023-03-11T12:31:48.097+0000] {processor.py:753} INFO - DAG(s) dict_keys(['example_branch_dop_operator_v3']) retrieved from /home/airflow/.local/lib/python3.7/site-packages/airflow/example_dags/example_branch_python_dop_operator_3.py
[2023-03-11T12:31:48.123+0000] {logging_mixin.py:137} INFO - [2023-03-11T12:31:48.123+0000] {dag.py:2690} INFO - Sync 1 DAGs
[2023-03-11T12:31:48.159+0000] {logging_mixin.py:137} INFO - [2023-03-11T12:31:48.159+0000] {dag.py:3441} INFO - Setting next_dagrun for example_branch_dop_operator_v3 to 2023-03-11T12:30:00+00:00, run_after=2023-03-11T12:31:00+00:00
[2023-03-11T12:31:48.181+0000] {processor.py:175} INFO - Processing /home/airflow/.local/lib/python3.7/site-packages/airflow/example_dags/example_branch_python_dop_operator_3.py took 0.112 seconds
[2023-03-11T12:32:19.034+0000] {processor.py:153} INFO - Started process (PID=267) to work on /home/airflow/.local/lib/python3.7/site-packages/airflow/example_dags/example_branch_python_dop_operator_3.py
[2023-03-11T12:32:19.035+0000] {processor.py:743} INFO - Processing file /home/airflow/.local/lib/python3.7/site-packages/airflow/example_dags/example_branch_python_dop_operator_3.py for tasks to queue
[2023-03-11T12:32:19.036+0000] {logging_mixin.py:137} INFO - [2023-03-11T12:32:19.035+0000] {dagbag.py:538} INFO - Filling up the DagBag from /home/airflow/.local/lib/python3.7/site-packages/airflow/example_dags/example_branch_python_dop_operator_3.py
[2023-03-11T12:32:19.061+0000] {processor.py:753} INFO - DAG(s) dict_keys(['example_branch_dop_operator_v3']) retrieved from /home/airflow/.local/lib/python3.7/site-packages/airflow/example_dags/example_branch_python_dop_operator_3.py
[2023-03-11T12:32:19.086+0000] {logging_mixin.py:137} INFO - [2023-03-11T12:32:19.086+0000] {dag.py:2690} INFO - Sync 1 DAGs
[2023-03-11T12:32:19.120+0000] {logging_mixin.py:137} INFO - [2023-03-11T12:32:19.119+0000] {dag.py:3441} INFO - Setting next_dagrun for example_branch_dop_operator_v3 to 2023-03-11T12:31:00+00:00, run_after=2023-03-11T12:32:00+00:00
[2023-03-11T12:32:19.139+0000] {processor.py:175} INFO - Processing /home/airflow/.local/lib/python3.7/site-packages/airflow/example_dags/example_branch_python_dop_operator_3.py took 0.108 seconds
[2023-03-11T12:32:50.021+0000] {processor.py:153} INFO - Started process (PID=378) to work on /home/airflow/.local/lib/python3.7/site-packages/airflow/example_dags/example_branch_python_dop_operator_3.py
[2023-03-11T12:32:50.022+0000] {processor.py:743} INFO - Processing file /home/airflow/.local/lib/python3.7/site-packages/airflow/example_dags/example_branch_python_dop_operator_3.py for tasks to queue
[2023-03-11T12:32:50.022+0000] {logging_mixin.py:137} INFO - [2023-03-11T12:32:50.022+0000] {dagbag.py:538} INFO - Filling up the DagBag from /home/airflow/.local/lib/python3.7/site-packages/airflow/example_dags/example_branch_python_dop_operator_3.py
[2023-03-11T12:32:50.044+0000] {processor.py:753} INFO - DAG(s) dict_keys(['example_branch_dop_operator_v3']) retrieved from /home/airflow/.local/lib/python3.7/site-packages/airflow/example_dags/example_branch_python_dop_operator_3.py
[2023-03-11T12:32:50.072+0000] {logging_mixin.py:137} INFO - [2023-03-11T12:32:50.072+0000] {dag.py:2690} INFO - Sync 1 DAGs
[2023-03-11T12:32:50.106+0000] {logging_mixin.py:137} INFO - [2023-03-11T12:32:50.106+0000] {dag.py:3441} INFO - Setting next_dagrun for example_branch_dop_operator_v3 to 2023-03-11T12:31:00+00:00, run_after=2023-03-11T12:32:00+00:00
[2023-03-11T12:32:50.129+0000] {processor.py:175} INFO - Processing /home/airflow/.local/lib/python3.7/site-packages/airflow/example_dags/example_branch_python_dop_operator_3.py took 0.111 seconds
[2023-03-11T12:33:20.882+0000] {processor.py:153} INFO - Started process (PID=465) to work on /home/airflow/.local/lib/python3.7/site-packages/airflow/example_dags/example_branch_python_dop_operator_3.py
[2023-03-11T12:33:20.883+0000] {processor.py:743} INFO - Processing file /home/airflow/.local/lib/python3.7/site-packages/airflow/example_dags/example_branch_python_dop_operator_3.py for tasks to queue
[2023-03-11T12:33:20.884+0000] {logging_mixin.py:137} INFO - [2023-03-11T12:33:20.883+0000] {dagbag.py:538} INFO - Filling up the DagBag from /home/airflow/.local/lib/python3.7/site-packages/airflow/example_dags/example_branch_python_dop_operator_3.py
[2023-03-11T12:33:20.908+0000] {processor.py:753} INFO - DAG(s) dict_keys(['example_branch_dop_operator_v3']) retrieved from /home/airflow/.local/lib/python3.7/site-packages/airflow/example_dags/example_branch_python_dop_operator_3.py
[2023-03-11T12:33:20.933+0000] {logging_mixin.py:137} INFO - [2023-03-11T12:33:20.933+0000] {dag.py:2690} INFO - Sync 1 DAGs
[2023-03-11T12:33:20.968+0000] {logging_mixin.py:137} INFO - [2023-03-11T12:33:20.968+0000] {dag.py:3441} INFO - Setting next_dagrun for example_branch_dop_operator_v3 to 2023-03-11T12:32:00+00:00, run_after=2023-03-11T12:33:00+00:00
[2023-03-11T12:33:20.988+0000] {processor.py:175} INFO - Processing /home/airflow/.local/lib/python3.7/site-packages/airflow/example_dags/example_branch_python_dop_operator_3.py took 0.109 seconds
[2023-03-11T12:33:51.908+0000] {processor.py:153} INFO - Started process (PID=552) to work on /home/airflow/.local/lib/python3.7/site-packages/airflow/example_dags/example_branch_python_dop_operator_3.py
[2023-03-11T12:33:51.910+0000] {processor.py:743} INFO - Processing file /home/airflow/.local/lib/python3.7/site-packages/airflow/example_dags/example_branch_python_dop_operator_3.py for tasks to queue
[2023-03-11T12:33:51.910+0000] {logging_mixin.py:137} INFO - [2023-03-11T12:33:51.910+0000] {dagbag.py:538} INFO - Filling up the DagBag from /home/airflow/.local/lib/python3.7/site-packages/airflow/example_dags/example_branch_python_dop_operator_3.py
[2023-03-11T12:33:51.945+0000] {processor.py:753} INFO - DAG(s) dict_keys(['example_branch_dop_operator_v3']) retrieved from /home/airflow/.local/lib/python3.7/site-packages/airflow/example_dags/example_branch_python_dop_operator_3.py
[2023-03-11T12:33:51.986+0000] {logging_mixin.py:137} INFO - [2023-03-11T12:33:51.986+0000] {dag.py:2690} INFO - Sync 1 DAGs
[2023-03-11T12:33:52.026+0000] {logging_mixin.py:137} INFO - [2023-03-11T12:33:52.026+0000] {dag.py:3441} INFO - Setting next_dagrun for example_branch_dop_operator_v3 to 2023-03-11T12:32:00+00:00, run_after=2023-03-11T12:33:00+00:00
[2023-03-11T12:33:52.050+0000] {processor.py:175} INFO - Processing /home/airflow/.local/lib/python3.7/site-packages/airflow/example_dags/example_branch_python_dop_operator_3.py took 0.145 seconds
[2023-03-11T12:34:22.700+0000] {processor.py:153} INFO - Started process (PID=663) to work on /home/airflow/.local/lib/python3.7/site-packages/airflow/example_dags/example_branch_python_dop_operator_3.py
[2023-03-11T12:34:22.701+0000] {processor.py:743} INFO - Processing file /home/airflow/.local/lib/python3.7/site-packages/airflow/example_dags/example_branch_python_dop_operator_3.py for tasks to queue
[2023-03-11T12:34:22.702+0000] {logging_mixin.py:137} INFO - [2023-03-11T12:34:22.702+0000] {dagbag.py:538} INFO - Filling up the DagBag from /home/airflow/.local/lib/python3.7/site-packages/airflow/example_dags/example_branch_python_dop_operator_3.py
[2023-03-11T12:34:22.729+0000] {processor.py:753} INFO - DAG(s) dict_keys(['example_branch_dop_operator_v3']) retrieved from /home/airflow/.local/lib/python3.7/site-packages/airflow/example_dags/example_branch_python_dop_operator_3.py
[2023-03-11T12:34:22.759+0000] {logging_mixin.py:137} INFO - [2023-03-11T12:34:22.759+0000] {dag.py:2690} INFO - Sync 1 DAGs
[2023-03-11T12:34:22.794+0000] {logging_mixin.py:137} INFO - [2023-03-11T12:34:22.794+0000] {dag.py:3441} INFO - Setting next_dagrun for example_branch_dop_operator_v3 to 2023-03-11T12:33:00+00:00, run_after=2023-03-11T12:34:00+00:00
[2023-03-11T12:34:22.820+0000] {processor.py:175} INFO - Processing /home/airflow/.local/lib/python3.7/site-packages/airflow/example_dags/example_branch_python_dop_operator_3.py took 0.123 seconds
[2023-03-11T12:34:53.116+0000] {processor.py:153} INFO - Started process (PID=750) to work on /home/airflow/.local/lib/python3.7/site-packages/airflow/example_dags/example_branch_python_dop_operator_3.py
[2023-03-11T12:34:53.118+0000] {processor.py:743} INFO - Processing file /home/airflow/.local/lib/python3.7/site-packages/airflow/example_dags/example_branch_python_dop_operator_3.py for tasks to queue
[2023-03-11T12:34:53.118+0000] {logging_mixin.py:137} INFO - [2023-03-11T12:34:53.118+0000] {dagbag.py:538} INFO - Filling up the DagBag from /home/airflow/.local/lib/python3.7/site-packages/airflow/example_dags/example_branch_python_dop_operator_3.py
[2023-03-11T12:34:53.142+0000] {processor.py:753} INFO - DAG(s) dict_keys(['example_branch_dop_operator_v3']) retrieved from /home/airflow/.local/lib/python3.7/site-packages/airflow/example_dags/example_branch_python_dop_operator_3.py
[2023-03-11T12:34:53.172+0000] {logging_mixin.py:137} INFO - [2023-03-11T12:34:53.172+0000] {dag.py:2690} INFO - Sync 1 DAGs
[2023-03-11T12:34:53.205+0000] {logging_mixin.py:137} INFO - [2023-03-11T12:34:53.205+0000] {dag.py:3441} INFO - Setting next_dagrun for example_branch_dop_operator_v3 to 2023-03-11T12:33:00+00:00, run_after=2023-03-11T12:34:00+00:00
[2023-03-11T12:34:53.225+0000] {processor.py:175} INFO - Processing /home/airflow/.local/lib/python3.7/site-packages/airflow/example_dags/example_branch_python_dop_operator_3.py took 0.112 seconds
[2023-03-11T12:35:23.431+0000] {processor.py:153} INFO - Started process (PID=861) to work on /home/airflow/.local/lib/python3.7/site-packages/airflow/example_dags/example_branch_python_dop_operator_3.py
[2023-03-11T12:35:23.432+0000] {processor.py:743} INFO - Processing file /home/airflow/.local/lib/python3.7/site-packages/airflow/example_dags/example_branch_python_dop_operator_3.py for tasks to queue
[2023-03-11T12:35:23.433+0000] {logging_mixin.py:137} INFO - [2023-03-11T12:35:23.433+0000] {dagbag.py:538} INFO - Filling up the DagBag from /home/airflow/.local/lib/python3.7/site-packages/airflow/example_dags/example_branch_python_dop_operator_3.py
[2023-03-11T12:35:23.456+0000] {processor.py:753} INFO - DAG(s) dict_keys(['example_branch_dop_operator_v3']) retrieved from /home/airflow/.local/lib/python3.7/site-packages/airflow/example_dags/example_branch_python_dop_operator_3.py
[2023-03-11T12:35:23.484+0000] {logging_mixin.py:137} INFO - [2023-03-11T12:35:23.483+0000] {dag.py:2690} INFO - Sync 1 DAGs
[2023-03-11T12:35:23.518+0000] {logging_mixin.py:137} INFO - [2023-03-11T12:35:23.517+0000] {dag.py:3441} INFO - Setting next_dagrun for example_branch_dop_operator_v3 to 2023-03-11T12:34:00+00:00, run_after=2023-03-11T12:35:00+00:00
[2023-03-11T12:35:23.548+0000] {processor.py:175} INFO - Processing /home/airflow/.local/lib/python3.7/site-packages/airflow/example_dags/example_branch_python_dop_operator_3.py took 0.119 seconds
[2023-03-11T12:35:53.839+0000] {processor.py:153} INFO - Started process (PID=948) to work on /home/airflow/.local/lib/python3.7/site-packages/airflow/example_dags/example_branch_python_dop_operator_3.py
[2023-03-11T12:35:53.840+0000] {processor.py:743} INFO - Processing file /home/airflow/.local/lib/python3.7/site-packages/airflow/example_dags/example_branch_python_dop_operator_3.py for tasks to queue
[2023-03-11T12:35:53.841+0000] {logging_mixin.py:137} INFO - [2023-03-11T12:35:53.841+0000] {dagbag.py:538} INFO - Filling up the DagBag from /home/airflow/.local/lib/python3.7/site-packages/airflow/example_dags/example_branch_python_dop_operator_3.py
[2023-03-11T12:35:53.867+0000] {processor.py:753} INFO - DAG(s) dict_keys(['example_branch_dop_operator_v3']) retrieved from /home/airflow/.local/lib/python3.7/site-packages/airflow/example_dags/example_branch_python_dop_operator_3.py
[2023-03-11T12:35:53.895+0000] {logging_mixin.py:137} INFO - [2023-03-11T12:35:53.895+0000] {dag.py:2690} INFO - Sync 1 DAGs
[2023-03-11T12:35:53.929+0000] {logging_mixin.py:137} INFO - [2023-03-11T12:35:53.929+0000] {dag.py:3441} INFO - Setting next_dagrun for example_branch_dop_operator_v3 to 2023-03-11T12:34:00+00:00, run_after=2023-03-11T12:35:00+00:00
[2023-03-11T12:35:53.948+0000] {processor.py:175} INFO - Processing /home/airflow/.local/lib/python3.7/site-packages/airflow/example_dags/example_branch_python_dop_operator_3.py took 0.113 seconds
[2023-03-11T12:36:24.542+0000] {processor.py:153} INFO - Started process (PID=1035) to work on /home/airflow/.local/lib/python3.7/site-packages/airflow/example_dags/example_branch_python_dop_operator_3.py
[2023-03-11T12:36:24.544+0000] {processor.py:743} INFO - Processing file /home/airflow/.local/lib/python3.7/site-packages/airflow/example_dags/example_branch_python_dop_operator_3.py for tasks to queue
[2023-03-11T12:36:24.544+0000] {logging_mixin.py:137} INFO - [2023-03-11T12:36:24.544+0000] {dagbag.py:538} INFO - Filling up the DagBag from /home/airflow/.local/lib/python3.7/site-packages/airflow/example_dags/example_branch_python_dop_operator_3.py
[2023-03-11T12:36:24.569+0000] {processor.py:753} INFO - DAG(s) dict_keys(['example_branch_dop_operator_v3']) retrieved from /home/airflow/.local/lib/python3.7/site-packages/airflow/example_dags/example_branch_python_dop_operator_3.py
[2023-03-11T12:36:24.595+0000] {logging_mixin.py:137} INFO - [2023-03-11T12:36:24.595+0000] {dag.py:2690} INFO - Sync 1 DAGs
[2023-03-11T12:36:24.627+0000] {logging_mixin.py:137} INFO - [2023-03-11T12:36:24.627+0000] {dag.py:3441} INFO - Setting next_dagrun for example_branch_dop_operator_v3 to 2023-03-11T12:35:00+00:00, run_after=2023-03-11T12:36:00+00:00
[2023-03-11T12:36:24.645+0000] {processor.py:175} INFO - Processing /home/airflow/.local/lib/python3.7/site-packages/airflow/example_dags/example_branch_python_dop_operator_3.py took 0.106 seconds
[2023-03-11T12:36:55.132+0000] {processor.py:153} INFO - Started process (PID=1146) to work on /home/airflow/.local/lib/python3.7/site-packages/airflow/example_dags/example_branch_python_dop_operator_3.py
[2023-03-11T12:36:55.133+0000] {processor.py:743} INFO - Processing file /home/airflow/.local/lib/python3.7/site-packages/airflow/example_dags/example_branch_python_dop_operator_3.py for tasks to queue
[2023-03-11T12:36:55.134+0000] {logging_mixin.py:137} INFO - [2023-03-11T12:36:55.133+0000] {dagbag.py:538} INFO - Filling up the DagBag from /home/airflow/.local/lib/python3.7/site-packages/airflow/example_dags/example_branch_python_dop_operator_3.py
[2023-03-11T12:36:55.158+0000] {processor.py:753} INFO - DAG(s) dict_keys(['example_branch_dop_operator_v3']) retrieved from /home/airflow/.local/lib/python3.7/site-packages/airflow/example_dags/example_branch_python_dop_operator_3.py
[2023-03-11T12:36:55.182+0000] {logging_mixin.py:137} INFO - [2023-03-11T12:36:55.182+0000] {dag.py:2690} INFO - Sync 1 DAGs
[2023-03-11T12:36:55.212+0000] {logging_mixin.py:137} INFO - [2023-03-11T12:36:55.212+0000] {dag.py:3441} INFO - Setting next_dagrun for example_branch_dop_operator_v3 to 2023-03-11T12:35:00+00:00, run_after=2023-03-11T12:36:00+00:00
[2023-03-11T12:36:55.232+0000] {processor.py:175} INFO - Processing /home/airflow/.local/lib/python3.7/site-packages/airflow/example_dags/example_branch_python_dop_operator_3.py took 0.103 seconds
[2023-03-11T12:37:25.651+0000] {processor.py:153} INFO - Started process (PID=1233) to work on /home/airflow/.local/lib/python3.7/site-packages/airflow/example_dags/example_branch_python_dop_operator_3.py
[2023-03-11T12:37:25.652+0000] {processor.py:743} INFO - Processing file /home/airflow/.local/lib/python3.7/site-packages/airflow/example_dags/example_branch_python_dop_operator_3.py for tasks to queue
[2023-03-11T12:37:25.652+0000] {logging_mixin.py:137} INFO - [2023-03-11T12:37:25.652+0000] {dagbag.py:538} INFO - Filling up the DagBag from /home/airflow/.local/lib/python3.7/site-packages/airflow/example_dags/example_branch_python_dop_operator_3.py
[2023-03-11T12:37:25.679+0000] {processor.py:753} INFO - DAG(s) dict_keys(['example_branch_dop_operator_v3']) retrieved from /home/airflow/.local/lib/python3.7/site-packages/airflow/example_dags/example_branch_python_dop_operator_3.py
[2023-03-11T12:37:25.705+0000] {logging_mixin.py:137} INFO - [2023-03-11T12:37:25.705+0000] {dag.py:2690} INFO - Sync 1 DAGs
[2023-03-11T12:37:25.743+0000] {logging_mixin.py:137} INFO - [2023-03-11T12:37:25.743+0000] {dag.py:3441} INFO - Setting next_dagrun for example_branch_dop_operator_v3 to 2023-03-11T12:36:00+00:00, run_after=2023-03-11T12:37:00+00:00
[2023-03-11T12:37:25.763+0000] {processor.py:175} INFO - Processing /home/airflow/.local/lib/python3.7/site-packages/airflow/example_dags/example_branch_python_dop_operator_3.py took 0.115 seconds
[2023-03-11T12:37:56.585+0000] {processor.py:153} INFO - Started process (PID=1329) to work on /home/airflow/.local/lib/python3.7/site-packages/airflow/example_dags/example_branch_python_dop_operator_3.py
[2023-03-11T12:37:56.586+0000] {processor.py:743} INFO - Processing file /home/airflow/.local/lib/python3.7/site-packages/airflow/example_dags/example_branch_python_dop_operator_3.py for tasks to queue
[2023-03-11T12:37:56.586+0000] {logging_mixin.py:137} INFO - [2023-03-11T12:37:56.586+0000] {dagbag.py:538} INFO - Filling up the DagBag from /home/airflow/.local/lib/python3.7/site-packages/airflow/example_dags/example_branch_python_dop_operator_3.py
[2023-03-11T12:37:56.612+0000] {processor.py:753} INFO - DAG(s) dict_keys(['example_branch_dop_operator_v3']) retrieved from /home/airflow/.local/lib/python3.7/site-packages/airflow/example_dags/example_branch_python_dop_operator_3.py
[2023-03-11T12:37:56.639+0000] {logging_mixin.py:137} INFO - [2023-03-11T12:37:56.639+0000] {dag.py:2690} INFO - Sync 1 DAGs
[2023-03-11T12:37:56.673+0000] {logging_mixin.py:137} INFO - [2023-03-11T12:37:56.673+0000] {dag.py:3441} INFO - Setting next_dagrun for example_branch_dop_operator_v3 to 2023-03-11T12:36:00+00:00, run_after=2023-03-11T12:37:00+00:00
[2023-03-11T12:37:56.693+0000] {processor.py:175} INFO - Processing /home/airflow/.local/lib/python3.7/site-packages/airflow/example_dags/example_branch_python_dop_operator_3.py took 0.112 seconds
[2023-03-11T12:38:27.050+0000] {processor.py:153} INFO - Started process (PID=1430) to work on /home/airflow/.local/lib/python3.7/site-packages/airflow/example_dags/example_branch_python_dop_operator_3.py
[2023-03-11T12:38:27.051+0000] {processor.py:743} INFO - Processing file /home/airflow/.local/lib/python3.7/site-packages/airflow/example_dags/example_branch_python_dop_operator_3.py for tasks to queue
[2023-03-11T12:38:27.052+0000] {logging_mixin.py:137} INFO - [2023-03-11T12:38:27.052+0000] {dagbag.py:538} INFO - Filling up the DagBag from /home/airflow/.local/lib/python3.7/site-packages/airflow/example_dags/example_branch_python_dop_operator_3.py
[2023-03-11T12:38:27.075+0000] {processor.py:753} INFO - DAG(s) dict_keys(['example_branch_dop_operator_v3']) retrieved from /home/airflow/.local/lib/python3.7/site-packages/airflow/example_dags/example_branch_python_dop_operator_3.py
[2023-03-11T12:38:27.099+0000] {logging_mixin.py:137} INFO - [2023-03-11T12:38:27.099+0000] {dag.py:2690} INFO - Sync 1 DAGs
[2023-03-11T12:38:27.128+0000] {logging_mixin.py:137} INFO - [2023-03-11T12:38:27.128+0000] {dag.py:3441} INFO - Setting next_dagrun for example_branch_dop_operator_v3 to 2023-03-11T12:37:00+00:00, run_after=2023-03-11T12:38:00+00:00
[2023-03-11T12:38:27.150+0000] {processor.py:175} INFO - Processing /home/airflow/.local/lib/python3.7/site-packages/airflow/example_dags/example_branch_python_dop_operator_3.py took 0.103 seconds
[2023-03-11T12:38:58.138+0000] {processor.py:153} INFO - Started process (PID=1517) to work on /home/airflow/.local/lib/python3.7/site-packages/airflow/example_dags/example_branch_python_dop_operator_3.py
[2023-03-11T12:38:58.140+0000] {processor.py:743} INFO - Processing file /home/airflow/.local/lib/python3.7/site-packages/airflow/example_dags/example_branch_python_dop_operator_3.py for tasks to queue
[2023-03-11T12:38:58.141+0000] {logging_mixin.py:137} INFO - [2023-03-11T12:38:58.141+0000] {dagbag.py:538} INFO - Filling up the DagBag from /home/airflow/.local/lib/python3.7/site-packages/airflow/example_dags/example_branch_python_dop_operator_3.py
[2023-03-11T12:38:58.169+0000] {processor.py:753} INFO - DAG(s) dict_keys(['example_branch_dop_operator_v3']) retrieved from /home/airflow/.local/lib/python3.7/site-packages/airflow/example_dags/example_branch_python_dop_operator_3.py
[2023-03-11T12:38:58.203+0000] {logging_mixin.py:137} INFO - [2023-03-11T12:38:58.203+0000] {dag.py:2690} INFO - Sync 1 DAGs
[2023-03-11T12:38:58.238+0000] {logging_mixin.py:137} INFO - [2023-03-11T12:38:58.238+0000] {dag.py:3441} INFO - Setting next_dagrun for example_branch_dop_operator_v3 to 2023-03-11T12:37:00+00:00, run_after=2023-03-11T12:38:00+00:00
[2023-03-11T12:38:58.263+0000] {processor.py:175} INFO - Processing /home/airflow/.local/lib/python3.7/site-packages/airflow/example_dags/example_branch_python_dop_operator_3.py took 0.128 seconds
[2023-03-11T12:39:28.287+0000] {processor.py:153} INFO - Started process (PID=1613) to work on /home/airflow/.local/lib/python3.7/site-packages/airflow/example_dags/example_branch_python_dop_operator_3.py
[2023-03-11T12:39:28.288+0000] {processor.py:743} INFO - Processing file /home/airflow/.local/lib/python3.7/site-packages/airflow/example_dags/example_branch_python_dop_operator_3.py for tasks to queue
[2023-03-11T12:39:28.289+0000] {logging_mixin.py:137} INFO - [2023-03-11T12:39:28.289+0000] {dagbag.py:538} INFO - Filling up the DagBag from /home/airflow/.local/lib/python3.7/site-packages/airflow/example_dags/example_branch_python_dop_operator_3.py
[2023-03-11T12:39:28.312+0000] {processor.py:753} INFO - DAG(s) dict_keys(['example_branch_dop_operator_v3']) retrieved from /home/airflow/.local/lib/python3.7/site-packages/airflow/example_dags/example_branch_python_dop_operator_3.py
[2023-03-11T12:39:28.340+0000] {logging_mixin.py:137} INFO - [2023-03-11T12:39:28.340+0000] {dag.py:2690} INFO - Sync 1 DAGs
[2023-03-11T12:39:28.371+0000] {logging_mixin.py:137} INFO - [2023-03-11T12:39:28.370+0000] {dag.py:3441} INFO - Setting next_dagrun for example_branch_dop_operator_v3 to 2023-03-11T12:38:00+00:00, run_after=2023-03-11T12:39:00+00:00
[2023-03-11T12:39:28.394+0000] {processor.py:175} INFO - Processing /home/airflow/.local/lib/python3.7/site-packages/airflow/example_dags/example_branch_python_dop_operator_3.py took 0.110 seconds
[2023-03-11T12:39:58.729+0000] {processor.py:153} INFO - Started process (PID=1715) to work on /home/airflow/.local/lib/python3.7/site-packages/airflow/example_dags/example_branch_python_dop_operator_3.py
[2023-03-11T12:39:58.730+0000] {processor.py:743} INFO - Processing file /home/airflow/.local/lib/python3.7/site-packages/airflow/example_dags/example_branch_python_dop_operator_3.py for tasks to queue
[2023-03-11T12:39:58.731+0000] {logging_mixin.py:137} INFO - [2023-03-11T12:39:58.731+0000] {dagbag.py:538} INFO - Filling up the DagBag from /home/airflow/.local/lib/python3.7/site-packages/airflow/example_dags/example_branch_python_dop_operator_3.py
[2023-03-11T12:39:58.756+0000] {processor.py:753} INFO - DAG(s) dict_keys(['example_branch_dop_operator_v3']) retrieved from /home/airflow/.local/lib/python3.7/site-packages/airflow/example_dags/example_branch_python_dop_operator_3.py
[2023-03-11T12:39:58.780+0000] {logging_mixin.py:137} INFO - [2023-03-11T12:39:58.780+0000] {dag.py:2690} INFO - Sync 1 DAGs
[2023-03-11T12:39:58.810+0000] {logging_mixin.py:137} INFO - [2023-03-11T12:39:58.810+0000] {dag.py:3441} INFO - Setting next_dagrun for example_branch_dop_operator_v3 to 2023-03-11T12:38:00+00:00, run_after=2023-03-11T12:39:00+00:00
[2023-03-11T12:39:58.829+0000] {processor.py:175} INFO - Processing /home/airflow/.local/lib/python3.7/site-packages/airflow/example_dags/example_branch_python_dop_operator_3.py took 0.103 seconds
[2023-03-11T12:40:29.767+0000] {processor.py:153} INFO - Started process (PID=1802) to work on /home/airflow/.local/lib/python3.7/site-packages/airflow/example_dags/example_branch_python_dop_operator_3.py
[2023-03-11T12:40:29.768+0000] {processor.py:743} INFO - Processing file /home/airflow/.local/lib/python3.7/site-packages/airflow/example_dags/example_branch_python_dop_operator_3.py for tasks to queue
[2023-03-11T12:40:29.769+0000] {logging_mixin.py:137} INFO - [2023-03-11T12:40:29.769+0000] {dagbag.py:538} INFO - Filling up the DagBag from /home/airflow/.local/lib/python3.7/site-packages/airflow/example_dags/example_branch_python_dop_operator_3.py
[2023-03-11T12:40:29.792+0000] {processor.py:753} INFO - DAG(s) dict_keys(['example_branch_dop_operator_v3']) retrieved from /home/airflow/.local/lib/python3.7/site-packages/airflow/example_dags/example_branch_python_dop_operator_3.py
[2023-03-11T12:40:29.818+0000] {logging_mixin.py:137} INFO - [2023-03-11T12:40:29.817+0000] {dag.py:2690} INFO - Sync 1 DAGs
[2023-03-11T12:40:29.858+0000] {logging_mixin.py:137} INFO - [2023-03-11T12:40:29.858+0000] {dag.py:3441} INFO - Setting next_dagrun for example_branch_dop_operator_v3 to 2023-03-11T12:39:00+00:00, run_after=2023-03-11T12:40:00+00:00
[2023-03-11T12:40:29.883+0000] {processor.py:175} INFO - Processing /home/airflow/.local/lib/python3.7/site-packages/airflow/example_dags/example_branch_python_dop_operator_3.py took 0.118 seconds
[2023-03-11T12:41:00.781+0000] {processor.py:153} INFO - Started process (PID=1913) to work on /home/airflow/.local/lib/python3.7/site-packages/airflow/example_dags/example_branch_python_dop_operator_3.py
[2023-03-11T12:41:00.782+0000] {processor.py:743} INFO - Processing file /home/airflow/.local/lib/python3.7/site-packages/airflow/example_dags/example_branch_python_dop_operator_3.py for tasks to queue
[2023-03-11T12:41:00.782+0000] {logging_mixin.py:137} INFO - [2023-03-11T12:41:00.782+0000] {dagbag.py:538} INFO - Filling up the DagBag from /home/airflow/.local/lib/python3.7/site-packages/airflow/example_dags/example_branch_python_dop_operator_3.py
[2023-03-11T12:41:00.807+0000] {processor.py:753} INFO - DAG(s) dict_keys(['example_branch_dop_operator_v3']) retrieved from /home/airflow/.local/lib/python3.7/site-packages/airflow/example_dags/example_branch_python_dop_operator_3.py
[2023-03-11T12:41:00.834+0000] {logging_mixin.py:137} INFO - [2023-03-11T12:41:00.834+0000] {dag.py:2690} INFO - Sync 1 DAGs
[2023-03-11T12:41:00.864+0000] {logging_mixin.py:137} INFO - [2023-03-11T12:41:00.864+0000] {dag.py:3441} INFO - Setting next_dagrun for example_branch_dop_operator_v3 to 2023-03-11T12:40:00+00:00, run_after=2023-03-11T12:41:00+00:00
[2023-03-11T12:41:00.884+0000] {processor.py:175} INFO - Processing /home/airflow/.local/lib/python3.7/site-packages/airflow/example_dags/example_branch_python_dop_operator_3.py took 0.106 seconds
[2023-03-11T12:41:31.468+0000] {processor.py:153} INFO - Started process (PID=2000) to work on /home/airflow/.local/lib/python3.7/site-packages/airflow/example_dags/example_branch_python_dop_operator_3.py
[2023-03-11T12:41:31.469+0000] {processor.py:743} INFO - Processing file /home/airflow/.local/lib/python3.7/site-packages/airflow/example_dags/example_branch_python_dop_operator_3.py for tasks to queue
[2023-03-11T12:41:31.469+0000] {logging_mixin.py:137} INFO - [2023-03-11T12:41:31.469+0000] {dagbag.py:538} INFO - Filling up the DagBag from /home/airflow/.local/lib/python3.7/site-packages/airflow/example_dags/example_branch_python_dop_operator_3.py
[2023-03-11T12:41:31.495+0000] {processor.py:753} INFO - DAG(s) dict_keys(['example_branch_dop_operator_v3']) retrieved from /home/airflow/.local/lib/python3.7/site-packages/airflow/example_dags/example_branch_python_dop_operator_3.py
[2023-03-11T12:41:31.520+0000] {logging_mixin.py:137} INFO - [2023-03-11T12:41:31.519+0000] {dag.py:2690} INFO - Sync 1 DAGs
[2023-03-11T12:41:31.553+0000] {logging_mixin.py:137} INFO - [2023-03-11T12:41:31.553+0000] {dag.py:3441} INFO - Setting next_dagrun for example_branch_dop_operator_v3 to 2023-03-11T12:40:00+00:00, run_after=2023-03-11T12:41:00+00:00
[2023-03-11T12:41:31.578+0000] {processor.py:175} INFO - Processing /home/airflow/.local/lib/python3.7/site-packages/airflow/example_dags/example_branch_python_dop_operator_3.py took 0.113 seconds
[2023-03-11T12:42:02.182+0000] {processor.py:153} INFO - Started process (PID=2096) to work on /home/airflow/.local/lib/python3.7/site-packages/airflow/example_dags/example_branch_python_dop_operator_3.py
[2023-03-11T12:42:02.183+0000] {processor.py:743} INFO - Processing file /home/airflow/.local/lib/python3.7/site-packages/airflow/example_dags/example_branch_python_dop_operator_3.py for tasks to queue
[2023-03-11T12:42:02.183+0000] {logging_mixin.py:137} INFO - [2023-03-11T12:42:02.183+0000] {dagbag.py:538} INFO - Filling up the DagBag from /home/airflow/.local/lib/python3.7/site-packages/airflow/example_dags/example_branch_python_dop_operator_3.py
[2023-03-11T12:42:02.207+0000] {processor.py:753} INFO - DAG(s) dict_keys(['example_branch_dop_operator_v3']) retrieved from /home/airflow/.local/lib/python3.7/site-packages/airflow/example_dags/example_branch_python_dop_operator_3.py
[2023-03-11T12:42:02.233+0000] {logging_mixin.py:137} INFO - [2023-03-11T12:42:02.233+0000] {dag.py:2690} INFO - Sync 1 DAGs
[2023-03-11T12:42:02.266+0000] {logging_mixin.py:137} INFO - [2023-03-11T12:42:02.266+0000] {dag.py:3441} INFO - Setting next_dagrun for example_branch_dop_operator_v3 to 2023-03-11T12:41:00+00:00, run_after=2023-03-11T12:42:00+00:00
[2023-03-11T12:42:02.287+0000] {processor.py:175} INFO - Processing /home/airflow/.local/lib/python3.7/site-packages/airflow/example_dags/example_branch_python_dop_operator_3.py took 0.108 seconds
[2023-03-11T12:42:32.855+0000] {processor.py:153} INFO - Started process (PID=2198) to work on /home/airflow/.local/lib/python3.7/site-packages/airflow/example_dags/example_branch_python_dop_operator_3.py
[2023-03-11T12:42:32.856+0000] {processor.py:743} INFO - Processing file /home/airflow/.local/lib/python3.7/site-packages/airflow/example_dags/example_branch_python_dop_operator_3.py for tasks to queue
[2023-03-11T12:42:32.857+0000] {logging_mixin.py:137} INFO - [2023-03-11T12:42:32.857+0000] {dagbag.py:538} INFO - Filling up the DagBag from /home/airflow/.local/lib/python3.7/site-packages/airflow/example_dags/example_branch_python_dop_operator_3.py
[2023-03-11T12:42:32.882+0000] {processor.py:753} INFO - DAG(s) dict_keys(['example_branch_dop_operator_v3']) retrieved from /home/airflow/.local/lib/python3.7/site-packages/airflow/example_dags/example_branch_python_dop_operator_3.py
[2023-03-11T12:42:32.909+0000] {logging_mixin.py:137} INFO - [2023-03-11T12:42:32.909+0000] {dag.py:2690} INFO - Sync 1 DAGs
[2023-03-11T12:42:32.940+0000] {logging_mixin.py:137} INFO - [2023-03-11T12:42:32.940+0000] {dag.py:3441} INFO - Setting next_dagrun for example_branch_dop_operator_v3 to 2023-03-11T12:41:00+00:00, run_after=2023-03-11T12:42:00+00:00
[2023-03-11T12:42:32.959+0000] {processor.py:175} INFO - Processing /home/airflow/.local/lib/python3.7/site-packages/airflow/example_dags/example_branch_python_dop_operator_3.py took 0.107 seconds
[2023-03-11T12:43:03.453+0000] {processor.py:153} INFO - Started process (PID=2285) to work on /home/airflow/.local/lib/python3.7/site-packages/airflow/example_dags/example_branch_python_dop_operator_3.py
[2023-03-11T12:43:03.454+0000] {processor.py:743} INFO - Processing file /home/airflow/.local/lib/python3.7/site-packages/airflow/example_dags/example_branch_python_dop_operator_3.py for tasks to queue
[2023-03-11T12:43:03.455+0000] {logging_mixin.py:137} INFO - [2023-03-11T12:43:03.454+0000] {dagbag.py:538} INFO - Filling up the DagBag from /home/airflow/.local/lib/python3.7/site-packages/airflow/example_dags/example_branch_python_dop_operator_3.py
[2023-03-11T12:43:03.478+0000] {processor.py:753} INFO - DAG(s) dict_keys(['example_branch_dop_operator_v3']) retrieved from /home/airflow/.local/lib/python3.7/site-packages/airflow/example_dags/example_branch_python_dop_operator_3.py
[2023-03-11T12:43:03.502+0000] {logging_mixin.py:137} INFO - [2023-03-11T12:43:03.502+0000] {dag.py:2690} INFO - Sync 1 DAGs
[2023-03-11T12:43:03.533+0000] {logging_mixin.py:137} INFO - [2023-03-11T12:43:03.533+0000] {dag.py:3441} INFO - Setting next_dagrun for example_branch_dop_operator_v3 to 2023-03-11T12:42:00+00:00, run_after=2023-03-11T12:43:00+00:00
[2023-03-11T12:43:03.550+0000] {processor.py:175} INFO - Processing /home/airflow/.local/lib/python3.7/site-packages/airflow/example_dags/example_branch_python_dop_operator_3.py took 0.101 seconds
[2023-03-11T12:43:34.226+0000] {processor.py:153} INFO - Started process (PID=2396) to work on /home/airflow/.local/lib/python3.7/site-packages/airflow/example_dags/example_branch_python_dop_operator_3.py
[2023-03-11T12:43:34.227+0000] {processor.py:743} INFO - Processing file /home/airflow/.local/lib/python3.7/site-packages/airflow/example_dags/example_branch_python_dop_operator_3.py for tasks to queue
[2023-03-11T12:43:34.228+0000] {logging_mixin.py:137} INFO - [2023-03-11T12:43:34.228+0000] {dagbag.py:538} INFO - Filling up the DagBag from /home/airflow/.local/lib/python3.7/site-packages/airflow/example_dags/example_branch_python_dop_operator_3.py
[2023-03-11T12:43:34.251+0000] {processor.py:753} INFO - DAG(s) dict_keys(['example_branch_dop_operator_v3']) retrieved from /home/airflow/.local/lib/python3.7/site-packages/airflow/example_dags/example_branch_python_dop_operator_3.py
[2023-03-11T12:43:34.275+0000] {logging_mixin.py:137} INFO - [2023-03-11T12:43:34.275+0000] {dag.py:2690} INFO - Sync 1 DAGs
[2023-03-11T12:43:34.306+0000] {logging_mixin.py:137} INFO - [2023-03-11T12:43:34.306+0000] {dag.py:3441} INFO - Setting next_dagrun for example_branch_dop_operator_v3 to 2023-03-11T12:42:00+00:00, run_after=2023-03-11T12:43:00+00:00
[2023-03-11T12:43:34.323+0000] {processor.py:175} INFO - Processing /home/airflow/.local/lib/python3.7/site-packages/airflow/example_dags/example_branch_python_dop_operator_3.py took 0.099 seconds
[2023-03-11T12:44:04.688+0000] {processor.py:153} INFO - Started process (PID=2483) to work on /home/airflow/.local/lib/python3.7/site-packages/airflow/example_dags/example_branch_python_dop_operator_3.py
[2023-03-11T12:44:04.689+0000] {processor.py:743} INFO - Processing file /home/airflow/.local/lib/python3.7/site-packages/airflow/example_dags/example_branch_python_dop_operator_3.py for tasks to queue
[2023-03-11T12:44:04.689+0000] {logging_mixin.py:137} INFO - [2023-03-11T12:44:04.689+0000] {dagbag.py:538} INFO - Filling up the DagBag from /home/airflow/.local/lib/python3.7/site-packages/airflow/example_dags/example_branch_python_dop_operator_3.py
[2023-03-11T12:44:04.713+0000] {processor.py:753} INFO - DAG(s) dict_keys(['example_branch_dop_operator_v3']) retrieved from /home/airflow/.local/lib/python3.7/site-packages/airflow/example_dags/example_branch_python_dop_operator_3.py
[2023-03-11T12:44:04.740+0000] {logging_mixin.py:137} INFO - [2023-03-11T12:44:04.740+0000] {dag.py:2690} INFO - Sync 1 DAGs
[2023-03-11T12:44:04.771+0000] {logging_mixin.py:137} INFO - [2023-03-11T12:44:04.770+0000] {dag.py:3441} INFO - Setting next_dagrun for example_branch_dop_operator_v3 to 2023-03-11T12:43:00+00:00, run_after=2023-03-11T12:44:00+00:00
[2023-03-11T12:44:04.789+0000] {processor.py:175} INFO - Processing /home/airflow/.local/lib/python3.7/site-packages/airflow/example_dags/example_branch_python_dop_operator_3.py took 0.105 seconds
[2023-03-11T12:44:35.311+0000] {processor.py:153} INFO - Started process (PID=2594) to work on /home/airflow/.local/lib/python3.7/site-packages/airflow/example_dags/example_branch_python_dop_operator_3.py
[2023-03-11T12:44:35.312+0000] {processor.py:743} INFO - Processing file /home/airflow/.local/lib/python3.7/site-packages/airflow/example_dags/example_branch_python_dop_operator_3.py for tasks to queue
[2023-03-11T12:44:35.313+0000] {logging_mixin.py:137} INFO - [2023-03-11T12:44:35.313+0000] {dagbag.py:538} INFO - Filling up the DagBag from /home/airflow/.local/lib/python3.7/site-packages/airflow/example_dags/example_branch_python_dop_operator_3.py
[2023-03-11T12:44:35.338+0000] {processor.py:753} INFO - DAG(s) dict_keys(['example_branch_dop_operator_v3']) retrieved from /home/airflow/.local/lib/python3.7/site-packages/airflow/example_dags/example_branch_python_dop_operator_3.py
[2023-03-11T12:44:35.363+0000] {logging_mixin.py:137} INFO - [2023-03-11T12:44:35.362+0000] {dag.py:2690} INFO - Sync 1 DAGs
[2023-03-11T12:44:35.402+0000] {logging_mixin.py:137} INFO - [2023-03-11T12:44:35.401+0000] {dag.py:3441} INFO - Setting next_dagrun for example_branch_dop_operator_v3 to 2023-03-11T12:43:00+00:00, run_after=2023-03-11T12:44:00+00:00
[2023-03-11T12:44:35.425+0000] {processor.py:175} INFO - Processing /home/airflow/.local/lib/python3.7/site-packages/airflow/example_dags/example_branch_python_dop_operator_3.py took 0.117 seconds
[2023-03-11T12:45:06.347+0000] {processor.py:153} INFO - Started process (PID=2681) to work on /home/airflow/.local/lib/python3.7/site-packages/airflow/example_dags/example_branch_python_dop_operator_3.py
[2023-03-11T12:45:06.348+0000] {processor.py:743} INFO - Processing file /home/airflow/.local/lib/python3.7/site-packages/airflow/example_dags/example_branch_python_dop_operator_3.py for tasks to queue
[2023-03-11T12:45:06.349+0000] {logging_mixin.py:137} INFO - [2023-03-11T12:45:06.349+0000] {dagbag.py:538} INFO - Filling up the DagBag from /home/airflow/.local/lib/python3.7/site-packages/airflow/example_dags/example_branch_python_dop_operator_3.py
[2023-03-11T12:45:06.374+0000] {processor.py:753} INFO - DAG(s) dict_keys(['example_branch_dop_operator_v3']) retrieved from /home/airflow/.local/lib/python3.7/site-packages/airflow/example_dags/example_branch_python_dop_operator_3.py
[2023-03-11T12:45:06.412+0000] {logging_mixin.py:137} INFO - [2023-03-11T12:45:06.412+0000] {dag.py:2690} INFO - Sync 1 DAGs
[2023-03-11T12:45:06.456+0000] {logging_mixin.py:137} INFO - [2023-03-11T12:45:06.456+0000] {dag.py:3441} INFO - Setting next_dagrun for example_branch_dop_operator_v3 to 2023-03-11T12:44:00+00:00, run_after=2023-03-11T12:45:00+00:00
[2023-03-11T12:45:06.488+0000] {processor.py:175} INFO - Processing /home/airflow/.local/lib/python3.7/site-packages/airflow/example_dags/example_branch_python_dop_operator_3.py took 0.144 seconds
[2023-03-11T12:45:36.708+0000] {processor.py:153} INFO - Started process (PID=2768) to work on /home/airflow/.local/lib/python3.7/site-packages/airflow/example_dags/example_branch_python_dop_operator_3.py
[2023-03-11T12:45:36.709+0000] {processor.py:743} INFO - Processing file /home/airflow/.local/lib/python3.7/site-packages/airflow/example_dags/example_branch_python_dop_operator_3.py for tasks to queue
[2023-03-11T12:45:36.711+0000] {logging_mixin.py:137} INFO - [2023-03-11T12:45:36.711+0000] {dagbag.py:538} INFO - Filling up the DagBag from /home/airflow/.local/lib/python3.7/site-packages/airflow/example_dags/example_branch_python_dop_operator_3.py
[2023-03-11T12:45:36.739+0000] {processor.py:753} INFO - DAG(s) dict_keys(['example_branch_dop_operator_v3']) retrieved from /home/airflow/.local/lib/python3.7/site-packages/airflow/example_dags/example_branch_python_dop_operator_3.py
[2023-03-11T12:45:36.777+0000] {logging_mixin.py:137} INFO - [2023-03-11T12:45:36.776+0000] {dag.py:2690} INFO - Sync 1 DAGs
[2023-03-11T12:45:36.819+0000] {logging_mixin.py:137} INFO - [2023-03-11T12:45:36.819+0000] {dag.py:3441} INFO - Setting next_dagrun for example_branch_dop_operator_v3 to 2023-03-11T12:44:00+00:00, run_after=2023-03-11T12:45:00+00:00
[2023-03-11T12:45:36.861+0000] {processor.py:175} INFO - Processing /home/airflow/.local/lib/python3.7/site-packages/airflow/example_dags/example_branch_python_dop_operator_3.py took 0.157 seconds
[2023-03-11T12:46:07.204+0000] {processor.py:153} INFO - Started process (PID=2879) to work on /home/airflow/.local/lib/python3.7/site-packages/airflow/example_dags/example_branch_python_dop_operator_3.py
[2023-03-11T12:46:07.204+0000] {processor.py:743} INFO - Processing file /home/airflow/.local/lib/python3.7/site-packages/airflow/example_dags/example_branch_python_dop_operator_3.py for tasks to queue
[2023-03-11T12:46:07.205+0000] {logging_mixin.py:137} INFO - [2023-03-11T12:46:07.205+0000] {dagbag.py:538} INFO - Filling up the DagBag from /home/airflow/.local/lib/python3.7/site-packages/airflow/example_dags/example_branch_python_dop_operator_3.py
[2023-03-11T12:46:07.229+0000] {processor.py:753} INFO - DAG(s) dict_keys(['example_branch_dop_operator_v3']) retrieved from /home/airflow/.local/lib/python3.7/site-packages/airflow/example_dags/example_branch_python_dop_operator_3.py
[2023-03-11T12:46:07.256+0000] {logging_mixin.py:137} INFO - [2023-03-11T12:46:07.256+0000] {dag.py:2690} INFO - Sync 1 DAGs
[2023-03-11T12:46:07.286+0000] {logging_mixin.py:137} INFO - [2023-03-11T12:46:07.286+0000] {dag.py:3441} INFO - Setting next_dagrun for example_branch_dop_operator_v3 to 2023-03-11T12:45:00+00:00, run_after=2023-03-11T12:46:00+00:00
[2023-03-11T12:46:07.304+0000] {processor.py:175} INFO - Processing /home/airflow/.local/lib/python3.7/site-packages/airflow/example_dags/example_branch_python_dop_operator_3.py took 0.103 seconds
[2023-03-11T12:46:38.119+0000] {processor.py:153} INFO - Started process (PID=2966) to work on /home/airflow/.local/lib/python3.7/site-packages/airflow/example_dags/example_branch_python_dop_operator_3.py
[2023-03-11T12:46:38.121+0000] {processor.py:743} INFO - Processing file /home/airflow/.local/lib/python3.7/site-packages/airflow/example_dags/example_branch_python_dop_operator_3.py for tasks to queue
[2023-03-11T12:46:38.121+0000] {logging_mixin.py:137} INFO - [2023-03-11T12:46:38.121+0000] {dagbag.py:538} INFO - Filling up the DagBag from /home/airflow/.local/lib/python3.7/site-packages/airflow/example_dags/example_branch_python_dop_operator_3.py
[2023-03-11T12:46:38.147+0000] {processor.py:753} INFO - DAG(s) dict_keys(['example_branch_dop_operator_v3']) retrieved from /home/airflow/.local/lib/python3.7/site-packages/airflow/example_dags/example_branch_python_dop_operator_3.py
[2023-03-11T12:46:38.173+0000] {logging_mixin.py:137} INFO - [2023-03-11T12:46:38.173+0000] {dag.py:2690} INFO - Sync 1 DAGs
[2023-03-11T12:46:38.203+0000] {logging_mixin.py:137} INFO - [2023-03-11T12:46:38.203+0000] {dag.py:3441} INFO - Setting next_dagrun for example_branch_dop_operator_v3 to 2023-03-11T12:45:00+00:00, run_after=2023-03-11T12:46:00+00:00
[2023-03-11T12:46:38.228+0000] {processor.py:175} INFO - Processing /home/airflow/.local/lib/python3.7/site-packages/airflow/example_dags/example_branch_python_dop_operator_3.py took 0.111 seconds
