[2023-03-11T12:31:19.993+0000] {processor.py:153} INFO - Started process (PID=119) to work on /home/airflow/.local/lib/python3.7/site-packages/airflow/example_dags/example_xcomargs.py
[2023-03-11T12:31:19.993+0000] {processor.py:743} INFO - Processing file /home/airflow/.local/lib/python3.7/site-packages/airflow/example_dags/example_xcomargs.py for tasks to queue
[2023-03-11T12:31:19.994+0000] {logging_mixin.py:137} INFO - [2023-03-11T12:31:19.994+0000] {dagbag.py:538} INFO - Filling up the DagBag from /home/airflow/.local/lib/python3.7/site-packages/airflow/example_dags/example_xcomargs.py
[2023-03-11T12:31:20.024+0000] {processor.py:753} INFO - DAG(s) dict_keys(['example_xcom_args', 'example_xcom_args_with_operators']) retrieved from /home/airflow/.local/lib/python3.7/site-packages/airflow/example_dags/example_xcomargs.py
[2023-03-11T12:31:20.037+0000] {logging_mixin.py:137} INFO - [2023-03-11T12:31:20.037+0000] {dag.py:2690} INFO - Sync 2 DAGs
[2023-03-11T12:31:20.063+0000] {logging_mixin.py:137} INFO - [2023-03-11T12:31:20.063+0000] {dag.py:3441} INFO - Setting next_dagrun for example_xcom_args to None, run_after=None
[2023-03-11T12:31:20.066+0000] {logging_mixin.py:137} INFO - [2023-03-11T12:31:20.066+0000] {dag.py:3441} INFO - Setting next_dagrun for example_xcom_args_with_operators to None, run_after=None
[2023-03-11T12:31:20.082+0000] {processor.py:175} INFO - Processing /home/airflow/.local/lib/python3.7/site-packages/airflow/example_dags/example_xcomargs.py took 0.092 seconds
[2023-03-11T12:31:50.977+0000] {processor.py:153} INFO - Started process (PID=206) to work on /home/airflow/.local/lib/python3.7/site-packages/airflow/example_dags/example_xcomargs.py
[2023-03-11T12:31:50.978+0000] {processor.py:743} INFO - Processing file /home/airflow/.local/lib/python3.7/site-packages/airflow/example_dags/example_xcomargs.py for tasks to queue
[2023-03-11T12:31:50.979+0000] {logging_mixin.py:137} INFO - [2023-03-11T12:31:50.979+0000] {dagbag.py:538} INFO - Filling up the DagBag from /home/airflow/.local/lib/python3.7/site-packages/airflow/example_dags/example_xcomargs.py
[2023-03-11T12:31:51.004+0000] {processor.py:753} INFO - DAG(s) dict_keys(['example_xcom_args_with_operators', 'example_xcom_args']) retrieved from /home/airflow/.local/lib/python3.7/site-packages/airflow/example_dags/example_xcomargs.py
[2023-03-11T12:31:51.032+0000] {logging_mixin.py:137} INFO - [2023-03-11T12:31:51.031+0000] {dag.py:2690} INFO - Sync 2 DAGs
[2023-03-11T12:31:51.058+0000] {logging_mixin.py:137} INFO - [2023-03-11T12:31:51.058+0000] {dag.py:3441} INFO - Setting next_dagrun for example_xcom_args to None, run_after=None
[2023-03-11T12:31:51.062+0000] {logging_mixin.py:137} INFO - [2023-03-11T12:31:51.061+0000] {dag.py:3441} INFO - Setting next_dagrun for example_xcom_args_with_operators to None, run_after=None
[2023-03-11T12:31:51.077+0000] {processor.py:175} INFO - Processing /home/airflow/.local/lib/python3.7/site-packages/airflow/example_dags/example_xcomargs.py took 0.104 seconds
[2023-03-11T12:32:21.802+0000] {processor.py:153} INFO - Started process (PID=293) to work on /home/airflow/.local/lib/python3.7/site-packages/airflow/example_dags/example_xcomargs.py
[2023-03-11T12:32:21.803+0000] {processor.py:743} INFO - Processing file /home/airflow/.local/lib/python3.7/site-packages/airflow/example_dags/example_xcomargs.py for tasks to queue
[2023-03-11T12:32:21.803+0000] {logging_mixin.py:137} INFO - [2023-03-11T12:32:21.803+0000] {dagbag.py:538} INFO - Filling up the DagBag from /home/airflow/.local/lib/python3.7/site-packages/airflow/example_dags/example_xcomargs.py
[2023-03-11T12:32:21.828+0000] {processor.py:753} INFO - DAG(s) dict_keys(['example_xcom_args_with_operators', 'example_xcom_args']) retrieved from /home/airflow/.local/lib/python3.7/site-packages/airflow/example_dags/example_xcomargs.py
[2023-03-11T12:32:21.861+0000] {logging_mixin.py:137} INFO - [2023-03-11T12:32:21.861+0000] {dag.py:2690} INFO - Sync 2 DAGs
[2023-03-11T12:32:21.888+0000] {logging_mixin.py:137} INFO - [2023-03-11T12:32:21.888+0000] {dag.py:3441} INFO - Setting next_dagrun for example_xcom_args to None, run_after=None
[2023-03-11T12:32:21.891+0000] {logging_mixin.py:137} INFO - [2023-03-11T12:32:21.891+0000] {dag.py:3441} INFO - Setting next_dagrun for example_xcom_args_with_operators to None, run_after=None
[2023-03-11T12:32:21.909+0000] {processor.py:175} INFO - Processing /home/airflow/.local/lib/python3.7/site-packages/airflow/example_dags/example_xcomargs.py took 0.110 seconds
[2023-03-11T12:32:52.806+0000] {processor.py:153} INFO - Started process (PID=404) to work on /home/airflow/.local/lib/python3.7/site-packages/airflow/example_dags/example_xcomargs.py
[2023-03-11T12:32:52.807+0000] {processor.py:743} INFO - Processing file /home/airflow/.local/lib/python3.7/site-packages/airflow/example_dags/example_xcomargs.py for tasks to queue
[2023-03-11T12:32:52.808+0000] {logging_mixin.py:137} INFO - [2023-03-11T12:32:52.807+0000] {dagbag.py:538} INFO - Filling up the DagBag from /home/airflow/.local/lib/python3.7/site-packages/airflow/example_dags/example_xcomargs.py
[2023-03-11T12:32:52.833+0000] {processor.py:753} INFO - DAG(s) dict_keys(['example_xcom_args_with_operators', 'example_xcom_args']) retrieved from /home/airflow/.local/lib/python3.7/site-packages/airflow/example_dags/example_xcomargs.py
[2023-03-11T12:32:52.867+0000] {logging_mixin.py:137} INFO - [2023-03-11T12:32:52.867+0000] {dag.py:2690} INFO - Sync 2 DAGs
[2023-03-11T12:32:52.898+0000] {logging_mixin.py:137} INFO - [2023-03-11T12:32:52.897+0000] {dag.py:3441} INFO - Setting next_dagrun for example_xcom_args to None, run_after=None
[2023-03-11T12:32:52.901+0000] {logging_mixin.py:137} INFO - [2023-03-11T12:32:52.901+0000] {dag.py:3441} INFO - Setting next_dagrun for example_xcom_args_with_operators to None, run_after=None
[2023-03-11T12:32:52.920+0000] {processor.py:175} INFO - Processing /home/airflow/.local/lib/python3.7/site-packages/airflow/example_dags/example_xcomargs.py took 0.117 seconds
[2023-03-11T12:33:23.724+0000] {processor.py:153} INFO - Started process (PID=491) to work on /home/airflow/.local/lib/python3.7/site-packages/airflow/example_dags/example_xcomargs.py
[2023-03-11T12:33:23.725+0000] {processor.py:743} INFO - Processing file /home/airflow/.local/lib/python3.7/site-packages/airflow/example_dags/example_xcomargs.py for tasks to queue
[2023-03-11T12:33:23.725+0000] {logging_mixin.py:137} INFO - [2023-03-11T12:33:23.725+0000] {dagbag.py:538} INFO - Filling up the DagBag from /home/airflow/.local/lib/python3.7/site-packages/airflow/example_dags/example_xcomargs.py
[2023-03-11T12:33:23.751+0000] {processor.py:753} INFO - DAG(s) dict_keys(['example_xcom_args', 'example_xcom_args_with_operators']) retrieved from /home/airflow/.local/lib/python3.7/site-packages/airflow/example_dags/example_xcomargs.py
[2023-03-11T12:33:23.779+0000] {logging_mixin.py:137} INFO - [2023-03-11T12:33:23.779+0000] {dag.py:2690} INFO - Sync 2 DAGs
[2023-03-11T12:33:23.806+0000] {logging_mixin.py:137} INFO - [2023-03-11T12:33:23.806+0000] {dag.py:3441} INFO - Setting next_dagrun for example_xcom_args to None, run_after=None
[2023-03-11T12:33:23.809+0000] {logging_mixin.py:137} INFO - [2023-03-11T12:33:23.809+0000] {dag.py:3441} INFO - Setting next_dagrun for example_xcom_args_with_operators to None, run_after=None
[2023-03-11T12:33:23.831+0000] {processor.py:175} INFO - Processing /home/airflow/.local/lib/python3.7/site-packages/airflow/example_dags/example_xcomargs.py took 0.110 seconds
[2023-03-11T12:33:54.682+0000] {processor.py:153} INFO - Started process (PID=602) to work on /home/airflow/.local/lib/python3.7/site-packages/airflow/example_dags/example_xcomargs.py
[2023-03-11T12:33:54.683+0000] {processor.py:743} INFO - Processing file /home/airflow/.local/lib/python3.7/site-packages/airflow/example_dags/example_xcomargs.py for tasks to queue
[2023-03-11T12:33:54.684+0000] {logging_mixin.py:137} INFO - [2023-03-11T12:33:54.684+0000] {dagbag.py:538} INFO - Filling up the DagBag from /home/airflow/.local/lib/python3.7/site-packages/airflow/example_dags/example_xcomargs.py
[2023-03-11T12:33:54.708+0000] {processor.py:753} INFO - DAG(s) dict_keys(['example_xcom_args_with_operators', 'example_xcom_args']) retrieved from /home/airflow/.local/lib/python3.7/site-packages/airflow/example_dags/example_xcomargs.py
[2023-03-11T12:33:54.738+0000] {logging_mixin.py:137} INFO - [2023-03-11T12:33:54.737+0000] {dag.py:2690} INFO - Sync 2 DAGs
[2023-03-11T12:33:54.767+0000] {logging_mixin.py:137} INFO - [2023-03-11T12:33:54.767+0000] {dag.py:3441} INFO - Setting next_dagrun for example_xcom_args to None, run_after=None
[2023-03-11T12:33:54.771+0000] {logging_mixin.py:137} INFO - [2023-03-11T12:33:54.771+0000] {dag.py:3441} INFO - Setting next_dagrun for example_xcom_args_with_operators to None, run_after=None
[2023-03-11T12:33:54.789+0000] {processor.py:175} INFO - Processing /home/airflow/.local/lib/python3.7/site-packages/airflow/example_dags/example_xcomargs.py took 0.109 seconds
[2023-03-11T12:34:25.797+0000] {processor.py:153} INFO - Started process (PID=689) to work on /home/airflow/.local/lib/python3.7/site-packages/airflow/example_dags/example_xcomargs.py
[2023-03-11T12:34:25.799+0000] {processor.py:743} INFO - Processing file /home/airflow/.local/lib/python3.7/site-packages/airflow/example_dags/example_xcomargs.py for tasks to queue
[2023-03-11T12:34:25.801+0000] {logging_mixin.py:137} INFO - [2023-03-11T12:34:25.800+0000] {dagbag.py:538} INFO - Filling up the DagBag from /home/airflow/.local/lib/python3.7/site-packages/airflow/example_dags/example_xcomargs.py
[2023-03-11T12:34:25.841+0000] {processor.py:753} INFO - DAG(s) dict_keys(['example_xcom_args', 'example_xcom_args_with_operators']) retrieved from /home/airflow/.local/lib/python3.7/site-packages/airflow/example_dags/example_xcomargs.py
[2023-03-11T12:34:25.907+0000] {logging_mixin.py:137} INFO - [2023-03-11T12:34:25.906+0000] {dag.py:2690} INFO - Sync 2 DAGs
[2023-03-11T12:34:25.954+0000] {logging_mixin.py:137} INFO - [2023-03-11T12:34:25.953+0000] {dag.py:3441} INFO - Setting next_dagrun for example_xcom_args to None, run_after=None
[2023-03-11T12:34:25.963+0000] {logging_mixin.py:137} INFO - [2023-03-11T12:34:25.962+0000] {dag.py:3441} INFO - Setting next_dagrun for example_xcom_args_with_operators to None, run_after=None
[2023-03-11T12:34:26.006+0000] {processor.py:175} INFO - Processing /home/airflow/.local/lib/python3.7/site-packages/airflow/example_dags/example_xcomargs.py took 0.213 seconds
[2023-03-11T12:34:56.900+0000] {processor.py:153} INFO - Started process (PID=785) to work on /home/airflow/.local/lib/python3.7/site-packages/airflow/example_dags/example_xcomargs.py
[2023-03-11T12:34:56.902+0000] {processor.py:743} INFO - Processing file /home/airflow/.local/lib/python3.7/site-packages/airflow/example_dags/example_xcomargs.py for tasks to queue
[2023-03-11T12:34:56.904+0000] {logging_mixin.py:137} INFO - [2023-03-11T12:34:56.903+0000] {dagbag.py:538} INFO - Filling up the DagBag from /home/airflow/.local/lib/python3.7/site-packages/airflow/example_dags/example_xcomargs.py
[2023-03-11T12:34:56.929+0000] {processor.py:753} INFO - DAG(s) dict_keys(['example_xcom_args', 'example_xcom_args_with_operators']) retrieved from /home/airflow/.local/lib/python3.7/site-packages/airflow/example_dags/example_xcomargs.py
[2023-03-11T12:34:56.980+0000] {logging_mixin.py:137} INFO - [2023-03-11T12:34:56.979+0000] {dag.py:2690} INFO - Sync 2 DAGs
[2023-03-11T12:34:57.025+0000] {logging_mixin.py:137} INFO - [2023-03-11T12:34:57.025+0000] {dag.py:3441} INFO - Setting next_dagrun for example_xcom_args to None, run_after=None
[2023-03-11T12:34:57.029+0000] {logging_mixin.py:137} INFO - [2023-03-11T12:34:57.029+0000] {dag.py:3441} INFO - Setting next_dagrun for example_xcom_args_with_operators to None, run_after=None
[2023-03-11T12:34:57.063+0000] {processor.py:175} INFO - Processing /home/airflow/.local/lib/python3.7/site-packages/airflow/example_dags/example_xcomargs.py took 0.167 seconds
[2023-03-11T12:35:27.293+0000] {processor.py:153} INFO - Started process (PID=887) to work on /home/airflow/.local/lib/python3.7/site-packages/airflow/example_dags/example_xcomargs.py
[2023-03-11T12:35:27.295+0000] {processor.py:743} INFO - Processing file /home/airflow/.local/lib/python3.7/site-packages/airflow/example_dags/example_xcomargs.py for tasks to queue
[2023-03-11T12:35:27.296+0000] {logging_mixin.py:137} INFO - [2023-03-11T12:35:27.296+0000] {dagbag.py:538} INFO - Filling up the DagBag from /home/airflow/.local/lib/python3.7/site-packages/airflow/example_dags/example_xcomargs.py
[2023-03-11T12:35:27.336+0000] {processor.py:753} INFO - DAG(s) dict_keys(['example_xcom_args', 'example_xcom_args_with_operators']) retrieved from /home/airflow/.local/lib/python3.7/site-packages/airflow/example_dags/example_xcomargs.py
[2023-03-11T12:35:27.389+0000] {logging_mixin.py:137} INFO - [2023-03-11T12:35:27.389+0000] {dag.py:2690} INFO - Sync 2 DAGs
[2023-03-11T12:35:27.439+0000] {logging_mixin.py:137} INFO - [2023-03-11T12:35:27.438+0000] {dag.py:3441} INFO - Setting next_dagrun for example_xcom_args to None, run_after=None
[2023-03-11T12:35:27.448+0000] {logging_mixin.py:137} INFO - [2023-03-11T12:35:27.447+0000] {dag.py:3441} INFO - Setting next_dagrun for example_xcom_args_with_operators to None, run_after=None
[2023-03-11T12:35:27.492+0000] {processor.py:175} INFO - Processing /home/airflow/.local/lib/python3.7/site-packages/airflow/example_dags/example_xcomargs.py took 0.203 seconds
[2023-03-11T12:35:57.580+0000] {processor.py:153} INFO - Started process (PID=974) to work on /home/airflow/.local/lib/python3.7/site-packages/airflow/example_dags/example_xcomargs.py
[2023-03-11T12:35:57.581+0000] {processor.py:743} INFO - Processing file /home/airflow/.local/lib/python3.7/site-packages/airflow/example_dags/example_xcomargs.py for tasks to queue
[2023-03-11T12:35:57.582+0000] {logging_mixin.py:137} INFO - [2023-03-11T12:35:57.582+0000] {dagbag.py:538} INFO - Filling up the DagBag from /home/airflow/.local/lib/python3.7/site-packages/airflow/example_dags/example_xcomargs.py
[2023-03-11T12:35:57.608+0000] {processor.py:753} INFO - DAG(s) dict_keys(['example_xcom_args', 'example_xcom_args_with_operators']) retrieved from /home/airflow/.local/lib/python3.7/site-packages/airflow/example_dags/example_xcomargs.py
[2023-03-11T12:35:57.660+0000] {logging_mixin.py:137} INFO - [2023-03-11T12:35:57.660+0000] {dag.py:2690} INFO - Sync 2 DAGs
[2023-03-11T12:35:57.686+0000] {logging_mixin.py:137} INFO - [2023-03-11T12:35:57.686+0000] {dag.py:3441} INFO - Setting next_dagrun for example_xcom_args to None, run_after=None
[2023-03-11T12:35:57.690+0000] {logging_mixin.py:137} INFO - [2023-03-11T12:35:57.690+0000] {dag.py:3441} INFO - Setting next_dagrun for example_xcom_args_with_operators to None, run_after=None
[2023-03-11T12:35:57.705+0000] {processor.py:175} INFO - Processing /home/airflow/.local/lib/python3.7/site-packages/airflow/example_dags/example_xcomargs.py took 0.128 seconds
[2023-03-11T12:36:28.222+0000] {processor.py:153} INFO - Started process (PID=1085) to work on /home/airflow/.local/lib/python3.7/site-packages/airflow/example_dags/example_xcomargs.py
[2023-03-11T12:36:28.223+0000] {processor.py:743} INFO - Processing file /home/airflow/.local/lib/python3.7/site-packages/airflow/example_dags/example_xcomargs.py for tasks to queue
[2023-03-11T12:36:28.223+0000] {logging_mixin.py:137} INFO - [2023-03-11T12:36:28.223+0000] {dagbag.py:538} INFO - Filling up the DagBag from /home/airflow/.local/lib/python3.7/site-packages/airflow/example_dags/example_xcomargs.py
[2023-03-11T12:36:28.249+0000] {processor.py:753} INFO - DAG(s) dict_keys(['example_xcom_args', 'example_xcom_args_with_operators']) retrieved from /home/airflow/.local/lib/python3.7/site-packages/airflow/example_dags/example_xcomargs.py
[2023-03-11T12:36:28.279+0000] {logging_mixin.py:137} INFO - [2023-03-11T12:36:28.278+0000] {dag.py:2690} INFO - Sync 2 DAGs
[2023-03-11T12:36:28.305+0000] {logging_mixin.py:137} INFO - [2023-03-11T12:36:28.305+0000] {dag.py:3441} INFO - Setting next_dagrun for example_xcom_args to None, run_after=None
[2023-03-11T12:36:28.309+0000] {logging_mixin.py:137} INFO - [2023-03-11T12:36:28.308+0000] {dag.py:3441} INFO - Setting next_dagrun for example_xcom_args_with_operators to None, run_after=None
[2023-03-11T12:36:28.326+0000] {processor.py:175} INFO - Processing /home/airflow/.local/lib/python3.7/site-packages/airflow/example_dags/example_xcomargs.py took 0.107 seconds
[2023-03-11T12:36:58.866+0000] {processor.py:153} INFO - Started process (PID=1172) to work on /home/airflow/.local/lib/python3.7/site-packages/airflow/example_dags/example_xcomargs.py
[2023-03-11T12:36:58.867+0000] {processor.py:743} INFO - Processing file /home/airflow/.local/lib/python3.7/site-packages/airflow/example_dags/example_xcomargs.py for tasks to queue
[2023-03-11T12:36:58.868+0000] {logging_mixin.py:137} INFO - [2023-03-11T12:36:58.868+0000] {dagbag.py:538} INFO - Filling up the DagBag from /home/airflow/.local/lib/python3.7/site-packages/airflow/example_dags/example_xcomargs.py
[2023-03-11T12:36:58.892+0000] {processor.py:753} INFO - DAG(s) dict_keys(['example_xcom_args_with_operators', 'example_xcom_args']) retrieved from /home/airflow/.local/lib/python3.7/site-packages/airflow/example_dags/example_xcomargs.py
[2023-03-11T12:36:58.920+0000] {logging_mixin.py:137} INFO - [2023-03-11T12:36:58.920+0000] {dag.py:2690} INFO - Sync 2 DAGs
[2023-03-11T12:36:58.946+0000] {logging_mixin.py:137} INFO - [2023-03-11T12:36:58.946+0000] {dag.py:3441} INFO - Setting next_dagrun for example_xcom_args to None, run_after=None
[2023-03-11T12:36:58.950+0000] {logging_mixin.py:137} INFO - [2023-03-11T12:36:58.950+0000] {dag.py:3441} INFO - Setting next_dagrun for example_xcom_args_with_operators to None, run_after=None
[2023-03-11T12:36:58.966+0000] {processor.py:175} INFO - Processing /home/airflow/.local/lib/python3.7/site-packages/airflow/example_dags/example_xcomargs.py took 0.104 seconds
[2023-03-11T12:37:29.635+0000] {processor.py:153} INFO - Started process (PID=1259) to work on /home/airflow/.local/lib/python3.7/site-packages/airflow/example_dags/example_xcomargs.py
[2023-03-11T12:37:29.636+0000] {processor.py:743} INFO - Processing file /home/airflow/.local/lib/python3.7/site-packages/airflow/example_dags/example_xcomargs.py for tasks to queue
[2023-03-11T12:37:29.637+0000] {logging_mixin.py:137} INFO - [2023-03-11T12:37:29.637+0000] {dagbag.py:538} INFO - Filling up the DagBag from /home/airflow/.local/lib/python3.7/site-packages/airflow/example_dags/example_xcomargs.py
[2023-03-11T12:37:29.662+0000] {processor.py:753} INFO - DAG(s) dict_keys(['example_xcom_args', 'example_xcom_args_with_operators']) retrieved from /home/airflow/.local/lib/python3.7/site-packages/airflow/example_dags/example_xcomargs.py
[2023-03-11T12:37:29.694+0000] {logging_mixin.py:137} INFO - [2023-03-11T12:37:29.693+0000] {dag.py:2690} INFO - Sync 2 DAGs
[2023-03-11T12:37:29.723+0000] {logging_mixin.py:137} INFO - [2023-03-11T12:37:29.723+0000] {dag.py:3441} INFO - Setting next_dagrun for example_xcom_args to None, run_after=None
[2023-03-11T12:37:29.729+0000] {logging_mixin.py:137} INFO - [2023-03-11T12:37:29.728+0000] {dag.py:3441} INFO - Setting next_dagrun for example_xcom_args_with_operators to None, run_after=None
[2023-03-11T12:37:29.752+0000] {processor.py:175} INFO - Processing /home/airflow/.local/lib/python3.7/site-packages/airflow/example_dags/example_xcomargs.py took 0.120 seconds
[2023-03-11T12:37:59.977+0000] {processor.py:153} INFO - Started process (PID=1370) to work on /home/airflow/.local/lib/python3.7/site-packages/airflow/example_dags/example_xcomargs.py
[2023-03-11T12:37:59.978+0000] {processor.py:743} INFO - Processing file /home/airflow/.local/lib/python3.7/site-packages/airflow/example_dags/example_xcomargs.py for tasks to queue
[2023-03-11T12:37:59.978+0000] {logging_mixin.py:137} INFO - [2023-03-11T12:37:59.978+0000] {dagbag.py:538} INFO - Filling up the DagBag from /home/airflow/.local/lib/python3.7/site-packages/airflow/example_dags/example_xcomargs.py
[2023-03-11T12:38:00.006+0000] {processor.py:753} INFO - DAG(s) dict_keys(['example_xcom_args_with_operators', 'example_xcom_args']) retrieved from /home/airflow/.local/lib/python3.7/site-packages/airflow/example_dags/example_xcomargs.py
[2023-03-11T12:38:00.042+0000] {logging_mixin.py:137} INFO - [2023-03-11T12:38:00.042+0000] {dag.py:2690} INFO - Sync 2 DAGs
[2023-03-11T12:38:00.070+0000] {logging_mixin.py:137} INFO - [2023-03-11T12:38:00.069+0000] {dag.py:3441} INFO - Setting next_dagrun for example_xcom_args to None, run_after=None
[2023-03-11T12:38:00.073+0000] {logging_mixin.py:137} INFO - [2023-03-11T12:38:00.073+0000] {dag.py:3441} INFO - Setting next_dagrun for example_xcom_args_with_operators to None, run_after=None
[2023-03-11T12:38:00.092+0000] {processor.py:175} INFO - Processing /home/airflow/.local/lib/python3.7/site-packages/airflow/example_dags/example_xcomargs.py took 0.118 seconds
[2023-03-11T12:38:30.971+0000] {processor.py:153} INFO - Started process (PID=1456) to work on /home/airflow/.local/lib/python3.7/site-packages/airflow/example_dags/example_xcomargs.py
[2023-03-11T12:38:30.972+0000] {processor.py:743} INFO - Processing file /home/airflow/.local/lib/python3.7/site-packages/airflow/example_dags/example_xcomargs.py for tasks to queue
[2023-03-11T12:38:30.973+0000] {logging_mixin.py:137} INFO - [2023-03-11T12:38:30.972+0000] {dagbag.py:538} INFO - Filling up the DagBag from /home/airflow/.local/lib/python3.7/site-packages/airflow/example_dags/example_xcomargs.py
[2023-03-11T12:38:30.998+0000] {processor.py:753} INFO - DAG(s) dict_keys(['example_xcom_args_with_operators', 'example_xcom_args']) retrieved from /home/airflow/.local/lib/python3.7/site-packages/airflow/example_dags/example_xcomargs.py
[2023-03-11T12:38:31.030+0000] {logging_mixin.py:137} INFO - [2023-03-11T12:38:31.029+0000] {dag.py:2690} INFO - Sync 2 DAGs
[2023-03-11T12:38:31.058+0000] {logging_mixin.py:137} INFO - [2023-03-11T12:38:31.057+0000] {dag.py:3441} INFO - Setting next_dagrun for example_xcom_args to None, run_after=None
[2023-03-11T12:38:31.062+0000] {logging_mixin.py:137} INFO - [2023-03-11T12:38:31.062+0000] {dag.py:3441} INFO - Setting next_dagrun for example_xcom_args_with_operators to None, run_after=None
[2023-03-11T12:38:31.083+0000] {processor.py:175} INFO - Processing /home/airflow/.local/lib/python3.7/site-packages/airflow/example_dags/example_xcomargs.py took 0.115 seconds
[2023-03-11T12:39:01.209+0000] {processor.py:153} INFO - Started process (PID=1543) to work on /home/airflow/.local/lib/python3.7/site-packages/airflow/example_dags/example_xcomargs.py
[2023-03-11T12:39:01.210+0000] {processor.py:743} INFO - Processing file /home/airflow/.local/lib/python3.7/site-packages/airflow/example_dags/example_xcomargs.py for tasks to queue
[2023-03-11T12:39:01.211+0000] {logging_mixin.py:137} INFO - [2023-03-11T12:39:01.211+0000] {dagbag.py:538} INFO - Filling up the DagBag from /home/airflow/.local/lib/python3.7/site-packages/airflow/example_dags/example_xcomargs.py
[2023-03-11T12:39:01.238+0000] {processor.py:753} INFO - DAG(s) dict_keys(['example_xcom_args', 'example_xcom_args_with_operators']) retrieved from /home/airflow/.local/lib/python3.7/site-packages/airflow/example_dags/example_xcomargs.py
[2023-03-11T12:39:01.295+0000] {logging_mixin.py:137} INFO - [2023-03-11T12:39:01.295+0000] {dag.py:2690} INFO - Sync 2 DAGs
[2023-03-11T12:39:01.328+0000] {logging_mixin.py:137} INFO - [2023-03-11T12:39:01.328+0000] {dag.py:3441} INFO - Setting next_dagrun for example_xcom_args to None, run_after=None
[2023-03-11T12:39:01.333+0000] {logging_mixin.py:137} INFO - [2023-03-11T12:39:01.333+0000] {dag.py:3441} INFO - Setting next_dagrun for example_xcom_args_with_operators to None, run_after=None
[2023-03-11T12:39:01.350+0000] {processor.py:175} INFO - Processing /home/airflow/.local/lib/python3.7/site-packages/airflow/example_dags/example_xcomargs.py took 0.145 seconds
[2023-03-11T12:39:31.379+0000] {processor.py:153} INFO - Started process (PID=1654) to work on /home/airflow/.local/lib/python3.7/site-packages/airflow/example_dags/example_xcomargs.py
[2023-03-11T12:39:31.381+0000] {processor.py:743} INFO - Processing file /home/airflow/.local/lib/python3.7/site-packages/airflow/example_dags/example_xcomargs.py for tasks to queue
[2023-03-11T12:39:31.383+0000] {logging_mixin.py:137} INFO - [2023-03-11T12:39:31.383+0000] {dagbag.py:538} INFO - Filling up the DagBag from /home/airflow/.local/lib/python3.7/site-packages/airflow/example_dags/example_xcomargs.py
[2023-03-11T12:39:31.414+0000] {processor.py:753} INFO - DAG(s) dict_keys(['example_xcom_args_with_operators', 'example_xcom_args']) retrieved from /home/airflow/.local/lib/python3.7/site-packages/airflow/example_dags/example_xcomargs.py
[2023-03-11T12:39:31.469+0000] {logging_mixin.py:137} INFO - [2023-03-11T12:39:31.469+0000] {dag.py:2690} INFO - Sync 2 DAGs
[2023-03-11T12:39:31.519+0000] {logging_mixin.py:137} INFO - [2023-03-11T12:39:31.518+0000] {dag.py:3441} INFO - Setting next_dagrun for example_xcom_args to None, run_after=None
[2023-03-11T12:39:31.525+0000] {logging_mixin.py:137} INFO - [2023-03-11T12:39:31.525+0000] {dag.py:3441} INFO - Setting next_dagrun for example_xcom_args_with_operators to None, run_after=None
[2023-03-11T12:39:31.565+0000] {processor.py:175} INFO - Processing /home/airflow/.local/lib/python3.7/site-packages/airflow/example_dags/example_xcomargs.py took 0.192 seconds
[2023-03-11T12:40:02.577+0000] {processor.py:153} INFO - Started process (PID=1741) to work on /home/airflow/.local/lib/python3.7/site-packages/airflow/example_dags/example_xcomargs.py
[2023-03-11T12:40:02.578+0000] {processor.py:743} INFO - Processing file /home/airflow/.local/lib/python3.7/site-packages/airflow/example_dags/example_xcomargs.py for tasks to queue
[2023-03-11T12:40:02.579+0000] {logging_mixin.py:137} INFO - [2023-03-11T12:40:02.579+0000] {dagbag.py:538} INFO - Filling up the DagBag from /home/airflow/.local/lib/python3.7/site-packages/airflow/example_dags/example_xcomargs.py
[2023-03-11T12:40:02.604+0000] {processor.py:753} INFO - DAG(s) dict_keys(['example_xcom_args', 'example_xcom_args_with_operators']) retrieved from /home/airflow/.local/lib/python3.7/site-packages/airflow/example_dags/example_xcomargs.py
[2023-03-11T12:40:02.635+0000] {logging_mixin.py:137} INFO - [2023-03-11T12:40:02.634+0000] {dag.py:2690} INFO - Sync 2 DAGs
[2023-03-11T12:40:02.661+0000] {logging_mixin.py:137} INFO - [2023-03-11T12:40:02.661+0000] {dag.py:3441} INFO - Setting next_dagrun for example_xcom_args to None, run_after=None
[2023-03-11T12:40:02.664+0000] {logging_mixin.py:137} INFO - [2023-03-11T12:40:02.664+0000] {dag.py:3441} INFO - Setting next_dagrun for example_xcom_args_with_operators to None, run_after=None
[2023-03-11T12:40:02.684+0000] {processor.py:175} INFO - Processing /home/airflow/.local/lib/python3.7/site-packages/airflow/example_dags/example_xcomargs.py took 0.110 seconds
[2023-03-11T12:40:32.756+0000] {processor.py:153} INFO - Started process (PID=1837) to work on /home/airflow/.local/lib/python3.7/site-packages/airflow/example_dags/example_xcomargs.py
[2023-03-11T12:40:32.757+0000] {processor.py:743} INFO - Processing file /home/airflow/.local/lib/python3.7/site-packages/airflow/example_dags/example_xcomargs.py for tasks to queue
[2023-03-11T12:40:32.758+0000] {logging_mixin.py:137} INFO - [2023-03-11T12:40:32.758+0000] {dagbag.py:538} INFO - Filling up the DagBag from /home/airflow/.local/lib/python3.7/site-packages/airflow/example_dags/example_xcomargs.py
[2023-03-11T12:40:32.795+0000] {processor.py:753} INFO - DAG(s) dict_keys(['example_xcom_args_with_operators', 'example_xcom_args']) retrieved from /home/airflow/.local/lib/python3.7/site-packages/airflow/example_dags/example_xcomargs.py
[2023-03-11T12:40:32.868+0000] {logging_mixin.py:137} INFO - [2023-03-11T12:40:32.868+0000] {dag.py:2690} INFO - Sync 2 DAGs
[2023-03-11T12:40:32.897+0000] {logging_mixin.py:137} INFO - [2023-03-11T12:40:32.897+0000] {dag.py:3441} INFO - Setting next_dagrun for example_xcom_args to None, run_after=None
[2023-03-11T12:40:32.902+0000] {logging_mixin.py:137} INFO - [2023-03-11T12:40:32.901+0000] {dag.py:3441} INFO - Setting next_dagrun for example_xcom_args_with_operators to None, run_after=None
[2023-03-11T12:40:32.923+0000] {processor.py:175} INFO - Processing /home/airflow/.local/lib/python3.7/site-packages/airflow/example_dags/example_xcomargs.py took 0.171 seconds
[2023-03-11T12:41:03.549+0000] {processor.py:153} INFO - Started process (PID=1939) to work on /home/airflow/.local/lib/python3.7/site-packages/airflow/example_dags/example_xcomargs.py
[2023-03-11T12:41:03.550+0000] {processor.py:743} INFO - Processing file /home/airflow/.local/lib/python3.7/site-packages/airflow/example_dags/example_xcomargs.py for tasks to queue
[2023-03-11T12:41:03.550+0000] {logging_mixin.py:137} INFO - [2023-03-11T12:41:03.550+0000] {dagbag.py:538} INFO - Filling up the DagBag from /home/airflow/.local/lib/python3.7/site-packages/airflow/example_dags/example_xcomargs.py
[2023-03-11T12:41:03.573+0000] {processor.py:753} INFO - DAG(s) dict_keys(['example_xcom_args_with_operators', 'example_xcom_args']) retrieved from /home/airflow/.local/lib/python3.7/site-packages/airflow/example_dags/example_xcomargs.py
[2023-03-11T12:41:03.602+0000] {logging_mixin.py:137} INFO - [2023-03-11T12:41:03.602+0000] {dag.py:2690} INFO - Sync 2 DAGs
[2023-03-11T12:41:03.629+0000] {logging_mixin.py:137} INFO - [2023-03-11T12:41:03.629+0000] {dag.py:3441} INFO - Setting next_dagrun for example_xcom_args to None, run_after=None
[2023-03-11T12:41:03.633+0000] {logging_mixin.py:137} INFO - [2023-03-11T12:41:03.633+0000] {dag.py:3441} INFO - Setting next_dagrun for example_xcom_args_with_operators to None, run_after=None
[2023-03-11T12:41:03.651+0000] {processor.py:175} INFO - Processing /home/airflow/.local/lib/python3.7/site-packages/airflow/example_dags/example_xcomargs.py took 0.105 seconds
[2023-03-11T12:41:34.307+0000] {processor.py:153} INFO - Started process (PID=2026) to work on /home/airflow/.local/lib/python3.7/site-packages/airflow/example_dags/example_xcomargs.py
[2023-03-11T12:41:34.308+0000] {processor.py:743} INFO - Processing file /home/airflow/.local/lib/python3.7/site-packages/airflow/example_dags/example_xcomargs.py for tasks to queue
[2023-03-11T12:41:34.309+0000] {logging_mixin.py:137} INFO - [2023-03-11T12:41:34.309+0000] {dagbag.py:538} INFO - Filling up the DagBag from /home/airflow/.local/lib/python3.7/site-packages/airflow/example_dags/example_xcomargs.py
[2023-03-11T12:41:34.333+0000] {processor.py:753} INFO - DAG(s) dict_keys(['example_xcom_args', 'example_xcom_args_with_operators']) retrieved from /home/airflow/.local/lib/python3.7/site-packages/airflow/example_dags/example_xcomargs.py
[2023-03-11T12:41:34.359+0000] {logging_mixin.py:137} INFO - [2023-03-11T12:41:34.359+0000] {dag.py:2690} INFO - Sync 2 DAGs
[2023-03-11T12:41:34.388+0000] {logging_mixin.py:137} INFO - [2023-03-11T12:41:34.388+0000] {dag.py:3441} INFO - Setting next_dagrun for example_xcom_args to None, run_after=None
[2023-03-11T12:41:34.392+0000] {logging_mixin.py:137} INFO - [2023-03-11T12:41:34.392+0000] {dag.py:3441} INFO - Setting next_dagrun for example_xcom_args_with_operators to None, run_after=None
[2023-03-11T12:41:34.408+0000] {processor.py:175} INFO - Processing /home/airflow/.local/lib/python3.7/site-packages/airflow/example_dags/example_xcomargs.py took 0.104 seconds
[2023-03-11T12:42:04.994+0000] {processor.py:153} INFO - Started process (PID=2137) to work on /home/airflow/.local/lib/python3.7/site-packages/airflow/example_dags/example_xcomargs.py
[2023-03-11T12:42:04.995+0000] {processor.py:743} INFO - Processing file /home/airflow/.local/lib/python3.7/site-packages/airflow/example_dags/example_xcomargs.py for tasks to queue
[2023-03-11T12:42:04.995+0000] {logging_mixin.py:137} INFO - [2023-03-11T12:42:04.995+0000] {dagbag.py:538} INFO - Filling up the DagBag from /home/airflow/.local/lib/python3.7/site-packages/airflow/example_dags/example_xcomargs.py
[2023-03-11T12:42:05.019+0000] {processor.py:753} INFO - DAG(s) dict_keys(['example_xcom_args', 'example_xcom_args_with_operators']) retrieved from /home/airflow/.local/lib/python3.7/site-packages/airflow/example_dags/example_xcomargs.py
[2023-03-11T12:42:05.047+0000] {logging_mixin.py:137} INFO - [2023-03-11T12:42:05.047+0000] {dag.py:2690} INFO - Sync 2 DAGs
[2023-03-11T12:42:05.073+0000] {logging_mixin.py:137} INFO - [2023-03-11T12:42:05.073+0000] {dag.py:3441} INFO - Setting next_dagrun for example_xcom_args to None, run_after=None
[2023-03-11T12:42:05.076+0000] {logging_mixin.py:137} INFO - [2023-03-11T12:42:05.076+0000] {dag.py:3441} INFO - Setting next_dagrun for example_xcom_args_with_operators to None, run_after=None
[2023-03-11T12:42:05.093+0000] {processor.py:175} INFO - Processing /home/airflow/.local/lib/python3.7/site-packages/airflow/example_dags/example_xcomargs.py took 0.102 seconds
[2023-03-11T12:42:35.617+0000] {processor.py:153} INFO - Started process (PID=2224) to work on /home/airflow/.local/lib/python3.7/site-packages/airflow/example_dags/example_xcomargs.py
[2023-03-11T12:42:35.618+0000] {processor.py:743} INFO - Processing file /home/airflow/.local/lib/python3.7/site-packages/airflow/example_dags/example_xcomargs.py for tasks to queue
[2023-03-11T12:42:35.619+0000] {logging_mixin.py:137} INFO - [2023-03-11T12:42:35.619+0000] {dagbag.py:538} INFO - Filling up the DagBag from /home/airflow/.local/lib/python3.7/site-packages/airflow/example_dags/example_xcomargs.py
[2023-03-11T12:42:35.644+0000] {processor.py:753} INFO - DAG(s) dict_keys(['example_xcom_args', 'example_xcom_args_with_operators']) retrieved from /home/airflow/.local/lib/python3.7/site-packages/airflow/example_dags/example_xcomargs.py
[2023-03-11T12:42:35.678+0000] {logging_mixin.py:137} INFO - [2023-03-11T12:42:35.678+0000] {dag.py:2690} INFO - Sync 2 DAGs
[2023-03-11T12:42:35.705+0000] {logging_mixin.py:137} INFO - [2023-03-11T12:42:35.705+0000] {dag.py:3441} INFO - Setting next_dagrun for example_xcom_args to None, run_after=None
[2023-03-11T12:42:35.708+0000] {logging_mixin.py:137} INFO - [2023-03-11T12:42:35.708+0000] {dag.py:3441} INFO - Setting next_dagrun for example_xcom_args_with_operators to None, run_after=None
[2023-03-11T12:42:35.730+0000] {processor.py:175} INFO - Processing /home/airflow/.local/lib/python3.7/site-packages/airflow/example_dags/example_xcomargs.py took 0.116 seconds
[2023-03-11T12:43:06.263+0000] {processor.py:153} INFO - Started process (PID=2335) to work on /home/airflow/.local/lib/python3.7/site-packages/airflow/example_dags/example_xcomargs.py
[2023-03-11T12:43:06.265+0000] {processor.py:743} INFO - Processing file /home/airflow/.local/lib/python3.7/site-packages/airflow/example_dags/example_xcomargs.py for tasks to queue
[2023-03-11T12:43:06.265+0000] {logging_mixin.py:137} INFO - [2023-03-11T12:43:06.265+0000] {dagbag.py:538} INFO - Filling up the DagBag from /home/airflow/.local/lib/python3.7/site-packages/airflow/example_dags/example_xcomargs.py
[2023-03-11T12:43:06.289+0000] {processor.py:753} INFO - DAG(s) dict_keys(['example_xcom_args', 'example_xcom_args_with_operators']) retrieved from /home/airflow/.local/lib/python3.7/site-packages/airflow/example_dags/example_xcomargs.py
[2023-03-11T12:43:06.321+0000] {logging_mixin.py:137} INFO - [2023-03-11T12:43:06.320+0000] {dag.py:2690} INFO - Sync 2 DAGs
[2023-03-11T12:43:06.352+0000] {logging_mixin.py:137} INFO - [2023-03-11T12:43:06.352+0000] {dag.py:3441} INFO - Setting next_dagrun for example_xcom_args to None, run_after=None
[2023-03-11T12:43:06.356+0000] {logging_mixin.py:137} INFO - [2023-03-11T12:43:06.356+0000] {dag.py:3441} INFO - Setting next_dagrun for example_xcom_args_with_operators to None, run_after=None
[2023-03-11T12:43:06.374+0000] {processor.py:175} INFO - Processing /home/airflow/.local/lib/python3.7/site-packages/airflow/example_dags/example_xcomargs.py took 0.114 seconds
[2023-03-11T12:43:36.935+0000] {processor.py:153} INFO - Started process (PID=2422) to work on /home/airflow/.local/lib/python3.7/site-packages/airflow/example_dags/example_xcomargs.py
[2023-03-11T12:43:36.936+0000] {processor.py:743} INFO - Processing file /home/airflow/.local/lib/python3.7/site-packages/airflow/example_dags/example_xcomargs.py for tasks to queue
[2023-03-11T12:43:36.936+0000] {logging_mixin.py:137} INFO - [2023-03-11T12:43:36.936+0000] {dagbag.py:538} INFO - Filling up the DagBag from /home/airflow/.local/lib/python3.7/site-packages/airflow/example_dags/example_xcomargs.py
[2023-03-11T12:43:36.959+0000] {processor.py:753} INFO - DAG(s) dict_keys(['example_xcom_args_with_operators', 'example_xcom_args']) retrieved from /home/airflow/.local/lib/python3.7/site-packages/airflow/example_dags/example_xcomargs.py
[2023-03-11T12:43:36.988+0000] {logging_mixin.py:137} INFO - [2023-03-11T12:43:36.988+0000] {dag.py:2690} INFO - Sync 2 DAGs
[2023-03-11T12:43:37.013+0000] {logging_mixin.py:137} INFO - [2023-03-11T12:43:37.013+0000] {dag.py:3441} INFO - Setting next_dagrun for example_xcom_args to None, run_after=None
[2023-03-11T12:43:37.016+0000] {logging_mixin.py:137} INFO - [2023-03-11T12:43:37.016+0000] {dag.py:3441} INFO - Setting next_dagrun for example_xcom_args_with_operators to None, run_after=None
[2023-03-11T12:43:37.032+0000] {processor.py:175} INFO - Processing /home/airflow/.local/lib/python3.7/site-packages/airflow/example_dags/example_xcomargs.py took 0.099 seconds
[2023-03-11T12:44:07.332+0000] {processor.py:153} INFO - Started process (PID=2509) to work on /home/airflow/.local/lib/python3.7/site-packages/airflow/example_dags/example_xcomargs.py
[2023-03-11T12:44:07.333+0000] {processor.py:743} INFO - Processing file /home/airflow/.local/lib/python3.7/site-packages/airflow/example_dags/example_xcomargs.py for tasks to queue
[2023-03-11T12:44:07.333+0000] {logging_mixin.py:137} INFO - [2023-03-11T12:44:07.333+0000] {dagbag.py:538} INFO - Filling up the DagBag from /home/airflow/.local/lib/python3.7/site-packages/airflow/example_dags/example_xcomargs.py
[2023-03-11T12:44:07.356+0000] {processor.py:753} INFO - DAG(s) dict_keys(['example_xcom_args', 'example_xcom_args_with_operators']) retrieved from /home/airflow/.local/lib/python3.7/site-packages/airflow/example_dags/example_xcomargs.py
[2023-03-11T12:44:07.383+0000] {logging_mixin.py:137} INFO - [2023-03-11T12:44:07.383+0000] {dag.py:2690} INFO - Sync 2 DAGs
[2023-03-11T12:44:07.408+0000] {logging_mixin.py:137} INFO - [2023-03-11T12:44:07.407+0000] {dag.py:3441} INFO - Setting next_dagrun for example_xcom_args to None, run_after=None
[2023-03-11T12:44:07.411+0000] {logging_mixin.py:137} INFO - [2023-03-11T12:44:07.411+0000] {dag.py:3441} INFO - Setting next_dagrun for example_xcom_args_with_operators to None, run_after=None
[2023-03-11T12:44:07.427+0000] {processor.py:175} INFO - Processing /home/airflow/.local/lib/python3.7/site-packages/airflow/example_dags/example_xcomargs.py took 0.098 seconds
[2023-03-11T12:44:38.296+0000] {processor.py:153} INFO - Started process (PID=2620) to work on /home/airflow/.local/lib/python3.7/site-packages/airflow/example_dags/example_xcomargs.py
[2023-03-11T12:44:38.298+0000] {processor.py:743} INFO - Processing file /home/airflow/.local/lib/python3.7/site-packages/airflow/example_dags/example_xcomargs.py for tasks to queue
[2023-03-11T12:44:38.298+0000] {logging_mixin.py:137} INFO - [2023-03-11T12:44:38.298+0000] {dagbag.py:538} INFO - Filling up the DagBag from /home/airflow/.local/lib/python3.7/site-packages/airflow/example_dags/example_xcomargs.py
[2023-03-11T12:44:38.328+0000] {processor.py:753} INFO - DAG(s) dict_keys(['example_xcom_args_with_operators', 'example_xcom_args']) retrieved from /home/airflow/.local/lib/python3.7/site-packages/airflow/example_dags/example_xcomargs.py
[2023-03-11T12:44:38.371+0000] {logging_mixin.py:137} INFO - [2023-03-11T12:44:38.370+0000] {dag.py:2690} INFO - Sync 2 DAGs
[2023-03-11T12:44:38.403+0000] {logging_mixin.py:137} INFO - [2023-03-11T12:44:38.402+0000] {dag.py:3441} INFO - Setting next_dagrun for example_xcom_args to None, run_after=None
[2023-03-11T12:44:38.407+0000] {logging_mixin.py:137} INFO - [2023-03-11T12:44:38.407+0000] {dag.py:3441} INFO - Setting next_dagrun for example_xcom_args_with_operators to None, run_after=None
[2023-03-11T12:44:38.439+0000] {processor.py:175} INFO - Processing /home/airflow/.local/lib/python3.7/site-packages/airflow/example_dags/example_xcomargs.py took 0.146 seconds
[2023-03-11T12:45:08.543+0000] {processor.py:153} INFO - Started process (PID=2707) to work on /home/airflow/.local/lib/python3.7/site-packages/airflow/example_dags/example_xcomargs.py
[2023-03-11T12:45:08.544+0000] {processor.py:743} INFO - Processing file /home/airflow/.local/lib/python3.7/site-packages/airflow/example_dags/example_xcomargs.py for tasks to queue
[2023-03-11T12:45:08.545+0000] {logging_mixin.py:137} INFO - [2023-03-11T12:45:08.544+0000] {dagbag.py:538} INFO - Filling up the DagBag from /home/airflow/.local/lib/python3.7/site-packages/airflow/example_dags/example_xcomargs.py
[2023-03-11T12:45:08.569+0000] {processor.py:753} INFO - DAG(s) dict_keys(['example_xcom_args_with_operators', 'example_xcom_args']) retrieved from /home/airflow/.local/lib/python3.7/site-packages/airflow/example_dags/example_xcomargs.py
[2023-03-11T12:45:08.597+0000] {logging_mixin.py:137} INFO - [2023-03-11T12:45:08.597+0000] {dag.py:2690} INFO - Sync 2 DAGs
[2023-03-11T12:45:08.623+0000] {logging_mixin.py:137} INFO - [2023-03-11T12:45:08.623+0000] {dag.py:3441} INFO - Setting next_dagrun for example_xcom_args to None, run_after=None
[2023-03-11T12:45:08.627+0000] {logging_mixin.py:137} INFO - [2023-03-11T12:45:08.626+0000] {dag.py:3441} INFO - Setting next_dagrun for example_xcom_args_with_operators to None, run_after=None
[2023-03-11T12:45:08.642+0000] {processor.py:175} INFO - Processing /home/airflow/.local/lib/python3.7/site-packages/airflow/example_dags/example_xcomargs.py took 0.102 seconds
[2023-03-11T12:45:39.210+0000] {processor.py:153} INFO - Started process (PID=2818) to work on /home/airflow/.local/lib/python3.7/site-packages/airflow/example_dags/example_xcomargs.py
[2023-03-11T12:45:39.211+0000] {processor.py:743} INFO - Processing file /home/airflow/.local/lib/python3.7/site-packages/airflow/example_dags/example_xcomargs.py for tasks to queue
[2023-03-11T12:45:39.213+0000] {logging_mixin.py:137} INFO - [2023-03-11T12:45:39.212+0000] {dagbag.py:538} INFO - Filling up the DagBag from /home/airflow/.local/lib/python3.7/site-packages/airflow/example_dags/example_xcomargs.py
[2023-03-11T12:45:39.277+0000] {processor.py:753} INFO - DAG(s) dict_keys(['example_xcom_args', 'example_xcom_args_with_operators']) retrieved from /home/airflow/.local/lib/python3.7/site-packages/airflow/example_dags/example_xcomargs.py
[2023-03-11T12:45:39.306+0000] {logging_mixin.py:137} INFO - [2023-03-11T12:45:39.306+0000] {dag.py:2690} INFO - Sync 2 DAGs
[2023-03-11T12:45:39.331+0000] {logging_mixin.py:137} INFO - [2023-03-11T12:45:39.331+0000] {dag.py:3441} INFO - Setting next_dagrun for example_xcom_args to None, run_after=None
[2023-03-11T12:45:39.335+0000] {logging_mixin.py:137} INFO - [2023-03-11T12:45:39.334+0000] {dag.py:3441} INFO - Setting next_dagrun for example_xcom_args_with_operators to None, run_after=None
[2023-03-11T12:45:39.352+0000] {processor.py:175} INFO - Processing /home/airflow/.local/lib/python3.7/site-packages/airflow/example_dags/example_xcomargs.py took 0.146 seconds
[2023-03-11T12:46:10.113+0000] {processor.py:153} INFO - Started process (PID=2905) to work on /home/airflow/.local/lib/python3.7/site-packages/airflow/example_dags/example_xcomargs.py
[2023-03-11T12:46:10.114+0000] {processor.py:743} INFO - Processing file /home/airflow/.local/lib/python3.7/site-packages/airflow/example_dags/example_xcomargs.py for tasks to queue
[2023-03-11T12:46:10.114+0000] {logging_mixin.py:137} INFO - [2023-03-11T12:46:10.114+0000] {dagbag.py:538} INFO - Filling up the DagBag from /home/airflow/.local/lib/python3.7/site-packages/airflow/example_dags/example_xcomargs.py
[2023-03-11T12:46:10.137+0000] {processor.py:753} INFO - DAG(s) dict_keys(['example_xcom_args_with_operators', 'example_xcom_args']) retrieved from /home/airflow/.local/lib/python3.7/site-packages/airflow/example_dags/example_xcomargs.py
[2023-03-11T12:46:10.165+0000] {logging_mixin.py:137} INFO - [2023-03-11T12:46:10.165+0000] {dag.py:2690} INFO - Sync 2 DAGs
[2023-03-11T12:46:10.188+0000] {logging_mixin.py:137} INFO - [2023-03-11T12:46:10.188+0000] {dag.py:3441} INFO - Setting next_dagrun for example_xcom_args to None, run_after=None
[2023-03-11T12:46:10.192+0000] {logging_mixin.py:137} INFO - [2023-03-11T12:46:10.191+0000] {dag.py:3441} INFO - Setting next_dagrun for example_xcom_args_with_operators to None, run_after=None
[2023-03-11T12:46:10.207+0000] {processor.py:175} INFO - Processing /home/airflow/.local/lib/python3.7/site-packages/airflow/example_dags/example_xcomargs.py took 0.097 seconds
[2023-03-11T12:46:40.891+0000] {processor.py:153} INFO - Started process (PID=2992) to work on /home/airflow/.local/lib/python3.7/site-packages/airflow/example_dags/example_xcomargs.py
[2023-03-11T12:46:40.892+0000] {processor.py:743} INFO - Processing file /home/airflow/.local/lib/python3.7/site-packages/airflow/example_dags/example_xcomargs.py for tasks to queue
[2023-03-11T12:46:40.893+0000] {logging_mixin.py:137} INFO - [2023-03-11T12:46:40.892+0000] {dagbag.py:538} INFO - Filling up the DagBag from /home/airflow/.local/lib/python3.7/site-packages/airflow/example_dags/example_xcomargs.py
[2023-03-11T12:46:40.918+0000] {processor.py:753} INFO - DAG(s) dict_keys(['example_xcom_args_with_operators', 'example_xcom_args']) retrieved from /home/airflow/.local/lib/python3.7/site-packages/airflow/example_dags/example_xcomargs.py
[2023-03-11T12:46:40.949+0000] {logging_mixin.py:137} INFO - [2023-03-11T12:46:40.949+0000] {dag.py:2690} INFO - Sync 2 DAGs
[2023-03-11T12:46:40.976+0000] {logging_mixin.py:137} INFO - [2023-03-11T12:46:40.976+0000] {dag.py:3441} INFO - Setting next_dagrun for example_xcom_args to None, run_after=None
[2023-03-11T12:46:40.980+0000] {logging_mixin.py:137} INFO - [2023-03-11T12:46:40.980+0000] {dag.py:3441} INFO - Setting next_dagrun for example_xcom_args_with_operators to None, run_after=None
[2023-03-11T12:46:41.000+0000] {processor.py:175} INFO - Processing /home/airflow/.local/lib/python3.7/site-packages/airflow/example_dags/example_xcomargs.py took 0.112 seconds
[2023-03-11T12:47:11.713+0000] {processor.py:153} INFO - Started process (PID=3103) to work on /home/airflow/.local/lib/python3.7/site-packages/airflow/example_dags/example_xcomargs.py
[2023-03-11T12:47:11.714+0000] {processor.py:743} INFO - Processing file /home/airflow/.local/lib/python3.7/site-packages/airflow/example_dags/example_xcomargs.py for tasks to queue
[2023-03-11T12:47:11.714+0000] {logging_mixin.py:137} INFO - [2023-03-11T12:47:11.714+0000] {dagbag.py:538} INFO - Filling up the DagBag from /home/airflow/.local/lib/python3.7/site-packages/airflow/example_dags/example_xcomargs.py
[2023-03-11T12:47:11.737+0000] {processor.py:753} INFO - DAG(s) dict_keys(['example_xcom_args_with_operators', 'example_xcom_args']) retrieved from /home/airflow/.local/lib/python3.7/site-packages/airflow/example_dags/example_xcomargs.py
[2023-03-11T12:47:11.763+0000] {logging_mixin.py:137} INFO - [2023-03-11T12:47:11.763+0000] {dag.py:2690} INFO - Sync 2 DAGs
[2023-03-11T12:47:11.790+0000] {logging_mixin.py:137} INFO - [2023-03-11T12:47:11.789+0000] {dag.py:3441} INFO - Setting next_dagrun for example_xcom_args to None, run_after=None
[2023-03-11T12:47:11.793+0000] {logging_mixin.py:137} INFO - [2023-03-11T12:47:11.793+0000] {dag.py:3441} INFO - Setting next_dagrun for example_xcom_args_with_operators to None, run_after=None
[2023-03-11T12:47:11.809+0000] {processor.py:175} INFO - Processing /home/airflow/.local/lib/python3.7/site-packages/airflow/example_dags/example_xcomargs.py took 0.099 seconds
[2023-03-11T12:47:42.465+0000] {processor.py:153} INFO - Started process (PID=3190) to work on /home/airflow/.local/lib/python3.7/site-packages/airflow/example_dags/example_xcomargs.py
[2023-03-11T12:47:42.466+0000] {processor.py:743} INFO - Processing file /home/airflow/.local/lib/python3.7/site-packages/airflow/example_dags/example_xcomargs.py for tasks to queue
[2023-03-11T12:47:42.467+0000] {logging_mixin.py:137} INFO - [2023-03-11T12:47:42.467+0000] {dagbag.py:538} INFO - Filling up the DagBag from /home/airflow/.local/lib/python3.7/site-packages/airflow/example_dags/example_xcomargs.py
[2023-03-11T12:47:42.491+0000] {processor.py:753} INFO - DAG(s) dict_keys(['example_xcom_args', 'example_xcom_args_with_operators']) retrieved from /home/airflow/.local/lib/python3.7/site-packages/airflow/example_dags/example_xcomargs.py
[2023-03-11T12:47:42.519+0000] {logging_mixin.py:137} INFO - [2023-03-11T12:47:42.519+0000] {dag.py:2690} INFO - Sync 2 DAGs
[2023-03-11T12:47:42.544+0000] {logging_mixin.py:137} INFO - [2023-03-11T12:47:42.544+0000] {dag.py:3441} INFO - Setting next_dagrun for example_xcom_args to None, run_after=None
[2023-03-11T12:47:42.547+0000] {logging_mixin.py:137} INFO - [2023-03-11T12:47:42.547+0000] {dag.py:3441} INFO - Setting next_dagrun for example_xcom_args_with_operators to None, run_after=None
[2023-03-11T12:47:42.562+0000] {processor.py:175} INFO - Processing /home/airflow/.local/lib/python3.7/site-packages/airflow/example_dags/example_xcomargs.py took 0.099 seconds
[2023-03-11T12:48:13.444+0000] {processor.py:153} INFO - Started process (PID=3301) to work on /home/airflow/.local/lib/python3.7/site-packages/airflow/example_dags/example_xcomargs.py
[2023-03-11T12:48:13.444+0000] {processor.py:743} INFO - Processing file /home/airflow/.local/lib/python3.7/site-packages/airflow/example_dags/example_xcomargs.py for tasks to queue
[2023-03-11T12:48:13.445+0000] {logging_mixin.py:137} INFO - [2023-03-11T12:48:13.445+0000] {dagbag.py:538} INFO - Filling up the DagBag from /home/airflow/.local/lib/python3.7/site-packages/airflow/example_dags/example_xcomargs.py
[2023-03-11T12:48:13.468+0000] {processor.py:753} INFO - DAG(s) dict_keys(['example_xcom_args_with_operators', 'example_xcom_args']) retrieved from /home/airflow/.local/lib/python3.7/site-packages/airflow/example_dags/example_xcomargs.py
[2023-03-11T12:48:13.495+0000] {logging_mixin.py:137} INFO - [2023-03-11T12:48:13.495+0000] {dag.py:2690} INFO - Sync 2 DAGs
[2023-03-11T12:48:13.519+0000] {logging_mixin.py:137} INFO - [2023-03-11T12:48:13.519+0000] {dag.py:3441} INFO - Setting next_dagrun for example_xcom_args to None, run_after=None
[2023-03-11T12:48:13.522+0000] {logging_mixin.py:137} INFO - [2023-03-11T12:48:13.522+0000] {dag.py:3441} INFO - Setting next_dagrun for example_xcom_args_with_operators to None, run_after=None
[2023-03-11T12:48:13.538+0000] {processor.py:175} INFO - Processing /home/airflow/.local/lib/python3.7/site-packages/airflow/example_dags/example_xcomargs.py took 0.097 seconds
[2023-03-11T12:48:44.104+0000] {processor.py:153} INFO - Started process (PID=3388) to work on /home/airflow/.local/lib/python3.7/site-packages/airflow/example_dags/example_xcomargs.py
[2023-03-11T12:48:44.105+0000] {processor.py:743} INFO - Processing file /home/airflow/.local/lib/python3.7/site-packages/airflow/example_dags/example_xcomargs.py for tasks to queue
[2023-03-11T12:48:44.106+0000] {logging_mixin.py:137} INFO - [2023-03-11T12:48:44.106+0000] {dagbag.py:538} INFO - Filling up the DagBag from /home/airflow/.local/lib/python3.7/site-packages/airflow/example_dags/example_xcomargs.py
[2023-03-11T12:48:44.133+0000] {processor.py:753} INFO - DAG(s) dict_keys(['example_xcom_args_with_operators', 'example_xcom_args']) retrieved from /home/airflow/.local/lib/python3.7/site-packages/airflow/example_dags/example_xcomargs.py
[2023-03-11T12:48:44.162+0000] {logging_mixin.py:137} INFO - [2023-03-11T12:48:44.162+0000] {dag.py:2690} INFO - Sync 2 DAGs
[2023-03-11T12:48:44.188+0000] {logging_mixin.py:137} INFO - [2023-03-11T12:48:44.188+0000] {dag.py:3441} INFO - Setting next_dagrun for example_xcom_args to None, run_after=None
[2023-03-11T12:48:44.191+0000] {logging_mixin.py:137} INFO - [2023-03-11T12:48:44.191+0000] {dag.py:3441} INFO - Setting next_dagrun for example_xcom_args_with_operators to None, run_after=None
[2023-03-11T12:48:44.208+0000] {processor.py:175} INFO - Processing /home/airflow/.local/lib/python3.7/site-packages/airflow/example_dags/example_xcomargs.py took 0.106 seconds
[2023-03-11T12:49:15.171+0000] {processor.py:153} INFO - Started process (PID=3499) to work on /home/airflow/.local/lib/python3.7/site-packages/airflow/example_dags/example_xcomargs.py
[2023-03-11T12:49:15.172+0000] {processor.py:743} INFO - Processing file /home/airflow/.local/lib/python3.7/site-packages/airflow/example_dags/example_xcomargs.py for tasks to queue
[2023-03-11T12:49:15.172+0000] {logging_mixin.py:137} INFO - [2023-03-11T12:49:15.172+0000] {dagbag.py:538} INFO - Filling up the DagBag from /home/airflow/.local/lib/python3.7/site-packages/airflow/example_dags/example_xcomargs.py
[2023-03-11T12:49:15.196+0000] {processor.py:753} INFO - DAG(s) dict_keys(['example_xcom_args_with_operators', 'example_xcom_args']) retrieved from /home/airflow/.local/lib/python3.7/site-packages/airflow/example_dags/example_xcomargs.py
[2023-03-11T12:49:15.225+0000] {logging_mixin.py:137} INFO - [2023-03-11T12:49:15.225+0000] {dag.py:2690} INFO - Sync 2 DAGs
[2023-03-11T12:49:15.250+0000] {logging_mixin.py:137} INFO - [2023-03-11T12:49:15.249+0000] {dag.py:3441} INFO - Setting next_dagrun for example_xcom_args to None, run_after=None
[2023-03-11T12:49:15.253+0000] {logging_mixin.py:137} INFO - [2023-03-11T12:49:15.253+0000] {dag.py:3441} INFO - Setting next_dagrun for example_xcom_args_with_operators to None, run_after=None
[2023-03-11T12:49:15.269+0000] {processor.py:175} INFO - Processing /home/airflow/.local/lib/python3.7/site-packages/airflow/example_dags/example_xcomargs.py took 0.100 seconds
[2023-03-11T12:49:45.522+0000] {processor.py:153} INFO - Started process (PID=3586) to work on /home/airflow/.local/lib/python3.7/site-packages/airflow/example_dags/example_xcomargs.py
[2023-03-11T12:49:45.524+0000] {processor.py:743} INFO - Processing file /home/airflow/.local/lib/python3.7/site-packages/airflow/example_dags/example_xcomargs.py for tasks to queue
[2023-03-11T12:49:45.526+0000] {logging_mixin.py:137} INFO - [2023-03-11T12:49:45.525+0000] {dagbag.py:538} INFO - Filling up the DagBag from /home/airflow/.local/lib/python3.7/site-packages/airflow/example_dags/example_xcomargs.py
[2023-03-11T12:49:45.553+0000] {processor.py:753} INFO - DAG(s) dict_keys(['example_xcom_args', 'example_xcom_args_with_operators']) retrieved from /home/airflow/.local/lib/python3.7/site-packages/airflow/example_dags/example_xcomargs.py
[2023-03-11T12:49:45.595+0000] {logging_mixin.py:137} INFO - [2023-03-11T12:49:45.595+0000] {dag.py:2690} INFO - Sync 2 DAGs
[2023-03-11T12:49:45.635+0000] {logging_mixin.py:137} INFO - [2023-03-11T12:49:45.634+0000] {dag.py:3441} INFO - Setting next_dagrun for example_xcom_args to None, run_after=None
[2023-03-11T12:49:45.641+0000] {logging_mixin.py:137} INFO - [2023-03-11T12:49:45.640+0000] {dag.py:3441} INFO - Setting next_dagrun for example_xcom_args_with_operators to None, run_after=None
[2023-03-11T12:49:45.674+0000] {processor.py:175} INFO - Processing /home/airflow/.local/lib/python3.7/site-packages/airflow/example_dags/example_xcomargs.py took 0.156 seconds
