[2023-03-11T12:31:19.196+0000] {processor.py:153} INFO - Started process (PID=110) to work on /home/airflow/.local/lib/python3.7/site-packages/airflow/example_dags/example_skip_dag.py
[2023-03-11T12:31:19.196+0000] {processor.py:743} INFO - Processing file /home/airflow/.local/lib/python3.7/site-packages/airflow/example_dags/example_skip_dag.py for tasks to queue
[2023-03-11T12:31:19.197+0000] {logging_mixin.py:137} INFO - [2023-03-11T12:31:19.197+0000] {dagbag.py:538} INFO - Filling up the DagBag from /home/airflow/.local/lib/python3.7/site-packages/airflow/example_dags/example_skip_dag.py
[2023-03-11T12:31:19.214+0000] {processor.py:753} INFO - DAG(s) dict_keys(['example_skip_dag']) retrieved from /home/airflow/.local/lib/python3.7/site-packages/airflow/example_dags/example_skip_dag.py
[2023-03-11T12:31:19.234+0000] {logging_mixin.py:137} INFO - [2023-03-11T12:31:19.234+0000] {dag.py:2690} INFO - Sync 1 DAGs
[2023-03-11T12:31:19.283+0000] {logging_mixin.py:137} INFO - [2023-03-11T12:31:19.282+0000] {dag.py:3441} INFO - Setting next_dagrun for example_skip_dag to 2023-03-10T12:31:19.282473+00:00, run_after=2023-03-11T12:31:19.282473+00:00
[2023-03-11T12:31:19.315+0000] {processor.py:175} INFO - Processing /home/airflow/.local/lib/python3.7/site-packages/airflow/example_dags/example_skip_dag.py took 0.122 seconds
[2023-03-11T12:31:49.347+0000] {processor.py:153} INFO - Started process (PID=197) to work on /home/airflow/.local/lib/python3.7/site-packages/airflow/example_dags/example_skip_dag.py
[2023-03-11T12:31:49.348+0000] {processor.py:743} INFO - Processing file /home/airflow/.local/lib/python3.7/site-packages/airflow/example_dags/example_skip_dag.py for tasks to queue
[2023-03-11T12:31:49.348+0000] {logging_mixin.py:137} INFO - [2023-03-11T12:31:49.348+0000] {dagbag.py:538} INFO - Filling up the DagBag from /home/airflow/.local/lib/python3.7/site-packages/airflow/example_dags/example_skip_dag.py
[2023-03-11T12:31:49.364+0000] {processor.py:753} INFO - DAG(s) dict_keys(['example_skip_dag']) retrieved from /home/airflow/.local/lib/python3.7/site-packages/airflow/example_dags/example_skip_dag.py
[2023-03-11T12:31:49.394+0000] {logging_mixin.py:137} INFO - [2023-03-11T12:31:49.394+0000] {dag.py:2690} INFO - Sync 1 DAGs
[2023-03-11T12:31:49.424+0000] {logging_mixin.py:137} INFO - [2023-03-11T12:31:49.424+0000] {dag.py:3441} INFO - Setting next_dagrun for example_skip_dag to 2023-03-10T12:31:49.424042+00:00, run_after=2023-03-11T12:31:49.424042+00:00
[2023-03-11T12:31:49.446+0000] {processor.py:175} INFO - Processing /home/airflow/.local/lib/python3.7/site-packages/airflow/example_dags/example_skip_dag.py took 0.103 seconds
[2023-03-11T12:32:20.258+0000] {processor.py:153} INFO - Started process (PID=284) to work on /home/airflow/.local/lib/python3.7/site-packages/airflow/example_dags/example_skip_dag.py
[2023-03-11T12:32:20.259+0000] {processor.py:743} INFO - Processing file /home/airflow/.local/lib/python3.7/site-packages/airflow/example_dags/example_skip_dag.py for tasks to queue
[2023-03-11T12:32:20.260+0000] {logging_mixin.py:137} INFO - [2023-03-11T12:32:20.259+0000] {dagbag.py:538} INFO - Filling up the DagBag from /home/airflow/.local/lib/python3.7/site-packages/airflow/example_dags/example_skip_dag.py
[2023-03-11T12:32:20.274+0000] {processor.py:753} INFO - DAG(s) dict_keys(['example_skip_dag']) retrieved from /home/airflow/.local/lib/python3.7/site-packages/airflow/example_dags/example_skip_dag.py
[2023-03-11T12:32:20.300+0000] {logging_mixin.py:137} INFO - [2023-03-11T12:32:20.300+0000] {dag.py:2690} INFO - Sync 1 DAGs
[2023-03-11T12:32:20.328+0000] {logging_mixin.py:137} INFO - [2023-03-11T12:32:20.328+0000] {dag.py:3441} INFO - Setting next_dagrun for example_skip_dag to 2023-03-10T12:32:20.328416+00:00, run_after=2023-03-11T12:32:20.328416+00:00
[2023-03-11T12:32:20.348+0000] {processor.py:175} INFO - Processing /home/airflow/.local/lib/python3.7/site-packages/airflow/example_dags/example_skip_dag.py took 0.093 seconds
[2023-03-11T12:32:51.262+0000] {processor.py:153} INFO - Started process (PID=395) to work on /home/airflow/.local/lib/python3.7/site-packages/airflow/example_dags/example_skip_dag.py
[2023-03-11T12:32:51.263+0000] {processor.py:743} INFO - Processing file /home/airflow/.local/lib/python3.7/site-packages/airflow/example_dags/example_skip_dag.py for tasks to queue
[2023-03-11T12:32:51.263+0000] {logging_mixin.py:137} INFO - [2023-03-11T12:32:51.263+0000] {dagbag.py:538} INFO - Filling up the DagBag from /home/airflow/.local/lib/python3.7/site-packages/airflow/example_dags/example_skip_dag.py
[2023-03-11T12:32:51.279+0000] {processor.py:753} INFO - DAG(s) dict_keys(['example_skip_dag']) retrieved from /home/airflow/.local/lib/python3.7/site-packages/airflow/example_dags/example_skip_dag.py
[2023-03-11T12:32:51.309+0000] {logging_mixin.py:137} INFO - [2023-03-11T12:32:51.309+0000] {dag.py:2690} INFO - Sync 1 DAGs
[2023-03-11T12:32:51.336+0000] {logging_mixin.py:137} INFO - [2023-03-11T12:32:51.336+0000] {dag.py:3441} INFO - Setting next_dagrun for example_skip_dag to 2023-03-10T12:32:51.335748+00:00, run_after=2023-03-11T12:32:51.335748+00:00
[2023-03-11T12:32:51.356+0000] {processor.py:175} INFO - Processing /home/airflow/.local/lib/python3.7/site-packages/airflow/example_dags/example_skip_dag.py took 0.097 seconds
[2023-03-11T12:33:22.204+0000] {processor.py:153} INFO - Started process (PID=482) to work on /home/airflow/.local/lib/python3.7/site-packages/airflow/example_dags/example_skip_dag.py
[2023-03-11T12:33:22.205+0000] {processor.py:743} INFO - Processing file /home/airflow/.local/lib/python3.7/site-packages/airflow/example_dags/example_skip_dag.py for tasks to queue
[2023-03-11T12:33:22.206+0000] {logging_mixin.py:137} INFO - [2023-03-11T12:33:22.206+0000] {dagbag.py:538} INFO - Filling up the DagBag from /home/airflow/.local/lib/python3.7/site-packages/airflow/example_dags/example_skip_dag.py
[2023-03-11T12:33:22.220+0000] {processor.py:753} INFO - DAG(s) dict_keys(['example_skip_dag']) retrieved from /home/airflow/.local/lib/python3.7/site-packages/airflow/example_dags/example_skip_dag.py
[2023-03-11T12:33:22.247+0000] {logging_mixin.py:137} INFO - [2023-03-11T12:33:22.246+0000] {dag.py:2690} INFO - Sync 1 DAGs
[2023-03-11T12:33:22.274+0000] {logging_mixin.py:137} INFO - [2023-03-11T12:33:22.274+0000] {dag.py:3441} INFO - Setting next_dagrun for example_skip_dag to 2023-03-10T12:33:22.274229+00:00, run_after=2023-03-11T12:33:22.274229+00:00
[2023-03-11T12:33:22.296+0000] {processor.py:175} INFO - Processing /home/airflow/.local/lib/python3.7/site-packages/airflow/example_dags/example_skip_dag.py took 0.095 seconds
[2023-03-11T12:33:53.131+0000] {processor.py:153} INFO - Started process (PID=578) to work on /home/airflow/.local/lib/python3.7/site-packages/airflow/example_dags/example_skip_dag.py
[2023-03-11T12:33:53.132+0000] {processor.py:743} INFO - Processing file /home/airflow/.local/lib/python3.7/site-packages/airflow/example_dags/example_skip_dag.py for tasks to queue
[2023-03-11T12:33:53.133+0000] {logging_mixin.py:137} INFO - [2023-03-11T12:33:53.133+0000] {dagbag.py:538} INFO - Filling up the DagBag from /home/airflow/.local/lib/python3.7/site-packages/airflow/example_dags/example_skip_dag.py
[2023-03-11T12:33:53.148+0000] {processor.py:753} INFO - DAG(s) dict_keys(['example_skip_dag']) retrieved from /home/airflow/.local/lib/python3.7/site-packages/airflow/example_dags/example_skip_dag.py
[2023-03-11T12:33:53.175+0000] {logging_mixin.py:137} INFO - [2023-03-11T12:33:53.175+0000] {dag.py:2690} INFO - Sync 1 DAGs
[2023-03-11T12:33:53.202+0000] {logging_mixin.py:137} INFO - [2023-03-11T12:33:53.202+0000] {dag.py:3441} INFO - Setting next_dagrun for example_skip_dag to 2023-03-10T12:33:53.202150+00:00, run_after=2023-03-11T12:33:53.202150+00:00
[2023-03-11T12:33:53.223+0000] {processor.py:175} INFO - Processing /home/airflow/.local/lib/python3.7/site-packages/airflow/example_dags/example_skip_dag.py took 0.095 seconds
[2023-03-11T12:34:23.869+0000] {processor.py:153} INFO - Started process (PID=680) to work on /home/airflow/.local/lib/python3.7/site-packages/airflow/example_dags/example_skip_dag.py
[2023-03-11T12:34:23.870+0000] {processor.py:743} INFO - Processing file /home/airflow/.local/lib/python3.7/site-packages/airflow/example_dags/example_skip_dag.py for tasks to queue
[2023-03-11T12:34:23.870+0000] {logging_mixin.py:137} INFO - [2023-03-11T12:34:23.870+0000] {dagbag.py:538} INFO - Filling up the DagBag from /home/airflow/.local/lib/python3.7/site-packages/airflow/example_dags/example_skip_dag.py
[2023-03-11T12:34:23.884+0000] {processor.py:753} INFO - DAG(s) dict_keys(['example_skip_dag']) retrieved from /home/airflow/.local/lib/python3.7/site-packages/airflow/example_dags/example_skip_dag.py
[2023-03-11T12:34:23.912+0000] {logging_mixin.py:137} INFO - [2023-03-11T12:34:23.912+0000] {dag.py:2690} INFO - Sync 1 DAGs
[2023-03-11T12:34:23.938+0000] {logging_mixin.py:137} INFO - [2023-03-11T12:34:23.938+0000] {dag.py:3441} INFO - Setting next_dagrun for example_skip_dag to 2023-03-10T12:34:23.937954+00:00, run_after=2023-03-11T12:34:23.937954+00:00
[2023-03-11T12:34:23.956+0000] {processor.py:175} INFO - Processing /home/airflow/.local/lib/python3.7/site-packages/airflow/example_dags/example_skip_dag.py took 0.090 seconds
[2023-03-11T12:34:54.263+0000] {processor.py:153} INFO - Started process (PID=767) to work on /home/airflow/.local/lib/python3.7/site-packages/airflow/example_dags/example_skip_dag.py
[2023-03-11T12:34:54.264+0000] {processor.py:743} INFO - Processing file /home/airflow/.local/lib/python3.7/site-packages/airflow/example_dags/example_skip_dag.py for tasks to queue
[2023-03-11T12:34:54.265+0000] {logging_mixin.py:137} INFO - [2023-03-11T12:34:54.264+0000] {dagbag.py:538} INFO - Filling up the DagBag from /home/airflow/.local/lib/python3.7/site-packages/airflow/example_dags/example_skip_dag.py
[2023-03-11T12:34:54.278+0000] {processor.py:753} INFO - DAG(s) dict_keys(['example_skip_dag']) retrieved from /home/airflow/.local/lib/python3.7/site-packages/airflow/example_dags/example_skip_dag.py
[2023-03-11T12:34:54.304+0000] {logging_mixin.py:137} INFO - [2023-03-11T12:34:54.303+0000] {dag.py:2690} INFO - Sync 1 DAGs
[2023-03-11T12:34:54.329+0000] {logging_mixin.py:137} INFO - [2023-03-11T12:34:54.329+0000] {dag.py:3441} INFO - Setting next_dagrun for example_skip_dag to 2023-03-10T12:34:54.329065+00:00, run_after=2023-03-11T12:34:54.329065+00:00
[2023-03-11T12:34:54.347+0000] {processor.py:175} INFO - Processing /home/airflow/.local/lib/python3.7/site-packages/airflow/example_dags/example_skip_dag.py took 0.087 seconds
[2023-03-11T12:35:24.618+0000] {processor.py:153} INFO - Started process (PID=878) to work on /home/airflow/.local/lib/python3.7/site-packages/airflow/example_dags/example_skip_dag.py
[2023-03-11T12:35:24.619+0000] {processor.py:743} INFO - Processing file /home/airflow/.local/lib/python3.7/site-packages/airflow/example_dags/example_skip_dag.py for tasks to queue
[2023-03-11T12:35:24.620+0000] {logging_mixin.py:137} INFO - [2023-03-11T12:35:24.620+0000] {dagbag.py:538} INFO - Filling up the DagBag from /home/airflow/.local/lib/python3.7/site-packages/airflow/example_dags/example_skip_dag.py
[2023-03-11T12:35:24.636+0000] {processor.py:753} INFO - DAG(s) dict_keys(['example_skip_dag']) retrieved from /home/airflow/.local/lib/python3.7/site-packages/airflow/example_dags/example_skip_dag.py
[2023-03-11T12:35:24.663+0000] {logging_mixin.py:137} INFO - [2023-03-11T12:35:24.663+0000] {dag.py:2690} INFO - Sync 1 DAGs
[2023-03-11T12:35:24.692+0000] {logging_mixin.py:137} INFO - [2023-03-11T12:35:24.692+0000] {dag.py:3441} INFO - Setting next_dagrun for example_skip_dag to 2023-03-10T12:35:24.692368+00:00, run_after=2023-03-11T12:35:24.692368+00:00
[2023-03-11T12:35:24.714+0000] {processor.py:175} INFO - Processing /home/airflow/.local/lib/python3.7/site-packages/airflow/example_dags/example_skip_dag.py took 0.099 seconds
[2023-03-11T12:35:55.063+0000] {processor.py:153} INFO - Started process (PID=965) to work on /home/airflow/.local/lib/python3.7/site-packages/airflow/example_dags/example_skip_dag.py
[2023-03-11T12:35:55.064+0000] {processor.py:743} INFO - Processing file /home/airflow/.local/lib/python3.7/site-packages/airflow/example_dags/example_skip_dag.py for tasks to queue
[2023-03-11T12:35:55.065+0000] {logging_mixin.py:137} INFO - [2023-03-11T12:35:55.064+0000] {dagbag.py:538} INFO - Filling up the DagBag from /home/airflow/.local/lib/python3.7/site-packages/airflow/example_dags/example_skip_dag.py
[2023-03-11T12:35:55.080+0000] {processor.py:753} INFO - DAG(s) dict_keys(['example_skip_dag']) retrieved from /home/airflow/.local/lib/python3.7/site-packages/airflow/example_dags/example_skip_dag.py
[2023-03-11T12:35:55.104+0000] {logging_mixin.py:137} INFO - [2023-03-11T12:35:55.104+0000] {dag.py:2690} INFO - Sync 1 DAGs
[2023-03-11T12:35:55.133+0000] {logging_mixin.py:137} INFO - [2023-03-11T12:35:55.133+0000] {dag.py:3441} INFO - Setting next_dagrun for example_skip_dag to 2023-03-10T12:35:55.132776+00:00, run_after=2023-03-11T12:35:55.132776+00:00
[2023-03-11T12:35:55.152+0000] {processor.py:175} INFO - Processing /home/airflow/.local/lib/python3.7/site-packages/airflow/example_dags/example_skip_dag.py took 0.093 seconds
[2023-03-11T12:36:25.677+0000] {processor.py:153} INFO - Started process (PID=1052) to work on /home/airflow/.local/lib/python3.7/site-packages/airflow/example_dags/example_skip_dag.py
[2023-03-11T12:36:25.678+0000] {processor.py:743} INFO - Processing file /home/airflow/.local/lib/python3.7/site-packages/airflow/example_dags/example_skip_dag.py for tasks to queue
[2023-03-11T12:36:25.679+0000] {logging_mixin.py:137} INFO - [2023-03-11T12:36:25.678+0000] {dagbag.py:538} INFO - Filling up the DagBag from /home/airflow/.local/lib/python3.7/site-packages/airflow/example_dags/example_skip_dag.py
[2023-03-11T12:36:25.692+0000] {processor.py:753} INFO - DAG(s) dict_keys(['example_skip_dag']) retrieved from /home/airflow/.local/lib/python3.7/site-packages/airflow/example_dags/example_skip_dag.py
[2023-03-11T12:36:25.719+0000] {logging_mixin.py:137} INFO - [2023-03-11T12:36:25.719+0000] {dag.py:2690} INFO - Sync 1 DAGs
[2023-03-11T12:36:25.745+0000] {logging_mixin.py:137} INFO - [2023-03-11T12:36:25.745+0000] {dag.py:3441} INFO - Setting next_dagrun for example_skip_dag to 2023-03-10T12:36:25.745061+00:00, run_after=2023-03-11T12:36:25.745061+00:00
[2023-03-11T12:36:25.766+0000] {processor.py:175} INFO - Processing /home/airflow/.local/lib/python3.7/site-packages/airflow/example_dags/example_skip_dag.py took 0.092 seconds
[2023-03-11T12:36:56.329+0000] {processor.py:153} INFO - Started process (PID=1163) to work on /home/airflow/.local/lib/python3.7/site-packages/airflow/example_dags/example_skip_dag.py
[2023-03-11T12:36:56.330+0000] {processor.py:743} INFO - Processing file /home/airflow/.local/lib/python3.7/site-packages/airflow/example_dags/example_skip_dag.py for tasks to queue
[2023-03-11T12:36:56.331+0000] {logging_mixin.py:137} INFO - [2023-03-11T12:36:56.331+0000] {dagbag.py:538} INFO - Filling up the DagBag from /home/airflow/.local/lib/python3.7/site-packages/airflow/example_dags/example_skip_dag.py
[2023-03-11T12:36:56.344+0000] {processor.py:753} INFO - DAG(s) dict_keys(['example_skip_dag']) retrieved from /home/airflow/.local/lib/python3.7/site-packages/airflow/example_dags/example_skip_dag.py
[2023-03-11T12:36:56.373+0000] {logging_mixin.py:137} INFO - [2023-03-11T12:36:56.372+0000] {dag.py:2690} INFO - Sync 1 DAGs
[2023-03-11T12:36:56.403+0000] {logging_mixin.py:137} INFO - [2023-03-11T12:36:56.402+0000] {dag.py:3441} INFO - Setting next_dagrun for example_skip_dag to 2023-03-10T12:36:56.402556+00:00, run_after=2023-03-11T12:36:56.402556+00:00
[2023-03-11T12:36:56.424+0000] {processor.py:175} INFO - Processing /home/airflow/.local/lib/python3.7/site-packages/airflow/example_dags/example_skip_dag.py took 0.097 seconds
[2023-03-11T12:37:27.017+0000] {processor.py:153} INFO - Started process (PID=1250) to work on /home/airflow/.local/lib/python3.7/site-packages/airflow/example_dags/example_skip_dag.py
[2023-03-11T12:37:27.018+0000] {processor.py:743} INFO - Processing file /home/airflow/.local/lib/python3.7/site-packages/airflow/example_dags/example_skip_dag.py for tasks to queue
[2023-03-11T12:37:27.019+0000] {logging_mixin.py:137} INFO - [2023-03-11T12:37:27.019+0000] {dagbag.py:538} INFO - Filling up the DagBag from /home/airflow/.local/lib/python3.7/site-packages/airflow/example_dags/example_skip_dag.py
[2023-03-11T12:37:27.031+0000] {processor.py:753} INFO - DAG(s) dict_keys(['example_skip_dag']) retrieved from /home/airflow/.local/lib/python3.7/site-packages/airflow/example_dags/example_skip_dag.py
[2023-03-11T12:37:27.059+0000] {logging_mixin.py:137} INFO - [2023-03-11T12:37:27.059+0000] {dag.py:2690} INFO - Sync 1 DAGs
[2023-03-11T12:37:27.085+0000] {logging_mixin.py:137} INFO - [2023-03-11T12:37:27.085+0000] {dag.py:3441} INFO - Setting next_dagrun for example_skip_dag to 2023-03-10T12:37:27.085161+00:00, run_after=2023-03-11T12:37:27.085161+00:00
[2023-03-11T12:37:27.111+0000] {processor.py:175} INFO - Processing /home/airflow/.local/lib/python3.7/site-packages/airflow/example_dags/example_skip_dag.py took 0.096 seconds
[2023-03-11T12:37:58.269+0000] {processor.py:153} INFO - Started process (PID=1361) to work on /home/airflow/.local/lib/python3.7/site-packages/airflow/example_dags/example_skip_dag.py
[2023-03-11T12:37:58.270+0000] {processor.py:743} INFO - Processing file /home/airflow/.local/lib/python3.7/site-packages/airflow/example_dags/example_skip_dag.py for tasks to queue
[2023-03-11T12:37:58.271+0000] {logging_mixin.py:137} INFO - [2023-03-11T12:37:58.271+0000] {dagbag.py:538} INFO - Filling up the DagBag from /home/airflow/.local/lib/python3.7/site-packages/airflow/example_dags/example_skip_dag.py
[2023-03-11T12:37:58.285+0000] {processor.py:753} INFO - DAG(s) dict_keys(['example_skip_dag']) retrieved from /home/airflow/.local/lib/python3.7/site-packages/airflow/example_dags/example_skip_dag.py
[2023-03-11T12:37:58.314+0000] {logging_mixin.py:137} INFO - [2023-03-11T12:37:58.314+0000] {dag.py:2690} INFO - Sync 1 DAGs
[2023-03-11T12:37:58.344+0000] {logging_mixin.py:137} INFO - [2023-03-11T12:37:58.344+0000] {dag.py:3441} INFO - Setting next_dagrun for example_skip_dag to 2023-03-10T12:37:58.344195+00:00, run_after=2023-03-11T12:37:58.344195+00:00
[2023-03-11T12:37:58.369+0000] {processor.py:175} INFO - Processing /home/airflow/.local/lib/python3.7/site-packages/airflow/example_dags/example_skip_dag.py took 0.103 seconds
[2023-03-11T12:38:28.422+0000] {processor.py:153} INFO - Started process (PID=1447) to work on /home/airflow/.local/lib/python3.7/site-packages/airflow/example_dags/example_skip_dag.py
[2023-03-11T12:38:28.423+0000] {processor.py:743} INFO - Processing file /home/airflow/.local/lib/python3.7/site-packages/airflow/example_dags/example_skip_dag.py for tasks to queue
[2023-03-11T12:38:28.423+0000] {logging_mixin.py:137} INFO - [2023-03-11T12:38:28.423+0000] {dagbag.py:538} INFO - Filling up the DagBag from /home/airflow/.local/lib/python3.7/site-packages/airflow/example_dags/example_skip_dag.py
[2023-03-11T12:38:28.436+0000] {processor.py:753} INFO - DAG(s) dict_keys(['example_skip_dag']) retrieved from /home/airflow/.local/lib/python3.7/site-packages/airflow/example_dags/example_skip_dag.py
[2023-03-11T12:38:28.462+0000] {logging_mixin.py:137} INFO - [2023-03-11T12:38:28.462+0000] {dag.py:2690} INFO - Sync 1 DAGs
[2023-03-11T12:38:28.486+0000] {logging_mixin.py:137} INFO - [2023-03-11T12:38:28.486+0000] {dag.py:3441} INFO - Setting next_dagrun for example_skip_dag to 2023-03-10T12:38:28.486088+00:00, run_after=2023-03-11T12:38:28.486088+00:00
[2023-03-11T12:38:28.503+0000] {processor.py:175} INFO - Processing /home/airflow/.local/lib/python3.7/site-packages/airflow/example_dags/example_skip_dag.py took 0.084 seconds
[2023-03-11T12:38:59.522+0000] {processor.py:153} INFO - Started process (PID=1534) to work on /home/airflow/.local/lib/python3.7/site-packages/airflow/example_dags/example_skip_dag.py
[2023-03-11T12:38:59.523+0000] {processor.py:743} INFO - Processing file /home/airflow/.local/lib/python3.7/site-packages/airflow/example_dags/example_skip_dag.py for tasks to queue
[2023-03-11T12:38:59.524+0000] {logging_mixin.py:137} INFO - [2023-03-11T12:38:59.524+0000] {dagbag.py:538} INFO - Filling up the DagBag from /home/airflow/.local/lib/python3.7/site-packages/airflow/example_dags/example_skip_dag.py
[2023-03-11T12:38:59.539+0000] {processor.py:753} INFO - DAG(s) dict_keys(['example_skip_dag']) retrieved from /home/airflow/.local/lib/python3.7/site-packages/airflow/example_dags/example_skip_dag.py
[2023-03-11T12:38:59.566+0000] {logging_mixin.py:137} INFO - [2023-03-11T12:38:59.566+0000] {dag.py:2690} INFO - Sync 1 DAGs
[2023-03-11T12:38:59.592+0000] {logging_mixin.py:137} INFO - [2023-03-11T12:38:59.592+0000] {dag.py:3441} INFO - Setting next_dagrun for example_skip_dag to 2023-03-10T12:38:59.592181+00:00, run_after=2023-03-11T12:38:59.592181+00:00
[2023-03-11T12:38:59.612+0000] {processor.py:175} INFO - Processing /home/airflow/.local/lib/python3.7/site-packages/airflow/example_dags/example_skip_dag.py took 0.092 seconds
[2023-03-11T12:39:29.803+0000] {processor.py:153} INFO - Started process (PID=1645) to work on /home/airflow/.local/lib/python3.7/site-packages/airflow/example_dags/example_skip_dag.py
[2023-03-11T12:39:29.804+0000] {processor.py:743} INFO - Processing file /home/airflow/.local/lib/python3.7/site-packages/airflow/example_dags/example_skip_dag.py for tasks to queue
[2023-03-11T12:39:29.804+0000] {logging_mixin.py:137} INFO - [2023-03-11T12:39:29.804+0000] {dagbag.py:538} INFO - Filling up the DagBag from /home/airflow/.local/lib/python3.7/site-packages/airflow/example_dags/example_skip_dag.py
[2023-03-11T12:39:29.819+0000] {processor.py:753} INFO - DAG(s) dict_keys(['example_skip_dag']) retrieved from /home/airflow/.local/lib/python3.7/site-packages/airflow/example_dags/example_skip_dag.py
[2023-03-11T12:39:29.846+0000] {logging_mixin.py:137} INFO - [2023-03-11T12:39:29.846+0000] {dag.py:2690} INFO - Sync 1 DAGs
[2023-03-11T12:39:29.874+0000] {logging_mixin.py:137} INFO - [2023-03-11T12:39:29.874+0000] {dag.py:3441} INFO - Setting next_dagrun for example_skip_dag to 2023-03-10T12:39:29.873733+00:00, run_after=2023-03-11T12:39:29.873733+00:00
[2023-03-11T12:39:29.896+0000] {processor.py:175} INFO - Processing /home/airflow/.local/lib/python3.7/site-packages/airflow/example_dags/example_skip_dag.py took 0.096 seconds
[2023-03-11T12:40:00.005+0000] {processor.py:153} INFO - Started process (PID=1732) to work on /home/airflow/.local/lib/python3.7/site-packages/airflow/example_dags/example_skip_dag.py
[2023-03-11T12:40:00.006+0000] {processor.py:743} INFO - Processing file /home/airflow/.local/lib/python3.7/site-packages/airflow/example_dags/example_skip_dag.py for tasks to queue
[2023-03-11T12:40:00.007+0000] {logging_mixin.py:137} INFO - [2023-03-11T12:40:00.007+0000] {dagbag.py:538} INFO - Filling up the DagBag from /home/airflow/.local/lib/python3.7/site-packages/airflow/example_dags/example_skip_dag.py
[2023-03-11T12:40:00.023+0000] {processor.py:753} INFO - DAG(s) dict_keys(['example_skip_dag']) retrieved from /home/airflow/.local/lib/python3.7/site-packages/airflow/example_dags/example_skip_dag.py
[2023-03-11T12:40:00.051+0000] {logging_mixin.py:137} INFO - [2023-03-11T12:40:00.051+0000] {dag.py:2690} INFO - Sync 1 DAGs
[2023-03-11T12:40:00.081+0000] {logging_mixin.py:137} INFO - [2023-03-11T12:40:00.081+0000] {dag.py:3441} INFO - Setting next_dagrun for example_skip_dag to 2023-03-10T12:40:00.080866+00:00, run_after=2023-03-11T12:40:00.080866+00:00
[2023-03-11T12:40:00.105+0000] {processor.py:175} INFO - Processing /home/airflow/.local/lib/python3.7/site-packages/airflow/example_dags/example_skip_dag.py took 0.102 seconds
[2023-03-11T12:40:31.058+0000] {processor.py:153} INFO - Started process (PID=1819) to work on /home/airflow/.local/lib/python3.7/site-packages/airflow/example_dags/example_skip_dag.py
[2023-03-11T12:40:31.059+0000] {processor.py:743} INFO - Processing file /home/airflow/.local/lib/python3.7/site-packages/airflow/example_dags/example_skip_dag.py for tasks to queue
[2023-03-11T12:40:31.060+0000] {logging_mixin.py:137} INFO - [2023-03-11T12:40:31.060+0000] {dagbag.py:538} INFO - Filling up the DagBag from /home/airflow/.local/lib/python3.7/site-packages/airflow/example_dags/example_skip_dag.py
[2023-03-11T12:40:31.073+0000] {processor.py:753} INFO - DAG(s) dict_keys(['example_skip_dag']) retrieved from /home/airflow/.local/lib/python3.7/site-packages/airflow/example_dags/example_skip_dag.py
[2023-03-11T12:40:31.101+0000] {logging_mixin.py:137} INFO - [2023-03-11T12:40:31.101+0000] {dag.py:2690} INFO - Sync 1 DAGs
[2023-03-11T12:40:31.136+0000] {logging_mixin.py:137} INFO - [2023-03-11T12:40:31.136+0000] {dag.py:3441} INFO - Setting next_dagrun for example_skip_dag to 2023-03-10T12:40:31.136086+00:00, run_after=2023-03-11T12:40:31.136086+00:00
[2023-03-11T12:40:31.160+0000] {processor.py:175} INFO - Processing /home/airflow/.local/lib/python3.7/site-packages/airflow/example_dags/example_skip_dag.py took 0.105 seconds
[2023-03-11T12:41:01.993+0000] {processor.py:153} INFO - Started process (PID=1930) to work on /home/airflow/.local/lib/python3.7/site-packages/airflow/example_dags/example_skip_dag.py
[2023-03-11T12:41:01.994+0000] {processor.py:743} INFO - Processing file /home/airflow/.local/lib/python3.7/site-packages/airflow/example_dags/example_skip_dag.py for tasks to queue
[2023-03-11T12:41:01.995+0000] {logging_mixin.py:137} INFO - [2023-03-11T12:41:01.995+0000] {dagbag.py:538} INFO - Filling up the DagBag from /home/airflow/.local/lib/python3.7/site-packages/airflow/example_dags/example_skip_dag.py
[2023-03-11T12:41:02.008+0000] {processor.py:753} INFO - DAG(s) dict_keys(['example_skip_dag']) retrieved from /home/airflow/.local/lib/python3.7/site-packages/airflow/example_dags/example_skip_dag.py
[2023-03-11T12:41:02.037+0000] {logging_mixin.py:137} INFO - [2023-03-11T12:41:02.037+0000] {dag.py:2690} INFO - Sync 1 DAGs
[2023-03-11T12:41:02.067+0000] {logging_mixin.py:137} INFO - [2023-03-11T12:41:02.067+0000] {dag.py:3441} INFO - Setting next_dagrun for example_skip_dag to 2023-03-10T12:41:02.066928+00:00, run_after=2023-03-11T12:41:02.066928+00:00
[2023-03-11T12:41:02.087+0000] {processor.py:175} INFO - Processing /home/airflow/.local/lib/python3.7/site-packages/airflow/example_dags/example_skip_dag.py took 0.096 seconds
[2023-03-11T12:41:32.818+0000] {processor.py:153} INFO - Started process (PID=2017) to work on /home/airflow/.local/lib/python3.7/site-packages/airflow/example_dags/example_skip_dag.py
[2023-03-11T12:41:32.819+0000] {processor.py:743} INFO - Processing file /home/airflow/.local/lib/python3.7/site-packages/airflow/example_dags/example_skip_dag.py for tasks to queue
[2023-03-11T12:41:32.820+0000] {logging_mixin.py:137} INFO - [2023-03-11T12:41:32.820+0000] {dagbag.py:538} INFO - Filling up the DagBag from /home/airflow/.local/lib/python3.7/site-packages/airflow/example_dags/example_skip_dag.py
[2023-03-11T12:41:32.833+0000] {processor.py:753} INFO - DAG(s) dict_keys(['example_skip_dag']) retrieved from /home/airflow/.local/lib/python3.7/site-packages/airflow/example_dags/example_skip_dag.py
[2023-03-11T12:41:32.859+0000] {logging_mixin.py:137} INFO - [2023-03-11T12:41:32.859+0000] {dag.py:2690} INFO - Sync 1 DAGs
[2023-03-11T12:41:32.885+0000] {logging_mixin.py:137} INFO - [2023-03-11T12:41:32.885+0000] {dag.py:3441} INFO - Setting next_dagrun for example_skip_dag to 2023-03-10T12:41:32.885550+00:00, run_after=2023-03-11T12:41:32.885550+00:00
[2023-03-11T12:41:32.906+0000] {processor.py:175} INFO - Processing /home/airflow/.local/lib/python3.7/site-packages/airflow/example_dags/example_skip_dag.py took 0.091 seconds
[2023-03-11T12:42:03.422+0000] {processor.py:153} INFO - Started process (PID=2128) to work on /home/airflow/.local/lib/python3.7/site-packages/airflow/example_dags/example_skip_dag.py
[2023-03-11T12:42:03.423+0000] {processor.py:743} INFO - Processing file /home/airflow/.local/lib/python3.7/site-packages/airflow/example_dags/example_skip_dag.py for tasks to queue
[2023-03-11T12:42:03.424+0000] {logging_mixin.py:137} INFO - [2023-03-11T12:42:03.424+0000] {dagbag.py:538} INFO - Filling up the DagBag from /home/airflow/.local/lib/python3.7/site-packages/airflow/example_dags/example_skip_dag.py
[2023-03-11T12:42:03.439+0000] {processor.py:753} INFO - DAG(s) dict_keys(['example_skip_dag']) retrieved from /home/airflow/.local/lib/python3.7/site-packages/airflow/example_dags/example_skip_dag.py
[2023-03-11T12:42:03.465+0000] {logging_mixin.py:137} INFO - [2023-03-11T12:42:03.465+0000] {dag.py:2690} INFO - Sync 1 DAGs
[2023-03-11T12:42:03.491+0000] {logging_mixin.py:137} INFO - [2023-03-11T12:42:03.491+0000] {dag.py:3441} INFO - Setting next_dagrun for example_skip_dag to 2023-03-10T12:42:03.491263+00:00, run_after=2023-03-11T12:42:03.491263+00:00
[2023-03-11T12:42:03.510+0000] {processor.py:175} INFO - Processing /home/airflow/.local/lib/python3.7/site-packages/airflow/example_dags/example_skip_dag.py took 0.090 seconds
[2023-03-11T12:42:34.051+0000] {processor.py:153} INFO - Started process (PID=2215) to work on /home/airflow/.local/lib/python3.7/site-packages/airflow/example_dags/example_skip_dag.py
[2023-03-11T12:42:34.052+0000] {processor.py:743} INFO - Processing file /home/airflow/.local/lib/python3.7/site-packages/airflow/example_dags/example_skip_dag.py for tasks to queue
[2023-03-11T12:42:34.052+0000] {logging_mixin.py:137} INFO - [2023-03-11T12:42:34.052+0000] {dagbag.py:538} INFO - Filling up the DagBag from /home/airflow/.local/lib/python3.7/site-packages/airflow/example_dags/example_skip_dag.py
[2023-03-11T12:42:34.065+0000] {processor.py:753} INFO - DAG(s) dict_keys(['example_skip_dag']) retrieved from /home/airflow/.local/lib/python3.7/site-packages/airflow/example_dags/example_skip_dag.py
[2023-03-11T12:42:34.090+0000] {logging_mixin.py:137} INFO - [2023-03-11T12:42:34.090+0000] {dag.py:2690} INFO - Sync 1 DAGs
[2023-03-11T12:42:34.115+0000] {logging_mixin.py:137} INFO - [2023-03-11T12:42:34.115+0000] {dag.py:3441} INFO - Setting next_dagrun for example_skip_dag to 2023-03-10T12:42:34.115335+00:00, run_after=2023-03-11T12:42:34.115335+00:00
[2023-03-11T12:42:34.133+0000] {processor.py:175} INFO - Processing /home/airflow/.local/lib/python3.7/site-packages/airflow/example_dags/example_skip_dag.py took 0.084 seconds
[2023-03-11T12:43:04.678+0000] {processor.py:153} INFO - Started process (PID=2302) to work on /home/airflow/.local/lib/python3.7/site-packages/airflow/example_dags/example_skip_dag.py
[2023-03-11T12:43:04.679+0000] {processor.py:743} INFO - Processing file /home/airflow/.local/lib/python3.7/site-packages/airflow/example_dags/example_skip_dag.py for tasks to queue
[2023-03-11T12:43:04.680+0000] {logging_mixin.py:137} INFO - [2023-03-11T12:43:04.680+0000] {dagbag.py:538} INFO - Filling up the DagBag from /home/airflow/.local/lib/python3.7/site-packages/airflow/example_dags/example_skip_dag.py
[2023-03-11T12:43:04.692+0000] {processor.py:753} INFO - DAG(s) dict_keys(['example_skip_dag']) retrieved from /home/airflow/.local/lib/python3.7/site-packages/airflow/example_dags/example_skip_dag.py
[2023-03-11T12:43:04.716+0000] {logging_mixin.py:137} INFO - [2023-03-11T12:43:04.715+0000] {dag.py:2690} INFO - Sync 1 DAGs
[2023-03-11T12:43:04.740+0000] {logging_mixin.py:137} INFO - [2023-03-11T12:43:04.740+0000] {dag.py:3441} INFO - Setting next_dagrun for example_skip_dag to 2023-03-10T12:43:04.739853+00:00, run_after=2023-03-11T12:43:04.739853+00:00
[2023-03-11T12:43:04.758+0000] {processor.py:175} INFO - Processing /home/airflow/.local/lib/python3.7/site-packages/airflow/example_dags/example_skip_dag.py took 0.082 seconds
[2023-03-11T12:43:35.369+0000] {processor.py:153} INFO - Started process (PID=2413) to work on /home/airflow/.local/lib/python3.7/site-packages/airflow/example_dags/example_skip_dag.py
[2023-03-11T12:43:35.370+0000] {processor.py:743} INFO - Processing file /home/airflow/.local/lib/python3.7/site-packages/airflow/example_dags/example_skip_dag.py for tasks to queue
[2023-03-11T12:43:35.370+0000] {logging_mixin.py:137} INFO - [2023-03-11T12:43:35.370+0000] {dagbag.py:538} INFO - Filling up the DagBag from /home/airflow/.local/lib/python3.7/site-packages/airflow/example_dags/example_skip_dag.py
[2023-03-11T12:43:35.383+0000] {processor.py:753} INFO - DAG(s) dict_keys(['example_skip_dag']) retrieved from /home/airflow/.local/lib/python3.7/site-packages/airflow/example_dags/example_skip_dag.py
[2023-03-11T12:43:35.407+0000] {logging_mixin.py:137} INFO - [2023-03-11T12:43:35.406+0000] {dag.py:2690} INFO - Sync 1 DAGs
[2023-03-11T12:43:35.432+0000] {logging_mixin.py:137} INFO - [2023-03-11T12:43:35.432+0000] {dag.py:3441} INFO - Setting next_dagrun for example_skip_dag to 2023-03-10T12:43:35.432605+00:00, run_after=2023-03-11T12:43:35.432605+00:00
[2023-03-11T12:43:35.450+0000] {processor.py:175} INFO - Processing /home/airflow/.local/lib/python3.7/site-packages/airflow/example_dags/example_skip_dag.py took 0.084 seconds
[2023-03-11T12:44:05.821+0000] {processor.py:153} INFO - Started process (PID=2500) to work on /home/airflow/.local/lib/python3.7/site-packages/airflow/example_dags/example_skip_dag.py
[2023-03-11T12:44:05.822+0000] {processor.py:743} INFO - Processing file /home/airflow/.local/lib/python3.7/site-packages/airflow/example_dags/example_skip_dag.py for tasks to queue
[2023-03-11T12:44:05.823+0000] {logging_mixin.py:137} INFO - [2023-03-11T12:44:05.823+0000] {dagbag.py:538} INFO - Filling up the DagBag from /home/airflow/.local/lib/python3.7/site-packages/airflow/example_dags/example_skip_dag.py
[2023-03-11T12:44:05.836+0000] {processor.py:753} INFO - DAG(s) dict_keys(['example_skip_dag']) retrieved from /home/airflow/.local/lib/python3.7/site-packages/airflow/example_dags/example_skip_dag.py
[2023-03-11T12:44:05.863+0000] {logging_mixin.py:137} INFO - [2023-03-11T12:44:05.862+0000] {dag.py:2690} INFO - Sync 1 DAGs
[2023-03-11T12:44:05.889+0000] {logging_mixin.py:137} INFO - [2023-03-11T12:44:05.889+0000] {dag.py:3441} INFO - Setting next_dagrun for example_skip_dag to 2023-03-10T12:44:05.888800+00:00, run_after=2023-03-11T12:44:05.888800+00:00
[2023-03-11T12:44:05.907+0000] {processor.py:175} INFO - Processing /home/airflow/.local/lib/python3.7/site-packages/airflow/example_dags/example_skip_dag.py took 0.089 seconds
[2023-03-11T12:44:36.632+0000] {processor.py:153} INFO - Started process (PID=2611) to work on /home/airflow/.local/lib/python3.7/site-packages/airflow/example_dags/example_skip_dag.py
[2023-03-11T12:44:36.633+0000] {processor.py:743} INFO - Processing file /home/airflow/.local/lib/python3.7/site-packages/airflow/example_dags/example_skip_dag.py for tasks to queue
[2023-03-11T12:44:36.633+0000] {logging_mixin.py:137} INFO - [2023-03-11T12:44:36.633+0000] {dagbag.py:538} INFO - Filling up the DagBag from /home/airflow/.local/lib/python3.7/site-packages/airflow/example_dags/example_skip_dag.py
[2023-03-11T12:44:36.647+0000] {processor.py:753} INFO - DAG(s) dict_keys(['example_skip_dag']) retrieved from /home/airflow/.local/lib/python3.7/site-packages/airflow/example_dags/example_skip_dag.py
[2023-03-11T12:44:36.680+0000] {logging_mixin.py:137} INFO - [2023-03-11T12:44:36.679+0000] {dag.py:2690} INFO - Sync 1 DAGs
[2023-03-11T12:44:36.759+0000] {logging_mixin.py:137} INFO - [2023-03-11T12:44:36.759+0000] {dag.py:3441} INFO - Setting next_dagrun for example_skip_dag to 2023-03-10T12:44:36.758998+00:00, run_after=2023-03-11T12:44:36.758998+00:00
[2023-03-11T12:44:36.778+0000] {processor.py:175} INFO - Processing /home/airflow/.local/lib/python3.7/site-packages/airflow/example_dags/example_skip_dag.py took 0.149 seconds
[2023-03-11T12:45:07.856+0000] {processor.py:153} INFO - Started process (PID=2698) to work on /home/airflow/.local/lib/python3.7/site-packages/airflow/example_dags/example_skip_dag.py
[2023-03-11T12:45:07.857+0000] {processor.py:743} INFO - Processing file /home/airflow/.local/lib/python3.7/site-packages/airflow/example_dags/example_skip_dag.py for tasks to queue
[2023-03-11T12:45:07.858+0000] {logging_mixin.py:137} INFO - [2023-03-11T12:45:07.858+0000] {dagbag.py:538} INFO - Filling up the DagBag from /home/airflow/.local/lib/python3.7/site-packages/airflow/example_dags/example_skip_dag.py
[2023-03-11T12:45:07.874+0000] {processor.py:753} INFO - DAG(s) dict_keys(['example_skip_dag']) retrieved from /home/airflow/.local/lib/python3.7/site-packages/airflow/example_dags/example_skip_dag.py
[2023-03-11T12:45:07.912+0000] {logging_mixin.py:137} INFO - [2023-03-11T12:45:07.911+0000] {dag.py:2690} INFO - Sync 1 DAGs
[2023-03-11T12:45:07.949+0000] {logging_mixin.py:137} INFO - [2023-03-11T12:45:07.949+0000] {dag.py:3441} INFO - Setting next_dagrun for example_skip_dag to 2023-03-10T12:45:07.948873+00:00, run_after=2023-03-11T12:45:07.948873+00:00
[2023-03-11T12:45:07.990+0000] {processor.py:175} INFO - Processing /home/airflow/.local/lib/python3.7/site-packages/airflow/example_dags/example_skip_dag.py took 0.137 seconds
[2023-03-11T12:45:38.417+0000] {processor.py:153} INFO - Started process (PID=2794) to work on /home/airflow/.local/lib/python3.7/site-packages/airflow/example_dags/example_skip_dag.py
[2023-03-11T12:45:38.418+0000] {processor.py:743} INFO - Processing file /home/airflow/.local/lib/python3.7/site-packages/airflow/example_dags/example_skip_dag.py for tasks to queue
[2023-03-11T12:45:38.418+0000] {logging_mixin.py:137} INFO - [2023-03-11T12:45:38.418+0000] {dagbag.py:538} INFO - Filling up the DagBag from /home/airflow/.local/lib/python3.7/site-packages/airflow/example_dags/example_skip_dag.py
[2023-03-11T12:45:38.431+0000] {processor.py:753} INFO - DAG(s) dict_keys(['example_skip_dag']) retrieved from /home/airflow/.local/lib/python3.7/site-packages/airflow/example_dags/example_skip_dag.py
[2023-03-11T12:45:38.459+0000] {logging_mixin.py:137} INFO - [2023-03-11T12:45:38.458+0000] {dag.py:2690} INFO - Sync 1 DAGs
[2023-03-11T12:45:38.486+0000] {logging_mixin.py:137} INFO - [2023-03-11T12:45:38.486+0000] {dag.py:3441} INFO - Setting next_dagrun for example_skip_dag to 2023-03-10T12:45:38.485897+00:00, run_after=2023-03-11T12:45:38.485897+00:00
[2023-03-11T12:45:38.509+0000] {processor.py:175} INFO - Processing /home/airflow/.local/lib/python3.7/site-packages/airflow/example_dags/example_skip_dag.py took 0.095 seconds
[2023-03-11T12:46:09.518+0000] {processor.py:153} INFO - Started process (PID=2896) to work on /home/airflow/.local/lib/python3.7/site-packages/airflow/example_dags/example_skip_dag.py
[2023-03-11T12:46:09.519+0000] {processor.py:743} INFO - Processing file /home/airflow/.local/lib/python3.7/site-packages/airflow/example_dags/example_skip_dag.py for tasks to queue
[2023-03-11T12:46:09.519+0000] {logging_mixin.py:137} INFO - [2023-03-11T12:46:09.519+0000] {dagbag.py:538} INFO - Filling up the DagBag from /home/airflow/.local/lib/python3.7/site-packages/airflow/example_dags/example_skip_dag.py
[2023-03-11T12:46:09.534+0000] {processor.py:753} INFO - DAG(s) dict_keys(['example_skip_dag']) retrieved from /home/airflow/.local/lib/python3.7/site-packages/airflow/example_dags/example_skip_dag.py
[2023-03-11T12:46:09.561+0000] {logging_mixin.py:137} INFO - [2023-03-11T12:46:09.561+0000] {dag.py:2690} INFO - Sync 1 DAGs
[2023-03-11T12:46:09.586+0000] {logging_mixin.py:137} INFO - [2023-03-11T12:46:09.586+0000] {dag.py:3441} INFO - Setting next_dagrun for example_skip_dag to 2023-03-10T12:46:09.586279+00:00, run_after=2023-03-11T12:46:09.586279+00:00
[2023-03-11T12:46:09.607+0000] {processor.py:175} INFO - Processing /home/airflow/.local/lib/python3.7/site-packages/airflow/example_dags/example_skip_dag.py took 0.092 seconds
[2023-03-11T12:46:40.245+0000] {processor.py:153} INFO - Started process (PID=2983) to work on /home/airflow/.local/lib/python3.7/site-packages/airflow/example_dags/example_skip_dag.py
[2023-03-11T12:46:40.246+0000] {processor.py:743} INFO - Processing file /home/airflow/.local/lib/python3.7/site-packages/airflow/example_dags/example_skip_dag.py for tasks to queue
[2023-03-11T12:46:40.246+0000] {logging_mixin.py:137} INFO - [2023-03-11T12:46:40.246+0000] {dagbag.py:538} INFO - Filling up the DagBag from /home/airflow/.local/lib/python3.7/site-packages/airflow/example_dags/example_skip_dag.py
[2023-03-11T12:46:40.260+0000] {processor.py:753} INFO - DAG(s) dict_keys(['example_skip_dag']) retrieved from /home/airflow/.local/lib/python3.7/site-packages/airflow/example_dags/example_skip_dag.py
[2023-03-11T12:46:40.287+0000] {logging_mixin.py:137} INFO - [2023-03-11T12:46:40.287+0000] {dag.py:2690} INFO - Sync 1 DAGs
[2023-03-11T12:46:40.322+0000] {logging_mixin.py:137} INFO - [2023-03-11T12:46:40.321+0000] {dag.py:3441} INFO - Setting next_dagrun for example_skip_dag to 2023-03-10T12:46:40.321615+00:00, run_after=2023-03-11T12:46:40.321615+00:00
[2023-03-11T12:46:40.362+0000] {processor.py:175} INFO - Processing /home/airflow/.local/lib/python3.7/site-packages/airflow/example_dags/example_skip_dag.py took 0.120 seconds
[2023-03-11T12:47:11.012+0000] {processor.py:153} INFO - Started process (PID=3094) to work on /home/airflow/.local/lib/python3.7/site-packages/airflow/example_dags/example_skip_dag.py
[2023-03-11T12:47:11.012+0000] {processor.py:743} INFO - Processing file /home/airflow/.local/lib/python3.7/site-packages/airflow/example_dags/example_skip_dag.py for tasks to queue
[2023-03-11T12:47:11.013+0000] {logging_mixin.py:137} INFO - [2023-03-11T12:47:11.013+0000] {dagbag.py:538} INFO - Filling up the DagBag from /home/airflow/.local/lib/python3.7/site-packages/airflow/example_dags/example_skip_dag.py
[2023-03-11T12:47:11.025+0000] {processor.py:753} INFO - DAG(s) dict_keys(['example_skip_dag']) retrieved from /home/airflow/.local/lib/python3.7/site-packages/airflow/example_dags/example_skip_dag.py
[2023-03-11T12:47:11.049+0000] {logging_mixin.py:137} INFO - [2023-03-11T12:47:11.049+0000] {dag.py:2690} INFO - Sync 1 DAGs
[2023-03-11T12:47:11.075+0000] {logging_mixin.py:137} INFO - [2023-03-11T12:47:11.075+0000] {dag.py:3441} INFO - Setting next_dagrun for example_skip_dag to 2023-03-10T12:47:11.075279+00:00, run_after=2023-03-11T12:47:11.075279+00:00
[2023-03-11T12:47:11.095+0000] {processor.py:175} INFO - Processing /home/airflow/.local/lib/python3.7/site-packages/airflow/example_dags/example_skip_dag.py took 0.086 seconds
[2023-03-11T12:47:41.919+0000] {processor.py:153} INFO - Started process (PID=3181) to work on /home/airflow/.local/lib/python3.7/site-packages/airflow/example_dags/example_skip_dag.py
[2023-03-11T12:47:41.920+0000] {processor.py:743} INFO - Processing file /home/airflow/.local/lib/python3.7/site-packages/airflow/example_dags/example_skip_dag.py for tasks to queue
[2023-03-11T12:47:41.921+0000] {logging_mixin.py:137} INFO - [2023-03-11T12:47:41.921+0000] {dagbag.py:538} INFO - Filling up the DagBag from /home/airflow/.local/lib/python3.7/site-packages/airflow/example_dags/example_skip_dag.py
[2023-03-11T12:47:41.933+0000] {processor.py:753} INFO - DAG(s) dict_keys(['example_skip_dag']) retrieved from /home/airflow/.local/lib/python3.7/site-packages/airflow/example_dags/example_skip_dag.py
[2023-03-11T12:47:41.959+0000] {logging_mixin.py:137} INFO - [2023-03-11T12:47:41.958+0000] {dag.py:2690} INFO - Sync 1 DAGs
[2023-03-11T12:47:41.984+0000] {logging_mixin.py:137} INFO - [2023-03-11T12:47:41.984+0000] {dag.py:3441} INFO - Setting next_dagrun for example_skip_dag to 2023-03-10T12:47:41.984172+00:00, run_after=2023-03-11T12:47:41.984172+00:00
[2023-03-11T12:47:42.003+0000] {processor.py:175} INFO - Processing /home/airflow/.local/lib/python3.7/site-packages/airflow/example_dags/example_skip_dag.py took 0.086 seconds
[2023-03-11T12:48:12.837+0000] {processor.py:153} INFO - Started process (PID=3292) to work on /home/airflow/.local/lib/python3.7/site-packages/airflow/example_dags/example_skip_dag.py
[2023-03-11T12:48:12.837+0000] {processor.py:743} INFO - Processing file /home/airflow/.local/lib/python3.7/site-packages/airflow/example_dags/example_skip_dag.py for tasks to queue
[2023-03-11T12:48:12.838+0000] {logging_mixin.py:137} INFO - [2023-03-11T12:48:12.838+0000] {dagbag.py:538} INFO - Filling up the DagBag from /home/airflow/.local/lib/python3.7/site-packages/airflow/example_dags/example_skip_dag.py
[2023-03-11T12:48:12.851+0000] {processor.py:753} INFO - DAG(s) dict_keys(['example_skip_dag']) retrieved from /home/airflow/.local/lib/python3.7/site-packages/airflow/example_dags/example_skip_dag.py
[2023-03-11T12:48:12.878+0000] {logging_mixin.py:137} INFO - [2023-03-11T12:48:12.877+0000] {dag.py:2690} INFO - Sync 1 DAGs
[2023-03-11T12:48:12.904+0000] {logging_mixin.py:137} INFO - [2023-03-11T12:48:12.904+0000] {dag.py:3441} INFO - Setting next_dagrun for example_skip_dag to 2023-03-10T12:48:12.904298+00:00, run_after=2023-03-11T12:48:12.904298+00:00
[2023-03-11T12:48:12.924+0000] {processor.py:175} INFO - Processing /home/airflow/.local/lib/python3.7/site-packages/airflow/example_dags/example_skip_dag.py took 0.090 seconds
[2023-03-11T12:48:43.533+0000] {processor.py:153} INFO - Started process (PID=3379) to work on /home/airflow/.local/lib/python3.7/site-packages/airflow/example_dags/example_skip_dag.py
[2023-03-11T12:48:43.534+0000] {processor.py:743} INFO - Processing file /home/airflow/.local/lib/python3.7/site-packages/airflow/example_dags/example_skip_dag.py for tasks to queue
[2023-03-11T12:48:43.535+0000] {logging_mixin.py:137} INFO - [2023-03-11T12:48:43.535+0000] {dagbag.py:538} INFO - Filling up the DagBag from /home/airflow/.local/lib/python3.7/site-packages/airflow/example_dags/example_skip_dag.py
[2023-03-11T12:48:43.547+0000] {processor.py:753} INFO - DAG(s) dict_keys(['example_skip_dag']) retrieved from /home/airflow/.local/lib/python3.7/site-packages/airflow/example_dags/example_skip_dag.py
[2023-03-11T12:48:43.572+0000] {logging_mixin.py:137} INFO - [2023-03-11T12:48:43.572+0000] {dag.py:2690} INFO - Sync 1 DAGs
[2023-03-11T12:48:43.597+0000] {logging_mixin.py:137} INFO - [2023-03-11T12:48:43.597+0000] {dag.py:3441} INFO - Setting next_dagrun for example_skip_dag to 2023-03-10T12:48:43.597065+00:00, run_after=2023-03-11T12:48:43.597065+00:00
[2023-03-11T12:48:43.614+0000] {processor.py:175} INFO - Processing /home/airflow/.local/lib/python3.7/site-packages/airflow/example_dags/example_skip_dag.py took 0.084 seconds
[2023-03-11T12:49:14.284+0000] {processor.py:153} INFO - Started process (PID=3475) to work on /home/airflow/.local/lib/python3.7/site-packages/airflow/example_dags/example_skip_dag.py
[2023-03-11T12:49:14.285+0000] {processor.py:743} INFO - Processing file /home/airflow/.local/lib/python3.7/site-packages/airflow/example_dags/example_skip_dag.py for tasks to queue
[2023-03-11T12:49:14.285+0000] {logging_mixin.py:137} INFO - [2023-03-11T12:49:14.285+0000] {dagbag.py:538} INFO - Filling up the DagBag from /home/airflow/.local/lib/python3.7/site-packages/airflow/example_dags/example_skip_dag.py
[2023-03-11T12:49:14.299+0000] {processor.py:753} INFO - DAG(s) dict_keys(['example_skip_dag']) retrieved from /home/airflow/.local/lib/python3.7/site-packages/airflow/example_dags/example_skip_dag.py
[2023-03-11T12:49:14.323+0000] {logging_mixin.py:137} INFO - [2023-03-11T12:49:14.323+0000] {dag.py:2690} INFO - Sync 1 DAGs
[2023-03-11T12:49:14.349+0000] {logging_mixin.py:137} INFO - [2023-03-11T12:49:14.349+0000] {dag.py:3441} INFO - Setting next_dagrun for example_skip_dag to 2023-03-10T12:49:14.349089+00:00, run_after=2023-03-11T12:49:14.349089+00:00
[2023-03-11T12:49:14.367+0000] {processor.py:175} INFO - Processing /home/airflow/.local/lib/python3.7/site-packages/airflow/example_dags/example_skip_dag.py took 0.086 seconds
[2023-03-11T12:49:44.540+0000] {processor.py:153} INFO - Started process (PID=3577) to work on /home/airflow/.local/lib/python3.7/site-packages/airflow/example_dags/example_skip_dag.py
[2023-03-11T12:49:44.541+0000] {processor.py:743} INFO - Processing file /home/airflow/.local/lib/python3.7/site-packages/airflow/example_dags/example_skip_dag.py for tasks to queue
[2023-03-11T12:49:44.542+0000] {logging_mixin.py:137} INFO - [2023-03-11T12:49:44.542+0000] {dagbag.py:538} INFO - Filling up the DagBag from /home/airflow/.local/lib/python3.7/site-packages/airflow/example_dags/example_skip_dag.py
[2023-03-11T12:49:44.557+0000] {processor.py:753} INFO - DAG(s) dict_keys(['example_skip_dag']) retrieved from /home/airflow/.local/lib/python3.7/site-packages/airflow/example_dags/example_skip_dag.py
[2023-03-11T12:49:44.597+0000] {logging_mixin.py:137} INFO - [2023-03-11T12:49:44.596+0000] {dag.py:2690} INFO - Sync 1 DAGs
[2023-03-11T12:49:44.637+0000] {logging_mixin.py:137} INFO - [2023-03-11T12:49:44.637+0000] {dag.py:3441} INFO - Setting next_dagrun for example_skip_dag to 2023-03-10T12:49:44.636967+00:00, run_after=2023-03-11T12:49:44.636967+00:00
[2023-03-11T12:49:44.670+0000] {processor.py:175} INFO - Processing /home/airflow/.local/lib/python3.7/site-packages/airflow/example_dags/example_skip_dag.py took 0.132 seconds
