[2023-03-11T12:31:17.957+0000] {processor.py:153} INFO - Started process (PID=98) to work on /home/airflow/.local/lib/python3.7/site-packages/airflow/example_dags/example_external_task_marker_dag.py
[2023-03-11T12:31:17.958+0000] {processor.py:743} INFO - Processing file /home/airflow/.local/lib/python3.7/site-packages/airflow/example_dags/example_external_task_marker_dag.py for tasks to queue
[2023-03-11T12:31:17.959+0000] {logging_mixin.py:137} INFO - [2023-03-11T12:31:17.959+0000] {dagbag.py:538} INFO - Filling up the DagBag from /home/airflow/.local/lib/python3.7/site-packages/airflow/example_dags/example_external_task_marker_dag.py
[2023-03-11T12:31:17.984+0000] {processor.py:753} INFO - DAG(s) dict_keys(['example_external_task_marker_child', 'example_external_task_marker_parent']) retrieved from /home/airflow/.local/lib/python3.7/site-packages/airflow/example_dags/example_external_task_marker_dag.py
[2023-03-11T12:31:18.014+0000] {logging_mixin.py:137} INFO - [2023-03-11T12:31:18.013+0000] {dag.py:2690} INFO - Sync 2 DAGs
[2023-03-11T12:31:18.066+0000] {logging_mixin.py:137} INFO - [2023-03-11T12:31:18.066+0000] {dag.py:3441} INFO - Setting next_dagrun for example_external_task_marker_child to None, run_after=None
[2023-03-11T12:31:18.073+0000] {logging_mixin.py:137} INFO - [2023-03-11T12:31:18.073+0000] {dag.py:3441} INFO - Setting next_dagrun for example_external_task_marker_parent to None, run_after=None
[2023-03-11T12:31:18.108+0000] {processor.py:175} INFO - Processing /home/airflow/.local/lib/python3.7/site-packages/airflow/example_dags/example_external_task_marker_dag.py took 0.155 seconds
[2023-03-11T12:31:48.482+0000] {processor.py:153} INFO - Started process (PID=185) to work on /home/airflow/.local/lib/python3.7/site-packages/airflow/example_dags/example_external_task_marker_dag.py
[2023-03-11T12:31:48.483+0000] {processor.py:743} INFO - Processing file /home/airflow/.local/lib/python3.7/site-packages/airflow/example_dags/example_external_task_marker_dag.py for tasks to queue
[2023-03-11T12:31:48.484+0000] {logging_mixin.py:137} INFO - [2023-03-11T12:31:48.484+0000] {dagbag.py:538} INFO - Filling up the DagBag from /home/airflow/.local/lib/python3.7/site-packages/airflow/example_dags/example_external_task_marker_dag.py
[2023-03-11T12:31:48.496+0000] {processor.py:753} INFO - DAG(s) dict_keys(['example_external_task_marker_child', 'example_external_task_marker_parent']) retrieved from /home/airflow/.local/lib/python3.7/site-packages/airflow/example_dags/example_external_task_marker_dag.py
[2023-03-11T12:31:48.588+0000] {logging_mixin.py:137} INFO - [2023-03-11T12:31:48.588+0000] {dag.py:2690} INFO - Sync 2 DAGs
[2023-03-11T12:31:48.619+0000] {logging_mixin.py:137} INFO - [2023-03-11T12:31:48.619+0000] {dag.py:3441} INFO - Setting next_dagrun for example_external_task_marker_child to None, run_after=None
[2023-03-11T12:31:48.623+0000] {logging_mixin.py:137} INFO - [2023-03-11T12:31:48.623+0000] {dag.py:3441} INFO - Setting next_dagrun for example_external_task_marker_parent to None, run_after=None
[2023-03-11T12:31:48.643+0000] {processor.py:175} INFO - Processing /home/airflow/.local/lib/python3.7/site-packages/airflow/example_dags/example_external_task_marker_dag.py took 0.163 seconds
[2023-03-11T12:32:19.464+0000] {processor.py:153} INFO - Started process (PID=272) to work on /home/airflow/.local/lib/python3.7/site-packages/airflow/example_dags/example_external_task_marker_dag.py
[2023-03-11T12:32:19.465+0000] {processor.py:743} INFO - Processing file /home/airflow/.local/lib/python3.7/site-packages/airflow/example_dags/example_external_task_marker_dag.py for tasks to queue
[2023-03-11T12:32:19.466+0000] {logging_mixin.py:137} INFO - [2023-03-11T12:32:19.465+0000] {dagbag.py:538} INFO - Filling up the DagBag from /home/airflow/.local/lib/python3.7/site-packages/airflow/example_dags/example_external_task_marker_dag.py
[2023-03-11T12:32:19.480+0000] {processor.py:753} INFO - DAG(s) dict_keys(['example_external_task_marker_parent', 'example_external_task_marker_child']) retrieved from /home/airflow/.local/lib/python3.7/site-packages/airflow/example_dags/example_external_task_marker_dag.py
[2023-03-11T12:32:19.510+0000] {logging_mixin.py:137} INFO - [2023-03-11T12:32:19.510+0000] {dag.py:2690} INFO - Sync 2 DAGs
[2023-03-11T12:32:19.539+0000] {logging_mixin.py:137} INFO - [2023-03-11T12:32:19.539+0000] {dag.py:3441} INFO - Setting next_dagrun for example_external_task_marker_child to None, run_after=None
[2023-03-11T12:32:19.543+0000] {logging_mixin.py:137} INFO - [2023-03-11T12:32:19.542+0000] {dag.py:3441} INFO - Setting next_dagrun for example_external_task_marker_parent to None, run_after=None
[2023-03-11T12:32:19.563+0000] {processor.py:175} INFO - Processing /home/airflow/.local/lib/python3.7/site-packages/airflow/example_dags/example_external_task_marker_dag.py took 0.101 seconds
[2023-03-11T12:32:50.484+0000] {processor.py:153} INFO - Started process (PID=383) to work on /home/airflow/.local/lib/python3.7/site-packages/airflow/example_dags/example_external_task_marker_dag.py
[2023-03-11T12:32:50.485+0000] {processor.py:743} INFO - Processing file /home/airflow/.local/lib/python3.7/site-packages/airflow/example_dags/example_external_task_marker_dag.py for tasks to queue
[2023-03-11T12:32:50.485+0000] {logging_mixin.py:137} INFO - [2023-03-11T12:32:50.485+0000] {dagbag.py:538} INFO - Filling up the DagBag from /home/airflow/.local/lib/python3.7/site-packages/airflow/example_dags/example_external_task_marker_dag.py
[2023-03-11T12:32:50.499+0000] {processor.py:753} INFO - DAG(s) dict_keys(['example_external_task_marker_parent', 'example_external_task_marker_child']) retrieved from /home/airflow/.local/lib/python3.7/site-packages/airflow/example_dags/example_external_task_marker_dag.py
[2023-03-11T12:32:50.528+0000] {logging_mixin.py:137} INFO - [2023-03-11T12:32:50.527+0000] {dag.py:2690} INFO - Sync 2 DAGs
[2023-03-11T12:32:50.555+0000] {logging_mixin.py:137} INFO - [2023-03-11T12:32:50.555+0000] {dag.py:3441} INFO - Setting next_dagrun for example_external_task_marker_child to None, run_after=None
[2023-03-11T12:32:50.558+0000] {logging_mixin.py:137} INFO - [2023-03-11T12:32:50.558+0000] {dag.py:3441} INFO - Setting next_dagrun for example_external_task_marker_parent to None, run_after=None
[2023-03-11T12:32:50.581+0000] {processor.py:175} INFO - Processing /home/airflow/.local/lib/python3.7/site-packages/airflow/example_dags/example_external_task_marker_dag.py took 0.100 seconds
[2023-03-11T12:33:21.429+0000] {processor.py:153} INFO - Started process (PID=470) to work on /home/airflow/.local/lib/python3.7/site-packages/airflow/example_dags/example_external_task_marker_dag.py
[2023-03-11T12:33:21.430+0000] {processor.py:743} INFO - Processing file /home/airflow/.local/lib/python3.7/site-packages/airflow/example_dags/example_external_task_marker_dag.py for tasks to queue
[2023-03-11T12:33:21.430+0000] {logging_mixin.py:137} INFO - [2023-03-11T12:33:21.430+0000] {dagbag.py:538} INFO - Filling up the DagBag from /home/airflow/.local/lib/python3.7/site-packages/airflow/example_dags/example_external_task_marker_dag.py
[2023-03-11T12:33:21.446+0000] {processor.py:753} INFO - DAG(s) dict_keys(['example_external_task_marker_child', 'example_external_task_marker_parent']) retrieved from /home/airflow/.local/lib/python3.7/site-packages/airflow/example_dags/example_external_task_marker_dag.py
[2023-03-11T12:33:21.475+0000] {logging_mixin.py:137} INFO - [2023-03-11T12:33:21.475+0000] {dag.py:2690} INFO - Sync 2 DAGs
[2023-03-11T12:33:21.503+0000] {logging_mixin.py:137} INFO - [2023-03-11T12:33:21.503+0000] {dag.py:3441} INFO - Setting next_dagrun for example_external_task_marker_child to None, run_after=None
[2023-03-11T12:33:21.506+0000] {logging_mixin.py:137} INFO - [2023-03-11T12:33:21.506+0000] {dag.py:3441} INFO - Setting next_dagrun for example_external_task_marker_parent to None, run_after=None
[2023-03-11T12:33:21.525+0000] {processor.py:175} INFO - Processing /home/airflow/.local/lib/python3.7/site-packages/airflow/example_dags/example_external_task_marker_dag.py took 0.100 seconds
[2023-03-11T12:33:52.328+0000] {processor.py:153} INFO - Started process (PID=564) to work on /home/airflow/.local/lib/python3.7/site-packages/airflow/example_dags/example_external_task_marker_dag.py
[2023-03-11T12:33:52.329+0000] {processor.py:743} INFO - Processing file /home/airflow/.local/lib/python3.7/site-packages/airflow/example_dags/example_external_task_marker_dag.py for tasks to queue
[2023-03-11T12:33:52.330+0000] {logging_mixin.py:137} INFO - [2023-03-11T12:33:52.329+0000] {dagbag.py:538} INFO - Filling up the DagBag from /home/airflow/.local/lib/python3.7/site-packages/airflow/example_dags/example_external_task_marker_dag.py
[2023-03-11T12:33:52.346+0000] {processor.py:753} INFO - DAG(s) dict_keys(['example_external_task_marker_child', 'example_external_task_marker_parent']) retrieved from /home/airflow/.local/lib/python3.7/site-packages/airflow/example_dags/example_external_task_marker_dag.py
[2023-03-11T12:33:52.381+0000] {logging_mixin.py:137} INFO - [2023-03-11T12:33:52.380+0000] {dag.py:2690} INFO - Sync 2 DAGs
[2023-03-11T12:33:52.411+0000] {logging_mixin.py:137} INFO - [2023-03-11T12:33:52.411+0000] {dag.py:3441} INFO - Setting next_dagrun for example_external_task_marker_child to None, run_after=None
[2023-03-11T12:33:52.415+0000] {logging_mixin.py:137} INFO - [2023-03-11T12:33:52.415+0000] {dag.py:3441} INFO - Setting next_dagrun for example_external_task_marker_parent to None, run_after=None
[2023-03-11T12:33:52.432+0000] {processor.py:175} INFO - Processing /home/airflow/.local/lib/python3.7/site-packages/airflow/example_dags/example_external_task_marker_dag.py took 0.109 seconds
[2023-03-11T12:34:23.140+0000] {processor.py:153} INFO - Started process (PID=668) to work on /home/airflow/.local/lib/python3.7/site-packages/airflow/example_dags/example_external_task_marker_dag.py
[2023-03-11T12:34:23.141+0000] {processor.py:743} INFO - Processing file /home/airflow/.local/lib/python3.7/site-packages/airflow/example_dags/example_external_task_marker_dag.py for tasks to queue
[2023-03-11T12:34:23.142+0000] {logging_mixin.py:137} INFO - [2023-03-11T12:34:23.142+0000] {dagbag.py:538} INFO - Filling up the DagBag from /home/airflow/.local/lib/python3.7/site-packages/airflow/example_dags/example_external_task_marker_dag.py
[2023-03-11T12:34:23.154+0000] {processor.py:753} INFO - DAG(s) dict_keys(['example_external_task_marker_child', 'example_external_task_marker_parent']) retrieved from /home/airflow/.local/lib/python3.7/site-packages/airflow/example_dags/example_external_task_marker_dag.py
[2023-03-11T12:34:23.180+0000] {logging_mixin.py:137} INFO - [2023-03-11T12:34:23.179+0000] {dag.py:2690} INFO - Sync 2 DAGs
[2023-03-11T12:34:23.206+0000] {logging_mixin.py:137} INFO - [2023-03-11T12:34:23.206+0000] {dag.py:3441} INFO - Setting next_dagrun for example_external_task_marker_child to None, run_after=None
[2023-03-11T12:34:23.210+0000] {logging_mixin.py:137} INFO - [2023-03-11T12:34:23.210+0000] {dag.py:3441} INFO - Setting next_dagrun for example_external_task_marker_parent to None, run_after=None
[2023-03-11T12:34:23.226+0000] {processor.py:175} INFO - Processing /home/airflow/.local/lib/python3.7/site-packages/airflow/example_dags/example_external_task_marker_dag.py took 0.088 seconds
[2023-03-11T12:34:53.548+0000] {processor.py:153} INFO - Started process (PID=755) to work on /home/airflow/.local/lib/python3.7/site-packages/airflow/example_dags/example_external_task_marker_dag.py
[2023-03-11T12:34:53.549+0000] {processor.py:743} INFO - Processing file /home/airflow/.local/lib/python3.7/site-packages/airflow/example_dags/example_external_task_marker_dag.py for tasks to queue
[2023-03-11T12:34:53.550+0000] {logging_mixin.py:137} INFO - [2023-03-11T12:34:53.550+0000] {dagbag.py:538} INFO - Filling up the DagBag from /home/airflow/.local/lib/python3.7/site-packages/airflow/example_dags/example_external_task_marker_dag.py
[2023-03-11T12:34:53.564+0000] {processor.py:753} INFO - DAG(s) dict_keys(['example_external_task_marker_parent', 'example_external_task_marker_child']) retrieved from /home/airflow/.local/lib/python3.7/site-packages/airflow/example_dags/example_external_task_marker_dag.py
[2023-03-11T12:34:53.591+0000] {logging_mixin.py:137} INFO - [2023-03-11T12:34:53.591+0000] {dag.py:2690} INFO - Sync 2 DAGs
[2023-03-11T12:34:53.618+0000] {logging_mixin.py:137} INFO - [2023-03-11T12:34:53.618+0000] {dag.py:3441} INFO - Setting next_dagrun for example_external_task_marker_child to None, run_after=None
[2023-03-11T12:34:53.621+0000] {logging_mixin.py:137} INFO - [2023-03-11T12:34:53.621+0000] {dag.py:3441} INFO - Setting next_dagrun for example_external_task_marker_parent to None, run_after=None
[2023-03-11T12:34:53.639+0000] {processor.py:175} INFO - Processing /home/airflow/.local/lib/python3.7/site-packages/airflow/example_dags/example_external_task_marker_dag.py took 0.093 seconds
[2023-03-11T12:35:23.860+0000] {processor.py:153} INFO - Started process (PID=866) to work on /home/airflow/.local/lib/python3.7/site-packages/airflow/example_dags/example_external_task_marker_dag.py
[2023-03-11T12:35:23.861+0000] {processor.py:743} INFO - Processing file /home/airflow/.local/lib/python3.7/site-packages/airflow/example_dags/example_external_task_marker_dag.py for tasks to queue
[2023-03-11T12:35:23.862+0000] {logging_mixin.py:137} INFO - [2023-03-11T12:35:23.862+0000] {dagbag.py:538} INFO - Filling up the DagBag from /home/airflow/.local/lib/python3.7/site-packages/airflow/example_dags/example_external_task_marker_dag.py
[2023-03-11T12:35:23.875+0000] {processor.py:753} INFO - DAG(s) dict_keys(['example_external_task_marker_parent', 'example_external_task_marker_child']) retrieved from /home/airflow/.local/lib/python3.7/site-packages/airflow/example_dags/example_external_task_marker_dag.py
[2023-03-11T12:35:23.903+0000] {logging_mixin.py:137} INFO - [2023-03-11T12:35:23.903+0000] {dag.py:2690} INFO - Sync 2 DAGs
[2023-03-11T12:35:23.930+0000] {logging_mixin.py:137} INFO - [2023-03-11T12:35:23.930+0000] {dag.py:3441} INFO - Setting next_dagrun for example_external_task_marker_child to None, run_after=None
[2023-03-11T12:35:23.933+0000] {logging_mixin.py:137} INFO - [2023-03-11T12:35:23.933+0000] {dag.py:3441} INFO - Setting next_dagrun for example_external_task_marker_parent to None, run_after=None
[2023-03-11T12:35:23.949+0000] {processor.py:175} INFO - Processing /home/airflow/.local/lib/python3.7/site-packages/airflow/example_dags/example_external_task_marker_dag.py took 0.092 seconds
[2023-03-11T12:35:54.250+0000] {processor.py:153} INFO - Started process (PID=953) to work on /home/airflow/.local/lib/python3.7/site-packages/airflow/example_dags/example_external_task_marker_dag.py
[2023-03-11T12:35:54.251+0000] {processor.py:743} INFO - Processing file /home/airflow/.local/lib/python3.7/site-packages/airflow/example_dags/example_external_task_marker_dag.py for tasks to queue
[2023-03-11T12:35:54.251+0000] {logging_mixin.py:137} INFO - [2023-03-11T12:35:54.251+0000] {dagbag.py:538} INFO - Filling up the DagBag from /home/airflow/.local/lib/python3.7/site-packages/airflow/example_dags/example_external_task_marker_dag.py
[2023-03-11T12:35:54.264+0000] {processor.py:753} INFO - DAG(s) dict_keys(['example_external_task_marker_parent', 'example_external_task_marker_child']) retrieved from /home/airflow/.local/lib/python3.7/site-packages/airflow/example_dags/example_external_task_marker_dag.py
[2023-03-11T12:35:54.293+0000] {logging_mixin.py:137} INFO - [2023-03-11T12:35:54.292+0000] {dag.py:2690} INFO - Sync 2 DAGs
[2023-03-11T12:35:54.321+0000] {logging_mixin.py:137} INFO - [2023-03-11T12:35:54.321+0000] {dag.py:3441} INFO - Setting next_dagrun for example_external_task_marker_child to None, run_after=None
[2023-03-11T12:35:54.324+0000] {logging_mixin.py:137} INFO - [2023-03-11T12:35:54.324+0000] {dag.py:3441} INFO - Setting next_dagrun for example_external_task_marker_parent to None, run_after=None
[2023-03-11T12:35:54.341+0000] {processor.py:175} INFO - Processing /home/airflow/.local/lib/python3.7/site-packages/airflow/example_dags/example_external_task_marker_dag.py took 0.094 seconds
[2023-03-11T12:36:24.944+0000] {processor.py:153} INFO - Started process (PID=1040) to work on /home/airflow/.local/lib/python3.7/site-packages/airflow/example_dags/example_external_task_marker_dag.py
[2023-03-11T12:36:24.945+0000] {processor.py:743} INFO - Processing file /home/airflow/.local/lib/python3.7/site-packages/airflow/example_dags/example_external_task_marker_dag.py for tasks to queue
[2023-03-11T12:36:24.946+0000] {logging_mixin.py:137} INFO - [2023-03-11T12:36:24.946+0000] {dagbag.py:538} INFO - Filling up the DagBag from /home/airflow/.local/lib/python3.7/site-packages/airflow/example_dags/example_external_task_marker_dag.py
[2023-03-11T12:36:24.960+0000] {processor.py:753} INFO - DAG(s) dict_keys(['example_external_task_marker_child', 'example_external_task_marker_parent']) retrieved from /home/airflow/.local/lib/python3.7/site-packages/airflow/example_dags/example_external_task_marker_dag.py
[2023-03-11T12:36:24.988+0000] {logging_mixin.py:137} INFO - [2023-03-11T12:36:24.988+0000] {dag.py:2690} INFO - Sync 2 DAGs
[2023-03-11T12:36:25.014+0000] {logging_mixin.py:137} INFO - [2023-03-11T12:36:25.013+0000] {dag.py:3441} INFO - Setting next_dagrun for example_external_task_marker_child to None, run_after=None
[2023-03-11T12:36:25.017+0000] {logging_mixin.py:137} INFO - [2023-03-11T12:36:25.017+0000] {dag.py:3441} INFO - Setting next_dagrun for example_external_task_marker_parent to None, run_after=None
[2023-03-11T12:36:25.033+0000] {processor.py:175} INFO - Processing /home/airflow/.local/lib/python3.7/site-packages/airflow/example_dags/example_external_task_marker_dag.py took 0.093 seconds
[2023-03-11T12:36:55.581+0000] {processor.py:153} INFO - Started process (PID=1151) to work on /home/airflow/.local/lib/python3.7/site-packages/airflow/example_dags/example_external_task_marker_dag.py
[2023-03-11T12:36:55.582+0000] {processor.py:743} INFO - Processing file /home/airflow/.local/lib/python3.7/site-packages/airflow/example_dags/example_external_task_marker_dag.py for tasks to queue
[2023-03-11T12:36:55.582+0000] {logging_mixin.py:137} INFO - [2023-03-11T12:36:55.582+0000] {dagbag.py:538} INFO - Filling up the DagBag from /home/airflow/.local/lib/python3.7/site-packages/airflow/example_dags/example_external_task_marker_dag.py
[2023-03-11T12:36:55.595+0000] {processor.py:753} INFO - DAG(s) dict_keys(['example_external_task_marker_parent', 'example_external_task_marker_child']) retrieved from /home/airflow/.local/lib/python3.7/site-packages/airflow/example_dags/example_external_task_marker_dag.py
[2023-03-11T12:36:55.622+0000] {logging_mixin.py:137} INFO - [2023-03-11T12:36:55.622+0000] {dag.py:2690} INFO - Sync 2 DAGs
[2023-03-11T12:36:55.647+0000] {logging_mixin.py:137} INFO - [2023-03-11T12:36:55.646+0000] {dag.py:3441} INFO - Setting next_dagrun for example_external_task_marker_child to None, run_after=None
[2023-03-11T12:36:55.650+0000] {logging_mixin.py:137} INFO - [2023-03-11T12:36:55.650+0000] {dag.py:3441} INFO - Setting next_dagrun for example_external_task_marker_parent to None, run_after=None
[2023-03-11T12:36:55.667+0000] {processor.py:175} INFO - Processing /home/airflow/.local/lib/python3.7/site-packages/airflow/example_dags/example_external_task_marker_dag.py took 0.089 seconds
[2023-03-11T12:37:25.995+0000] {processor.py:153} INFO - Started process (PID=1238) to work on /home/airflow/.local/lib/python3.7/site-packages/airflow/example_dags/example_external_task_marker_dag.py
[2023-03-11T12:37:25.996+0000] {processor.py:743} INFO - Processing file /home/airflow/.local/lib/python3.7/site-packages/airflow/example_dags/example_external_task_marker_dag.py for tasks to queue
[2023-03-11T12:37:25.996+0000] {logging_mixin.py:137} INFO - [2023-03-11T12:37:25.996+0000] {dagbag.py:538} INFO - Filling up the DagBag from /home/airflow/.local/lib/python3.7/site-packages/airflow/example_dags/example_external_task_marker_dag.py
[2023-03-11T12:37:26.011+0000] {processor.py:753} INFO - DAG(s) dict_keys(['example_external_task_marker_parent', 'example_external_task_marker_child']) retrieved from /home/airflow/.local/lib/python3.7/site-packages/airflow/example_dags/example_external_task_marker_dag.py
[2023-03-11T12:37:26.049+0000] {logging_mixin.py:137} INFO - [2023-03-11T12:37:26.049+0000] {dag.py:2690} INFO - Sync 2 DAGs
[2023-03-11T12:37:26.079+0000] {logging_mixin.py:137} INFO - [2023-03-11T12:37:26.079+0000] {dag.py:3441} INFO - Setting next_dagrun for example_external_task_marker_child to None, run_after=None
[2023-03-11T12:37:26.083+0000] {logging_mixin.py:137} INFO - [2023-03-11T12:37:26.083+0000] {dag.py:3441} INFO - Setting next_dagrun for example_external_task_marker_parent to None, run_after=None
[2023-03-11T12:37:26.105+0000] {processor.py:175} INFO - Processing /home/airflow/.local/lib/python3.7/site-packages/airflow/example_dags/example_external_task_marker_dag.py took 0.113 seconds
[2023-03-11T12:37:56.996+0000] {processor.py:153} INFO - Started process (PID=1334) to work on /home/airflow/.local/lib/python3.7/site-packages/airflow/example_dags/example_external_task_marker_dag.py
[2023-03-11T12:37:56.997+0000] {processor.py:743} INFO - Processing file /home/airflow/.local/lib/python3.7/site-packages/airflow/example_dags/example_external_task_marker_dag.py for tasks to queue
[2023-03-11T12:37:56.997+0000] {logging_mixin.py:137} INFO - [2023-03-11T12:37:56.997+0000] {dagbag.py:538} INFO - Filling up the DagBag from /home/airflow/.local/lib/python3.7/site-packages/airflow/example_dags/example_external_task_marker_dag.py
[2023-03-11T12:37:57.010+0000] {processor.py:753} INFO - DAG(s) dict_keys(['example_external_task_marker_parent', 'example_external_task_marker_child']) retrieved from /home/airflow/.local/lib/python3.7/site-packages/airflow/example_dags/example_external_task_marker_dag.py
[2023-03-11T12:37:57.041+0000] {logging_mixin.py:137} INFO - [2023-03-11T12:37:57.040+0000] {dag.py:2690} INFO - Sync 2 DAGs
[2023-03-11T12:37:57.071+0000] {logging_mixin.py:137} INFO - [2023-03-11T12:37:57.071+0000] {dag.py:3441} INFO - Setting next_dagrun for example_external_task_marker_child to None, run_after=None
[2023-03-11T12:37:57.075+0000] {logging_mixin.py:137} INFO - [2023-03-11T12:37:57.075+0000] {dag.py:3441} INFO - Setting next_dagrun for example_external_task_marker_parent to None, run_after=None
[2023-03-11T12:37:57.093+0000] {processor.py:175} INFO - Processing /home/airflow/.local/lib/python3.7/site-packages/airflow/example_dags/example_external_task_marker_dag.py took 0.100 seconds
[2023-03-11T12:38:27.383+0000] {processor.py:153} INFO - Started process (PID=1435) to work on /home/airflow/.local/lib/python3.7/site-packages/airflow/example_dags/example_external_task_marker_dag.py
[2023-03-11T12:38:27.384+0000] {processor.py:743} INFO - Processing file /home/airflow/.local/lib/python3.7/site-packages/airflow/example_dags/example_external_task_marker_dag.py for tasks to queue
[2023-03-11T12:38:27.385+0000] {logging_mixin.py:137} INFO - [2023-03-11T12:38:27.385+0000] {dagbag.py:538} INFO - Filling up the DagBag from /home/airflow/.local/lib/python3.7/site-packages/airflow/example_dags/example_external_task_marker_dag.py
[2023-03-11T12:38:27.398+0000] {processor.py:753} INFO - DAG(s) dict_keys(['example_external_task_marker_parent', 'example_external_task_marker_child']) retrieved from /home/airflow/.local/lib/python3.7/site-packages/airflow/example_dags/example_external_task_marker_dag.py
[2023-03-11T12:38:27.426+0000] {logging_mixin.py:137} INFO - [2023-03-11T12:38:27.425+0000] {dag.py:2690} INFO - Sync 2 DAGs
[2023-03-11T12:38:27.451+0000] {logging_mixin.py:137} INFO - [2023-03-11T12:38:27.451+0000] {dag.py:3441} INFO - Setting next_dagrun for example_external_task_marker_child to None, run_after=None
[2023-03-11T12:38:27.454+0000] {logging_mixin.py:137} INFO - [2023-03-11T12:38:27.454+0000] {dag.py:3441} INFO - Setting next_dagrun for example_external_task_marker_parent to None, run_after=None
[2023-03-11T12:38:27.471+0000] {processor.py:175} INFO - Processing /home/airflow/.local/lib/python3.7/site-packages/airflow/example_dags/example_external_task_marker_dag.py took 0.092 seconds
[2023-03-11T12:38:58.556+0000] {processor.py:153} INFO - Started process (PID=1522) to work on /home/airflow/.local/lib/python3.7/site-packages/airflow/example_dags/example_external_task_marker_dag.py
[2023-03-11T12:38:58.558+0000] {processor.py:743} INFO - Processing file /home/airflow/.local/lib/python3.7/site-packages/airflow/example_dags/example_external_task_marker_dag.py for tasks to queue
[2023-03-11T12:38:58.559+0000] {logging_mixin.py:137} INFO - [2023-03-11T12:38:58.559+0000] {dagbag.py:538} INFO - Filling up the DagBag from /home/airflow/.local/lib/python3.7/site-packages/airflow/example_dags/example_external_task_marker_dag.py
[2023-03-11T12:38:58.578+0000] {processor.py:753} INFO - DAG(s) dict_keys(['example_external_task_marker_child', 'example_external_task_marker_parent']) retrieved from /home/airflow/.local/lib/python3.7/site-packages/airflow/example_dags/example_external_task_marker_dag.py
[2023-03-11T12:38:58.629+0000] {logging_mixin.py:137} INFO - [2023-03-11T12:38:58.629+0000] {dag.py:2690} INFO - Sync 2 DAGs
[2023-03-11T12:38:58.676+0000] {logging_mixin.py:137} INFO - [2023-03-11T12:38:58.676+0000] {dag.py:3441} INFO - Setting next_dagrun for example_external_task_marker_child to None, run_after=None
[2023-03-11T12:38:58.682+0000] {logging_mixin.py:137} INFO - [2023-03-11T12:38:58.681+0000] {dag.py:3441} INFO - Setting next_dagrun for example_external_task_marker_parent to None, run_after=None
[2023-03-11T12:38:58.714+0000] {processor.py:175} INFO - Processing /home/airflow/.local/lib/python3.7/site-packages/airflow/example_dags/example_external_task_marker_dag.py took 0.163 seconds
[2023-03-11T12:39:29.006+0000] {processor.py:153} INFO - Started process (PID=1633) to work on /home/airflow/.local/lib/python3.7/site-packages/airflow/example_dags/example_external_task_marker_dag.py
[2023-03-11T12:39:29.007+0000] {processor.py:743} INFO - Processing file /home/airflow/.local/lib/python3.7/site-packages/airflow/example_dags/example_external_task_marker_dag.py for tasks to queue
[2023-03-11T12:39:29.008+0000] {logging_mixin.py:137} INFO - [2023-03-11T12:39:29.008+0000] {dagbag.py:538} INFO - Filling up the DagBag from /home/airflow/.local/lib/python3.7/site-packages/airflow/example_dags/example_external_task_marker_dag.py
[2023-03-11T12:39:29.022+0000] {processor.py:753} INFO - DAG(s) dict_keys(['example_external_task_marker_parent', 'example_external_task_marker_child']) retrieved from /home/airflow/.local/lib/python3.7/site-packages/airflow/example_dags/example_external_task_marker_dag.py
[2023-03-11T12:39:29.059+0000] {logging_mixin.py:137} INFO - [2023-03-11T12:39:29.059+0000] {dag.py:2690} INFO - Sync 2 DAGs
[2023-03-11T12:39:29.089+0000] {logging_mixin.py:137} INFO - [2023-03-11T12:39:29.089+0000] {dag.py:3441} INFO - Setting next_dagrun for example_external_task_marker_child to None, run_after=None
[2023-03-11T12:39:29.093+0000] {logging_mixin.py:137} INFO - [2023-03-11T12:39:29.093+0000] {dag.py:3441} INFO - Setting next_dagrun for example_external_task_marker_parent to None, run_after=None
[2023-03-11T12:39:29.115+0000] {processor.py:175} INFO - Processing /home/airflow/.local/lib/python3.7/site-packages/airflow/example_dags/example_external_task_marker_dag.py took 0.112 seconds
[2023-03-11T12:39:59.247+0000] {processor.py:153} INFO - Started process (PID=1720) to work on /home/airflow/.local/lib/python3.7/site-packages/airflow/example_dags/example_external_task_marker_dag.py
[2023-03-11T12:39:59.248+0000] {processor.py:743} INFO - Processing file /home/airflow/.local/lib/python3.7/site-packages/airflow/example_dags/example_external_task_marker_dag.py for tasks to queue
[2023-03-11T12:39:59.248+0000] {logging_mixin.py:137} INFO - [2023-03-11T12:39:59.248+0000] {dagbag.py:538} INFO - Filling up the DagBag from /home/airflow/.local/lib/python3.7/site-packages/airflow/example_dags/example_external_task_marker_dag.py
[2023-03-11T12:39:59.262+0000] {processor.py:753} INFO - DAG(s) dict_keys(['example_external_task_marker_child', 'example_external_task_marker_parent']) retrieved from /home/airflow/.local/lib/python3.7/site-packages/airflow/example_dags/example_external_task_marker_dag.py
[2023-03-11T12:39:59.289+0000] {logging_mixin.py:137} INFO - [2023-03-11T12:39:59.289+0000] {dag.py:2690} INFO - Sync 2 DAGs
[2023-03-11T12:39:59.320+0000] {logging_mixin.py:137} INFO - [2023-03-11T12:39:59.319+0000] {dag.py:3441} INFO - Setting next_dagrun for example_external_task_marker_child to None, run_after=None
[2023-03-11T12:39:59.323+0000] {logging_mixin.py:137} INFO - [2023-03-11T12:39:59.323+0000] {dag.py:3441} INFO - Setting next_dagrun for example_external_task_marker_parent to None, run_after=None
[2023-03-11T12:39:59.340+0000] {processor.py:175} INFO - Processing /home/airflow/.local/lib/python3.7/site-packages/airflow/example_dags/example_external_task_marker_dag.py took 0.096 seconds
[2023-03-11T12:40:30.208+0000] {processor.py:153} INFO - Started process (PID=1807) to work on /home/airflow/.local/lib/python3.7/site-packages/airflow/example_dags/example_external_task_marker_dag.py
[2023-03-11T12:40:30.210+0000] {processor.py:743} INFO - Processing file /home/airflow/.local/lib/python3.7/site-packages/airflow/example_dags/example_external_task_marker_dag.py for tasks to queue
[2023-03-11T12:40:30.211+0000] {logging_mixin.py:137} INFO - [2023-03-11T12:40:30.210+0000] {dagbag.py:538} INFO - Filling up the DagBag from /home/airflow/.local/lib/python3.7/site-packages/airflow/example_dags/example_external_task_marker_dag.py
[2023-03-11T12:40:30.227+0000] {processor.py:753} INFO - DAG(s) dict_keys(['example_external_task_marker_parent', 'example_external_task_marker_child']) retrieved from /home/airflow/.local/lib/python3.7/site-packages/airflow/example_dags/example_external_task_marker_dag.py
[2023-03-11T12:40:30.259+0000] {logging_mixin.py:137} INFO - [2023-03-11T12:40:30.259+0000] {dag.py:2690} INFO - Sync 2 DAGs
[2023-03-11T12:40:30.290+0000] {logging_mixin.py:137} INFO - [2023-03-11T12:40:30.290+0000] {dag.py:3441} INFO - Setting next_dagrun for example_external_task_marker_child to None, run_after=None
[2023-03-11T12:40:30.295+0000] {logging_mixin.py:137} INFO - [2023-03-11T12:40:30.295+0000] {dag.py:3441} INFO - Setting next_dagrun for example_external_task_marker_parent to None, run_after=None
[2023-03-11T12:40:30.317+0000] {processor.py:175} INFO - Processing /home/airflow/.local/lib/python3.7/site-packages/airflow/example_dags/example_external_task_marker_dag.py took 0.114 seconds
[2023-03-11T12:41:01.247+0000] {processor.py:153} INFO - Started process (PID=1918) to work on /home/airflow/.local/lib/python3.7/site-packages/airflow/example_dags/example_external_task_marker_dag.py
[2023-03-11T12:41:01.248+0000] {processor.py:743} INFO - Processing file /home/airflow/.local/lib/python3.7/site-packages/airflow/example_dags/example_external_task_marker_dag.py for tasks to queue
[2023-03-11T12:41:01.248+0000] {logging_mixin.py:137} INFO - [2023-03-11T12:41:01.248+0000] {dagbag.py:538} INFO - Filling up the DagBag from /home/airflow/.local/lib/python3.7/site-packages/airflow/example_dags/example_external_task_marker_dag.py
[2023-03-11T12:41:01.261+0000] {processor.py:753} INFO - DAG(s) dict_keys(['example_external_task_marker_child', 'example_external_task_marker_parent']) retrieved from /home/airflow/.local/lib/python3.7/site-packages/airflow/example_dags/example_external_task_marker_dag.py
[2023-03-11T12:41:01.289+0000] {logging_mixin.py:137} INFO - [2023-03-11T12:41:01.289+0000] {dag.py:2690} INFO - Sync 2 DAGs
[2023-03-11T12:41:01.318+0000] {logging_mixin.py:137} INFO - [2023-03-11T12:41:01.317+0000] {dag.py:3441} INFO - Setting next_dagrun for example_external_task_marker_child to None, run_after=None
[2023-03-11T12:41:01.322+0000] {logging_mixin.py:137} INFO - [2023-03-11T12:41:01.322+0000] {dag.py:3441} INFO - Setting next_dagrun for example_external_task_marker_parent to None, run_after=None
[2023-03-11T12:41:01.341+0000] {processor.py:175} INFO - Processing /home/airflow/.local/lib/python3.7/site-packages/airflow/example_dags/example_external_task_marker_dag.py took 0.097 seconds
[2023-03-11T12:41:31.818+0000] {processor.py:153} INFO - Started process (PID=2005) to work on /home/airflow/.local/lib/python3.7/site-packages/airflow/example_dags/example_external_task_marker_dag.py
[2023-03-11T12:41:31.849+0000] {processor.py:743} INFO - Processing file /home/airflow/.local/lib/python3.7/site-packages/airflow/example_dags/example_external_task_marker_dag.py for tasks to queue
[2023-03-11T12:41:31.850+0000] {logging_mixin.py:137} INFO - [2023-03-11T12:41:31.849+0000] {dagbag.py:538} INFO - Filling up the DagBag from /home/airflow/.local/lib/python3.7/site-packages/airflow/example_dags/example_external_task_marker_dag.py
[2023-03-11T12:41:31.865+0000] {processor.py:753} INFO - DAG(s) dict_keys(['example_external_task_marker_parent', 'example_external_task_marker_child']) retrieved from /home/airflow/.local/lib/python3.7/site-packages/airflow/example_dags/example_external_task_marker_dag.py
[2023-03-11T12:41:31.894+0000] {logging_mixin.py:137} INFO - [2023-03-11T12:41:31.894+0000] {dag.py:2690} INFO - Sync 2 DAGs
[2023-03-11T12:41:31.920+0000] {logging_mixin.py:137} INFO - [2023-03-11T12:41:31.920+0000] {dag.py:3441} INFO - Setting next_dagrun for example_external_task_marker_child to None, run_after=None
[2023-03-11T12:41:31.923+0000] {logging_mixin.py:137} INFO - [2023-03-11T12:41:31.923+0000] {dag.py:3441} INFO - Setting next_dagrun for example_external_task_marker_parent to None, run_after=None
[2023-03-11T12:41:31.944+0000] {processor.py:175} INFO - Processing /home/airflow/.local/lib/python3.7/site-packages/airflow/example_dags/example_external_task_marker_dag.py took 0.129 seconds
[2023-03-11T12:42:02.575+0000] {processor.py:153} INFO - Started process (PID=2101) to work on /home/airflow/.local/lib/python3.7/site-packages/airflow/example_dags/example_external_task_marker_dag.py
[2023-03-11T12:42:02.576+0000] {processor.py:743} INFO - Processing file /home/airflow/.local/lib/python3.7/site-packages/airflow/example_dags/example_external_task_marker_dag.py for tasks to queue
[2023-03-11T12:42:02.577+0000] {logging_mixin.py:137} INFO - [2023-03-11T12:42:02.577+0000] {dagbag.py:538} INFO - Filling up the DagBag from /home/airflow/.local/lib/python3.7/site-packages/airflow/example_dags/example_external_task_marker_dag.py
[2023-03-11T12:42:02.594+0000] {processor.py:753} INFO - DAG(s) dict_keys(['example_external_task_marker_child', 'example_external_task_marker_parent']) retrieved from /home/airflow/.local/lib/python3.7/site-packages/airflow/example_dags/example_external_task_marker_dag.py
[2023-03-11T12:42:02.680+0000] {logging_mixin.py:137} INFO - [2023-03-11T12:42:02.680+0000] {dag.py:2690} INFO - Sync 2 DAGs
[2023-03-11T12:42:02.761+0000] {logging_mixin.py:137} INFO - [2023-03-11T12:42:02.761+0000] {dag.py:3441} INFO - Setting next_dagrun for example_external_task_marker_child to None, run_after=None
[2023-03-11T12:42:02.766+0000] {logging_mixin.py:137} INFO - [2023-03-11T12:42:02.766+0000] {dag.py:3441} INFO - Setting next_dagrun for example_external_task_marker_parent to None, run_after=None
[2023-03-11T12:42:02.790+0000] {processor.py:175} INFO - Processing /home/airflow/.local/lib/python3.7/site-packages/airflow/example_dags/example_external_task_marker_dag.py took 0.218 seconds
[2023-03-11T12:42:33.265+0000] {processor.py:153} INFO - Started process (PID=2203) to work on /home/airflow/.local/lib/python3.7/site-packages/airflow/example_dags/example_external_task_marker_dag.py
[2023-03-11T12:42:33.266+0000] {processor.py:743} INFO - Processing file /home/airflow/.local/lib/python3.7/site-packages/airflow/example_dags/example_external_task_marker_dag.py for tasks to queue
[2023-03-11T12:42:33.266+0000] {logging_mixin.py:137} INFO - [2023-03-11T12:42:33.266+0000] {dagbag.py:538} INFO - Filling up the DagBag from /home/airflow/.local/lib/python3.7/site-packages/airflow/example_dags/example_external_task_marker_dag.py
[2023-03-11T12:42:33.280+0000] {processor.py:753} INFO - DAG(s) dict_keys(['example_external_task_marker_child', 'example_external_task_marker_parent']) retrieved from /home/airflow/.local/lib/python3.7/site-packages/airflow/example_dags/example_external_task_marker_dag.py
[2023-03-11T12:42:33.312+0000] {logging_mixin.py:137} INFO - [2023-03-11T12:42:33.312+0000] {dag.py:2690} INFO - Sync 2 DAGs
[2023-03-11T12:42:33.342+0000] {logging_mixin.py:137} INFO - [2023-03-11T12:42:33.342+0000] {dag.py:3441} INFO - Setting next_dagrun for example_external_task_marker_child to None, run_after=None
[2023-03-11T12:42:33.346+0000] {logging_mixin.py:137} INFO - [2023-03-11T12:42:33.346+0000] {dag.py:3441} INFO - Setting next_dagrun for example_external_task_marker_parent to None, run_after=None
[2023-03-11T12:42:33.361+0000] {processor.py:175} INFO - Processing /home/airflow/.local/lib/python3.7/site-packages/airflow/example_dags/example_external_task_marker_dag.py took 0.100 seconds
[2023-03-11T12:43:03.973+0000] {processor.py:153} INFO - Started process (PID=2290) to work on /home/airflow/.local/lib/python3.7/site-packages/airflow/example_dags/example_external_task_marker_dag.py
[2023-03-11T12:43:03.974+0000] {processor.py:743} INFO - Processing file /home/airflow/.local/lib/python3.7/site-packages/airflow/example_dags/example_external_task_marker_dag.py for tasks to queue
[2023-03-11T12:43:03.975+0000] {logging_mixin.py:137} INFO - [2023-03-11T12:43:03.975+0000] {dagbag.py:538} INFO - Filling up the DagBag from /home/airflow/.local/lib/python3.7/site-packages/airflow/example_dags/example_external_task_marker_dag.py
[2023-03-11T12:43:03.990+0000] {processor.py:753} INFO - DAG(s) dict_keys(['example_external_task_marker_parent', 'example_external_task_marker_child']) retrieved from /home/airflow/.local/lib/python3.7/site-packages/airflow/example_dags/example_external_task_marker_dag.py
[2023-03-11T12:43:04.021+0000] {logging_mixin.py:137} INFO - [2023-03-11T12:43:04.021+0000] {dag.py:2690} INFO - Sync 2 DAGs
[2023-03-11T12:43:04.046+0000] {logging_mixin.py:137} INFO - [2023-03-11T12:43:04.046+0000] {dag.py:3441} INFO - Setting next_dagrun for example_external_task_marker_child to None, run_after=None
[2023-03-11T12:43:04.049+0000] {logging_mixin.py:137} INFO - [2023-03-11T12:43:04.049+0000] {dag.py:3441} INFO - Setting next_dagrun for example_external_task_marker_parent to None, run_after=None
[2023-03-11T12:43:04.065+0000] {processor.py:175} INFO - Processing /home/airflow/.local/lib/python3.7/site-packages/airflow/example_dags/example_external_task_marker_dag.py took 0.095 seconds
[2023-03-11T12:43:34.629+0000] {processor.py:153} INFO - Started process (PID=2401) to work on /home/airflow/.local/lib/python3.7/site-packages/airflow/example_dags/example_external_task_marker_dag.py
[2023-03-11T12:43:34.630+0000] {processor.py:743} INFO - Processing file /home/airflow/.local/lib/python3.7/site-packages/airflow/example_dags/example_external_task_marker_dag.py for tasks to queue
[2023-03-11T12:43:34.631+0000] {logging_mixin.py:137} INFO - [2023-03-11T12:43:34.630+0000] {dagbag.py:538} INFO - Filling up the DagBag from /home/airflow/.local/lib/python3.7/site-packages/airflow/example_dags/example_external_task_marker_dag.py
[2023-03-11T12:43:34.644+0000] {processor.py:753} INFO - DAG(s) dict_keys(['example_external_task_marker_parent', 'example_external_task_marker_child']) retrieved from /home/airflow/.local/lib/python3.7/site-packages/airflow/example_dags/example_external_task_marker_dag.py
[2023-03-11T12:43:34.674+0000] {logging_mixin.py:137} INFO - [2023-03-11T12:43:34.674+0000] {dag.py:2690} INFO - Sync 2 DAGs
[2023-03-11T12:43:34.710+0000] {logging_mixin.py:137} INFO - [2023-03-11T12:43:34.710+0000] {dag.py:3441} INFO - Setting next_dagrun for example_external_task_marker_child to None, run_after=None
[2023-03-11T12:43:34.715+0000] {logging_mixin.py:137} INFO - [2023-03-11T12:43:34.715+0000] {dag.py:3441} INFO - Setting next_dagrun for example_external_task_marker_parent to None, run_after=None
[2023-03-11T12:43:34.773+0000] {processor.py:175} INFO - Processing /home/airflow/.local/lib/python3.7/site-packages/airflow/example_dags/example_external_task_marker_dag.py took 0.147 seconds
[2023-03-11T12:44:05.079+0000] {processor.py:153} INFO - Started process (PID=2488) to work on /home/airflow/.local/lib/python3.7/site-packages/airflow/example_dags/example_external_task_marker_dag.py
[2023-03-11T12:44:05.080+0000] {processor.py:743} INFO - Processing file /home/airflow/.local/lib/python3.7/site-packages/airflow/example_dags/example_external_task_marker_dag.py for tasks to queue
[2023-03-11T12:44:05.080+0000] {logging_mixin.py:137} INFO - [2023-03-11T12:44:05.080+0000] {dagbag.py:538} INFO - Filling up the DagBag from /home/airflow/.local/lib/python3.7/site-packages/airflow/example_dags/example_external_task_marker_dag.py
[2023-03-11T12:44:05.095+0000] {processor.py:753} INFO - DAG(s) dict_keys(['example_external_task_marker_child', 'example_external_task_marker_parent']) retrieved from /home/airflow/.local/lib/python3.7/site-packages/airflow/example_dags/example_external_task_marker_dag.py
[2023-03-11T12:44:05.123+0000] {logging_mixin.py:137} INFO - [2023-03-11T12:44:05.122+0000] {dag.py:2690} INFO - Sync 2 DAGs
[2023-03-11T12:44:05.149+0000] {logging_mixin.py:137} INFO - [2023-03-11T12:44:05.149+0000] {dag.py:3441} INFO - Setting next_dagrun for example_external_task_marker_child to None, run_after=None
[2023-03-11T12:44:05.153+0000] {logging_mixin.py:137} INFO - [2023-03-11T12:44:05.152+0000] {dag.py:3441} INFO - Setting next_dagrun for example_external_task_marker_parent to None, run_after=None
[2023-03-11T12:44:05.170+0000] {processor.py:175} INFO - Processing /home/airflow/.local/lib/python3.7/site-packages/airflow/example_dags/example_external_task_marker_dag.py took 0.094 seconds
[2023-03-11T12:44:35.835+0000] {processor.py:153} INFO - Started process (PID=2599) to work on /home/airflow/.local/lib/python3.7/site-packages/airflow/example_dags/example_external_task_marker_dag.py
[2023-03-11T12:44:35.836+0000] {processor.py:743} INFO - Processing file /home/airflow/.local/lib/python3.7/site-packages/airflow/example_dags/example_external_task_marker_dag.py for tasks to queue
[2023-03-11T12:44:35.836+0000] {logging_mixin.py:137} INFO - [2023-03-11T12:44:35.836+0000] {dagbag.py:538} INFO - Filling up the DagBag from /home/airflow/.local/lib/python3.7/site-packages/airflow/example_dags/example_external_task_marker_dag.py
[2023-03-11T12:44:35.851+0000] {processor.py:753} INFO - DAG(s) dict_keys(['example_external_task_marker_child', 'example_external_task_marker_parent']) retrieved from /home/airflow/.local/lib/python3.7/site-packages/airflow/example_dags/example_external_task_marker_dag.py
[2023-03-11T12:44:35.882+0000] {logging_mixin.py:137} INFO - [2023-03-11T12:44:35.882+0000] {dag.py:2690} INFO - Sync 2 DAGs
[2023-03-11T12:44:35.909+0000] {logging_mixin.py:137} INFO - [2023-03-11T12:44:35.909+0000] {dag.py:3441} INFO - Setting next_dagrun for example_external_task_marker_child to None, run_after=None
[2023-03-11T12:44:35.914+0000] {logging_mixin.py:137} INFO - [2023-03-11T12:44:35.914+0000] {dag.py:3441} INFO - Setting next_dagrun for example_external_task_marker_parent to None, run_after=None
[2023-03-11T12:44:35.933+0000] {processor.py:175} INFO - Processing /home/airflow/.local/lib/python3.7/site-packages/airflow/example_dags/example_external_task_marker_dag.py took 0.101 seconds
[2023-03-11T12:45:06.797+0000] {processor.py:153} INFO - Started process (PID=2686) to work on /home/airflow/.local/lib/python3.7/site-packages/airflow/example_dags/example_external_task_marker_dag.py
[2023-03-11T12:45:06.797+0000] {processor.py:743} INFO - Processing file /home/airflow/.local/lib/python3.7/site-packages/airflow/example_dags/example_external_task_marker_dag.py for tasks to queue
[2023-03-11T12:45:06.798+0000] {logging_mixin.py:137} INFO - [2023-03-11T12:45:06.798+0000] {dagbag.py:538} INFO - Filling up the DagBag from /home/airflow/.local/lib/python3.7/site-packages/airflow/example_dags/example_external_task_marker_dag.py
[2023-03-11T12:45:06.812+0000] {processor.py:753} INFO - DAG(s) dict_keys(['example_external_task_marker_child', 'example_external_task_marker_parent']) retrieved from /home/airflow/.local/lib/python3.7/site-packages/airflow/example_dags/example_external_task_marker_dag.py
[2023-03-11T12:45:06.854+0000] {logging_mixin.py:137} INFO - [2023-03-11T12:45:06.854+0000] {dag.py:2690} INFO - Sync 2 DAGs
[2023-03-11T12:45:06.896+0000] {logging_mixin.py:137} INFO - [2023-03-11T12:45:06.896+0000] {dag.py:3441} INFO - Setting next_dagrun for example_external_task_marker_child to None, run_after=None
[2023-03-11T12:45:06.904+0000] {logging_mixin.py:137} INFO - [2023-03-11T12:45:06.904+0000] {dag.py:3441} INFO - Setting next_dagrun for example_external_task_marker_parent to None, run_after=None
[2023-03-11T12:45:06.940+0000] {processor.py:175} INFO - Processing /home/airflow/.local/lib/python3.7/site-packages/airflow/example_dags/example_external_task_marker_dag.py took 0.147 seconds
[2023-03-11T12:45:37.336+0000] {processor.py:153} INFO - Started process (PID=2773) to work on /home/airflow/.local/lib/python3.7/site-packages/airflow/example_dags/example_external_task_marker_dag.py
[2023-03-11T12:45:37.337+0000] {processor.py:743} INFO - Processing file /home/airflow/.local/lib/python3.7/site-packages/airflow/example_dags/example_external_task_marker_dag.py for tasks to queue
[2023-03-11T12:45:37.339+0000] {logging_mixin.py:137} INFO - [2023-03-11T12:45:37.339+0000] {dagbag.py:538} INFO - Filling up the DagBag from /home/airflow/.local/lib/python3.7/site-packages/airflow/example_dags/example_external_task_marker_dag.py
[2023-03-11T12:45:37.361+0000] {processor.py:753} INFO - DAG(s) dict_keys(['example_external_task_marker_parent', 'example_external_task_marker_child']) retrieved from /home/airflow/.local/lib/python3.7/site-packages/airflow/example_dags/example_external_task_marker_dag.py
[2023-03-11T12:45:37.407+0000] {logging_mixin.py:137} INFO - [2023-03-11T12:45:37.407+0000] {dag.py:2690} INFO - Sync 2 DAGs
[2023-03-11T12:45:37.443+0000] {logging_mixin.py:137} INFO - [2023-03-11T12:45:37.443+0000] {dag.py:3441} INFO - Setting next_dagrun for example_external_task_marker_child to None, run_after=None
[2023-03-11T12:45:37.447+0000] {logging_mixin.py:137} INFO - [2023-03-11T12:45:37.446+0000] {dag.py:3441} INFO - Setting next_dagrun for example_external_task_marker_parent to None, run_after=None
[2023-03-11T12:45:37.480+0000] {processor.py:175} INFO - Processing /home/airflow/.local/lib/python3.7/site-packages/airflow/example_dags/example_external_task_marker_dag.py took 0.148 seconds
[2023-03-11T12:46:07.712+0000] {processor.py:153} INFO - Started process (PID=2884) to work on /home/airflow/.local/lib/python3.7/site-packages/airflow/example_dags/example_external_task_marker_dag.py
[2023-03-11T12:46:07.713+0000] {processor.py:743} INFO - Processing file /home/airflow/.local/lib/python3.7/site-packages/airflow/example_dags/example_external_task_marker_dag.py for tasks to queue
[2023-03-11T12:46:07.714+0000] {logging_mixin.py:137} INFO - [2023-03-11T12:46:07.714+0000] {dagbag.py:538} INFO - Filling up the DagBag from /home/airflow/.local/lib/python3.7/site-packages/airflow/example_dags/example_external_task_marker_dag.py
[2023-03-11T12:46:07.727+0000] {processor.py:753} INFO - DAG(s) dict_keys(['example_external_task_marker_parent', 'example_external_task_marker_child']) retrieved from /home/airflow/.local/lib/python3.7/site-packages/airflow/example_dags/example_external_task_marker_dag.py
[2023-03-11T12:46:07.759+0000] {logging_mixin.py:137} INFO - [2023-03-11T12:46:07.759+0000] {dag.py:2690} INFO - Sync 2 DAGs
[2023-03-11T12:46:07.784+0000] {logging_mixin.py:137} INFO - [2023-03-11T12:46:07.784+0000] {dag.py:3441} INFO - Setting next_dagrun for example_external_task_marker_child to None, run_after=None
[2023-03-11T12:46:07.788+0000] {logging_mixin.py:137} INFO - [2023-03-11T12:46:07.787+0000] {dag.py:3441} INFO - Setting next_dagrun for example_external_task_marker_parent to None, run_after=None
[2023-03-11T12:46:07.806+0000] {processor.py:175} INFO - Processing /home/airflow/.local/lib/python3.7/site-packages/airflow/example_dags/example_external_task_marker_dag.py took 0.096 seconds
[2023-03-11T12:46:38.516+0000] {processor.py:153} INFO - Started process (PID=2971) to work on /home/airflow/.local/lib/python3.7/site-packages/airflow/example_dags/example_external_task_marker_dag.py
[2023-03-11T12:46:38.517+0000] {processor.py:743} INFO - Processing file /home/airflow/.local/lib/python3.7/site-packages/airflow/example_dags/example_external_task_marker_dag.py for tasks to queue
[2023-03-11T12:46:38.518+0000] {logging_mixin.py:137} INFO - [2023-03-11T12:46:38.518+0000] {dagbag.py:538} INFO - Filling up the DagBag from /home/airflow/.local/lib/python3.7/site-packages/airflow/example_dags/example_external_task_marker_dag.py
[2023-03-11T12:46:38.531+0000] {processor.py:753} INFO - DAG(s) dict_keys(['example_external_task_marker_child', 'example_external_task_marker_parent']) retrieved from /home/airflow/.local/lib/python3.7/site-packages/airflow/example_dags/example_external_task_marker_dag.py
[2023-03-11T12:46:38.557+0000] {logging_mixin.py:137} INFO - [2023-03-11T12:46:38.557+0000] {dag.py:2690} INFO - Sync 2 DAGs
[2023-03-11T12:46:38.585+0000] {logging_mixin.py:137} INFO - [2023-03-11T12:46:38.584+0000] {dag.py:3441} INFO - Setting next_dagrun for example_external_task_marker_child to None, run_after=None
[2023-03-11T12:46:38.588+0000] {logging_mixin.py:137} INFO - [2023-03-11T12:46:38.588+0000] {dag.py:3441} INFO - Setting next_dagrun for example_external_task_marker_parent to None, run_after=None
[2023-03-11T12:46:38.605+0000] {processor.py:175} INFO - Processing /home/airflow/.local/lib/python3.7/site-packages/airflow/example_dags/example_external_task_marker_dag.py took 0.092 seconds
[2023-03-11T12:47:09.280+0000] {processor.py:153} INFO - Started process (PID=3082) to work on /home/airflow/.local/lib/python3.7/site-packages/airflow/example_dags/example_external_task_marker_dag.py
[2023-03-11T12:47:09.281+0000] {processor.py:743} INFO - Processing file /home/airflow/.local/lib/python3.7/site-packages/airflow/example_dags/example_external_task_marker_dag.py for tasks to queue
[2023-03-11T12:47:09.281+0000] {logging_mixin.py:137} INFO - [2023-03-11T12:47:09.281+0000] {dagbag.py:538} INFO - Filling up the DagBag from /home/airflow/.local/lib/python3.7/site-packages/airflow/example_dags/example_external_task_marker_dag.py
[2023-03-11T12:47:09.295+0000] {processor.py:753} INFO - DAG(s) dict_keys(['example_external_task_marker_parent', 'example_external_task_marker_child']) retrieved from /home/airflow/.local/lib/python3.7/site-packages/airflow/example_dags/example_external_task_marker_dag.py
[2023-03-11T12:47:09.324+0000] {logging_mixin.py:137} INFO - [2023-03-11T12:47:09.324+0000] {dag.py:2690} INFO - Sync 2 DAGs
[2023-03-11T12:47:09.352+0000] {logging_mixin.py:137} INFO - [2023-03-11T12:47:09.352+0000] {dag.py:3441} INFO - Setting next_dagrun for example_external_task_marker_child to None, run_after=None
[2023-03-11T12:47:09.356+0000] {logging_mixin.py:137} INFO - [2023-03-11T12:47:09.356+0000] {dag.py:3441} INFO - Setting next_dagrun for example_external_task_marker_parent to None, run_after=None
[2023-03-11T12:47:09.375+0000] {processor.py:175} INFO - Processing /home/airflow/.local/lib/python3.7/site-packages/airflow/example_dags/example_external_task_marker_dag.py took 0.098 seconds
[2023-03-11T12:47:40.216+0000] {processor.py:153} INFO - Started process (PID=3169) to work on /home/airflow/.local/lib/python3.7/site-packages/airflow/example_dags/example_external_task_marker_dag.py
[2023-03-11T12:47:40.217+0000] {processor.py:743} INFO - Processing file /home/airflow/.local/lib/python3.7/site-packages/airflow/example_dags/example_external_task_marker_dag.py for tasks to queue
[2023-03-11T12:47:40.218+0000] {logging_mixin.py:137} INFO - [2023-03-11T12:47:40.217+0000] {dagbag.py:538} INFO - Filling up the DagBag from /home/airflow/.local/lib/python3.7/site-packages/airflow/example_dags/example_external_task_marker_dag.py
[2023-03-11T12:47:40.232+0000] {processor.py:753} INFO - DAG(s) dict_keys(['example_external_task_marker_child', 'example_external_task_marker_parent']) retrieved from /home/airflow/.local/lib/python3.7/site-packages/airflow/example_dags/example_external_task_marker_dag.py
[2023-03-11T12:47:40.261+0000] {logging_mixin.py:137} INFO - [2023-03-11T12:47:40.261+0000] {dag.py:2690} INFO - Sync 2 DAGs
[2023-03-11T12:47:40.288+0000] {logging_mixin.py:137} INFO - [2023-03-11T12:47:40.288+0000] {dag.py:3441} INFO - Setting next_dagrun for example_external_task_marker_child to None, run_after=None
[2023-03-11T12:47:40.291+0000] {logging_mixin.py:137} INFO - [2023-03-11T12:47:40.291+0000] {dag.py:3441} INFO - Setting next_dagrun for example_external_task_marker_parent to None, run_after=None
[2023-03-11T12:47:40.306+0000] {processor.py:175} INFO - Processing /home/airflow/.local/lib/python3.7/site-packages/airflow/example_dags/example_external_task_marker_dag.py took 0.093 seconds
[2023-03-11T12:48:10.755+0000] {processor.py:153} INFO - Started process (PID=3265) to work on /home/airflow/.local/lib/python3.7/site-packages/airflow/example_dags/example_external_task_marker_dag.py
[2023-03-11T12:48:10.756+0000] {processor.py:743} INFO - Processing file /home/airflow/.local/lib/python3.7/site-packages/airflow/example_dags/example_external_task_marker_dag.py for tasks to queue
[2023-03-11T12:48:10.757+0000] {logging_mixin.py:137} INFO - [2023-03-11T12:48:10.757+0000] {dagbag.py:538} INFO - Filling up the DagBag from /home/airflow/.local/lib/python3.7/site-packages/airflow/example_dags/example_external_task_marker_dag.py
[2023-03-11T12:48:10.775+0000] {processor.py:753} INFO - DAG(s) dict_keys(['example_external_task_marker_parent', 'example_external_task_marker_child']) retrieved from /home/airflow/.local/lib/python3.7/site-packages/airflow/example_dags/example_external_task_marker_dag.py
[2023-03-11T12:48:10.817+0000] {logging_mixin.py:137} INFO - [2023-03-11T12:48:10.816+0000] {dag.py:2690} INFO - Sync 2 DAGs
[2023-03-11T12:48:10.852+0000] {logging_mixin.py:137} INFO - [2023-03-11T12:48:10.852+0000] {dag.py:3441} INFO - Setting next_dagrun for example_external_task_marker_child to None, run_after=None
[2023-03-11T12:48:10.856+0000] {logging_mixin.py:137} INFO - [2023-03-11T12:48:10.856+0000] {dag.py:3441} INFO - Setting next_dagrun for example_external_task_marker_parent to None, run_after=None
[2023-03-11T12:48:10.886+0000] {processor.py:175} INFO - Processing /home/airflow/.local/lib/python3.7/site-packages/airflow/example_dags/example_external_task_marker_dag.py took 0.135 seconds
[2023-03-11T12:48:41.711+0000] {processor.py:153} INFO - Started process (PID=3367) to work on /home/airflow/.local/lib/python3.7/site-packages/airflow/example_dags/example_external_task_marker_dag.py
[2023-03-11T12:48:41.712+0000] {processor.py:743} INFO - Processing file /home/airflow/.local/lib/python3.7/site-packages/airflow/example_dags/example_external_task_marker_dag.py for tasks to queue
[2023-03-11T12:48:41.713+0000] {logging_mixin.py:137} INFO - [2023-03-11T12:48:41.713+0000] {dagbag.py:538} INFO - Filling up the DagBag from /home/airflow/.local/lib/python3.7/site-packages/airflow/example_dags/example_external_task_marker_dag.py
[2023-03-11T12:48:41.727+0000] {processor.py:753} INFO - DAG(s) dict_keys(['example_external_task_marker_child', 'example_external_task_marker_parent']) retrieved from /home/airflow/.local/lib/python3.7/site-packages/airflow/example_dags/example_external_task_marker_dag.py
[2023-03-11T12:48:41.754+0000] {logging_mixin.py:137} INFO - [2023-03-11T12:48:41.754+0000] {dag.py:2690} INFO - Sync 2 DAGs
[2023-03-11T12:48:41.779+0000] {logging_mixin.py:137} INFO - [2023-03-11T12:48:41.779+0000] {dag.py:3441} INFO - Setting next_dagrun for example_external_task_marker_child to None, run_after=None
[2023-03-11T12:48:41.782+0000] {logging_mixin.py:137} INFO - [2023-03-11T12:48:41.782+0000] {dag.py:3441} INFO - Setting next_dagrun for example_external_task_marker_parent to None, run_after=None
[2023-03-11T12:48:41.800+0000] {processor.py:175} INFO - Processing /home/airflow/.local/lib/python3.7/site-packages/airflow/example_dags/example_external_task_marker_dag.py took 0.091 seconds
[2023-03-11T12:49:12.261+0000] {processor.py:153} INFO - Started process (PID=3454) to work on /home/airflow/.local/lib/python3.7/site-packages/airflow/example_dags/example_external_task_marker_dag.py
[2023-03-11T12:49:12.261+0000] {processor.py:743} INFO - Processing file /home/airflow/.local/lib/python3.7/site-packages/airflow/example_dags/example_external_task_marker_dag.py for tasks to queue
[2023-03-11T12:49:12.262+0000] {logging_mixin.py:137} INFO - [2023-03-11T12:49:12.262+0000] {dagbag.py:538} INFO - Filling up the DagBag from /home/airflow/.local/lib/python3.7/site-packages/airflow/example_dags/example_external_task_marker_dag.py
[2023-03-11T12:49:12.277+0000] {processor.py:753} INFO - DAG(s) dict_keys(['example_external_task_marker_child', 'example_external_task_marker_parent']) retrieved from /home/airflow/.local/lib/python3.7/site-packages/airflow/example_dags/example_external_task_marker_dag.py
[2023-03-11T12:49:12.317+0000] {logging_mixin.py:137} INFO - [2023-03-11T12:49:12.317+0000] {dag.py:2690} INFO - Sync 2 DAGs
[2023-03-11T12:49:12.355+0000] {logging_mixin.py:137} INFO - [2023-03-11T12:49:12.355+0000] {dag.py:3441} INFO - Setting next_dagrun for example_external_task_marker_child to None, run_after=None
[2023-03-11T12:49:12.362+0000] {logging_mixin.py:137} INFO - [2023-03-11T12:49:12.361+0000] {dag.py:3441} INFO - Setting next_dagrun for example_external_task_marker_parent to None, run_after=None
[2023-03-11T12:49:12.390+0000] {processor.py:175} INFO - Processing /home/airflow/.local/lib/python3.7/site-packages/airflow/example_dags/example_external_task_marker_dag.py took 0.133 seconds
[2023-03-11T12:49:42.443+0000] {processor.py:153} INFO - Started process (PID=3565) to work on /home/airflow/.local/lib/python3.7/site-packages/airflow/example_dags/example_external_task_marker_dag.py
[2023-03-11T12:49:42.444+0000] {processor.py:743} INFO - Processing file /home/airflow/.local/lib/python3.7/site-packages/airflow/example_dags/example_external_task_marker_dag.py for tasks to queue
[2023-03-11T12:49:42.445+0000] {logging_mixin.py:137} INFO - [2023-03-11T12:49:42.444+0000] {dagbag.py:538} INFO - Filling up the DagBag from /home/airflow/.local/lib/python3.7/site-packages/airflow/example_dags/example_external_task_marker_dag.py
[2023-03-11T12:49:42.457+0000] {processor.py:753} INFO - DAG(s) dict_keys(['example_external_task_marker_parent', 'example_external_task_marker_child']) retrieved from /home/airflow/.local/lib/python3.7/site-packages/airflow/example_dags/example_external_task_marker_dag.py
[2023-03-11T12:49:42.485+0000] {logging_mixin.py:137} INFO - [2023-03-11T12:49:42.484+0000] {dag.py:2690} INFO - Sync 2 DAGs
[2023-03-11T12:49:42.514+0000] {logging_mixin.py:137} INFO - [2023-03-11T12:49:42.513+0000] {dag.py:3441} INFO - Setting next_dagrun for example_external_task_marker_child to None, run_after=None
[2023-03-11T12:49:42.517+0000] {logging_mixin.py:137} INFO - [2023-03-11T12:49:42.517+0000] {dag.py:3441} INFO - Setting next_dagrun for example_external_task_marker_parent to None, run_after=None
[2023-03-11T12:49:42.534+0000] {processor.py:175} INFO - Processing /home/airflow/.local/lib/python3.7/site-packages/airflow/example_dags/example_external_task_marker_dag.py took 0.094 seconds
