[2023-03-11T12:31:19.516+0000] {processor.py:153} INFO - Started process (PID=113) to work on /home/airflow/.local/lib/python3.7/site-packages/airflow/example_dags/example_task_group.py
[2023-03-11T12:31:19.517+0000] {processor.py:743} INFO - Processing file /home/airflow/.local/lib/python3.7/site-packages/airflow/example_dags/example_task_group.py for tasks to queue
[2023-03-11T12:31:19.518+0000] {logging_mixin.py:137} INFO - [2023-03-11T12:31:19.518+0000] {dagbag.py:538} INFO - Filling up the DagBag from /home/airflow/.local/lib/python3.7/site-packages/airflow/example_dags/example_task_group.py
[2023-03-11T12:31:19.542+0000] {processor.py:753} INFO - DAG(s) dict_keys(['example_task_group']) retrieved from /home/airflow/.local/lib/python3.7/site-packages/airflow/example_dags/example_task_group.py
[2023-03-11T12:31:19.570+0000] {logging_mixin.py:137} INFO - [2023-03-11T12:31:19.570+0000] {dag.py:2690} INFO - Sync 1 DAGs
[2023-03-11T12:31:19.608+0000] {logging_mixin.py:137} INFO - [2023-03-11T12:31:19.608+0000] {dag.py:3441} INFO - Setting next_dagrun for example_task_group to 2023-03-10T12:31:19.607629+00:00, run_after=2023-03-11T12:31:19.607629+00:00
[2023-03-11T12:31:19.642+0000] {processor.py:175} INFO - Processing /home/airflow/.local/lib/python3.7/site-packages/airflow/example_dags/example_task_group.py took 0.130 seconds
[2023-03-11T12:31:50.604+0000] {processor.py:153} INFO - Started process (PID=200) to work on /home/airflow/.local/lib/python3.7/site-packages/airflow/example_dags/example_task_group.py
[2023-03-11T12:31:50.606+0000] {processor.py:743} INFO - Processing file /home/airflow/.local/lib/python3.7/site-packages/airflow/example_dags/example_task_group.py for tasks to queue
[2023-03-11T12:31:50.606+0000] {logging_mixin.py:137} INFO - [2023-03-11T12:31:50.606+0000] {dagbag.py:538} INFO - Filling up the DagBag from /home/airflow/.local/lib/python3.7/site-packages/airflow/example_dags/example_task_group.py
[2023-03-11T12:31:50.624+0000] {processor.py:753} INFO - DAG(s) dict_keys(['example_task_group']) retrieved from /home/airflow/.local/lib/python3.7/site-packages/airflow/example_dags/example_task_group.py
[2023-03-11T12:31:50.655+0000] {logging_mixin.py:137} INFO - [2023-03-11T12:31:50.654+0000] {dag.py:2690} INFO - Sync 1 DAGs
[2023-03-11T12:31:50.687+0000] {logging_mixin.py:137} INFO - [2023-03-11T12:31:50.686+0000] {dag.py:3441} INFO - Setting next_dagrun for example_task_group to 2023-03-10T12:31:50.686579+00:00, run_after=2023-03-11T12:31:50.686579+00:00
[2023-03-11T12:31:50.709+0000] {processor.py:175} INFO - Processing /home/airflow/.local/lib/python3.7/site-packages/airflow/example_dags/example_task_group.py took 0.108 seconds
[2023-03-11T12:32:21.420+0000] {processor.py:153} INFO - Started process (PID=287) to work on /home/airflow/.local/lib/python3.7/site-packages/airflow/example_dags/example_task_group.py
[2023-03-11T12:32:21.421+0000] {processor.py:743} INFO - Processing file /home/airflow/.local/lib/python3.7/site-packages/airflow/example_dags/example_task_group.py for tasks to queue
[2023-03-11T12:32:21.422+0000] {logging_mixin.py:137} INFO - [2023-03-11T12:32:21.422+0000] {dagbag.py:538} INFO - Filling up the DagBag from /home/airflow/.local/lib/python3.7/site-packages/airflow/example_dags/example_task_group.py
[2023-03-11T12:32:21.437+0000] {processor.py:753} INFO - DAG(s) dict_keys(['example_task_group']) retrieved from /home/airflow/.local/lib/python3.7/site-packages/airflow/example_dags/example_task_group.py
[2023-03-11T12:32:21.468+0000] {logging_mixin.py:137} INFO - [2023-03-11T12:32:21.467+0000] {dag.py:2690} INFO - Sync 1 DAGs
[2023-03-11T12:32:21.499+0000] {logging_mixin.py:137} INFO - [2023-03-11T12:32:21.499+0000] {dag.py:3441} INFO - Setting next_dagrun for example_task_group to 2023-03-10T12:32:21.498968+00:00, run_after=2023-03-11T12:32:21.498968+00:00
[2023-03-11T12:32:21.519+0000] {processor.py:175} INFO - Processing /home/airflow/.local/lib/python3.7/site-packages/airflow/example_dags/example_task_group.py took 0.101 seconds
[2023-03-11T12:32:52.441+0000] {processor.py:153} INFO - Started process (PID=398) to work on /home/airflow/.local/lib/python3.7/site-packages/airflow/example_dags/example_task_group.py
[2023-03-11T12:32:52.442+0000] {processor.py:743} INFO - Processing file /home/airflow/.local/lib/python3.7/site-packages/airflow/example_dags/example_task_group.py for tasks to queue
[2023-03-11T12:32:52.442+0000] {logging_mixin.py:137} INFO - [2023-03-11T12:32:52.442+0000] {dagbag.py:538} INFO - Filling up the DagBag from /home/airflow/.local/lib/python3.7/site-packages/airflow/example_dags/example_task_group.py
[2023-03-11T12:32:52.460+0000] {processor.py:753} INFO - DAG(s) dict_keys(['example_task_group']) retrieved from /home/airflow/.local/lib/python3.7/site-packages/airflow/example_dags/example_task_group.py
[2023-03-11T12:32:52.487+0000] {logging_mixin.py:137} INFO - [2023-03-11T12:32:52.487+0000] {dag.py:2690} INFO - Sync 1 DAGs
[2023-03-11T12:32:52.514+0000] {logging_mixin.py:137} INFO - [2023-03-11T12:32:52.514+0000] {dag.py:3441} INFO - Setting next_dagrun for example_task_group to 2023-03-10T12:32:52.514321+00:00, run_after=2023-03-11T12:32:52.514321+00:00
[2023-03-11T12:32:52.532+0000] {processor.py:175} INFO - Processing /home/airflow/.local/lib/python3.7/site-packages/airflow/example_dags/example_task_group.py took 0.095 seconds
[2023-03-11T12:33:23.376+0000] {processor.py:153} INFO - Started process (PID=485) to work on /home/airflow/.local/lib/python3.7/site-packages/airflow/example_dags/example_task_group.py
[2023-03-11T12:33:23.377+0000] {processor.py:743} INFO - Processing file /home/airflow/.local/lib/python3.7/site-packages/airflow/example_dags/example_task_group.py for tasks to queue
[2023-03-11T12:33:23.378+0000] {logging_mixin.py:137} INFO - [2023-03-11T12:33:23.378+0000] {dagbag.py:538} INFO - Filling up the DagBag from /home/airflow/.local/lib/python3.7/site-packages/airflow/example_dags/example_task_group.py
[2023-03-11T12:33:23.394+0000] {processor.py:753} INFO - DAG(s) dict_keys(['example_task_group']) retrieved from /home/airflow/.local/lib/python3.7/site-packages/airflow/example_dags/example_task_group.py
[2023-03-11T12:33:23.421+0000] {logging_mixin.py:137} INFO - [2023-03-11T12:33:23.421+0000] {dag.py:2690} INFO - Sync 1 DAGs
[2023-03-11T12:33:23.446+0000] {logging_mixin.py:137} INFO - [2023-03-11T12:33:23.445+0000] {dag.py:3441} INFO - Setting next_dagrun for example_task_group to 2023-03-10T12:33:23.445613+00:00, run_after=2023-03-11T12:33:23.445613+00:00
[2023-03-11T12:33:23.464+0000] {processor.py:175} INFO - Processing /home/airflow/.local/lib/python3.7/site-packages/airflow/example_dags/example_task_group.py took 0.091 seconds
[2023-03-11T12:33:54.340+0000] {processor.py:153} INFO - Started process (PID=596) to work on /home/airflow/.local/lib/python3.7/site-packages/airflow/example_dags/example_task_group.py
[2023-03-11T12:33:54.341+0000] {processor.py:743} INFO - Processing file /home/airflow/.local/lib/python3.7/site-packages/airflow/example_dags/example_task_group.py for tasks to queue
[2023-03-11T12:33:54.342+0000] {logging_mixin.py:137} INFO - [2023-03-11T12:33:54.342+0000] {dagbag.py:538} INFO - Filling up the DagBag from /home/airflow/.local/lib/python3.7/site-packages/airflow/example_dags/example_task_group.py
[2023-03-11T12:33:54.357+0000] {processor.py:753} INFO - DAG(s) dict_keys(['example_task_group']) retrieved from /home/airflow/.local/lib/python3.7/site-packages/airflow/example_dags/example_task_group.py
[2023-03-11T12:33:54.382+0000] {logging_mixin.py:137} INFO - [2023-03-11T12:33:54.382+0000] {dag.py:2690} INFO - Sync 1 DAGs
[2023-03-11T12:33:54.410+0000] {logging_mixin.py:137} INFO - [2023-03-11T12:33:54.409+0000] {dag.py:3441} INFO - Setting next_dagrun for example_task_group to 2023-03-10T12:33:54.409595+00:00, run_after=2023-03-11T12:33:54.409595+00:00
[2023-03-11T12:33:54.429+0000] {processor.py:175} INFO - Processing /home/airflow/.local/lib/python3.7/site-packages/airflow/example_dags/example_task_group.py took 0.092 seconds
[2023-03-11T12:34:25.159+0000] {processor.py:153} INFO - Started process (PID=683) to work on /home/airflow/.local/lib/python3.7/site-packages/airflow/example_dags/example_task_group.py
[2023-03-11T12:34:25.160+0000] {processor.py:743} INFO - Processing file /home/airflow/.local/lib/python3.7/site-packages/airflow/example_dags/example_task_group.py for tasks to queue
[2023-03-11T12:34:25.161+0000] {logging_mixin.py:137} INFO - [2023-03-11T12:34:25.161+0000] {dagbag.py:538} INFO - Filling up the DagBag from /home/airflow/.local/lib/python3.7/site-packages/airflow/example_dags/example_task_group.py
[2023-03-11T12:34:25.182+0000] {processor.py:753} INFO - DAG(s) dict_keys(['example_task_group']) retrieved from /home/airflow/.local/lib/python3.7/site-packages/airflow/example_dags/example_task_group.py
[2023-03-11T12:34:25.235+0000] {logging_mixin.py:137} INFO - [2023-03-11T12:34:25.235+0000] {dag.py:2690} INFO - Sync 1 DAGs
[2023-03-11T12:34:25.285+0000] {logging_mixin.py:137} INFO - [2023-03-11T12:34:25.284+0000] {dag.py:3441} INFO - Setting next_dagrun for example_task_group to 2023-03-10T12:34:25.283978+00:00, run_after=2023-03-11T12:34:25.283978+00:00
[2023-03-11T12:34:25.325+0000] {processor.py:175} INFO - Processing /home/airflow/.local/lib/python3.7/site-packages/airflow/example_dags/example_task_group.py took 0.170 seconds
[2023-03-11T12:34:55.472+0000] {processor.py:153} INFO - Started process (PID=770) to work on /home/airflow/.local/lib/python3.7/site-packages/airflow/example_dags/example_task_group.py
[2023-03-11T12:34:55.473+0000] {processor.py:743} INFO - Processing file /home/airflow/.local/lib/python3.7/site-packages/airflow/example_dags/example_task_group.py for tasks to queue
[2023-03-11T12:34:55.474+0000] {logging_mixin.py:137} INFO - [2023-03-11T12:34:55.473+0000] {dagbag.py:538} INFO - Filling up the DagBag from /home/airflow/.local/lib/python3.7/site-packages/airflow/example_dags/example_task_group.py
[2023-03-11T12:34:55.490+0000] {processor.py:753} INFO - DAG(s) dict_keys(['example_task_group']) retrieved from /home/airflow/.local/lib/python3.7/site-packages/airflow/example_dags/example_task_group.py
[2023-03-11T12:34:55.518+0000] {logging_mixin.py:137} INFO - [2023-03-11T12:34:55.518+0000] {dag.py:2690} INFO - Sync 1 DAGs
[2023-03-11T12:34:55.547+0000] {logging_mixin.py:137} INFO - [2023-03-11T12:34:55.547+0000] {dag.py:3441} INFO - Setting next_dagrun for example_task_group to 2023-03-10T12:34:55.547161+00:00, run_after=2023-03-11T12:34:55.547161+00:00
[2023-03-11T12:34:55.565+0000] {processor.py:175} INFO - Processing /home/airflow/.local/lib/python3.7/site-packages/airflow/example_dags/example_task_group.py took 0.096 seconds
[2023-03-11T12:35:25.824+0000] {processor.py:153} INFO - Started process (PID=881) to work on /home/airflow/.local/lib/python3.7/site-packages/airflow/example_dags/example_task_group.py
[2023-03-11T12:35:25.825+0000] {processor.py:743} INFO - Processing file /home/airflow/.local/lib/python3.7/site-packages/airflow/example_dags/example_task_group.py for tasks to queue
[2023-03-11T12:35:25.826+0000] {logging_mixin.py:137} INFO - [2023-03-11T12:35:25.826+0000] {dagbag.py:538} INFO - Filling up the DagBag from /home/airflow/.local/lib/python3.7/site-packages/airflow/example_dags/example_task_group.py
[2023-03-11T12:35:25.843+0000] {processor.py:753} INFO - DAG(s) dict_keys(['example_task_group']) retrieved from /home/airflow/.local/lib/python3.7/site-packages/airflow/example_dags/example_task_group.py
[2023-03-11T12:35:25.873+0000] {logging_mixin.py:137} INFO - [2023-03-11T12:35:25.873+0000] {dag.py:2690} INFO - Sync 1 DAGs
[2023-03-11T12:35:25.903+0000] {logging_mixin.py:137} INFO - [2023-03-11T12:35:25.903+0000] {dag.py:3441} INFO - Setting next_dagrun for example_task_group to 2023-03-10T12:35:25.903291+00:00, run_after=2023-03-11T12:35:25.903291+00:00
[2023-03-11T12:35:25.927+0000] {processor.py:175} INFO - Processing /home/airflow/.local/lib/python3.7/site-packages/airflow/example_dags/example_task_group.py took 0.107 seconds
[2023-03-11T12:35:56.222+0000] {processor.py:153} INFO - Started process (PID=968) to work on /home/airflow/.local/lib/python3.7/site-packages/airflow/example_dags/example_task_group.py
[2023-03-11T12:35:56.223+0000] {processor.py:743} INFO - Processing file /home/airflow/.local/lib/python3.7/site-packages/airflow/example_dags/example_task_group.py for tasks to queue
[2023-03-11T12:35:56.223+0000] {logging_mixin.py:137} INFO - [2023-03-11T12:35:56.223+0000] {dagbag.py:538} INFO - Filling up the DagBag from /home/airflow/.local/lib/python3.7/site-packages/airflow/example_dags/example_task_group.py
[2023-03-11T12:35:56.238+0000] {processor.py:753} INFO - DAG(s) dict_keys(['example_task_group']) retrieved from /home/airflow/.local/lib/python3.7/site-packages/airflow/example_dags/example_task_group.py
[2023-03-11T12:35:56.264+0000] {logging_mixin.py:137} INFO - [2023-03-11T12:35:56.264+0000] {dag.py:2690} INFO - Sync 1 DAGs
[2023-03-11T12:35:56.298+0000] {logging_mixin.py:137} INFO - [2023-03-11T12:35:56.298+0000] {dag.py:3441} INFO - Setting next_dagrun for example_task_group to 2023-03-10T12:35:56.297891+00:00, run_after=2023-03-11T12:35:56.297891+00:00
[2023-03-11T12:35:56.319+0000] {processor.py:175} INFO - Processing /home/airflow/.local/lib/python3.7/site-packages/airflow/example_dags/example_task_group.py took 0.100 seconds
[2023-03-11T12:36:26.862+0000] {processor.py:153} INFO - Started process (PID=1062) to work on /home/airflow/.local/lib/python3.7/site-packages/airflow/example_dags/example_task_group.py
[2023-03-11T12:36:26.863+0000] {processor.py:743} INFO - Processing file /home/airflow/.local/lib/python3.7/site-packages/airflow/example_dags/example_task_group.py for tasks to queue
[2023-03-11T12:36:26.864+0000] {logging_mixin.py:137} INFO - [2023-03-11T12:36:26.864+0000] {dagbag.py:538} INFO - Filling up the DagBag from /home/airflow/.local/lib/python3.7/site-packages/airflow/example_dags/example_task_group.py
[2023-03-11T12:36:26.880+0000] {processor.py:753} INFO - DAG(s) dict_keys(['example_task_group']) retrieved from /home/airflow/.local/lib/python3.7/site-packages/airflow/example_dags/example_task_group.py
[2023-03-11T12:36:26.908+0000] {logging_mixin.py:137} INFO - [2023-03-11T12:36:26.908+0000] {dag.py:2690} INFO - Sync 1 DAGs
[2023-03-11T12:36:26.934+0000] {logging_mixin.py:137} INFO - [2023-03-11T12:36:26.934+0000] {dag.py:3441} INFO - Setting next_dagrun for example_task_group to 2023-03-10T12:36:26.934374+00:00, run_after=2023-03-11T12:36:26.934374+00:00
[2023-03-11T12:36:26.956+0000] {processor.py:175} INFO - Processing /home/airflow/.local/lib/python3.7/site-packages/airflow/example_dags/example_task_group.py took 0.097 seconds
[2023-03-11T12:36:57.477+0000] {processor.py:153} INFO - Started process (PID=1166) to work on /home/airflow/.local/lib/python3.7/site-packages/airflow/example_dags/example_task_group.py
[2023-03-11T12:36:57.477+0000] {processor.py:743} INFO - Processing file /home/airflow/.local/lib/python3.7/site-packages/airflow/example_dags/example_task_group.py for tasks to queue
[2023-03-11T12:36:57.478+0000] {logging_mixin.py:137} INFO - [2023-03-11T12:36:57.478+0000] {dagbag.py:538} INFO - Filling up the DagBag from /home/airflow/.local/lib/python3.7/site-packages/airflow/example_dags/example_task_group.py
[2023-03-11T12:36:57.492+0000] {processor.py:753} INFO - DAG(s) dict_keys(['example_task_group']) retrieved from /home/airflow/.local/lib/python3.7/site-packages/airflow/example_dags/example_task_group.py
[2023-03-11T12:36:57.515+0000] {logging_mixin.py:137} INFO - [2023-03-11T12:36:57.515+0000] {dag.py:2690} INFO - Sync 1 DAGs
[2023-03-11T12:36:57.541+0000] {logging_mixin.py:137} INFO - [2023-03-11T12:36:57.541+0000] {dag.py:3441} INFO - Setting next_dagrun for example_task_group to 2023-03-10T12:36:57.541070+00:00, run_after=2023-03-11T12:36:57.541070+00:00
[2023-03-11T12:36:57.566+0000] {processor.py:175} INFO - Processing /home/airflow/.local/lib/python3.7/site-packages/airflow/example_dags/example_task_group.py took 0.092 seconds
[2023-03-11T12:37:28.264+0000] {processor.py:153} INFO - Started process (PID=1253) to work on /home/airflow/.local/lib/python3.7/site-packages/airflow/example_dags/example_task_group.py
[2023-03-11T12:37:28.265+0000] {processor.py:743} INFO - Processing file /home/airflow/.local/lib/python3.7/site-packages/airflow/example_dags/example_task_group.py for tasks to queue
[2023-03-11T12:37:28.266+0000] {logging_mixin.py:137} INFO - [2023-03-11T12:37:28.266+0000] {dagbag.py:538} INFO - Filling up the DagBag from /home/airflow/.local/lib/python3.7/site-packages/airflow/example_dags/example_task_group.py
[2023-03-11T12:37:28.282+0000] {processor.py:753} INFO - DAG(s) dict_keys(['example_task_group']) retrieved from /home/airflow/.local/lib/python3.7/site-packages/airflow/example_dags/example_task_group.py
[2023-03-11T12:37:28.323+0000] {logging_mixin.py:137} INFO - [2023-03-11T12:37:28.323+0000] {dag.py:2690} INFO - Sync 1 DAGs
[2023-03-11T12:37:28.350+0000] {logging_mixin.py:137} INFO - [2023-03-11T12:37:28.350+0000] {dag.py:3441} INFO - Setting next_dagrun for example_task_group to 2023-03-10T12:37:28.349902+00:00, run_after=2023-03-11T12:37:28.349902+00:00
[2023-03-11T12:37:28.371+0000] {processor.py:175} INFO - Processing /home/airflow/.local/lib/python3.7/site-packages/airflow/example_dags/example_task_group.py took 0.110 seconds
[2023-03-11T12:37:58.545+0000] {processor.py:153} INFO - Started process (PID=1364) to work on /home/airflow/.local/lib/python3.7/site-packages/airflow/example_dags/example_task_group.py
[2023-03-11T12:37:58.547+0000] {processor.py:743} INFO - Processing file /home/airflow/.local/lib/python3.7/site-packages/airflow/example_dags/example_task_group.py for tasks to queue
[2023-03-11T12:37:58.547+0000] {logging_mixin.py:137} INFO - [2023-03-11T12:37:58.547+0000] {dagbag.py:538} INFO - Filling up the DagBag from /home/airflow/.local/lib/python3.7/site-packages/airflow/example_dags/example_task_group.py
[2023-03-11T12:37:58.564+0000] {processor.py:753} INFO - DAG(s) dict_keys(['example_task_group']) retrieved from /home/airflow/.local/lib/python3.7/site-packages/airflow/example_dags/example_task_group.py
[2023-03-11T12:37:58.590+0000] {logging_mixin.py:137} INFO - [2023-03-11T12:37:58.590+0000] {dag.py:2690} INFO - Sync 1 DAGs
[2023-03-11T12:37:58.617+0000] {logging_mixin.py:137} INFO - [2023-03-11T12:37:58.617+0000] {dag.py:3441} INFO - Setting next_dagrun for example_task_group to 2023-03-10T12:37:58.617370+00:00, run_after=2023-03-11T12:37:58.617370+00:00
[2023-03-11T12:37:58.643+0000] {processor.py:175} INFO - Processing /home/airflow/.local/lib/python3.7/site-packages/airflow/example_dags/example_task_group.py took 0.100 seconds
[2023-03-11T12:38:29.560+0000] {processor.py:153} INFO - Started process (PID=1450) to work on /home/airflow/.local/lib/python3.7/site-packages/airflow/example_dags/example_task_group.py
[2023-03-11T12:38:29.561+0000] {processor.py:743} INFO - Processing file /home/airflow/.local/lib/python3.7/site-packages/airflow/example_dags/example_task_group.py for tasks to queue
[2023-03-11T12:38:29.562+0000] {logging_mixin.py:137} INFO - [2023-03-11T12:38:29.562+0000] {dagbag.py:538} INFO - Filling up the DagBag from /home/airflow/.local/lib/python3.7/site-packages/airflow/example_dags/example_task_group.py
[2023-03-11T12:38:29.580+0000] {processor.py:753} INFO - DAG(s) dict_keys(['example_task_group']) retrieved from /home/airflow/.local/lib/python3.7/site-packages/airflow/example_dags/example_task_group.py
[2023-03-11T12:38:29.636+0000] {logging_mixin.py:137} INFO - [2023-03-11T12:38:29.636+0000] {dag.py:2690} INFO - Sync 1 DAGs
[2023-03-11T12:38:29.664+0000] {logging_mixin.py:137} INFO - [2023-03-11T12:38:29.664+0000] {dag.py:3441} INFO - Setting next_dagrun for example_task_group to 2023-03-10T12:38:29.664304+00:00, run_after=2023-03-11T12:38:29.664304+00:00
[2023-03-11T12:38:29.690+0000] {processor.py:175} INFO - Processing /home/airflow/.local/lib/python3.7/site-packages/airflow/example_dags/example_task_group.py took 0.134 seconds
[2023-03-11T12:38:59.739+0000] {processor.py:153} INFO - Started process (PID=1537) to work on /home/airflow/.local/lib/python3.7/site-packages/airflow/example_dags/example_task_group.py
[2023-03-11T12:38:59.740+0000] {processor.py:743} INFO - Processing file /home/airflow/.local/lib/python3.7/site-packages/airflow/example_dags/example_task_group.py for tasks to queue
[2023-03-11T12:38:59.740+0000] {logging_mixin.py:137} INFO - [2023-03-11T12:38:59.740+0000] {dagbag.py:538} INFO - Filling up the DagBag from /home/airflow/.local/lib/python3.7/site-packages/airflow/example_dags/example_task_group.py
[2023-03-11T12:38:59.756+0000] {processor.py:753} INFO - DAG(s) dict_keys(['example_task_group']) retrieved from /home/airflow/.local/lib/python3.7/site-packages/airflow/example_dags/example_task_group.py
[2023-03-11T12:38:59.783+0000] {logging_mixin.py:137} INFO - [2023-03-11T12:38:59.782+0000] {dag.py:2690} INFO - Sync 1 DAGs
[2023-03-11T12:38:59.816+0000] {logging_mixin.py:137} INFO - [2023-03-11T12:38:59.816+0000] {dag.py:3441} INFO - Setting next_dagrun for example_task_group to 2023-03-10T12:38:59.815983+00:00, run_after=2023-03-11T12:38:59.815983+00:00
[2023-03-11T12:38:59.843+0000] {processor.py:175} INFO - Processing /home/airflow/.local/lib/python3.7/site-packages/airflow/example_dags/example_task_group.py took 0.107 seconds
[2023-03-11T12:39:29.970+0000] {processor.py:153} INFO - Started process (PID=1648) to work on /home/airflow/.local/lib/python3.7/site-packages/airflow/example_dags/example_task_group.py
[2023-03-11T12:39:29.971+0000] {processor.py:743} INFO - Processing file /home/airflow/.local/lib/python3.7/site-packages/airflow/example_dags/example_task_group.py for tasks to queue
[2023-03-11T12:39:29.972+0000] {logging_mixin.py:137} INFO - [2023-03-11T12:39:29.972+0000] {dagbag.py:538} INFO - Filling up the DagBag from /home/airflow/.local/lib/python3.7/site-packages/airflow/example_dags/example_task_group.py
[2023-03-11T12:39:29.987+0000] {processor.py:753} INFO - DAG(s) dict_keys(['example_task_group']) retrieved from /home/airflow/.local/lib/python3.7/site-packages/airflow/example_dags/example_task_group.py
[2023-03-11T12:39:30.014+0000] {logging_mixin.py:137} INFO - [2023-03-11T12:39:30.014+0000] {dag.py:2690} INFO - Sync 1 DAGs
[2023-03-11T12:39:30.045+0000] {logging_mixin.py:137} INFO - [2023-03-11T12:39:30.045+0000] {dag.py:3441} INFO - Setting next_dagrun for example_task_group to 2023-03-10T12:39:30.044774+00:00, run_after=2023-03-11T12:39:30.044774+00:00
[2023-03-11T12:39:30.065+0000] {processor.py:175} INFO - Processing /home/airflow/.local/lib/python3.7/site-packages/airflow/example_dags/example_task_group.py took 0.097 seconds
[2023-03-11T12:40:00.179+0000] {processor.py:153} INFO - Started process (PID=1735) to work on /home/airflow/.local/lib/python3.7/site-packages/airflow/example_dags/example_task_group.py
[2023-03-11T12:40:00.180+0000] {processor.py:743} INFO - Processing file /home/airflow/.local/lib/python3.7/site-packages/airflow/example_dags/example_task_group.py for tasks to queue
[2023-03-11T12:40:00.180+0000] {logging_mixin.py:137} INFO - [2023-03-11T12:40:00.180+0000] {dagbag.py:538} INFO - Filling up the DagBag from /home/airflow/.local/lib/python3.7/site-packages/airflow/example_dags/example_task_group.py
[2023-03-11T12:40:00.197+0000] {processor.py:753} INFO - DAG(s) dict_keys(['example_task_group']) retrieved from /home/airflow/.local/lib/python3.7/site-packages/airflow/example_dags/example_task_group.py
[2023-03-11T12:40:00.226+0000] {logging_mixin.py:137} INFO - [2023-03-11T12:40:00.226+0000] {dag.py:2690} INFO - Sync 1 DAGs
[2023-03-11T12:40:00.254+0000] {logging_mixin.py:137} INFO - [2023-03-11T12:40:00.254+0000] {dag.py:3441} INFO - Setting next_dagrun for example_task_group to 2023-03-10T12:40:00.254144+00:00, run_after=2023-03-11T12:40:00.254144+00:00
[2023-03-11T12:40:00.277+0000] {processor.py:175} INFO - Processing /home/airflow/.local/lib/python3.7/site-packages/airflow/example_dags/example_task_group.py took 0.102 seconds
[2023-03-11T12:40:31.255+0000] {processor.py:153} INFO - Started process (PID=1822) to work on /home/airflow/.local/lib/python3.7/site-packages/airflow/example_dags/example_task_group.py
[2023-03-11T12:40:31.256+0000] {processor.py:743} INFO - Processing file /home/airflow/.local/lib/python3.7/site-packages/airflow/example_dags/example_task_group.py for tasks to queue
[2023-03-11T12:40:31.257+0000] {logging_mixin.py:137} INFO - [2023-03-11T12:40:31.257+0000] {dagbag.py:538} INFO - Filling up the DagBag from /home/airflow/.local/lib/python3.7/site-packages/airflow/example_dags/example_task_group.py
[2023-03-11T12:40:31.272+0000] {processor.py:753} INFO - DAG(s) dict_keys(['example_task_group']) retrieved from /home/airflow/.local/lib/python3.7/site-packages/airflow/example_dags/example_task_group.py
[2023-03-11T12:40:31.299+0000] {logging_mixin.py:137} INFO - [2023-03-11T12:40:31.299+0000] {dag.py:2690} INFO - Sync 1 DAGs
[2023-03-11T12:40:31.326+0000] {logging_mixin.py:137} INFO - [2023-03-11T12:40:31.325+0000] {dag.py:3441} INFO - Setting next_dagrun for example_task_group to 2023-03-10T12:40:31.325701+00:00, run_after=2023-03-11T12:40:31.325701+00:00
[2023-03-11T12:40:31.344+0000] {processor.py:175} INFO - Processing /home/airflow/.local/lib/python3.7/site-packages/airflow/example_dags/example_task_group.py took 0.092 seconds
[2023-03-11T12:41:02.192+0000] {processor.py:153} INFO - Started process (PID=1933) to work on /home/airflow/.local/lib/python3.7/site-packages/airflow/example_dags/example_task_group.py
[2023-03-11T12:41:02.193+0000] {processor.py:743} INFO - Processing file /home/airflow/.local/lib/python3.7/site-packages/airflow/example_dags/example_task_group.py for tasks to queue
[2023-03-11T12:41:02.194+0000] {logging_mixin.py:137} INFO - [2023-03-11T12:41:02.194+0000] {dagbag.py:538} INFO - Filling up the DagBag from /home/airflow/.local/lib/python3.7/site-packages/airflow/example_dags/example_task_group.py
[2023-03-11T12:41:02.209+0000] {processor.py:753} INFO - DAG(s) dict_keys(['example_task_group']) retrieved from /home/airflow/.local/lib/python3.7/site-packages/airflow/example_dags/example_task_group.py
[2023-03-11T12:41:02.238+0000] {logging_mixin.py:137} INFO - [2023-03-11T12:41:02.238+0000] {dag.py:2690} INFO - Sync 1 DAGs
[2023-03-11T12:41:02.265+0000] {logging_mixin.py:137} INFO - [2023-03-11T12:41:02.264+0000] {dag.py:3441} INFO - Setting next_dagrun for example_task_group to 2023-03-10T12:41:02.264630+00:00, run_after=2023-03-11T12:41:02.264630+00:00
[2023-03-11T12:41:02.284+0000] {processor.py:175} INFO - Processing /home/airflow/.local/lib/python3.7/site-packages/airflow/example_dags/example_task_group.py took 0.095 seconds
[2023-03-11T12:41:32.955+0000] {processor.py:153} INFO - Started process (PID=2020) to work on /home/airflow/.local/lib/python3.7/site-packages/airflow/example_dags/example_task_group.py
[2023-03-11T12:41:32.956+0000] {processor.py:743} INFO - Processing file /home/airflow/.local/lib/python3.7/site-packages/airflow/example_dags/example_task_group.py for tasks to queue
[2023-03-11T12:41:32.957+0000] {logging_mixin.py:137} INFO - [2023-03-11T12:41:32.957+0000] {dagbag.py:538} INFO - Filling up the DagBag from /home/airflow/.local/lib/python3.7/site-packages/airflow/example_dags/example_task_group.py
[2023-03-11T12:41:32.973+0000] {processor.py:753} INFO - DAG(s) dict_keys(['example_task_group']) retrieved from /home/airflow/.local/lib/python3.7/site-packages/airflow/example_dags/example_task_group.py
[2023-03-11T12:41:33.004+0000] {logging_mixin.py:137} INFO - [2023-03-11T12:41:33.004+0000] {dag.py:2690} INFO - Sync 1 DAGs
[2023-03-11T12:41:33.033+0000] {logging_mixin.py:137} INFO - [2023-03-11T12:41:33.033+0000] {dag.py:3441} INFO - Setting next_dagrun for example_task_group to 2023-03-10T12:41:33.033411+00:00, run_after=2023-03-11T12:41:33.033411+00:00
[2023-03-11T12:41:33.055+0000] {processor.py:175} INFO - Processing /home/airflow/.local/lib/python3.7/site-packages/airflow/example_dags/example_task_group.py took 0.104 seconds
[2023-03-11T12:42:03.629+0000] {processor.py:153} INFO - Started process (PID=2131) to work on /home/airflow/.local/lib/python3.7/site-packages/airflow/example_dags/example_task_group.py
[2023-03-11T12:42:03.630+0000] {processor.py:743} INFO - Processing file /home/airflow/.local/lib/python3.7/site-packages/airflow/example_dags/example_task_group.py for tasks to queue
[2023-03-11T12:42:03.630+0000] {logging_mixin.py:137} INFO - [2023-03-11T12:42:03.630+0000] {dagbag.py:538} INFO - Filling up the DagBag from /home/airflow/.local/lib/python3.7/site-packages/airflow/example_dags/example_task_group.py
[2023-03-11T12:42:03.646+0000] {processor.py:753} INFO - DAG(s) dict_keys(['example_task_group']) retrieved from /home/airflow/.local/lib/python3.7/site-packages/airflow/example_dags/example_task_group.py
[2023-03-11T12:42:03.673+0000] {logging_mixin.py:137} INFO - [2023-03-11T12:42:03.673+0000] {dag.py:2690} INFO - Sync 1 DAGs
[2023-03-11T12:42:03.701+0000] {logging_mixin.py:137} INFO - [2023-03-11T12:42:03.701+0000] {dag.py:3441} INFO - Setting next_dagrun for example_task_group to 2023-03-10T12:42:03.701453+00:00, run_after=2023-03-11T12:42:03.701453+00:00
[2023-03-11T12:42:03.721+0000] {processor.py:175} INFO - Processing /home/airflow/.local/lib/python3.7/site-packages/airflow/example_dags/example_task_group.py took 0.095 seconds
[2023-03-11T12:42:34.256+0000] {processor.py:153} INFO - Started process (PID=2218) to work on /home/airflow/.local/lib/python3.7/site-packages/airflow/example_dags/example_task_group.py
[2023-03-11T12:42:34.257+0000] {processor.py:743} INFO - Processing file /home/airflow/.local/lib/python3.7/site-packages/airflow/example_dags/example_task_group.py for tasks to queue
[2023-03-11T12:42:34.258+0000] {logging_mixin.py:137} INFO - [2023-03-11T12:42:34.258+0000] {dagbag.py:538} INFO - Filling up the DagBag from /home/airflow/.local/lib/python3.7/site-packages/airflow/example_dags/example_task_group.py
[2023-03-11T12:42:34.275+0000] {processor.py:753} INFO - DAG(s) dict_keys(['example_task_group']) retrieved from /home/airflow/.local/lib/python3.7/site-packages/airflow/example_dags/example_task_group.py
[2023-03-11T12:42:34.303+0000] {logging_mixin.py:137} INFO - [2023-03-11T12:42:34.302+0000] {dag.py:2690} INFO - Sync 1 DAGs
[2023-03-11T12:42:34.336+0000] {logging_mixin.py:137} INFO - [2023-03-11T12:42:34.336+0000] {dag.py:3441} INFO - Setting next_dagrun for example_task_group to 2023-03-10T12:42:34.336360+00:00, run_after=2023-03-11T12:42:34.336360+00:00
[2023-03-11T12:42:34.358+0000] {processor.py:175} INFO - Processing /home/airflow/.local/lib/python3.7/site-packages/airflow/example_dags/example_task_group.py took 0.106 seconds
[2023-03-11T12:43:04.883+0000] {processor.py:153} INFO - Started process (PID=2305) to work on /home/airflow/.local/lib/python3.7/site-packages/airflow/example_dags/example_task_group.py
[2023-03-11T12:43:04.884+0000] {processor.py:743} INFO - Processing file /home/airflow/.local/lib/python3.7/site-packages/airflow/example_dags/example_task_group.py for tasks to queue
[2023-03-11T12:43:04.885+0000] {logging_mixin.py:137} INFO - [2023-03-11T12:43:04.885+0000] {dagbag.py:538} INFO - Filling up the DagBag from /home/airflow/.local/lib/python3.7/site-packages/airflow/example_dags/example_task_group.py
[2023-03-11T12:43:04.899+0000] {processor.py:753} INFO - DAG(s) dict_keys(['example_task_group']) retrieved from /home/airflow/.local/lib/python3.7/site-packages/airflow/example_dags/example_task_group.py
[2023-03-11T12:43:04.923+0000] {logging_mixin.py:137} INFO - [2023-03-11T12:43:04.923+0000] {dag.py:2690} INFO - Sync 1 DAGs
[2023-03-11T12:43:04.950+0000] {logging_mixin.py:137} INFO - [2023-03-11T12:43:04.950+0000] {dag.py:3441} INFO - Setting next_dagrun for example_task_group to 2023-03-10T12:43:04.949906+00:00, run_after=2023-03-11T12:43:04.949906+00:00
[2023-03-11T12:43:04.971+0000] {processor.py:175} INFO - Processing /home/airflow/.local/lib/python3.7/site-packages/airflow/example_dags/example_task_group.py took 0.090 seconds
[2023-03-11T12:43:35.545+0000] {processor.py:153} INFO - Started process (PID=2416) to work on /home/airflow/.local/lib/python3.7/site-packages/airflow/example_dags/example_task_group.py
[2023-03-11T12:43:35.546+0000] {processor.py:743} INFO - Processing file /home/airflow/.local/lib/python3.7/site-packages/airflow/example_dags/example_task_group.py for tasks to queue
[2023-03-11T12:43:35.546+0000] {logging_mixin.py:137} INFO - [2023-03-11T12:43:35.546+0000] {dagbag.py:538} INFO - Filling up the DagBag from /home/airflow/.local/lib/python3.7/site-packages/airflow/example_dags/example_task_group.py
[2023-03-11T12:43:35.561+0000] {processor.py:753} INFO - DAG(s) dict_keys(['example_task_group']) retrieved from /home/airflow/.local/lib/python3.7/site-packages/airflow/example_dags/example_task_group.py
[2023-03-11T12:43:35.586+0000] {logging_mixin.py:137} INFO - [2023-03-11T12:43:35.586+0000] {dag.py:2690} INFO - Sync 1 DAGs
[2023-03-11T12:43:35.612+0000] {logging_mixin.py:137} INFO - [2023-03-11T12:43:35.612+0000] {dag.py:3441} INFO - Setting next_dagrun for example_task_group to 2023-03-10T12:43:35.612406+00:00, run_after=2023-03-11T12:43:35.612406+00:00
[2023-03-11T12:43:35.630+0000] {processor.py:175} INFO - Processing /home/airflow/.local/lib/python3.7/site-packages/airflow/example_dags/example_task_group.py took 0.089 seconds
[2023-03-11T12:44:05.964+0000] {processor.py:153} INFO - Started process (PID=2503) to work on /home/airflow/.local/lib/python3.7/site-packages/airflow/example_dags/example_task_group.py
[2023-03-11T12:44:05.965+0000] {processor.py:743} INFO - Processing file /home/airflow/.local/lib/python3.7/site-packages/airflow/example_dags/example_task_group.py for tasks to queue
[2023-03-11T12:44:05.966+0000] {logging_mixin.py:137} INFO - [2023-03-11T12:44:05.965+0000] {dagbag.py:538} INFO - Filling up the DagBag from /home/airflow/.local/lib/python3.7/site-packages/airflow/example_dags/example_task_group.py
[2023-03-11T12:44:05.981+0000] {processor.py:753} INFO - DAG(s) dict_keys(['example_task_group']) retrieved from /home/airflow/.local/lib/python3.7/site-packages/airflow/example_dags/example_task_group.py
[2023-03-11T12:44:06.010+0000] {logging_mixin.py:137} INFO - [2023-03-11T12:44:06.010+0000] {dag.py:2690} INFO - Sync 1 DAGs
[2023-03-11T12:44:06.038+0000] {logging_mixin.py:137} INFO - [2023-03-11T12:44:06.037+0000] {dag.py:3441} INFO - Setting next_dagrun for example_task_group to 2023-03-10T12:44:06.037632+00:00, run_after=2023-03-11T12:44:06.037632+00:00
[2023-03-11T12:44:06.056+0000] {processor.py:175} INFO - Processing /home/airflow/.local/lib/python3.7/site-packages/airflow/example_dags/example_task_group.py took 0.094 seconds
[2023-03-11T12:44:36.933+0000] {processor.py:153} INFO - Started process (PID=2614) to work on /home/airflow/.local/lib/python3.7/site-packages/airflow/example_dags/example_task_group.py
[2023-03-11T12:44:36.934+0000] {processor.py:743} INFO - Processing file /home/airflow/.local/lib/python3.7/site-packages/airflow/example_dags/example_task_group.py for tasks to queue
[2023-03-11T12:44:36.935+0000] {logging_mixin.py:137} INFO - [2023-03-11T12:44:36.935+0000] {dagbag.py:538} INFO - Filling up the DagBag from /home/airflow/.local/lib/python3.7/site-packages/airflow/example_dags/example_task_group.py
[2023-03-11T12:44:36.951+0000] {processor.py:753} INFO - DAG(s) dict_keys(['example_task_group']) retrieved from /home/airflow/.local/lib/python3.7/site-packages/airflow/example_dags/example_task_group.py
[2023-03-11T12:44:36.976+0000] {logging_mixin.py:137} INFO - [2023-03-11T12:44:36.976+0000] {dag.py:2690} INFO - Sync 1 DAGs
[2023-03-11T12:44:37.003+0000] {logging_mixin.py:137} INFO - [2023-03-11T12:44:37.003+0000] {dag.py:3441} INFO - Setting next_dagrun for example_task_group to 2023-03-10T12:44:37.002952+00:00, run_after=2023-03-11T12:44:37.002952+00:00
[2023-03-11T12:44:37.025+0000] {processor.py:175} INFO - Processing /home/airflow/.local/lib/python3.7/site-packages/airflow/example_dags/example_task_group.py took 0.095 seconds
[2023-03-11T12:45:08.162+0000] {processor.py:153} INFO - Started process (PID=2701) to work on /home/airflow/.local/lib/python3.7/site-packages/airflow/example_dags/example_task_group.py
[2023-03-11T12:45:08.163+0000] {processor.py:743} INFO - Processing file /home/airflow/.local/lib/python3.7/site-packages/airflow/example_dags/example_task_group.py for tasks to queue
[2023-03-11T12:45:08.164+0000] {logging_mixin.py:137} INFO - [2023-03-11T12:45:08.164+0000] {dagbag.py:538} INFO - Filling up the DagBag from /home/airflow/.local/lib/python3.7/site-packages/airflow/example_dags/example_task_group.py
[2023-03-11T12:45:08.184+0000] {processor.py:753} INFO - DAG(s) dict_keys(['example_task_group']) retrieved from /home/airflow/.local/lib/python3.7/site-packages/airflow/example_dags/example_task_group.py
[2023-03-11T12:45:08.222+0000] {logging_mixin.py:137} INFO - [2023-03-11T12:45:08.222+0000] {dag.py:2690} INFO - Sync 1 DAGs
[2023-03-11T12:45:08.261+0000] {logging_mixin.py:137} INFO - [2023-03-11T12:45:08.259+0000] {dag.py:3441} INFO - Setting next_dagrun for example_task_group to 2023-03-10T12:45:08.259382+00:00, run_after=2023-03-11T12:45:08.259382+00:00
[2023-03-11T12:45:08.283+0000] {processor.py:175} INFO - Processing /home/airflow/.local/lib/python3.7/site-packages/airflow/example_dags/example_task_group.py took 0.124 seconds
[2023-03-11T12:45:38.590+0000] {processor.py:153} INFO - Started process (PID=2797) to work on /home/airflow/.local/lib/python3.7/site-packages/airflow/example_dags/example_task_group.py
[2023-03-11T12:45:38.591+0000] {processor.py:743} INFO - Processing file /home/airflow/.local/lib/python3.7/site-packages/airflow/example_dags/example_task_group.py for tasks to queue
[2023-03-11T12:45:38.592+0000] {logging_mixin.py:137} INFO - [2023-03-11T12:45:38.592+0000] {dagbag.py:538} INFO - Filling up the DagBag from /home/airflow/.local/lib/python3.7/site-packages/airflow/example_dags/example_task_group.py
[2023-03-11T12:45:38.606+0000] {processor.py:753} INFO - DAG(s) dict_keys(['example_task_group']) retrieved from /home/airflow/.local/lib/python3.7/site-packages/airflow/example_dags/example_task_group.py
[2023-03-11T12:45:38.638+0000] {logging_mixin.py:137} INFO - [2023-03-11T12:45:38.638+0000] {dag.py:2690} INFO - Sync 1 DAGs
[2023-03-11T12:45:38.686+0000] {logging_mixin.py:137} INFO - [2023-03-11T12:45:38.686+0000] {dag.py:3441} INFO - Setting next_dagrun for example_task_group to 2023-03-10T12:45:38.685875+00:00, run_after=2023-03-11T12:45:38.685875+00:00
[2023-03-11T12:45:38.760+0000] {processor.py:175} INFO - Processing /home/airflow/.local/lib/python3.7/site-packages/airflow/example_dags/example_task_group.py took 0.173 seconds
[2023-03-11T12:46:09.641+0000] {processor.py:153} INFO - Started process (PID=2899) to work on /home/airflow/.local/lib/python3.7/site-packages/airflow/example_dags/example_task_group.py
[2023-03-11T12:46:09.641+0000] {processor.py:743} INFO - Processing file /home/airflow/.local/lib/python3.7/site-packages/airflow/example_dags/example_task_group.py for tasks to queue
[2023-03-11T12:46:09.642+0000] {logging_mixin.py:137} INFO - [2023-03-11T12:46:09.642+0000] {dagbag.py:538} INFO - Filling up the DagBag from /home/airflow/.local/lib/python3.7/site-packages/airflow/example_dags/example_task_group.py
[2023-03-11T12:46:09.656+0000] {processor.py:753} INFO - DAG(s) dict_keys(['example_task_group']) retrieved from /home/airflow/.local/lib/python3.7/site-packages/airflow/example_dags/example_task_group.py
[2023-03-11T12:46:09.680+0000] {logging_mixin.py:137} INFO - [2023-03-11T12:46:09.680+0000] {dag.py:2690} INFO - Sync 1 DAGs
[2023-03-11T12:46:09.705+0000] {logging_mixin.py:137} INFO - [2023-03-11T12:46:09.704+0000] {dag.py:3441} INFO - Setting next_dagrun for example_task_group to 2023-03-10T12:46:09.704712+00:00, run_after=2023-03-11T12:46:09.704712+00:00
[2023-03-11T12:46:09.724+0000] {processor.py:175} INFO - Processing /home/airflow/.local/lib/python3.7/site-packages/airflow/example_dags/example_task_group.py took 0.086 seconds
[2023-03-11T12:46:40.556+0000] {processor.py:153} INFO - Started process (PID=2986) to work on /home/airflow/.local/lib/python3.7/site-packages/airflow/example_dags/example_task_group.py
[2023-03-11T12:46:40.557+0000] {processor.py:743} INFO - Processing file /home/airflow/.local/lib/python3.7/site-packages/airflow/example_dags/example_task_group.py for tasks to queue
[2023-03-11T12:46:40.557+0000] {logging_mixin.py:137} INFO - [2023-03-11T12:46:40.557+0000] {dagbag.py:538} INFO - Filling up the DagBag from /home/airflow/.local/lib/python3.7/site-packages/airflow/example_dags/example_task_group.py
[2023-03-11T12:46:40.575+0000] {processor.py:753} INFO - DAG(s) dict_keys(['example_task_group']) retrieved from /home/airflow/.local/lib/python3.7/site-packages/airflow/example_dags/example_task_group.py
[2023-03-11T12:46:40.601+0000] {logging_mixin.py:137} INFO - [2023-03-11T12:46:40.600+0000] {dag.py:2690} INFO - Sync 1 DAGs
[2023-03-11T12:46:40.626+0000] {logging_mixin.py:137} INFO - [2023-03-11T12:46:40.626+0000] {dag.py:3441} INFO - Setting next_dagrun for example_task_group to 2023-03-10T12:46:40.625785+00:00, run_after=2023-03-11T12:46:40.625785+00:00
[2023-03-11T12:46:40.645+0000] {processor.py:175} INFO - Processing /home/airflow/.local/lib/python3.7/site-packages/airflow/example_dags/example_task_group.py took 0.092 seconds
