[2023-03-11T12:31:19.554+0000] {processor.py:153} INFO - Started process (PID=114) to work on /home/airflow/.local/lib/python3.7/site-packages/airflow/example_dags/example_task_group_decorator.py
[2023-03-11T12:31:19.555+0000] {processor.py:743} INFO - Processing file /home/airflow/.local/lib/python3.7/site-packages/airflow/example_dags/example_task_group_decorator.py for tasks to queue
[2023-03-11T12:31:19.556+0000] {logging_mixin.py:137} INFO - [2023-03-11T12:31:19.555+0000] {dagbag.py:538} INFO - Filling up the DagBag from /home/airflow/.local/lib/python3.7/site-packages/airflow/example_dags/example_task_group_decorator.py
[2023-03-11T12:31:19.589+0000] {processor.py:753} INFO - DAG(s) dict_keys(['example_task_group_decorator']) retrieved from /home/airflow/.local/lib/python3.7/site-packages/airflow/example_dags/example_task_group_decorator.py
[2023-03-11T12:31:19.608+0000] {logging_mixin.py:137} INFO - [2023-03-11T12:31:19.607+0000] {dag.py:2690} INFO - Sync 1 DAGs
[2023-03-11T12:31:19.643+0000] {logging_mixin.py:137} INFO - [2023-03-11T12:31:19.643+0000] {dag.py:3441} INFO - Setting next_dagrun for example_task_group_decorator to 2023-03-10T12:31:19.643231+00:00, run_after=2023-03-11T12:31:19.643231+00:00
[2023-03-11T12:31:19.682+0000] {processor.py:175} INFO - Processing /home/airflow/.local/lib/python3.7/site-packages/airflow/example_dags/example_task_group_decorator.py took 0.131 seconds
[2023-03-11T12:31:50.622+0000] {processor.py:153} INFO - Started process (PID=201) to work on /home/airflow/.local/lib/python3.7/site-packages/airflow/example_dags/example_task_group_decorator.py
[2023-03-11T12:31:50.623+0000] {processor.py:743} INFO - Processing file /home/airflow/.local/lib/python3.7/site-packages/airflow/example_dags/example_task_group_decorator.py for tasks to queue
[2023-03-11T12:31:50.624+0000] {logging_mixin.py:137} INFO - [2023-03-11T12:31:50.624+0000] {dagbag.py:538} INFO - Filling up the DagBag from /home/airflow/.local/lib/python3.7/site-packages/airflow/example_dags/example_task_group_decorator.py
[2023-03-11T12:31:50.661+0000] {processor.py:753} INFO - DAG(s) dict_keys(['example_task_group_decorator']) retrieved from /home/airflow/.local/lib/python3.7/site-packages/airflow/example_dags/example_task_group_decorator.py
[2023-03-11T12:31:50.696+0000] {logging_mixin.py:137} INFO - [2023-03-11T12:31:50.696+0000] {dag.py:2690} INFO - Sync 1 DAGs
[2023-03-11T12:31:50.728+0000] {logging_mixin.py:137} INFO - [2023-03-11T12:31:50.728+0000] {dag.py:3441} INFO - Setting next_dagrun for example_task_group_decorator to 2023-03-10T12:31:50.728142+00:00, run_after=2023-03-11T12:31:50.728142+00:00
[2023-03-11T12:31:50.757+0000] {processor.py:175} INFO - Processing /home/airflow/.local/lib/python3.7/site-packages/airflow/example_dags/example_task_group_decorator.py took 0.139 seconds
[2023-03-11T12:32:21.443+0000] {processor.py:153} INFO - Started process (PID=288) to work on /home/airflow/.local/lib/python3.7/site-packages/airflow/example_dags/example_task_group_decorator.py
[2023-03-11T12:32:21.444+0000] {processor.py:743} INFO - Processing file /home/airflow/.local/lib/python3.7/site-packages/airflow/example_dags/example_task_group_decorator.py for tasks to queue
[2023-03-11T12:32:21.444+0000] {logging_mixin.py:137} INFO - [2023-03-11T12:32:21.444+0000] {dagbag.py:538} INFO - Filling up the DagBag from /home/airflow/.local/lib/python3.7/site-packages/airflow/example_dags/example_task_group_decorator.py
[2023-03-11T12:32:21.482+0000] {processor.py:753} INFO - DAG(s) dict_keys(['example_task_group_decorator']) retrieved from /home/airflow/.local/lib/python3.7/site-packages/airflow/example_dags/example_task_group_decorator.py
[2023-03-11T12:32:21.516+0000] {logging_mixin.py:137} INFO - [2023-03-11T12:32:21.515+0000] {dag.py:2690} INFO - Sync 1 DAGs
[2023-03-11T12:32:21.546+0000] {logging_mixin.py:137} INFO - [2023-03-11T12:32:21.546+0000] {dag.py:3441} INFO - Setting next_dagrun for example_task_group_decorator to 2023-03-10T12:32:21.545842+00:00, run_after=2023-03-11T12:32:21.545842+00:00
[2023-03-11T12:32:21.568+0000] {processor.py:175} INFO - Processing /home/airflow/.local/lib/python3.7/site-packages/airflow/example_dags/example_task_group_decorator.py took 0.128 seconds
[2023-03-11T12:32:52.458+0000] {processor.py:153} INFO - Started process (PID=399) to work on /home/airflow/.local/lib/python3.7/site-packages/airflow/example_dags/example_task_group_decorator.py
[2023-03-11T12:32:52.460+0000] {processor.py:743} INFO - Processing file /home/airflow/.local/lib/python3.7/site-packages/airflow/example_dags/example_task_group_decorator.py for tasks to queue
[2023-03-11T12:32:52.460+0000] {logging_mixin.py:137} INFO - [2023-03-11T12:32:52.460+0000] {dagbag.py:538} INFO - Filling up the DagBag from /home/airflow/.local/lib/python3.7/site-packages/airflow/example_dags/example_task_group_decorator.py
[2023-03-11T12:32:52.491+0000] {processor.py:753} INFO - DAG(s) dict_keys(['example_task_group_decorator']) retrieved from /home/airflow/.local/lib/python3.7/site-packages/airflow/example_dags/example_task_group_decorator.py
[2023-03-11T12:32:52.519+0000] {logging_mixin.py:137} INFO - [2023-03-11T12:32:52.519+0000] {dag.py:2690} INFO - Sync 1 DAGs
[2023-03-11T12:32:52.549+0000] {logging_mixin.py:137} INFO - [2023-03-11T12:32:52.549+0000] {dag.py:3441} INFO - Setting next_dagrun for example_task_group_decorator to 2023-03-10T12:32:52.549150+00:00, run_after=2023-03-11T12:32:52.549150+00:00
[2023-03-11T12:32:52.572+0000] {processor.py:175} INFO - Processing /home/airflow/.local/lib/python3.7/site-packages/airflow/example_dags/example_task_group_decorator.py took 0.117 seconds
[2023-03-11T12:33:23.386+0000] {processor.py:153} INFO - Started process (PID=486) to work on /home/airflow/.local/lib/python3.7/site-packages/airflow/example_dags/example_task_group_decorator.py
[2023-03-11T12:33:23.387+0000] {processor.py:743} INFO - Processing file /home/airflow/.local/lib/python3.7/site-packages/airflow/example_dags/example_task_group_decorator.py for tasks to queue
[2023-03-11T12:33:23.387+0000] {logging_mixin.py:137} INFO - [2023-03-11T12:33:23.387+0000] {dagbag.py:538} INFO - Filling up the DagBag from /home/airflow/.local/lib/python3.7/site-packages/airflow/example_dags/example_task_group_decorator.py
[2023-03-11T12:33:23.417+0000] {processor.py:753} INFO - DAG(s) dict_keys(['example_task_group_decorator']) retrieved from /home/airflow/.local/lib/python3.7/site-packages/airflow/example_dags/example_task_group_decorator.py
[2023-03-11T12:33:23.444+0000] {logging_mixin.py:137} INFO - [2023-03-11T12:33:23.444+0000] {dag.py:2690} INFO - Sync 1 DAGs
[2023-03-11T12:33:23.472+0000] {logging_mixin.py:137} INFO - [2023-03-11T12:33:23.472+0000] {dag.py:3441} INFO - Setting next_dagrun for example_task_group_decorator to 2023-03-10T12:33:23.472367+00:00, run_after=2023-03-11T12:33:23.472367+00:00
[2023-03-11T12:33:23.493+0000] {processor.py:175} INFO - Processing /home/airflow/.local/lib/python3.7/site-packages/airflow/example_dags/example_task_group_decorator.py took 0.109 seconds
[2023-03-11T12:33:54.362+0000] {processor.py:153} INFO - Started process (PID=597) to work on /home/airflow/.local/lib/python3.7/site-packages/airflow/example_dags/example_task_group_decorator.py
[2023-03-11T12:33:54.363+0000] {processor.py:743} INFO - Processing file /home/airflow/.local/lib/python3.7/site-packages/airflow/example_dags/example_task_group_decorator.py for tasks to queue
[2023-03-11T12:33:54.364+0000] {logging_mixin.py:137} INFO - [2023-03-11T12:33:54.364+0000] {dagbag.py:538} INFO - Filling up the DagBag from /home/airflow/.local/lib/python3.7/site-packages/airflow/example_dags/example_task_group_decorator.py
[2023-03-11T12:33:54.392+0000] {processor.py:753} INFO - DAG(s) dict_keys(['example_task_group_decorator']) retrieved from /home/airflow/.local/lib/python3.7/site-packages/airflow/example_dags/example_task_group_decorator.py
[2023-03-11T12:33:54.419+0000] {logging_mixin.py:137} INFO - [2023-03-11T12:33:54.419+0000] {dag.py:2690} INFO - Sync 1 DAGs
[2023-03-11T12:33:54.445+0000] {logging_mixin.py:137} INFO - [2023-03-11T12:33:54.445+0000] {dag.py:3441} INFO - Setting next_dagrun for example_task_group_decorator to 2023-03-10T12:33:54.445056+00:00, run_after=2023-03-11T12:33:54.445056+00:00
[2023-03-11T12:33:54.468+0000] {processor.py:175} INFO - Processing /home/airflow/.local/lib/python3.7/site-packages/airflow/example_dags/example_task_group_decorator.py took 0.109 seconds
[2023-03-11T12:34:25.198+0000] {processor.py:153} INFO - Started process (PID=684) to work on /home/airflow/.local/lib/python3.7/site-packages/airflow/example_dags/example_task_group_decorator.py
[2023-03-11T12:34:25.199+0000] {processor.py:743} INFO - Processing file /home/airflow/.local/lib/python3.7/site-packages/airflow/example_dags/example_task_group_decorator.py for tasks to queue
[2023-03-11T12:34:25.200+0000] {logging_mixin.py:137} INFO - [2023-03-11T12:34:25.200+0000] {dagbag.py:538} INFO - Filling up the DagBag from /home/airflow/.local/lib/python3.7/site-packages/airflow/example_dags/example_task_group_decorator.py
[2023-03-11T12:34:25.238+0000] {processor.py:753} INFO - DAG(s) dict_keys(['example_task_group_decorator']) retrieved from /home/airflow/.local/lib/python3.7/site-packages/airflow/example_dags/example_task_group_decorator.py
[2023-03-11T12:34:25.293+0000] {logging_mixin.py:137} INFO - [2023-03-11T12:34:25.292+0000] {dag.py:2690} INFO - Sync 1 DAGs
[2023-03-11T12:34:25.332+0000] {logging_mixin.py:137} INFO - [2023-03-11T12:34:25.332+0000] {dag.py:3441} INFO - Setting next_dagrun for example_task_group_decorator to 2023-03-10T12:34:25.331979+00:00, run_after=2023-03-11T12:34:25.331979+00:00
[2023-03-11T12:34:25.380+0000] {processor.py:175} INFO - Processing /home/airflow/.local/lib/python3.7/site-packages/airflow/example_dags/example_task_group_decorator.py took 0.186 seconds
[2023-03-11T12:34:55.485+0000] {processor.py:153} INFO - Started process (PID=771) to work on /home/airflow/.local/lib/python3.7/site-packages/airflow/example_dags/example_task_group_decorator.py
[2023-03-11T12:34:55.486+0000] {processor.py:743} INFO - Processing file /home/airflow/.local/lib/python3.7/site-packages/airflow/example_dags/example_task_group_decorator.py for tasks to queue
[2023-03-11T12:34:55.487+0000] {logging_mixin.py:137} INFO - [2023-03-11T12:34:55.487+0000] {dagbag.py:538} INFO - Filling up the DagBag from /home/airflow/.local/lib/python3.7/site-packages/airflow/example_dags/example_task_group_decorator.py
[2023-03-11T12:34:55.517+0000] {processor.py:753} INFO - DAG(s) dict_keys(['example_task_group_decorator']) retrieved from /home/airflow/.local/lib/python3.7/site-packages/airflow/example_dags/example_task_group_decorator.py
[2023-03-11T12:34:55.547+0000] {logging_mixin.py:137} INFO - [2023-03-11T12:34:55.547+0000] {dag.py:2690} INFO - Sync 1 DAGs
[2023-03-11T12:34:55.573+0000] {logging_mixin.py:137} INFO - [2023-03-11T12:34:55.573+0000] {dag.py:3441} INFO - Setting next_dagrun for example_task_group_decorator to 2023-03-10T12:34:55.573092+00:00, run_after=2023-03-11T12:34:55.573092+00:00
[2023-03-11T12:34:55.591+0000] {processor.py:175} INFO - Processing /home/airflow/.local/lib/python3.7/site-packages/airflow/example_dags/example_task_group_decorator.py took 0.109 seconds
[2023-03-11T12:35:25.848+0000] {processor.py:153} INFO - Started process (PID=882) to work on /home/airflow/.local/lib/python3.7/site-packages/airflow/example_dags/example_task_group_decorator.py
[2023-03-11T12:35:25.849+0000] {processor.py:743} INFO - Processing file /home/airflow/.local/lib/python3.7/site-packages/airflow/example_dags/example_task_group_decorator.py for tasks to queue
[2023-03-11T12:35:25.849+0000] {logging_mixin.py:137} INFO - [2023-03-11T12:35:25.849+0000] {dagbag.py:538} INFO - Filling up the DagBag from /home/airflow/.local/lib/python3.7/site-packages/airflow/example_dags/example_task_group_decorator.py
[2023-03-11T12:35:25.879+0000] {processor.py:753} INFO - DAG(s) dict_keys(['example_task_group_decorator']) retrieved from /home/airflow/.local/lib/python3.7/site-packages/airflow/example_dags/example_task_group_decorator.py
[2023-03-11T12:35:25.910+0000] {logging_mixin.py:137} INFO - [2023-03-11T12:35:25.910+0000] {dag.py:2690} INFO - Sync 1 DAGs
[2023-03-11T12:35:25.940+0000] {logging_mixin.py:137} INFO - [2023-03-11T12:35:25.940+0000] {dag.py:3441} INFO - Setting next_dagrun for example_task_group_decorator to 2023-03-10T12:35:25.940424+00:00, run_after=2023-03-11T12:35:25.940424+00:00
[2023-03-11T12:35:25.958+0000] {processor.py:175} INFO - Processing /home/airflow/.local/lib/python3.7/site-packages/airflow/example_dags/example_task_group_decorator.py took 0.114 seconds
[2023-03-11T12:35:56.247+0000] {processor.py:153} INFO - Started process (PID=969) to work on /home/airflow/.local/lib/python3.7/site-packages/airflow/example_dags/example_task_group_decorator.py
[2023-03-11T12:35:56.248+0000] {processor.py:743} INFO - Processing file /home/airflow/.local/lib/python3.7/site-packages/airflow/example_dags/example_task_group_decorator.py for tasks to queue
[2023-03-11T12:35:56.249+0000] {logging_mixin.py:137} INFO - [2023-03-11T12:35:56.249+0000] {dagbag.py:538} INFO - Filling up the DagBag from /home/airflow/.local/lib/python3.7/site-packages/airflow/example_dags/example_task_group_decorator.py
[2023-03-11T12:35:56.279+0000] {processor.py:753} INFO - DAG(s) dict_keys(['example_task_group_decorator']) retrieved from /home/airflow/.local/lib/python3.7/site-packages/airflow/example_dags/example_task_group_decorator.py
[2023-03-11T12:35:56.309+0000] {logging_mixin.py:137} INFO - [2023-03-11T12:35:56.309+0000] {dag.py:2690} INFO - Sync 1 DAGs
[2023-03-11T12:35:56.337+0000] {logging_mixin.py:137} INFO - [2023-03-11T12:35:56.337+0000] {dag.py:3441} INFO - Setting next_dagrun for example_task_group_decorator to 2023-03-10T12:35:56.337093+00:00, run_after=2023-03-11T12:35:56.337093+00:00
[2023-03-11T12:35:56.358+0000] {processor.py:175} INFO - Processing /home/airflow/.local/lib/python3.7/site-packages/airflow/example_dags/example_task_group_decorator.py took 0.113 seconds
[2023-03-11T12:36:26.882+0000] {processor.py:153} INFO - Started process (PID=1065) to work on /home/airflow/.local/lib/python3.7/site-packages/airflow/example_dags/example_task_group_decorator.py
[2023-03-11T12:36:26.883+0000] {processor.py:743} INFO - Processing file /home/airflow/.local/lib/python3.7/site-packages/airflow/example_dags/example_task_group_decorator.py for tasks to queue
[2023-03-11T12:36:26.884+0000] {logging_mixin.py:137} INFO - [2023-03-11T12:36:26.884+0000] {dagbag.py:538} INFO - Filling up the DagBag from /home/airflow/.local/lib/python3.7/site-packages/airflow/example_dags/example_task_group_decorator.py
[2023-03-11T12:36:26.914+0000] {processor.py:753} INFO - DAG(s) dict_keys(['example_task_group_decorator']) retrieved from /home/airflow/.local/lib/python3.7/site-packages/airflow/example_dags/example_task_group_decorator.py
[2023-03-11T12:36:26.942+0000] {logging_mixin.py:137} INFO - [2023-03-11T12:36:26.941+0000] {dag.py:2690} INFO - Sync 1 DAGs
[2023-03-11T12:36:26.974+0000] {logging_mixin.py:137} INFO - [2023-03-11T12:36:26.973+0000] {dag.py:3441} INFO - Setting next_dagrun for example_task_group_decorator to 2023-03-10T12:36:26.973635+00:00, run_after=2023-03-11T12:36:26.973635+00:00
[2023-03-11T12:36:27.001+0000] {processor.py:175} INFO - Processing /home/airflow/.local/lib/python3.7/site-packages/airflow/example_dags/example_task_group_decorator.py took 0.122 seconds
[2023-03-11T12:36:57.493+0000] {processor.py:153} INFO - Started process (PID=1167) to work on /home/airflow/.local/lib/python3.7/site-packages/airflow/example_dags/example_task_group_decorator.py
[2023-03-11T12:36:57.494+0000] {processor.py:743} INFO - Processing file /home/airflow/.local/lib/python3.7/site-packages/airflow/example_dags/example_task_group_decorator.py for tasks to queue
[2023-03-11T12:36:57.494+0000] {logging_mixin.py:137} INFO - [2023-03-11T12:36:57.494+0000] {dagbag.py:538} INFO - Filling up the DagBag from /home/airflow/.local/lib/python3.7/site-packages/airflow/example_dags/example_task_group_decorator.py
[2023-03-11T12:36:57.522+0000] {processor.py:753} INFO - DAG(s) dict_keys(['example_task_group_decorator']) retrieved from /home/airflow/.local/lib/python3.7/site-packages/airflow/example_dags/example_task_group_decorator.py
[2023-03-11T12:36:57.551+0000] {logging_mixin.py:137} INFO - [2023-03-11T12:36:57.550+0000] {dag.py:2690} INFO - Sync 1 DAGs
[2023-03-11T12:36:57.579+0000] {logging_mixin.py:137} INFO - [2023-03-11T12:36:57.579+0000] {dag.py:3441} INFO - Setting next_dagrun for example_task_group_decorator to 2023-03-10T12:36:57.578940+00:00, run_after=2023-03-11T12:36:57.578940+00:00
[2023-03-11T12:36:57.602+0000] {processor.py:175} INFO - Processing /home/airflow/.local/lib/python3.7/site-packages/airflow/example_dags/example_task_group_decorator.py took 0.112 seconds
[2023-03-11T12:37:28.278+0000] {processor.py:153} INFO - Started process (PID=1254) to work on /home/airflow/.local/lib/python3.7/site-packages/airflow/example_dags/example_task_group_decorator.py
[2023-03-11T12:37:28.279+0000] {processor.py:743} INFO - Processing file /home/airflow/.local/lib/python3.7/site-packages/airflow/example_dags/example_task_group_decorator.py for tasks to queue
[2023-03-11T12:37:28.279+0000] {logging_mixin.py:137} INFO - [2023-03-11T12:37:28.279+0000] {dagbag.py:538} INFO - Filling up the DagBag from /home/airflow/.local/lib/python3.7/site-packages/airflow/example_dags/example_task_group_decorator.py
[2023-03-11T12:37:28.310+0000] {processor.py:753} INFO - DAG(s) dict_keys(['example_task_group_decorator']) retrieved from /home/airflow/.local/lib/python3.7/site-packages/airflow/example_dags/example_task_group_decorator.py
[2023-03-11T12:37:28.342+0000] {logging_mixin.py:137} INFO - [2023-03-11T12:37:28.342+0000] {dag.py:2690} INFO - Sync 1 DAGs
[2023-03-11T12:37:28.374+0000] {logging_mixin.py:137} INFO - [2023-03-11T12:37:28.374+0000] {dag.py:3441} INFO - Setting next_dagrun for example_task_group_decorator to 2023-03-10T12:37:28.374149+00:00, run_after=2023-03-11T12:37:28.374149+00:00
[2023-03-11T12:37:28.398+0000] {processor.py:175} INFO - Processing /home/airflow/.local/lib/python3.7/site-packages/airflow/example_dags/example_task_group_decorator.py took 0.123 seconds
[2023-03-11T12:37:58.674+0000] {processor.py:153} INFO - Started process (PID=1365) to work on /home/airflow/.local/lib/python3.7/site-packages/airflow/example_dags/example_task_group_decorator.py
[2023-03-11T12:37:58.675+0000] {processor.py:743} INFO - Processing file /home/airflow/.local/lib/python3.7/site-packages/airflow/example_dags/example_task_group_decorator.py for tasks to queue
[2023-03-11T12:37:58.675+0000] {logging_mixin.py:137} INFO - [2023-03-11T12:37:58.675+0000] {dagbag.py:538} INFO - Filling up the DagBag from /home/airflow/.local/lib/python3.7/site-packages/airflow/example_dags/example_task_group_decorator.py
[2023-03-11T12:37:58.707+0000] {processor.py:753} INFO - DAG(s) dict_keys(['example_task_group_decorator']) retrieved from /home/airflow/.local/lib/python3.7/site-packages/airflow/example_dags/example_task_group_decorator.py
[2023-03-11T12:37:58.740+0000] {logging_mixin.py:137} INFO - [2023-03-11T12:37:58.740+0000] {dag.py:2690} INFO - Sync 1 DAGs
[2023-03-11T12:37:58.771+0000] {logging_mixin.py:137} INFO - [2023-03-11T12:37:58.771+0000] {dag.py:3441} INFO - Setting next_dagrun for example_task_group_decorator to 2023-03-10T12:37:58.770964+00:00, run_after=2023-03-11T12:37:58.770964+00:00
[2023-03-11T12:37:58.796+0000] {processor.py:175} INFO - Processing /home/airflow/.local/lib/python3.7/site-packages/airflow/example_dags/example_task_group_decorator.py took 0.125 seconds
[2023-03-11T12:38:29.580+0000] {processor.py:153} INFO - Started process (PID=1451) to work on /home/airflow/.local/lib/python3.7/site-packages/airflow/example_dags/example_task_group_decorator.py
[2023-03-11T12:38:29.581+0000] {processor.py:743} INFO - Processing file /home/airflow/.local/lib/python3.7/site-packages/airflow/example_dags/example_task_group_decorator.py for tasks to queue
[2023-03-11T12:38:29.582+0000] {logging_mixin.py:137} INFO - [2023-03-11T12:38:29.581+0000] {dagbag.py:538} INFO - Filling up the DagBag from /home/airflow/.local/lib/python3.7/site-packages/airflow/example_dags/example_task_group_decorator.py
[2023-03-11T12:38:29.612+0000] {processor.py:753} INFO - DAG(s) dict_keys(['example_task_group_decorator']) retrieved from /home/airflow/.local/lib/python3.7/site-packages/airflow/example_dags/example_task_group_decorator.py
[2023-03-11T12:38:29.645+0000] {logging_mixin.py:137} INFO - [2023-03-11T12:38:29.645+0000] {dag.py:2690} INFO - Sync 1 DAGs
[2023-03-11T12:38:29.675+0000] {logging_mixin.py:137} INFO - [2023-03-11T12:38:29.675+0000] {dag.py:3441} INFO - Setting next_dagrun for example_task_group_decorator to 2023-03-10T12:38:29.675229+00:00, run_after=2023-03-11T12:38:29.675229+00:00
[2023-03-11T12:38:29.700+0000] {processor.py:175} INFO - Processing /home/airflow/.local/lib/python3.7/site-packages/airflow/example_dags/example_task_group_decorator.py took 0.124 seconds
[2023-03-11T12:38:59.775+0000] {processor.py:153} INFO - Started process (PID=1538) to work on /home/airflow/.local/lib/python3.7/site-packages/airflow/example_dags/example_task_group_decorator.py
[2023-03-11T12:38:59.776+0000] {processor.py:743} INFO - Processing file /home/airflow/.local/lib/python3.7/site-packages/airflow/example_dags/example_task_group_decorator.py for tasks to queue
[2023-03-11T12:38:59.777+0000] {logging_mixin.py:137} INFO - [2023-03-11T12:38:59.777+0000] {dagbag.py:538} INFO - Filling up the DagBag from /home/airflow/.local/lib/python3.7/site-packages/airflow/example_dags/example_task_group_decorator.py
[2023-03-11T12:38:59.814+0000] {processor.py:753} INFO - DAG(s) dict_keys(['example_task_group_decorator']) retrieved from /home/airflow/.local/lib/python3.7/site-packages/airflow/example_dags/example_task_group_decorator.py
[2023-03-11T12:38:59.847+0000] {logging_mixin.py:137} INFO - [2023-03-11T12:38:59.846+0000] {dag.py:2690} INFO - Sync 1 DAGs
[2023-03-11T12:38:59.873+0000] {logging_mixin.py:137} INFO - [2023-03-11T12:38:59.873+0000] {dag.py:3441} INFO - Setting next_dagrun for example_task_group_decorator to 2023-03-10T12:38:59.873447+00:00, run_after=2023-03-11T12:38:59.873447+00:00
[2023-03-11T12:38:59.901+0000] {processor.py:175} INFO - Processing /home/airflow/.local/lib/python3.7/site-packages/airflow/example_dags/example_task_group_decorator.py took 0.130 seconds
[2023-03-11T12:39:30.070+0000] {processor.py:153} INFO - Started process (PID=1649) to work on /home/airflow/.local/lib/python3.7/site-packages/airflow/example_dags/example_task_group_decorator.py
[2023-03-11T12:39:30.071+0000] {processor.py:743} INFO - Processing file /home/airflow/.local/lib/python3.7/site-packages/airflow/example_dags/example_task_group_decorator.py for tasks to queue
[2023-03-11T12:39:30.072+0000] {logging_mixin.py:137} INFO - [2023-03-11T12:39:30.072+0000] {dagbag.py:538} INFO - Filling up the DagBag from /home/airflow/.local/lib/python3.7/site-packages/airflow/example_dags/example_task_group_decorator.py
[2023-03-11T12:39:30.106+0000] {processor.py:753} INFO - DAG(s) dict_keys(['example_task_group_decorator']) retrieved from /home/airflow/.local/lib/python3.7/site-packages/airflow/example_dags/example_task_group_decorator.py
[2023-03-11T12:39:30.136+0000] {logging_mixin.py:137} INFO - [2023-03-11T12:39:30.136+0000] {dag.py:2690} INFO - Sync 1 DAGs
[2023-03-11T12:39:30.169+0000] {logging_mixin.py:137} INFO - [2023-03-11T12:39:30.169+0000] {dag.py:3441} INFO - Setting next_dagrun for example_task_group_decorator to 2023-03-10T12:39:30.169330+00:00, run_after=2023-03-11T12:39:30.169330+00:00
[2023-03-11T12:39:30.193+0000] {processor.py:175} INFO - Processing /home/airflow/.local/lib/python3.7/site-packages/airflow/example_dags/example_task_group_decorator.py took 0.127 seconds
[2023-03-11T12:40:00.274+0000] {processor.py:153} INFO - Started process (PID=1736) to work on /home/airflow/.local/lib/python3.7/site-packages/airflow/example_dags/example_task_group_decorator.py
[2023-03-11T12:40:00.275+0000] {processor.py:743} INFO - Processing file /home/airflow/.local/lib/python3.7/site-packages/airflow/example_dags/example_task_group_decorator.py for tasks to queue
[2023-03-11T12:40:00.276+0000] {logging_mixin.py:137} INFO - [2023-03-11T12:40:00.276+0000] {dagbag.py:538} INFO - Filling up the DagBag from /home/airflow/.local/lib/python3.7/site-packages/airflow/example_dags/example_task_group_decorator.py
[2023-03-11T12:40:00.305+0000] {processor.py:753} INFO - DAG(s) dict_keys(['example_task_group_decorator']) retrieved from /home/airflow/.local/lib/python3.7/site-packages/airflow/example_dags/example_task_group_decorator.py
[2023-03-11T12:40:00.335+0000] {logging_mixin.py:137} INFO - [2023-03-11T12:40:00.335+0000] {dag.py:2690} INFO - Sync 1 DAGs
[2023-03-11T12:40:00.366+0000] {logging_mixin.py:137} INFO - [2023-03-11T12:40:00.366+0000] {dag.py:3441} INFO - Setting next_dagrun for example_task_group_decorator to 2023-03-10T12:40:00.366026+00:00, run_after=2023-03-11T12:40:00.366026+00:00
[2023-03-11T12:40:00.389+0000] {processor.py:175} INFO - Processing /home/airflow/.local/lib/python3.7/site-packages/airflow/example_dags/example_task_group_decorator.py took 0.118 seconds
[2023-03-11T12:40:31.333+0000] {processor.py:153} INFO - Started process (PID=1823) to work on /home/airflow/.local/lib/python3.7/site-packages/airflow/example_dags/example_task_group_decorator.py
[2023-03-11T12:40:31.334+0000] {processor.py:743} INFO - Processing file /home/airflow/.local/lib/python3.7/site-packages/airflow/example_dags/example_task_group_decorator.py for tasks to queue
[2023-03-11T12:40:31.334+0000] {logging_mixin.py:137} INFO - [2023-03-11T12:40:31.334+0000] {dagbag.py:538} INFO - Filling up the DagBag from /home/airflow/.local/lib/python3.7/site-packages/airflow/example_dags/example_task_group_decorator.py
[2023-03-11T12:40:31.364+0000] {processor.py:753} INFO - DAG(s) dict_keys(['example_task_group_decorator']) retrieved from /home/airflow/.local/lib/python3.7/site-packages/airflow/example_dags/example_task_group_decorator.py
[2023-03-11T12:40:31.391+0000] {logging_mixin.py:137} INFO - [2023-03-11T12:40:31.391+0000] {dag.py:2690} INFO - Sync 1 DAGs
[2023-03-11T12:40:31.416+0000] {logging_mixin.py:137} INFO - [2023-03-11T12:40:31.416+0000] {dag.py:3441} INFO - Setting next_dagrun for example_task_group_decorator to 2023-03-10T12:40:31.416355+00:00, run_after=2023-03-11T12:40:31.416355+00:00
[2023-03-11T12:40:31.434+0000] {processor.py:175} INFO - Processing /home/airflow/.local/lib/python3.7/site-packages/airflow/example_dags/example_task_group_decorator.py took 0.104 seconds
[2023-03-11T12:41:02.247+0000] {processor.py:153} INFO - Started process (PID=1934) to work on /home/airflow/.local/lib/python3.7/site-packages/airflow/example_dags/example_task_group_decorator.py
[2023-03-11T12:41:02.248+0000] {processor.py:743} INFO - Processing file /home/airflow/.local/lib/python3.7/site-packages/airflow/example_dags/example_task_group_decorator.py for tasks to queue
[2023-03-11T12:41:02.249+0000] {logging_mixin.py:137} INFO - [2023-03-11T12:41:02.249+0000] {dagbag.py:538} INFO - Filling up the DagBag from /home/airflow/.local/lib/python3.7/site-packages/airflow/example_dags/example_task_group_decorator.py
[2023-03-11T12:41:02.277+0000] {processor.py:753} INFO - DAG(s) dict_keys(['example_task_group_decorator']) retrieved from /home/airflow/.local/lib/python3.7/site-packages/airflow/example_dags/example_task_group_decorator.py
[2023-03-11T12:41:02.305+0000] {logging_mixin.py:137} INFO - [2023-03-11T12:41:02.305+0000] {dag.py:2690} INFO - Sync 1 DAGs
[2023-03-11T12:41:02.334+0000] {logging_mixin.py:137} INFO - [2023-03-11T12:41:02.333+0000] {dag.py:3441} INFO - Setting next_dagrun for example_task_group_decorator to 2023-03-10T12:41:02.332401+00:00, run_after=2023-03-11T12:41:02.332401+00:00
[2023-03-11T12:41:02.352+0000] {processor.py:175} INFO - Processing /home/airflow/.local/lib/python3.7/site-packages/airflow/example_dags/example_task_group_decorator.py took 0.108 seconds
[2023-03-11T12:41:33.065+0000] {processor.py:153} INFO - Started process (PID=2021) to work on /home/airflow/.local/lib/python3.7/site-packages/airflow/example_dags/example_task_group_decorator.py
[2023-03-11T12:41:33.066+0000] {processor.py:743} INFO - Processing file /home/airflow/.local/lib/python3.7/site-packages/airflow/example_dags/example_task_group_decorator.py for tasks to queue
[2023-03-11T12:41:33.067+0000] {logging_mixin.py:137} INFO - [2023-03-11T12:41:33.067+0000] {dagbag.py:538} INFO - Filling up the DagBag from /home/airflow/.local/lib/python3.7/site-packages/airflow/example_dags/example_task_group_decorator.py
[2023-03-11T12:41:33.096+0000] {processor.py:753} INFO - DAG(s) dict_keys(['example_task_group_decorator']) retrieved from /home/airflow/.local/lib/python3.7/site-packages/airflow/example_dags/example_task_group_decorator.py
[2023-03-11T12:41:33.124+0000] {logging_mixin.py:137} INFO - [2023-03-11T12:41:33.124+0000] {dag.py:2690} INFO - Sync 1 DAGs
[2023-03-11T12:41:33.153+0000] {logging_mixin.py:137} INFO - [2023-03-11T12:41:33.152+0000] {dag.py:3441} INFO - Setting next_dagrun for example_task_group_decorator to 2023-03-10T12:41:33.152580+00:00, run_after=2023-03-11T12:41:33.152580+00:00
[2023-03-11T12:41:33.172+0000] {processor.py:175} INFO - Processing /home/airflow/.local/lib/python3.7/site-packages/airflow/example_dags/example_task_group_decorator.py took 0.110 seconds
[2023-03-11T12:42:03.678+0000] {processor.py:153} INFO - Started process (PID=2132) to work on /home/airflow/.local/lib/python3.7/site-packages/airflow/example_dags/example_task_group_decorator.py
[2023-03-11T12:42:03.679+0000] {processor.py:743} INFO - Processing file /home/airflow/.local/lib/python3.7/site-packages/airflow/example_dags/example_task_group_decorator.py for tasks to queue
[2023-03-11T12:42:03.680+0000] {logging_mixin.py:137} INFO - [2023-03-11T12:42:03.680+0000] {dagbag.py:538} INFO - Filling up the DagBag from /home/airflow/.local/lib/python3.7/site-packages/airflow/example_dags/example_task_group_decorator.py
[2023-03-11T12:42:03.710+0000] {processor.py:753} INFO - DAG(s) dict_keys(['example_task_group_decorator']) retrieved from /home/airflow/.local/lib/python3.7/site-packages/airflow/example_dags/example_task_group_decorator.py
[2023-03-11T12:42:03.738+0000] {logging_mixin.py:137} INFO - [2023-03-11T12:42:03.738+0000] {dag.py:2690} INFO - Sync 1 DAGs
[2023-03-11T12:42:03.764+0000] {logging_mixin.py:137} INFO - [2023-03-11T12:42:03.764+0000] {dag.py:3441} INFO - Setting next_dagrun for example_task_group_decorator to 2023-03-10T12:42:03.764406+00:00, run_after=2023-03-11T12:42:03.764406+00:00
[2023-03-11T12:42:03.784+0000] {processor.py:175} INFO - Processing /home/airflow/.local/lib/python3.7/site-packages/airflow/example_dags/example_task_group_decorator.py took 0.109 seconds
[2023-03-11T12:42:34.279+0000] {processor.py:153} INFO - Started process (PID=2219) to work on /home/airflow/.local/lib/python3.7/site-packages/airflow/example_dags/example_task_group_decorator.py
[2023-03-11T12:42:34.280+0000] {processor.py:743} INFO - Processing file /home/airflow/.local/lib/python3.7/site-packages/airflow/example_dags/example_task_group_decorator.py for tasks to queue
[2023-03-11T12:42:34.280+0000] {logging_mixin.py:137} INFO - [2023-03-11T12:42:34.280+0000] {dagbag.py:538} INFO - Filling up the DagBag from /home/airflow/.local/lib/python3.7/site-packages/airflow/example_dags/example_task_group_decorator.py
[2023-03-11T12:42:34.311+0000] {processor.py:753} INFO - DAG(s) dict_keys(['example_task_group_decorator']) retrieved from /home/airflow/.local/lib/python3.7/site-packages/airflow/example_dags/example_task_group_decorator.py
[2023-03-11T12:42:34.340+0000] {logging_mixin.py:137} INFO - [2023-03-11T12:42:34.340+0000] {dag.py:2690} INFO - Sync 1 DAGs
[2023-03-11T12:42:34.370+0000] {logging_mixin.py:137} INFO - [2023-03-11T12:42:34.370+0000] {dag.py:3441} INFO - Setting next_dagrun for example_task_group_decorator to 2023-03-10T12:42:34.370026+00:00, run_after=2023-03-11T12:42:34.370026+00:00
[2023-03-11T12:42:34.390+0000] {processor.py:175} INFO - Processing /home/airflow/.local/lib/python3.7/site-packages/airflow/example_dags/example_task_group_decorator.py took 0.115 seconds
[2023-03-11T12:43:04.912+0000] {processor.py:153} INFO - Started process (PID=2306) to work on /home/airflow/.local/lib/python3.7/site-packages/airflow/example_dags/example_task_group_decorator.py
[2023-03-11T12:43:04.913+0000] {processor.py:743} INFO - Processing file /home/airflow/.local/lib/python3.7/site-packages/airflow/example_dags/example_task_group_decorator.py for tasks to queue
[2023-03-11T12:43:04.914+0000] {logging_mixin.py:137} INFO - [2023-03-11T12:43:04.913+0000] {dagbag.py:538} INFO - Filling up the DagBag from /home/airflow/.local/lib/python3.7/site-packages/airflow/example_dags/example_task_group_decorator.py
[2023-03-11T12:43:04.944+0000] {processor.py:753} INFO - DAG(s) dict_keys(['example_task_group_decorator']) retrieved from /home/airflow/.local/lib/python3.7/site-packages/airflow/example_dags/example_task_group_decorator.py
[2023-03-11T12:43:04.970+0000] {logging_mixin.py:137} INFO - [2023-03-11T12:43:04.970+0000] {dag.py:2690} INFO - Sync 1 DAGs
[2023-03-11T12:43:04.998+0000] {logging_mixin.py:137} INFO - [2023-03-11T12:43:04.998+0000] {dag.py:3441} INFO - Setting next_dagrun for example_task_group_decorator to 2023-03-10T12:43:04.998001+00:00, run_after=2023-03-11T12:43:04.998001+00:00
[2023-03-11T12:43:05.017+0000] {processor.py:175} INFO - Processing /home/airflow/.local/lib/python3.7/site-packages/airflow/example_dags/example_task_group_decorator.py took 0.108 seconds
[2023-03-11T12:43:35.601+0000] {processor.py:153} INFO - Started process (PID=2417) to work on /home/airflow/.local/lib/python3.7/site-packages/airflow/example_dags/example_task_group_decorator.py
[2023-03-11T12:43:35.602+0000] {processor.py:743} INFO - Processing file /home/airflow/.local/lib/python3.7/site-packages/airflow/example_dags/example_task_group_decorator.py for tasks to queue
[2023-03-11T12:43:35.602+0000] {logging_mixin.py:137} INFO - [2023-03-11T12:43:35.602+0000] {dagbag.py:538} INFO - Filling up the DagBag from /home/airflow/.local/lib/python3.7/site-packages/airflow/example_dags/example_task_group_decorator.py
[2023-03-11T12:43:35.631+0000] {processor.py:753} INFO - DAG(s) dict_keys(['example_task_group_decorator']) retrieved from /home/airflow/.local/lib/python3.7/site-packages/airflow/example_dags/example_task_group_decorator.py
[2023-03-11T12:43:35.662+0000] {logging_mixin.py:137} INFO - [2023-03-11T12:43:35.662+0000] {dag.py:2690} INFO - Sync 1 DAGs
[2023-03-11T12:43:35.691+0000] {logging_mixin.py:137} INFO - [2023-03-11T12:43:35.691+0000] {dag.py:3441} INFO - Setting next_dagrun for example_task_group_decorator to 2023-03-10T12:43:35.691167+00:00, run_after=2023-03-11T12:43:35.691167+00:00
[2023-03-11T12:43:35.712+0000] {processor.py:175} INFO - Processing /home/airflow/.local/lib/python3.7/site-packages/airflow/example_dags/example_task_group_decorator.py took 0.115 seconds
[2023-03-11T12:44:06.067+0000] {processor.py:153} INFO - Started process (PID=2504) to work on /home/airflow/.local/lib/python3.7/site-packages/airflow/example_dags/example_task_group_decorator.py
[2023-03-11T12:44:06.068+0000] {processor.py:743} INFO - Processing file /home/airflow/.local/lib/python3.7/site-packages/airflow/example_dags/example_task_group_decorator.py for tasks to queue
[2023-03-11T12:44:06.068+0000] {logging_mixin.py:137} INFO - [2023-03-11T12:44:06.068+0000] {dagbag.py:538} INFO - Filling up the DagBag from /home/airflow/.local/lib/python3.7/site-packages/airflow/example_dags/example_task_group_decorator.py
[2023-03-11T12:44:06.099+0000] {processor.py:753} INFO - DAG(s) dict_keys(['example_task_group_decorator']) retrieved from /home/airflow/.local/lib/python3.7/site-packages/airflow/example_dags/example_task_group_decorator.py
[2023-03-11T12:44:06.139+0000] {logging_mixin.py:137} INFO - [2023-03-11T12:44:06.139+0000] {dag.py:2690} INFO - Sync 1 DAGs
[2023-03-11T12:44:06.169+0000] {logging_mixin.py:137} INFO - [2023-03-11T12:44:06.168+0000] {dag.py:3441} INFO - Setting next_dagrun for example_task_group_decorator to 2023-03-10T12:44:06.168688+00:00, run_after=2023-03-11T12:44:06.168688+00:00
[2023-03-11T12:44:06.188+0000] {processor.py:175} INFO - Processing /home/airflow/.local/lib/python3.7/site-packages/airflow/example_dags/example_task_group_decorator.py took 0.124 seconds
[2023-03-11T12:44:36.961+0000] {processor.py:153} INFO - Started process (PID=2615) to work on /home/airflow/.local/lib/python3.7/site-packages/airflow/example_dags/example_task_group_decorator.py
[2023-03-11T12:44:36.962+0000] {processor.py:743} INFO - Processing file /home/airflow/.local/lib/python3.7/site-packages/airflow/example_dags/example_task_group_decorator.py for tasks to queue
[2023-03-11T12:44:36.962+0000] {logging_mixin.py:137} INFO - [2023-03-11T12:44:36.962+0000] {dagbag.py:538} INFO - Filling up the DagBag from /home/airflow/.local/lib/python3.7/site-packages/airflow/example_dags/example_task_group_decorator.py
[2023-03-11T12:44:36.992+0000] {processor.py:753} INFO - DAG(s) dict_keys(['example_task_group_decorator']) retrieved from /home/airflow/.local/lib/python3.7/site-packages/airflow/example_dags/example_task_group_decorator.py
[2023-03-11T12:44:37.023+0000] {logging_mixin.py:137} INFO - [2023-03-11T12:44:37.023+0000] {dag.py:2690} INFO - Sync 1 DAGs
[2023-03-11T12:44:37.051+0000] {logging_mixin.py:137} INFO - [2023-03-11T12:44:37.051+0000] {dag.py:3441} INFO - Setting next_dagrun for example_task_group_decorator to 2023-03-10T12:44:37.051172+00:00, run_after=2023-03-11T12:44:37.051172+00:00
[2023-03-11T12:44:37.072+0000] {processor.py:175} INFO - Processing /home/airflow/.local/lib/python3.7/site-packages/airflow/example_dags/example_task_group_decorator.py took 0.114 seconds
[2023-03-11T12:45:08.223+0000] {processor.py:153} INFO - Started process (PID=2702) to work on /home/airflow/.local/lib/python3.7/site-packages/airflow/example_dags/example_task_group_decorator.py
[2023-03-11T12:45:08.224+0000] {processor.py:743} INFO - Processing file /home/airflow/.local/lib/python3.7/site-packages/airflow/example_dags/example_task_group_decorator.py for tasks to queue
[2023-03-11T12:45:08.225+0000] {logging_mixin.py:137} INFO - [2023-03-11T12:45:08.225+0000] {dagbag.py:538} INFO - Filling up the DagBag from /home/airflow/.local/lib/python3.7/site-packages/airflow/example_dags/example_task_group_decorator.py
[2023-03-11T12:45:08.260+0000] {processor.py:753} INFO - DAG(s) dict_keys(['example_task_group_decorator']) retrieved from /home/airflow/.local/lib/python3.7/site-packages/airflow/example_dags/example_task_group_decorator.py
[2023-03-11T12:45:08.289+0000] {logging_mixin.py:137} INFO - [2023-03-11T12:45:08.289+0000] {dag.py:2690} INFO - Sync 1 DAGs
[2023-03-11T12:45:08.316+0000] {logging_mixin.py:137} INFO - [2023-03-11T12:45:08.316+0000] {dag.py:3441} INFO - Setting next_dagrun for example_task_group_decorator to 2023-03-10T12:45:08.316349+00:00, run_after=2023-03-11T12:45:08.316349+00:00
[2023-03-11T12:45:08.336+0000] {processor.py:175} INFO - Processing /home/airflow/.local/lib/python3.7/site-packages/airflow/example_dags/example_task_group_decorator.py took 0.117 seconds
[2023-03-11T12:45:38.752+0000] {processor.py:153} INFO - Started process (PID=2798) to work on /home/airflow/.local/lib/python3.7/site-packages/airflow/example_dags/example_task_group_decorator.py
[2023-03-11T12:45:38.753+0000] {processor.py:743} INFO - Processing file /home/airflow/.local/lib/python3.7/site-packages/airflow/example_dags/example_task_group_decorator.py for tasks to queue
[2023-03-11T12:45:38.754+0000] {logging_mixin.py:137} INFO - [2023-03-11T12:45:38.754+0000] {dagbag.py:538} INFO - Filling up the DagBag from /home/airflow/.local/lib/python3.7/site-packages/airflow/example_dags/example_task_group_decorator.py
[2023-03-11T12:45:38.859+0000] {processor.py:753} INFO - DAG(s) dict_keys(['example_task_group_decorator']) retrieved from /home/airflow/.local/lib/python3.7/site-packages/airflow/example_dags/example_task_group_decorator.py
[2023-03-11T12:45:38.889+0000] {logging_mixin.py:137} INFO - [2023-03-11T12:45:38.889+0000] {dag.py:2690} INFO - Sync 1 DAGs
[2023-03-11T12:45:38.922+0000] {logging_mixin.py:137} INFO - [2023-03-11T12:45:38.922+0000] {dag.py:3441} INFO - Setting next_dagrun for example_task_group_decorator to 2023-03-10T12:45:38.921906+00:00, run_after=2023-03-11T12:45:38.921906+00:00
[2023-03-11T12:45:38.943+0000] {processor.py:175} INFO - Processing /home/airflow/.local/lib/python3.7/site-packages/airflow/example_dags/example_task_group_decorator.py took 0.244 seconds
[2023-03-11T12:46:09.747+0000] {processor.py:153} INFO - Started process (PID=2900) to work on /home/airflow/.local/lib/python3.7/site-packages/airflow/example_dags/example_task_group_decorator.py
[2023-03-11T12:46:09.748+0000] {processor.py:743} INFO - Processing file /home/airflow/.local/lib/python3.7/site-packages/airflow/example_dags/example_task_group_decorator.py for tasks to queue
[2023-03-11T12:46:09.749+0000] {logging_mixin.py:137} INFO - [2023-03-11T12:46:09.748+0000] {dagbag.py:538} INFO - Filling up the DagBag from /home/airflow/.local/lib/python3.7/site-packages/airflow/example_dags/example_task_group_decorator.py
[2023-03-11T12:46:09.779+0000] {processor.py:753} INFO - DAG(s) dict_keys(['example_task_group_decorator']) retrieved from /home/airflow/.local/lib/python3.7/site-packages/airflow/example_dags/example_task_group_decorator.py
[2023-03-11T12:46:09.805+0000] {logging_mixin.py:137} INFO - [2023-03-11T12:46:09.805+0000] {dag.py:2690} INFO - Sync 1 DAGs
[2023-03-11T12:46:09.831+0000] {logging_mixin.py:137} INFO - [2023-03-11T12:46:09.831+0000] {dag.py:3441} INFO - Setting next_dagrun for example_task_group_decorator to 2023-03-10T12:46:09.831362+00:00, run_after=2023-03-11T12:46:09.831362+00:00
[2023-03-11T12:46:09.850+0000] {processor.py:175} INFO - Processing /home/airflow/.local/lib/python3.7/site-packages/airflow/example_dags/example_task_group_decorator.py took 0.106 seconds
[2023-03-11T12:46:40.591+0000] {processor.py:153} INFO - Started process (PID=2987) to work on /home/airflow/.local/lib/python3.7/site-packages/airflow/example_dags/example_task_group_decorator.py
[2023-03-11T12:46:40.592+0000] {processor.py:743} INFO - Processing file /home/airflow/.local/lib/python3.7/site-packages/airflow/example_dags/example_task_group_decorator.py for tasks to queue
[2023-03-11T12:46:40.593+0000] {logging_mixin.py:137} INFO - [2023-03-11T12:46:40.593+0000] {dagbag.py:538} INFO - Filling up the DagBag from /home/airflow/.local/lib/python3.7/site-packages/airflow/example_dags/example_task_group_decorator.py
[2023-03-11T12:46:40.622+0000] {processor.py:753} INFO - DAG(s) dict_keys(['example_task_group_decorator']) retrieved from /home/airflow/.local/lib/python3.7/site-packages/airflow/example_dags/example_task_group_decorator.py
[2023-03-11T12:46:40.649+0000] {logging_mixin.py:137} INFO - [2023-03-11T12:46:40.649+0000] {dag.py:2690} INFO - Sync 1 DAGs
[2023-03-11T12:46:40.675+0000] {logging_mixin.py:137} INFO - [2023-03-11T12:46:40.675+0000] {dag.py:3441} INFO - Setting next_dagrun for example_task_group_decorator to 2023-03-10T12:46:40.674825+00:00, run_after=2023-03-11T12:46:40.674825+00:00
[2023-03-11T12:46:40.692+0000] {processor.py:175} INFO - Processing /home/airflow/.local/lib/python3.7/site-packages/airflow/example_dags/example_task_group_decorator.py took 0.104 seconds
