[2023-03-11T12:31:17.355+0000] {processor.py:153} INFO - Started process (PID=80) to work on /home/airflow/.local/lib/python3.7/site-packages/airflow/example_dags/example_dag_decorator.py
[2023-03-11T12:31:17.356+0000] {processor.py:743} INFO - Processing file /home/airflow/.local/lib/python3.7/site-packages/airflow/example_dags/example_dag_decorator.py for tasks to queue
[2023-03-11T12:31:17.356+0000] {logging_mixin.py:137} INFO - [2023-03-11T12:31:17.356+0000] {dagbag.py:538} INFO - Filling up the DagBag from /home/airflow/.local/lib/python3.7/site-packages/airflow/example_dags/example_dag_decorator.py
[2023-03-11T12:31:17.382+0000] {logging_mixin.py:137} INFO - [2023-03-11T12:31:17.382+0000] {taskmixin.py:205} WARNING - Dependency <Task(_PythonDecoratedOperator): prepare_email>, send_email already registered for DAG: example_dag_decorator
[2023-03-11T12:31:17.382+0000] {logging_mixin.py:137} INFO - [2023-03-11T12:31:17.382+0000] {taskmixin.py:205} WARNING - Dependency <Task(EmailOperator): send_email>, prepare_email already registered for DAG: example_dag_decorator
[2023-03-11T12:31:17.403+0000] {processor.py:753} INFO - DAG(s) dict_keys(['example_dag_decorator']) retrieved from /home/airflow/.local/lib/python3.7/site-packages/airflow/example_dags/example_dag_decorator.py
[2023-03-11T12:31:17.450+0000] {logging_mixin.py:137} INFO - [2023-03-11T12:31:17.450+0000] {dag.py:2690} INFO - Sync 1 DAGs
[2023-03-11T12:31:17.569+0000] {logging_mixin.py:137} INFO - [2023-03-11T12:31:17.568+0000] {dag.py:3441} INFO - Setting next_dagrun for example_dag_decorator to None, run_after=None
[2023-03-11T12:31:17.666+0000] {processor.py:175} INFO - Processing /home/airflow/.local/lib/python3.7/site-packages/airflow/example_dags/example_dag_decorator.py took 0.316 seconds
[2023-03-11T12:31:48.204+0000] {processor.py:153} INFO - Started process (PID=182) to work on /home/airflow/.local/lib/python3.7/site-packages/airflow/example_dags/example_dag_decorator.py
[2023-03-11T12:31:48.205+0000] {processor.py:743} INFO - Processing file /home/airflow/.local/lib/python3.7/site-packages/airflow/example_dags/example_dag_decorator.py for tasks to queue
[2023-03-11T12:31:48.206+0000] {logging_mixin.py:137} INFO - [2023-03-11T12:31:48.206+0000] {dagbag.py:538} INFO - Filling up the DagBag from /home/airflow/.local/lib/python3.7/site-packages/airflow/example_dags/example_dag_decorator.py
[2023-03-11T12:31:48.223+0000] {logging_mixin.py:137} INFO - [2023-03-11T12:31:48.223+0000] {taskmixin.py:205} WARNING - Dependency <Task(_PythonDecoratedOperator): prepare_email>, send_email already registered for DAG: example_dag_decorator
[2023-03-11T12:31:48.223+0000] {logging_mixin.py:137} INFO - [2023-03-11T12:31:48.223+0000] {taskmixin.py:205} WARNING - Dependency <Task(EmailOperator): send_email>, prepare_email already registered for DAG: example_dag_decorator
[2023-03-11T12:31:48.235+0000] {processor.py:753} INFO - DAG(s) dict_keys(['example_dag_decorator']) retrieved from /home/airflow/.local/lib/python3.7/site-packages/airflow/example_dags/example_dag_decorator.py
[2023-03-11T12:31:48.309+0000] {logging_mixin.py:137} INFO - [2023-03-11T12:31:48.309+0000] {dag.py:2690} INFO - Sync 1 DAGs
[2023-03-11T12:31:48.333+0000] {logging_mixin.py:137} INFO - [2023-03-11T12:31:48.333+0000] {dag.py:3441} INFO - Setting next_dagrun for example_dag_decorator to None, run_after=None
[2023-03-11T12:31:48.356+0000] {processor.py:175} INFO - Processing /home/airflow/.local/lib/python3.7/site-packages/airflow/example_dags/example_dag_decorator.py took 0.154 seconds
[2023-03-11T12:32:19.161+0000] {processor.py:153} INFO - Started process (PID=269) to work on /home/airflow/.local/lib/python3.7/site-packages/airflow/example_dags/example_dag_decorator.py
[2023-03-11T12:32:19.162+0000] {processor.py:743} INFO - Processing file /home/airflow/.local/lib/python3.7/site-packages/airflow/example_dags/example_dag_decorator.py for tasks to queue
[2023-03-11T12:32:19.163+0000] {logging_mixin.py:137} INFO - [2023-03-11T12:32:19.163+0000] {dagbag.py:538} INFO - Filling up the DagBag from /home/airflow/.local/lib/python3.7/site-packages/airflow/example_dags/example_dag_decorator.py
[2023-03-11T12:32:19.180+0000] {logging_mixin.py:137} INFO - [2023-03-11T12:32:19.180+0000] {taskmixin.py:205} WARNING - Dependency <Task(_PythonDecoratedOperator): prepare_email>, send_email already registered for DAG: example_dag_decorator
[2023-03-11T12:32:19.180+0000] {logging_mixin.py:137} INFO - [2023-03-11T12:32:19.180+0000] {taskmixin.py:205} WARNING - Dependency <Task(EmailOperator): send_email>, prepare_email already registered for DAG: example_dag_decorator
[2023-03-11T12:32:19.192+0000] {processor.py:753} INFO - DAG(s) dict_keys(['example_dag_decorator']) retrieved from /home/airflow/.local/lib/python3.7/site-packages/airflow/example_dags/example_dag_decorator.py
[2023-03-11T12:32:19.275+0000] {logging_mixin.py:137} INFO - [2023-03-11T12:32:19.275+0000] {dag.py:2690} INFO - Sync 1 DAGs
[2023-03-11T12:32:19.298+0000] {logging_mixin.py:137} INFO - [2023-03-11T12:32:19.298+0000] {dag.py:3441} INFO - Setting next_dagrun for example_dag_decorator to None, run_after=None
[2023-03-11T12:32:19.319+0000] {processor.py:175} INFO - Processing /home/airflow/.local/lib/python3.7/site-packages/airflow/example_dags/example_dag_decorator.py took 0.160 seconds
[2023-03-11T12:32:50.152+0000] {processor.py:153} INFO - Started process (PID=380) to work on /home/airflow/.local/lib/python3.7/site-packages/airflow/example_dags/example_dag_decorator.py
[2023-03-11T12:32:50.154+0000] {processor.py:743} INFO - Processing file /home/airflow/.local/lib/python3.7/site-packages/airflow/example_dags/example_dag_decorator.py for tasks to queue
[2023-03-11T12:32:50.154+0000] {logging_mixin.py:137} INFO - [2023-03-11T12:32:50.154+0000] {dagbag.py:538} INFO - Filling up the DagBag from /home/airflow/.local/lib/python3.7/site-packages/airflow/example_dags/example_dag_decorator.py
[2023-03-11T12:32:50.171+0000] {logging_mixin.py:137} INFO - [2023-03-11T12:32:50.171+0000] {taskmixin.py:205} WARNING - Dependency <Task(_PythonDecoratedOperator): prepare_email>, send_email already registered for DAG: example_dag_decorator
[2023-03-11T12:32:50.171+0000] {logging_mixin.py:137} INFO - [2023-03-11T12:32:50.171+0000] {taskmixin.py:205} WARNING - Dependency <Task(EmailOperator): send_email>, prepare_email already registered for DAG: example_dag_decorator
[2023-03-11T12:32:50.183+0000] {processor.py:753} INFO - DAG(s) dict_keys(['example_dag_decorator']) retrieved from /home/airflow/.local/lib/python3.7/site-packages/airflow/example_dags/example_dag_decorator.py
[2023-03-11T12:32:50.261+0000] {logging_mixin.py:137} INFO - [2023-03-11T12:32:50.260+0000] {dag.py:2690} INFO - Sync 1 DAGs
[2023-03-11T12:32:50.291+0000] {logging_mixin.py:137} INFO - [2023-03-11T12:32:50.291+0000] {dag.py:3441} INFO - Setting next_dagrun for example_dag_decorator to None, run_after=None
[2023-03-11T12:32:50.316+0000] {processor.py:175} INFO - Processing /home/airflow/.local/lib/python3.7/site-packages/airflow/example_dags/example_dag_decorator.py took 0.166 seconds
[2023-03-11T12:33:21.011+0000] {processor.py:153} INFO - Started process (PID=467) to work on /home/airflow/.local/lib/python3.7/site-packages/airflow/example_dags/example_dag_decorator.py
[2023-03-11T12:33:21.012+0000] {processor.py:743} INFO - Processing file /home/airflow/.local/lib/python3.7/site-packages/airflow/example_dags/example_dag_decorator.py for tasks to queue
[2023-03-11T12:33:21.013+0000] {logging_mixin.py:137} INFO - [2023-03-11T12:33:21.013+0000] {dagbag.py:538} INFO - Filling up the DagBag from /home/airflow/.local/lib/python3.7/site-packages/airflow/example_dags/example_dag_decorator.py
[2023-03-11T12:33:21.030+0000] {logging_mixin.py:137} INFO - [2023-03-11T12:33:21.030+0000] {taskmixin.py:205} WARNING - Dependency <Task(_PythonDecoratedOperator): prepare_email>, send_email already registered for DAG: example_dag_decorator
[2023-03-11T12:33:21.030+0000] {logging_mixin.py:137} INFO - [2023-03-11T12:33:21.030+0000] {taskmixin.py:205} WARNING - Dependency <Task(EmailOperator): send_email>, prepare_email already registered for DAG: example_dag_decorator
[2023-03-11T12:33:21.041+0000] {processor.py:753} INFO - DAG(s) dict_keys(['example_dag_decorator']) retrieved from /home/airflow/.local/lib/python3.7/site-packages/airflow/example_dags/example_dag_decorator.py
[2023-03-11T12:33:21.131+0000] {logging_mixin.py:137} INFO - [2023-03-11T12:33:21.130+0000] {dag.py:2690} INFO - Sync 1 DAGs
[2023-03-11T12:33:21.161+0000] {logging_mixin.py:137} INFO - [2023-03-11T12:33:21.160+0000] {dag.py:3441} INFO - Setting next_dagrun for example_dag_decorator to None, run_after=None
[2023-03-11T12:33:21.183+0000] {processor.py:175} INFO - Processing /home/airflow/.local/lib/python3.7/site-packages/airflow/example_dags/example_dag_decorator.py took 0.175 seconds
[2023-03-11T12:33:52.075+0000] {processor.py:153} INFO - Started process (PID=554) to work on /home/airflow/.local/lib/python3.7/site-packages/airflow/example_dags/example_dag_decorator.py
[2023-03-11T12:33:52.076+0000] {processor.py:743} INFO - Processing file /home/airflow/.local/lib/python3.7/site-packages/airflow/example_dags/example_dag_decorator.py for tasks to queue
[2023-03-11T12:33:52.077+0000] {logging_mixin.py:137} INFO - [2023-03-11T12:33:52.076+0000] {dagbag.py:538} INFO - Filling up the DagBag from /home/airflow/.local/lib/python3.7/site-packages/airflow/example_dags/example_dag_decorator.py
[2023-03-11T12:33:52.095+0000] {logging_mixin.py:137} INFO - [2023-03-11T12:33:52.094+0000] {taskmixin.py:205} WARNING - Dependency <Task(_PythonDecoratedOperator): prepare_email>, send_email already registered for DAG: example_dag_decorator
[2023-03-11T12:33:52.095+0000] {logging_mixin.py:137} INFO - [2023-03-11T12:33:52.095+0000] {taskmixin.py:205} WARNING - Dependency <Task(EmailOperator): send_email>, prepare_email already registered for DAG: example_dag_decorator
[2023-03-11T12:33:52.107+0000] {processor.py:753} INFO - DAG(s) dict_keys(['example_dag_decorator']) retrieved from /home/airflow/.local/lib/python3.7/site-packages/airflow/example_dags/example_dag_decorator.py
[2023-03-11T12:33:52.184+0000] {logging_mixin.py:137} INFO - [2023-03-11T12:33:52.184+0000] {dag.py:2690} INFO - Sync 1 DAGs
[2023-03-11T12:33:52.217+0000] {logging_mixin.py:137} INFO - [2023-03-11T12:33:52.217+0000] {dag.py:3441} INFO - Setting next_dagrun for example_dag_decorator to None, run_after=None
[2023-03-11T12:33:52.245+0000] {processor.py:175} INFO - Processing /home/airflow/.local/lib/python3.7/site-packages/airflow/example_dags/example_dag_decorator.py took 0.173 seconds
[2023-03-11T12:34:22.839+0000] {processor.py:153} INFO - Started process (PID=665) to work on /home/airflow/.local/lib/python3.7/site-packages/airflow/example_dags/example_dag_decorator.py
[2023-03-11T12:34:22.840+0000] {processor.py:743} INFO - Processing file /home/airflow/.local/lib/python3.7/site-packages/airflow/example_dags/example_dag_decorator.py for tasks to queue
[2023-03-11T12:34:22.841+0000] {logging_mixin.py:137} INFO - [2023-03-11T12:34:22.841+0000] {dagbag.py:538} INFO - Filling up the DagBag from /home/airflow/.local/lib/python3.7/site-packages/airflow/example_dags/example_dag_decorator.py
[2023-03-11T12:34:22.857+0000] {logging_mixin.py:137} INFO - [2023-03-11T12:34:22.857+0000] {taskmixin.py:205} WARNING - Dependency <Task(_PythonDecoratedOperator): prepare_email>, send_email already registered for DAG: example_dag_decorator
[2023-03-11T12:34:22.857+0000] {logging_mixin.py:137} INFO - [2023-03-11T12:34:22.857+0000] {taskmixin.py:205} WARNING - Dependency <Task(EmailOperator): send_email>, prepare_email already registered for DAG: example_dag_decorator
[2023-03-11T12:34:22.868+0000] {processor.py:753} INFO - DAG(s) dict_keys(['example_dag_decorator']) retrieved from /home/airflow/.local/lib/python3.7/site-packages/airflow/example_dags/example_dag_decorator.py
[2023-03-11T12:34:22.939+0000] {logging_mixin.py:137} INFO - [2023-03-11T12:34:22.938+0000] {dag.py:2690} INFO - Sync 1 DAGs
[2023-03-11T12:34:22.961+0000] {logging_mixin.py:137} INFO - [2023-03-11T12:34:22.961+0000] {dag.py:3441} INFO - Setting next_dagrun for example_dag_decorator to None, run_after=None
[2023-03-11T12:34:22.983+0000] {processor.py:175} INFO - Processing /home/airflow/.local/lib/python3.7/site-packages/airflow/example_dags/example_dag_decorator.py took 0.147 seconds
[2023-03-11T12:34:53.250+0000] {processor.py:153} INFO - Started process (PID=752) to work on /home/airflow/.local/lib/python3.7/site-packages/airflow/example_dags/example_dag_decorator.py
[2023-03-11T12:34:53.251+0000] {processor.py:743} INFO - Processing file /home/airflow/.local/lib/python3.7/site-packages/airflow/example_dags/example_dag_decorator.py for tasks to queue
[2023-03-11T12:34:53.251+0000] {logging_mixin.py:137} INFO - [2023-03-11T12:34:53.251+0000] {dagbag.py:538} INFO - Filling up the DagBag from /home/airflow/.local/lib/python3.7/site-packages/airflow/example_dags/example_dag_decorator.py
[2023-03-11T12:34:53.268+0000] {logging_mixin.py:137} INFO - [2023-03-11T12:34:53.268+0000] {taskmixin.py:205} WARNING - Dependency <Task(_PythonDecoratedOperator): prepare_email>, send_email already registered for DAG: example_dag_decorator
[2023-03-11T12:34:53.269+0000] {logging_mixin.py:137} INFO - [2023-03-11T12:34:53.269+0000] {taskmixin.py:205} WARNING - Dependency <Task(EmailOperator): send_email>, prepare_email already registered for DAG: example_dag_decorator
[2023-03-11T12:34:53.281+0000] {processor.py:753} INFO - DAG(s) dict_keys(['example_dag_decorator']) retrieved from /home/airflow/.local/lib/python3.7/site-packages/airflow/example_dags/example_dag_decorator.py
[2023-03-11T12:34:53.358+0000] {logging_mixin.py:137} INFO - [2023-03-11T12:34:53.357+0000] {dag.py:2690} INFO - Sync 1 DAGs
[2023-03-11T12:34:53.383+0000] {logging_mixin.py:137} INFO - [2023-03-11T12:34:53.383+0000] {dag.py:3441} INFO - Setting next_dagrun for example_dag_decorator to None, run_after=None
[2023-03-11T12:34:53.401+0000] {processor.py:175} INFO - Processing /home/airflow/.local/lib/python3.7/site-packages/airflow/example_dags/example_dag_decorator.py took 0.155 seconds
[2023-03-11T12:35:23.575+0000] {processor.py:153} INFO - Started process (PID=863) to work on /home/airflow/.local/lib/python3.7/site-packages/airflow/example_dags/example_dag_decorator.py
[2023-03-11T12:35:23.576+0000] {processor.py:743} INFO - Processing file /home/airflow/.local/lib/python3.7/site-packages/airflow/example_dags/example_dag_decorator.py for tasks to queue
[2023-03-11T12:35:23.577+0000] {logging_mixin.py:137} INFO - [2023-03-11T12:35:23.577+0000] {dagbag.py:538} INFO - Filling up the DagBag from /home/airflow/.local/lib/python3.7/site-packages/airflow/example_dags/example_dag_decorator.py
[2023-03-11T12:35:23.593+0000] {logging_mixin.py:137} INFO - [2023-03-11T12:35:23.593+0000] {taskmixin.py:205} WARNING - Dependency <Task(_PythonDecoratedOperator): prepare_email>, send_email already registered for DAG: example_dag_decorator
[2023-03-11T12:35:23.593+0000] {logging_mixin.py:137} INFO - [2023-03-11T12:35:23.593+0000] {taskmixin.py:205} WARNING - Dependency <Task(EmailOperator): send_email>, prepare_email already registered for DAG: example_dag_decorator
[2023-03-11T12:35:23.605+0000] {processor.py:753} INFO - DAG(s) dict_keys(['example_dag_decorator']) retrieved from /home/airflow/.local/lib/python3.7/site-packages/airflow/example_dags/example_dag_decorator.py
[2023-03-11T12:35:23.682+0000] {logging_mixin.py:137} INFO - [2023-03-11T12:35:23.682+0000] {dag.py:2690} INFO - Sync 1 DAGs
[2023-03-11T12:35:23.706+0000] {logging_mixin.py:137} INFO - [2023-03-11T12:35:23.706+0000] {dag.py:3441} INFO - Setting next_dagrun for example_dag_decorator to None, run_after=None
[2023-03-11T12:35:23.728+0000] {processor.py:175} INFO - Processing /home/airflow/.local/lib/python3.7/site-packages/airflow/example_dags/example_dag_decorator.py took 0.156 seconds
[2023-03-11T12:35:53.979+0000] {processor.py:153} INFO - Started process (PID=950) to work on /home/airflow/.local/lib/python3.7/site-packages/airflow/example_dags/example_dag_decorator.py
[2023-03-11T12:35:53.980+0000] {processor.py:743} INFO - Processing file /home/airflow/.local/lib/python3.7/site-packages/airflow/example_dags/example_dag_decorator.py for tasks to queue
[2023-03-11T12:35:53.981+0000] {logging_mixin.py:137} INFO - [2023-03-11T12:35:53.980+0000] {dagbag.py:538} INFO - Filling up the DagBag from /home/airflow/.local/lib/python3.7/site-packages/airflow/example_dags/example_dag_decorator.py
[2023-03-11T12:35:53.999+0000] {logging_mixin.py:137} INFO - [2023-03-11T12:35:53.999+0000] {taskmixin.py:205} WARNING - Dependency <Task(_PythonDecoratedOperator): prepare_email>, send_email already registered for DAG: example_dag_decorator
[2023-03-11T12:35:53.999+0000] {logging_mixin.py:137} INFO - [2023-03-11T12:35:53.999+0000] {taskmixin.py:205} WARNING - Dependency <Task(EmailOperator): send_email>, prepare_email already registered for DAG: example_dag_decorator
[2023-03-11T12:35:54.011+0000] {processor.py:753} INFO - DAG(s) dict_keys(['example_dag_decorator']) retrieved from /home/airflow/.local/lib/python3.7/site-packages/airflow/example_dags/example_dag_decorator.py
[2023-03-11T12:35:54.093+0000] {logging_mixin.py:137} INFO - [2023-03-11T12:35:54.093+0000] {dag.py:2690} INFO - Sync 1 DAGs
[2023-03-11T12:35:54.117+0000] {logging_mixin.py:137} INFO - [2023-03-11T12:35:54.117+0000] {dag.py:3441} INFO - Setting next_dagrun for example_dag_decorator to None, run_after=None
[2023-03-11T12:35:54.140+0000] {processor.py:175} INFO - Processing /home/airflow/.local/lib/python3.7/site-packages/airflow/example_dags/example_dag_decorator.py took 0.165 seconds
[2023-03-11T12:36:24.669+0000] {processor.py:153} INFO - Started process (PID=1037) to work on /home/airflow/.local/lib/python3.7/site-packages/airflow/example_dags/example_dag_decorator.py
[2023-03-11T12:36:24.670+0000] {processor.py:743} INFO - Processing file /home/airflow/.local/lib/python3.7/site-packages/airflow/example_dags/example_dag_decorator.py for tasks to queue
[2023-03-11T12:36:24.671+0000] {logging_mixin.py:137} INFO - [2023-03-11T12:36:24.670+0000] {dagbag.py:538} INFO - Filling up the DagBag from /home/airflow/.local/lib/python3.7/site-packages/airflow/example_dags/example_dag_decorator.py
[2023-03-11T12:36:24.688+0000] {logging_mixin.py:137} INFO - [2023-03-11T12:36:24.688+0000] {taskmixin.py:205} WARNING - Dependency <Task(_PythonDecoratedOperator): prepare_email>, send_email already registered for DAG: example_dag_decorator
[2023-03-11T12:36:24.688+0000] {logging_mixin.py:137} INFO - [2023-03-11T12:36:24.688+0000] {taskmixin.py:205} WARNING - Dependency <Task(EmailOperator): send_email>, prepare_email already registered for DAG: example_dag_decorator
[2023-03-11T12:36:24.700+0000] {processor.py:753} INFO - DAG(s) dict_keys(['example_dag_decorator']) retrieved from /home/airflow/.local/lib/python3.7/site-packages/airflow/example_dags/example_dag_decorator.py
[2023-03-11T12:36:24.772+0000] {logging_mixin.py:137} INFO - [2023-03-11T12:36:24.772+0000] {dag.py:2690} INFO - Sync 1 DAGs
[2023-03-11T12:36:24.801+0000] {logging_mixin.py:137} INFO - [2023-03-11T12:36:24.801+0000] {dag.py:3441} INFO - Setting next_dagrun for example_dag_decorator to None, run_after=None
[2023-03-11T12:36:24.823+0000] {processor.py:175} INFO - Processing /home/airflow/.local/lib/python3.7/site-packages/airflow/example_dags/example_dag_decorator.py took 0.157 seconds
[2023-03-11T12:36:55.257+0000] {processor.py:153} INFO - Started process (PID=1148) to work on /home/airflow/.local/lib/python3.7/site-packages/airflow/example_dags/example_dag_decorator.py
[2023-03-11T12:36:55.258+0000] {processor.py:743} INFO - Processing file /home/airflow/.local/lib/python3.7/site-packages/airflow/example_dags/example_dag_decorator.py for tasks to queue
[2023-03-11T12:36:55.259+0000] {logging_mixin.py:137} INFO - [2023-03-11T12:36:55.259+0000] {dagbag.py:538} INFO - Filling up the DagBag from /home/airflow/.local/lib/python3.7/site-packages/airflow/example_dags/example_dag_decorator.py
[2023-03-11T12:36:55.276+0000] {logging_mixin.py:137} INFO - [2023-03-11T12:36:55.276+0000] {taskmixin.py:205} WARNING - Dependency <Task(_PythonDecoratedOperator): prepare_email>, send_email already registered for DAG: example_dag_decorator
[2023-03-11T12:36:55.276+0000] {logging_mixin.py:137} INFO - [2023-03-11T12:36:55.276+0000] {taskmixin.py:205} WARNING - Dependency <Task(EmailOperator): send_email>, prepare_email already registered for DAG: example_dag_decorator
[2023-03-11T12:36:55.287+0000] {processor.py:753} INFO - DAG(s) dict_keys(['example_dag_decorator']) retrieved from /home/airflow/.local/lib/python3.7/site-packages/airflow/example_dags/example_dag_decorator.py
[2023-03-11T12:36:55.366+0000] {logging_mixin.py:137} INFO - [2023-03-11T12:36:55.366+0000] {dag.py:2690} INFO - Sync 1 DAGs
[2023-03-11T12:36:55.391+0000] {logging_mixin.py:137} INFO - [2023-03-11T12:36:55.391+0000] {dag.py:3441} INFO - Setting next_dagrun for example_dag_decorator to None, run_after=None
[2023-03-11T12:36:55.413+0000] {processor.py:175} INFO - Processing /home/airflow/.local/lib/python3.7/site-packages/airflow/example_dags/example_dag_decorator.py took 0.159 seconds
[2023-03-11T12:37:25.788+0000] {processor.py:153} INFO - Started process (PID=1235) to work on /home/airflow/.local/lib/python3.7/site-packages/airflow/example_dags/example_dag_decorator.py
[2023-03-11T12:37:25.789+0000] {processor.py:743} INFO - Processing file /home/airflow/.local/lib/python3.7/site-packages/airflow/example_dags/example_dag_decorator.py for tasks to queue
[2023-03-11T12:37:25.789+0000] {logging_mixin.py:137} INFO - [2023-03-11T12:37:25.789+0000] {dagbag.py:538} INFO - Filling up the DagBag from /home/airflow/.local/lib/python3.7/site-packages/airflow/example_dags/example_dag_decorator.py
[2023-03-11T12:37:25.807+0000] {logging_mixin.py:137} INFO - [2023-03-11T12:37:25.806+0000] {taskmixin.py:205} WARNING - Dependency <Task(_PythonDecoratedOperator): prepare_email>, send_email already registered for DAG: example_dag_decorator
[2023-03-11T12:37:25.807+0000] {logging_mixin.py:137} INFO - [2023-03-11T12:37:25.807+0000] {taskmixin.py:205} WARNING - Dependency <Task(EmailOperator): send_email>, prepare_email already registered for DAG: example_dag_decorator
[2023-03-11T12:37:25.820+0000] {processor.py:753} INFO - DAG(s) dict_keys(['example_dag_decorator']) retrieved from /home/airflow/.local/lib/python3.7/site-packages/airflow/example_dags/example_dag_decorator.py
[2023-03-11T12:37:25.896+0000] {logging_mixin.py:137} INFO - [2023-03-11T12:37:25.896+0000] {dag.py:2690} INFO - Sync 1 DAGs
[2023-03-11T12:37:25.921+0000] {logging_mixin.py:137} INFO - [2023-03-11T12:37:25.920+0000] {dag.py:3441} INFO - Setting next_dagrun for example_dag_decorator to None, run_after=None
[2023-03-11T12:37:25.943+0000] {processor.py:175} INFO - Processing /home/airflow/.local/lib/python3.7/site-packages/airflow/example_dags/example_dag_decorator.py took 0.158 seconds
[2023-03-11T12:37:56.827+0000] {processor.py:153} INFO - Started process (PID=1331) to work on /home/airflow/.local/lib/python3.7/site-packages/airflow/example_dags/example_dag_decorator.py
[2023-03-11T12:37:56.828+0000] {processor.py:743} INFO - Processing file /home/airflow/.local/lib/python3.7/site-packages/airflow/example_dags/example_dag_decorator.py for tasks to queue
[2023-03-11T12:37:56.829+0000] {logging_mixin.py:137} INFO - [2023-03-11T12:37:56.828+0000] {dagbag.py:538} INFO - Filling up the DagBag from /home/airflow/.local/lib/python3.7/site-packages/airflow/example_dags/example_dag_decorator.py
[2023-03-11T12:37:56.846+0000] {logging_mixin.py:137} INFO - [2023-03-11T12:37:56.846+0000] {taskmixin.py:205} WARNING - Dependency <Task(_PythonDecoratedOperator): prepare_email>, send_email already registered for DAG: example_dag_decorator
[2023-03-11T12:37:56.846+0000] {logging_mixin.py:137} INFO - [2023-03-11T12:37:56.846+0000] {taskmixin.py:205} WARNING - Dependency <Task(EmailOperator): send_email>, prepare_email already registered for DAG: example_dag_decorator
[2023-03-11T12:37:56.858+0000] {processor.py:753} INFO - DAG(s) dict_keys(['example_dag_decorator']) retrieved from /home/airflow/.local/lib/python3.7/site-packages/airflow/example_dags/example_dag_decorator.py
[2023-03-11T12:37:56.928+0000] {logging_mixin.py:137} INFO - [2023-03-11T12:37:56.928+0000] {dag.py:2690} INFO - Sync 1 DAGs
[2023-03-11T12:37:56.952+0000] {logging_mixin.py:137} INFO - [2023-03-11T12:37:56.952+0000] {dag.py:3441} INFO - Setting next_dagrun for example_dag_decorator to None, run_after=None
[2023-03-11T12:37:56.972+0000] {processor.py:175} INFO - Processing /home/airflow/.local/lib/python3.7/site-packages/airflow/example_dags/example_dag_decorator.py took 0.149 seconds
[2023-03-11T12:38:27.176+0000] {processor.py:153} INFO - Started process (PID=1432) to work on /home/airflow/.local/lib/python3.7/site-packages/airflow/example_dags/example_dag_decorator.py
[2023-03-11T12:38:27.178+0000] {processor.py:743} INFO - Processing file /home/airflow/.local/lib/python3.7/site-packages/airflow/example_dags/example_dag_decorator.py for tasks to queue
[2023-03-11T12:38:27.178+0000] {logging_mixin.py:137} INFO - [2023-03-11T12:38:27.178+0000] {dagbag.py:538} INFO - Filling up the DagBag from /home/airflow/.local/lib/python3.7/site-packages/airflow/example_dags/example_dag_decorator.py
[2023-03-11T12:38:27.196+0000] {logging_mixin.py:137} INFO - [2023-03-11T12:38:27.196+0000] {taskmixin.py:205} WARNING - Dependency <Task(_PythonDecoratedOperator): prepare_email>, send_email already registered for DAG: example_dag_decorator
[2023-03-11T12:38:27.196+0000] {logging_mixin.py:137} INFO - [2023-03-11T12:38:27.196+0000] {taskmixin.py:205} WARNING - Dependency <Task(EmailOperator): send_email>, prepare_email already registered for DAG: example_dag_decorator
[2023-03-11T12:38:27.210+0000] {processor.py:753} INFO - DAG(s) dict_keys(['example_dag_decorator']) retrieved from /home/airflow/.local/lib/python3.7/site-packages/airflow/example_dags/example_dag_decorator.py
[2023-03-11T12:38:27.286+0000] {logging_mixin.py:137} INFO - [2023-03-11T12:38:27.286+0000] {dag.py:2690} INFO - Sync 1 DAGs
[2023-03-11T12:38:27.317+0000] {logging_mixin.py:137} INFO - [2023-03-11T12:38:27.317+0000] {dag.py:3441} INFO - Setting next_dagrun for example_dag_decorator to None, run_after=None
[2023-03-11T12:38:27.338+0000] {processor.py:175} INFO - Processing /home/airflow/.local/lib/python3.7/site-packages/airflow/example_dags/example_dag_decorator.py took 0.164 seconds
[2023-03-11T12:38:58.294+0000] {processor.py:153} INFO - Started process (PID=1519) to work on /home/airflow/.local/lib/python3.7/site-packages/airflow/example_dags/example_dag_decorator.py
[2023-03-11T12:38:58.295+0000] {processor.py:743} INFO - Processing file /home/airflow/.local/lib/python3.7/site-packages/airflow/example_dags/example_dag_decorator.py for tasks to queue
[2023-03-11T12:38:58.297+0000] {logging_mixin.py:137} INFO - [2023-03-11T12:38:58.296+0000] {dagbag.py:538} INFO - Filling up the DagBag from /home/airflow/.local/lib/python3.7/site-packages/airflow/example_dags/example_dag_decorator.py
[2023-03-11T12:38:58.319+0000] {logging_mixin.py:137} INFO - [2023-03-11T12:38:58.319+0000] {taskmixin.py:205} WARNING - Dependency <Task(_PythonDecoratedOperator): prepare_email>, send_email already registered for DAG: example_dag_decorator
[2023-03-11T12:38:58.319+0000] {logging_mixin.py:137} INFO - [2023-03-11T12:38:58.319+0000] {taskmixin.py:205} WARNING - Dependency <Task(EmailOperator): send_email>, prepare_email already registered for DAG: example_dag_decorator
[2023-03-11T12:38:58.333+0000] {processor.py:753} INFO - DAG(s) dict_keys(['example_dag_decorator']) retrieved from /home/airflow/.local/lib/python3.7/site-packages/airflow/example_dags/example_dag_decorator.py
[2023-03-11T12:38:58.425+0000] {logging_mixin.py:137} INFO - [2023-03-11T12:38:58.425+0000] {dag.py:2690} INFO - Sync 1 DAGs
[2023-03-11T12:38:58.451+0000] {logging_mixin.py:137} INFO - [2023-03-11T12:38:58.451+0000] {dag.py:3441} INFO - Setting next_dagrun for example_dag_decorator to None, run_after=None
[2023-03-11T12:38:58.478+0000] {processor.py:175} INFO - Processing /home/airflow/.local/lib/python3.7/site-packages/airflow/example_dags/example_dag_decorator.py took 0.188 seconds
[2023-03-11T12:39:28.564+0000] {processor.py:153} INFO - Started process (PID=1630) to work on /home/airflow/.local/lib/python3.7/site-packages/airflow/example_dags/example_dag_decorator.py
[2023-03-11T12:39:28.565+0000] {processor.py:743} INFO - Processing file /home/airflow/.local/lib/python3.7/site-packages/airflow/example_dags/example_dag_decorator.py for tasks to queue
[2023-03-11T12:39:28.566+0000] {logging_mixin.py:137} INFO - [2023-03-11T12:39:28.566+0000] {dagbag.py:538} INFO - Filling up the DagBag from /home/airflow/.local/lib/python3.7/site-packages/airflow/example_dags/example_dag_decorator.py
[2023-03-11T12:39:28.588+0000] {logging_mixin.py:137} INFO - [2023-03-11T12:39:28.588+0000] {taskmixin.py:205} WARNING - Dependency <Task(_PythonDecoratedOperator): prepare_email>, send_email already registered for DAG: example_dag_decorator
[2023-03-11T12:39:28.589+0000] {logging_mixin.py:137} INFO - [2023-03-11T12:39:28.589+0000] {taskmixin.py:205} WARNING - Dependency <Task(EmailOperator): send_email>, prepare_email already registered for DAG: example_dag_decorator
[2023-03-11T12:39:28.652+0000] {processor.py:753} INFO - DAG(s) dict_keys(['example_dag_decorator']) retrieved from /home/airflow/.local/lib/python3.7/site-packages/airflow/example_dags/example_dag_decorator.py
[2023-03-11T12:39:28.729+0000] {logging_mixin.py:137} INFO - [2023-03-11T12:39:28.729+0000] {dag.py:2690} INFO - Sync 1 DAGs
[2023-03-11T12:39:28.758+0000] {logging_mixin.py:137} INFO - [2023-03-11T12:39:28.758+0000] {dag.py:3441} INFO - Setting next_dagrun for example_dag_decorator to None, run_after=None
[2023-03-11T12:39:28.790+0000] {processor.py:175} INFO - Processing /home/airflow/.local/lib/python3.7/site-packages/airflow/example_dags/example_dag_decorator.py took 0.230 seconds
[2023-03-11T12:39:58.965+0000] {processor.py:153} INFO - Started process (PID=1717) to work on /home/airflow/.local/lib/python3.7/site-packages/airflow/example_dags/example_dag_decorator.py
[2023-03-11T12:39:58.966+0000] {processor.py:743} INFO - Processing file /home/airflow/.local/lib/python3.7/site-packages/airflow/example_dags/example_dag_decorator.py for tasks to queue
[2023-03-11T12:39:58.967+0000] {logging_mixin.py:137} INFO - [2023-03-11T12:39:58.967+0000] {dagbag.py:538} INFO - Filling up the DagBag from /home/airflow/.local/lib/python3.7/site-packages/airflow/example_dags/example_dag_decorator.py
[2023-03-11T12:39:58.984+0000] {logging_mixin.py:137} INFO - [2023-03-11T12:39:58.984+0000] {taskmixin.py:205} WARNING - Dependency <Task(_PythonDecoratedOperator): prepare_email>, send_email already registered for DAG: example_dag_decorator
[2023-03-11T12:39:58.984+0000] {logging_mixin.py:137} INFO - [2023-03-11T12:39:58.984+0000] {taskmixin.py:205} WARNING - Dependency <Task(EmailOperator): send_email>, prepare_email already registered for DAG: example_dag_decorator
[2023-03-11T12:39:58.995+0000] {processor.py:753} INFO - DAG(s) dict_keys(['example_dag_decorator']) retrieved from /home/airflow/.local/lib/python3.7/site-packages/airflow/example_dags/example_dag_decorator.py
[2023-03-11T12:39:59.065+0000] {logging_mixin.py:137} INFO - [2023-03-11T12:39:59.065+0000] {dag.py:2690} INFO - Sync 1 DAGs
[2023-03-11T12:39:59.088+0000] {logging_mixin.py:137} INFO - [2023-03-11T12:39:59.088+0000] {dag.py:3441} INFO - Setting next_dagrun for example_dag_decorator to None, run_after=None
[2023-03-11T12:39:59.111+0000] {processor.py:175} INFO - Processing /home/airflow/.local/lib/python3.7/site-packages/airflow/example_dags/example_dag_decorator.py took 0.148 seconds
[2023-03-11T12:40:29.912+0000] {processor.py:153} INFO - Started process (PID=1804) to work on /home/airflow/.local/lib/python3.7/site-packages/airflow/example_dags/example_dag_decorator.py
[2023-03-11T12:40:29.913+0000] {processor.py:743} INFO - Processing file /home/airflow/.local/lib/python3.7/site-packages/airflow/example_dags/example_dag_decorator.py for tasks to queue
[2023-03-11T12:40:29.914+0000] {logging_mixin.py:137} INFO - [2023-03-11T12:40:29.914+0000] {dagbag.py:538} INFO - Filling up the DagBag from /home/airflow/.local/lib/python3.7/site-packages/airflow/example_dags/example_dag_decorator.py
[2023-03-11T12:40:29.936+0000] {logging_mixin.py:137} INFO - [2023-03-11T12:40:29.935+0000] {taskmixin.py:205} WARNING - Dependency <Task(_PythonDecoratedOperator): prepare_email>, send_email already registered for DAG: example_dag_decorator
[2023-03-11T12:40:29.936+0000] {logging_mixin.py:137} INFO - [2023-03-11T12:40:29.936+0000] {taskmixin.py:205} WARNING - Dependency <Task(EmailOperator): send_email>, prepare_email already registered for DAG: example_dag_decorator
[2023-03-11T12:40:29.955+0000] {processor.py:753} INFO - DAG(s) dict_keys(['example_dag_decorator']) retrieved from /home/airflow/.local/lib/python3.7/site-packages/airflow/example_dags/example_dag_decorator.py
[2023-03-11T12:40:30.040+0000] {logging_mixin.py:137} INFO - [2023-03-11T12:40:30.040+0000] {dag.py:2690} INFO - Sync 1 DAGs
[2023-03-11T12:40:30.068+0000] {logging_mixin.py:137} INFO - [2023-03-11T12:40:30.067+0000] {dag.py:3441} INFO - Setting next_dagrun for example_dag_decorator to None, run_after=None
[2023-03-11T12:40:30.090+0000] {processor.py:175} INFO - Processing /home/airflow/.local/lib/python3.7/site-packages/airflow/example_dags/example_dag_decorator.py took 0.182 seconds
[2023-03-11T12:41:00.909+0000] {processor.py:153} INFO - Started process (PID=1915) to work on /home/airflow/.local/lib/python3.7/site-packages/airflow/example_dags/example_dag_decorator.py
[2023-03-11T12:41:00.910+0000] {processor.py:743} INFO - Processing file /home/airflow/.local/lib/python3.7/site-packages/airflow/example_dags/example_dag_decorator.py for tasks to queue
[2023-03-11T12:41:00.911+0000] {logging_mixin.py:137} INFO - [2023-03-11T12:41:00.911+0000] {dagbag.py:538} INFO - Filling up the DagBag from /home/airflow/.local/lib/python3.7/site-packages/airflow/example_dags/example_dag_decorator.py
[2023-03-11T12:41:00.928+0000] {logging_mixin.py:137} INFO - [2023-03-11T12:41:00.928+0000] {taskmixin.py:205} WARNING - Dependency <Task(_PythonDecoratedOperator): prepare_email>, send_email already registered for DAG: example_dag_decorator
[2023-03-11T12:41:00.929+0000] {logging_mixin.py:137} INFO - [2023-03-11T12:41:00.928+0000] {taskmixin.py:205} WARNING - Dependency <Task(EmailOperator): send_email>, prepare_email already registered for DAG: example_dag_decorator
[2023-03-11T12:41:00.943+0000] {processor.py:753} INFO - DAG(s) dict_keys(['example_dag_decorator']) retrieved from /home/airflow/.local/lib/python3.7/site-packages/airflow/example_dags/example_dag_decorator.py
[2023-03-11T12:41:01.044+0000] {logging_mixin.py:137} INFO - [2023-03-11T12:41:01.044+0000] {dag.py:2690} INFO - Sync 1 DAGs
[2023-03-11T12:41:01.069+0000] {logging_mixin.py:137} INFO - [2023-03-11T12:41:01.069+0000] {dag.py:3441} INFO - Setting next_dagrun for example_dag_decorator to None, run_after=None
[2023-03-11T12:41:01.093+0000] {processor.py:175} INFO - Processing /home/airflow/.local/lib/python3.7/site-packages/airflow/example_dags/example_dag_decorator.py took 0.187 seconds
[2023-03-11T12:41:31.608+0000] {processor.py:153} INFO - Started process (PID=2002) to work on /home/airflow/.local/lib/python3.7/site-packages/airflow/example_dags/example_dag_decorator.py
[2023-03-11T12:41:31.609+0000] {processor.py:743} INFO - Processing file /home/airflow/.local/lib/python3.7/site-packages/airflow/example_dags/example_dag_decorator.py for tasks to queue
[2023-03-11T12:41:31.610+0000] {logging_mixin.py:137} INFO - [2023-03-11T12:41:31.610+0000] {dagbag.py:538} INFO - Filling up the DagBag from /home/airflow/.local/lib/python3.7/site-packages/airflow/example_dags/example_dag_decorator.py
[2023-03-11T12:41:31.629+0000] {logging_mixin.py:137} INFO - [2023-03-11T12:41:31.629+0000] {taskmixin.py:205} WARNING - Dependency <Task(_PythonDecoratedOperator): prepare_email>, send_email already registered for DAG: example_dag_decorator
[2023-03-11T12:41:31.630+0000] {logging_mixin.py:137} INFO - [2023-03-11T12:41:31.630+0000] {taskmixin.py:205} WARNING - Dependency <Task(EmailOperator): send_email>, prepare_email already registered for DAG: example_dag_decorator
[2023-03-11T12:41:31.641+0000] {processor.py:753} INFO - DAG(s) dict_keys(['example_dag_decorator']) retrieved from /home/airflow/.local/lib/python3.7/site-packages/airflow/example_dags/example_dag_decorator.py
[2023-03-11T12:41:31.715+0000] {logging_mixin.py:137} INFO - [2023-03-11T12:41:31.715+0000] {dag.py:2690} INFO - Sync 1 DAGs
[2023-03-11T12:41:31.738+0000] {logging_mixin.py:137} INFO - [2023-03-11T12:41:31.738+0000] {dag.py:3441} INFO - Setting next_dagrun for example_dag_decorator to None, run_after=None
[2023-03-11T12:41:31.758+0000] {processor.py:175} INFO - Processing /home/airflow/.local/lib/python3.7/site-packages/airflow/example_dags/example_dag_decorator.py took 0.154 seconds
[2023-03-11T12:42:02.308+0000] {processor.py:153} INFO - Started process (PID=2098) to work on /home/airflow/.local/lib/python3.7/site-packages/airflow/example_dags/example_dag_decorator.py
[2023-03-11T12:42:02.309+0000] {processor.py:743} INFO - Processing file /home/airflow/.local/lib/python3.7/site-packages/airflow/example_dags/example_dag_decorator.py for tasks to queue
[2023-03-11T12:42:02.310+0000] {logging_mixin.py:137} INFO - [2023-03-11T12:42:02.310+0000] {dagbag.py:538} INFO - Filling up the DagBag from /home/airflow/.local/lib/python3.7/site-packages/airflow/example_dags/example_dag_decorator.py
[2023-03-11T12:42:02.327+0000] {logging_mixin.py:137} INFO - [2023-03-11T12:42:02.326+0000] {taskmixin.py:205} WARNING - Dependency <Task(_PythonDecoratedOperator): prepare_email>, send_email already registered for DAG: example_dag_decorator
[2023-03-11T12:42:02.327+0000] {logging_mixin.py:137} INFO - [2023-03-11T12:42:02.327+0000] {taskmixin.py:205} WARNING - Dependency <Task(EmailOperator): send_email>, prepare_email already registered for DAG: example_dag_decorator
[2023-03-11T12:42:02.338+0000] {processor.py:753} INFO - DAG(s) dict_keys(['example_dag_decorator']) retrieved from /home/airflow/.local/lib/python3.7/site-packages/airflow/example_dags/example_dag_decorator.py
[2023-03-11T12:42:02.409+0000] {logging_mixin.py:137} INFO - [2023-03-11T12:42:02.409+0000] {dag.py:2690} INFO - Sync 1 DAGs
[2023-03-11T12:42:02.433+0000] {logging_mixin.py:137} INFO - [2023-03-11T12:42:02.433+0000] {dag.py:3441} INFO - Setting next_dagrun for example_dag_decorator to None, run_after=None
[2023-03-11T12:42:02.454+0000] {processor.py:175} INFO - Processing /home/airflow/.local/lib/python3.7/site-packages/airflow/example_dags/example_dag_decorator.py took 0.149 seconds
[2023-03-11T12:42:32.987+0000] {processor.py:153} INFO - Started process (PID=2200) to work on /home/airflow/.local/lib/python3.7/site-packages/airflow/example_dags/example_dag_decorator.py
[2023-03-11T12:42:32.988+0000] {processor.py:743} INFO - Processing file /home/airflow/.local/lib/python3.7/site-packages/airflow/example_dags/example_dag_decorator.py for tasks to queue
[2023-03-11T12:42:32.988+0000] {logging_mixin.py:137} INFO - [2023-03-11T12:42:32.988+0000] {dagbag.py:538} INFO - Filling up the DagBag from /home/airflow/.local/lib/python3.7/site-packages/airflow/example_dags/example_dag_decorator.py
[2023-03-11T12:42:33.007+0000] {logging_mixin.py:137} INFO - [2023-03-11T12:42:33.007+0000] {taskmixin.py:205} WARNING - Dependency <Task(_PythonDecoratedOperator): prepare_email>, send_email already registered for DAG: example_dag_decorator
[2023-03-11T12:42:33.008+0000] {logging_mixin.py:137} INFO - [2023-03-11T12:42:33.008+0000] {taskmixin.py:205} WARNING - Dependency <Task(EmailOperator): send_email>, prepare_email already registered for DAG: example_dag_decorator
[2023-03-11T12:42:33.022+0000] {processor.py:753} INFO - DAG(s) dict_keys(['example_dag_decorator']) retrieved from /home/airflow/.local/lib/python3.7/site-packages/airflow/example_dags/example_dag_decorator.py
[2023-03-11T12:42:33.105+0000] {logging_mixin.py:137} INFO - [2023-03-11T12:42:33.105+0000] {dag.py:2690} INFO - Sync 1 DAGs
[2023-03-11T12:42:33.134+0000] {logging_mixin.py:137} INFO - [2023-03-11T12:42:33.134+0000] {dag.py:3441} INFO - Setting next_dagrun for example_dag_decorator to None, run_after=None
[2023-03-11T12:42:33.155+0000] {processor.py:175} INFO - Processing /home/airflow/.local/lib/python3.7/site-packages/airflow/example_dags/example_dag_decorator.py took 0.172 seconds
[2023-03-11T12:43:03.688+0000] {processor.py:153} INFO - Started process (PID=2287) to work on /home/airflow/.local/lib/python3.7/site-packages/airflow/example_dags/example_dag_decorator.py
[2023-03-11T12:43:03.689+0000] {processor.py:743} INFO - Processing file /home/airflow/.local/lib/python3.7/site-packages/airflow/example_dags/example_dag_decorator.py for tasks to queue
[2023-03-11T12:43:03.690+0000] {logging_mixin.py:137} INFO - [2023-03-11T12:43:03.690+0000] {dagbag.py:538} INFO - Filling up the DagBag from /home/airflow/.local/lib/python3.7/site-packages/airflow/example_dags/example_dag_decorator.py
[2023-03-11T12:43:03.707+0000] {logging_mixin.py:137} INFO - [2023-03-11T12:43:03.707+0000] {taskmixin.py:205} WARNING - Dependency <Task(_PythonDecoratedOperator): prepare_email>, send_email already registered for DAG: example_dag_decorator
[2023-03-11T12:43:03.707+0000] {logging_mixin.py:137} INFO - [2023-03-11T12:43:03.707+0000] {taskmixin.py:205} WARNING - Dependency <Task(EmailOperator): send_email>, prepare_email already registered for DAG: example_dag_decorator
[2023-03-11T12:43:03.719+0000] {processor.py:753} INFO - DAG(s) dict_keys(['example_dag_decorator']) retrieved from /home/airflow/.local/lib/python3.7/site-packages/airflow/example_dags/example_dag_decorator.py
[2023-03-11T12:43:03.796+0000] {logging_mixin.py:137} INFO - [2023-03-11T12:43:03.796+0000] {dag.py:2690} INFO - Sync 1 DAGs
[2023-03-11T12:43:03.820+0000] {logging_mixin.py:137} INFO - [2023-03-11T12:43:03.820+0000] {dag.py:3441} INFO - Setting next_dagrun for example_dag_decorator to None, run_after=None
[2023-03-11T12:43:03.839+0000] {processor.py:175} INFO - Processing /home/airflow/.local/lib/python3.7/site-packages/airflow/example_dags/example_dag_decorator.py took 0.154 seconds
[2023-03-11T12:43:34.345+0000] {processor.py:153} INFO - Started process (PID=2398) to work on /home/airflow/.local/lib/python3.7/site-packages/airflow/example_dags/example_dag_decorator.py
[2023-03-11T12:43:34.346+0000] {processor.py:743} INFO - Processing file /home/airflow/.local/lib/python3.7/site-packages/airflow/example_dags/example_dag_decorator.py for tasks to queue
[2023-03-11T12:43:34.347+0000] {logging_mixin.py:137} INFO - [2023-03-11T12:43:34.347+0000] {dagbag.py:538} INFO - Filling up the DagBag from /home/airflow/.local/lib/python3.7/site-packages/airflow/example_dags/example_dag_decorator.py
[2023-03-11T12:43:34.364+0000] {logging_mixin.py:137} INFO - [2023-03-11T12:43:34.364+0000] {taskmixin.py:205} WARNING - Dependency <Task(_PythonDecoratedOperator): prepare_email>, send_email already registered for DAG: example_dag_decorator
[2023-03-11T12:43:34.364+0000] {logging_mixin.py:137} INFO - [2023-03-11T12:43:34.364+0000] {taskmixin.py:205} WARNING - Dependency <Task(EmailOperator): send_email>, prepare_email already registered for DAG: example_dag_decorator
[2023-03-11T12:43:34.376+0000] {processor.py:753} INFO - DAG(s) dict_keys(['example_dag_decorator']) retrieved from /home/airflow/.local/lib/python3.7/site-packages/airflow/example_dags/example_dag_decorator.py
[2023-03-11T12:43:34.446+0000] {logging_mixin.py:137} INFO - [2023-03-11T12:43:34.446+0000] {dag.py:2690} INFO - Sync 1 DAGs
[2023-03-11T12:43:34.470+0000] {logging_mixin.py:137} INFO - [2023-03-11T12:43:34.469+0000] {dag.py:3441} INFO - Setting next_dagrun for example_dag_decorator to None, run_after=None
[2023-03-11T12:43:34.490+0000] {processor.py:175} INFO - Processing /home/airflow/.local/lib/python3.7/site-packages/airflow/example_dags/example_dag_decorator.py took 0.147 seconds
[2023-03-11T12:44:04.814+0000] {processor.py:153} INFO - Started process (PID=2485) to work on /home/airflow/.local/lib/python3.7/site-packages/airflow/example_dags/example_dag_decorator.py
[2023-03-11T12:44:04.814+0000] {processor.py:743} INFO - Processing file /home/airflow/.local/lib/python3.7/site-packages/airflow/example_dags/example_dag_decorator.py for tasks to queue
[2023-03-11T12:44:04.815+0000] {logging_mixin.py:137} INFO - [2023-03-11T12:44:04.815+0000] {dagbag.py:538} INFO - Filling up the DagBag from /home/airflow/.local/lib/python3.7/site-packages/airflow/example_dags/example_dag_decorator.py
[2023-03-11T12:44:04.832+0000] {logging_mixin.py:137} INFO - [2023-03-11T12:44:04.832+0000] {taskmixin.py:205} WARNING - Dependency <Task(_PythonDecoratedOperator): prepare_email>, send_email already registered for DAG: example_dag_decorator
[2023-03-11T12:44:04.832+0000] {logging_mixin.py:137} INFO - [2023-03-11T12:44:04.832+0000] {taskmixin.py:205} WARNING - Dependency <Task(EmailOperator): send_email>, prepare_email already registered for DAG: example_dag_decorator
[2023-03-11T12:44:04.844+0000] {processor.py:753} INFO - DAG(s) dict_keys(['example_dag_decorator']) retrieved from /home/airflow/.local/lib/python3.7/site-packages/airflow/example_dags/example_dag_decorator.py
[2023-03-11T12:44:04.912+0000] {logging_mixin.py:137} INFO - [2023-03-11T12:44:04.911+0000] {dag.py:2690} INFO - Sync 1 DAGs
[2023-03-11T12:44:04.936+0000] {logging_mixin.py:137} INFO - [2023-03-11T12:44:04.936+0000] {dag.py:3441} INFO - Setting next_dagrun for example_dag_decorator to None, run_after=None
[2023-03-11T12:44:04.955+0000] {processor.py:175} INFO - Processing /home/airflow/.local/lib/python3.7/site-packages/airflow/example_dags/example_dag_decorator.py took 0.144 seconds
[2023-03-11T12:44:35.453+0000] {processor.py:153} INFO - Started process (PID=2596) to work on /home/airflow/.local/lib/python3.7/site-packages/airflow/example_dags/example_dag_decorator.py
[2023-03-11T12:44:35.454+0000] {processor.py:743} INFO - Processing file /home/airflow/.local/lib/python3.7/site-packages/airflow/example_dags/example_dag_decorator.py for tasks to queue
[2023-03-11T12:44:35.454+0000] {logging_mixin.py:137} INFO - [2023-03-11T12:44:35.454+0000] {dagbag.py:538} INFO - Filling up the DagBag from /home/airflow/.local/lib/python3.7/site-packages/airflow/example_dags/example_dag_decorator.py
[2023-03-11T12:44:35.473+0000] {logging_mixin.py:137} INFO - [2023-03-11T12:44:35.472+0000] {taskmixin.py:205} WARNING - Dependency <Task(_PythonDecoratedOperator): prepare_email>, send_email already registered for DAG: example_dag_decorator
[2023-03-11T12:44:35.473+0000] {logging_mixin.py:137} INFO - [2023-03-11T12:44:35.473+0000] {taskmixin.py:205} WARNING - Dependency <Task(EmailOperator): send_email>, prepare_email already registered for DAG: example_dag_decorator
[2023-03-11T12:44:35.485+0000] {processor.py:753} INFO - DAG(s) dict_keys(['example_dag_decorator']) retrieved from /home/airflow/.local/lib/python3.7/site-packages/airflow/example_dags/example_dag_decorator.py
[2023-03-11T12:44:35.562+0000] {logging_mixin.py:137} INFO - [2023-03-11T12:44:35.562+0000] {dag.py:2690} INFO - Sync 1 DAGs
[2023-03-11T12:44:35.590+0000] {logging_mixin.py:137} INFO - [2023-03-11T12:44:35.589+0000] {dag.py:3441} INFO - Setting next_dagrun for example_dag_decorator to None, run_after=None
[2023-03-11T12:44:35.612+0000] {processor.py:175} INFO - Processing /home/airflow/.local/lib/python3.7/site-packages/airflow/example_dags/example_dag_decorator.py took 0.162 seconds
[2023-03-11T12:45:06.522+0000] {processor.py:153} INFO - Started process (PID=2683) to work on /home/airflow/.local/lib/python3.7/site-packages/airflow/example_dags/example_dag_decorator.py
[2023-03-11T12:45:06.523+0000] {processor.py:743} INFO - Processing file /home/airflow/.local/lib/python3.7/site-packages/airflow/example_dags/example_dag_decorator.py for tasks to queue
[2023-03-11T12:45:06.523+0000] {logging_mixin.py:137} INFO - [2023-03-11T12:45:06.523+0000] {dagbag.py:538} INFO - Filling up the DagBag from /home/airflow/.local/lib/python3.7/site-packages/airflow/example_dags/example_dag_decorator.py
[2023-03-11T12:45:06.541+0000] {logging_mixin.py:137} INFO - [2023-03-11T12:45:06.541+0000] {taskmixin.py:205} WARNING - Dependency <Task(_PythonDecoratedOperator): prepare_email>, send_email already registered for DAG: example_dag_decorator
[2023-03-11T12:45:06.542+0000] {logging_mixin.py:137} INFO - [2023-03-11T12:45:06.541+0000] {taskmixin.py:205} WARNING - Dependency <Task(EmailOperator): send_email>, prepare_email already registered for DAG: example_dag_decorator
[2023-03-11T12:45:06.554+0000] {processor.py:753} INFO - DAG(s) dict_keys(['example_dag_decorator']) retrieved from /home/airflow/.local/lib/python3.7/site-packages/airflow/example_dags/example_dag_decorator.py
[2023-03-11T12:45:06.648+0000] {logging_mixin.py:137} INFO - [2023-03-11T12:45:06.648+0000] {dag.py:2690} INFO - Sync 1 DAGs
[2023-03-11T12:45:06.678+0000] {logging_mixin.py:137} INFO - [2023-03-11T12:45:06.678+0000] {dag.py:3441} INFO - Setting next_dagrun for example_dag_decorator to None, run_after=None
[2023-03-11T12:45:06.714+0000] {processor.py:175} INFO - Processing /home/airflow/.local/lib/python3.7/site-packages/airflow/example_dags/example_dag_decorator.py took 0.197 seconds
[2023-03-11T12:45:36.904+0000] {processor.py:153} INFO - Started process (PID=2770) to work on /home/airflow/.local/lib/python3.7/site-packages/airflow/example_dags/example_dag_decorator.py
[2023-03-11T12:45:36.905+0000] {processor.py:743} INFO - Processing file /home/airflow/.local/lib/python3.7/site-packages/airflow/example_dags/example_dag_decorator.py for tasks to queue
[2023-03-11T12:45:36.906+0000] {logging_mixin.py:137} INFO - [2023-03-11T12:45:36.906+0000] {dagbag.py:538} INFO - Filling up the DagBag from /home/airflow/.local/lib/python3.7/site-packages/airflow/example_dags/example_dag_decorator.py
[2023-03-11T12:45:36.931+0000] {logging_mixin.py:137} INFO - [2023-03-11T12:45:36.931+0000] {taskmixin.py:205} WARNING - Dependency <Task(_PythonDecoratedOperator): prepare_email>, send_email already registered for DAG: example_dag_decorator
[2023-03-11T12:45:36.932+0000] {logging_mixin.py:137} INFO - [2023-03-11T12:45:36.932+0000] {taskmixin.py:205} WARNING - Dependency <Task(EmailOperator): send_email>, prepare_email already registered for DAG: example_dag_decorator
[2023-03-11T12:45:36.949+0000] {processor.py:753} INFO - DAG(s) dict_keys(['example_dag_decorator']) retrieved from /home/airflow/.local/lib/python3.7/site-packages/airflow/example_dags/example_dag_decorator.py
[2023-03-11T12:45:37.060+0000] {logging_mixin.py:137} INFO - [2023-03-11T12:45:37.059+0000] {dag.py:2690} INFO - Sync 1 DAGs
[2023-03-11T12:45:37.093+0000] {logging_mixin.py:137} INFO - [2023-03-11T12:45:37.093+0000] {dag.py:3441} INFO - Setting next_dagrun for example_dag_decorator to None, run_after=None
[2023-03-11T12:45:37.138+0000] {processor.py:175} INFO - Processing /home/airflow/.local/lib/python3.7/site-packages/airflow/example_dags/example_dag_decorator.py took 0.239 seconds
[2023-03-11T12:46:07.433+0000] {processor.py:153} INFO - Started process (PID=2881) to work on /home/airflow/.local/lib/python3.7/site-packages/airflow/example_dags/example_dag_decorator.py
[2023-03-11T12:46:07.434+0000] {processor.py:743} INFO - Processing file /home/airflow/.local/lib/python3.7/site-packages/airflow/example_dags/example_dag_decorator.py for tasks to queue
[2023-03-11T12:46:07.434+0000] {logging_mixin.py:137} INFO - [2023-03-11T12:46:07.434+0000] {dagbag.py:538} INFO - Filling up the DagBag from /home/airflow/.local/lib/python3.7/site-packages/airflow/example_dags/example_dag_decorator.py
[2023-03-11T12:46:07.450+0000] {logging_mixin.py:137} INFO - [2023-03-11T12:46:07.450+0000] {taskmixin.py:205} WARNING - Dependency <Task(_PythonDecoratedOperator): prepare_email>, send_email already registered for DAG: example_dag_decorator
[2023-03-11T12:46:07.450+0000] {logging_mixin.py:137} INFO - [2023-03-11T12:46:07.450+0000] {taskmixin.py:205} WARNING - Dependency <Task(EmailOperator): send_email>, prepare_email already registered for DAG: example_dag_decorator
[2023-03-11T12:46:07.463+0000] {processor.py:753} INFO - DAG(s) dict_keys(['example_dag_decorator']) retrieved from /home/airflow/.local/lib/python3.7/site-packages/airflow/example_dags/example_dag_decorator.py
[2023-03-11T12:46:07.528+0000] {logging_mixin.py:137} INFO - [2023-03-11T12:46:07.528+0000] {dag.py:2690} INFO - Sync 1 DAGs
[2023-03-11T12:46:07.551+0000] {logging_mixin.py:137} INFO - [2023-03-11T12:46:07.551+0000] {dag.py:3441} INFO - Setting next_dagrun for example_dag_decorator to None, run_after=None
[2023-03-11T12:46:07.569+0000] {processor.py:175} INFO - Processing /home/airflow/.local/lib/python3.7/site-packages/airflow/example_dags/example_dag_decorator.py took 0.138 seconds
[2023-03-11T12:46:38.254+0000] {processor.py:153} INFO - Started process (PID=2968) to work on /home/airflow/.local/lib/python3.7/site-packages/airflow/example_dags/example_dag_decorator.py
[2023-03-11T12:46:38.255+0000] {processor.py:743} INFO - Processing file /home/airflow/.local/lib/python3.7/site-packages/airflow/example_dags/example_dag_decorator.py for tasks to queue
[2023-03-11T12:46:38.255+0000] {logging_mixin.py:137} INFO - [2023-03-11T12:46:38.255+0000] {dagbag.py:538} INFO - Filling up the DagBag from /home/airflow/.local/lib/python3.7/site-packages/airflow/example_dags/example_dag_decorator.py
[2023-03-11T12:46:38.272+0000] {logging_mixin.py:137} INFO - [2023-03-11T12:46:38.271+0000] {taskmixin.py:205} WARNING - Dependency <Task(_PythonDecoratedOperator): prepare_email>, send_email already registered for DAG: example_dag_decorator
[2023-03-11T12:46:38.272+0000] {logging_mixin.py:137} INFO - [2023-03-11T12:46:38.272+0000] {taskmixin.py:205} WARNING - Dependency <Task(EmailOperator): send_email>, prepare_email already registered for DAG: example_dag_decorator
[2023-03-11T12:46:38.283+0000] {processor.py:753} INFO - DAG(s) dict_keys(['example_dag_decorator']) retrieved from /home/airflow/.local/lib/python3.7/site-packages/airflow/example_dags/example_dag_decorator.py
[2023-03-11T12:46:38.359+0000] {logging_mixin.py:137} INFO - [2023-03-11T12:46:38.359+0000] {dag.py:2690} INFO - Sync 1 DAGs
[2023-03-11T12:46:38.382+0000] {logging_mixin.py:137} INFO - [2023-03-11T12:46:38.382+0000] {dag.py:3441} INFO - Setting next_dagrun for example_dag_decorator to None, run_after=None
[2023-03-11T12:46:38.401+0000] {processor.py:175} INFO - Processing /home/airflow/.local/lib/python3.7/site-packages/airflow/example_dags/example_dag_decorator.py took 0.150 seconds
