[2023-03-11T12:31:16.738+0000] {processor.py:153} INFO - Started process (PID=75) to work on /home/airflow/.local/lib/python3.7/site-packages/airflow/example_dags/example_branch_labels.py
[2023-03-11T12:31:16.739+0000] {processor.py:743} INFO - Processing file /home/airflow/.local/lib/python3.7/site-packages/airflow/example_dags/example_branch_labels.py for tasks to queue
[2023-03-11T12:31:16.741+0000] {logging_mixin.py:137} INFO - [2023-03-11T12:31:16.740+0000] {dagbag.py:538} INFO - Filling up the DagBag from /home/airflow/.local/lib/python3.7/site-packages/airflow/example_dags/example_branch_labels.py
[2023-03-11T12:31:16.759+0000] {processor.py:753} INFO - DAG(s) dict_keys(['example_branch_labels']) retrieved from /home/airflow/.local/lib/python3.7/site-packages/airflow/example_dags/example_branch_labels.py
[2023-03-11T12:31:16.785+0000] {logging_mixin.py:137} INFO - [2023-03-11T12:31:16.785+0000] {dag.py:2690} INFO - Sync 1 DAGs
[2023-03-11T12:31:16.849+0000] {logging_mixin.py:137} INFO - [2023-03-11T12:31:16.839+0000] {dag.py:3441} INFO - Setting next_dagrun for example_branch_labels to 2023-03-10T00:00:00+00:00, run_after=2023-03-11T00:00:00+00:00
[2023-03-11T12:31:16.904+0000] {processor.py:175} INFO - Processing /home/airflow/.local/lib/python3.7/site-packages/airflow/example_dags/example_branch_labels.py took 0.169 seconds
[2023-03-11T12:31:47.817+0000] {processor.py:153} INFO - Started process (PID=177) to work on /home/airflow/.local/lib/python3.7/site-packages/airflow/example_dags/example_branch_labels.py
[2023-03-11T12:31:47.818+0000] {processor.py:743} INFO - Processing file /home/airflow/.local/lib/python3.7/site-packages/airflow/example_dags/example_branch_labels.py for tasks to queue
[2023-03-11T12:31:47.819+0000] {logging_mixin.py:137} INFO - [2023-03-11T12:31:47.819+0000] {dagbag.py:538} INFO - Filling up the DagBag from /home/airflow/.local/lib/python3.7/site-packages/airflow/example_dags/example_branch_labels.py
[2023-03-11T12:31:47.840+0000] {processor.py:753} INFO - DAG(s) dict_keys(['example_branch_labels']) retrieved from /home/airflow/.local/lib/python3.7/site-packages/airflow/example_dags/example_branch_labels.py
[2023-03-11T12:31:47.885+0000] {logging_mixin.py:137} INFO - [2023-03-11T12:31:47.884+0000] {dag.py:2690} INFO - Sync 1 DAGs
[2023-03-11T12:31:47.927+0000] {logging_mixin.py:137} INFO - [2023-03-11T12:31:47.926+0000] {dag.py:3441} INFO - Setting next_dagrun for example_branch_labels to 2023-03-10T00:00:00+00:00, run_after=2023-03-11T00:00:00+00:00
[2023-03-11T12:31:47.952+0000] {processor.py:175} INFO - Processing /home/airflow/.local/lib/python3.7/site-packages/airflow/example_dags/example_branch_labels.py took 0.138 seconds
[2023-03-11T12:32:18.786+0000] {processor.py:153} INFO - Started process (PID=264) to work on /home/airflow/.local/lib/python3.7/site-packages/airflow/example_dags/example_branch_labels.py
[2023-03-11T12:32:18.787+0000] {processor.py:743} INFO - Processing file /home/airflow/.local/lib/python3.7/site-packages/airflow/example_dags/example_branch_labels.py for tasks to queue
[2023-03-11T12:32:18.788+0000] {logging_mixin.py:137} INFO - [2023-03-11T12:32:18.787+0000] {dagbag.py:538} INFO - Filling up the DagBag from /home/airflow/.local/lib/python3.7/site-packages/airflow/example_dags/example_branch_labels.py
[2023-03-11T12:32:18.802+0000] {processor.py:753} INFO - DAG(s) dict_keys(['example_branch_labels']) retrieved from /home/airflow/.local/lib/python3.7/site-packages/airflow/example_dags/example_branch_labels.py
[2023-03-11T12:32:18.834+0000] {logging_mixin.py:137} INFO - [2023-03-11T12:32:18.834+0000] {dag.py:2690} INFO - Sync 1 DAGs
[2023-03-11T12:32:18.864+0000] {logging_mixin.py:137} INFO - [2023-03-11T12:32:18.864+0000] {dag.py:3441} INFO - Setting next_dagrun for example_branch_labels to 2023-03-10T00:00:00+00:00, run_after=2023-03-11T00:00:00+00:00
[2023-03-11T12:32:18.884+0000] {processor.py:175} INFO - Processing /home/airflow/.local/lib/python3.7/site-packages/airflow/example_dags/example_branch_labels.py took 0.101 seconds
[2023-03-11T12:32:49.769+0000] {processor.py:153} INFO - Started process (PID=375) to work on /home/airflow/.local/lib/python3.7/site-packages/airflow/example_dags/example_branch_labels.py
[2023-03-11T12:32:49.770+0000] {processor.py:743} INFO - Processing file /home/airflow/.local/lib/python3.7/site-packages/airflow/example_dags/example_branch_labels.py for tasks to queue
[2023-03-11T12:32:49.771+0000] {logging_mixin.py:137} INFO - [2023-03-11T12:32:49.771+0000] {dagbag.py:538} INFO - Filling up the DagBag from /home/airflow/.local/lib/python3.7/site-packages/airflow/example_dags/example_branch_labels.py
[2023-03-11T12:32:49.784+0000] {processor.py:753} INFO - DAG(s) dict_keys(['example_branch_labels']) retrieved from /home/airflow/.local/lib/python3.7/site-packages/airflow/example_dags/example_branch_labels.py
[2023-03-11T12:32:49.813+0000] {logging_mixin.py:137} INFO - [2023-03-11T12:32:49.813+0000] {dag.py:2690} INFO - Sync 1 DAGs
[2023-03-11T12:32:49.842+0000] {logging_mixin.py:137} INFO - [2023-03-11T12:32:49.841+0000] {dag.py:3441} INFO - Setting next_dagrun for example_branch_labels to 2023-03-10T00:00:00+00:00, run_after=2023-03-11T00:00:00+00:00
[2023-03-11T12:32:49.862+0000] {processor.py:175} INFO - Processing /home/airflow/.local/lib/python3.7/site-packages/airflow/example_dags/example_branch_labels.py took 0.096 seconds
[2023-03-11T12:33:20.623+0000] {processor.py:153} INFO - Started process (PID=462) to work on /home/airflow/.local/lib/python3.7/site-packages/airflow/example_dags/example_branch_labels.py
[2023-03-11T12:33:20.624+0000] {processor.py:743} INFO - Processing file /home/airflow/.local/lib/python3.7/site-packages/airflow/example_dags/example_branch_labels.py for tasks to queue
[2023-03-11T12:33:20.624+0000] {logging_mixin.py:137} INFO - [2023-03-11T12:33:20.624+0000] {dagbag.py:538} INFO - Filling up the DagBag from /home/airflow/.local/lib/python3.7/site-packages/airflow/example_dags/example_branch_labels.py
[2023-03-11T12:33:20.638+0000] {processor.py:753} INFO - DAG(s) dict_keys(['example_branch_labels']) retrieved from /home/airflow/.local/lib/python3.7/site-packages/airflow/example_dags/example_branch_labels.py
[2023-03-11T12:33:20.673+0000] {logging_mixin.py:137} INFO - [2023-03-11T12:33:20.672+0000] {dag.py:2690} INFO - Sync 1 DAGs
[2023-03-11T12:33:20.702+0000] {logging_mixin.py:137} INFO - [2023-03-11T12:33:20.702+0000] {dag.py:3441} INFO - Setting next_dagrun for example_branch_labels to 2023-03-10T00:00:00+00:00, run_after=2023-03-11T00:00:00+00:00
[2023-03-11T12:33:20.724+0000] {processor.py:175} INFO - Processing /home/airflow/.local/lib/python3.7/site-packages/airflow/example_dags/example_branch_labels.py took 0.104 seconds
[2023-03-11T12:33:51.518+0000] {processor.py:153} INFO - Started process (PID=549) to work on /home/airflow/.local/lib/python3.7/site-packages/airflow/example_dags/example_branch_labels.py
[2023-03-11T12:33:51.519+0000] {processor.py:743} INFO - Processing file /home/airflow/.local/lib/python3.7/site-packages/airflow/example_dags/example_branch_labels.py for tasks to queue
[2023-03-11T12:33:51.520+0000] {logging_mixin.py:137} INFO - [2023-03-11T12:33:51.520+0000] {dagbag.py:538} INFO - Filling up the DagBag from /home/airflow/.local/lib/python3.7/site-packages/airflow/example_dags/example_branch_labels.py
[2023-03-11T12:33:51.540+0000] {processor.py:753} INFO - DAG(s) dict_keys(['example_branch_labels']) retrieved from /home/airflow/.local/lib/python3.7/site-packages/airflow/example_dags/example_branch_labels.py
[2023-03-11T12:33:51.603+0000] {logging_mixin.py:137} INFO - [2023-03-11T12:33:51.603+0000] {dag.py:2690} INFO - Sync 1 DAGs
[2023-03-11T12:33:51.646+0000] {logging_mixin.py:137} INFO - [2023-03-11T12:33:51.646+0000] {dag.py:3441} INFO - Setting next_dagrun for example_branch_labels to 2023-03-10T00:00:00+00:00, run_after=2023-03-11T00:00:00+00:00
[2023-03-11T12:33:51.694+0000] {processor.py:175} INFO - Processing /home/airflow/.local/lib/python3.7/site-packages/airflow/example_dags/example_branch_labels.py took 0.179 seconds
[2023-03-11T12:34:22.451+0000] {processor.py:153} INFO - Started process (PID=660) to work on /home/airflow/.local/lib/python3.7/site-packages/airflow/example_dags/example_branch_labels.py
[2023-03-11T12:34:22.452+0000] {processor.py:743} INFO - Processing file /home/airflow/.local/lib/python3.7/site-packages/airflow/example_dags/example_branch_labels.py for tasks to queue
[2023-03-11T12:34:22.452+0000] {logging_mixin.py:137} INFO - [2023-03-11T12:34:22.452+0000] {dagbag.py:538} INFO - Filling up the DagBag from /home/airflow/.local/lib/python3.7/site-packages/airflow/example_dags/example_branch_labels.py
[2023-03-11T12:34:22.468+0000] {processor.py:753} INFO - DAG(s) dict_keys(['example_branch_labels']) retrieved from /home/airflow/.local/lib/python3.7/site-packages/airflow/example_dags/example_branch_labels.py
[2023-03-11T12:34:22.499+0000] {logging_mixin.py:137} INFO - [2023-03-11T12:34:22.498+0000] {dag.py:2690} INFO - Sync 1 DAGs
[2023-03-11T12:34:22.530+0000] {logging_mixin.py:137} INFO - [2023-03-11T12:34:22.529+0000] {dag.py:3441} INFO - Setting next_dagrun for example_branch_labels to 2023-03-10T00:00:00+00:00, run_after=2023-03-11T00:00:00+00:00
[2023-03-11T12:34:22.547+0000] {processor.py:175} INFO - Processing /home/airflow/.local/lib/python3.7/site-packages/airflow/example_dags/example_branch_labels.py took 0.099 seconds
[2023-03-11T12:34:52.868+0000] {processor.py:153} INFO - Started process (PID=747) to work on /home/airflow/.local/lib/python3.7/site-packages/airflow/example_dags/example_branch_labels.py
[2023-03-11T12:34:52.869+0000] {processor.py:743} INFO - Processing file /home/airflow/.local/lib/python3.7/site-packages/airflow/example_dags/example_branch_labels.py for tasks to queue
[2023-03-11T12:34:52.870+0000] {logging_mixin.py:137} INFO - [2023-03-11T12:34:52.870+0000] {dagbag.py:538} INFO - Filling up the DagBag from /home/airflow/.local/lib/python3.7/site-packages/airflow/example_dags/example_branch_labels.py
[2023-03-11T12:34:52.884+0000] {processor.py:753} INFO - DAG(s) dict_keys(['example_branch_labels']) retrieved from /home/airflow/.local/lib/python3.7/site-packages/airflow/example_dags/example_branch_labels.py
[2023-03-11T12:34:52.910+0000] {logging_mixin.py:137} INFO - [2023-03-11T12:34:52.910+0000] {dag.py:2690} INFO - Sync 1 DAGs
[2023-03-11T12:34:52.939+0000] {logging_mixin.py:137} INFO - [2023-03-11T12:34:52.939+0000] {dag.py:3441} INFO - Setting next_dagrun for example_branch_labels to 2023-03-10T00:00:00+00:00, run_after=2023-03-11T00:00:00+00:00
[2023-03-11T12:34:52.958+0000] {processor.py:175} INFO - Processing /home/airflow/.local/lib/python3.7/site-packages/airflow/example_dags/example_branch_labels.py took 0.094 seconds
[2023-03-11T12:35:23.206+0000] {processor.py:153} INFO - Started process (PID=858) to work on /home/airflow/.local/lib/python3.7/site-packages/airflow/example_dags/example_branch_labels.py
[2023-03-11T12:35:23.209+0000] {processor.py:743} INFO - Processing file /home/airflow/.local/lib/python3.7/site-packages/airflow/example_dags/example_branch_labels.py for tasks to queue
[2023-03-11T12:35:23.210+0000] {logging_mixin.py:137} INFO - [2023-03-11T12:35:23.210+0000] {dagbag.py:538} INFO - Filling up the DagBag from /home/airflow/.local/lib/python3.7/site-packages/airflow/example_dags/example_branch_labels.py
[2023-03-11T12:35:23.285+0000] {processor.py:753} INFO - DAG(s) dict_keys(['example_branch_labels']) retrieved from /home/airflow/.local/lib/python3.7/site-packages/airflow/example_dags/example_branch_labels.py
[2023-03-11T12:35:23.317+0000] {logging_mixin.py:137} INFO - [2023-03-11T12:35:23.317+0000] {dag.py:2690} INFO - Sync 1 DAGs
[2023-03-11T12:35:23.382+0000] {logging_mixin.py:137} INFO - [2023-03-11T12:35:23.382+0000] {dag.py:3441} INFO - Setting next_dagrun for example_branch_labels to 2023-03-10T00:00:00+00:00, run_after=2023-03-11T00:00:00+00:00
[2023-03-11T12:35:23.404+0000] {processor.py:175} INFO - Processing /home/airflow/.local/lib/python3.7/site-packages/airflow/example_dags/example_branch_labels.py took 0.206 seconds
[2023-03-11T12:35:53.538+0000] {processor.py:153} INFO - Started process (PID=945) to work on /home/airflow/.local/lib/python3.7/site-packages/airflow/example_dags/example_branch_labels.py
[2023-03-11T12:35:53.540+0000] {processor.py:743} INFO - Processing file /home/airflow/.local/lib/python3.7/site-packages/airflow/example_dags/example_branch_labels.py for tasks to queue
[2023-03-11T12:35:53.541+0000] {logging_mixin.py:137} INFO - [2023-03-11T12:35:53.541+0000] {dagbag.py:538} INFO - Filling up the DagBag from /home/airflow/.local/lib/python3.7/site-packages/airflow/example_dags/example_branch_labels.py
[2023-03-11T12:35:53.557+0000] {processor.py:753} INFO - DAG(s) dict_keys(['example_branch_labels']) retrieved from /home/airflow/.local/lib/python3.7/site-packages/airflow/example_dags/example_branch_labels.py
[2023-03-11T12:35:53.588+0000] {logging_mixin.py:137} INFO - [2023-03-11T12:35:53.588+0000] {dag.py:2690} INFO - Sync 1 DAGs
[2023-03-11T12:35:53.624+0000] {logging_mixin.py:137} INFO - [2023-03-11T12:35:53.624+0000] {dag.py:3441} INFO - Setting next_dagrun for example_branch_labels to 2023-03-10T00:00:00+00:00, run_after=2023-03-11T00:00:00+00:00
[2023-03-11T12:35:53.643+0000] {processor.py:175} INFO - Processing /home/airflow/.local/lib/python3.7/site-packages/airflow/example_dags/example_branch_labels.py took 0.108 seconds
[2023-03-11T12:36:24.415+0000] {processor.py:153} INFO - Started process (PID=1032) to work on /home/airflow/.local/lib/python3.7/site-packages/airflow/example_dags/example_branch_labels.py
[2023-03-11T12:36:24.416+0000] {processor.py:743} INFO - Processing file /home/airflow/.local/lib/python3.7/site-packages/airflow/example_dags/example_branch_labels.py for tasks to queue
[2023-03-11T12:36:24.417+0000] {logging_mixin.py:137} INFO - [2023-03-11T12:36:24.417+0000] {dagbag.py:538} INFO - Filling up the DagBag from /home/airflow/.local/lib/python3.7/site-packages/airflow/example_dags/example_branch_labels.py
[2023-03-11T12:36:24.431+0000] {processor.py:753} INFO - DAG(s) dict_keys(['example_branch_labels']) retrieved from /home/airflow/.local/lib/python3.7/site-packages/airflow/example_dags/example_branch_labels.py
[2023-03-11T12:36:24.457+0000] {logging_mixin.py:137} INFO - [2023-03-11T12:36:24.457+0000] {dag.py:2690} INFO - Sync 1 DAGs
[2023-03-11T12:36:24.484+0000] {logging_mixin.py:137} INFO - [2023-03-11T12:36:24.484+0000] {dag.py:3441} INFO - Setting next_dagrun for example_branch_labels to 2023-03-10T00:00:00+00:00, run_after=2023-03-11T00:00:00+00:00
[2023-03-11T12:36:24.501+0000] {processor.py:175} INFO - Processing /home/airflow/.local/lib/python3.7/site-packages/airflow/example_dags/example_branch_labels.py took 0.088 seconds
[2023-03-11T12:36:54.896+0000] {processor.py:153} INFO - Started process (PID=1143) to work on /home/airflow/.local/lib/python3.7/site-packages/airflow/example_dags/example_branch_labels.py
[2023-03-11T12:36:54.897+0000] {processor.py:743} INFO - Processing file /home/airflow/.local/lib/python3.7/site-packages/airflow/example_dags/example_branch_labels.py for tasks to queue
[2023-03-11T12:36:54.897+0000] {logging_mixin.py:137} INFO - [2023-03-11T12:36:54.897+0000] {dagbag.py:538} INFO - Filling up the DagBag from /home/airflow/.local/lib/python3.7/site-packages/airflow/example_dags/example_branch_labels.py
[2023-03-11T12:36:54.911+0000] {processor.py:753} INFO - DAG(s) dict_keys(['example_branch_labels']) retrieved from /home/airflow/.local/lib/python3.7/site-packages/airflow/example_dags/example_branch_labels.py
[2023-03-11T12:36:54.946+0000] {logging_mixin.py:137} INFO - [2023-03-11T12:36:54.946+0000] {dag.py:2690} INFO - Sync 1 DAGs
[2023-03-11T12:36:54.979+0000] {logging_mixin.py:137} INFO - [2023-03-11T12:36:54.978+0000] {dag.py:3441} INFO - Setting next_dagrun for example_branch_labels to 2023-03-10T00:00:00+00:00, run_after=2023-03-11T00:00:00+00:00
[2023-03-11T12:36:54.999+0000] {processor.py:175} INFO - Processing /home/airflow/.local/lib/python3.7/site-packages/airflow/example_dags/example_branch_labels.py took 0.106 seconds
[2023-03-11T12:37:25.433+0000] {processor.py:153} INFO - Started process (PID=1230) to work on /home/airflow/.local/lib/python3.7/site-packages/airflow/example_dags/example_branch_labels.py
[2023-03-11T12:37:25.434+0000] {processor.py:743} INFO - Processing file /home/airflow/.local/lib/python3.7/site-packages/airflow/example_dags/example_branch_labels.py for tasks to queue
[2023-03-11T12:37:25.435+0000] {logging_mixin.py:137} INFO - [2023-03-11T12:37:25.434+0000] {dagbag.py:538} INFO - Filling up the DagBag from /home/airflow/.local/lib/python3.7/site-packages/airflow/example_dags/example_branch_labels.py
[2023-03-11T12:37:25.449+0000] {processor.py:753} INFO - DAG(s) dict_keys(['example_branch_labels']) retrieved from /home/airflow/.local/lib/python3.7/site-packages/airflow/example_dags/example_branch_labels.py
[2023-03-11T12:37:25.475+0000] {logging_mixin.py:137} INFO - [2023-03-11T12:37:25.475+0000] {dag.py:2690} INFO - Sync 1 DAGs
[2023-03-11T12:37:25.504+0000] {logging_mixin.py:137} INFO - [2023-03-11T12:37:25.503+0000] {dag.py:3441} INFO - Setting next_dagrun for example_branch_labels to 2023-03-10T00:00:00+00:00, run_after=2023-03-11T00:00:00+00:00
[2023-03-11T12:37:25.526+0000] {processor.py:175} INFO - Processing /home/airflow/.local/lib/python3.7/site-packages/airflow/example_dags/example_branch_labels.py took 0.096 seconds
[2023-03-11T12:37:56.326+0000] {processor.py:153} INFO - Started process (PID=1324) to work on /home/airflow/.local/lib/python3.7/site-packages/airflow/example_dags/example_branch_labels.py
[2023-03-11T12:37:56.329+0000] {processor.py:743} INFO - Processing file /home/airflow/.local/lib/python3.7/site-packages/airflow/example_dags/example_branch_labels.py for tasks to queue
[2023-03-11T12:37:56.331+0000] {logging_mixin.py:137} INFO - [2023-03-11T12:37:56.331+0000] {dagbag.py:538} INFO - Filling up the DagBag from /home/airflow/.local/lib/python3.7/site-packages/airflow/example_dags/example_branch_labels.py
[2023-03-11T12:37:56.347+0000] {processor.py:753} INFO - DAG(s) dict_keys(['example_branch_labels']) retrieved from /home/airflow/.local/lib/python3.7/site-packages/airflow/example_dags/example_branch_labels.py
[2023-03-11T12:37:56.377+0000] {logging_mixin.py:137} INFO - [2023-03-11T12:37:56.377+0000] {dag.py:2690} INFO - Sync 1 DAGs
[2023-03-11T12:37:56.409+0000] {logging_mixin.py:137} INFO - [2023-03-11T12:37:56.409+0000] {dag.py:3441} INFO - Setting next_dagrun for example_branch_labels to 2023-03-10T00:00:00+00:00, run_after=2023-03-11T00:00:00+00:00
[2023-03-11T12:37:56.428+0000] {processor.py:175} INFO - Processing /home/airflow/.local/lib/python3.7/site-packages/airflow/example_dags/example_branch_labels.py took 0.105 seconds
[2023-03-11T12:38:26.815+0000] {processor.py:153} INFO - Started process (PID=1427) to work on /home/airflow/.local/lib/python3.7/site-packages/airflow/example_dags/example_branch_labels.py
[2023-03-11T12:38:26.816+0000] {processor.py:743} INFO - Processing file /home/airflow/.local/lib/python3.7/site-packages/airflow/example_dags/example_branch_labels.py for tasks to queue
[2023-03-11T12:38:26.817+0000] {logging_mixin.py:137} INFO - [2023-03-11T12:38:26.816+0000] {dagbag.py:538} INFO - Filling up the DagBag from /home/airflow/.local/lib/python3.7/site-packages/airflow/example_dags/example_branch_labels.py
[2023-03-11T12:38:26.831+0000] {processor.py:753} INFO - DAG(s) dict_keys(['example_branch_labels']) retrieved from /home/airflow/.local/lib/python3.7/site-packages/airflow/example_dags/example_branch_labels.py
[2023-03-11T12:38:26.858+0000] {logging_mixin.py:137} INFO - [2023-03-11T12:38:26.858+0000] {dag.py:2690} INFO - Sync 1 DAGs
[2023-03-11T12:38:26.886+0000] {logging_mixin.py:137} INFO - [2023-03-11T12:38:26.886+0000] {dag.py:3441} INFO - Setting next_dagrun for example_branch_labels to 2023-03-10T00:00:00+00:00, run_after=2023-03-11T00:00:00+00:00
[2023-03-11T12:38:26.907+0000] {processor.py:175} INFO - Processing /home/airflow/.local/lib/python3.7/site-packages/airflow/example_dags/example_branch_labels.py took 0.095 seconds
[2023-03-11T12:38:57.785+0000] {processor.py:153} INFO - Started process (PID=1514) to work on /home/airflow/.local/lib/python3.7/site-packages/airflow/example_dags/example_branch_labels.py
[2023-03-11T12:38:57.787+0000] {processor.py:743} INFO - Processing file /home/airflow/.local/lib/python3.7/site-packages/airflow/example_dags/example_branch_labels.py for tasks to queue
[2023-03-11T12:38:57.789+0000] {logging_mixin.py:137} INFO - [2023-03-11T12:38:57.788+0000] {dagbag.py:538} INFO - Filling up the DagBag from /home/airflow/.local/lib/python3.7/site-packages/airflow/example_dags/example_branch_labels.py
[2023-03-11T12:38:57.813+0000] {processor.py:753} INFO - DAG(s) dict_keys(['example_branch_labels']) retrieved from /home/airflow/.local/lib/python3.7/site-packages/airflow/example_dags/example_branch_labels.py
[2023-03-11T12:38:57.860+0000] {logging_mixin.py:137} INFO - [2023-03-11T12:38:57.860+0000] {dag.py:2690} INFO - Sync 1 DAGs
[2023-03-11T12:38:57.897+0000] {logging_mixin.py:137} INFO - [2023-03-11T12:38:57.896+0000] {dag.py:3441} INFO - Setting next_dagrun for example_branch_labels to 2023-03-10T00:00:00+00:00, run_after=2023-03-11T00:00:00+00:00
[2023-03-11T12:38:57.932+0000] {processor.py:175} INFO - Processing /home/airflow/.local/lib/python3.7/site-packages/airflow/example_dags/example_branch_labels.py took 0.151 seconds
[2023-03-11T12:39:28.158+0000] {processor.py:153} INFO - Started process (PID=1610) to work on /home/airflow/.local/lib/python3.7/site-packages/airflow/example_dags/example_branch_labels.py
[2023-03-11T12:39:28.159+0000] {processor.py:743} INFO - Processing file /home/airflow/.local/lib/python3.7/site-packages/airflow/example_dags/example_branch_labels.py for tasks to queue
[2023-03-11T12:39:28.161+0000] {logging_mixin.py:137} INFO - [2023-03-11T12:39:28.160+0000] {dagbag.py:538} INFO - Filling up the DagBag from /home/airflow/.local/lib/python3.7/site-packages/airflow/example_dags/example_branch_labels.py
[2023-03-11T12:39:28.175+0000] {processor.py:753} INFO - DAG(s) dict_keys(['example_branch_labels']) retrieved from /home/airflow/.local/lib/python3.7/site-packages/airflow/example_dags/example_branch_labels.py
[2023-03-11T12:39:28.203+0000] {logging_mixin.py:137} INFO - [2023-03-11T12:39:28.203+0000] {dag.py:2690} INFO - Sync 1 DAGs
[2023-03-11T12:39:28.232+0000] {logging_mixin.py:137} INFO - [2023-03-11T12:39:28.232+0000] {dag.py:3441} INFO - Setting next_dagrun for example_branch_labels to 2023-03-10T00:00:00+00:00, run_after=2023-03-11T00:00:00+00:00
[2023-03-11T12:39:28.252+0000] {processor.py:175} INFO - Processing /home/airflow/.local/lib/python3.7/site-packages/airflow/example_dags/example_branch_labels.py took 0.097 seconds
[2023-03-11T12:39:58.470+0000] {processor.py:153} INFO - Started process (PID=1712) to work on /home/airflow/.local/lib/python3.7/site-packages/airflow/example_dags/example_branch_labels.py
[2023-03-11T12:39:58.471+0000] {processor.py:743} INFO - Processing file /home/airflow/.local/lib/python3.7/site-packages/airflow/example_dags/example_branch_labels.py for tasks to queue
[2023-03-11T12:39:58.472+0000] {logging_mixin.py:137} INFO - [2023-03-11T12:39:58.472+0000] {dagbag.py:538} INFO - Filling up the DagBag from /home/airflow/.local/lib/python3.7/site-packages/airflow/example_dags/example_branch_labels.py
[2023-03-11T12:39:58.487+0000] {processor.py:753} INFO - DAG(s) dict_keys(['example_branch_labels']) retrieved from /home/airflow/.local/lib/python3.7/site-packages/airflow/example_dags/example_branch_labels.py
[2023-03-11T12:39:58.520+0000] {logging_mixin.py:137} INFO - [2023-03-11T12:39:58.519+0000] {dag.py:2690} INFO - Sync 1 DAGs
[2023-03-11T12:39:58.548+0000] {logging_mixin.py:137} INFO - [2023-03-11T12:39:58.548+0000] {dag.py:3441} INFO - Setting next_dagrun for example_branch_labels to 2023-03-10T00:00:00+00:00, run_after=2023-03-11T00:00:00+00:00
[2023-03-11T12:39:58.566+0000] {processor.py:175} INFO - Processing /home/airflow/.local/lib/python3.7/site-packages/airflow/example_dags/example_branch_labels.py took 0.099 seconds
[2023-03-11T12:40:29.574+0000] {processor.py:153} INFO - Started process (PID=1799) to work on /home/airflow/.local/lib/python3.7/site-packages/airflow/example_dags/example_branch_labels.py
[2023-03-11T12:40:29.575+0000] {processor.py:743} INFO - Processing file /home/airflow/.local/lib/python3.7/site-packages/airflow/example_dags/example_branch_labels.py for tasks to queue
[2023-03-11T12:40:29.575+0000] {logging_mixin.py:137} INFO - [2023-03-11T12:40:29.575+0000] {dagbag.py:538} INFO - Filling up the DagBag from /home/airflow/.local/lib/python3.7/site-packages/airflow/example_dags/example_branch_labels.py
[2023-03-11T12:40:29.590+0000] {processor.py:753} INFO - DAG(s) dict_keys(['example_branch_labels']) retrieved from /home/airflow/.local/lib/python3.7/site-packages/airflow/example_dags/example_branch_labels.py
[2023-03-11T12:40:29.623+0000] {logging_mixin.py:137} INFO - [2023-03-11T12:40:29.623+0000] {dag.py:2690} INFO - Sync 1 DAGs
[2023-03-11T12:40:29.655+0000] {logging_mixin.py:137} INFO - [2023-03-11T12:40:29.654+0000] {dag.py:3441} INFO - Setting next_dagrun for example_branch_labels to 2023-03-10T00:00:00+00:00, run_after=2023-03-11T00:00:00+00:00
[2023-03-11T12:40:29.678+0000] {processor.py:175} INFO - Processing /home/airflow/.local/lib/python3.7/site-packages/airflow/example_dags/example_branch_labels.py took 0.108 seconds
[2023-03-11T12:41:00.542+0000] {processor.py:153} INFO - Started process (PID=1910) to work on /home/airflow/.local/lib/python3.7/site-packages/airflow/example_dags/example_branch_labels.py
[2023-03-11T12:41:00.543+0000] {processor.py:743} INFO - Processing file /home/airflow/.local/lib/python3.7/site-packages/airflow/example_dags/example_branch_labels.py for tasks to queue
[2023-03-11T12:41:00.545+0000] {logging_mixin.py:137} INFO - [2023-03-11T12:41:00.544+0000] {dagbag.py:538} INFO - Filling up the DagBag from /home/airflow/.local/lib/python3.7/site-packages/airflow/example_dags/example_branch_labels.py
[2023-03-11T12:41:00.560+0000] {processor.py:753} INFO - DAG(s) dict_keys(['example_branch_labels']) retrieved from /home/airflow/.local/lib/python3.7/site-packages/airflow/example_dags/example_branch_labels.py
[2023-03-11T12:41:00.588+0000] {logging_mixin.py:137} INFO - [2023-03-11T12:41:00.588+0000] {dag.py:2690} INFO - Sync 1 DAGs
[2023-03-11T12:41:00.617+0000] {logging_mixin.py:137} INFO - [2023-03-11T12:41:00.617+0000] {dag.py:3441} INFO - Setting next_dagrun for example_branch_labels to 2023-03-10T00:00:00+00:00, run_after=2023-03-11T00:00:00+00:00
[2023-03-11T12:41:00.636+0000] {processor.py:175} INFO - Processing /home/airflow/.local/lib/python3.7/site-packages/airflow/example_dags/example_branch_labels.py took 0.097 seconds
[2023-03-11T12:41:31.237+0000] {processor.py:153} INFO - Started process (PID=1997) to work on /home/airflow/.local/lib/python3.7/site-packages/airflow/example_dags/example_branch_labels.py
[2023-03-11T12:41:31.238+0000] {processor.py:743} INFO - Processing file /home/airflow/.local/lib/python3.7/site-packages/airflow/example_dags/example_branch_labels.py for tasks to queue
[2023-03-11T12:41:31.239+0000] {logging_mixin.py:137} INFO - [2023-03-11T12:41:31.238+0000] {dagbag.py:538} INFO - Filling up the DagBag from /home/airflow/.local/lib/python3.7/site-packages/airflow/example_dags/example_branch_labels.py
[2023-03-11T12:41:31.253+0000] {processor.py:753} INFO - DAG(s) dict_keys(['example_branch_labels']) retrieved from /home/airflow/.local/lib/python3.7/site-packages/airflow/example_dags/example_branch_labels.py
[2023-03-11T12:41:31.282+0000] {logging_mixin.py:137} INFO - [2023-03-11T12:41:31.281+0000] {dag.py:2690} INFO - Sync 1 DAGs
[2023-03-11T12:41:31.311+0000] {logging_mixin.py:137} INFO - [2023-03-11T12:41:31.311+0000] {dag.py:3441} INFO - Setting next_dagrun for example_branch_labels to 2023-03-10T00:00:00+00:00, run_after=2023-03-11T00:00:00+00:00
[2023-03-11T12:41:31.334+0000] {processor.py:175} INFO - Processing /home/airflow/.local/lib/python3.7/site-packages/airflow/example_dags/example_branch_labels.py took 0.100 seconds
[2023-03-11T12:42:02.053+0000] {processor.py:153} INFO - Started process (PID=2093) to work on /home/airflow/.local/lib/python3.7/site-packages/airflow/example_dags/example_branch_labels.py
[2023-03-11T12:42:02.055+0000] {processor.py:743} INFO - Processing file /home/airflow/.local/lib/python3.7/site-packages/airflow/example_dags/example_branch_labels.py for tasks to queue
[2023-03-11T12:42:02.056+0000] {logging_mixin.py:137} INFO - [2023-03-11T12:42:02.056+0000] {dagbag.py:538} INFO - Filling up the DagBag from /home/airflow/.local/lib/python3.7/site-packages/airflow/example_dags/example_branch_labels.py
[2023-03-11T12:42:02.071+0000] {processor.py:753} INFO - DAG(s) dict_keys(['example_branch_labels']) retrieved from /home/airflow/.local/lib/python3.7/site-packages/airflow/example_dags/example_branch_labels.py
[2023-03-11T12:42:02.098+0000] {logging_mixin.py:137} INFO - [2023-03-11T12:42:02.098+0000] {dag.py:2690} INFO - Sync 1 DAGs
[2023-03-11T12:42:02.125+0000] {logging_mixin.py:137} INFO - [2023-03-11T12:42:02.125+0000] {dag.py:3441} INFO - Setting next_dagrun for example_branch_labels to 2023-03-10T00:00:00+00:00, run_after=2023-03-11T00:00:00+00:00
[2023-03-11T12:42:02.145+0000] {processor.py:175} INFO - Processing /home/airflow/.local/lib/python3.7/site-packages/airflow/example_dags/example_branch_labels.py took 0.094 seconds
[2023-03-11T12:42:32.720+0000] {processor.py:153} INFO - Started process (PID=2195) to work on /home/airflow/.local/lib/python3.7/site-packages/airflow/example_dags/example_branch_labels.py
[2023-03-11T12:42:32.721+0000] {processor.py:743} INFO - Processing file /home/airflow/.local/lib/python3.7/site-packages/airflow/example_dags/example_branch_labels.py for tasks to queue
[2023-03-11T12:42:32.722+0000] {logging_mixin.py:137} INFO - [2023-03-11T12:42:32.721+0000] {dagbag.py:538} INFO - Filling up the DagBag from /home/airflow/.local/lib/python3.7/site-packages/airflow/example_dags/example_branch_labels.py
[2023-03-11T12:42:32.735+0000] {processor.py:753} INFO - DAG(s) dict_keys(['example_branch_labels']) retrieved from /home/airflow/.local/lib/python3.7/site-packages/airflow/example_dags/example_branch_labels.py
[2023-03-11T12:42:32.761+0000] {logging_mixin.py:137} INFO - [2023-03-11T12:42:32.761+0000] {dag.py:2690} INFO - Sync 1 DAGs
[2023-03-11T12:42:32.793+0000] {logging_mixin.py:137} INFO - [2023-03-11T12:42:32.793+0000] {dag.py:3441} INFO - Setting next_dagrun for example_branch_labels to 2023-03-10T00:00:00+00:00, run_after=2023-03-11T00:00:00+00:00
[2023-03-11T12:42:32.814+0000] {processor.py:175} INFO - Processing /home/airflow/.local/lib/python3.7/site-packages/airflow/example_dags/example_branch_labels.py took 0.097 seconds
[2023-03-11T12:43:03.231+0000] {processor.py:153} INFO - Started process (PID=2282) to work on /home/airflow/.local/lib/python3.7/site-packages/airflow/example_dags/example_branch_labels.py
[2023-03-11T12:43:03.233+0000] {processor.py:743} INFO - Processing file /home/airflow/.local/lib/python3.7/site-packages/airflow/example_dags/example_branch_labels.py for tasks to queue
[2023-03-11T12:43:03.233+0000] {logging_mixin.py:137} INFO - [2023-03-11T12:43:03.233+0000] {dagbag.py:538} INFO - Filling up the DagBag from /home/airflow/.local/lib/python3.7/site-packages/airflow/example_dags/example_branch_labels.py
[2023-03-11T12:43:03.248+0000] {processor.py:753} INFO - DAG(s) dict_keys(['example_branch_labels']) retrieved from /home/airflow/.local/lib/python3.7/site-packages/airflow/example_dags/example_branch_labels.py
[2023-03-11T12:43:03.272+0000] {logging_mixin.py:137} INFO - [2023-03-11T12:43:03.272+0000] {dag.py:2690} INFO - Sync 1 DAGs
[2023-03-11T12:43:03.300+0000] {logging_mixin.py:137} INFO - [2023-03-11T12:43:03.299+0000] {dag.py:3441} INFO - Setting next_dagrun for example_branch_labels to 2023-03-10T00:00:00+00:00, run_after=2023-03-11T00:00:00+00:00
[2023-03-11T12:43:03.319+0000] {processor.py:175} INFO - Processing /home/airflow/.local/lib/python3.7/site-packages/airflow/example_dags/example_branch_labels.py took 0.092 seconds
[2023-03-11T12:43:34.006+0000] {processor.py:153} INFO - Started process (PID=2393) to work on /home/airflow/.local/lib/python3.7/site-packages/airflow/example_dags/example_branch_labels.py
[2023-03-11T12:43:34.007+0000] {processor.py:743} INFO - Processing file /home/airflow/.local/lib/python3.7/site-packages/airflow/example_dags/example_branch_labels.py for tasks to queue
[2023-03-11T12:43:34.008+0000] {logging_mixin.py:137} INFO - [2023-03-11T12:43:34.007+0000] {dagbag.py:538} INFO - Filling up the DagBag from /home/airflow/.local/lib/python3.7/site-packages/airflow/example_dags/example_branch_labels.py
[2023-03-11T12:43:34.022+0000] {processor.py:753} INFO - DAG(s) dict_keys(['example_branch_labels']) retrieved from /home/airflow/.local/lib/python3.7/site-packages/airflow/example_dags/example_branch_labels.py
[2023-03-11T12:43:34.046+0000] {logging_mixin.py:137} INFO - [2023-03-11T12:43:34.046+0000] {dag.py:2690} INFO - Sync 1 DAGs
[2023-03-11T12:43:34.072+0000] {logging_mixin.py:137} INFO - [2023-03-11T12:43:34.072+0000] {dag.py:3441} INFO - Setting next_dagrun for example_branch_labels to 2023-03-10T00:00:00+00:00, run_after=2023-03-11T00:00:00+00:00
[2023-03-11T12:43:34.089+0000] {processor.py:175} INFO - Processing /home/airflow/.local/lib/python3.7/site-packages/airflow/example_dags/example_branch_labels.py took 0.086 seconds
[2023-03-11T12:44:04.561+0000] {processor.py:153} INFO - Started process (PID=2480) to work on /home/airflow/.local/lib/python3.7/site-packages/airflow/example_dags/example_branch_labels.py
[2023-03-11T12:44:04.562+0000] {processor.py:743} INFO - Processing file /home/airflow/.local/lib/python3.7/site-packages/airflow/example_dags/example_branch_labels.py for tasks to queue
[2023-03-11T12:44:04.562+0000] {logging_mixin.py:137} INFO - [2023-03-11T12:44:04.562+0000] {dagbag.py:538} INFO - Filling up the DagBag from /home/airflow/.local/lib/python3.7/site-packages/airflow/example_dags/example_branch_labels.py
[2023-03-11T12:44:04.576+0000] {processor.py:753} INFO - DAG(s) dict_keys(['example_branch_labels']) retrieved from /home/airflow/.local/lib/python3.7/site-packages/airflow/example_dags/example_branch_labels.py
[2023-03-11T12:44:04.603+0000] {logging_mixin.py:137} INFO - [2023-03-11T12:44:04.603+0000] {dag.py:2690} INFO - Sync 1 DAGs
[2023-03-11T12:44:04.631+0000] {logging_mixin.py:137} INFO - [2023-03-11T12:44:04.631+0000] {dag.py:3441} INFO - Setting next_dagrun for example_branch_labels to 2023-03-10T00:00:00+00:00, run_after=2023-03-11T00:00:00+00:00
[2023-03-11T12:44:04.651+0000] {processor.py:175} INFO - Processing /home/airflow/.local/lib/python3.7/site-packages/airflow/example_dags/example_branch_labels.py took 0.092 seconds
[2023-03-11T12:44:35.004+0000] {processor.py:153} INFO - Started process (PID=2576) to work on /home/airflow/.local/lib/python3.7/site-packages/airflow/example_dags/example_branch_labels.py
[2023-03-11T12:44:35.006+0000] {processor.py:743} INFO - Processing file /home/airflow/.local/lib/python3.7/site-packages/airflow/example_dags/example_branch_labels.py for tasks to queue
[2023-03-11T12:44:35.006+0000] {logging_mixin.py:137} INFO - [2023-03-11T12:44:35.006+0000] {dagbag.py:538} INFO - Filling up the DagBag from /home/airflow/.local/lib/python3.7/site-packages/airflow/example_dags/example_branch_labels.py
[2023-03-11T12:44:35.027+0000] {processor.py:753} INFO - DAG(s) dict_keys(['example_branch_labels']) retrieved from /home/airflow/.local/lib/python3.7/site-packages/airflow/example_dags/example_branch_labels.py
[2023-03-11T12:44:35.083+0000] {logging_mixin.py:137} INFO - [2023-03-11T12:44:35.083+0000] {dag.py:2690} INFO - Sync 1 DAGs
[2023-03-11T12:44:35.173+0000] {logging_mixin.py:137} INFO - [2023-03-11T12:44:35.173+0000] {dag.py:3441} INFO - Setting next_dagrun for example_branch_labels to 2023-03-10T00:00:00+00:00, run_after=2023-03-11T00:00:00+00:00
[2023-03-11T12:44:35.195+0000] {processor.py:175} INFO - Processing /home/airflow/.local/lib/python3.7/site-packages/airflow/example_dags/example_branch_labels.py took 0.194 seconds
[2023-03-11T12:45:06.064+0000] {processor.py:153} INFO - Started process (PID=2678) to work on /home/airflow/.local/lib/python3.7/site-packages/airflow/example_dags/example_branch_labels.py
[2023-03-11T12:45:06.064+0000] {processor.py:743} INFO - Processing file /home/airflow/.local/lib/python3.7/site-packages/airflow/example_dags/example_branch_labels.py for tasks to queue
[2023-03-11T12:45:06.065+0000] {logging_mixin.py:137} INFO - [2023-03-11T12:45:06.065+0000] {dagbag.py:538} INFO - Filling up the DagBag from /home/airflow/.local/lib/python3.7/site-packages/airflow/example_dags/example_branch_labels.py
[2023-03-11T12:45:06.079+0000] {processor.py:753} INFO - DAG(s) dict_keys(['example_branch_labels']) retrieved from /home/airflow/.local/lib/python3.7/site-packages/airflow/example_dags/example_branch_labels.py
[2023-03-11T12:45:06.109+0000] {logging_mixin.py:137} INFO - [2023-03-11T12:45:06.109+0000] {dag.py:2690} INFO - Sync 1 DAGs
[2023-03-11T12:45:06.145+0000] {logging_mixin.py:137} INFO - [2023-03-11T12:45:06.144+0000] {dag.py:3441} INFO - Setting next_dagrun for example_branch_labels to 2023-03-10T00:00:00+00:00, run_after=2023-03-11T00:00:00+00:00
[2023-03-11T12:45:06.166+0000] {processor.py:175} INFO - Processing /home/airflow/.local/lib/python3.7/site-packages/airflow/example_dags/example_branch_labels.py took 0.105 seconds
[2023-03-11T12:45:36.530+0000] {processor.py:153} INFO - Started process (PID=2766) to work on /home/airflow/.local/lib/python3.7/site-packages/airflow/example_dags/example_branch_labels.py
[2023-03-11T12:45:36.532+0000] {processor.py:743} INFO - Processing file /home/airflow/.local/lib/python3.7/site-packages/airflow/example_dags/example_branch_labels.py for tasks to queue
[2023-03-11T12:45:36.533+0000] {logging_mixin.py:137} INFO - [2023-03-11T12:45:36.533+0000] {dagbag.py:538} INFO - Filling up the DagBag from /home/airflow/.local/lib/python3.7/site-packages/airflow/example_dags/example_branch_labels.py
[2023-03-11T12:45:36.552+0000] {processor.py:753} INFO - DAG(s) dict_keys(['example_branch_labels']) retrieved from /home/airflow/.local/lib/python3.7/site-packages/airflow/example_dags/example_branch_labels.py
[2023-03-11T12:45:36.591+0000] {logging_mixin.py:137} INFO - [2023-03-11T12:45:36.591+0000] {dag.py:2690} INFO - Sync 1 DAGs
[2023-03-11T12:45:36.636+0000] {logging_mixin.py:137} INFO - [2023-03-11T12:45:36.636+0000] {dag.py:3441} INFO - Setting next_dagrun for example_branch_labels to 2023-03-10T00:00:00+00:00, run_after=2023-03-11T00:00:00+00:00
[2023-03-11T12:45:36.673+0000] {processor.py:175} INFO - Processing /home/airflow/.local/lib/python3.7/site-packages/airflow/example_dags/example_branch_labels.py took 0.148 seconds
[2023-03-11T12:46:07.044+0000] {processor.py:153} INFO - Started process (PID=2877) to work on /home/airflow/.local/lib/python3.7/site-packages/airflow/example_dags/example_branch_labels.py
[2023-03-11T12:46:07.044+0000] {processor.py:743} INFO - Processing file /home/airflow/.local/lib/python3.7/site-packages/airflow/example_dags/example_branch_labels.py for tasks to queue
[2023-03-11T12:46:07.045+0000] {logging_mixin.py:137} INFO - [2023-03-11T12:46:07.045+0000] {dagbag.py:538} INFO - Filling up the DagBag from /home/airflow/.local/lib/python3.7/site-packages/airflow/example_dags/example_branch_labels.py
[2023-03-11T12:46:07.059+0000] {processor.py:753} INFO - DAG(s) dict_keys(['example_branch_labels']) retrieved from /home/airflow/.local/lib/python3.7/site-packages/airflow/example_dags/example_branch_labels.py
[2023-03-11T12:46:07.098+0000] {logging_mixin.py:137} INFO - [2023-03-11T12:46:07.098+0000] {dag.py:2690} INFO - Sync 1 DAGs
[2023-03-11T12:46:07.134+0000] {logging_mixin.py:137} INFO - [2023-03-11T12:46:07.134+0000] {dag.py:3441} INFO - Setting next_dagrun for example_branch_labels to 2023-03-10T00:00:00+00:00, run_after=2023-03-11T00:00:00+00:00
[2023-03-11T12:46:07.171+0000] {processor.py:175} INFO - Processing /home/airflow/.local/lib/python3.7/site-packages/airflow/example_dags/example_branch_labels.py took 0.131 seconds
[2023-03-11T12:46:37.971+0000] {processor.py:153} INFO - Started process (PID=2963) to work on /home/airflow/.local/lib/python3.7/site-packages/airflow/example_dags/example_branch_labels.py
[2023-03-11T12:46:37.972+0000] {processor.py:743} INFO - Processing file /home/airflow/.local/lib/python3.7/site-packages/airflow/example_dags/example_branch_labels.py for tasks to queue
[2023-03-11T12:46:37.973+0000] {logging_mixin.py:137} INFO - [2023-03-11T12:46:37.973+0000] {dagbag.py:538} INFO - Filling up the DagBag from /home/airflow/.local/lib/python3.7/site-packages/airflow/example_dags/example_branch_labels.py
[2023-03-11T12:46:37.987+0000] {processor.py:753} INFO - DAG(s) dict_keys(['example_branch_labels']) retrieved from /home/airflow/.local/lib/python3.7/site-packages/airflow/example_dags/example_branch_labels.py
[2023-03-11T12:46:38.024+0000] {logging_mixin.py:137} INFO - [2023-03-11T12:46:38.024+0000] {dag.py:2690} INFO - Sync 1 DAGs
[2023-03-11T12:46:38.057+0000] {logging_mixin.py:137} INFO - [2023-03-11T12:46:38.057+0000] {dag.py:3441} INFO - Setting next_dagrun for example_branch_labels to 2023-03-10T00:00:00+00:00, run_after=2023-03-11T00:00:00+00:00
[2023-03-11T12:46:38.077+0000] {processor.py:175} INFO - Processing /home/airflow/.local/lib/python3.7/site-packages/airflow/example_dags/example_branch_labels.py took 0.109 seconds
[2023-03-11T12:47:08.742+0000] {processor.py:153} INFO - Started process (PID=3074) to work on /home/airflow/.local/lib/python3.7/site-packages/airflow/example_dags/example_branch_labels.py
[2023-03-11T12:47:08.743+0000] {processor.py:743} INFO - Processing file /home/airflow/.local/lib/python3.7/site-packages/airflow/example_dags/example_branch_labels.py for tasks to queue
[2023-03-11T12:47:08.744+0000] {logging_mixin.py:137} INFO - [2023-03-11T12:47:08.744+0000] {dagbag.py:538} INFO - Filling up the DagBag from /home/airflow/.local/lib/python3.7/site-packages/airflow/example_dags/example_branch_labels.py
[2023-03-11T12:47:08.768+0000] {processor.py:753} INFO - DAG(s) dict_keys(['example_branch_labels']) retrieved from /home/airflow/.local/lib/python3.7/site-packages/airflow/example_dags/example_branch_labels.py
[2023-03-11T12:47:08.804+0000] {logging_mixin.py:137} INFO - [2023-03-11T12:47:08.804+0000] {dag.py:2690} INFO - Sync 1 DAGs
[2023-03-11T12:47:08.833+0000] {logging_mixin.py:137} INFO - [2023-03-11T12:47:08.833+0000] {dag.py:3441} INFO - Setting next_dagrun for example_branch_labels to 2023-03-10T00:00:00+00:00, run_after=2023-03-11T00:00:00+00:00
[2023-03-11T12:47:08.852+0000] {processor.py:175} INFO - Processing /home/airflow/.local/lib/python3.7/site-packages/airflow/example_dags/example_branch_labels.py took 0.115 seconds
[2023-03-11T12:47:39.380+0000] {processor.py:153} INFO - Started process (PID=3161) to work on /home/airflow/.local/lib/python3.7/site-packages/airflow/example_dags/example_branch_labels.py
[2023-03-11T12:47:39.381+0000] {processor.py:743} INFO - Processing file /home/airflow/.local/lib/python3.7/site-packages/airflow/example_dags/example_branch_labels.py for tasks to queue
[2023-03-11T12:47:39.382+0000] {logging_mixin.py:137} INFO - [2023-03-11T12:47:39.382+0000] {dagbag.py:538} INFO - Filling up the DagBag from /home/airflow/.local/lib/python3.7/site-packages/airflow/example_dags/example_branch_labels.py
[2023-03-11T12:47:39.402+0000] {processor.py:753} INFO - DAG(s) dict_keys(['example_branch_labels']) retrieved from /home/airflow/.local/lib/python3.7/site-packages/airflow/example_dags/example_branch_labels.py
[2023-03-11T12:47:39.442+0000] {logging_mixin.py:137} INFO - [2023-03-11T12:47:39.441+0000] {dag.py:2690} INFO - Sync 1 DAGs
[2023-03-11T12:47:39.479+0000] {logging_mixin.py:137} INFO - [2023-03-11T12:47:39.479+0000] {dag.py:3441} INFO - Setting next_dagrun for example_branch_labels to 2023-03-10T00:00:00+00:00, run_after=2023-03-11T00:00:00+00:00
[2023-03-11T12:47:39.512+0000] {processor.py:175} INFO - Processing /home/airflow/.local/lib/python3.7/site-packages/airflow/example_dags/example_branch_labels.py took 0.136 seconds
[2023-03-11T12:48:10.055+0000] {processor.py:153} INFO - Started process (PID=3255) to work on /home/airflow/.local/lib/python3.7/site-packages/airflow/example_dags/example_branch_labels.py
[2023-03-11T12:48:10.055+0000] {processor.py:743} INFO - Processing file /home/airflow/.local/lib/python3.7/site-packages/airflow/example_dags/example_branch_labels.py for tasks to queue
[2023-03-11T12:48:10.056+0000] {logging_mixin.py:137} INFO - [2023-03-11T12:48:10.056+0000] {dagbag.py:538} INFO - Filling up the DagBag from /home/airflow/.local/lib/python3.7/site-packages/airflow/example_dags/example_branch_labels.py
[2023-03-11T12:48:10.071+0000] {processor.py:753} INFO - DAG(s) dict_keys(['example_branch_labels']) retrieved from /home/airflow/.local/lib/python3.7/site-packages/airflow/example_dags/example_branch_labels.py
[2023-03-11T12:48:10.096+0000] {logging_mixin.py:137} INFO - [2023-03-11T12:48:10.096+0000] {dag.py:2690} INFO - Sync 1 DAGs
[2023-03-11T12:48:10.123+0000] {logging_mixin.py:137} INFO - [2023-03-11T12:48:10.123+0000] {dag.py:3441} INFO - Setting next_dagrun for example_branch_labels to 2023-03-10T00:00:00+00:00, run_after=2023-03-11T00:00:00+00:00
[2023-03-11T12:48:10.142+0000] {processor.py:175} INFO - Processing /home/airflow/.local/lib/python3.7/site-packages/airflow/example_dags/example_branch_labels.py took 0.090 seconds
[2023-03-11T12:48:41.081+0000] {processor.py:153} INFO - Started process (PID=3359) to work on /home/airflow/.local/lib/python3.7/site-packages/airflow/example_dags/example_branch_labels.py
[2023-03-11T12:48:41.082+0000] {processor.py:743} INFO - Processing file /home/airflow/.local/lib/python3.7/site-packages/airflow/example_dags/example_branch_labels.py for tasks to queue
[2023-03-11T12:48:41.083+0000] {logging_mixin.py:137} INFO - [2023-03-11T12:48:41.083+0000] {dagbag.py:538} INFO - Filling up the DagBag from /home/airflow/.local/lib/python3.7/site-packages/airflow/example_dags/example_branch_labels.py
[2023-03-11T12:48:41.104+0000] {processor.py:753} INFO - DAG(s) dict_keys(['example_branch_labels']) retrieved from /home/airflow/.local/lib/python3.7/site-packages/airflow/example_dags/example_branch_labels.py
[2023-03-11T12:48:41.144+0000] {logging_mixin.py:137} INFO - [2023-03-11T12:48:41.144+0000] {dag.py:2690} INFO - Sync 1 DAGs
[2023-03-11T12:48:41.185+0000] {logging_mixin.py:137} INFO - [2023-03-11T12:48:41.185+0000] {dag.py:3441} INFO - Setting next_dagrun for example_branch_labels to 2023-03-10T00:00:00+00:00, run_after=2023-03-11T00:00:00+00:00
[2023-03-11T12:48:41.221+0000] {processor.py:175} INFO - Processing /home/airflow/.local/lib/python3.7/site-packages/airflow/example_dags/example_branch_labels.py took 0.144 seconds
[2023-03-11T12:49:11.761+0000] {processor.py:153} INFO - Started process (PID=3446) to work on /home/airflow/.local/lib/python3.7/site-packages/airflow/example_dags/example_branch_labels.py
[2023-03-11T12:49:11.761+0000] {processor.py:743} INFO - Processing file /home/airflow/.local/lib/python3.7/site-packages/airflow/example_dags/example_branch_labels.py for tasks to queue
[2023-03-11T12:49:11.762+0000] {logging_mixin.py:137} INFO - [2023-03-11T12:49:11.762+0000] {dagbag.py:538} INFO - Filling up the DagBag from /home/airflow/.local/lib/python3.7/site-packages/airflow/example_dags/example_branch_labels.py
[2023-03-11T12:49:11.776+0000] {processor.py:753} INFO - DAG(s) dict_keys(['example_branch_labels']) retrieved from /home/airflow/.local/lib/python3.7/site-packages/airflow/example_dags/example_branch_labels.py
[2023-03-11T12:49:11.800+0000] {logging_mixin.py:137} INFO - [2023-03-11T12:49:11.800+0000] {dag.py:2690} INFO - Sync 1 DAGs
[2023-03-11T12:49:11.826+0000] {logging_mixin.py:137} INFO - [2023-03-11T12:49:11.826+0000] {dag.py:3441} INFO - Setting next_dagrun for example_branch_labels to 2023-03-10T00:00:00+00:00, run_after=2023-03-11T00:00:00+00:00
[2023-03-11T12:49:11.842+0000] {processor.py:175} INFO - Processing /home/airflow/.local/lib/python3.7/site-packages/airflow/example_dags/example_branch_labels.py took 0.084 seconds
[2023-03-11T12:49:41.930+0000] {processor.py:153} INFO - Started process (PID=3557) to work on /home/airflow/.local/lib/python3.7/site-packages/airflow/example_dags/example_branch_labels.py
[2023-03-11T12:49:41.931+0000] {processor.py:743} INFO - Processing file /home/airflow/.local/lib/python3.7/site-packages/airflow/example_dags/example_branch_labels.py for tasks to queue
[2023-03-11T12:49:41.931+0000] {logging_mixin.py:137} INFO - [2023-03-11T12:49:41.931+0000] {dagbag.py:538} INFO - Filling up the DagBag from /home/airflow/.local/lib/python3.7/site-packages/airflow/example_dags/example_branch_labels.py
[2023-03-11T12:49:41.945+0000] {processor.py:753} INFO - DAG(s) dict_keys(['example_branch_labels']) retrieved from /home/airflow/.local/lib/python3.7/site-packages/airflow/example_dags/example_branch_labels.py
[2023-03-11T12:49:41.969+0000] {logging_mixin.py:137} INFO - [2023-03-11T12:49:41.969+0000] {dag.py:2690} INFO - Sync 1 DAGs
[2023-03-11T12:49:41.996+0000] {logging_mixin.py:137} INFO - [2023-03-11T12:49:41.996+0000] {dag.py:3441} INFO - Setting next_dagrun for example_branch_labels to 2023-03-10T00:00:00+00:00, run_after=2023-03-11T00:00:00+00:00
[2023-03-11T12:49:42.014+0000] {processor.py:175} INFO - Processing /home/airflow/.local/lib/python3.7/site-packages/airflow/example_dags/example_branch_labels.py took 0.087 seconds
