[2023-03-11T12:31:18.971+0000] {processor.py:153} INFO - Started process (PID=107) to work on /home/airflow/.local/lib/python3.7/site-packages/airflow/example_dags/example_sensors.py
[2023-03-11T12:31:18.972+0000] {processor.py:743} INFO - Processing file /home/airflow/.local/lib/python3.7/site-packages/airflow/example_dags/example_sensors.py for tasks to queue
[2023-03-11T12:31:18.973+0000] {logging_mixin.py:137} INFO - [2023-03-11T12:31:18.972+0000] {dagbag.py:538} INFO - Filling up the DagBag from /home/airflow/.local/lib/python3.7/site-packages/airflow/example_dags/example_sensors.py
[2023-03-11T12:31:19.016+0000] {processor.py:753} INFO - DAG(s) dict_keys(['example_sensors']) retrieved from /home/airflow/.local/lib/python3.7/site-packages/airflow/example_dags/example_sensors.py
[2023-03-11T12:31:19.038+0000] {logging_mixin.py:137} INFO - [2023-03-11T12:31:19.038+0000] {dag.py:2690} INFO - Sync 1 DAGs
[2023-03-11T12:31:19.082+0000] {logging_mixin.py:137} INFO - [2023-03-11T12:31:19.081+0000] {dag.py:3441} INFO - Setting next_dagrun for example_sensors to None, run_after=None
[2023-03-11T12:31:19.121+0000] {processor.py:175} INFO - Processing /home/airflow/.local/lib/python3.7/site-packages/airflow/example_dags/example_sensors.py took 0.156 seconds
[2023-03-11T12:31:49.157+0000] {processor.py:153} INFO - Started process (PID=194) to work on /home/airflow/.local/lib/python3.7/site-packages/airflow/example_dags/example_sensors.py
[2023-03-11T12:31:49.158+0000] {processor.py:743} INFO - Processing file /home/airflow/.local/lib/python3.7/site-packages/airflow/example_dags/example_sensors.py for tasks to queue
[2023-03-11T12:31:49.158+0000] {logging_mixin.py:137} INFO - [2023-03-11T12:31:49.158+0000] {dagbag.py:538} INFO - Filling up the DagBag from /home/airflow/.local/lib/python3.7/site-packages/airflow/example_dags/example_sensors.py
[2023-03-11T12:31:49.179+0000] {processor.py:753} INFO - DAG(s) dict_keys(['example_sensors']) retrieved from /home/airflow/.local/lib/python3.7/site-packages/airflow/example_dags/example_sensors.py
[2023-03-11T12:31:49.208+0000] {logging_mixin.py:137} INFO - [2023-03-11T12:31:49.208+0000] {dag.py:2690} INFO - Sync 1 DAGs
[2023-03-11T12:31:49.237+0000] {logging_mixin.py:137} INFO - [2023-03-11T12:31:49.236+0000] {dag.py:3441} INFO - Setting next_dagrun for example_sensors to None, run_after=None
[2023-03-11T12:31:49.255+0000] {processor.py:175} INFO - Processing /home/airflow/.local/lib/python3.7/site-packages/airflow/example_dags/example_sensors.py took 0.102 seconds
[2023-03-11T12:32:20.039+0000] {processor.py:153} INFO - Started process (PID=281) to work on /home/airflow/.local/lib/python3.7/site-packages/airflow/example_dags/example_sensors.py
[2023-03-11T12:32:20.040+0000] {processor.py:743} INFO - Processing file /home/airflow/.local/lib/python3.7/site-packages/airflow/example_dags/example_sensors.py for tasks to queue
[2023-03-11T12:32:20.041+0000] {logging_mixin.py:137} INFO - [2023-03-11T12:32:20.041+0000] {dagbag.py:538} INFO - Filling up the DagBag from /home/airflow/.local/lib/python3.7/site-packages/airflow/example_dags/example_sensors.py
[2023-03-11T12:32:20.060+0000] {processor.py:753} INFO - DAG(s) dict_keys(['example_sensors']) retrieved from /home/airflow/.local/lib/python3.7/site-packages/airflow/example_dags/example_sensors.py
[2023-03-11T12:32:20.092+0000] {logging_mixin.py:137} INFO - [2023-03-11T12:32:20.091+0000] {dag.py:2690} INFO - Sync 1 DAGs
[2023-03-11T12:32:20.119+0000] {logging_mixin.py:137} INFO - [2023-03-11T12:32:20.118+0000] {dag.py:3441} INFO - Setting next_dagrun for example_sensors to None, run_after=None
[2023-03-11T12:32:20.136+0000] {processor.py:175} INFO - Processing /home/airflow/.local/lib/python3.7/site-packages/airflow/example_dags/example_sensors.py took 0.101 seconds
[2023-03-11T12:32:51.060+0000] {processor.py:153} INFO - Started process (PID=392) to work on /home/airflow/.local/lib/python3.7/site-packages/airflow/example_dags/example_sensors.py
[2023-03-11T12:32:51.061+0000] {processor.py:743} INFO - Processing file /home/airflow/.local/lib/python3.7/site-packages/airflow/example_dags/example_sensors.py for tasks to queue
[2023-03-11T12:32:51.062+0000] {logging_mixin.py:137} INFO - [2023-03-11T12:32:51.062+0000] {dagbag.py:538} INFO - Filling up the DagBag from /home/airflow/.local/lib/python3.7/site-packages/airflow/example_dags/example_sensors.py
[2023-03-11T12:32:51.082+0000] {processor.py:753} INFO - DAG(s) dict_keys(['example_sensors']) retrieved from /home/airflow/.local/lib/python3.7/site-packages/airflow/example_dags/example_sensors.py
[2023-03-11T12:32:51.111+0000] {logging_mixin.py:137} INFO - [2023-03-11T12:32:51.111+0000] {dag.py:2690} INFO - Sync 1 DAGs
[2023-03-11T12:32:51.140+0000] {logging_mixin.py:137} INFO - [2023-03-11T12:32:51.140+0000] {dag.py:3441} INFO - Setting next_dagrun for example_sensors to None, run_after=None
[2023-03-11T12:32:51.159+0000] {processor.py:175} INFO - Processing /home/airflow/.local/lib/python3.7/site-packages/airflow/example_dags/example_sensors.py took 0.102 seconds
[2023-03-11T12:33:21.985+0000] {processor.py:153} INFO - Started process (PID=479) to work on /home/airflow/.local/lib/python3.7/site-packages/airflow/example_dags/example_sensors.py
[2023-03-11T12:33:21.986+0000] {processor.py:743} INFO - Processing file /home/airflow/.local/lib/python3.7/site-packages/airflow/example_dags/example_sensors.py for tasks to queue
[2023-03-11T12:33:21.987+0000] {logging_mixin.py:137} INFO - [2023-03-11T12:33:21.986+0000] {dagbag.py:538} INFO - Filling up the DagBag from /home/airflow/.local/lib/python3.7/site-packages/airflow/example_dags/example_sensors.py
[2023-03-11T12:33:22.006+0000] {processor.py:753} INFO - DAG(s) dict_keys(['example_sensors']) retrieved from /home/airflow/.local/lib/python3.7/site-packages/airflow/example_dags/example_sensors.py
[2023-03-11T12:33:22.035+0000] {logging_mixin.py:137} INFO - [2023-03-11T12:33:22.035+0000] {dag.py:2690} INFO - Sync 1 DAGs
[2023-03-11T12:33:22.063+0000] {logging_mixin.py:137} INFO - [2023-03-11T12:33:22.063+0000] {dag.py:3441} INFO - Setting next_dagrun for example_sensors to None, run_after=None
[2023-03-11T12:33:22.086+0000] {processor.py:175} INFO - Processing /home/airflow/.local/lib/python3.7/site-packages/airflow/example_dags/example_sensors.py took 0.104 seconds
[2023-03-11T12:33:52.947+0000] {processor.py:153} INFO - Started process (PID=575) to work on /home/airflow/.local/lib/python3.7/site-packages/airflow/example_dags/example_sensors.py
[2023-03-11T12:33:52.948+0000] {processor.py:743} INFO - Processing file /home/airflow/.local/lib/python3.7/site-packages/airflow/example_dags/example_sensors.py for tasks to queue
[2023-03-11T12:33:52.949+0000] {logging_mixin.py:137} INFO - [2023-03-11T12:33:52.949+0000] {dagbag.py:538} INFO - Filling up the DagBag from /home/airflow/.local/lib/python3.7/site-packages/airflow/example_dags/example_sensors.py
[2023-03-11T12:33:52.969+0000] {processor.py:753} INFO - DAG(s) dict_keys(['example_sensors']) retrieved from /home/airflow/.local/lib/python3.7/site-packages/airflow/example_dags/example_sensors.py
[2023-03-11T12:33:53.003+0000] {logging_mixin.py:137} INFO - [2023-03-11T12:33:53.003+0000] {dag.py:2690} INFO - Sync 1 DAGs
[2023-03-11T12:33:53.032+0000] {logging_mixin.py:137} INFO - [2023-03-11T12:33:53.032+0000] {dag.py:3441} INFO - Setting next_dagrun for example_sensors to None, run_after=None
[2023-03-11T12:33:53.056+0000] {processor.py:175} INFO - Processing /home/airflow/.local/lib/python3.7/site-packages/airflow/example_dags/example_sensors.py took 0.112 seconds
[2023-03-11T12:34:23.669+0000] {processor.py:153} INFO - Started process (PID=677) to work on /home/airflow/.local/lib/python3.7/site-packages/airflow/example_dags/example_sensors.py
[2023-03-11T12:34:23.670+0000] {processor.py:743} INFO - Processing file /home/airflow/.local/lib/python3.7/site-packages/airflow/example_dags/example_sensors.py for tasks to queue
[2023-03-11T12:34:23.671+0000] {logging_mixin.py:137} INFO - [2023-03-11T12:34:23.671+0000] {dagbag.py:538} INFO - Filling up the DagBag from /home/airflow/.local/lib/python3.7/site-packages/airflow/example_dags/example_sensors.py
[2023-03-11T12:34:23.691+0000] {processor.py:753} INFO - DAG(s) dict_keys(['example_sensors']) retrieved from /home/airflow/.local/lib/python3.7/site-packages/airflow/example_dags/example_sensors.py
[2023-03-11T12:34:23.722+0000] {logging_mixin.py:137} INFO - [2023-03-11T12:34:23.722+0000] {dag.py:2690} INFO - Sync 1 DAGs
[2023-03-11T12:34:23.752+0000] {logging_mixin.py:137} INFO - [2023-03-11T12:34:23.752+0000] {dag.py:3441} INFO - Setting next_dagrun for example_sensors to None, run_after=None
[2023-03-11T12:34:23.771+0000] {processor.py:175} INFO - Processing /home/airflow/.local/lib/python3.7/site-packages/airflow/example_dags/example_sensors.py took 0.105 seconds
[2023-03-11T12:34:54.106+0000] {processor.py:153} INFO - Started process (PID=764) to work on /home/airflow/.local/lib/python3.7/site-packages/airflow/example_dags/example_sensors.py
[2023-03-11T12:34:54.107+0000] {processor.py:743} INFO - Processing file /home/airflow/.local/lib/python3.7/site-packages/airflow/example_dags/example_sensors.py for tasks to queue
[2023-03-11T12:34:54.107+0000] {logging_mixin.py:137} INFO - [2023-03-11T12:34:54.107+0000] {dagbag.py:538} INFO - Filling up the DagBag from /home/airflow/.local/lib/python3.7/site-packages/airflow/example_dags/example_sensors.py
[2023-03-11T12:34:54.126+0000] {processor.py:753} INFO - DAG(s) dict_keys(['example_sensors']) retrieved from /home/airflow/.local/lib/python3.7/site-packages/airflow/example_dags/example_sensors.py
[2023-03-11T12:34:54.155+0000] {logging_mixin.py:137} INFO - [2023-03-11T12:34:54.155+0000] {dag.py:2690} INFO - Sync 1 DAGs
[2023-03-11T12:34:54.181+0000] {logging_mixin.py:137} INFO - [2023-03-11T12:34:54.181+0000] {dag.py:3441} INFO - Setting next_dagrun for example_sensors to None, run_after=None
[2023-03-11T12:34:54.201+0000] {processor.py:175} INFO - Processing /home/airflow/.local/lib/python3.7/site-packages/airflow/example_dags/example_sensors.py took 0.098 seconds
[2023-03-11T12:35:24.396+0000] {processor.py:153} INFO - Started process (PID=875) to work on /home/airflow/.local/lib/python3.7/site-packages/airflow/example_dags/example_sensors.py
[2023-03-11T12:35:24.398+0000] {processor.py:743} INFO - Processing file /home/airflow/.local/lib/python3.7/site-packages/airflow/example_dags/example_sensors.py for tasks to queue
[2023-03-11T12:35:24.398+0000] {logging_mixin.py:137} INFO - [2023-03-11T12:35:24.398+0000] {dagbag.py:538} INFO - Filling up the DagBag from /home/airflow/.local/lib/python3.7/site-packages/airflow/example_dags/example_sensors.py
[2023-03-11T12:35:24.419+0000] {processor.py:753} INFO - DAG(s) dict_keys(['example_sensors']) retrieved from /home/airflow/.local/lib/python3.7/site-packages/airflow/example_dags/example_sensors.py
[2023-03-11T12:35:24.451+0000] {logging_mixin.py:137} INFO - [2023-03-11T12:35:24.450+0000] {dag.py:2690} INFO - Sync 1 DAGs
[2023-03-11T12:35:24.476+0000] {logging_mixin.py:137} INFO - [2023-03-11T12:35:24.476+0000] {dag.py:3441} INFO - Setting next_dagrun for example_sensors to None, run_after=None
[2023-03-11T12:35:24.496+0000] {processor.py:175} INFO - Processing /home/airflow/.local/lib/python3.7/site-packages/airflow/example_dags/example_sensors.py took 0.103 seconds
[2023-03-11T12:35:54.855+0000] {processor.py:153} INFO - Started process (PID=962) to work on /home/airflow/.local/lib/python3.7/site-packages/airflow/example_dags/example_sensors.py
[2023-03-11T12:35:54.856+0000] {processor.py:743} INFO - Processing file /home/airflow/.local/lib/python3.7/site-packages/airflow/example_dags/example_sensors.py for tasks to queue
[2023-03-11T12:35:54.856+0000] {logging_mixin.py:137} INFO - [2023-03-11T12:35:54.856+0000] {dagbag.py:538} INFO - Filling up the DagBag from /home/airflow/.local/lib/python3.7/site-packages/airflow/example_dags/example_sensors.py
[2023-03-11T12:35:54.875+0000] {processor.py:753} INFO - DAG(s) dict_keys(['example_sensors']) retrieved from /home/airflow/.local/lib/python3.7/site-packages/airflow/example_dags/example_sensors.py
[2023-03-11T12:35:54.902+0000] {logging_mixin.py:137} INFO - [2023-03-11T12:35:54.902+0000] {dag.py:2690} INFO - Sync 1 DAGs
[2023-03-11T12:35:54.929+0000] {logging_mixin.py:137} INFO - [2023-03-11T12:35:54.928+0000] {dag.py:3441} INFO - Setting next_dagrun for example_sensors to None, run_after=None
[2023-03-11T12:35:54.947+0000] {processor.py:175} INFO - Processing /home/airflow/.local/lib/python3.7/site-packages/airflow/example_dags/example_sensors.py took 0.095 seconds
[2023-03-11T12:36:25.482+0000] {processor.py:153} INFO - Started process (PID=1049) to work on /home/airflow/.local/lib/python3.7/site-packages/airflow/example_dags/example_sensors.py
[2023-03-11T12:36:25.483+0000] {processor.py:743} INFO - Processing file /home/airflow/.local/lib/python3.7/site-packages/airflow/example_dags/example_sensors.py for tasks to queue
[2023-03-11T12:36:25.484+0000] {logging_mixin.py:137} INFO - [2023-03-11T12:36:25.484+0000] {dagbag.py:538} INFO - Filling up the DagBag from /home/airflow/.local/lib/python3.7/site-packages/airflow/example_dags/example_sensors.py
[2023-03-11T12:36:25.504+0000] {processor.py:753} INFO - DAG(s) dict_keys(['example_sensors']) retrieved from /home/airflow/.local/lib/python3.7/site-packages/airflow/example_dags/example_sensors.py
[2023-03-11T12:36:25.534+0000] {logging_mixin.py:137} INFO - [2023-03-11T12:36:25.534+0000] {dag.py:2690} INFO - Sync 1 DAGs
[2023-03-11T12:36:25.562+0000] {logging_mixin.py:137} INFO - [2023-03-11T12:36:25.562+0000] {dag.py:3441} INFO - Setting next_dagrun for example_sensors to None, run_after=None
[2023-03-11T12:36:25.585+0000] {processor.py:175} INFO - Processing /home/airflow/.local/lib/python3.7/site-packages/airflow/example_dags/example_sensors.py took 0.106 seconds
[2023-03-11T12:36:56.104+0000] {processor.py:153} INFO - Started process (PID=1160) to work on /home/airflow/.local/lib/python3.7/site-packages/airflow/example_dags/example_sensors.py
[2023-03-11T12:36:56.105+0000] {processor.py:743} INFO - Processing file /home/airflow/.local/lib/python3.7/site-packages/airflow/example_dags/example_sensors.py for tasks to queue
[2023-03-11T12:36:56.105+0000] {logging_mixin.py:137} INFO - [2023-03-11T12:36:56.105+0000] {dagbag.py:538} INFO - Filling up the DagBag from /home/airflow/.local/lib/python3.7/site-packages/airflow/example_dags/example_sensors.py
[2023-03-11T12:36:56.124+0000] {processor.py:753} INFO - DAG(s) dict_keys(['example_sensors']) retrieved from /home/airflow/.local/lib/python3.7/site-packages/airflow/example_dags/example_sensors.py
[2023-03-11T12:36:56.160+0000] {logging_mixin.py:137} INFO - [2023-03-11T12:36:56.160+0000] {dag.py:2690} INFO - Sync 1 DAGs
[2023-03-11T12:36:56.189+0000] {logging_mixin.py:137} INFO - [2023-03-11T12:36:56.189+0000] {dag.py:3441} INFO - Setting next_dagrun for example_sensors to None, run_after=None
[2023-03-11T12:36:56.211+0000] {processor.py:175} INFO - Processing /home/airflow/.local/lib/python3.7/site-packages/airflow/example_dags/example_sensors.py took 0.110 seconds
[2023-03-11T12:37:26.775+0000] {processor.py:153} INFO - Started process (PID=1247) to work on /home/airflow/.local/lib/python3.7/site-packages/airflow/example_dags/example_sensors.py
[2023-03-11T12:37:26.776+0000] {processor.py:743} INFO - Processing file /home/airflow/.local/lib/python3.7/site-packages/airflow/example_dags/example_sensors.py for tasks to queue
[2023-03-11T12:37:26.777+0000] {logging_mixin.py:137} INFO - [2023-03-11T12:37:26.777+0000] {dagbag.py:538} INFO - Filling up the DagBag from /home/airflow/.local/lib/python3.7/site-packages/airflow/example_dags/example_sensors.py
[2023-03-11T12:37:26.796+0000] {processor.py:753} INFO - DAG(s) dict_keys(['example_sensors']) retrieved from /home/airflow/.local/lib/python3.7/site-packages/airflow/example_dags/example_sensors.py
[2023-03-11T12:37:26.822+0000] {logging_mixin.py:137} INFO - [2023-03-11T12:37:26.822+0000] {dag.py:2690} INFO - Sync 1 DAGs
[2023-03-11T12:37:26.850+0000] {logging_mixin.py:137} INFO - [2023-03-11T12:37:26.850+0000] {dag.py:3441} INFO - Setting next_dagrun for example_sensors to None, run_after=None
[2023-03-11T12:37:26.868+0000] {processor.py:175} INFO - Processing /home/airflow/.local/lib/python3.7/site-packages/airflow/example_dags/example_sensors.py took 0.097 seconds
[2023-03-11T12:37:57.983+0000] {processor.py:153} INFO - Started process (PID=1358) to work on /home/airflow/.local/lib/python3.7/site-packages/airflow/example_dags/example_sensors.py
[2023-03-11T12:37:57.985+0000] {processor.py:743} INFO - Processing file /home/airflow/.local/lib/python3.7/site-packages/airflow/example_dags/example_sensors.py for tasks to queue
[2023-03-11T12:37:57.985+0000] {logging_mixin.py:137} INFO - [2023-03-11T12:37:57.985+0000] {dagbag.py:538} INFO - Filling up the DagBag from /home/airflow/.local/lib/python3.7/site-packages/airflow/example_dags/example_sensors.py
[2023-03-11T12:37:58.006+0000] {processor.py:753} INFO - DAG(s) dict_keys(['example_sensors']) retrieved from /home/airflow/.local/lib/python3.7/site-packages/airflow/example_dags/example_sensors.py
[2023-03-11T12:37:58.040+0000] {logging_mixin.py:137} INFO - [2023-03-11T12:37:58.040+0000] {dag.py:2690} INFO - Sync 1 DAGs
[2023-03-11T12:37:58.068+0000] {logging_mixin.py:137} INFO - [2023-03-11T12:37:58.068+0000] {dag.py:3441} INFO - Setting next_dagrun for example_sensors to None, run_after=None
[2023-03-11T12:37:58.093+0000] {processor.py:175} INFO - Processing /home/airflow/.local/lib/python3.7/site-packages/airflow/example_dags/example_sensors.py took 0.114 seconds
[2023-03-11T12:38:28.176+0000] {processor.py:153} INFO - Started process (PID=1444) to work on /home/airflow/.local/lib/python3.7/site-packages/airflow/example_dags/example_sensors.py
[2023-03-11T12:38:28.177+0000] {processor.py:743} INFO - Processing file /home/airflow/.local/lib/python3.7/site-packages/airflow/example_dags/example_sensors.py for tasks to queue
[2023-03-11T12:38:28.178+0000] {logging_mixin.py:137} INFO - [2023-03-11T12:38:28.178+0000] {dagbag.py:538} INFO - Filling up the DagBag from /home/airflow/.local/lib/python3.7/site-packages/airflow/example_dags/example_sensors.py
[2023-03-11T12:38:28.198+0000] {processor.py:753} INFO - DAG(s) dict_keys(['example_sensors']) retrieved from /home/airflow/.local/lib/python3.7/site-packages/airflow/example_dags/example_sensors.py
[2023-03-11T12:38:28.231+0000] {logging_mixin.py:137} INFO - [2023-03-11T12:38:28.230+0000] {dag.py:2690} INFO - Sync 1 DAGs
[2023-03-11T12:38:28.259+0000] {logging_mixin.py:137} INFO - [2023-03-11T12:38:28.258+0000] {dag.py:3441} INFO - Setting next_dagrun for example_sensors to None, run_after=None
[2023-03-11T12:38:28.278+0000] {processor.py:175} INFO - Processing /home/airflow/.local/lib/python3.7/site-packages/airflow/example_dags/example_sensors.py took 0.105 seconds
[2023-03-11T12:38:59.353+0000] {processor.py:153} INFO - Started process (PID=1531) to work on /home/airflow/.local/lib/python3.7/site-packages/airflow/example_dags/example_sensors.py
[2023-03-11T12:38:59.354+0000] {processor.py:743} INFO - Processing file /home/airflow/.local/lib/python3.7/site-packages/airflow/example_dags/example_sensors.py for tasks to queue
[2023-03-11T12:38:59.354+0000] {logging_mixin.py:137} INFO - [2023-03-11T12:38:59.354+0000] {dagbag.py:538} INFO - Filling up the DagBag from /home/airflow/.local/lib/python3.7/site-packages/airflow/example_dags/example_sensors.py
[2023-03-11T12:38:59.373+0000] {processor.py:753} INFO - DAG(s) dict_keys(['example_sensors']) retrieved from /home/airflow/.local/lib/python3.7/site-packages/airflow/example_dags/example_sensors.py
[2023-03-11T12:38:59.411+0000] {logging_mixin.py:137} INFO - [2023-03-11T12:38:59.411+0000] {dag.py:2690} INFO - Sync 1 DAGs
[2023-03-11T12:38:59.440+0000] {logging_mixin.py:137} INFO - [2023-03-11T12:38:59.440+0000] {dag.py:3441} INFO - Setting next_dagrun for example_sensors to None, run_after=None
[2023-03-11T12:38:59.459+0000] {processor.py:175} INFO - Processing /home/airflow/.local/lib/python3.7/site-packages/airflow/example_dags/example_sensors.py took 0.109 seconds
[2023-03-11T12:39:29.588+0000] {processor.py:153} INFO - Started process (PID=1642) to work on /home/airflow/.local/lib/python3.7/site-packages/airflow/example_dags/example_sensors.py
[2023-03-11T12:39:29.589+0000] {processor.py:743} INFO - Processing file /home/airflow/.local/lib/python3.7/site-packages/airflow/example_dags/example_sensors.py for tasks to queue
[2023-03-11T12:39:29.589+0000] {logging_mixin.py:137} INFO - [2023-03-11T12:39:29.589+0000] {dagbag.py:538} INFO - Filling up the DagBag from /home/airflow/.local/lib/python3.7/site-packages/airflow/example_dags/example_sensors.py
[2023-03-11T12:39:29.608+0000] {processor.py:753} INFO - DAG(s) dict_keys(['example_sensors']) retrieved from /home/airflow/.local/lib/python3.7/site-packages/airflow/example_dags/example_sensors.py
[2023-03-11T12:39:29.637+0000] {logging_mixin.py:137} INFO - [2023-03-11T12:39:29.637+0000] {dag.py:2690} INFO - Sync 1 DAGs
[2023-03-11T12:39:29.666+0000] {logging_mixin.py:137} INFO - [2023-03-11T12:39:29.666+0000] {dag.py:3441} INFO - Setting next_dagrun for example_sensors to None, run_after=None
[2023-03-11T12:39:29.685+0000] {processor.py:175} INFO - Processing /home/airflow/.local/lib/python3.7/site-packages/airflow/example_dags/example_sensors.py took 0.099 seconds
[2023-03-11T12:39:59.789+0000] {processor.py:153} INFO - Started process (PID=1729) to work on /home/airflow/.local/lib/python3.7/site-packages/airflow/example_dags/example_sensors.py
[2023-03-11T12:39:59.790+0000] {processor.py:743} INFO - Processing file /home/airflow/.local/lib/python3.7/site-packages/airflow/example_dags/example_sensors.py for tasks to queue
[2023-03-11T12:39:59.791+0000] {logging_mixin.py:137} INFO - [2023-03-11T12:39:59.791+0000] {dagbag.py:538} INFO - Filling up the DagBag from /home/airflow/.local/lib/python3.7/site-packages/airflow/example_dags/example_sensors.py
[2023-03-11T12:39:59.810+0000] {processor.py:753} INFO - DAG(s) dict_keys(['example_sensors']) retrieved from /home/airflow/.local/lib/python3.7/site-packages/airflow/example_dags/example_sensors.py
[2023-03-11T12:39:59.840+0000] {logging_mixin.py:137} INFO - [2023-03-11T12:39:59.840+0000] {dag.py:2690} INFO - Sync 1 DAGs
[2023-03-11T12:39:59.866+0000] {logging_mixin.py:137} INFO - [2023-03-11T12:39:59.866+0000] {dag.py:3441} INFO - Setting next_dagrun for example_sensors to None, run_after=None
[2023-03-11T12:39:59.887+0000] {processor.py:175} INFO - Processing /home/airflow/.local/lib/python3.7/site-packages/airflow/example_dags/example_sensors.py took 0.100 seconds
[2023-03-11T12:40:30.865+0000] {processor.py:153} INFO - Started process (PID=1816) to work on /home/airflow/.local/lib/python3.7/site-packages/airflow/example_dags/example_sensors.py
[2023-03-11T12:40:30.866+0000] {processor.py:743} INFO - Processing file /home/airflow/.local/lib/python3.7/site-packages/airflow/example_dags/example_sensors.py for tasks to queue
[2023-03-11T12:40:30.866+0000] {logging_mixin.py:137} INFO - [2023-03-11T12:40:30.866+0000] {dagbag.py:538} INFO - Filling up the DagBag from /home/airflow/.local/lib/python3.7/site-packages/airflow/example_dags/example_sensors.py
[2023-03-11T12:40:30.887+0000] {processor.py:753} INFO - DAG(s) dict_keys(['example_sensors']) retrieved from /home/airflow/.local/lib/python3.7/site-packages/airflow/example_dags/example_sensors.py
[2023-03-11T12:40:30.918+0000] {logging_mixin.py:137} INFO - [2023-03-11T12:40:30.918+0000] {dag.py:2690} INFO - Sync 1 DAGs
[2023-03-11T12:40:30.943+0000] {logging_mixin.py:137} INFO - [2023-03-11T12:40:30.943+0000] {dag.py:3441} INFO - Setting next_dagrun for example_sensors to None, run_after=None
[2023-03-11T12:40:30.961+0000] {processor.py:175} INFO - Processing /home/airflow/.local/lib/python3.7/site-packages/airflow/example_dags/example_sensors.py took 0.100 seconds
[2023-03-11T12:41:01.820+0000] {processor.py:153} INFO - Started process (PID=1927) to work on /home/airflow/.local/lib/python3.7/site-packages/airflow/example_dags/example_sensors.py
[2023-03-11T12:41:01.821+0000] {processor.py:743} INFO - Processing file /home/airflow/.local/lib/python3.7/site-packages/airflow/example_dags/example_sensors.py for tasks to queue
[2023-03-11T12:41:01.821+0000] {logging_mixin.py:137} INFO - [2023-03-11T12:41:01.821+0000] {dagbag.py:538} INFO - Filling up the DagBag from /home/airflow/.local/lib/python3.7/site-packages/airflow/example_dags/example_sensors.py
[2023-03-11T12:41:01.843+0000] {processor.py:753} INFO - DAG(s) dict_keys(['example_sensors']) retrieved from /home/airflow/.local/lib/python3.7/site-packages/airflow/example_dags/example_sensors.py
[2023-03-11T12:41:01.872+0000] {logging_mixin.py:137} INFO - [2023-03-11T12:41:01.872+0000] {dag.py:2690} INFO - Sync 1 DAGs
[2023-03-11T12:41:01.898+0000] {logging_mixin.py:137} INFO - [2023-03-11T12:41:01.898+0000] {dag.py:3441} INFO - Setting next_dagrun for example_sensors to None, run_after=None
[2023-03-11T12:41:01.919+0000] {processor.py:175} INFO - Processing /home/airflow/.local/lib/python3.7/site-packages/airflow/example_dags/example_sensors.py took 0.103 seconds
[2023-03-11T12:41:32.580+0000] {processor.py:153} INFO - Started process (PID=2014) to work on /home/airflow/.local/lib/python3.7/site-packages/airflow/example_dags/example_sensors.py
[2023-03-11T12:41:32.581+0000] {processor.py:743} INFO - Processing file /home/airflow/.local/lib/python3.7/site-packages/airflow/example_dags/example_sensors.py for tasks to queue
[2023-03-11T12:41:32.582+0000] {logging_mixin.py:137} INFO - [2023-03-11T12:41:32.582+0000] {dagbag.py:538} INFO - Filling up the DagBag from /home/airflow/.local/lib/python3.7/site-packages/airflow/example_dags/example_sensors.py
[2023-03-11T12:41:32.601+0000] {processor.py:753} INFO - DAG(s) dict_keys(['example_sensors']) retrieved from /home/airflow/.local/lib/python3.7/site-packages/airflow/example_dags/example_sensors.py
[2023-03-11T12:41:32.630+0000] {logging_mixin.py:137} INFO - [2023-03-11T12:41:32.629+0000] {dag.py:2690} INFO - Sync 1 DAGs
[2023-03-11T12:41:32.660+0000] {logging_mixin.py:137} INFO - [2023-03-11T12:41:32.660+0000] {dag.py:3441} INFO - Setting next_dagrun for example_sensors to None, run_after=None
[2023-03-11T12:41:32.686+0000] {processor.py:175} INFO - Processing /home/airflow/.local/lib/python3.7/site-packages/airflow/example_dags/example_sensors.py took 0.108 seconds
[2023-03-11T12:42:03.261+0000] {processor.py:153} INFO - Started process (PID=2125) to work on /home/airflow/.local/lib/python3.7/site-packages/airflow/example_dags/example_sensors.py
[2023-03-11T12:42:03.262+0000] {processor.py:743} INFO - Processing file /home/airflow/.local/lib/python3.7/site-packages/airflow/example_dags/example_sensors.py for tasks to queue
[2023-03-11T12:42:03.262+0000] {logging_mixin.py:137} INFO - [2023-03-11T12:42:03.262+0000] {dagbag.py:538} INFO - Filling up the DagBag from /home/airflow/.local/lib/python3.7/site-packages/airflow/example_dags/example_sensors.py
[2023-03-11T12:42:03.280+0000] {processor.py:753} INFO - DAG(s) dict_keys(['example_sensors']) retrieved from /home/airflow/.local/lib/python3.7/site-packages/airflow/example_dags/example_sensors.py
[2023-03-11T12:42:03.315+0000] {logging_mixin.py:137} INFO - [2023-03-11T12:42:03.314+0000] {dag.py:2690} INFO - Sync 1 DAGs
[2023-03-11T12:42:03.340+0000] {logging_mixin.py:137} INFO - [2023-03-11T12:42:03.340+0000] {dag.py:3441} INFO - Setting next_dagrun for example_sensors to None, run_after=None
[2023-03-11T12:42:03.359+0000] {processor.py:175} INFO - Processing /home/airflow/.local/lib/python3.7/site-packages/airflow/example_dags/example_sensors.py took 0.101 seconds
[2023-03-11T12:42:33.892+0000] {processor.py:153} INFO - Started process (PID=2212) to work on /home/airflow/.local/lib/python3.7/site-packages/airflow/example_dags/example_sensors.py
[2023-03-11T12:42:33.893+0000] {processor.py:743} INFO - Processing file /home/airflow/.local/lib/python3.7/site-packages/airflow/example_dags/example_sensors.py for tasks to queue
[2023-03-11T12:42:33.893+0000] {logging_mixin.py:137} INFO - [2023-03-11T12:42:33.893+0000] {dagbag.py:538} INFO - Filling up the DagBag from /home/airflow/.local/lib/python3.7/site-packages/airflow/example_dags/example_sensors.py
[2023-03-11T12:42:33.913+0000] {processor.py:753} INFO - DAG(s) dict_keys(['example_sensors']) retrieved from /home/airflow/.local/lib/python3.7/site-packages/airflow/example_dags/example_sensors.py
[2023-03-11T12:42:33.941+0000] {logging_mixin.py:137} INFO - [2023-03-11T12:42:33.941+0000] {dag.py:2690} INFO - Sync 1 DAGs
[2023-03-11T12:42:33.967+0000] {logging_mixin.py:137} INFO - [2023-03-11T12:42:33.967+0000] {dag.py:3441} INFO - Setting next_dagrun for example_sensors to None, run_after=None
[2023-03-11T12:42:33.985+0000] {processor.py:175} INFO - Processing /home/airflow/.local/lib/python3.7/site-packages/airflow/example_dags/example_sensors.py took 0.096 seconds
[2023-03-11T12:43:04.553+0000] {processor.py:153} INFO - Started process (PID=2299) to work on /home/airflow/.local/lib/python3.7/site-packages/airflow/example_dags/example_sensors.py
[2023-03-11T12:43:04.554+0000] {processor.py:743} INFO - Processing file /home/airflow/.local/lib/python3.7/site-packages/airflow/example_dags/example_sensors.py for tasks to queue
[2023-03-11T12:43:04.555+0000] {logging_mixin.py:137} INFO - [2023-03-11T12:43:04.555+0000] {dagbag.py:538} INFO - Filling up the DagBag from /home/airflow/.local/lib/python3.7/site-packages/airflow/example_dags/example_sensors.py
[2023-03-11T12:43:04.572+0000] {processor.py:753} INFO - DAG(s) dict_keys(['example_sensors']) retrieved from /home/airflow/.local/lib/python3.7/site-packages/airflow/example_dags/example_sensors.py
[2023-03-11T12:43:04.599+0000] {logging_mixin.py:137} INFO - [2023-03-11T12:43:04.598+0000] {dag.py:2690} INFO - Sync 1 DAGs
[2023-03-11T12:43:04.624+0000] {logging_mixin.py:137} INFO - [2023-03-11T12:43:04.624+0000] {dag.py:3441} INFO - Setting next_dagrun for example_sensors to None, run_after=None
[2023-03-11T12:43:04.642+0000] {processor.py:175} INFO - Processing /home/airflow/.local/lib/python3.7/site-packages/airflow/example_dags/example_sensors.py took 0.091 seconds
[2023-03-11T12:43:35.213+0000] {processor.py:153} INFO - Started process (PID=2410) to work on /home/airflow/.local/lib/python3.7/site-packages/airflow/example_dags/example_sensors.py
[2023-03-11T12:43:35.214+0000] {processor.py:743} INFO - Processing file /home/airflow/.local/lib/python3.7/site-packages/airflow/example_dags/example_sensors.py for tasks to queue
[2023-03-11T12:43:35.215+0000] {logging_mixin.py:137} INFO - [2023-03-11T12:43:35.214+0000] {dagbag.py:538} INFO - Filling up the DagBag from /home/airflow/.local/lib/python3.7/site-packages/airflow/example_dags/example_sensors.py
[2023-03-11T12:43:35.232+0000] {processor.py:753} INFO - DAG(s) dict_keys(['example_sensors']) retrieved from /home/airflow/.local/lib/python3.7/site-packages/airflow/example_dags/example_sensors.py
[2023-03-11T12:43:35.259+0000] {logging_mixin.py:137} INFO - [2023-03-11T12:43:35.259+0000] {dag.py:2690} INFO - Sync 1 DAGs
[2023-03-11T12:43:35.284+0000] {logging_mixin.py:137} INFO - [2023-03-11T12:43:35.284+0000] {dag.py:3441} INFO - Setting next_dagrun for example_sensors to None, run_after=None
[2023-03-11T12:43:35.301+0000] {processor.py:175} INFO - Processing /home/airflow/.local/lib/python3.7/site-packages/airflow/example_dags/example_sensors.py took 0.091 seconds
[2023-03-11T12:44:05.591+0000] {processor.py:153} INFO - Started process (PID=2497) to work on /home/airflow/.local/lib/python3.7/site-packages/airflow/example_dags/example_sensors.py
[2023-03-11T12:44:05.592+0000] {processor.py:743} INFO - Processing file /home/airflow/.local/lib/python3.7/site-packages/airflow/example_dags/example_sensors.py for tasks to queue
[2023-03-11T12:44:05.592+0000] {logging_mixin.py:137} INFO - [2023-03-11T12:44:05.592+0000] {dagbag.py:538} INFO - Filling up the DagBag from /home/airflow/.local/lib/python3.7/site-packages/airflow/example_dags/example_sensors.py
[2023-03-11T12:44:05.612+0000] {processor.py:753} INFO - DAG(s) dict_keys(['example_sensors']) retrieved from /home/airflow/.local/lib/python3.7/site-packages/airflow/example_dags/example_sensors.py
[2023-03-11T12:44:05.641+0000] {logging_mixin.py:137} INFO - [2023-03-11T12:44:05.641+0000] {dag.py:2690} INFO - Sync 1 DAGs
[2023-03-11T12:44:05.667+0000] {logging_mixin.py:137} INFO - [2023-03-11T12:44:05.667+0000] {dag.py:3441} INFO - Setting next_dagrun for example_sensors to None, run_after=None
[2023-03-11T12:44:05.685+0000] {processor.py:175} INFO - Processing /home/airflow/.local/lib/python3.7/site-packages/airflow/example_dags/example_sensors.py took 0.097 seconds
[2023-03-11T12:44:36.373+0000] {processor.py:153} INFO - Started process (PID=2608) to work on /home/airflow/.local/lib/python3.7/site-packages/airflow/example_dags/example_sensors.py
[2023-03-11T12:44:36.374+0000] {processor.py:743} INFO - Processing file /home/airflow/.local/lib/python3.7/site-packages/airflow/example_dags/example_sensors.py for tasks to queue
[2023-03-11T12:44:36.375+0000] {logging_mixin.py:137} INFO - [2023-03-11T12:44:36.374+0000] {dagbag.py:538} INFO - Filling up the DagBag from /home/airflow/.local/lib/python3.7/site-packages/airflow/example_dags/example_sensors.py
[2023-03-11T12:44:36.394+0000] {processor.py:753} INFO - DAG(s) dict_keys(['example_sensors']) retrieved from /home/airflow/.local/lib/python3.7/site-packages/airflow/example_dags/example_sensors.py
[2023-03-11T12:44:36.424+0000] {logging_mixin.py:137} INFO - [2023-03-11T12:44:36.424+0000] {dag.py:2690} INFO - Sync 1 DAGs
[2023-03-11T12:44:36.453+0000] {logging_mixin.py:137} INFO - [2023-03-11T12:44:36.452+0000] {dag.py:3441} INFO - Setting next_dagrun for example_sensors to None, run_after=None
[2023-03-11T12:44:36.474+0000] {processor.py:175} INFO - Processing /home/airflow/.local/lib/python3.7/site-packages/airflow/example_dags/example_sensors.py took 0.104 seconds
[2023-03-11T12:45:07.602+0000] {processor.py:153} INFO - Started process (PID=2695) to work on /home/airflow/.local/lib/python3.7/site-packages/airflow/example_dags/example_sensors.py
[2023-03-11T12:45:07.603+0000] {processor.py:743} INFO - Processing file /home/airflow/.local/lib/python3.7/site-packages/airflow/example_dags/example_sensors.py for tasks to queue
[2023-03-11T12:45:07.604+0000] {logging_mixin.py:137} INFO - [2023-03-11T12:45:07.603+0000] {dagbag.py:538} INFO - Filling up the DagBag from /home/airflow/.local/lib/python3.7/site-packages/airflow/example_dags/example_sensors.py
[2023-03-11T12:45:07.624+0000] {processor.py:753} INFO - DAG(s) dict_keys(['example_sensors']) retrieved from /home/airflow/.local/lib/python3.7/site-packages/airflow/example_dags/example_sensors.py
[2023-03-11T12:45:07.677+0000] {logging_mixin.py:137} INFO - [2023-03-11T12:45:07.677+0000] {dag.py:2690} INFO - Sync 1 DAGs
[2023-03-11T12:45:07.716+0000] {logging_mixin.py:137} INFO - [2023-03-11T12:45:07.715+0000] {dag.py:3441} INFO - Setting next_dagrun for example_sensors to None, run_after=None
[2023-03-11T12:45:07.753+0000] {processor.py:175} INFO - Processing /home/airflow/.local/lib/python3.7/site-packages/airflow/example_dags/example_sensors.py took 0.154 seconds
[2023-03-11T12:45:38.133+0000] {processor.py:153} INFO - Started process (PID=2791) to work on /home/airflow/.local/lib/python3.7/site-packages/airflow/example_dags/example_sensors.py
[2023-03-11T12:45:38.135+0000] {processor.py:743} INFO - Processing file /home/airflow/.local/lib/python3.7/site-packages/airflow/example_dags/example_sensors.py for tasks to queue
[2023-03-11T12:45:38.137+0000] {logging_mixin.py:137} INFO - [2023-03-11T12:45:38.137+0000] {dagbag.py:538} INFO - Filling up the DagBag from /home/airflow/.local/lib/python3.7/site-packages/airflow/example_dags/example_sensors.py
[2023-03-11T12:45:38.160+0000] {processor.py:753} INFO - DAG(s) dict_keys(['example_sensors']) retrieved from /home/airflow/.local/lib/python3.7/site-packages/airflow/example_dags/example_sensors.py
[2023-03-11T12:45:38.204+0000] {logging_mixin.py:137} INFO - [2023-03-11T12:45:38.204+0000] {dag.py:2690} INFO - Sync 1 DAGs
[2023-03-11T12:45:38.235+0000] {logging_mixin.py:137} INFO - [2023-03-11T12:45:38.234+0000] {dag.py:3441} INFO - Setting next_dagrun for example_sensors to None, run_after=None
[2023-03-11T12:45:38.274+0000] {processor.py:175} INFO - Processing /home/airflow/.local/lib/python3.7/site-packages/airflow/example_dags/example_sensors.py took 0.144 seconds
[2023-03-11T12:46:09.284+0000] {processor.py:153} INFO - Started process (PID=2893) to work on /home/airflow/.local/lib/python3.7/site-packages/airflow/example_dags/example_sensors.py
[2023-03-11T12:46:09.284+0000] {processor.py:743} INFO - Processing file /home/airflow/.local/lib/python3.7/site-packages/airflow/example_dags/example_sensors.py for tasks to queue
[2023-03-11T12:46:09.285+0000] {logging_mixin.py:137} INFO - [2023-03-11T12:46:09.285+0000] {dagbag.py:538} INFO - Filling up the DagBag from /home/airflow/.local/lib/python3.7/site-packages/airflow/example_dags/example_sensors.py
[2023-03-11T12:46:09.304+0000] {processor.py:753} INFO - DAG(s) dict_keys(['example_sensors']) retrieved from /home/airflow/.local/lib/python3.7/site-packages/airflow/example_dags/example_sensors.py
[2023-03-11T12:46:09.331+0000] {logging_mixin.py:137} INFO - [2023-03-11T12:46:09.331+0000] {dag.py:2690} INFO - Sync 1 DAGs
[2023-03-11T12:46:09.355+0000] {logging_mixin.py:137} INFO - [2023-03-11T12:46:09.355+0000] {dag.py:3441} INFO - Setting next_dagrun for example_sensors to None, run_after=None
[2023-03-11T12:46:09.376+0000] {processor.py:175} INFO - Processing /home/airflow/.local/lib/python3.7/site-packages/airflow/example_dags/example_sensors.py took 0.095 seconds
[2023-03-11T12:46:40.113+0000] {processor.py:153} INFO - Started process (PID=2980) to work on /home/airflow/.local/lib/python3.7/site-packages/airflow/example_dags/example_sensors.py
[2023-03-11T12:46:40.114+0000] {processor.py:743} INFO - Processing file /home/airflow/.local/lib/python3.7/site-packages/airflow/example_dags/example_sensors.py for tasks to queue
[2023-03-11T12:46:40.115+0000] {logging_mixin.py:137} INFO - [2023-03-11T12:46:40.115+0000] {dagbag.py:538} INFO - Filling up the DagBag from /home/airflow/.local/lib/python3.7/site-packages/airflow/example_dags/example_sensors.py
[2023-03-11T12:46:40.134+0000] {processor.py:753} INFO - DAG(s) dict_keys(['example_sensors']) retrieved from /home/airflow/.local/lib/python3.7/site-packages/airflow/example_dags/example_sensors.py
[2023-03-11T12:46:40.161+0000] {logging_mixin.py:137} INFO - [2023-03-11T12:46:40.161+0000] {dag.py:2690} INFO - Sync 1 DAGs
[2023-03-11T12:46:40.186+0000] {logging_mixin.py:137} INFO - [2023-03-11T12:46:40.186+0000] {dag.py:3441} INFO - Setting next_dagrun for example_sensors to None, run_after=None
[2023-03-11T12:46:40.208+0000] {processor.py:175} INFO - Processing /home/airflow/.local/lib/python3.7/site-packages/airflow/example_dags/example_sensors.py took 0.097 seconds
