[2023-03-11T12:31:18.469+0000] {processor.py:153} INFO - Started process (PID=103) to work on /home/airflow/.local/lib/python3.7/site-packages/airflow/example_dags/example_nested_branch_dag.py
[2023-03-11T12:31:18.471+0000] {processor.py:743} INFO - Processing file /home/airflow/.local/lib/python3.7/site-packages/airflow/example_dags/example_nested_branch_dag.py for tasks to queue
[2023-03-11T12:31:18.472+0000] {logging_mixin.py:137} INFO - [2023-03-11T12:31:18.472+0000] {dagbag.py:538} INFO - Filling up the DagBag from /home/airflow/.local/lib/python3.7/site-packages/airflow/example_dags/example_nested_branch_dag.py
[2023-03-11T12:31:18.538+0000] {processor.py:753} INFO - DAG(s) dict_keys(['example_nested_branch_dag']) retrieved from /home/airflow/.local/lib/python3.7/site-packages/airflow/example_dags/example_nested_branch_dag.py
[2023-03-11T12:31:18.577+0000] {logging_mixin.py:137} INFO - [2023-03-11T12:31:18.577+0000] {dag.py:2690} INFO - Sync 1 DAGs
[2023-03-11T12:31:18.654+0000] {logging_mixin.py:137} INFO - [2023-03-11T12:31:18.654+0000] {dag.py:3441} INFO - Setting next_dagrun for example_nested_branch_dag to 2023-03-10T00:00:00+00:00, run_after=2023-03-11T00:00:00+00:00
[2023-03-11T12:31:18.710+0000] {processor.py:175} INFO - Processing /home/airflow/.local/lib/python3.7/site-packages/airflow/example_dags/example_nested_branch_dag.py took 0.248 seconds
[2023-03-11T12:31:48.791+0000] {processor.py:153} INFO - Started process (PID=190) to work on /home/airflow/.local/lib/python3.7/site-packages/airflow/example_dags/example_nested_branch_dag.py
[2023-03-11T12:31:48.792+0000] {processor.py:743} INFO - Processing file /home/airflow/.local/lib/python3.7/site-packages/airflow/example_dags/example_nested_branch_dag.py for tasks to queue
[2023-03-11T12:31:48.793+0000] {logging_mixin.py:137} INFO - [2023-03-11T12:31:48.792+0000] {dagbag.py:538} INFO - Filling up the DagBag from /home/airflow/.local/lib/python3.7/site-packages/airflow/example_dags/example_nested_branch_dag.py
[2023-03-11T12:31:48.818+0000] {processor.py:753} INFO - DAG(s) dict_keys(['example_nested_branch_dag']) retrieved from /home/airflow/.local/lib/python3.7/site-packages/airflow/example_dags/example_nested_branch_dag.py
[2023-03-11T12:31:48.845+0000] {logging_mixin.py:137} INFO - [2023-03-11T12:31:48.845+0000] {dag.py:2690} INFO - Sync 1 DAGs
[2023-03-11T12:31:48.876+0000] {logging_mixin.py:137} INFO - [2023-03-11T12:31:48.875+0000] {dag.py:3441} INFO - Setting next_dagrun for example_nested_branch_dag to 2023-03-10T00:00:00+00:00, run_after=2023-03-11T00:00:00+00:00
[2023-03-11T12:31:48.898+0000] {processor.py:175} INFO - Processing /home/airflow/.local/lib/python3.7/site-packages/airflow/example_dags/example_nested_branch_dag.py took 0.109 seconds
[2023-03-11T12:32:19.755+0000] {processor.py:153} INFO - Started process (PID=277) to work on /home/airflow/.local/lib/python3.7/site-packages/airflow/example_dags/example_nested_branch_dag.py
[2023-03-11T12:32:19.756+0000] {processor.py:743} INFO - Processing file /home/airflow/.local/lib/python3.7/site-packages/airflow/example_dags/example_nested_branch_dag.py for tasks to queue
[2023-03-11T12:32:19.757+0000] {logging_mixin.py:137} INFO - [2023-03-11T12:32:19.757+0000] {dagbag.py:538} INFO - Filling up the DagBag from /home/airflow/.local/lib/python3.7/site-packages/airflow/example_dags/example_nested_branch_dag.py
[2023-03-11T12:32:19.782+0000] {processor.py:753} INFO - DAG(s) dict_keys(['example_nested_branch_dag']) retrieved from /home/airflow/.local/lib/python3.7/site-packages/airflow/example_dags/example_nested_branch_dag.py
[2023-03-11T12:32:19.811+0000] {logging_mixin.py:137} INFO - [2023-03-11T12:32:19.811+0000] {dag.py:2690} INFO - Sync 1 DAGs
[2023-03-11T12:32:19.842+0000] {logging_mixin.py:137} INFO - [2023-03-11T12:32:19.841+0000] {dag.py:3441} INFO - Setting next_dagrun for example_nested_branch_dag to 2023-03-10T00:00:00+00:00, run_after=2023-03-11T00:00:00+00:00
[2023-03-11T12:32:19.866+0000] {processor.py:175} INFO - Processing /home/airflow/.local/lib/python3.7/site-packages/airflow/example_dags/example_nested_branch_dag.py took 0.113 seconds
[2023-03-11T12:32:50.772+0000] {processor.py:153} INFO - Started process (PID=388) to work on /home/airflow/.local/lib/python3.7/site-packages/airflow/example_dags/example_nested_branch_dag.py
[2023-03-11T12:32:50.773+0000] {processor.py:743} INFO - Processing file /home/airflow/.local/lib/python3.7/site-packages/airflow/example_dags/example_nested_branch_dag.py for tasks to queue
[2023-03-11T12:32:50.774+0000] {logging_mixin.py:137} INFO - [2023-03-11T12:32:50.774+0000] {dagbag.py:538} INFO - Filling up the DagBag from /home/airflow/.local/lib/python3.7/site-packages/airflow/example_dags/example_nested_branch_dag.py
[2023-03-11T12:32:50.802+0000] {processor.py:753} INFO - DAG(s) dict_keys(['example_nested_branch_dag']) retrieved from /home/airflow/.local/lib/python3.7/site-packages/airflow/example_dags/example_nested_branch_dag.py
[2023-03-11T12:32:50.830+0000] {logging_mixin.py:137} INFO - [2023-03-11T12:32:50.830+0000] {dag.py:2690} INFO - Sync 1 DAGs
[2023-03-11T12:32:50.859+0000] {logging_mixin.py:137} INFO - [2023-03-11T12:32:50.859+0000] {dag.py:3441} INFO - Setting next_dagrun for example_nested_branch_dag to 2023-03-10T00:00:00+00:00, run_after=2023-03-11T00:00:00+00:00
[2023-03-11T12:32:50.880+0000] {processor.py:175} INFO - Processing /home/airflow/.local/lib/python3.7/site-packages/airflow/example_dags/example_nested_branch_dag.py took 0.111 seconds
[2023-03-11T12:33:21.714+0000] {processor.py:153} INFO - Started process (PID=475) to work on /home/airflow/.local/lib/python3.7/site-packages/airflow/example_dags/example_nested_branch_dag.py
[2023-03-11T12:33:21.715+0000] {processor.py:743} INFO - Processing file /home/airflow/.local/lib/python3.7/site-packages/airflow/example_dags/example_nested_branch_dag.py for tasks to queue
[2023-03-11T12:33:21.716+0000] {logging_mixin.py:137} INFO - [2023-03-11T12:33:21.716+0000] {dagbag.py:538} INFO - Filling up the DagBag from /home/airflow/.local/lib/python3.7/site-packages/airflow/example_dags/example_nested_branch_dag.py
[2023-03-11T12:33:21.742+0000] {processor.py:753} INFO - DAG(s) dict_keys(['example_nested_branch_dag']) retrieved from /home/airflow/.local/lib/python3.7/site-packages/airflow/example_dags/example_nested_branch_dag.py
[2023-03-11T12:33:21.773+0000] {logging_mixin.py:137} INFO - [2023-03-11T12:33:21.773+0000] {dag.py:2690} INFO - Sync 1 DAGs
[2023-03-11T12:33:21.804+0000] {logging_mixin.py:137} INFO - [2023-03-11T12:33:21.804+0000] {dag.py:3441} INFO - Setting next_dagrun for example_nested_branch_dag to 2023-03-10T00:00:00+00:00, run_after=2023-03-11T00:00:00+00:00
[2023-03-11T12:33:21.822+0000] {processor.py:175} INFO - Processing /home/airflow/.local/lib/python3.7/site-packages/airflow/example_dags/example_nested_branch_dag.py took 0.110 seconds
[2023-03-11T12:33:52.663+0000] {processor.py:153} INFO - Started process (PID=571) to work on /home/airflow/.local/lib/python3.7/site-packages/airflow/example_dags/example_nested_branch_dag.py
[2023-03-11T12:33:52.664+0000] {processor.py:743} INFO - Processing file /home/airflow/.local/lib/python3.7/site-packages/airflow/example_dags/example_nested_branch_dag.py for tasks to queue
[2023-03-11T12:33:52.665+0000] {logging_mixin.py:137} INFO - [2023-03-11T12:33:52.664+0000] {dagbag.py:538} INFO - Filling up the DagBag from /home/airflow/.local/lib/python3.7/site-packages/airflow/example_dags/example_nested_branch_dag.py
[2023-03-11T12:33:52.693+0000] {processor.py:753} INFO - DAG(s) dict_keys(['example_nested_branch_dag']) retrieved from /home/airflow/.local/lib/python3.7/site-packages/airflow/example_dags/example_nested_branch_dag.py
[2023-03-11T12:33:52.730+0000] {logging_mixin.py:137} INFO - [2023-03-11T12:33:52.729+0000] {dag.py:2690} INFO - Sync 1 DAGs
[2023-03-11T12:33:52.760+0000] {logging_mixin.py:137} INFO - [2023-03-11T12:33:52.760+0000] {dag.py:3441} INFO - Setting next_dagrun for example_nested_branch_dag to 2023-03-10T00:00:00+00:00, run_after=2023-03-11T00:00:00+00:00
[2023-03-11T12:33:52.785+0000] {processor.py:175} INFO - Processing /home/airflow/.local/lib/python3.7/site-packages/airflow/example_dags/example_nested_branch_dag.py took 0.127 seconds
[2023-03-11T12:34:23.404+0000] {processor.py:153} INFO - Started process (PID=673) to work on /home/airflow/.local/lib/python3.7/site-packages/airflow/example_dags/example_nested_branch_dag.py
[2023-03-11T12:34:23.406+0000] {processor.py:743} INFO - Processing file /home/airflow/.local/lib/python3.7/site-packages/airflow/example_dags/example_nested_branch_dag.py for tasks to queue
[2023-03-11T12:34:23.407+0000] {logging_mixin.py:137} INFO - [2023-03-11T12:34:23.406+0000] {dagbag.py:538} INFO - Filling up the DagBag from /home/airflow/.local/lib/python3.7/site-packages/airflow/example_dags/example_nested_branch_dag.py
[2023-03-11T12:34:23.433+0000] {processor.py:753} INFO - DAG(s) dict_keys(['example_nested_branch_dag']) retrieved from /home/airflow/.local/lib/python3.7/site-packages/airflow/example_dags/example_nested_branch_dag.py
[2023-03-11T12:34:23.459+0000] {logging_mixin.py:137} INFO - [2023-03-11T12:34:23.459+0000] {dag.py:2690} INFO - Sync 1 DAGs
[2023-03-11T12:34:23.488+0000] {logging_mixin.py:137} INFO - [2023-03-11T12:34:23.488+0000] {dag.py:3441} INFO - Setting next_dagrun for example_nested_branch_dag to 2023-03-10T00:00:00+00:00, run_after=2023-03-11T00:00:00+00:00
[2023-03-11T12:34:23.511+0000] {processor.py:175} INFO - Processing /home/airflow/.local/lib/python3.7/site-packages/airflow/example_dags/example_nested_branch_dag.py took 0.110 seconds
[2023-03-11T12:34:53.859+0000] {processor.py:153} INFO - Started process (PID=760) to work on /home/airflow/.local/lib/python3.7/site-packages/airflow/example_dags/example_nested_branch_dag.py
[2023-03-11T12:34:53.860+0000] {processor.py:743} INFO - Processing file /home/airflow/.local/lib/python3.7/site-packages/airflow/example_dags/example_nested_branch_dag.py for tasks to queue
[2023-03-11T12:34:53.860+0000] {logging_mixin.py:137} INFO - [2023-03-11T12:34:53.860+0000] {dagbag.py:538} INFO - Filling up the DagBag from /home/airflow/.local/lib/python3.7/site-packages/airflow/example_dags/example_nested_branch_dag.py
[2023-03-11T12:34:53.886+0000] {processor.py:753} INFO - DAG(s) dict_keys(['example_nested_branch_dag']) retrieved from /home/airflow/.local/lib/python3.7/site-packages/airflow/example_dags/example_nested_branch_dag.py
[2023-03-11T12:34:53.912+0000] {logging_mixin.py:137} INFO - [2023-03-11T12:34:53.912+0000] {dag.py:2690} INFO - Sync 1 DAGs
[2023-03-11T12:34:53.941+0000] {logging_mixin.py:137} INFO - [2023-03-11T12:34:53.941+0000] {dag.py:3441} INFO - Setting next_dagrun for example_nested_branch_dag to 2023-03-10T00:00:00+00:00, run_after=2023-03-11T00:00:00+00:00
[2023-03-11T12:34:53.960+0000] {processor.py:175} INFO - Processing /home/airflow/.local/lib/python3.7/site-packages/airflow/example_dags/example_nested_branch_dag.py took 0.104 seconds
[2023-03-11T12:35:24.125+0000] {processor.py:153} INFO - Started process (PID=871) to work on /home/airflow/.local/lib/python3.7/site-packages/airflow/example_dags/example_nested_branch_dag.py
[2023-03-11T12:35:24.126+0000] {processor.py:743} INFO - Processing file /home/airflow/.local/lib/python3.7/site-packages/airflow/example_dags/example_nested_branch_dag.py for tasks to queue
[2023-03-11T12:35:24.126+0000] {logging_mixin.py:137} INFO - [2023-03-11T12:35:24.126+0000] {dagbag.py:538} INFO - Filling up the DagBag from /home/airflow/.local/lib/python3.7/site-packages/airflow/example_dags/example_nested_branch_dag.py
[2023-03-11T12:35:24.152+0000] {processor.py:753} INFO - DAG(s) dict_keys(['example_nested_branch_dag']) retrieved from /home/airflow/.local/lib/python3.7/site-packages/airflow/example_dags/example_nested_branch_dag.py
[2023-03-11T12:35:24.180+0000] {logging_mixin.py:137} INFO - [2023-03-11T12:35:24.180+0000] {dag.py:2690} INFO - Sync 1 DAGs
[2023-03-11T12:35:24.212+0000] {logging_mixin.py:137} INFO - [2023-03-11T12:35:24.212+0000] {dag.py:3441} INFO - Setting next_dagrun for example_nested_branch_dag to 2023-03-10T00:00:00+00:00, run_after=2023-03-11T00:00:00+00:00
[2023-03-11T12:35:24.235+0000] {processor.py:175} INFO - Processing /home/airflow/.local/lib/python3.7/site-packages/airflow/example_dags/example_nested_branch_dag.py took 0.114 seconds
[2023-03-11T12:35:54.521+0000] {processor.py:153} INFO - Started process (PID=958) to work on /home/airflow/.local/lib/python3.7/site-packages/airflow/example_dags/example_nested_branch_dag.py
[2023-03-11T12:35:54.522+0000] {processor.py:743} INFO - Processing file /home/airflow/.local/lib/python3.7/site-packages/airflow/example_dags/example_nested_branch_dag.py for tasks to queue
[2023-03-11T12:35:54.523+0000] {logging_mixin.py:137} INFO - [2023-03-11T12:35:54.523+0000] {dagbag.py:538} INFO - Filling up the DagBag from /home/airflow/.local/lib/python3.7/site-packages/airflow/example_dags/example_nested_branch_dag.py
[2023-03-11T12:35:54.548+0000] {processor.py:753} INFO - DAG(s) dict_keys(['example_nested_branch_dag']) retrieved from /home/airflow/.local/lib/python3.7/site-packages/airflow/example_dags/example_nested_branch_dag.py
[2023-03-11T12:35:54.575+0000] {logging_mixin.py:137} INFO - [2023-03-11T12:35:54.575+0000] {dag.py:2690} INFO - Sync 1 DAGs
[2023-03-11T12:35:54.605+0000] {logging_mixin.py:137} INFO - [2023-03-11T12:35:54.605+0000] {dag.py:3441} INFO - Setting next_dagrun for example_nested_branch_dag to 2023-03-10T00:00:00+00:00, run_after=2023-03-11T00:00:00+00:00
[2023-03-11T12:35:54.623+0000] {processor.py:175} INFO - Processing /home/airflow/.local/lib/python3.7/site-packages/airflow/example_dags/example_nested_branch_dag.py took 0.105 seconds
[2023-03-11T12:36:25.218+0000] {processor.py:153} INFO - Started process (PID=1045) to work on /home/airflow/.local/lib/python3.7/site-packages/airflow/example_dags/example_nested_branch_dag.py
[2023-03-11T12:36:25.219+0000] {processor.py:743} INFO - Processing file /home/airflow/.local/lib/python3.7/site-packages/airflow/example_dags/example_nested_branch_dag.py for tasks to queue
[2023-03-11T12:36:25.220+0000] {logging_mixin.py:137} INFO - [2023-03-11T12:36:25.220+0000] {dagbag.py:538} INFO - Filling up the DagBag from /home/airflow/.local/lib/python3.7/site-packages/airflow/example_dags/example_nested_branch_dag.py
[2023-03-11T12:36:25.243+0000] {processor.py:753} INFO - DAG(s) dict_keys(['example_nested_branch_dag']) retrieved from /home/airflow/.local/lib/python3.7/site-packages/airflow/example_dags/example_nested_branch_dag.py
[2023-03-11T12:36:25.274+0000] {logging_mixin.py:137} INFO - [2023-03-11T12:36:25.273+0000] {dag.py:2690} INFO - Sync 1 DAGs
[2023-03-11T12:36:25.303+0000] {logging_mixin.py:137} INFO - [2023-03-11T12:36:25.302+0000] {dag.py:3441} INFO - Setting next_dagrun for example_nested_branch_dag to 2023-03-10T00:00:00+00:00, run_after=2023-03-11T00:00:00+00:00
[2023-03-11T12:36:25.327+0000] {processor.py:175} INFO - Processing /home/airflow/.local/lib/python3.7/site-packages/airflow/example_dags/example_nested_branch_dag.py took 0.111 seconds
[2023-03-11T12:36:55.838+0000] {processor.py:153} INFO - Started process (PID=1156) to work on /home/airflow/.local/lib/python3.7/site-packages/airflow/example_dags/example_nested_branch_dag.py
[2023-03-11T12:36:55.840+0000] {processor.py:743} INFO - Processing file /home/airflow/.local/lib/python3.7/site-packages/airflow/example_dags/example_nested_branch_dag.py for tasks to queue
[2023-03-11T12:36:55.840+0000] {logging_mixin.py:137} INFO - [2023-03-11T12:36:55.840+0000] {dagbag.py:538} INFO - Filling up the DagBag from /home/airflow/.local/lib/python3.7/site-packages/airflow/example_dags/example_nested_branch_dag.py
[2023-03-11T12:36:55.871+0000] {processor.py:753} INFO - DAG(s) dict_keys(['example_nested_branch_dag']) retrieved from /home/airflow/.local/lib/python3.7/site-packages/airflow/example_dags/example_nested_branch_dag.py
[2023-03-11T12:36:55.898+0000] {logging_mixin.py:137} INFO - [2023-03-11T12:36:55.898+0000] {dag.py:2690} INFO - Sync 1 DAGs
[2023-03-11T12:36:55.928+0000] {logging_mixin.py:137} INFO - [2023-03-11T12:36:55.928+0000] {dag.py:3441} INFO - Setting next_dagrun for example_nested_branch_dag to 2023-03-10T00:00:00+00:00, run_after=2023-03-11T00:00:00+00:00
[2023-03-11T12:36:55.951+0000] {processor.py:175} INFO - Processing /home/airflow/.local/lib/python3.7/site-packages/airflow/example_dags/example_nested_branch_dag.py took 0.116 seconds
[2023-03-11T12:37:26.386+0000] {processor.py:153} INFO - Started process (PID=1243) to work on /home/airflow/.local/lib/python3.7/site-packages/airflow/example_dags/example_nested_branch_dag.py
[2023-03-11T12:37:26.387+0000] {processor.py:743} INFO - Processing file /home/airflow/.local/lib/python3.7/site-packages/airflow/example_dags/example_nested_branch_dag.py for tasks to queue
[2023-03-11T12:37:26.388+0000] {logging_mixin.py:137} INFO - [2023-03-11T12:37:26.388+0000] {dagbag.py:538} INFO - Filling up the DagBag from /home/airflow/.local/lib/python3.7/site-packages/airflow/example_dags/example_nested_branch_dag.py
[2023-03-11T12:37:26.412+0000] {processor.py:753} INFO - DAG(s) dict_keys(['example_nested_branch_dag']) retrieved from /home/airflow/.local/lib/python3.7/site-packages/airflow/example_dags/example_nested_branch_dag.py
[2023-03-11T12:37:26.437+0000] {logging_mixin.py:137} INFO - [2023-03-11T12:37:26.436+0000] {dag.py:2690} INFO - Sync 1 DAGs
[2023-03-11T12:37:26.464+0000] {logging_mixin.py:137} INFO - [2023-03-11T12:37:26.463+0000] {dag.py:3441} INFO - Setting next_dagrun for example_nested_branch_dag to 2023-03-10T00:00:00+00:00, run_after=2023-03-11T00:00:00+00:00
[2023-03-11T12:37:26.481+0000] {processor.py:175} INFO - Processing /home/airflow/.local/lib/python3.7/site-packages/airflow/example_dags/example_nested_branch_dag.py took 0.098 seconds
[2023-03-11T12:37:57.693+0000] {processor.py:153} INFO - Started process (PID=1354) to work on /home/airflow/.local/lib/python3.7/site-packages/airflow/example_dags/example_nested_branch_dag.py
[2023-03-11T12:37:57.694+0000] {processor.py:743} INFO - Processing file /home/airflow/.local/lib/python3.7/site-packages/airflow/example_dags/example_nested_branch_dag.py for tasks to queue
[2023-03-11T12:37:57.695+0000] {logging_mixin.py:137} INFO - [2023-03-11T12:37:57.695+0000] {dagbag.py:538} INFO - Filling up the DagBag from /home/airflow/.local/lib/python3.7/site-packages/airflow/example_dags/example_nested_branch_dag.py
[2023-03-11T12:37:57.723+0000] {processor.py:753} INFO - DAG(s) dict_keys(['example_nested_branch_dag']) retrieved from /home/airflow/.local/lib/python3.7/site-packages/airflow/example_dags/example_nested_branch_dag.py
[2023-03-11T12:37:57.753+0000] {logging_mixin.py:137} INFO - [2023-03-11T12:37:57.752+0000] {dag.py:2690} INFO - Sync 1 DAGs
[2023-03-11T12:37:57.788+0000] {logging_mixin.py:137} INFO - [2023-03-11T12:37:57.788+0000] {dag.py:3441} INFO - Setting next_dagrun for example_nested_branch_dag to 2023-03-10T00:00:00+00:00, run_after=2023-03-11T00:00:00+00:00
[2023-03-11T12:37:57.809+0000] {processor.py:175} INFO - Processing /home/airflow/.local/lib/python3.7/site-packages/airflow/example_dags/example_nested_branch_dag.py took 0.120 seconds
[2023-03-11T12:38:27.890+0000] {processor.py:153} INFO - Started process (PID=1440) to work on /home/airflow/.local/lib/python3.7/site-packages/airflow/example_dags/example_nested_branch_dag.py
[2023-03-11T12:38:27.891+0000] {processor.py:743} INFO - Processing file /home/airflow/.local/lib/python3.7/site-packages/airflow/example_dags/example_nested_branch_dag.py for tasks to queue
[2023-03-11T12:38:27.892+0000] {logging_mixin.py:137} INFO - [2023-03-11T12:38:27.891+0000] {dagbag.py:538} INFO - Filling up the DagBag from /home/airflow/.local/lib/python3.7/site-packages/airflow/example_dags/example_nested_branch_dag.py
[2023-03-11T12:38:27.920+0000] {processor.py:753} INFO - DAG(s) dict_keys(['example_nested_branch_dag']) retrieved from /home/airflow/.local/lib/python3.7/site-packages/airflow/example_dags/example_nested_branch_dag.py
[2023-03-11T12:38:27.952+0000] {logging_mixin.py:137} INFO - [2023-03-11T12:38:27.952+0000] {dag.py:2690} INFO - Sync 1 DAGs
[2023-03-11T12:38:27.982+0000] {logging_mixin.py:137} INFO - [2023-03-11T12:38:27.982+0000] {dag.py:3441} INFO - Setting next_dagrun for example_nested_branch_dag to 2023-03-10T00:00:00+00:00, run_after=2023-03-11T00:00:00+00:00
[2023-03-11T12:38:28.004+0000] {processor.py:175} INFO - Processing /home/airflow/.local/lib/python3.7/site-packages/airflow/example_dags/example_nested_branch_dag.py took 0.117 seconds
[2023-03-11T12:38:59.046+0000] {processor.py:153} INFO - Started process (PID=1527) to work on /home/airflow/.local/lib/python3.7/site-packages/airflow/example_dags/example_nested_branch_dag.py
[2023-03-11T12:38:59.048+0000] {processor.py:743} INFO - Processing file /home/airflow/.local/lib/python3.7/site-packages/airflow/example_dags/example_nested_branch_dag.py for tasks to queue
[2023-03-11T12:38:59.049+0000] {logging_mixin.py:137} INFO - [2023-03-11T12:38:59.049+0000] {dagbag.py:538} INFO - Filling up the DagBag from /home/airflow/.local/lib/python3.7/site-packages/airflow/example_dags/example_nested_branch_dag.py
[2023-03-11T12:38:59.079+0000] {processor.py:753} INFO - DAG(s) dict_keys(['example_nested_branch_dag']) retrieved from /home/airflow/.local/lib/python3.7/site-packages/airflow/example_dags/example_nested_branch_dag.py
[2023-03-11T12:38:59.115+0000] {logging_mixin.py:137} INFO - [2023-03-11T12:38:59.115+0000] {dag.py:2690} INFO - Sync 1 DAGs
[2023-03-11T12:38:59.150+0000] {logging_mixin.py:137} INFO - [2023-03-11T12:38:59.150+0000] {dag.py:3441} INFO - Setting next_dagrun for example_nested_branch_dag to 2023-03-10T00:00:00+00:00, run_after=2023-03-11T00:00:00+00:00
[2023-03-11T12:38:59.179+0000] {processor.py:175} INFO - Processing /home/airflow/.local/lib/python3.7/site-packages/airflow/example_dags/example_nested_branch_dag.py took 0.137 seconds
[2023-03-11T12:39:29.311+0000] {processor.py:153} INFO - Started process (PID=1638) to work on /home/airflow/.local/lib/python3.7/site-packages/airflow/example_dags/example_nested_branch_dag.py
[2023-03-11T12:39:29.312+0000] {processor.py:743} INFO - Processing file /home/airflow/.local/lib/python3.7/site-packages/airflow/example_dags/example_nested_branch_dag.py for tasks to queue
[2023-03-11T12:39:29.313+0000] {logging_mixin.py:137} INFO - [2023-03-11T12:39:29.313+0000] {dagbag.py:538} INFO - Filling up the DagBag from /home/airflow/.local/lib/python3.7/site-packages/airflow/example_dags/example_nested_branch_dag.py
[2023-03-11T12:39:29.339+0000] {processor.py:753} INFO - DAG(s) dict_keys(['example_nested_branch_dag']) retrieved from /home/airflow/.local/lib/python3.7/site-packages/airflow/example_dags/example_nested_branch_dag.py
[2023-03-11T12:39:29.366+0000] {logging_mixin.py:137} INFO - [2023-03-11T12:39:29.366+0000] {dag.py:2690} INFO - Sync 1 DAGs
[2023-03-11T12:39:29.397+0000] {logging_mixin.py:137} INFO - [2023-03-11T12:39:29.397+0000] {dag.py:3441} INFO - Setting next_dagrun for example_nested_branch_dag to 2023-03-10T00:00:00+00:00, run_after=2023-03-11T00:00:00+00:00
[2023-03-11T12:39:29.417+0000] {processor.py:175} INFO - Processing /home/airflow/.local/lib/python3.7/site-packages/airflow/example_dags/example_nested_branch_dag.py took 0.109 seconds
[2023-03-11T12:39:59.528+0000] {processor.py:153} INFO - Started process (PID=1725) to work on /home/airflow/.local/lib/python3.7/site-packages/airflow/example_dags/example_nested_branch_dag.py
[2023-03-11T12:39:59.529+0000] {processor.py:743} INFO - Processing file /home/airflow/.local/lib/python3.7/site-packages/airflow/example_dags/example_nested_branch_dag.py for tasks to queue
[2023-03-11T12:39:59.530+0000] {logging_mixin.py:137} INFO - [2023-03-11T12:39:59.530+0000] {dagbag.py:538} INFO - Filling up the DagBag from /home/airflow/.local/lib/python3.7/site-packages/airflow/example_dags/example_nested_branch_dag.py
[2023-03-11T12:39:59.558+0000] {processor.py:753} INFO - DAG(s) dict_keys(['example_nested_branch_dag']) retrieved from /home/airflow/.local/lib/python3.7/site-packages/airflow/example_dags/example_nested_branch_dag.py
[2023-03-11T12:39:59.586+0000] {logging_mixin.py:137} INFO - [2023-03-11T12:39:59.586+0000] {dag.py:2690} INFO - Sync 1 DAGs
[2023-03-11T12:39:59.613+0000] {logging_mixin.py:137} INFO - [2023-03-11T12:39:59.613+0000] {dag.py:3441} INFO - Setting next_dagrun for example_nested_branch_dag to 2023-03-10T00:00:00+00:00, run_after=2023-03-11T00:00:00+00:00
[2023-03-11T12:39:59.631+0000] {processor.py:175} INFO - Processing /home/airflow/.local/lib/python3.7/site-packages/airflow/example_dags/example_nested_branch_dag.py took 0.106 seconds
[2023-03-11T12:40:30.539+0000] {processor.py:153} INFO - Started process (PID=1812) to work on /home/airflow/.local/lib/python3.7/site-packages/airflow/example_dags/example_nested_branch_dag.py
[2023-03-11T12:40:30.540+0000] {processor.py:743} INFO - Processing file /home/airflow/.local/lib/python3.7/site-packages/airflow/example_dags/example_nested_branch_dag.py for tasks to queue
[2023-03-11T12:40:30.541+0000] {logging_mixin.py:137} INFO - [2023-03-11T12:40:30.541+0000] {dagbag.py:538} INFO - Filling up the DagBag from /home/airflow/.local/lib/python3.7/site-packages/airflow/example_dags/example_nested_branch_dag.py
[2023-03-11T12:40:30.576+0000] {processor.py:753} INFO - DAG(s) dict_keys(['example_nested_branch_dag']) retrieved from /home/airflow/.local/lib/python3.7/site-packages/airflow/example_dags/example_nested_branch_dag.py
[2023-03-11T12:40:30.610+0000] {logging_mixin.py:137} INFO - [2023-03-11T12:40:30.610+0000] {dag.py:2690} INFO - Sync 1 DAGs
[2023-03-11T12:40:30.645+0000] {logging_mixin.py:137} INFO - [2023-03-11T12:40:30.645+0000] {dag.py:3441} INFO - Setting next_dagrun for example_nested_branch_dag to 2023-03-10T00:00:00+00:00, run_after=2023-03-11T00:00:00+00:00
[2023-03-11T12:40:30.669+0000] {processor.py:175} INFO - Processing /home/airflow/.local/lib/python3.7/site-packages/airflow/example_dags/example_nested_branch_dag.py took 0.133 seconds
[2023-03-11T12:41:01.558+0000] {processor.py:153} INFO - Started process (PID=1923) to work on /home/airflow/.local/lib/python3.7/site-packages/airflow/example_dags/example_nested_branch_dag.py
[2023-03-11T12:41:01.559+0000] {processor.py:743} INFO - Processing file /home/airflow/.local/lib/python3.7/site-packages/airflow/example_dags/example_nested_branch_dag.py for tasks to queue
[2023-03-11T12:41:01.560+0000] {logging_mixin.py:137} INFO - [2023-03-11T12:41:01.559+0000] {dagbag.py:538} INFO - Filling up the DagBag from /home/airflow/.local/lib/python3.7/site-packages/airflow/example_dags/example_nested_branch_dag.py
[2023-03-11T12:41:01.587+0000] {processor.py:753} INFO - DAG(s) dict_keys(['example_nested_branch_dag']) retrieved from /home/airflow/.local/lib/python3.7/site-packages/airflow/example_dags/example_nested_branch_dag.py
[2023-03-11T12:41:01.618+0000] {logging_mixin.py:137} INFO - [2023-03-11T12:41:01.617+0000] {dag.py:2690} INFO - Sync 1 DAGs
[2023-03-11T12:41:01.648+0000] {logging_mixin.py:137} INFO - [2023-03-11T12:41:01.648+0000] {dag.py:3441} INFO - Setting next_dagrun for example_nested_branch_dag to 2023-03-10T00:00:00+00:00, run_after=2023-03-11T00:00:00+00:00
[2023-03-11T12:41:01.672+0000] {processor.py:175} INFO - Processing /home/airflow/.local/lib/python3.7/site-packages/airflow/example_dags/example_nested_branch_dag.py took 0.118 seconds
[2023-03-11T12:41:32.208+0000] {processor.py:153} INFO - Started process (PID=2010) to work on /home/airflow/.local/lib/python3.7/site-packages/airflow/example_dags/example_nested_branch_dag.py
[2023-03-11T12:41:32.209+0000] {processor.py:743} INFO - Processing file /home/airflow/.local/lib/python3.7/site-packages/airflow/example_dags/example_nested_branch_dag.py for tasks to queue
[2023-03-11T12:41:32.210+0000] {logging_mixin.py:137} INFO - [2023-03-11T12:41:32.210+0000] {dagbag.py:538} INFO - Filling up the DagBag from /home/airflow/.local/lib/python3.7/site-packages/airflow/example_dags/example_nested_branch_dag.py
[2023-03-11T12:41:32.237+0000] {processor.py:753} INFO - DAG(s) dict_keys(['example_nested_branch_dag']) retrieved from /home/airflow/.local/lib/python3.7/site-packages/airflow/example_dags/example_nested_branch_dag.py
[2023-03-11T12:41:32.263+0000] {logging_mixin.py:137} INFO - [2023-03-11T12:41:32.263+0000] {dag.py:2690} INFO - Sync 1 DAGs
[2023-03-11T12:41:32.292+0000] {logging_mixin.py:137} INFO - [2023-03-11T12:41:32.292+0000] {dag.py:3441} INFO - Setting next_dagrun for example_nested_branch_dag to 2023-03-10T00:00:00+00:00, run_after=2023-03-11T00:00:00+00:00
[2023-03-11T12:41:32.312+0000] {processor.py:175} INFO - Processing /home/airflow/.local/lib/python3.7/site-packages/airflow/example_dags/example_nested_branch_dag.py took 0.107 seconds
[2023-03-11T12:42:03.009+0000] {processor.py:153} INFO - Started process (PID=2121) to work on /home/airflow/.local/lib/python3.7/site-packages/airflow/example_dags/example_nested_branch_dag.py
[2023-03-11T12:42:03.010+0000] {processor.py:743} INFO - Processing file /home/airflow/.local/lib/python3.7/site-packages/airflow/example_dags/example_nested_branch_dag.py for tasks to queue
[2023-03-11T12:42:03.011+0000] {logging_mixin.py:137} INFO - [2023-03-11T12:42:03.010+0000] {dagbag.py:538} INFO - Filling up the DagBag from /home/airflow/.local/lib/python3.7/site-packages/airflow/example_dags/example_nested_branch_dag.py
[2023-03-11T12:42:03.036+0000] {processor.py:753} INFO - DAG(s) dict_keys(['example_nested_branch_dag']) retrieved from /home/airflow/.local/lib/python3.7/site-packages/airflow/example_dags/example_nested_branch_dag.py
[2023-03-11T12:42:03.064+0000] {logging_mixin.py:137} INFO - [2023-03-11T12:42:03.063+0000] {dag.py:2690} INFO - Sync 1 DAGs
[2023-03-11T12:42:03.094+0000] {logging_mixin.py:137} INFO - [2023-03-11T12:42:03.093+0000] {dag.py:3441} INFO - Setting next_dagrun for example_nested_branch_dag to 2023-03-10T00:00:00+00:00, run_after=2023-03-11T00:00:00+00:00
[2023-03-11T12:42:03.114+0000] {processor.py:175} INFO - Processing /home/airflow/.local/lib/python3.7/site-packages/airflow/example_dags/example_nested_branch_dag.py took 0.108 seconds
[2023-03-11T12:42:33.573+0000] {processor.py:153} INFO - Started process (PID=2208) to work on /home/airflow/.local/lib/python3.7/site-packages/airflow/example_dags/example_nested_branch_dag.py
[2023-03-11T12:42:33.574+0000] {processor.py:743} INFO - Processing file /home/airflow/.local/lib/python3.7/site-packages/airflow/example_dags/example_nested_branch_dag.py for tasks to queue
[2023-03-11T12:42:33.575+0000] {logging_mixin.py:137} INFO - [2023-03-11T12:42:33.574+0000] {dagbag.py:538} INFO - Filling up the DagBag from /home/airflow/.local/lib/python3.7/site-packages/airflow/example_dags/example_nested_branch_dag.py
[2023-03-11T12:42:33.659+0000] {processor.py:753} INFO - DAG(s) dict_keys(['example_nested_branch_dag']) retrieved from /home/airflow/.local/lib/python3.7/site-packages/airflow/example_dags/example_nested_branch_dag.py
[2023-03-11T12:42:33.685+0000] {logging_mixin.py:137} INFO - [2023-03-11T12:42:33.685+0000] {dag.py:2690} INFO - Sync 1 DAGs
[2023-03-11T12:42:33.716+0000] {logging_mixin.py:137} INFO - [2023-03-11T12:42:33.716+0000] {dag.py:3441} INFO - Setting next_dagrun for example_nested_branch_dag to 2023-03-10T00:00:00+00:00, run_after=2023-03-11T00:00:00+00:00
[2023-03-11T12:42:33.737+0000] {processor.py:175} INFO - Processing /home/airflow/.local/lib/python3.7/site-packages/airflow/example_dags/example_nested_branch_dag.py took 0.168 seconds
[2023-03-11T12:43:04.214+0000] {processor.py:153} INFO - Started process (PID=2295) to work on /home/airflow/.local/lib/python3.7/site-packages/airflow/example_dags/example_nested_branch_dag.py
[2023-03-11T12:43:04.215+0000] {processor.py:743} INFO - Processing file /home/airflow/.local/lib/python3.7/site-packages/airflow/example_dags/example_nested_branch_dag.py for tasks to queue
[2023-03-11T12:43:04.216+0000] {logging_mixin.py:137} INFO - [2023-03-11T12:43:04.216+0000] {dagbag.py:538} INFO - Filling up the DagBag from /home/airflow/.local/lib/python3.7/site-packages/airflow/example_dags/example_nested_branch_dag.py
[2023-03-11T12:43:04.242+0000] {processor.py:753} INFO - DAG(s) dict_keys(['example_nested_branch_dag']) retrieved from /home/airflow/.local/lib/python3.7/site-packages/airflow/example_dags/example_nested_branch_dag.py
[2023-03-11T12:43:04.269+0000] {logging_mixin.py:137} INFO - [2023-03-11T12:43:04.269+0000] {dag.py:2690} INFO - Sync 1 DAGs
[2023-03-11T12:43:04.296+0000] {logging_mixin.py:137} INFO - [2023-03-11T12:43:04.296+0000] {dag.py:3441} INFO - Setting next_dagrun for example_nested_branch_dag to 2023-03-10T00:00:00+00:00, run_after=2023-03-11T00:00:00+00:00
[2023-03-11T12:43:04.314+0000] {processor.py:175} INFO - Processing /home/airflow/.local/lib/python3.7/site-packages/airflow/example_dags/example_nested_branch_dag.py took 0.103 seconds
[2023-03-11T12:43:34.970+0000] {processor.py:153} INFO - Started process (PID=2406) to work on /home/airflow/.local/lib/python3.7/site-packages/airflow/example_dags/example_nested_branch_dag.py
[2023-03-11T12:43:34.970+0000] {processor.py:743} INFO - Processing file /home/airflow/.local/lib/python3.7/site-packages/airflow/example_dags/example_nested_branch_dag.py for tasks to queue
[2023-03-11T12:43:34.971+0000] {logging_mixin.py:137} INFO - [2023-03-11T12:43:34.971+0000] {dagbag.py:538} INFO - Filling up the DagBag from /home/airflow/.local/lib/python3.7/site-packages/airflow/example_dags/example_nested_branch_dag.py
[2023-03-11T12:43:34.994+0000] {processor.py:753} INFO - DAG(s) dict_keys(['example_nested_branch_dag']) retrieved from /home/airflow/.local/lib/python3.7/site-packages/airflow/example_dags/example_nested_branch_dag.py
[2023-03-11T12:43:35.020+0000] {logging_mixin.py:137} INFO - [2023-03-11T12:43:35.020+0000] {dag.py:2690} INFO - Sync 1 DAGs
[2023-03-11T12:43:35.048+0000] {logging_mixin.py:137} INFO - [2023-03-11T12:43:35.048+0000] {dag.py:3441} INFO - Setting next_dagrun for example_nested_branch_dag to 2023-03-10T00:00:00+00:00, run_after=2023-03-11T00:00:00+00:00
[2023-03-11T12:43:35.066+0000] {processor.py:175} INFO - Processing /home/airflow/.local/lib/python3.7/site-packages/airflow/example_dags/example_nested_branch_dag.py took 0.099 seconds
[2023-03-11T12:44:05.335+0000] {processor.py:153} INFO - Started process (PID=2493) to work on /home/airflow/.local/lib/python3.7/site-packages/airflow/example_dags/example_nested_branch_dag.py
[2023-03-11T12:44:05.335+0000] {processor.py:743} INFO - Processing file /home/airflow/.local/lib/python3.7/site-packages/airflow/example_dags/example_nested_branch_dag.py for tasks to queue
[2023-03-11T12:44:05.336+0000] {logging_mixin.py:137} INFO - [2023-03-11T12:44:05.335+0000] {dagbag.py:538} INFO - Filling up the DagBag from /home/airflow/.local/lib/python3.7/site-packages/airflow/example_dags/example_nested_branch_dag.py
[2023-03-11T12:44:05.360+0000] {processor.py:753} INFO - DAG(s) dict_keys(['example_nested_branch_dag']) retrieved from /home/airflow/.local/lib/python3.7/site-packages/airflow/example_dags/example_nested_branch_dag.py
[2023-03-11T12:44:05.385+0000] {logging_mixin.py:137} INFO - [2023-03-11T12:44:05.385+0000] {dag.py:2690} INFO - Sync 1 DAGs
[2023-03-11T12:44:05.415+0000] {logging_mixin.py:137} INFO - [2023-03-11T12:44:05.415+0000] {dag.py:3441} INFO - Setting next_dagrun for example_nested_branch_dag to 2023-03-10T00:00:00+00:00, run_after=2023-03-11T00:00:00+00:00
[2023-03-11T12:44:05.437+0000] {processor.py:175} INFO - Processing /home/airflow/.local/lib/python3.7/site-packages/airflow/example_dags/example_nested_branch_dag.py took 0.105 seconds
[2023-03-11T12:44:36.109+0000] {processor.py:153} INFO - Started process (PID=2604) to work on /home/airflow/.local/lib/python3.7/site-packages/airflow/example_dags/example_nested_branch_dag.py
[2023-03-11T12:44:36.110+0000] {processor.py:743} INFO - Processing file /home/airflow/.local/lib/python3.7/site-packages/airflow/example_dags/example_nested_branch_dag.py for tasks to queue
[2023-03-11T12:44:36.111+0000] {logging_mixin.py:137} INFO - [2023-03-11T12:44:36.110+0000] {dagbag.py:538} INFO - Filling up the DagBag from /home/airflow/.local/lib/python3.7/site-packages/airflow/example_dags/example_nested_branch_dag.py
[2023-03-11T12:44:36.136+0000] {processor.py:753} INFO - DAG(s) dict_keys(['example_nested_branch_dag']) retrieved from /home/airflow/.local/lib/python3.7/site-packages/airflow/example_dags/example_nested_branch_dag.py
[2023-03-11T12:44:36.161+0000] {logging_mixin.py:137} INFO - [2023-03-11T12:44:36.161+0000] {dag.py:2690} INFO - Sync 1 DAGs
[2023-03-11T12:44:36.190+0000] {logging_mixin.py:137} INFO - [2023-03-11T12:44:36.190+0000] {dag.py:3441} INFO - Setting next_dagrun for example_nested_branch_dag to 2023-03-10T00:00:00+00:00, run_after=2023-03-11T00:00:00+00:00
[2023-03-11T12:44:36.210+0000] {processor.py:175} INFO - Processing /home/airflow/.local/lib/python3.7/site-packages/airflow/example_dags/example_nested_branch_dag.py took 0.104 seconds
[2023-03-11T12:45:07.250+0000] {processor.py:153} INFO - Started process (PID=2691) to work on /home/airflow/.local/lib/python3.7/site-packages/airflow/example_dags/example_nested_branch_dag.py
[2023-03-11T12:45:07.251+0000] {processor.py:743} INFO - Processing file /home/airflow/.local/lib/python3.7/site-packages/airflow/example_dags/example_nested_branch_dag.py for tasks to queue
[2023-03-11T12:45:07.251+0000] {logging_mixin.py:137} INFO - [2023-03-11T12:45:07.251+0000] {dagbag.py:538} INFO - Filling up the DagBag from /home/airflow/.local/lib/python3.7/site-packages/airflow/example_dags/example_nested_branch_dag.py
[2023-03-11T12:45:07.278+0000] {processor.py:753} INFO - DAG(s) dict_keys(['example_nested_branch_dag']) retrieved from /home/airflow/.local/lib/python3.7/site-packages/airflow/example_dags/example_nested_branch_dag.py
[2023-03-11T12:45:07.316+0000] {logging_mixin.py:137} INFO - [2023-03-11T12:45:07.315+0000] {dag.py:2690} INFO - Sync 1 DAGs
[2023-03-11T12:45:07.354+0000] {logging_mixin.py:137} INFO - [2023-03-11T12:45:07.354+0000] {dag.py:3441} INFO - Setting next_dagrun for example_nested_branch_dag to 2023-03-10T00:00:00+00:00, run_after=2023-03-11T00:00:00+00:00
[2023-03-11T12:45:07.391+0000] {processor.py:175} INFO - Processing /home/airflow/.local/lib/python3.7/site-packages/airflow/example_dags/example_nested_branch_dag.py took 0.144 seconds
[2023-03-11T12:45:37.752+0000] {processor.py:153} INFO - Started process (PID=2787) to work on /home/airflow/.local/lib/python3.7/site-packages/airflow/example_dags/example_nested_branch_dag.py
[2023-03-11T12:45:37.754+0000] {processor.py:743} INFO - Processing file /home/airflow/.local/lib/python3.7/site-packages/airflow/example_dags/example_nested_branch_dag.py for tasks to queue
[2023-03-11T12:45:37.754+0000] {logging_mixin.py:137} INFO - [2023-03-11T12:45:37.754+0000] {dagbag.py:538} INFO - Filling up the DagBag from /home/airflow/.local/lib/python3.7/site-packages/airflow/example_dags/example_nested_branch_dag.py
[2023-03-11T12:45:37.794+0000] {processor.py:753} INFO - DAG(s) dict_keys(['example_nested_branch_dag']) retrieved from /home/airflow/.local/lib/python3.7/site-packages/airflow/example_dags/example_nested_branch_dag.py
[2023-03-11T12:45:37.841+0000] {logging_mixin.py:137} INFO - [2023-03-11T12:45:37.841+0000] {dag.py:2690} INFO - Sync 1 DAGs
[2023-03-11T12:45:37.881+0000] {logging_mixin.py:137} INFO - [2023-03-11T12:45:37.881+0000] {dag.py:3441} INFO - Setting next_dagrun for example_nested_branch_dag to 2023-03-10T00:00:00+00:00, run_after=2023-03-11T00:00:00+00:00
[2023-03-11T12:45:37.920+0000] {processor.py:175} INFO - Processing /home/airflow/.local/lib/python3.7/site-packages/airflow/example_dags/example_nested_branch_dag.py took 0.172 seconds
[2023-03-11T12:46:07.959+0000] {processor.py:153} INFO - Started process (PID=2889) to work on /home/airflow/.local/lib/python3.7/site-packages/airflow/example_dags/example_nested_branch_dag.py
[2023-03-11T12:46:07.960+0000] {processor.py:743} INFO - Processing file /home/airflow/.local/lib/python3.7/site-packages/airflow/example_dags/example_nested_branch_dag.py for tasks to queue
[2023-03-11T12:46:07.960+0000] {logging_mixin.py:137} INFO - [2023-03-11T12:46:07.960+0000] {dagbag.py:538} INFO - Filling up the DagBag from /home/airflow/.local/lib/python3.7/site-packages/airflow/example_dags/example_nested_branch_dag.py
[2023-03-11T12:46:07.985+0000] {processor.py:753} INFO - DAG(s) dict_keys(['example_nested_branch_dag']) retrieved from /home/airflow/.local/lib/python3.7/site-packages/airflow/example_dags/example_nested_branch_dag.py
[2023-03-11T12:46:08.010+0000] {logging_mixin.py:137} INFO - [2023-03-11T12:46:08.010+0000] {dag.py:2690} INFO - Sync 1 DAGs
[2023-03-11T12:46:08.037+0000] {logging_mixin.py:137} INFO - [2023-03-11T12:46:08.037+0000] {dag.py:3441} INFO - Setting next_dagrun for example_nested_branch_dag to 2023-03-10T00:00:00+00:00, run_after=2023-03-11T00:00:00+00:00
[2023-03-11T12:46:08.056+0000] {processor.py:175} INFO - Processing /home/airflow/.local/lib/python3.7/site-packages/airflow/example_dags/example_nested_branch_dag.py took 0.099 seconds
[2023-03-11T12:46:38.772+0000] {processor.py:153} INFO - Started process (PID=2976) to work on /home/airflow/.local/lib/python3.7/site-packages/airflow/example_dags/example_nested_branch_dag.py
[2023-03-11T12:46:38.773+0000] {processor.py:743} INFO - Processing file /home/airflow/.local/lib/python3.7/site-packages/airflow/example_dags/example_nested_branch_dag.py for tasks to queue
[2023-03-11T12:46:38.774+0000] {logging_mixin.py:137} INFO - [2023-03-11T12:46:38.774+0000] {dagbag.py:538} INFO - Filling up the DagBag from /home/airflow/.local/lib/python3.7/site-packages/airflow/example_dags/example_nested_branch_dag.py
[2023-03-11T12:46:38.800+0000] {processor.py:753} INFO - DAG(s) dict_keys(['example_nested_branch_dag']) retrieved from /home/airflow/.local/lib/python3.7/site-packages/airflow/example_dags/example_nested_branch_dag.py
[2023-03-11T12:46:38.826+0000] {logging_mixin.py:137} INFO - [2023-03-11T12:46:38.826+0000] {dag.py:2690} INFO - Sync 1 DAGs
[2023-03-11T12:46:38.853+0000] {logging_mixin.py:137} INFO - [2023-03-11T12:46:38.853+0000] {dag.py:3441} INFO - Setting next_dagrun for example_nested_branch_dag to 2023-03-10T00:00:00+00:00, run_after=2023-03-11T00:00:00+00:00
[2023-03-11T12:46:38.872+0000] {processor.py:175} INFO - Processing /home/airflow/.local/lib/python3.7/site-packages/airflow/example_dags/example_nested_branch_dag.py took 0.103 seconds
[2023-03-11T12:47:09.568+0000] {processor.py:153} INFO - Started process (PID=3087) to work on /home/airflow/.local/lib/python3.7/site-packages/airflow/example_dags/example_nested_branch_dag.py
[2023-03-11T12:47:09.569+0000] {processor.py:743} INFO - Processing file /home/airflow/.local/lib/python3.7/site-packages/airflow/example_dags/example_nested_branch_dag.py for tasks to queue
[2023-03-11T12:47:09.570+0000] {logging_mixin.py:137} INFO - [2023-03-11T12:47:09.569+0000] {dagbag.py:538} INFO - Filling up the DagBag from /home/airflow/.local/lib/python3.7/site-packages/airflow/example_dags/example_nested_branch_dag.py
[2023-03-11T12:47:09.595+0000] {processor.py:753} INFO - DAG(s) dict_keys(['example_nested_branch_dag']) retrieved from /home/airflow/.local/lib/python3.7/site-packages/airflow/example_dags/example_nested_branch_dag.py
[2023-03-11T12:47:09.620+0000] {logging_mixin.py:137} INFO - [2023-03-11T12:47:09.620+0000] {dag.py:2690} INFO - Sync 1 DAGs
[2023-03-11T12:47:09.646+0000] {logging_mixin.py:137} INFO - [2023-03-11T12:47:09.646+0000] {dag.py:3441} INFO - Setting next_dagrun for example_nested_branch_dag to 2023-03-10T00:00:00+00:00, run_after=2023-03-11T00:00:00+00:00
[2023-03-11T12:47:09.664+0000] {processor.py:175} INFO - Processing /home/airflow/.local/lib/python3.7/site-packages/airflow/example_dags/example_nested_branch_dag.py took 0.099 seconds
[2023-03-11T12:47:40.453+0000] {processor.py:153} INFO - Started process (PID=3174) to work on /home/airflow/.local/lib/python3.7/site-packages/airflow/example_dags/example_nested_branch_dag.py
[2023-03-11T12:47:40.454+0000] {processor.py:743} INFO - Processing file /home/airflow/.local/lib/python3.7/site-packages/airflow/example_dags/example_nested_branch_dag.py for tasks to queue
[2023-03-11T12:47:40.455+0000] {logging_mixin.py:137} INFO - [2023-03-11T12:47:40.455+0000] {dagbag.py:538} INFO - Filling up the DagBag from /home/airflow/.local/lib/python3.7/site-packages/airflow/example_dags/example_nested_branch_dag.py
[2023-03-11T12:47:40.480+0000] {processor.py:753} INFO - DAG(s) dict_keys(['example_nested_branch_dag']) retrieved from /home/airflow/.local/lib/python3.7/site-packages/airflow/example_dags/example_nested_branch_dag.py
[2023-03-11T12:47:40.508+0000] {logging_mixin.py:137} INFO - [2023-03-11T12:47:40.508+0000] {dag.py:2690} INFO - Sync 1 DAGs
[2023-03-11T12:47:40.539+0000] {logging_mixin.py:137} INFO - [2023-03-11T12:47:40.538+0000] {dag.py:3441} INFO - Setting next_dagrun for example_nested_branch_dag to 2023-03-10T00:00:00+00:00, run_after=2023-03-11T00:00:00+00:00
[2023-03-11T12:47:40.556+0000] {processor.py:175} INFO - Processing /home/airflow/.local/lib/python3.7/site-packages/airflow/example_dags/example_nested_branch_dag.py took 0.106 seconds
[2023-03-11T12:48:11.165+0000] {processor.py:153} INFO - Started process (PID=3285) to work on /home/airflow/.local/lib/python3.7/site-packages/airflow/example_dags/example_nested_branch_dag.py
[2023-03-11T12:48:11.166+0000] {processor.py:743} INFO - Processing file /home/airflow/.local/lib/python3.7/site-packages/airflow/example_dags/example_nested_branch_dag.py for tasks to queue
[2023-03-11T12:48:11.166+0000] {logging_mixin.py:137} INFO - [2023-03-11T12:48:11.166+0000] {dagbag.py:538} INFO - Filling up the DagBag from /home/airflow/.local/lib/python3.7/site-packages/airflow/example_dags/example_nested_branch_dag.py
[2023-03-11T12:48:11.196+0000] {processor.py:753} INFO - DAG(s) dict_keys(['example_nested_branch_dag']) retrieved from /home/airflow/.local/lib/python3.7/site-packages/airflow/example_dags/example_nested_branch_dag.py
[2023-03-11T12:48:11.239+0000] {logging_mixin.py:137} INFO - [2023-03-11T12:48:11.238+0000] {dag.py:2690} INFO - Sync 1 DAGs
[2023-03-11T12:48:11.283+0000] {logging_mixin.py:137} INFO - [2023-03-11T12:48:11.283+0000] {dag.py:3441} INFO - Setting next_dagrun for example_nested_branch_dag to 2023-03-10T00:00:00+00:00, run_after=2023-03-11T00:00:00+00:00
[2023-03-11T12:48:11.306+0000] {processor.py:175} INFO - Processing /home/airflow/.local/lib/python3.7/site-packages/airflow/example_dags/example_nested_branch_dag.py took 0.144 seconds
[2023-03-11T12:48:42.067+0000] {processor.py:153} INFO - Started process (PID=3372) to work on /home/airflow/.local/lib/python3.7/site-packages/airflow/example_dags/example_nested_branch_dag.py
[2023-03-11T12:48:42.068+0000] {processor.py:743} INFO - Processing file /home/airflow/.local/lib/python3.7/site-packages/airflow/example_dags/example_nested_branch_dag.py for tasks to queue
[2023-03-11T12:48:42.068+0000] {logging_mixin.py:137} INFO - [2023-03-11T12:48:42.068+0000] {dagbag.py:538} INFO - Filling up the DagBag from /home/airflow/.local/lib/python3.7/site-packages/airflow/example_dags/example_nested_branch_dag.py
[2023-03-11T12:48:42.090+0000] {processor.py:753} INFO - DAG(s) dict_keys(['example_nested_branch_dag']) retrieved from /home/airflow/.local/lib/python3.7/site-packages/airflow/example_dags/example_nested_branch_dag.py
[2023-03-11T12:48:42.115+0000] {logging_mixin.py:137} INFO - [2023-03-11T12:48:42.115+0000] {dag.py:2690} INFO - Sync 1 DAGs
[2023-03-11T12:48:42.142+0000] {logging_mixin.py:137} INFO - [2023-03-11T12:48:42.142+0000] {dag.py:3441} INFO - Setting next_dagrun for example_nested_branch_dag to 2023-03-10T00:00:00+00:00, run_after=2023-03-11T00:00:00+00:00
[2023-03-11T12:48:42.160+0000] {processor.py:175} INFO - Processing /home/airflow/.local/lib/python3.7/site-packages/airflow/example_dags/example_nested_branch_dag.py took 0.096 seconds
[2023-03-11T12:49:12.671+0000] {processor.py:153} INFO - Started process (PID=3459) to work on /home/airflow/.local/lib/python3.7/site-packages/airflow/example_dags/example_nested_branch_dag.py
[2023-03-11T12:49:12.671+0000] {processor.py:743} INFO - Processing file /home/airflow/.local/lib/python3.7/site-packages/airflow/example_dags/example_nested_branch_dag.py for tasks to queue
[2023-03-11T12:49:12.672+0000] {logging_mixin.py:137} INFO - [2023-03-11T12:49:12.672+0000] {dagbag.py:538} INFO - Filling up the DagBag from /home/airflow/.local/lib/python3.7/site-packages/airflow/example_dags/example_nested_branch_dag.py
[2023-03-11T12:49:12.701+0000] {processor.py:753} INFO - DAG(s) dict_keys(['example_nested_branch_dag']) retrieved from /home/airflow/.local/lib/python3.7/site-packages/airflow/example_dags/example_nested_branch_dag.py
[2023-03-11T12:49:12.741+0000] {logging_mixin.py:137} INFO - [2023-03-11T12:49:12.741+0000] {dag.py:2690} INFO - Sync 1 DAGs
[2023-03-11T12:49:12.778+0000] {logging_mixin.py:137} INFO - [2023-03-11T12:49:12.778+0000] {dag.py:3441} INFO - Setting next_dagrun for example_nested_branch_dag to 2023-03-10T00:00:00+00:00, run_after=2023-03-11T00:00:00+00:00
[2023-03-11T12:49:12.814+0000] {processor.py:175} INFO - Processing /home/airflow/.local/lib/python3.7/site-packages/airflow/example_dags/example_nested_branch_dag.py took 0.146 seconds
[2023-03-11T12:49:42.958+0000] {processor.py:153} INFO - Started process (PID=3570) to work on /home/airflow/.local/lib/python3.7/site-packages/airflow/example_dags/example_nested_branch_dag.py
[2023-03-11T12:49:42.959+0000] {processor.py:743} INFO - Processing file /home/airflow/.local/lib/python3.7/site-packages/airflow/example_dags/example_nested_branch_dag.py for tasks to queue
[2023-03-11T12:49:42.960+0000] {logging_mixin.py:137} INFO - [2023-03-11T12:49:42.959+0000] {dagbag.py:538} INFO - Filling up the DagBag from /home/airflow/.local/lib/python3.7/site-packages/airflow/example_dags/example_nested_branch_dag.py
[2023-03-11T12:49:42.986+0000] {processor.py:753} INFO - DAG(s) dict_keys(['example_nested_branch_dag']) retrieved from /home/airflow/.local/lib/python3.7/site-packages/airflow/example_dags/example_nested_branch_dag.py
[2023-03-11T12:49:43.014+0000] {logging_mixin.py:137} INFO - [2023-03-11T12:49:43.014+0000] {dag.py:2690} INFO - Sync 1 DAGs
[2023-03-11T12:49:43.043+0000] {logging_mixin.py:137} INFO - [2023-03-11T12:49:43.043+0000] {dag.py:3441} INFO - Setting next_dagrun for example_nested_branch_dag to 2023-03-10T00:00:00+00:00, run_after=2023-03-11T00:00:00+00:00
[2023-03-11T12:49:43.063+0000] {processor.py:175} INFO - Processing /home/airflow/.local/lib/python3.7/site-packages/airflow/example_dags/example_nested_branch_dag.py took 0.108 seconds
