[2023-03-11T12:31:19.829+0000] {processor.py:153} INFO - Started process (PID=117) to work on /home/airflow/.local/lib/python3.7/site-packages/airflow/example_dags/example_trigger_target_dag.py
[2023-03-11T12:31:19.830+0000] {processor.py:743} INFO - Processing file /home/airflow/.local/lib/python3.7/site-packages/airflow/example_dags/example_trigger_target_dag.py for tasks to queue
[2023-03-11T12:31:19.831+0000] {logging_mixin.py:137} INFO - [2023-03-11T12:31:19.831+0000] {dagbag.py:538} INFO - Filling up the DagBag from /home/airflow/.local/lib/python3.7/site-packages/airflow/example_dags/example_trigger_target_dag.py
[2023-03-11T12:31:19.875+0000] {processor.py:753} INFO - DAG(s) dict_keys(['example_trigger_target_dag']) retrieved from /home/airflow/.local/lib/python3.7/site-packages/airflow/example_dags/example_trigger_target_dag.py
[2023-03-11T12:31:19.891+0000] {logging_mixin.py:137} INFO - [2023-03-11T12:31:19.890+0000] {dag.py:2690} INFO - Sync 1 DAGs
[2023-03-11T12:31:19.931+0000] {logging_mixin.py:137} INFO - [2023-03-11T12:31:19.931+0000] {dag.py:3441} INFO - Setting next_dagrun for example_trigger_target_dag to None, run_after=None
[2023-03-11T12:31:19.959+0000] {processor.py:175} INFO - Processing /home/airflow/.local/lib/python3.7/site-packages/airflow/example_dags/example_trigger_target_dag.py took 0.134 seconds
[2023-03-11T12:31:50.854+0000] {processor.py:153} INFO - Started process (PID=204) to work on /home/airflow/.local/lib/python3.7/site-packages/airflow/example_dags/example_trigger_target_dag.py
[2023-03-11T12:31:50.855+0000] {processor.py:743} INFO - Processing file /home/airflow/.local/lib/python3.7/site-packages/airflow/example_dags/example_trigger_target_dag.py for tasks to queue
[2023-03-11T12:31:50.856+0000] {logging_mixin.py:137} INFO - [2023-03-11T12:31:50.855+0000] {dagbag.py:538} INFO - Filling up the DagBag from /home/airflow/.local/lib/python3.7/site-packages/airflow/example_dags/example_trigger_target_dag.py
[2023-03-11T12:31:50.878+0000] {processor.py:753} INFO - DAG(s) dict_keys(['example_trigger_target_dag']) retrieved from /home/airflow/.local/lib/python3.7/site-packages/airflow/example_dags/example_trigger_target_dag.py
[2023-03-11T12:31:50.904+0000] {logging_mixin.py:137} INFO - [2023-03-11T12:31:50.904+0000] {dag.py:2690} INFO - Sync 1 DAGs
[2023-03-11T12:31:50.932+0000] {logging_mixin.py:137} INFO - [2023-03-11T12:31:50.932+0000] {dag.py:3441} INFO - Setting next_dagrun for example_trigger_target_dag to None, run_after=None
[2023-03-11T12:31:50.952+0000] {processor.py:175} INFO - Processing /home/airflow/.local/lib/python3.7/site-packages/airflow/example_dags/example_trigger_target_dag.py took 0.101 seconds
[2023-03-11T12:32:21.676+0000] {processor.py:153} INFO - Started process (PID=291) to work on /home/airflow/.local/lib/python3.7/site-packages/airflow/example_dags/example_trigger_target_dag.py
[2023-03-11T12:32:21.677+0000] {processor.py:743} INFO - Processing file /home/airflow/.local/lib/python3.7/site-packages/airflow/example_dags/example_trigger_target_dag.py for tasks to queue
[2023-03-11T12:32:21.678+0000] {logging_mixin.py:137} INFO - [2023-03-11T12:32:21.678+0000] {dagbag.py:538} INFO - Filling up the DagBag from /home/airflow/.local/lib/python3.7/site-packages/airflow/example_dags/example_trigger_target_dag.py
[2023-03-11T12:32:21.701+0000] {processor.py:753} INFO - DAG(s) dict_keys(['example_trigger_target_dag']) retrieved from /home/airflow/.local/lib/python3.7/site-packages/airflow/example_dags/example_trigger_target_dag.py
[2023-03-11T12:32:21.729+0000] {logging_mixin.py:137} INFO - [2023-03-11T12:32:21.729+0000] {dag.py:2690} INFO - Sync 1 DAGs
[2023-03-11T12:32:21.755+0000] {logging_mixin.py:137} INFO - [2023-03-11T12:32:21.755+0000] {dag.py:3441} INFO - Setting next_dagrun for example_trigger_target_dag to None, run_after=None
[2023-03-11T12:32:21.776+0000] {processor.py:175} INFO - Processing /home/airflow/.local/lib/python3.7/site-packages/airflow/example_dags/example_trigger_target_dag.py took 0.102 seconds
[2023-03-11T12:32:52.684+0000] {processor.py:153} INFO - Started process (PID=402) to work on /home/airflow/.local/lib/python3.7/site-packages/airflow/example_dags/example_trigger_target_dag.py
[2023-03-11T12:32:52.685+0000] {processor.py:743} INFO - Processing file /home/airflow/.local/lib/python3.7/site-packages/airflow/example_dags/example_trigger_target_dag.py for tasks to queue
[2023-03-11T12:32:52.685+0000] {logging_mixin.py:137} INFO - [2023-03-11T12:32:52.685+0000] {dagbag.py:538} INFO - Filling up the DagBag from /home/airflow/.local/lib/python3.7/site-packages/airflow/example_dags/example_trigger_target_dag.py
[2023-03-11T12:32:52.706+0000] {processor.py:753} INFO - DAG(s) dict_keys(['example_trigger_target_dag']) retrieved from /home/airflow/.local/lib/python3.7/site-packages/airflow/example_dags/example_trigger_target_dag.py
[2023-03-11T12:32:52.734+0000] {logging_mixin.py:137} INFO - [2023-03-11T12:32:52.733+0000] {dag.py:2690} INFO - Sync 1 DAGs
[2023-03-11T12:32:52.760+0000] {logging_mixin.py:137} INFO - [2023-03-11T12:32:52.760+0000] {dag.py:3441} INFO - Setting next_dagrun for example_trigger_target_dag to None, run_after=None
[2023-03-11T12:32:52.780+0000] {processor.py:175} INFO - Processing /home/airflow/.local/lib/python3.7/site-packages/airflow/example_dags/example_trigger_target_dag.py took 0.100 seconds
[2023-03-11T12:33:23.599+0000] {processor.py:153} INFO - Started process (PID=489) to work on /home/airflow/.local/lib/python3.7/site-packages/airflow/example_dags/example_trigger_target_dag.py
[2023-03-11T12:33:23.600+0000] {processor.py:743} INFO - Processing file /home/airflow/.local/lib/python3.7/site-packages/airflow/example_dags/example_trigger_target_dag.py for tasks to queue
[2023-03-11T12:33:23.601+0000] {logging_mixin.py:137} INFO - [2023-03-11T12:33:23.601+0000] {dagbag.py:538} INFO - Filling up the DagBag from /home/airflow/.local/lib/python3.7/site-packages/airflow/example_dags/example_trigger_target_dag.py
[2023-03-11T12:33:23.625+0000] {processor.py:753} INFO - DAG(s) dict_keys(['example_trigger_target_dag']) retrieved from /home/airflow/.local/lib/python3.7/site-packages/airflow/example_dags/example_trigger_target_dag.py
[2023-03-11T12:33:23.652+0000] {logging_mixin.py:137} INFO - [2023-03-11T12:33:23.652+0000] {dag.py:2690} INFO - Sync 1 DAGs
[2023-03-11T12:33:23.678+0000] {logging_mixin.py:137} INFO - [2023-03-11T12:33:23.678+0000] {dag.py:3441} INFO - Setting next_dagrun for example_trigger_target_dag to None, run_after=None
[2023-03-11T12:33:23.698+0000] {processor.py:175} INFO - Processing /home/airflow/.local/lib/python3.7/site-packages/airflow/example_dags/example_trigger_target_dag.py took 0.102 seconds
[2023-03-11T12:33:54.563+0000] {processor.py:153} INFO - Started process (PID=600) to work on /home/airflow/.local/lib/python3.7/site-packages/airflow/example_dags/example_trigger_target_dag.py
[2023-03-11T12:33:54.564+0000] {processor.py:743} INFO - Processing file /home/airflow/.local/lib/python3.7/site-packages/airflow/example_dags/example_trigger_target_dag.py for tasks to queue
[2023-03-11T12:33:54.564+0000] {logging_mixin.py:137} INFO - [2023-03-11T12:33:54.564+0000] {dagbag.py:538} INFO - Filling up the DagBag from /home/airflow/.local/lib/python3.7/site-packages/airflow/example_dags/example_trigger_target_dag.py
[2023-03-11T12:33:54.586+0000] {processor.py:753} INFO - DAG(s) dict_keys(['example_trigger_target_dag']) retrieved from /home/airflow/.local/lib/python3.7/site-packages/airflow/example_dags/example_trigger_target_dag.py
[2023-03-11T12:33:54.613+0000] {logging_mixin.py:137} INFO - [2023-03-11T12:33:54.613+0000] {dag.py:2690} INFO - Sync 1 DAGs
[2023-03-11T12:33:54.641+0000] {logging_mixin.py:137} INFO - [2023-03-11T12:33:54.640+0000] {dag.py:3441} INFO - Setting next_dagrun for example_trigger_target_dag to None, run_after=None
[2023-03-11T12:33:54.659+0000] {processor.py:175} INFO - Processing /home/airflow/.local/lib/python3.7/site-packages/airflow/example_dags/example_trigger_target_dag.py took 0.099 seconds
[2023-03-11T12:34:25.574+0000] {processor.py:153} INFO - Started process (PID=687) to work on /home/airflow/.local/lib/python3.7/site-packages/airflow/example_dags/example_trigger_target_dag.py
[2023-03-11T12:34:25.575+0000] {processor.py:743} INFO - Processing file /home/airflow/.local/lib/python3.7/site-packages/airflow/example_dags/example_trigger_target_dag.py for tasks to queue
[2023-03-11T12:34:25.576+0000] {logging_mixin.py:137} INFO - [2023-03-11T12:34:25.576+0000] {dagbag.py:538} INFO - Filling up the DagBag from /home/airflow/.local/lib/python3.7/site-packages/airflow/example_dags/example_trigger_target_dag.py
[2023-03-11T12:34:25.609+0000] {processor.py:753} INFO - DAG(s) dict_keys(['example_trigger_target_dag']) retrieved from /home/airflow/.local/lib/python3.7/site-packages/airflow/example_dags/example_trigger_target_dag.py
[2023-03-11T12:34:25.669+0000] {logging_mixin.py:137} INFO - [2023-03-11T12:34:25.669+0000] {dag.py:2690} INFO - Sync 1 DAGs
[2023-03-11T12:34:25.709+0000] {logging_mixin.py:137} INFO - [2023-03-11T12:34:25.708+0000] {dag.py:3441} INFO - Setting next_dagrun for example_trigger_target_dag to None, run_after=None
[2023-03-11T12:34:25.754+0000] {processor.py:175} INFO - Processing /home/airflow/.local/lib/python3.7/site-packages/airflow/example_dags/example_trigger_target_dag.py took 0.184 seconds
[2023-03-11T12:34:56.710+0000] {processor.py:153} INFO - Started process (PID=783) to work on /home/airflow/.local/lib/python3.7/site-packages/airflow/example_dags/example_trigger_target_dag.py
[2023-03-11T12:34:56.712+0000] {processor.py:743} INFO - Processing file /home/airflow/.local/lib/python3.7/site-packages/airflow/example_dags/example_trigger_target_dag.py for tasks to queue
[2023-03-11T12:34:56.713+0000] {logging_mixin.py:137} INFO - [2023-03-11T12:34:56.713+0000] {dagbag.py:538} INFO - Filling up the DagBag from /home/airflow/.local/lib/python3.7/site-packages/airflow/example_dags/example_trigger_target_dag.py
[2023-03-11T12:34:56.736+0000] {processor.py:753} INFO - DAG(s) dict_keys(['example_trigger_target_dag']) retrieved from /home/airflow/.local/lib/python3.7/site-packages/airflow/example_dags/example_trigger_target_dag.py
[2023-03-11T12:34:56.780+0000] {logging_mixin.py:137} INFO - [2023-03-11T12:34:56.780+0000] {dag.py:2690} INFO - Sync 1 DAGs
[2023-03-11T12:34:56.824+0000] {logging_mixin.py:137} INFO - [2023-03-11T12:34:56.824+0000] {dag.py:3441} INFO - Setting next_dagrun for example_trigger_target_dag to None, run_after=None
[2023-03-11T12:34:56.869+0000] {processor.py:175} INFO - Processing /home/airflow/.local/lib/python3.7/site-packages/airflow/example_dags/example_trigger_target_dag.py took 0.162 seconds
[2023-03-11T12:35:27.094+0000] {processor.py:153} INFO - Started process (PID=885) to work on /home/airflow/.local/lib/python3.7/site-packages/airflow/example_dags/example_trigger_target_dag.py
[2023-03-11T12:35:27.096+0000] {processor.py:743} INFO - Processing file /home/airflow/.local/lib/python3.7/site-packages/airflow/example_dags/example_trigger_target_dag.py for tasks to queue
[2023-03-11T12:35:27.098+0000] {logging_mixin.py:137} INFO - [2023-03-11T12:35:27.098+0000] {dagbag.py:538} INFO - Filling up the DagBag from /home/airflow/.local/lib/python3.7/site-packages/airflow/example_dags/example_trigger_target_dag.py
[2023-03-11T12:35:27.132+0000] {processor.py:753} INFO - DAG(s) dict_keys(['example_trigger_target_dag']) retrieved from /home/airflow/.local/lib/python3.7/site-packages/airflow/example_dags/example_trigger_target_dag.py
[2023-03-11T12:35:27.180+0000] {logging_mixin.py:137} INFO - [2023-03-11T12:35:27.180+0000] {dag.py:2690} INFO - Sync 1 DAGs
[2023-03-11T12:35:27.224+0000] {logging_mixin.py:137} INFO - [2023-03-11T12:35:27.223+0000] {dag.py:3441} INFO - Setting next_dagrun for example_trigger_target_dag to None, run_after=None
[2023-03-11T12:35:27.266+0000] {processor.py:175} INFO - Processing /home/airflow/.local/lib/python3.7/site-packages/airflow/example_dags/example_trigger_target_dag.py took 0.177 seconds
[2023-03-11T12:35:57.461+0000] {processor.py:153} INFO - Started process (PID=972) to work on /home/airflow/.local/lib/python3.7/site-packages/airflow/example_dags/example_trigger_target_dag.py
[2023-03-11T12:35:57.462+0000] {processor.py:743} INFO - Processing file /home/airflow/.local/lib/python3.7/site-packages/airflow/example_dags/example_trigger_target_dag.py for tasks to queue
[2023-03-11T12:35:57.462+0000] {logging_mixin.py:137} INFO - [2023-03-11T12:35:57.462+0000] {dagbag.py:538} INFO - Filling up the DagBag from /home/airflow/.local/lib/python3.7/site-packages/airflow/example_dags/example_trigger_target_dag.py
[2023-03-11T12:35:57.484+0000] {processor.py:753} INFO - DAG(s) dict_keys(['example_trigger_target_dag']) retrieved from /home/airflow/.local/lib/python3.7/site-packages/airflow/example_dags/example_trigger_target_dag.py
[2023-03-11T12:35:57.512+0000] {logging_mixin.py:137} INFO - [2023-03-11T12:35:57.512+0000] {dag.py:2690} INFO - Sync 1 DAGs
[2023-03-11T12:35:57.538+0000] {logging_mixin.py:137} INFO - [2023-03-11T12:35:57.538+0000] {dag.py:3441} INFO - Setting next_dagrun for example_trigger_target_dag to None, run_after=None
[2023-03-11T12:35:57.557+0000] {processor.py:175} INFO - Processing /home/airflow/.local/lib/python3.7/site-packages/airflow/example_dags/example_trigger_target_dag.py took 0.099 seconds
[2023-03-11T12:36:28.102+0000] {processor.py:153} INFO - Started process (PID=1083) to work on /home/airflow/.local/lib/python3.7/site-packages/airflow/example_dags/example_trigger_target_dag.py
[2023-03-11T12:36:28.103+0000] {processor.py:743} INFO - Processing file /home/airflow/.local/lib/python3.7/site-packages/airflow/example_dags/example_trigger_target_dag.py for tasks to queue
[2023-03-11T12:36:28.103+0000] {logging_mixin.py:137} INFO - [2023-03-11T12:36:28.103+0000] {dagbag.py:538} INFO - Filling up the DagBag from /home/airflow/.local/lib/python3.7/site-packages/airflow/example_dags/example_trigger_target_dag.py
[2023-03-11T12:36:28.124+0000] {processor.py:753} INFO - DAG(s) dict_keys(['example_trigger_target_dag']) retrieved from /home/airflow/.local/lib/python3.7/site-packages/airflow/example_dags/example_trigger_target_dag.py
[2023-03-11T12:36:28.153+0000] {logging_mixin.py:137} INFO - [2023-03-11T12:36:28.153+0000] {dag.py:2690} INFO - Sync 1 DAGs
[2023-03-11T12:36:28.179+0000] {logging_mixin.py:137} INFO - [2023-03-11T12:36:28.179+0000] {dag.py:3441} INFO - Setting next_dagrun for example_trigger_target_dag to None, run_after=None
[2023-03-11T12:36:28.197+0000] {processor.py:175} INFO - Processing /home/airflow/.local/lib/python3.7/site-packages/airflow/example_dags/example_trigger_target_dag.py took 0.099 seconds
[2023-03-11T12:36:58.727+0000] {processor.py:153} INFO - Started process (PID=1170) to work on /home/airflow/.local/lib/python3.7/site-packages/airflow/example_dags/example_trigger_target_dag.py
[2023-03-11T12:36:58.728+0000] {processor.py:743} INFO - Processing file /home/airflow/.local/lib/python3.7/site-packages/airflow/example_dags/example_trigger_target_dag.py for tasks to queue
[2023-03-11T12:36:58.729+0000] {logging_mixin.py:137} INFO - [2023-03-11T12:36:58.729+0000] {dagbag.py:538} INFO - Filling up the DagBag from /home/airflow/.local/lib/python3.7/site-packages/airflow/example_dags/example_trigger_target_dag.py
[2023-03-11T12:36:58.750+0000] {processor.py:753} INFO - DAG(s) dict_keys(['example_trigger_target_dag']) retrieved from /home/airflow/.local/lib/python3.7/site-packages/airflow/example_dags/example_trigger_target_dag.py
[2023-03-11T12:36:58.774+0000] {logging_mixin.py:137} INFO - [2023-03-11T12:36:58.774+0000] {dag.py:2690} INFO - Sync 1 DAGs
[2023-03-11T12:36:58.799+0000] {logging_mixin.py:137} INFO - [2023-03-11T12:36:58.799+0000] {dag.py:3441} INFO - Setting next_dagrun for example_trigger_target_dag to None, run_after=None
[2023-03-11T12:36:58.824+0000] {processor.py:175} INFO - Processing /home/airflow/.local/lib/python3.7/site-packages/airflow/example_dags/example_trigger_target_dag.py took 0.100 seconds
[2023-03-11T12:37:29.519+0000] {processor.py:153} INFO - Started process (PID=1257) to work on /home/airflow/.local/lib/python3.7/site-packages/airflow/example_dags/example_trigger_target_dag.py
[2023-03-11T12:37:29.520+0000] {processor.py:743} INFO - Processing file /home/airflow/.local/lib/python3.7/site-packages/airflow/example_dags/example_trigger_target_dag.py for tasks to queue
[2023-03-11T12:37:29.521+0000] {logging_mixin.py:137} INFO - [2023-03-11T12:37:29.520+0000] {dagbag.py:538} INFO - Filling up the DagBag from /home/airflow/.local/lib/python3.7/site-packages/airflow/example_dags/example_trigger_target_dag.py
[2023-03-11T12:37:29.542+0000] {processor.py:753} INFO - DAG(s) dict_keys(['example_trigger_target_dag']) retrieved from /home/airflow/.local/lib/python3.7/site-packages/airflow/example_dags/example_trigger_target_dag.py
[2023-03-11T12:37:29.569+0000] {logging_mixin.py:137} INFO - [2023-03-11T12:37:29.568+0000] {dag.py:2690} INFO - Sync 1 DAGs
[2023-03-11T12:37:29.595+0000] {logging_mixin.py:137} INFO - [2023-03-11T12:37:29.595+0000] {dag.py:3441} INFO - Setting next_dagrun for example_trigger_target_dag to None, run_after=None
[2023-03-11T12:37:29.614+0000] {processor.py:175} INFO - Processing /home/airflow/.local/lib/python3.7/site-packages/airflow/example_dags/example_trigger_target_dag.py took 0.097 seconds
[2023-03-11T12:37:59.838+0000] {processor.py:153} INFO - Started process (PID=1368) to work on /home/airflow/.local/lib/python3.7/site-packages/airflow/example_dags/example_trigger_target_dag.py
[2023-03-11T12:37:59.839+0000] {processor.py:743} INFO - Processing file /home/airflow/.local/lib/python3.7/site-packages/airflow/example_dags/example_trigger_target_dag.py for tasks to queue
[2023-03-11T12:37:59.840+0000] {logging_mixin.py:137} INFO - [2023-03-11T12:37:59.840+0000] {dagbag.py:538} INFO - Filling up the DagBag from /home/airflow/.local/lib/python3.7/site-packages/airflow/example_dags/example_trigger_target_dag.py
[2023-03-11T12:37:59.861+0000] {processor.py:753} INFO - DAG(s) dict_keys(['example_trigger_target_dag']) retrieved from /home/airflow/.local/lib/python3.7/site-packages/airflow/example_dags/example_trigger_target_dag.py
[2023-03-11T12:37:59.901+0000] {logging_mixin.py:137} INFO - [2023-03-11T12:37:59.900+0000] {dag.py:2690} INFO - Sync 1 DAGs
[2023-03-11T12:37:59.933+0000] {logging_mixin.py:137} INFO - [2023-03-11T12:37:59.932+0000] {dag.py:3441} INFO - Setting next_dagrun for example_trigger_target_dag to None, run_after=None
[2023-03-11T12:37:59.954+0000] {processor.py:175} INFO - Processing /home/airflow/.local/lib/python3.7/site-packages/airflow/example_dags/example_trigger_target_dag.py took 0.119 seconds
[2023-03-11T12:38:30.849+0000] {processor.py:153} INFO - Started process (PID=1454) to work on /home/airflow/.local/lib/python3.7/site-packages/airflow/example_dags/example_trigger_target_dag.py
[2023-03-11T12:38:30.850+0000] {processor.py:743} INFO - Processing file /home/airflow/.local/lib/python3.7/site-packages/airflow/example_dags/example_trigger_target_dag.py for tasks to queue
[2023-03-11T12:38:30.851+0000] {logging_mixin.py:137} INFO - [2023-03-11T12:38:30.850+0000] {dagbag.py:538} INFO - Filling up the DagBag from /home/airflow/.local/lib/python3.7/site-packages/airflow/example_dags/example_trigger_target_dag.py
[2023-03-11T12:38:30.872+0000] {processor.py:753} INFO - DAG(s) dict_keys(['example_trigger_target_dag']) retrieved from /home/airflow/.local/lib/python3.7/site-packages/airflow/example_dags/example_trigger_target_dag.py
[2023-03-11T12:38:30.899+0000] {logging_mixin.py:137} INFO - [2023-03-11T12:38:30.898+0000] {dag.py:2690} INFO - Sync 1 DAGs
[2023-03-11T12:38:30.927+0000] {logging_mixin.py:137} INFO - [2023-03-11T12:38:30.926+0000] {dag.py:3441} INFO - Setting next_dagrun for example_trigger_target_dag to None, run_after=None
[2023-03-11T12:38:30.946+0000] {processor.py:175} INFO - Processing /home/airflow/.local/lib/python3.7/site-packages/airflow/example_dags/example_trigger_target_dag.py took 0.099 seconds
[2023-03-11T12:39:01.027+0000] {processor.py:153} INFO - Started process (PID=1541) to work on /home/airflow/.local/lib/python3.7/site-packages/airflow/example_dags/example_trigger_target_dag.py
[2023-03-11T12:39:01.029+0000] {processor.py:743} INFO - Processing file /home/airflow/.local/lib/python3.7/site-packages/airflow/example_dags/example_trigger_target_dag.py for tasks to queue
[2023-03-11T12:39:01.030+0000] {logging_mixin.py:137} INFO - [2023-03-11T12:39:01.030+0000] {dagbag.py:538} INFO - Filling up the DagBag from /home/airflow/.local/lib/python3.7/site-packages/airflow/example_dags/example_trigger_target_dag.py
[2023-03-11T12:39:01.060+0000] {processor.py:753} INFO - DAG(s) dict_keys(['example_trigger_target_dag']) retrieved from /home/airflow/.local/lib/python3.7/site-packages/airflow/example_dags/example_trigger_target_dag.py
[2023-03-11T12:39:01.119+0000] {logging_mixin.py:137} INFO - [2023-03-11T12:39:01.118+0000] {dag.py:2690} INFO - Sync 1 DAGs
[2023-03-11T12:39:01.156+0000] {logging_mixin.py:137} INFO - [2023-03-11T12:39:01.156+0000] {dag.py:3441} INFO - Setting next_dagrun for example_trigger_target_dag to None, run_after=None
[2023-03-11T12:39:01.182+0000] {processor.py:175} INFO - Processing /home/airflow/.local/lib/python3.7/site-packages/airflow/example_dags/example_trigger_target_dag.py took 0.158 seconds
[2023-03-11T12:39:31.234+0000] {processor.py:153} INFO - Started process (PID=1652) to work on /home/airflow/.local/lib/python3.7/site-packages/airflow/example_dags/example_trigger_target_dag.py
[2023-03-11T12:39:31.235+0000] {processor.py:743} INFO - Processing file /home/airflow/.local/lib/python3.7/site-packages/airflow/example_dags/example_trigger_target_dag.py for tasks to queue
[2023-03-11T12:39:31.235+0000] {logging_mixin.py:137} INFO - [2023-03-11T12:39:31.235+0000] {dagbag.py:538} INFO - Filling up the DagBag from /home/airflow/.local/lib/python3.7/site-packages/airflow/example_dags/example_trigger_target_dag.py
[2023-03-11T12:39:31.256+0000] {processor.py:753} INFO - DAG(s) dict_keys(['example_trigger_target_dag']) retrieved from /home/airflow/.local/lib/python3.7/site-packages/airflow/example_dags/example_trigger_target_dag.py
[2023-03-11T12:39:31.282+0000] {logging_mixin.py:137} INFO - [2023-03-11T12:39:31.282+0000] {dag.py:2690} INFO - Sync 1 DAGs
[2023-03-11T12:39:31.308+0000] {logging_mixin.py:137} INFO - [2023-03-11T12:39:31.308+0000] {dag.py:3441} INFO - Setting next_dagrun for example_trigger_target_dag to None, run_after=None
[2023-03-11T12:39:31.342+0000] {processor.py:175} INFO - Processing /home/airflow/.local/lib/python3.7/site-packages/airflow/example_dags/example_trigger_target_dag.py took 0.113 seconds
[2023-03-11T12:40:01.426+0000] {processor.py:153} INFO - Started process (PID=1739) to work on /home/airflow/.local/lib/python3.7/site-packages/airflow/example_dags/example_trigger_target_dag.py
[2023-03-11T12:40:01.427+0000] {processor.py:743} INFO - Processing file /home/airflow/.local/lib/python3.7/site-packages/airflow/example_dags/example_trigger_target_dag.py for tasks to queue
[2023-03-11T12:40:01.428+0000] {logging_mixin.py:137} INFO - [2023-03-11T12:40:01.427+0000] {dagbag.py:538} INFO - Filling up the DagBag from /home/airflow/.local/lib/python3.7/site-packages/airflow/example_dags/example_trigger_target_dag.py
[2023-03-11T12:40:01.451+0000] {processor.py:753} INFO - DAG(s) dict_keys(['example_trigger_target_dag']) retrieved from /home/airflow/.local/lib/python3.7/site-packages/airflow/example_dags/example_trigger_target_dag.py
[2023-03-11T12:40:01.483+0000] {logging_mixin.py:137} INFO - [2023-03-11T12:40:01.483+0000] {dag.py:2690} INFO - Sync 1 DAGs
[2023-03-11T12:40:01.512+0000] {logging_mixin.py:137} INFO - [2023-03-11T12:40:01.511+0000] {dag.py:3441} INFO - Setting next_dagrun for example_trigger_target_dag to None, run_after=None
[2023-03-11T12:40:01.538+0000] {processor.py:175} INFO - Processing /home/airflow/.local/lib/python3.7/site-packages/airflow/example_dags/example_trigger_target_dag.py took 0.115 seconds
[2023-03-11T12:40:31.570+0000] {processor.py:153} INFO - Started process (PID=1826) to work on /home/airflow/.local/lib/python3.7/site-packages/airflow/example_dags/example_trigger_target_dag.py
[2023-03-11T12:40:31.571+0000] {processor.py:743} INFO - Processing file /home/airflow/.local/lib/python3.7/site-packages/airflow/example_dags/example_trigger_target_dag.py for tasks to queue
[2023-03-11T12:40:31.572+0000] {logging_mixin.py:137} INFO - [2023-03-11T12:40:31.572+0000] {dagbag.py:538} INFO - Filling up the DagBag from /home/airflow/.local/lib/python3.7/site-packages/airflow/example_dags/example_trigger_target_dag.py
[2023-03-11T12:40:31.594+0000] {processor.py:753} INFO - DAG(s) dict_keys(['example_trigger_target_dag']) retrieved from /home/airflow/.local/lib/python3.7/site-packages/airflow/example_dags/example_trigger_target_dag.py
[2023-03-11T12:40:31.639+0000] {logging_mixin.py:137} INFO - [2023-03-11T12:40:31.639+0000] {dag.py:2690} INFO - Sync 1 DAGs
[2023-03-11T12:40:31.675+0000] {logging_mixin.py:137} INFO - [2023-03-11T12:40:31.675+0000] {dag.py:3441} INFO - Setting next_dagrun for example_trigger_target_dag to None, run_after=None
[2023-03-11T12:40:31.701+0000] {processor.py:175} INFO - Processing /home/airflow/.local/lib/python3.7/site-packages/airflow/example_dags/example_trigger_target_dag.py took 0.134 seconds
[2023-03-11T12:41:02.419+0000] {processor.py:153} INFO - Started process (PID=1937) to work on /home/airflow/.local/lib/python3.7/site-packages/airflow/example_dags/example_trigger_target_dag.py
[2023-03-11T12:41:02.420+0000] {processor.py:743} INFO - Processing file /home/airflow/.local/lib/python3.7/site-packages/airflow/example_dags/example_trigger_target_dag.py for tasks to queue
[2023-03-11T12:41:02.421+0000] {logging_mixin.py:137} INFO - [2023-03-11T12:41:02.421+0000] {dagbag.py:538} INFO - Filling up the DagBag from /home/airflow/.local/lib/python3.7/site-packages/airflow/example_dags/example_trigger_target_dag.py
[2023-03-11T12:41:02.442+0000] {processor.py:753} INFO - DAG(s) dict_keys(['example_trigger_target_dag']) retrieved from /home/airflow/.local/lib/python3.7/site-packages/airflow/example_dags/example_trigger_target_dag.py
[2023-03-11T12:41:02.471+0000] {logging_mixin.py:137} INFO - [2023-03-11T12:41:02.471+0000] {dag.py:2690} INFO - Sync 1 DAGs
[2023-03-11T12:41:02.497+0000] {logging_mixin.py:137} INFO - [2023-03-11T12:41:02.496+0000] {dag.py:3441} INFO - Setting next_dagrun for example_trigger_target_dag to None, run_after=None
[2023-03-11T12:41:02.518+0000] {processor.py:175} INFO - Processing /home/airflow/.local/lib/python3.7/site-packages/airflow/example_dags/example_trigger_target_dag.py took 0.101 seconds
[2023-03-11T12:41:33.294+0000] {processor.py:153} INFO - Started process (PID=2024) to work on /home/airflow/.local/lib/python3.7/site-packages/airflow/example_dags/example_trigger_target_dag.py
[2023-03-11T12:41:33.296+0000] {processor.py:743} INFO - Processing file /home/airflow/.local/lib/python3.7/site-packages/airflow/example_dags/example_trigger_target_dag.py for tasks to queue
[2023-03-11T12:41:33.297+0000] {logging_mixin.py:137} INFO - [2023-03-11T12:41:33.296+0000] {dagbag.py:538} INFO - Filling up the DagBag from /home/airflow/.local/lib/python3.7/site-packages/airflow/example_dags/example_trigger_target_dag.py
[2023-03-11T12:41:33.321+0000] {processor.py:753} INFO - DAG(s) dict_keys(['example_trigger_target_dag']) retrieved from /home/airflow/.local/lib/python3.7/site-packages/airflow/example_dags/example_trigger_target_dag.py
[2023-03-11T12:41:33.348+0000] {logging_mixin.py:137} INFO - [2023-03-11T12:41:33.348+0000] {dag.py:2690} INFO - Sync 1 DAGs
[2023-03-11T12:41:33.374+0000] {logging_mixin.py:137} INFO - [2023-03-11T12:41:33.374+0000] {dag.py:3441} INFO - Setting next_dagrun for example_trigger_target_dag to None, run_after=None
[2023-03-11T12:41:33.391+0000] {processor.py:175} INFO - Processing /home/airflow/.local/lib/python3.7/site-packages/airflow/example_dags/example_trigger_target_dag.py took 0.101 seconds
[2023-03-11T12:42:03.864+0000] {processor.py:153} INFO - Started process (PID=2135) to work on /home/airflow/.local/lib/python3.7/site-packages/airflow/example_dags/example_trigger_target_dag.py
[2023-03-11T12:42:03.865+0000] {processor.py:743} INFO - Processing file /home/airflow/.local/lib/python3.7/site-packages/airflow/example_dags/example_trigger_target_dag.py for tasks to queue
[2023-03-11T12:42:03.865+0000] {logging_mixin.py:137} INFO - [2023-03-11T12:42:03.865+0000] {dagbag.py:538} INFO - Filling up the DagBag from /home/airflow/.local/lib/python3.7/site-packages/airflow/example_dags/example_trigger_target_dag.py
[2023-03-11T12:42:03.888+0000] {processor.py:753} INFO - DAG(s) dict_keys(['example_trigger_target_dag']) retrieved from /home/airflow/.local/lib/python3.7/site-packages/airflow/example_dags/example_trigger_target_dag.py
[2023-03-11T12:42:03.915+0000] {logging_mixin.py:137} INFO - [2023-03-11T12:42:03.915+0000] {dag.py:2690} INFO - Sync 1 DAGs
[2023-03-11T12:42:03.941+0000] {logging_mixin.py:137} INFO - [2023-03-11T12:42:03.940+0000] {dag.py:3441} INFO - Setting next_dagrun for example_trigger_target_dag to None, run_after=None
[2023-03-11T12:42:03.963+0000] {processor.py:175} INFO - Processing /home/airflow/.local/lib/python3.7/site-packages/airflow/example_dags/example_trigger_target_dag.py took 0.102 seconds
[2023-03-11T12:42:34.499+0000] {processor.py:153} INFO - Started process (PID=2222) to work on /home/airflow/.local/lib/python3.7/site-packages/airflow/example_dags/example_trigger_target_dag.py
[2023-03-11T12:42:34.500+0000] {processor.py:743} INFO - Processing file /home/airflow/.local/lib/python3.7/site-packages/airflow/example_dags/example_trigger_target_dag.py for tasks to queue
[2023-03-11T12:42:34.500+0000] {logging_mixin.py:137} INFO - [2023-03-11T12:42:34.500+0000] {dagbag.py:538} INFO - Filling up the DagBag from /home/airflow/.local/lib/python3.7/site-packages/airflow/example_dags/example_trigger_target_dag.py
[2023-03-11T12:42:34.523+0000] {processor.py:753} INFO - DAG(s) dict_keys(['example_trigger_target_dag']) retrieved from /home/airflow/.local/lib/python3.7/site-packages/airflow/example_dags/example_trigger_target_dag.py
[2023-03-11T12:42:34.548+0000] {logging_mixin.py:137} INFO - [2023-03-11T12:42:34.548+0000] {dag.py:2690} INFO - Sync 1 DAGs
[2023-03-11T12:42:34.572+0000] {logging_mixin.py:137} INFO - [2023-03-11T12:42:34.572+0000] {dag.py:3441} INFO - Setting next_dagrun for example_trigger_target_dag to None, run_after=None
[2023-03-11T12:42:34.589+0000] {processor.py:175} INFO - Processing /home/airflow/.local/lib/python3.7/site-packages/airflow/example_dags/example_trigger_target_dag.py took 0.093 seconds
[2023-03-11T12:43:05.115+0000] {processor.py:153} INFO - Started process (PID=2316) to work on /home/airflow/.local/lib/python3.7/site-packages/airflow/example_dags/example_trigger_target_dag.py
[2023-03-11T12:43:05.116+0000] {processor.py:743} INFO - Processing file /home/airflow/.local/lib/python3.7/site-packages/airflow/example_dags/example_trigger_target_dag.py for tasks to queue
[2023-03-11T12:43:05.117+0000] {logging_mixin.py:137} INFO - [2023-03-11T12:43:05.117+0000] {dagbag.py:538} INFO - Filling up the DagBag from /home/airflow/.local/lib/python3.7/site-packages/airflow/example_dags/example_trigger_target_dag.py
[2023-03-11T12:43:05.138+0000] {processor.py:753} INFO - DAG(s) dict_keys(['example_trigger_target_dag']) retrieved from /home/airflow/.local/lib/python3.7/site-packages/airflow/example_dags/example_trigger_target_dag.py
[2023-03-11T12:43:05.163+0000] {logging_mixin.py:137} INFO - [2023-03-11T12:43:05.163+0000] {dag.py:2690} INFO - Sync 1 DAGs
[2023-03-11T12:43:05.190+0000] {logging_mixin.py:137} INFO - [2023-03-11T12:43:05.190+0000] {dag.py:3441} INFO - Setting next_dagrun for example_trigger_target_dag to None, run_after=None
[2023-03-11T12:43:05.210+0000] {processor.py:175} INFO - Processing /home/airflow/.local/lib/python3.7/site-packages/airflow/example_dags/example_trigger_target_dag.py took 0.098 seconds
[2023-03-11T12:43:35.810+0000] {processor.py:153} INFO - Started process (PID=2420) to work on /home/airflow/.local/lib/python3.7/site-packages/airflow/example_dags/example_trigger_target_dag.py
[2023-03-11T12:43:35.811+0000] {processor.py:743} INFO - Processing file /home/airflow/.local/lib/python3.7/site-packages/airflow/example_dags/example_trigger_target_dag.py for tasks to queue
[2023-03-11T12:43:35.811+0000] {logging_mixin.py:137} INFO - [2023-03-11T12:43:35.811+0000] {dagbag.py:538} INFO - Filling up the DagBag from /home/airflow/.local/lib/python3.7/site-packages/airflow/example_dags/example_trigger_target_dag.py
[2023-03-11T12:43:35.835+0000] {processor.py:753} INFO - DAG(s) dict_keys(['example_trigger_target_dag']) retrieved from /home/airflow/.local/lib/python3.7/site-packages/airflow/example_dags/example_trigger_target_dag.py
[2023-03-11T12:43:35.863+0000] {logging_mixin.py:137} INFO - [2023-03-11T12:43:35.863+0000] {dag.py:2690} INFO - Sync 1 DAGs
[2023-03-11T12:43:35.890+0000] {logging_mixin.py:137} INFO - [2023-03-11T12:43:35.890+0000] {dag.py:3441} INFO - Setting next_dagrun for example_trigger_target_dag to None, run_after=None
[2023-03-11T12:43:35.908+0000] {processor.py:175} INFO - Processing /home/airflow/.local/lib/python3.7/site-packages/airflow/example_dags/example_trigger_target_dag.py took 0.101 seconds
[2023-03-11T12:44:06.315+0000] {processor.py:153} INFO - Started process (PID=2507) to work on /home/airflow/.local/lib/python3.7/site-packages/airflow/example_dags/example_trigger_target_dag.py
[2023-03-11T12:44:06.315+0000] {processor.py:743} INFO - Processing file /home/airflow/.local/lib/python3.7/site-packages/airflow/example_dags/example_trigger_target_dag.py for tasks to queue
[2023-03-11T12:44:06.316+0000] {logging_mixin.py:137} INFO - [2023-03-11T12:44:06.316+0000] {dagbag.py:538} INFO - Filling up the DagBag from /home/airflow/.local/lib/python3.7/site-packages/airflow/example_dags/example_trigger_target_dag.py
[2023-03-11T12:44:06.337+0000] {processor.py:753} INFO - DAG(s) dict_keys(['example_trigger_target_dag']) retrieved from /home/airflow/.local/lib/python3.7/site-packages/airflow/example_dags/example_trigger_target_dag.py
[2023-03-11T12:44:06.363+0000] {logging_mixin.py:137} INFO - [2023-03-11T12:44:06.362+0000] {dag.py:2690} INFO - Sync 1 DAGs
[2023-03-11T12:44:06.388+0000] {logging_mixin.py:137} INFO - [2023-03-11T12:44:06.388+0000] {dag.py:3441} INFO - Setting next_dagrun for example_trigger_target_dag to None, run_after=None
[2023-03-11T12:44:06.406+0000] {processor.py:175} INFO - Processing /home/airflow/.local/lib/python3.7/site-packages/airflow/example_dags/example_trigger_target_dag.py took 0.094 seconds
[2023-03-11T12:44:37.164+0000] {processor.py:153} INFO - Started process (PID=2618) to work on /home/airflow/.local/lib/python3.7/site-packages/airflow/example_dags/example_trigger_target_dag.py
[2023-03-11T12:44:37.165+0000] {processor.py:743} INFO - Processing file /home/airflow/.local/lib/python3.7/site-packages/airflow/example_dags/example_trigger_target_dag.py for tasks to queue
[2023-03-11T12:44:37.166+0000] {logging_mixin.py:137} INFO - [2023-03-11T12:44:37.165+0000] {dagbag.py:538} INFO - Filling up the DagBag from /home/airflow/.local/lib/python3.7/site-packages/airflow/example_dags/example_trigger_target_dag.py
[2023-03-11T12:44:37.188+0000] {processor.py:753} INFO - DAG(s) dict_keys(['example_trigger_target_dag']) retrieved from /home/airflow/.local/lib/python3.7/site-packages/airflow/example_dags/example_trigger_target_dag.py
[2023-03-11T12:44:37.216+0000] {logging_mixin.py:137} INFO - [2023-03-11T12:44:37.216+0000] {dag.py:2690} INFO - Sync 1 DAGs
[2023-03-11T12:44:37.244+0000] {logging_mixin.py:137} INFO - [2023-03-11T12:44:37.243+0000] {dag.py:3441} INFO - Setting next_dagrun for example_trigger_target_dag to None, run_after=None
[2023-03-11T12:44:37.264+0000] {processor.py:175} INFO - Processing /home/airflow/.local/lib/python3.7/site-packages/airflow/example_dags/example_trigger_target_dag.py took 0.102 seconds
[2023-03-11T12:45:08.417+0000] {processor.py:153} INFO - Started process (PID=2705) to work on /home/airflow/.local/lib/python3.7/site-packages/airflow/example_dags/example_trigger_target_dag.py
[2023-03-11T12:45:08.417+0000] {processor.py:743} INFO - Processing file /home/airflow/.local/lib/python3.7/site-packages/airflow/example_dags/example_trigger_target_dag.py for tasks to queue
[2023-03-11T12:45:08.418+0000] {logging_mixin.py:137} INFO - [2023-03-11T12:45:08.418+0000] {dagbag.py:538} INFO - Filling up the DagBag from /home/airflow/.local/lib/python3.7/site-packages/airflow/example_dags/example_trigger_target_dag.py
[2023-03-11T12:45:08.442+0000] {processor.py:753} INFO - DAG(s) dict_keys(['example_trigger_target_dag']) retrieved from /home/airflow/.local/lib/python3.7/site-packages/airflow/example_dags/example_trigger_target_dag.py
[2023-03-11T12:45:08.469+0000] {logging_mixin.py:137} INFO - [2023-03-11T12:45:08.469+0000] {dag.py:2690} INFO - Sync 1 DAGs
[2023-03-11T12:45:08.499+0000] {logging_mixin.py:137} INFO - [2023-03-11T12:45:08.499+0000] {dag.py:3441} INFO - Setting next_dagrun for example_trigger_target_dag to None, run_after=None
[2023-03-11T12:45:08.518+0000] {processor.py:175} INFO - Processing /home/airflow/.local/lib/python3.7/site-packages/airflow/example_dags/example_trigger_target_dag.py took 0.104 seconds
[2023-03-11T12:45:39.078+0000] {processor.py:153} INFO - Started process (PID=2816) to work on /home/airflow/.local/lib/python3.7/site-packages/airflow/example_dags/example_trigger_target_dag.py
[2023-03-11T12:45:39.080+0000] {processor.py:743} INFO - Processing file /home/airflow/.local/lib/python3.7/site-packages/airflow/example_dags/example_trigger_target_dag.py for tasks to queue
[2023-03-11T12:45:39.081+0000] {logging_mixin.py:137} INFO - [2023-03-11T12:45:39.080+0000] {dagbag.py:538} INFO - Filling up the DagBag from /home/airflow/.local/lib/python3.7/site-packages/airflow/example_dags/example_trigger_target_dag.py
[2023-03-11T12:45:39.101+0000] {processor.py:753} INFO - DAG(s) dict_keys(['example_trigger_target_dag']) retrieved from /home/airflow/.local/lib/python3.7/site-packages/airflow/example_dags/example_trigger_target_dag.py
[2023-03-11T12:45:39.128+0000] {logging_mixin.py:137} INFO - [2023-03-11T12:45:39.128+0000] {dag.py:2690} INFO - Sync 1 DAGs
[2023-03-11T12:45:39.157+0000] {logging_mixin.py:137} INFO - [2023-03-11T12:45:39.157+0000] {dag.py:3441} INFO - Setting next_dagrun for example_trigger_target_dag to None, run_after=None
[2023-03-11T12:45:39.178+0000] {processor.py:175} INFO - Processing /home/airflow/.local/lib/python3.7/site-packages/airflow/example_dags/example_trigger_target_dag.py took 0.103 seconds
[2023-03-11T12:46:09.995+0000] {processor.py:153} INFO - Started process (PID=2903) to work on /home/airflow/.local/lib/python3.7/site-packages/airflow/example_dags/example_trigger_target_dag.py
[2023-03-11T12:46:09.996+0000] {processor.py:743} INFO - Processing file /home/airflow/.local/lib/python3.7/site-packages/airflow/example_dags/example_trigger_target_dag.py for tasks to queue
[2023-03-11T12:46:09.996+0000] {logging_mixin.py:137} INFO - [2023-03-11T12:46:09.996+0000] {dagbag.py:538} INFO - Filling up the DagBag from /home/airflow/.local/lib/python3.7/site-packages/airflow/example_dags/example_trigger_target_dag.py
[2023-03-11T12:46:10.018+0000] {processor.py:753} INFO - DAG(s) dict_keys(['example_trigger_target_dag']) retrieved from /home/airflow/.local/lib/python3.7/site-packages/airflow/example_dags/example_trigger_target_dag.py
[2023-03-11T12:46:10.044+0000] {logging_mixin.py:137} INFO - [2023-03-11T12:46:10.044+0000] {dag.py:2690} INFO - Sync 1 DAGs
[2023-03-11T12:46:10.071+0000] {logging_mixin.py:137} INFO - [2023-03-11T12:46:10.071+0000] {dag.py:3441} INFO - Setting next_dagrun for example_trigger_target_dag to None, run_after=None
[2023-03-11T12:46:10.091+0000] {processor.py:175} INFO - Processing /home/airflow/.local/lib/python3.7/site-packages/airflow/example_dags/example_trigger_target_dag.py took 0.099 seconds
[2023-03-11T12:46:40.772+0000] {processor.py:153} INFO - Started process (PID=2990) to work on /home/airflow/.local/lib/python3.7/site-packages/airflow/example_dags/example_trigger_target_dag.py
[2023-03-11T12:46:40.773+0000] {processor.py:743} INFO - Processing file /home/airflow/.local/lib/python3.7/site-packages/airflow/example_dags/example_trigger_target_dag.py for tasks to queue
[2023-03-11T12:46:40.773+0000] {logging_mixin.py:137} INFO - [2023-03-11T12:46:40.773+0000] {dagbag.py:538} INFO - Filling up the DagBag from /home/airflow/.local/lib/python3.7/site-packages/airflow/example_dags/example_trigger_target_dag.py
[2023-03-11T12:46:40.795+0000] {processor.py:753} INFO - DAG(s) dict_keys(['example_trigger_target_dag']) retrieved from /home/airflow/.local/lib/python3.7/site-packages/airflow/example_dags/example_trigger_target_dag.py
[2023-03-11T12:46:40.825+0000] {logging_mixin.py:137} INFO - [2023-03-11T12:46:40.825+0000] {dag.py:2690} INFO - Sync 1 DAGs
[2023-03-11T12:46:40.849+0000] {logging_mixin.py:137} INFO - [2023-03-11T12:46:40.849+0000] {dag.py:3441} INFO - Setting next_dagrun for example_trigger_target_dag to None, run_after=None
[2023-03-11T12:46:40.868+0000] {processor.py:175} INFO - Processing /home/airflow/.local/lib/python3.7/site-packages/airflow/example_dags/example_trigger_target_dag.py took 0.099 seconds
[2023-03-11T12:47:11.597+0000] {processor.py:153} INFO - Started process (PID=3101) to work on /home/airflow/.local/lib/python3.7/site-packages/airflow/example_dags/example_trigger_target_dag.py
[2023-03-11T12:47:11.597+0000] {processor.py:743} INFO - Processing file /home/airflow/.local/lib/python3.7/site-packages/airflow/example_dags/example_trigger_target_dag.py for tasks to queue
[2023-03-11T12:47:11.598+0000] {logging_mixin.py:137} INFO - [2023-03-11T12:47:11.598+0000] {dagbag.py:538} INFO - Filling up the DagBag from /home/airflow/.local/lib/python3.7/site-packages/airflow/example_dags/example_trigger_target_dag.py
[2023-03-11T12:47:11.621+0000] {processor.py:753} INFO - DAG(s) dict_keys(['example_trigger_target_dag']) retrieved from /home/airflow/.local/lib/python3.7/site-packages/airflow/example_dags/example_trigger_target_dag.py
[2023-03-11T12:47:11.646+0000] {logging_mixin.py:137} INFO - [2023-03-11T12:47:11.646+0000] {dag.py:2690} INFO - Sync 1 DAGs
[2023-03-11T12:47:11.672+0000] {logging_mixin.py:137} INFO - [2023-03-11T12:47:11.672+0000] {dag.py:3441} INFO - Setting next_dagrun for example_trigger_target_dag to None, run_after=None
[2023-03-11T12:47:11.691+0000] {processor.py:175} INFO - Processing /home/airflow/.local/lib/python3.7/site-packages/airflow/example_dags/example_trigger_target_dag.py took 0.097 seconds
[2023-03-11T12:47:42.353+0000] {processor.py:153} INFO - Started process (PID=3188) to work on /home/airflow/.local/lib/python3.7/site-packages/airflow/example_dags/example_trigger_target_dag.py
[2023-03-11T12:47:42.354+0000] {processor.py:743} INFO - Processing file /home/airflow/.local/lib/python3.7/site-packages/airflow/example_dags/example_trigger_target_dag.py for tasks to queue
[2023-03-11T12:47:42.355+0000] {logging_mixin.py:137} INFO - [2023-03-11T12:47:42.355+0000] {dagbag.py:538} INFO - Filling up the DagBag from /home/airflow/.local/lib/python3.7/site-packages/airflow/example_dags/example_trigger_target_dag.py
[2023-03-11T12:47:42.374+0000] {processor.py:753} INFO - DAG(s) dict_keys(['example_trigger_target_dag']) retrieved from /home/airflow/.local/lib/python3.7/site-packages/airflow/example_dags/example_trigger_target_dag.py
[2023-03-11T12:47:42.398+0000] {logging_mixin.py:137} INFO - [2023-03-11T12:47:42.398+0000] {dag.py:2690} INFO - Sync 1 DAGs
[2023-03-11T12:47:42.423+0000] {logging_mixin.py:137} INFO - [2023-03-11T12:47:42.423+0000] {dag.py:3441} INFO - Setting next_dagrun for example_trigger_target_dag to None, run_after=None
[2023-03-11T12:47:42.440+0000] {processor.py:175} INFO - Processing /home/airflow/.local/lib/python3.7/site-packages/airflow/example_dags/example_trigger_target_dag.py took 0.089 seconds
[2023-03-11T12:48:13.319+0000] {processor.py:153} INFO - Started process (PID=3299) to work on /home/airflow/.local/lib/python3.7/site-packages/airflow/example_dags/example_trigger_target_dag.py
[2023-03-11T12:48:13.319+0000] {processor.py:743} INFO - Processing file /home/airflow/.local/lib/python3.7/site-packages/airflow/example_dags/example_trigger_target_dag.py for tasks to queue
[2023-03-11T12:48:13.320+0000] {logging_mixin.py:137} INFO - [2023-03-11T12:48:13.320+0000] {dagbag.py:538} INFO - Filling up the DagBag from /home/airflow/.local/lib/python3.7/site-packages/airflow/example_dags/example_trigger_target_dag.py
[2023-03-11T12:48:13.342+0000] {processor.py:753} INFO - DAG(s) dict_keys(['example_trigger_target_dag']) retrieved from /home/airflow/.local/lib/python3.7/site-packages/airflow/example_dags/example_trigger_target_dag.py
[2023-03-11T12:48:13.370+0000] {logging_mixin.py:137} INFO - [2023-03-11T12:48:13.370+0000] {dag.py:2690} INFO - Sync 1 DAGs
[2023-03-11T12:48:13.398+0000] {logging_mixin.py:137} INFO - [2023-03-11T12:48:13.398+0000] {dag.py:3441} INFO - Setting next_dagrun for example_trigger_target_dag to None, run_after=None
[2023-03-11T12:48:13.417+0000] {processor.py:175} INFO - Processing /home/airflow/.local/lib/python3.7/site-packages/airflow/example_dags/example_trigger_target_dag.py took 0.101 seconds
[2023-03-11T12:48:43.991+0000] {processor.py:153} INFO - Started process (PID=3386) to work on /home/airflow/.local/lib/python3.7/site-packages/airflow/example_dags/example_trigger_target_dag.py
[2023-03-11T12:48:43.992+0000] {processor.py:743} INFO - Processing file /home/airflow/.local/lib/python3.7/site-packages/airflow/example_dags/example_trigger_target_dag.py for tasks to queue
[2023-03-11T12:48:43.992+0000] {logging_mixin.py:137} INFO - [2023-03-11T12:48:43.992+0000] {dagbag.py:538} INFO - Filling up the DagBag from /home/airflow/.local/lib/python3.7/site-packages/airflow/example_dags/example_trigger_target_dag.py
[2023-03-11T12:48:44.012+0000] {processor.py:753} INFO - DAG(s) dict_keys(['example_trigger_target_dag']) retrieved from /home/airflow/.local/lib/python3.7/site-packages/airflow/example_dags/example_trigger_target_dag.py
[2023-03-11T12:48:44.037+0000] {logging_mixin.py:137} INFO - [2023-03-11T12:48:44.037+0000] {dag.py:2690} INFO - Sync 1 DAGs
[2023-03-11T12:48:44.063+0000] {logging_mixin.py:137} INFO - [2023-03-11T12:48:44.062+0000] {dag.py:3441} INFO - Setting next_dagrun for example_trigger_target_dag to None, run_after=None
[2023-03-11T12:48:44.079+0000] {processor.py:175} INFO - Processing /home/airflow/.local/lib/python3.7/site-packages/airflow/example_dags/example_trigger_target_dag.py took 0.091 seconds
[2023-03-11T12:49:15.051+0000] {processor.py:153} INFO - Started process (PID=3497) to work on /home/airflow/.local/lib/python3.7/site-packages/airflow/example_dags/example_trigger_target_dag.py
[2023-03-11T12:49:15.051+0000] {processor.py:743} INFO - Processing file /home/airflow/.local/lib/python3.7/site-packages/airflow/example_dags/example_trigger_target_dag.py for tasks to queue
[2023-03-11T12:49:15.052+0000] {logging_mixin.py:137} INFO - [2023-03-11T12:49:15.052+0000] {dagbag.py:538} INFO - Filling up the DagBag from /home/airflow/.local/lib/python3.7/site-packages/airflow/example_dags/example_trigger_target_dag.py
[2023-03-11T12:49:15.073+0000] {processor.py:753} INFO - DAG(s) dict_keys(['example_trigger_target_dag']) retrieved from /home/airflow/.local/lib/python3.7/site-packages/airflow/example_dags/example_trigger_target_dag.py
[2023-03-11T12:49:15.099+0000] {logging_mixin.py:137} INFO - [2023-03-11T12:49:15.099+0000] {dag.py:2690} INFO - Sync 1 DAGs
[2023-03-11T12:49:15.127+0000] {logging_mixin.py:137} INFO - [2023-03-11T12:49:15.127+0000] {dag.py:3441} INFO - Setting next_dagrun for example_trigger_target_dag to None, run_after=None
[2023-03-11T12:49:15.148+0000] {processor.py:175} INFO - Processing /home/airflow/.local/lib/python3.7/site-packages/airflow/example_dags/example_trigger_target_dag.py took 0.100 seconds
[2023-03-11T12:49:45.370+0000] {processor.py:153} INFO - Started process (PID=3584) to work on /home/airflow/.local/lib/python3.7/site-packages/airflow/example_dags/example_trigger_target_dag.py
[2023-03-11T12:49:45.371+0000] {processor.py:743} INFO - Processing file /home/airflow/.local/lib/python3.7/site-packages/airflow/example_dags/example_trigger_target_dag.py for tasks to queue
[2023-03-11T12:49:45.372+0000] {logging_mixin.py:137} INFO - [2023-03-11T12:49:45.372+0000] {dagbag.py:538} INFO - Filling up the DagBag from /home/airflow/.local/lib/python3.7/site-packages/airflow/example_dags/example_trigger_target_dag.py
[2023-03-11T12:49:45.393+0000] {processor.py:753} INFO - DAG(s) dict_keys(['example_trigger_target_dag']) retrieved from /home/airflow/.local/lib/python3.7/site-packages/airflow/example_dags/example_trigger_target_dag.py
[2023-03-11T12:49:45.430+0000] {logging_mixin.py:137} INFO - [2023-03-11T12:49:45.430+0000] {dag.py:2690} INFO - Sync 1 DAGs
[2023-03-11T12:49:45.458+0000] {logging_mixin.py:137} INFO - [2023-03-11T12:49:45.457+0000] {dag.py:3441} INFO - Setting next_dagrun for example_trigger_target_dag to None, run_after=None
[2023-03-11T12:49:45.489+0000] {processor.py:175} INFO - Processing /home/airflow/.local/lib/python3.7/site-packages/airflow/example_dags/example_trigger_target_dag.py took 0.122 seconds
