[2023-03-11T12:31:19.154+0000] {processor.py:153} INFO - Started process (PID=109) to work on /home/airflow/.local/lib/python3.7/site-packages/airflow/example_dags/example_short_circuit_operator.py
[2023-03-11T12:31:19.154+0000] {processor.py:743} INFO - Processing file /home/airflow/.local/lib/python3.7/site-packages/airflow/example_dags/example_short_circuit_operator.py for tasks to queue
[2023-03-11T12:31:19.155+0000] {logging_mixin.py:137} INFO - [2023-03-11T12:31:19.155+0000] {dagbag.py:538} INFO - Filling up the DagBag from /home/airflow/.local/lib/python3.7/site-packages/airflow/example_dags/example_short_circuit_operator.py
[2023-03-11T12:31:19.176+0000] {processor.py:753} INFO - DAG(s) dict_keys(['example_short_circuit_operator']) retrieved from /home/airflow/.local/lib/python3.7/site-packages/airflow/example_dags/example_short_circuit_operator.py
[2023-03-11T12:31:19.194+0000] {logging_mixin.py:137} INFO - [2023-03-11T12:31:19.194+0000] {dag.py:2690} INFO - Sync 1 DAGs
[2023-03-11T12:31:19.233+0000] {logging_mixin.py:137} INFO - [2023-03-11T12:31:19.233+0000] {dag.py:3441} INFO - Setting next_dagrun for example_short_circuit_operator to 2023-03-10T12:31:19.233070+00:00, run_after=2023-03-11T12:31:19.233070+00:00
[2023-03-11T12:31:19.270+0000] {processor.py:175} INFO - Processing /home/airflow/.local/lib/python3.7/site-packages/airflow/example_dags/example_short_circuit_operator.py took 0.120 seconds
[2023-03-11T12:31:49.340+0000] {processor.py:153} INFO - Started process (PID=196) to work on /home/airflow/.local/lib/python3.7/site-packages/airflow/example_dags/example_short_circuit_operator.py
[2023-03-11T12:31:49.341+0000] {processor.py:743} INFO - Processing file /home/airflow/.local/lib/python3.7/site-packages/airflow/example_dags/example_short_circuit_operator.py for tasks to queue
[2023-03-11T12:31:49.342+0000] {logging_mixin.py:137} INFO - [2023-03-11T12:31:49.342+0000] {dagbag.py:538} INFO - Filling up the DagBag from /home/airflow/.local/lib/python3.7/site-packages/airflow/example_dags/example_short_circuit_operator.py
[2023-03-11T12:31:49.359+0000] {processor.py:753} INFO - DAG(s) dict_keys(['example_short_circuit_operator']) retrieved from /home/airflow/.local/lib/python3.7/site-packages/airflow/example_dags/example_short_circuit_operator.py
[2023-03-11T12:31:49.390+0000] {logging_mixin.py:137} INFO - [2023-03-11T12:31:49.389+0000] {dag.py:2690} INFO - Sync 1 DAGs
[2023-03-11T12:31:49.418+0000] {logging_mixin.py:137} INFO - [2023-03-11T12:31:49.418+0000] {dag.py:3441} INFO - Setting next_dagrun for example_short_circuit_operator to 2023-03-10T12:31:49.418130+00:00, run_after=2023-03-11T12:31:49.418130+00:00
[2023-03-11T12:31:49.439+0000] {processor.py:175} INFO - Processing /home/airflow/.local/lib/python3.7/site-packages/airflow/example_dags/example_short_circuit_operator.py took 0.102 seconds
[2023-03-11T12:32:20.160+0000] {processor.py:153} INFO - Started process (PID=283) to work on /home/airflow/.local/lib/python3.7/site-packages/airflow/example_dags/example_short_circuit_operator.py
[2023-03-11T12:32:20.162+0000] {processor.py:743} INFO - Processing file /home/airflow/.local/lib/python3.7/site-packages/airflow/example_dags/example_short_circuit_operator.py for tasks to queue
[2023-03-11T12:32:20.163+0000] {logging_mixin.py:137} INFO - [2023-03-11T12:32:20.162+0000] {dagbag.py:538} INFO - Filling up the DagBag from /home/airflow/.local/lib/python3.7/site-packages/airflow/example_dags/example_short_circuit_operator.py
[2023-03-11T12:32:20.179+0000] {processor.py:753} INFO - DAG(s) dict_keys(['example_short_circuit_operator']) retrieved from /home/airflow/.local/lib/python3.7/site-packages/airflow/example_dags/example_short_circuit_operator.py
[2023-03-11T12:32:20.207+0000] {logging_mixin.py:137} INFO - [2023-03-11T12:32:20.207+0000] {dag.py:2690} INFO - Sync 1 DAGs
[2023-03-11T12:32:20.235+0000] {logging_mixin.py:137} INFO - [2023-03-11T12:32:20.235+0000] {dag.py:3441} INFO - Setting next_dagrun for example_short_circuit_operator to 2023-03-10T12:32:20.234787+00:00, run_after=2023-03-11T12:32:20.234787+00:00
[2023-03-11T12:32:20.255+0000] {processor.py:175} INFO - Processing /home/airflow/.local/lib/python3.7/site-packages/airflow/example_dags/example_short_circuit_operator.py took 0.098 seconds
[2023-03-11T12:32:51.180+0000] {processor.py:153} INFO - Started process (PID=394) to work on /home/airflow/.local/lib/python3.7/site-packages/airflow/example_dags/example_short_circuit_operator.py
[2023-03-11T12:32:51.181+0000] {processor.py:743} INFO - Processing file /home/airflow/.local/lib/python3.7/site-packages/airflow/example_dags/example_short_circuit_operator.py for tasks to queue
[2023-03-11T12:32:51.182+0000] {logging_mixin.py:137} INFO - [2023-03-11T12:32:51.181+0000] {dagbag.py:538} INFO - Filling up the DagBag from /home/airflow/.local/lib/python3.7/site-packages/airflow/example_dags/example_short_circuit_operator.py
[2023-03-11T12:32:51.197+0000] {processor.py:753} INFO - DAG(s) dict_keys(['example_short_circuit_operator']) retrieved from /home/airflow/.local/lib/python3.7/site-packages/airflow/example_dags/example_short_circuit_operator.py
[2023-03-11T12:32:51.226+0000] {logging_mixin.py:137} INFO - [2023-03-11T12:32:51.226+0000] {dag.py:2690} INFO - Sync 1 DAGs
[2023-03-11T12:32:51.252+0000] {logging_mixin.py:137} INFO - [2023-03-11T12:32:51.252+0000] {dag.py:3441} INFO - Setting next_dagrun for example_short_circuit_operator to 2023-03-10T12:32:51.251846+00:00, run_after=2023-03-11T12:32:51.251846+00:00
[2023-03-11T12:32:51.277+0000] {processor.py:175} INFO - Processing /home/airflow/.local/lib/python3.7/site-packages/airflow/example_dags/example_short_circuit_operator.py took 0.099 seconds
[2023-03-11T12:33:22.112+0000] {processor.py:153} INFO - Started process (PID=481) to work on /home/airflow/.local/lib/python3.7/site-packages/airflow/example_dags/example_short_circuit_operator.py
[2023-03-11T12:33:22.113+0000] {processor.py:743} INFO - Processing file /home/airflow/.local/lib/python3.7/site-packages/airflow/example_dags/example_short_circuit_operator.py for tasks to queue
[2023-03-11T12:33:22.114+0000] {logging_mixin.py:137} INFO - [2023-03-11T12:33:22.114+0000] {dagbag.py:538} INFO - Filling up the DagBag from /home/airflow/.local/lib/python3.7/site-packages/airflow/example_dags/example_short_circuit_operator.py
[2023-03-11T12:33:22.130+0000] {processor.py:753} INFO - DAG(s) dict_keys(['example_short_circuit_operator']) retrieved from /home/airflow/.local/lib/python3.7/site-packages/airflow/example_dags/example_short_circuit_operator.py
[2023-03-11T12:33:22.161+0000] {logging_mixin.py:137} INFO - [2023-03-11T12:33:22.161+0000] {dag.py:2690} INFO - Sync 1 DAGs
[2023-03-11T12:33:22.191+0000] {logging_mixin.py:137} INFO - [2023-03-11T12:33:22.191+0000] {dag.py:3441} INFO - Setting next_dagrun for example_short_circuit_operator to 2023-03-10T12:33:22.191405+00:00, run_after=2023-03-11T12:33:22.191405+00:00
[2023-03-11T12:33:22.211+0000] {processor.py:175} INFO - Processing /home/airflow/.local/lib/python3.7/site-packages/airflow/example_dags/example_short_circuit_operator.py took 0.103 seconds
[2023-03-11T12:33:53.086+0000] {processor.py:153} INFO - Started process (PID=577) to work on /home/airflow/.local/lib/python3.7/site-packages/airflow/example_dags/example_short_circuit_operator.py
[2023-03-11T12:33:53.088+0000] {processor.py:743} INFO - Processing file /home/airflow/.local/lib/python3.7/site-packages/airflow/example_dags/example_short_circuit_operator.py for tasks to queue
[2023-03-11T12:33:53.088+0000] {logging_mixin.py:137} INFO - [2023-03-11T12:33:53.088+0000] {dagbag.py:538} INFO - Filling up the DagBag from /home/airflow/.local/lib/python3.7/site-packages/airflow/example_dags/example_short_circuit_operator.py
[2023-03-11T12:33:53.106+0000] {processor.py:753} INFO - DAG(s) dict_keys(['example_short_circuit_operator']) retrieved from /home/airflow/.local/lib/python3.7/site-packages/airflow/example_dags/example_short_circuit_operator.py
[2023-03-11T12:33:53.137+0000] {logging_mixin.py:137} INFO - [2023-03-11T12:33:53.136+0000] {dag.py:2690} INFO - Sync 1 DAGs
[2023-03-11T12:33:53.166+0000] {logging_mixin.py:137} INFO - [2023-03-11T12:33:53.166+0000] {dag.py:3441} INFO - Setting next_dagrun for example_short_circuit_operator to 2023-03-10T12:33:53.165823+00:00, run_after=2023-03-11T12:33:53.165823+00:00
[2023-03-11T12:33:53.186+0000] {processor.py:175} INFO - Processing /home/airflow/.local/lib/python3.7/site-packages/airflow/example_dags/example_short_circuit_operator.py took 0.102 seconds
[2023-03-11T12:34:23.796+0000] {processor.py:153} INFO - Started process (PID=679) to work on /home/airflow/.local/lib/python3.7/site-packages/airflow/example_dags/example_short_circuit_operator.py
[2023-03-11T12:34:23.797+0000] {processor.py:743} INFO - Processing file /home/airflow/.local/lib/python3.7/site-packages/airflow/example_dags/example_short_circuit_operator.py for tasks to queue
[2023-03-11T12:34:23.798+0000] {logging_mixin.py:137} INFO - [2023-03-11T12:34:23.798+0000] {dagbag.py:538} INFO - Filling up the DagBag from /home/airflow/.local/lib/python3.7/site-packages/airflow/example_dags/example_short_circuit_operator.py
[2023-03-11T12:34:23.813+0000] {processor.py:753} INFO - DAG(s) dict_keys(['example_short_circuit_operator']) retrieved from /home/airflow/.local/lib/python3.7/site-packages/airflow/example_dags/example_short_circuit_operator.py
[2023-03-11T12:34:23.838+0000] {logging_mixin.py:137} INFO - [2023-03-11T12:34:23.838+0000] {dag.py:2690} INFO - Sync 1 DAGs
[2023-03-11T12:34:23.864+0000] {logging_mixin.py:137} INFO - [2023-03-11T12:34:23.863+0000] {dag.py:3441} INFO - Setting next_dagrun for example_short_circuit_operator to 2023-03-10T12:34:23.863577+00:00, run_after=2023-03-11T12:34:23.863577+00:00
[2023-03-11T12:34:23.881+0000] {processor.py:175} INFO - Processing /home/airflow/.local/lib/python3.7/site-packages/airflow/example_dags/example_short_circuit_operator.py took 0.088 seconds
[2023-03-11T12:34:54.226+0000] {processor.py:153} INFO - Started process (PID=766) to work on /home/airflow/.local/lib/python3.7/site-packages/airflow/example_dags/example_short_circuit_operator.py
[2023-03-11T12:34:54.227+0000] {processor.py:743} INFO - Processing file /home/airflow/.local/lib/python3.7/site-packages/airflow/example_dags/example_short_circuit_operator.py for tasks to queue
[2023-03-11T12:34:54.228+0000] {logging_mixin.py:137} INFO - [2023-03-11T12:34:54.227+0000] {dagbag.py:538} INFO - Filling up the DagBag from /home/airflow/.local/lib/python3.7/site-packages/airflow/example_dags/example_short_circuit_operator.py
[2023-03-11T12:34:54.244+0000] {processor.py:753} INFO - DAG(s) dict_keys(['example_short_circuit_operator']) retrieved from /home/airflow/.local/lib/python3.7/site-packages/airflow/example_dags/example_short_circuit_operator.py
[2023-03-11T12:34:54.269+0000] {logging_mixin.py:137} INFO - [2023-03-11T12:34:54.269+0000] {dag.py:2690} INFO - Sync 1 DAGs
[2023-03-11T12:34:54.294+0000] {logging_mixin.py:137} INFO - [2023-03-11T12:34:54.294+0000] {dag.py:3441} INFO - Setting next_dagrun for example_short_circuit_operator to 2023-03-10T12:34:54.293813+00:00, run_after=2023-03-11T12:34:54.293813+00:00
[2023-03-11T12:34:54.312+0000] {processor.py:175} INFO - Processing /home/airflow/.local/lib/python3.7/site-packages/airflow/example_dags/example_short_circuit_operator.py took 0.089 seconds
[2023-03-11T12:35:24.523+0000] {processor.py:153} INFO - Started process (PID=877) to work on /home/airflow/.local/lib/python3.7/site-packages/airflow/example_dags/example_short_circuit_operator.py
[2023-03-11T12:35:24.524+0000] {processor.py:743} INFO - Processing file /home/airflow/.local/lib/python3.7/site-packages/airflow/example_dags/example_short_circuit_operator.py for tasks to queue
[2023-03-11T12:35:24.525+0000] {logging_mixin.py:137} INFO - [2023-03-11T12:35:24.524+0000] {dagbag.py:538} INFO - Filling up the DagBag from /home/airflow/.local/lib/python3.7/site-packages/airflow/example_dags/example_short_circuit_operator.py
[2023-03-11T12:35:24.541+0000] {processor.py:753} INFO - DAG(s) dict_keys(['example_short_circuit_operator']) retrieved from /home/airflow/.local/lib/python3.7/site-packages/airflow/example_dags/example_short_circuit_operator.py
[2023-03-11T12:35:24.569+0000] {logging_mixin.py:137} INFO - [2023-03-11T12:35:24.569+0000] {dag.py:2690} INFO - Sync 1 DAGs
[2023-03-11T12:35:24.599+0000] {logging_mixin.py:137} INFO - [2023-03-11T12:35:24.599+0000] {dag.py:3441} INFO - Setting next_dagrun for example_short_circuit_operator to 2023-03-10T12:35:24.599007+00:00, run_after=2023-03-11T12:35:24.599007+00:00
[2023-03-11T12:35:24.626+0000] {processor.py:175} INFO - Processing /home/airflow/.local/lib/python3.7/site-packages/airflow/example_dags/example_short_circuit_operator.py took 0.106 seconds
[2023-03-11T12:35:54.974+0000] {processor.py:153} INFO - Started process (PID=964) to work on /home/airflow/.local/lib/python3.7/site-packages/airflow/example_dags/example_short_circuit_operator.py
[2023-03-11T12:35:54.975+0000] {processor.py:743} INFO - Processing file /home/airflow/.local/lib/python3.7/site-packages/airflow/example_dags/example_short_circuit_operator.py for tasks to queue
[2023-03-11T12:35:54.975+0000] {logging_mixin.py:137} INFO - [2023-03-11T12:35:54.975+0000] {dagbag.py:538} INFO - Filling up the DagBag from /home/airflow/.local/lib/python3.7/site-packages/airflow/example_dags/example_short_circuit_operator.py
[2023-03-11T12:35:54.990+0000] {processor.py:753} INFO - DAG(s) dict_keys(['example_short_circuit_operator']) retrieved from /home/airflow/.local/lib/python3.7/site-packages/airflow/example_dags/example_short_circuit_operator.py
[2023-03-11T12:35:55.018+0000] {logging_mixin.py:137} INFO - [2023-03-11T12:35:55.018+0000] {dag.py:2690} INFO - Sync 1 DAGs
[2023-03-11T12:35:55.046+0000] {logging_mixin.py:137} INFO - [2023-03-11T12:35:55.046+0000] {dag.py:3441} INFO - Setting next_dagrun for example_short_circuit_operator to 2023-03-10T12:35:55.046452+00:00, run_after=2023-03-11T12:35:55.046452+00:00
[2023-03-11T12:35:55.065+0000] {processor.py:175} INFO - Processing /home/airflow/.local/lib/python3.7/site-packages/airflow/example_dags/example_short_circuit_operator.py took 0.095 seconds
[2023-03-11T12:36:25.609+0000] {processor.py:153} INFO - Started process (PID=1051) to work on /home/airflow/.local/lib/python3.7/site-packages/airflow/example_dags/example_short_circuit_operator.py
[2023-03-11T12:36:25.610+0000] {processor.py:743} INFO - Processing file /home/airflow/.local/lib/python3.7/site-packages/airflow/example_dags/example_short_circuit_operator.py for tasks to queue
[2023-03-11T12:36:25.611+0000] {logging_mixin.py:137} INFO - [2023-03-11T12:36:25.611+0000] {dagbag.py:538} INFO - Filling up the DagBag from /home/airflow/.local/lib/python3.7/site-packages/airflow/example_dags/example_short_circuit_operator.py
[2023-03-11T12:36:25.627+0000] {processor.py:753} INFO - DAG(s) dict_keys(['example_short_circuit_operator']) retrieved from /home/airflow/.local/lib/python3.7/site-packages/airflow/example_dags/example_short_circuit_operator.py
[2023-03-11T12:36:25.657+0000] {logging_mixin.py:137} INFO - [2023-03-11T12:36:25.657+0000] {dag.py:2690} INFO - Sync 1 DAGs
[2023-03-11T12:36:25.686+0000] {logging_mixin.py:137} INFO - [2023-03-11T12:36:25.686+0000] {dag.py:3441} INFO - Setting next_dagrun for example_short_circuit_operator to 2023-03-10T12:36:25.686153+00:00, run_after=2023-03-11T12:36:25.686153+00:00
[2023-03-11T12:36:25.705+0000] {processor.py:175} INFO - Processing /home/airflow/.local/lib/python3.7/site-packages/airflow/example_dags/example_short_circuit_operator.py took 0.099 seconds
[2023-03-11T12:36:56.235+0000] {processor.py:153} INFO - Started process (PID=1162) to work on /home/airflow/.local/lib/python3.7/site-packages/airflow/example_dags/example_short_circuit_operator.py
[2023-03-11T12:36:56.236+0000] {processor.py:743} INFO - Processing file /home/airflow/.local/lib/python3.7/site-packages/airflow/example_dags/example_short_circuit_operator.py for tasks to queue
[2023-03-11T12:36:56.237+0000] {logging_mixin.py:137} INFO - [2023-03-11T12:36:56.237+0000] {dagbag.py:538} INFO - Filling up the DagBag from /home/airflow/.local/lib/python3.7/site-packages/airflow/example_dags/example_short_circuit_operator.py
[2023-03-11T12:36:56.252+0000] {processor.py:753} INFO - DAG(s) dict_keys(['example_short_circuit_operator']) retrieved from /home/airflow/.local/lib/python3.7/site-packages/airflow/example_dags/example_short_circuit_operator.py
[2023-03-11T12:36:56.278+0000] {logging_mixin.py:137} INFO - [2023-03-11T12:36:56.278+0000] {dag.py:2690} INFO - Sync 1 DAGs
[2023-03-11T12:36:56.304+0000] {logging_mixin.py:137} INFO - [2023-03-11T12:36:56.303+0000] {dag.py:3441} INFO - Setting next_dagrun for example_short_circuit_operator to 2023-03-10T12:36:56.303566+00:00, run_after=2023-03-11T12:36:56.303566+00:00
[2023-03-11T12:36:56.327+0000] {processor.py:175} INFO - Processing /home/airflow/.local/lib/python3.7/site-packages/airflow/example_dags/example_short_circuit_operator.py took 0.094 seconds
[2023-03-11T12:37:27.014+0000] {processor.py:153} INFO - Started process (PID=1249) to work on /home/airflow/.local/lib/python3.7/site-packages/airflow/example_dags/example_short_circuit_operator.py
[2023-03-11T12:37:27.015+0000] {processor.py:743} INFO - Processing file /home/airflow/.local/lib/python3.7/site-packages/airflow/example_dags/example_short_circuit_operator.py for tasks to queue
[2023-03-11T12:37:27.015+0000] {logging_mixin.py:137} INFO - [2023-03-11T12:37:27.015+0000] {dagbag.py:538} INFO - Filling up the DagBag from /home/airflow/.local/lib/python3.7/site-packages/airflow/example_dags/example_short_circuit_operator.py
[2023-03-11T12:37:27.031+0000] {processor.py:753} INFO - DAG(s) dict_keys(['example_short_circuit_operator']) retrieved from /home/airflow/.local/lib/python3.7/site-packages/airflow/example_dags/example_short_circuit_operator.py
[2023-03-11T12:37:27.059+0000] {logging_mixin.py:137} INFO - [2023-03-11T12:37:27.059+0000] {dag.py:2690} INFO - Sync 1 DAGs
[2023-03-11T12:37:27.085+0000] {logging_mixin.py:137} INFO - [2023-03-11T12:37:27.085+0000] {dag.py:3441} INFO - Setting next_dagrun for example_short_circuit_operator to 2023-03-10T12:37:27.085161+00:00, run_after=2023-03-11T12:37:27.085161+00:00
[2023-03-11T12:37:27.106+0000] {processor.py:175} INFO - Processing /home/airflow/.local/lib/python3.7/site-packages/airflow/example_dags/example_short_circuit_operator.py took 0.094 seconds
[2023-03-11T12:37:58.262+0000] {processor.py:153} INFO - Started process (PID=1360) to work on /home/airflow/.local/lib/python3.7/site-packages/airflow/example_dags/example_short_circuit_operator.py
[2023-03-11T12:37:58.263+0000] {processor.py:743} INFO - Processing file /home/airflow/.local/lib/python3.7/site-packages/airflow/example_dags/example_short_circuit_operator.py for tasks to queue
[2023-03-11T12:37:58.264+0000] {logging_mixin.py:137} INFO - [2023-03-11T12:37:58.264+0000] {dagbag.py:538} INFO - Filling up the DagBag from /home/airflow/.local/lib/python3.7/site-packages/airflow/example_dags/example_short_circuit_operator.py
[2023-03-11T12:37:58.282+0000] {processor.py:753} INFO - DAG(s) dict_keys(['example_short_circuit_operator']) retrieved from /home/airflow/.local/lib/python3.7/site-packages/airflow/example_dags/example_short_circuit_operator.py
[2023-03-11T12:37:58.312+0000] {logging_mixin.py:137} INFO - [2023-03-11T12:37:58.312+0000] {dag.py:2690} INFO - Sync 1 DAGs
[2023-03-11T12:37:58.344+0000] {logging_mixin.py:137} INFO - [2023-03-11T12:37:58.344+0000] {dag.py:3441} INFO - Setting next_dagrun for example_short_circuit_operator to 2023-03-10T12:37:58.343771+00:00, run_after=2023-03-11T12:37:58.343771+00:00
[2023-03-11T12:37:58.368+0000] {processor.py:175} INFO - Processing /home/airflow/.local/lib/python3.7/site-packages/airflow/example_dags/example_short_circuit_operator.py took 0.109 seconds
[2023-03-11T12:38:28.414+0000] {processor.py:153} INFO - Started process (PID=1446) to work on /home/airflow/.local/lib/python3.7/site-packages/airflow/example_dags/example_short_circuit_operator.py
[2023-03-11T12:38:28.415+0000] {processor.py:743} INFO - Processing file /home/airflow/.local/lib/python3.7/site-packages/airflow/example_dags/example_short_circuit_operator.py for tasks to queue
[2023-03-11T12:38:28.416+0000] {logging_mixin.py:137} INFO - [2023-03-11T12:38:28.416+0000] {dagbag.py:538} INFO - Filling up the DagBag from /home/airflow/.local/lib/python3.7/site-packages/airflow/example_dags/example_short_circuit_operator.py
[2023-03-11T12:38:28.431+0000] {processor.py:753} INFO - DAG(s) dict_keys(['example_short_circuit_operator']) retrieved from /home/airflow/.local/lib/python3.7/site-packages/airflow/example_dags/example_short_circuit_operator.py
[2023-03-11T12:38:28.459+0000] {logging_mixin.py:137} INFO - [2023-03-11T12:38:28.459+0000] {dag.py:2690} INFO - Sync 1 DAGs
[2023-03-11T12:38:28.484+0000] {logging_mixin.py:137} INFO - [2023-03-11T12:38:28.484+0000] {dag.py:3441} INFO - Setting next_dagrun for example_short_circuit_operator to 2023-03-10T12:38:28.484327+00:00, run_after=2023-03-11T12:38:28.484327+00:00
[2023-03-11T12:38:28.502+0000] {processor.py:175} INFO - Processing /home/airflow/.local/lib/python3.7/site-packages/airflow/example_dags/example_short_circuit_operator.py took 0.091 seconds
[2023-03-11T12:38:59.481+0000] {processor.py:153} INFO - Started process (PID=1533) to work on /home/airflow/.local/lib/python3.7/site-packages/airflow/example_dags/example_short_circuit_operator.py
[2023-03-11T12:38:59.482+0000] {processor.py:743} INFO - Processing file /home/airflow/.local/lib/python3.7/site-packages/airflow/example_dags/example_short_circuit_operator.py for tasks to queue
[2023-03-11T12:38:59.483+0000] {logging_mixin.py:137} INFO - [2023-03-11T12:38:59.483+0000] {dagbag.py:538} INFO - Filling up the DagBag from /home/airflow/.local/lib/python3.7/site-packages/airflow/example_dags/example_short_circuit_operator.py
[2023-03-11T12:38:59.499+0000] {processor.py:753} INFO - DAG(s) dict_keys(['example_short_circuit_operator']) retrieved from /home/airflow/.local/lib/python3.7/site-packages/airflow/example_dags/example_short_circuit_operator.py
[2023-03-11T12:38:59.528+0000] {logging_mixin.py:137} INFO - [2023-03-11T12:38:59.528+0000] {dag.py:2690} INFO - Sync 1 DAGs
[2023-03-11T12:38:59.558+0000] {logging_mixin.py:137} INFO - [2023-03-11T12:38:59.558+0000] {dag.py:3441} INFO - Setting next_dagrun for example_short_circuit_operator to 2023-03-10T12:38:59.558183+00:00, run_after=2023-03-11T12:38:59.558183+00:00
[2023-03-11T12:38:59.580+0000] {processor.py:175} INFO - Processing /home/airflow/.local/lib/python3.7/site-packages/airflow/example_dags/example_short_circuit_operator.py took 0.101 seconds
[2023-03-11T12:39:29.711+0000] {processor.py:153} INFO - Started process (PID=1644) to work on /home/airflow/.local/lib/python3.7/site-packages/airflow/example_dags/example_short_circuit_operator.py
[2023-03-11T12:39:29.712+0000] {processor.py:743} INFO - Processing file /home/airflow/.local/lib/python3.7/site-packages/airflow/example_dags/example_short_circuit_operator.py for tasks to queue
[2023-03-11T12:39:29.713+0000] {logging_mixin.py:137} INFO - [2023-03-11T12:39:29.713+0000] {dagbag.py:538} INFO - Filling up the DagBag from /home/airflow/.local/lib/python3.7/site-packages/airflow/example_dags/example_short_circuit_operator.py
[2023-03-11T12:39:29.731+0000] {processor.py:753} INFO - DAG(s) dict_keys(['example_short_circuit_operator']) retrieved from /home/airflow/.local/lib/python3.7/site-packages/airflow/example_dags/example_short_circuit_operator.py
[2023-03-11T12:39:29.759+0000] {logging_mixin.py:137} INFO - [2023-03-11T12:39:29.759+0000] {dag.py:2690} INFO - Sync 1 DAGs
[2023-03-11T12:39:29.787+0000] {logging_mixin.py:137} INFO - [2023-03-11T12:39:29.787+0000] {dag.py:3441} INFO - Setting next_dagrun for example_short_circuit_operator to 2023-03-10T12:39:29.786988+00:00, run_after=2023-03-11T12:39:29.786988+00:00
[2023-03-11T12:39:29.807+0000] {processor.py:175} INFO - Processing /home/airflow/.local/lib/python3.7/site-packages/airflow/example_dags/example_short_circuit_operator.py took 0.099 seconds
[2023-03-11T12:39:59.915+0000] {processor.py:153} INFO - Started process (PID=1731) to work on /home/airflow/.local/lib/python3.7/site-packages/airflow/example_dags/example_short_circuit_operator.py
[2023-03-11T12:39:59.916+0000] {processor.py:743} INFO - Processing file /home/airflow/.local/lib/python3.7/site-packages/airflow/example_dags/example_short_circuit_operator.py for tasks to queue
[2023-03-11T12:39:59.916+0000] {logging_mixin.py:137} INFO - [2023-03-11T12:39:59.916+0000] {dagbag.py:538} INFO - Filling up the DagBag from /home/airflow/.local/lib/python3.7/site-packages/airflow/example_dags/example_short_circuit_operator.py
[2023-03-11T12:39:59.933+0000] {processor.py:753} INFO - DAG(s) dict_keys(['example_short_circuit_operator']) retrieved from /home/airflow/.local/lib/python3.7/site-packages/airflow/example_dags/example_short_circuit_operator.py
[2023-03-11T12:39:59.959+0000] {logging_mixin.py:137} INFO - [2023-03-11T12:39:59.959+0000] {dag.py:2690} INFO - Sync 1 DAGs
[2023-03-11T12:39:59.989+0000] {logging_mixin.py:137} INFO - [2023-03-11T12:39:59.988+0000] {dag.py:3441} INFO - Setting next_dagrun for example_short_circuit_operator to 2023-03-10T12:39:59.988626+00:00, run_after=2023-03-11T12:39:59.988626+00:00
[2023-03-11T12:40:00.010+0000] {processor.py:175} INFO - Processing /home/airflow/.local/lib/python3.7/site-packages/airflow/example_dags/example_short_circuit_operator.py took 0.098 seconds
[2023-03-11T12:40:30.987+0000] {processor.py:153} INFO - Started process (PID=1818) to work on /home/airflow/.local/lib/python3.7/site-packages/airflow/example_dags/example_short_circuit_operator.py
[2023-03-11T12:40:30.988+0000] {processor.py:743} INFO - Processing file /home/airflow/.local/lib/python3.7/site-packages/airflow/example_dags/example_short_circuit_operator.py for tasks to queue
[2023-03-11T12:40:30.989+0000] {logging_mixin.py:137} INFO - [2023-03-11T12:40:30.989+0000] {dagbag.py:538} INFO - Filling up the DagBag from /home/airflow/.local/lib/python3.7/site-packages/airflow/example_dags/example_short_circuit_operator.py
[2023-03-11T12:40:31.004+0000] {processor.py:753} INFO - DAG(s) dict_keys(['example_short_circuit_operator']) retrieved from /home/airflow/.local/lib/python3.7/site-packages/airflow/example_dags/example_short_circuit_operator.py
[2023-03-11T12:40:31.031+0000] {logging_mixin.py:137} INFO - [2023-03-11T12:40:31.031+0000] {dag.py:2690} INFO - Sync 1 DAGs
[2023-03-11T12:40:31.058+0000] {logging_mixin.py:137} INFO - [2023-03-11T12:40:31.058+0000] {dag.py:3441} INFO - Setting next_dagrun for example_short_circuit_operator to 2023-03-10T12:40:31.058034+00:00, run_after=2023-03-11T12:40:31.058034+00:00
[2023-03-11T12:40:31.079+0000] {processor.py:175} INFO - Processing /home/airflow/.local/lib/python3.7/site-packages/airflow/example_dags/example_short_circuit_operator.py took 0.094 seconds
[2023-03-11T12:41:01.943+0000] {processor.py:153} INFO - Started process (PID=1929) to work on /home/airflow/.local/lib/python3.7/site-packages/airflow/example_dags/example_short_circuit_operator.py
[2023-03-11T12:41:01.944+0000] {processor.py:743} INFO - Processing file /home/airflow/.local/lib/python3.7/site-packages/airflow/example_dags/example_short_circuit_operator.py for tasks to queue
[2023-03-11T12:41:01.945+0000] {logging_mixin.py:137} INFO - [2023-03-11T12:41:01.945+0000] {dagbag.py:538} INFO - Filling up the DagBag from /home/airflow/.local/lib/python3.7/site-packages/airflow/example_dags/example_short_circuit_operator.py
[2023-03-11T12:41:01.961+0000] {processor.py:753} INFO - DAG(s) dict_keys(['example_short_circuit_operator']) retrieved from /home/airflow/.local/lib/python3.7/site-packages/airflow/example_dags/example_short_circuit_operator.py
[2023-03-11T12:41:01.988+0000] {logging_mixin.py:137} INFO - [2023-03-11T12:41:01.988+0000] {dag.py:2690} INFO - Sync 1 DAGs
[2023-03-11T12:41:02.017+0000] {logging_mixin.py:137} INFO - [2023-03-11T12:41:02.016+0000] {dag.py:3441} INFO - Setting next_dagrun for example_short_circuit_operator to 2023-03-10T12:41:02.016457+00:00, run_after=2023-03-11T12:41:02.016457+00:00
[2023-03-11T12:41:02.035+0000] {processor.py:175} INFO - Processing /home/airflow/.local/lib/python3.7/site-packages/airflow/example_dags/example_short_circuit_operator.py took 0.095 seconds
[2023-03-11T12:41:32.707+0000] {processor.py:153} INFO - Started process (PID=2016) to work on /home/airflow/.local/lib/python3.7/site-packages/airflow/example_dags/example_short_circuit_operator.py
[2023-03-11T12:41:32.708+0000] {processor.py:743} INFO - Processing file /home/airflow/.local/lib/python3.7/site-packages/airflow/example_dags/example_short_circuit_operator.py for tasks to queue
[2023-03-11T12:41:32.709+0000] {logging_mixin.py:137} INFO - [2023-03-11T12:41:32.709+0000] {dagbag.py:538} INFO - Filling up the DagBag from /home/airflow/.local/lib/python3.7/site-packages/airflow/example_dags/example_short_circuit_operator.py
[2023-03-11T12:41:32.724+0000] {processor.py:753} INFO - DAG(s) dict_keys(['example_short_circuit_operator']) retrieved from /home/airflow/.local/lib/python3.7/site-packages/airflow/example_dags/example_short_circuit_operator.py
[2023-03-11T12:41:32.750+0000] {logging_mixin.py:137} INFO - [2023-03-11T12:41:32.750+0000] {dag.py:2690} INFO - Sync 1 DAGs
[2023-03-11T12:41:32.778+0000] {logging_mixin.py:137} INFO - [2023-03-11T12:41:32.778+0000] {dag.py:3441} INFO - Setting next_dagrun for example_short_circuit_operator to 2023-03-10T12:41:32.778261+00:00, run_after=2023-03-11T12:41:32.778261+00:00
[2023-03-11T12:41:32.798+0000] {processor.py:175} INFO - Processing /home/airflow/.local/lib/python3.7/site-packages/airflow/example_dags/example_short_circuit_operator.py took 0.093 seconds
[2023-03-11T12:42:03.384+0000] {processor.py:153} INFO - Started process (PID=2127) to work on /home/airflow/.local/lib/python3.7/site-packages/airflow/example_dags/example_short_circuit_operator.py
[2023-03-11T12:42:03.385+0000] {processor.py:743} INFO - Processing file /home/airflow/.local/lib/python3.7/site-packages/airflow/example_dags/example_short_circuit_operator.py for tasks to queue
[2023-03-11T12:42:03.385+0000] {logging_mixin.py:137} INFO - [2023-03-11T12:42:03.385+0000] {dagbag.py:538} INFO - Filling up the DagBag from /home/airflow/.local/lib/python3.7/site-packages/airflow/example_dags/example_short_circuit_operator.py
[2023-03-11T12:42:03.400+0000] {processor.py:753} INFO - DAG(s) dict_keys(['example_short_circuit_operator']) retrieved from /home/airflow/.local/lib/python3.7/site-packages/airflow/example_dags/example_short_circuit_operator.py
[2023-03-11T12:42:03.428+0000] {logging_mixin.py:137} INFO - [2023-03-11T12:42:03.428+0000] {dag.py:2690} INFO - Sync 1 DAGs
[2023-03-11T12:42:03.458+0000] {logging_mixin.py:137} INFO - [2023-03-11T12:42:03.458+0000] {dag.py:3441} INFO - Setting next_dagrun for example_short_circuit_operator to 2023-03-10T12:42:03.457746+00:00, run_after=2023-03-11T12:42:03.457746+00:00
[2023-03-11T12:42:03.478+0000] {processor.py:175} INFO - Processing /home/airflow/.local/lib/python3.7/site-packages/airflow/example_dags/example_short_circuit_operator.py took 0.098 seconds
[2023-03-11T12:42:34.010+0000] {processor.py:153} INFO - Started process (PID=2214) to work on /home/airflow/.local/lib/python3.7/site-packages/airflow/example_dags/example_short_circuit_operator.py
[2023-03-11T12:42:34.011+0000] {processor.py:743} INFO - Processing file /home/airflow/.local/lib/python3.7/site-packages/airflow/example_dags/example_short_circuit_operator.py for tasks to queue
[2023-03-11T12:42:34.012+0000] {logging_mixin.py:137} INFO - [2023-03-11T12:42:34.012+0000] {dagbag.py:538} INFO - Filling up the DagBag from /home/airflow/.local/lib/python3.7/site-packages/airflow/example_dags/example_short_circuit_operator.py
[2023-03-11T12:42:34.027+0000] {processor.py:753} INFO - DAG(s) dict_keys(['example_short_circuit_operator']) retrieved from /home/airflow/.local/lib/python3.7/site-packages/airflow/example_dags/example_short_circuit_operator.py
[2023-03-11T12:42:34.053+0000] {logging_mixin.py:137} INFO - [2023-03-11T12:42:34.053+0000] {dag.py:2690} INFO - Sync 1 DAGs
[2023-03-11T12:42:34.081+0000] {logging_mixin.py:137} INFO - [2023-03-11T12:42:34.081+0000] {dag.py:3441} INFO - Setting next_dagrun for example_short_circuit_operator to 2023-03-10T12:42:34.081053+00:00, run_after=2023-03-11T12:42:34.081053+00:00
[2023-03-11T12:42:34.102+0000] {processor.py:175} INFO - Processing /home/airflow/.local/lib/python3.7/site-packages/airflow/example_dags/example_short_circuit_operator.py took 0.094 seconds
[2023-03-11T12:43:04.664+0000] {processor.py:153} INFO - Started process (PID=2301) to work on /home/airflow/.local/lib/python3.7/site-packages/airflow/example_dags/example_short_circuit_operator.py
[2023-03-11T12:43:04.665+0000] {processor.py:743} INFO - Processing file /home/airflow/.local/lib/python3.7/site-packages/airflow/example_dags/example_short_circuit_operator.py for tasks to queue
[2023-03-11T12:43:04.665+0000] {logging_mixin.py:137} INFO - [2023-03-11T12:43:04.665+0000] {dagbag.py:538} INFO - Filling up the DagBag from /home/airflow/.local/lib/python3.7/site-packages/airflow/example_dags/example_short_circuit_operator.py
[2023-03-11T12:43:04.681+0000] {processor.py:753} INFO - DAG(s) dict_keys(['example_short_circuit_operator']) retrieved from /home/airflow/.local/lib/python3.7/site-packages/airflow/example_dags/example_short_circuit_operator.py
[2023-03-11T12:43:04.706+0000] {logging_mixin.py:137} INFO - [2023-03-11T12:43:04.705+0000] {dag.py:2690} INFO - Sync 1 DAGs
[2023-03-11T12:43:04.730+0000] {logging_mixin.py:137} INFO - [2023-03-11T12:43:04.730+0000] {dag.py:3441} INFO - Setting next_dagrun for example_short_circuit_operator to 2023-03-10T12:43:04.730557+00:00, run_after=2023-03-11T12:43:04.730557+00:00
[2023-03-11T12:43:04.748+0000] {processor.py:175} INFO - Processing /home/airflow/.local/lib/python3.7/site-packages/airflow/example_dags/example_short_circuit_operator.py took 0.087 seconds
[2023-03-11T12:43:35.320+0000] {processor.py:153} INFO - Started process (PID=2412) to work on /home/airflow/.local/lib/python3.7/site-packages/airflow/example_dags/example_short_circuit_operator.py
[2023-03-11T12:43:35.321+0000] {processor.py:743} INFO - Processing file /home/airflow/.local/lib/python3.7/site-packages/airflow/example_dags/example_short_circuit_operator.py for tasks to queue
[2023-03-11T12:43:35.321+0000] {logging_mixin.py:137} INFO - [2023-03-11T12:43:35.321+0000] {dagbag.py:538} INFO - Filling up the DagBag from /home/airflow/.local/lib/python3.7/site-packages/airflow/example_dags/example_short_circuit_operator.py
[2023-03-11T12:43:35.336+0000] {processor.py:753} INFO - DAG(s) dict_keys(['example_short_circuit_operator']) retrieved from /home/airflow/.local/lib/python3.7/site-packages/airflow/example_dags/example_short_circuit_operator.py
[2023-03-11T12:43:35.360+0000] {logging_mixin.py:137} INFO - [2023-03-11T12:43:35.360+0000] {dag.py:2690} INFO - Sync 1 DAGs
[2023-03-11T12:43:35.386+0000] {logging_mixin.py:137} INFO - [2023-03-11T12:43:35.385+0000] {dag.py:3441} INFO - Setting next_dagrun for example_short_circuit_operator to 2023-03-10T12:43:35.385647+00:00, run_after=2023-03-11T12:43:35.385647+00:00
[2023-03-11T12:43:35.402+0000] {processor.py:175} INFO - Processing /home/airflow/.local/lib/python3.7/site-packages/airflow/example_dags/example_short_circuit_operator.py took 0.085 seconds
[2023-03-11T12:44:05.711+0000] {processor.py:153} INFO - Started process (PID=2499) to work on /home/airflow/.local/lib/python3.7/site-packages/airflow/example_dags/example_short_circuit_operator.py
[2023-03-11T12:44:05.712+0000] {processor.py:743} INFO - Processing file /home/airflow/.local/lib/python3.7/site-packages/airflow/example_dags/example_short_circuit_operator.py for tasks to queue
[2023-03-11T12:44:05.712+0000] {logging_mixin.py:137} INFO - [2023-03-11T12:44:05.712+0000] {dagbag.py:538} INFO - Filling up the DagBag from /home/airflow/.local/lib/python3.7/site-packages/airflow/example_dags/example_short_circuit_operator.py
[2023-03-11T12:44:05.733+0000] {processor.py:753} INFO - DAG(s) dict_keys(['example_short_circuit_operator']) retrieved from /home/airflow/.local/lib/python3.7/site-packages/airflow/example_dags/example_short_circuit_operator.py
[2023-03-11T12:44:05.766+0000] {logging_mixin.py:137} INFO - [2023-03-11T12:44:05.766+0000] {dag.py:2690} INFO - Sync 1 DAGs
[2023-03-11T12:44:05.795+0000] {logging_mixin.py:137} INFO - [2023-03-11T12:44:05.795+0000] {dag.py:3441} INFO - Setting next_dagrun for example_short_circuit_operator to 2023-03-10T12:44:05.795181+00:00, run_after=2023-03-11T12:44:05.795181+00:00
[2023-03-11T12:44:05.818+0000] {processor.py:175} INFO - Processing /home/airflow/.local/lib/python3.7/site-packages/airflow/example_dags/example_short_circuit_operator.py took 0.111 seconds
[2023-03-11T12:44:36.502+0000] {processor.py:153} INFO - Started process (PID=2610) to work on /home/airflow/.local/lib/python3.7/site-packages/airflow/example_dags/example_short_circuit_operator.py
[2023-03-11T12:44:36.503+0000] {processor.py:743} INFO - Processing file /home/airflow/.local/lib/python3.7/site-packages/airflow/example_dags/example_short_circuit_operator.py for tasks to queue
[2023-03-11T12:44:36.504+0000] {logging_mixin.py:137} INFO - [2023-03-11T12:44:36.504+0000] {dagbag.py:538} INFO - Filling up the DagBag from /home/airflow/.local/lib/python3.7/site-packages/airflow/example_dags/example_short_circuit_operator.py
[2023-03-11T12:44:36.521+0000] {processor.py:753} INFO - DAG(s) dict_keys(['example_short_circuit_operator']) retrieved from /home/airflow/.local/lib/python3.7/site-packages/airflow/example_dags/example_short_circuit_operator.py
[2023-03-11T12:44:36.560+0000] {logging_mixin.py:137} INFO - [2023-03-11T12:44:36.560+0000] {dag.py:2690} INFO - Sync 1 DAGs
[2023-03-11T12:44:36.586+0000] {logging_mixin.py:137} INFO - [2023-03-11T12:44:36.586+0000] {dag.py:3441} INFO - Setting next_dagrun for example_short_circuit_operator to 2023-03-10T12:44:36.586023+00:00, run_after=2023-03-11T12:44:36.586023+00:00
[2023-03-11T12:44:36.606+0000] {processor.py:175} INFO - Processing /home/airflow/.local/lib/python3.7/site-packages/airflow/example_dags/example_short_circuit_operator.py took 0.108 seconds
[2023-03-11T12:45:07.798+0000] {processor.py:153} INFO - Started process (PID=2697) to work on /home/airflow/.local/lib/python3.7/site-packages/airflow/example_dags/example_short_circuit_operator.py
[2023-03-11T12:45:07.798+0000] {processor.py:743} INFO - Processing file /home/airflow/.local/lib/python3.7/site-packages/airflow/example_dags/example_short_circuit_operator.py for tasks to queue
[2023-03-11T12:45:07.799+0000] {logging_mixin.py:137} INFO - [2023-03-11T12:45:07.799+0000] {dagbag.py:538} INFO - Filling up the DagBag from /home/airflow/.local/lib/python3.7/site-packages/airflow/example_dags/example_short_circuit_operator.py
[2023-03-11T12:45:07.819+0000] {processor.py:753} INFO - DAG(s) dict_keys(['example_short_circuit_operator']) retrieved from /home/airflow/.local/lib/python3.7/site-packages/airflow/example_dags/example_short_circuit_operator.py
[2023-03-11T12:45:07.865+0000] {logging_mixin.py:137} INFO - [2023-03-11T12:45:07.865+0000] {dag.py:2690} INFO - Sync 1 DAGs
[2023-03-11T12:45:07.904+0000] {logging_mixin.py:137} INFO - [2023-03-11T12:45:07.904+0000] {dag.py:3441} INFO - Setting next_dagrun for example_short_circuit_operator to 2023-03-10T12:45:07.903644+00:00, run_after=2023-03-11T12:45:07.903644+00:00
[2023-03-11T12:45:07.942+0000] {processor.py:175} INFO - Processing /home/airflow/.local/lib/python3.7/site-packages/airflow/example_dags/example_short_circuit_operator.py took 0.149 seconds
[2023-03-11T12:45:38.311+0000] {processor.py:153} INFO - Started process (PID=2793) to work on /home/airflow/.local/lib/python3.7/site-packages/airflow/example_dags/example_short_circuit_operator.py
[2023-03-11T12:45:38.313+0000] {processor.py:743} INFO - Processing file /home/airflow/.local/lib/python3.7/site-packages/airflow/example_dags/example_short_circuit_operator.py for tasks to queue
[2023-03-11T12:45:38.314+0000] {logging_mixin.py:137} INFO - [2023-03-11T12:45:38.313+0000] {dagbag.py:538} INFO - Filling up the DagBag from /home/airflow/.local/lib/python3.7/site-packages/airflow/example_dags/example_short_circuit_operator.py
[2023-03-11T12:45:38.337+0000] {processor.py:753} INFO - DAG(s) dict_keys(['example_short_circuit_operator']) retrieved from /home/airflow/.local/lib/python3.7/site-packages/airflow/example_dags/example_short_circuit_operator.py
[2023-03-11T12:45:38.373+0000] {logging_mixin.py:137} INFO - [2023-03-11T12:45:38.372+0000] {dag.py:2690} INFO - Sync 1 DAGs
[2023-03-11T12:45:38.402+0000] {logging_mixin.py:137} INFO - [2023-03-11T12:45:38.402+0000] {dag.py:3441} INFO - Setting next_dagrun for example_short_circuit_operator to 2023-03-10T12:45:38.402080+00:00, run_after=2023-03-11T12:45:38.402080+00:00
[2023-03-11T12:45:38.428+0000] {processor.py:175} INFO - Processing /home/airflow/.local/lib/python3.7/site-packages/airflow/example_dags/example_short_circuit_operator.py took 0.121 seconds
[2023-03-11T12:46:09.401+0000] {processor.py:153} INFO - Started process (PID=2895) to work on /home/airflow/.local/lib/python3.7/site-packages/airflow/example_dags/example_short_circuit_operator.py
[2023-03-11T12:46:09.402+0000] {processor.py:743} INFO - Processing file /home/airflow/.local/lib/python3.7/site-packages/airflow/example_dags/example_short_circuit_operator.py for tasks to queue
[2023-03-11T12:46:09.403+0000] {logging_mixin.py:137} INFO - [2023-03-11T12:46:09.402+0000] {dagbag.py:538} INFO - Filling up the DagBag from /home/airflow/.local/lib/python3.7/site-packages/airflow/example_dags/example_short_circuit_operator.py
[2023-03-11T12:46:09.419+0000] {processor.py:753} INFO - DAG(s) dict_keys(['example_short_circuit_operator']) retrieved from /home/airflow/.local/lib/python3.7/site-packages/airflow/example_dags/example_short_circuit_operator.py
[2023-03-11T12:46:09.448+0000] {logging_mixin.py:137} INFO - [2023-03-11T12:46:09.448+0000] {dag.py:2690} INFO - Sync 1 DAGs
[2023-03-11T12:46:09.475+0000] {logging_mixin.py:137} INFO - [2023-03-11T12:46:09.475+0000] {dag.py:3441} INFO - Setting next_dagrun for example_short_circuit_operator to 2023-03-10T12:46:09.474730+00:00, run_after=2023-03-11T12:46:09.474730+00:00
[2023-03-11T12:46:09.494+0000] {processor.py:175} INFO - Processing /home/airflow/.local/lib/python3.7/site-packages/airflow/example_dags/example_short_circuit_operator.py took 0.095 seconds
[2023-03-11T12:46:40.229+0000] {processor.py:153} INFO - Started process (PID=2982) to work on /home/airflow/.local/lib/python3.7/site-packages/airflow/example_dags/example_short_circuit_operator.py
[2023-03-11T12:46:40.230+0000] {processor.py:743} INFO - Processing file /home/airflow/.local/lib/python3.7/site-packages/airflow/example_dags/example_short_circuit_operator.py for tasks to queue
[2023-03-11T12:46:40.230+0000] {logging_mixin.py:137} INFO - [2023-03-11T12:46:40.230+0000] {dagbag.py:538} INFO - Filling up the DagBag from /home/airflow/.local/lib/python3.7/site-packages/airflow/example_dags/example_short_circuit_operator.py
[2023-03-11T12:46:40.245+0000] {processor.py:753} INFO - DAG(s) dict_keys(['example_short_circuit_operator']) retrieved from /home/airflow/.local/lib/python3.7/site-packages/airflow/example_dags/example_short_circuit_operator.py
[2023-03-11T12:46:40.273+0000] {logging_mixin.py:137} INFO - [2023-03-11T12:46:40.273+0000] {dag.py:2690} INFO - Sync 1 DAGs
[2023-03-11T12:46:40.302+0000] {logging_mixin.py:137} INFO - [2023-03-11T12:46:40.302+0000] {dag.py:3441} INFO - Setting next_dagrun for example_short_circuit_operator to 2023-03-10T12:46:40.302201+00:00, run_after=2023-03-11T12:46:40.302201+00:00
[2023-03-11T12:46:40.326+0000] {processor.py:175} INFO - Processing /home/airflow/.local/lib/python3.7/site-packages/airflow/example_dags/example_short_circuit_operator.py took 0.100 seconds
