[2023-03-11T12:31:20.138+0000] {processor.py:153} INFO - Started process (PID=122) to work on /home/airflow/.local/lib/python3.7/site-packages/airflow/example_dags/tutorial_taskflow_api.py
[2023-03-11T12:31:20.139+0000] {processor.py:743} INFO - Processing file /home/airflow/.local/lib/python3.7/site-packages/airflow/example_dags/tutorial_taskflow_api.py for tasks to queue
[2023-03-11T12:31:20.140+0000] {logging_mixin.py:137} INFO - [2023-03-11T12:31:20.140+0000] {dagbag.py:538} INFO - Filling up the DagBag from /home/airflow/.local/lib/python3.7/site-packages/airflow/example_dags/tutorial_taskflow_api.py
[2023-03-11T12:31:20.167+0000] {processor.py:753} INFO - DAG(s) dict_keys(['tutorial_taskflow_api']) retrieved from /home/airflow/.local/lib/python3.7/site-packages/airflow/example_dags/tutorial_taskflow_api.py
[2023-03-11T12:31:20.181+0000] {logging_mixin.py:137} INFO - [2023-03-11T12:31:20.181+0000] {dag.py:2690} INFO - Sync 1 DAGs
[2023-03-11T12:31:20.211+0000] {logging_mixin.py:137} INFO - [2023-03-11T12:31:20.211+0000] {dag.py:3441} INFO - Setting next_dagrun for tutorial_taskflow_api to None, run_after=None
[2023-03-11T12:31:20.233+0000] {processor.py:175} INFO - Processing /home/airflow/.local/lib/python3.7/site-packages/airflow/example_dags/tutorial_taskflow_api.py took 0.099 seconds
[2023-03-11T12:31:51.153+0000] {processor.py:153} INFO - Started process (PID=209) to work on /home/airflow/.local/lib/python3.7/site-packages/airflow/example_dags/tutorial_taskflow_api.py
[2023-03-11T12:31:51.154+0000] {processor.py:743} INFO - Processing file /home/airflow/.local/lib/python3.7/site-packages/airflow/example_dags/tutorial_taskflow_api.py for tasks to queue
[2023-03-11T12:31:51.154+0000] {logging_mixin.py:137} INFO - [2023-03-11T12:31:51.154+0000] {dagbag.py:538} INFO - Filling up the DagBag from /home/airflow/.local/lib/python3.7/site-packages/airflow/example_dags/tutorial_taskflow_api.py
[2023-03-11T12:31:51.175+0000] {processor.py:753} INFO - DAG(s) dict_keys(['tutorial_taskflow_api']) retrieved from /home/airflow/.local/lib/python3.7/site-packages/airflow/example_dags/tutorial_taskflow_api.py
[2023-03-11T12:31:51.199+0000] {logging_mixin.py:137} INFO - [2023-03-11T12:31:51.199+0000] {dag.py:2690} INFO - Sync 1 DAGs
[2023-03-11T12:31:51.226+0000] {logging_mixin.py:137} INFO - [2023-03-11T12:31:51.226+0000] {dag.py:3441} INFO - Setting next_dagrun for tutorial_taskflow_api to None, run_after=None
[2023-03-11T12:31:51.250+0000] {processor.py:175} INFO - Processing /home/airflow/.local/lib/python3.7/site-packages/airflow/example_dags/tutorial_taskflow_api.py took 0.100 seconds
[2023-03-11T12:32:21.954+0000] {processor.py:153} INFO - Started process (PID=296) to work on /home/airflow/.local/lib/python3.7/site-packages/airflow/example_dags/tutorial_taskflow_api.py
[2023-03-11T12:32:21.955+0000] {processor.py:743} INFO - Processing file /home/airflow/.local/lib/python3.7/site-packages/airflow/example_dags/tutorial_taskflow_api.py for tasks to queue
[2023-03-11T12:32:21.955+0000] {logging_mixin.py:137} INFO - [2023-03-11T12:32:21.955+0000] {dagbag.py:538} INFO - Filling up the DagBag from /home/airflow/.local/lib/python3.7/site-packages/airflow/example_dags/tutorial_taskflow_api.py
[2023-03-11T12:32:21.976+0000] {processor.py:753} INFO - DAG(s) dict_keys(['tutorial_taskflow_api']) retrieved from /home/airflow/.local/lib/python3.7/site-packages/airflow/example_dags/tutorial_taskflow_api.py
[2023-03-11T12:32:22.008+0000] {logging_mixin.py:137} INFO - [2023-03-11T12:32:22.008+0000] {dag.py:2690} INFO - Sync 1 DAGs
[2023-03-11T12:32:22.035+0000] {logging_mixin.py:137} INFO - [2023-03-11T12:32:22.035+0000] {dag.py:3441} INFO - Setting next_dagrun for tutorial_taskflow_api to None, run_after=None
[2023-03-11T12:32:22.053+0000] {processor.py:175} INFO - Processing /home/airflow/.local/lib/python3.7/site-packages/airflow/example_dags/tutorial_taskflow_api.py took 0.102 seconds
[2023-03-11T12:32:52.966+0000] {processor.py:153} INFO - Started process (PID=407) to work on /home/airflow/.local/lib/python3.7/site-packages/airflow/example_dags/tutorial_taskflow_api.py
[2023-03-11T12:32:52.967+0000] {processor.py:743} INFO - Processing file /home/airflow/.local/lib/python3.7/site-packages/airflow/example_dags/tutorial_taskflow_api.py for tasks to queue
[2023-03-11T12:32:52.968+0000] {logging_mixin.py:137} INFO - [2023-03-11T12:32:52.968+0000] {dagbag.py:538} INFO - Filling up the DagBag from /home/airflow/.local/lib/python3.7/site-packages/airflow/example_dags/tutorial_taskflow_api.py
[2023-03-11T12:32:52.991+0000] {processor.py:753} INFO - DAG(s) dict_keys(['tutorial_taskflow_api']) retrieved from /home/airflow/.local/lib/python3.7/site-packages/airflow/example_dags/tutorial_taskflow_api.py
[2023-03-11T12:32:53.020+0000] {logging_mixin.py:137} INFO - [2023-03-11T12:32:53.020+0000] {dag.py:2690} INFO - Sync 1 DAGs
[2023-03-11T12:32:53.046+0000] {logging_mixin.py:137} INFO - [2023-03-11T12:32:53.046+0000] {dag.py:3441} INFO - Setting next_dagrun for tutorial_taskflow_api to None, run_after=None
[2023-03-11T12:32:53.067+0000] {processor.py:175} INFO - Processing /home/airflow/.local/lib/python3.7/site-packages/airflow/example_dags/tutorial_taskflow_api.py took 0.104 seconds
[2023-03-11T12:33:23.879+0000] {processor.py:153} INFO - Started process (PID=494) to work on /home/airflow/.local/lib/python3.7/site-packages/airflow/example_dags/tutorial_taskflow_api.py
[2023-03-11T12:33:23.880+0000] {processor.py:743} INFO - Processing file /home/airflow/.local/lib/python3.7/site-packages/airflow/example_dags/tutorial_taskflow_api.py for tasks to queue
[2023-03-11T12:33:23.881+0000] {logging_mixin.py:137} INFO - [2023-03-11T12:33:23.880+0000] {dagbag.py:538} INFO - Filling up the DagBag from /home/airflow/.local/lib/python3.7/site-packages/airflow/example_dags/tutorial_taskflow_api.py
[2023-03-11T12:33:23.902+0000] {processor.py:753} INFO - DAG(s) dict_keys(['tutorial_taskflow_api']) retrieved from /home/airflow/.local/lib/python3.7/site-packages/airflow/example_dags/tutorial_taskflow_api.py
[2023-03-11T12:33:23.925+0000] {logging_mixin.py:137} INFO - [2023-03-11T12:33:23.925+0000] {dag.py:2690} INFO - Sync 1 DAGs
[2023-03-11T12:33:23.952+0000] {logging_mixin.py:137} INFO - [2023-03-11T12:33:23.952+0000] {dag.py:3441} INFO - Setting next_dagrun for tutorial_taskflow_api to None, run_after=None
[2023-03-11T12:33:23.974+0000] {processor.py:175} INFO - Processing /home/airflow/.local/lib/python3.7/site-packages/airflow/example_dags/tutorial_taskflow_api.py took 0.098 seconds
[2023-03-11T12:33:54.838+0000] {processor.py:153} INFO - Started process (PID=605) to work on /home/airflow/.local/lib/python3.7/site-packages/airflow/example_dags/tutorial_taskflow_api.py
[2023-03-11T12:33:54.839+0000] {processor.py:743} INFO - Processing file /home/airflow/.local/lib/python3.7/site-packages/airflow/example_dags/tutorial_taskflow_api.py for tasks to queue
[2023-03-11T12:33:54.840+0000] {logging_mixin.py:137} INFO - [2023-03-11T12:33:54.840+0000] {dagbag.py:538} INFO - Filling up the DagBag from /home/airflow/.local/lib/python3.7/site-packages/airflow/example_dags/tutorial_taskflow_api.py
[2023-03-11T12:33:54.861+0000] {processor.py:753} INFO - DAG(s) dict_keys(['tutorial_taskflow_api']) retrieved from /home/airflow/.local/lib/python3.7/site-packages/airflow/example_dags/tutorial_taskflow_api.py
[2023-03-11T12:33:54.887+0000] {logging_mixin.py:137} INFO - [2023-03-11T12:33:54.886+0000] {dag.py:2690} INFO - Sync 1 DAGs
[2023-03-11T12:33:54.913+0000] {logging_mixin.py:137} INFO - [2023-03-11T12:33:54.913+0000] {dag.py:3441} INFO - Setting next_dagrun for tutorial_taskflow_api to None, run_after=None
[2023-03-11T12:33:54.930+0000] {processor.py:175} INFO - Processing /home/airflow/.local/lib/python3.7/site-packages/airflow/example_dags/tutorial_taskflow_api.py took 0.094 seconds
[2023-03-11T12:34:26.076+0000] {processor.py:153} INFO - Started process (PID=692) to work on /home/airflow/.local/lib/python3.7/site-packages/airflow/example_dags/tutorial_taskflow_api.py
[2023-03-11T12:34:26.077+0000] {processor.py:743} INFO - Processing file /home/airflow/.local/lib/python3.7/site-packages/airflow/example_dags/tutorial_taskflow_api.py for tasks to queue
[2023-03-11T12:34:26.079+0000] {logging_mixin.py:137} INFO - [2023-03-11T12:34:26.078+0000] {dagbag.py:538} INFO - Filling up the DagBag from /home/airflow/.local/lib/python3.7/site-packages/airflow/example_dags/tutorial_taskflow_api.py
[2023-03-11T12:34:26.110+0000] {processor.py:753} INFO - DAG(s) dict_keys(['tutorial_taskflow_api']) retrieved from /home/airflow/.local/lib/python3.7/site-packages/airflow/example_dags/tutorial_taskflow_api.py
[2023-03-11T12:34:26.155+0000] {logging_mixin.py:137} INFO - [2023-03-11T12:34:26.154+0000] {dag.py:2690} INFO - Sync 1 DAGs
[2023-03-11T12:34:26.184+0000] {logging_mixin.py:137} INFO - [2023-03-11T12:34:26.183+0000] {dag.py:3441} INFO - Setting next_dagrun for tutorial_taskflow_api to None, run_after=None
[2023-03-11T12:34:26.218+0000] {processor.py:175} INFO - Processing /home/airflow/.local/lib/python3.7/site-packages/airflow/example_dags/tutorial_taskflow_api.py took 0.145 seconds
[2023-03-11T12:34:57.367+0000] {processor.py:153} INFO - Started process (PID=788) to work on /home/airflow/.local/lib/python3.7/site-packages/airflow/example_dags/tutorial_taskflow_api.py
[2023-03-11T12:34:57.369+0000] {processor.py:743} INFO - Processing file /home/airflow/.local/lib/python3.7/site-packages/airflow/example_dags/tutorial_taskflow_api.py for tasks to queue
[2023-03-11T12:34:57.371+0000] {logging_mixin.py:137} INFO - [2023-03-11T12:34:57.370+0000] {dagbag.py:538} INFO - Filling up the DagBag from /home/airflow/.local/lib/python3.7/site-packages/airflow/example_dags/tutorial_taskflow_api.py
[2023-03-11T12:34:57.400+0000] {processor.py:753} INFO - DAG(s) dict_keys(['tutorial_taskflow_api']) retrieved from /home/airflow/.local/lib/python3.7/site-packages/airflow/example_dags/tutorial_taskflow_api.py
[2023-03-11T12:34:57.449+0000] {logging_mixin.py:137} INFO - [2023-03-11T12:34:57.449+0000] {dag.py:2690} INFO - Sync 1 DAGs
[2023-03-11T12:34:57.556+0000] {logging_mixin.py:137} INFO - [2023-03-11T12:34:57.556+0000] {dag.py:3441} INFO - Setting next_dagrun for tutorial_taskflow_api to None, run_after=None
[2023-03-11T12:34:57.604+0000] {processor.py:175} INFO - Processing /home/airflow/.local/lib/python3.7/site-packages/airflow/example_dags/tutorial_taskflow_api.py took 0.242 seconds
[2023-03-11T12:35:27.727+0000] {processor.py:153} INFO - Started process (PID=890) to work on /home/airflow/.local/lib/python3.7/site-packages/airflow/example_dags/tutorial_taskflow_api.py
[2023-03-11T12:35:27.729+0000] {processor.py:743} INFO - Processing file /home/airflow/.local/lib/python3.7/site-packages/airflow/example_dags/tutorial_taskflow_api.py for tasks to queue
[2023-03-11T12:35:27.731+0000] {logging_mixin.py:137} INFO - [2023-03-11T12:35:27.730+0000] {dagbag.py:538} INFO - Filling up the DagBag from /home/airflow/.local/lib/python3.7/site-packages/airflow/example_dags/tutorial_taskflow_api.py
[2023-03-11T12:35:27.763+0000] {processor.py:753} INFO - DAG(s) dict_keys(['tutorial_taskflow_api']) retrieved from /home/airflow/.local/lib/python3.7/site-packages/airflow/example_dags/tutorial_taskflow_api.py
[2023-03-11T12:35:27.806+0000] {logging_mixin.py:137} INFO - [2023-03-11T12:35:27.806+0000] {dag.py:2690} INFO - Sync 1 DAGs
[2023-03-11T12:35:27.850+0000] {logging_mixin.py:137} INFO - [2023-03-11T12:35:27.849+0000] {dag.py:3441} INFO - Setting next_dagrun for tutorial_taskflow_api to None, run_after=None
[2023-03-11T12:35:27.893+0000] {processor.py:175} INFO - Processing /home/airflow/.local/lib/python3.7/site-packages/airflow/example_dags/tutorial_taskflow_api.py took 0.171 seconds
[2023-03-11T12:35:58.742+0000] {processor.py:153} INFO - Started process (PID=977) to work on /home/airflow/.local/lib/python3.7/site-packages/airflow/example_dags/tutorial_taskflow_api.py
[2023-03-11T12:35:58.743+0000] {processor.py:743} INFO - Processing file /home/airflow/.local/lib/python3.7/site-packages/airflow/example_dags/tutorial_taskflow_api.py for tasks to queue
[2023-03-11T12:35:58.743+0000] {logging_mixin.py:137} INFO - [2023-03-11T12:35:58.743+0000] {dagbag.py:538} INFO - Filling up the DagBag from /home/airflow/.local/lib/python3.7/site-packages/airflow/example_dags/tutorial_taskflow_api.py
[2023-03-11T12:35:58.764+0000] {processor.py:753} INFO - DAG(s) dict_keys(['tutorial_taskflow_api']) retrieved from /home/airflow/.local/lib/python3.7/site-packages/airflow/example_dags/tutorial_taskflow_api.py
[2023-03-11T12:35:58.787+0000] {logging_mixin.py:137} INFO - [2023-03-11T12:35:58.787+0000] {dag.py:2690} INFO - Sync 1 DAGs
[2023-03-11T12:35:58.812+0000] {logging_mixin.py:137} INFO - [2023-03-11T12:35:58.812+0000] {dag.py:3441} INFO - Setting next_dagrun for tutorial_taskflow_api to None, run_after=None
[2023-03-11T12:35:58.831+0000] {processor.py:175} INFO - Processing /home/airflow/.local/lib/python3.7/site-packages/airflow/example_dags/tutorial_taskflow_api.py took 0.091 seconds
[2023-03-11T12:36:29.371+0000] {processor.py:153} INFO - Started process (PID=1088) to work on /home/airflow/.local/lib/python3.7/site-packages/airflow/example_dags/tutorial_taskflow_api.py
[2023-03-11T12:36:29.373+0000] {processor.py:743} INFO - Processing file /home/airflow/.local/lib/python3.7/site-packages/airflow/example_dags/tutorial_taskflow_api.py for tasks to queue
[2023-03-11T12:36:29.373+0000] {logging_mixin.py:137} INFO - [2023-03-11T12:36:29.373+0000] {dagbag.py:538} INFO - Filling up the DagBag from /home/airflow/.local/lib/python3.7/site-packages/airflow/example_dags/tutorial_taskflow_api.py
[2023-03-11T12:36:29.396+0000] {processor.py:753} INFO - DAG(s) dict_keys(['tutorial_taskflow_api']) retrieved from /home/airflow/.local/lib/python3.7/site-packages/airflow/example_dags/tutorial_taskflow_api.py
[2023-03-11T12:36:29.424+0000] {logging_mixin.py:137} INFO - [2023-03-11T12:36:29.423+0000] {dag.py:2690} INFO - Sync 1 DAGs
[2023-03-11T12:36:29.452+0000] {logging_mixin.py:137} INFO - [2023-03-11T12:36:29.452+0000] {dag.py:3441} INFO - Setting next_dagrun for tutorial_taskflow_api to None, run_after=None
[2023-03-11T12:36:29.472+0000] {processor.py:175} INFO - Processing /home/airflow/.local/lib/python3.7/site-packages/airflow/example_dags/tutorial_taskflow_api.py took 0.104 seconds
[2023-03-11T12:36:59.905+0000] {processor.py:153} INFO - Started process (PID=1175) to work on /home/airflow/.local/lib/python3.7/site-packages/airflow/example_dags/tutorial_taskflow_api.py
[2023-03-11T12:36:59.906+0000] {processor.py:743} INFO - Processing file /home/airflow/.local/lib/python3.7/site-packages/airflow/example_dags/tutorial_taskflow_api.py for tasks to queue
[2023-03-11T12:36:59.907+0000] {logging_mixin.py:137} INFO - [2023-03-11T12:36:59.906+0000] {dagbag.py:538} INFO - Filling up the DagBag from /home/airflow/.local/lib/python3.7/site-packages/airflow/example_dags/tutorial_taskflow_api.py
[2023-03-11T12:36:59.932+0000] {processor.py:753} INFO - DAG(s) dict_keys(['tutorial_taskflow_api']) retrieved from /home/airflow/.local/lib/python3.7/site-packages/airflow/example_dags/tutorial_taskflow_api.py
[2023-03-11T12:36:59.960+0000] {logging_mixin.py:137} INFO - [2023-03-11T12:36:59.960+0000] {dag.py:2690} INFO - Sync 1 DAGs
[2023-03-11T12:36:59.988+0000] {logging_mixin.py:137} INFO - [2023-03-11T12:36:59.988+0000] {dag.py:3441} INFO - Setting next_dagrun for tutorial_taskflow_api to None, run_after=None
[2023-03-11T12:37:00.010+0000] {processor.py:175} INFO - Processing /home/airflow/.local/lib/python3.7/site-packages/airflow/example_dags/tutorial_taskflow_api.py took 0.108 seconds
[2023-03-11T12:37:30.772+0000] {processor.py:153} INFO - Started process (PID=1268) to work on /home/airflow/.local/lib/python3.7/site-packages/airflow/example_dags/tutorial_taskflow_api.py
[2023-03-11T12:37:30.773+0000] {processor.py:743} INFO - Processing file /home/airflow/.local/lib/python3.7/site-packages/airflow/example_dags/tutorial_taskflow_api.py for tasks to queue
[2023-03-11T12:37:30.773+0000] {logging_mixin.py:137} INFO - [2023-03-11T12:37:30.773+0000] {dagbag.py:538} INFO - Filling up the DagBag from /home/airflow/.local/lib/python3.7/site-packages/airflow/example_dags/tutorial_taskflow_api.py
[2023-03-11T12:37:30.796+0000] {processor.py:753} INFO - DAG(s) dict_keys(['tutorial_taskflow_api']) retrieved from /home/airflow/.local/lib/python3.7/site-packages/airflow/example_dags/tutorial_taskflow_api.py
[2023-03-11T12:37:30.821+0000] {logging_mixin.py:137} INFO - [2023-03-11T12:37:30.821+0000] {dag.py:2690} INFO - Sync 1 DAGs
[2023-03-11T12:37:30.846+0000] {logging_mixin.py:137} INFO - [2023-03-11T12:37:30.846+0000] {dag.py:3441} INFO - Setting next_dagrun for tutorial_taskflow_api to None, run_after=None
[2023-03-11T12:37:30.866+0000] {processor.py:175} INFO - Processing /home/airflow/.local/lib/python3.7/site-packages/airflow/example_dags/tutorial_taskflow_api.py took 0.098 seconds
[2023-03-11T12:38:01.138+0000] {processor.py:153} INFO - Started process (PID=1373) to work on /home/airflow/.local/lib/python3.7/site-packages/airflow/example_dags/tutorial_taskflow_api.py
[2023-03-11T12:38:01.139+0000] {processor.py:743} INFO - Processing file /home/airflow/.local/lib/python3.7/site-packages/airflow/example_dags/tutorial_taskflow_api.py for tasks to queue
[2023-03-11T12:38:01.140+0000] {logging_mixin.py:137} INFO - [2023-03-11T12:38:01.140+0000] {dagbag.py:538} INFO - Filling up the DagBag from /home/airflow/.local/lib/python3.7/site-packages/airflow/example_dags/tutorial_taskflow_api.py
[2023-03-11T12:38:01.164+0000] {processor.py:753} INFO - DAG(s) dict_keys(['tutorial_taskflow_api']) retrieved from /home/airflow/.local/lib/python3.7/site-packages/airflow/example_dags/tutorial_taskflow_api.py
[2023-03-11T12:38:01.192+0000] {logging_mixin.py:137} INFO - [2023-03-11T12:38:01.191+0000] {dag.py:2690} INFO - Sync 1 DAGs
[2023-03-11T12:38:01.229+0000] {logging_mixin.py:137} INFO - [2023-03-11T12:38:01.228+0000] {dag.py:3441} INFO - Setting next_dagrun for tutorial_taskflow_api to None, run_after=None
[2023-03-11T12:38:01.249+0000] {processor.py:175} INFO - Processing /home/airflow/.local/lib/python3.7/site-packages/airflow/example_dags/tutorial_taskflow_api.py took 0.115 seconds
[2023-03-11T12:38:32.008+0000] {processor.py:153} INFO - Started process (PID=1459) to work on /home/airflow/.local/lib/python3.7/site-packages/airflow/example_dags/tutorial_taskflow_api.py
[2023-03-11T12:38:32.009+0000] {processor.py:743} INFO - Processing file /home/airflow/.local/lib/python3.7/site-packages/airflow/example_dags/tutorial_taskflow_api.py for tasks to queue
[2023-03-11T12:38:32.010+0000] {logging_mixin.py:137} INFO - [2023-03-11T12:38:32.010+0000] {dagbag.py:538} INFO - Filling up the DagBag from /home/airflow/.local/lib/python3.7/site-packages/airflow/example_dags/tutorial_taskflow_api.py
[2023-03-11T12:38:32.030+0000] {processor.py:753} INFO - DAG(s) dict_keys(['tutorial_taskflow_api']) retrieved from /home/airflow/.local/lib/python3.7/site-packages/airflow/example_dags/tutorial_taskflow_api.py
[2023-03-11T12:38:32.055+0000] {logging_mixin.py:137} INFO - [2023-03-11T12:38:32.054+0000] {dag.py:2690} INFO - Sync 1 DAGs
[2023-03-11T12:38:32.079+0000] {logging_mixin.py:137} INFO - [2023-03-11T12:38:32.079+0000] {dag.py:3441} INFO - Setting next_dagrun for tutorial_taskflow_api to None, run_after=None
[2023-03-11T12:38:32.099+0000] {processor.py:175} INFO - Processing /home/airflow/.local/lib/python3.7/site-packages/airflow/example_dags/tutorial_taskflow_api.py took 0.094 seconds
[2023-03-11T12:39:02.398+0000] {processor.py:153} INFO - Started process (PID=1555) to work on /home/airflow/.local/lib/python3.7/site-packages/airflow/example_dags/tutorial_taskflow_api.py
[2023-03-11T12:39:02.449+0000] {processor.py:743} INFO - Processing file /home/airflow/.local/lib/python3.7/site-packages/airflow/example_dags/tutorial_taskflow_api.py for tasks to queue
[2023-03-11T12:39:02.450+0000] {logging_mixin.py:137} INFO - [2023-03-11T12:39:02.450+0000] {dagbag.py:538} INFO - Filling up the DagBag from /home/airflow/.local/lib/python3.7/site-packages/airflow/example_dags/tutorial_taskflow_api.py
[2023-03-11T12:39:02.479+0000] {processor.py:753} INFO - DAG(s) dict_keys(['tutorial_taskflow_api']) retrieved from /home/airflow/.local/lib/python3.7/site-packages/airflow/example_dags/tutorial_taskflow_api.py
[2023-03-11T12:39:02.513+0000] {logging_mixin.py:137} INFO - [2023-03-11T12:39:02.513+0000] {dag.py:2690} INFO - Sync 1 DAGs
[2023-03-11T12:39:02.570+0000] {logging_mixin.py:137} INFO - [2023-03-11T12:39:02.570+0000] {dag.py:3441} INFO - Setting next_dagrun for tutorial_taskflow_api to None, run_after=None
[2023-03-11T12:39:02.598+0000] {processor.py:175} INFO - Processing /home/airflow/.local/lib/python3.7/site-packages/airflow/example_dags/tutorial_taskflow_api.py took 0.204 seconds
[2023-03-11T12:39:32.793+0000] {processor.py:153} INFO - Started process (PID=1657) to work on /home/airflow/.local/lib/python3.7/site-packages/airflow/example_dags/tutorial_taskflow_api.py
[2023-03-11T12:39:32.795+0000] {processor.py:743} INFO - Processing file /home/airflow/.local/lib/python3.7/site-packages/airflow/example_dags/tutorial_taskflow_api.py for tasks to queue
[2023-03-11T12:39:32.796+0000] {logging_mixin.py:137} INFO - [2023-03-11T12:39:32.796+0000] {dagbag.py:538} INFO - Filling up the DagBag from /home/airflow/.local/lib/python3.7/site-packages/airflow/example_dags/tutorial_taskflow_api.py
[2023-03-11T12:39:32.832+0000] {processor.py:753} INFO - DAG(s) dict_keys(['tutorial_taskflow_api']) retrieved from /home/airflow/.local/lib/python3.7/site-packages/airflow/example_dags/tutorial_taskflow_api.py
[2023-03-11T12:39:32.878+0000] {logging_mixin.py:137} INFO - [2023-03-11T12:39:32.877+0000] {dag.py:2690} INFO - Sync 1 DAGs
[2023-03-11T12:39:32.924+0000] {logging_mixin.py:137} INFO - [2023-03-11T12:39:32.923+0000] {dag.py:3441} INFO - Setting next_dagrun for tutorial_taskflow_api to None, run_after=None
[2023-03-11T12:39:32.970+0000] {processor.py:175} INFO - Processing /home/airflow/.local/lib/python3.7/site-packages/airflow/example_dags/tutorial_taskflow_api.py took 0.179 seconds
[2023-03-11T12:40:03.724+0000] {processor.py:153} INFO - Started process (PID=1744) to work on /home/airflow/.local/lib/python3.7/site-packages/airflow/example_dags/tutorial_taskflow_api.py
[2023-03-11T12:40:03.726+0000] {processor.py:743} INFO - Processing file /home/airflow/.local/lib/python3.7/site-packages/airflow/example_dags/tutorial_taskflow_api.py for tasks to queue
[2023-03-11T12:40:03.727+0000] {logging_mixin.py:137} INFO - [2023-03-11T12:40:03.726+0000] {dagbag.py:538} INFO - Filling up the DagBag from /home/airflow/.local/lib/python3.7/site-packages/airflow/example_dags/tutorial_taskflow_api.py
[2023-03-11T12:40:03.752+0000] {processor.py:753} INFO - DAG(s) dict_keys(['tutorial_taskflow_api']) retrieved from /home/airflow/.local/lib/python3.7/site-packages/airflow/example_dags/tutorial_taskflow_api.py
[2023-03-11T12:40:03.790+0000] {logging_mixin.py:137} INFO - [2023-03-11T12:40:03.790+0000] {dag.py:2690} INFO - Sync 1 DAGs
[2023-03-11T12:40:03.825+0000] {logging_mixin.py:137} INFO - [2023-03-11T12:40:03.824+0000] {dag.py:3441} INFO - Setting next_dagrun for tutorial_taskflow_api to None, run_after=None
[2023-03-11T12:40:03.861+0000] {processor.py:175} INFO - Processing /home/airflow/.local/lib/python3.7/site-packages/airflow/example_dags/tutorial_taskflow_api.py took 0.141 seconds
[2023-03-11T12:40:33.945+0000] {processor.py:153} INFO - Started process (PID=1855) to work on /home/airflow/.local/lib/python3.7/site-packages/airflow/example_dags/tutorial_taskflow_api.py
[2023-03-11T12:40:33.946+0000] {processor.py:743} INFO - Processing file /home/airflow/.local/lib/python3.7/site-packages/airflow/example_dags/tutorial_taskflow_api.py for tasks to queue
[2023-03-11T12:40:33.947+0000] {logging_mixin.py:137} INFO - [2023-03-11T12:40:33.947+0000] {dagbag.py:538} INFO - Filling up the DagBag from /home/airflow/.local/lib/python3.7/site-packages/airflow/example_dags/tutorial_taskflow_api.py
[2023-03-11T12:40:33.969+0000] {processor.py:753} INFO - DAG(s) dict_keys(['tutorial_taskflow_api']) retrieved from /home/airflow/.local/lib/python3.7/site-packages/airflow/example_dags/tutorial_taskflow_api.py
[2023-03-11T12:40:33.994+0000] {logging_mixin.py:137} INFO - [2023-03-11T12:40:33.994+0000] {dag.py:2690} INFO - Sync 1 DAGs
[2023-03-11T12:40:34.018+0000] {logging_mixin.py:137} INFO - [2023-03-11T12:40:34.018+0000] {dag.py:3441} INFO - Setting next_dagrun for tutorial_taskflow_api to None, run_after=None
[2023-03-11T12:40:34.037+0000] {processor.py:175} INFO - Processing /home/airflow/.local/lib/python3.7/site-packages/airflow/example_dags/tutorial_taskflow_api.py took 0.095 seconds
[2023-03-11T12:41:04.682+0000] {processor.py:153} INFO - Started process (PID=1942) to work on /home/airflow/.local/lib/python3.7/site-packages/airflow/example_dags/tutorial_taskflow_api.py
[2023-03-11T12:41:04.683+0000] {processor.py:743} INFO - Processing file /home/airflow/.local/lib/python3.7/site-packages/airflow/example_dags/tutorial_taskflow_api.py for tasks to queue
[2023-03-11T12:41:04.683+0000] {logging_mixin.py:137} INFO - [2023-03-11T12:41:04.683+0000] {dagbag.py:538} INFO - Filling up the DagBag from /home/airflow/.local/lib/python3.7/site-packages/airflow/example_dags/tutorial_taskflow_api.py
[2023-03-11T12:41:04.703+0000] {processor.py:753} INFO - DAG(s) dict_keys(['tutorial_taskflow_api']) retrieved from /home/airflow/.local/lib/python3.7/site-packages/airflow/example_dags/tutorial_taskflow_api.py
[2023-03-11T12:41:04.727+0000] {logging_mixin.py:137} INFO - [2023-03-11T12:41:04.726+0000] {dag.py:2690} INFO - Sync 1 DAGs
[2023-03-11T12:41:04.752+0000] {logging_mixin.py:137} INFO - [2023-03-11T12:41:04.752+0000] {dag.py:3441} INFO - Setting next_dagrun for tutorial_taskflow_api to None, run_after=None
[2023-03-11T12:41:04.772+0000] {processor.py:175} INFO - Processing /home/airflow/.local/lib/python3.7/site-packages/airflow/example_dags/tutorial_taskflow_api.py took 0.094 seconds
[2023-03-11T12:41:35.436+0000] {processor.py:153} INFO - Started process (PID=2029) to work on /home/airflow/.local/lib/python3.7/site-packages/airflow/example_dags/tutorial_taskflow_api.py
[2023-03-11T12:41:35.437+0000] {processor.py:743} INFO - Processing file /home/airflow/.local/lib/python3.7/site-packages/airflow/example_dags/tutorial_taskflow_api.py for tasks to queue
[2023-03-11T12:41:35.438+0000] {logging_mixin.py:137} INFO - [2023-03-11T12:41:35.438+0000] {dagbag.py:538} INFO - Filling up the DagBag from /home/airflow/.local/lib/python3.7/site-packages/airflow/example_dags/tutorial_taskflow_api.py
[2023-03-11T12:41:35.464+0000] {processor.py:753} INFO - DAG(s) dict_keys(['tutorial_taskflow_api']) retrieved from /home/airflow/.local/lib/python3.7/site-packages/airflow/example_dags/tutorial_taskflow_api.py
[2023-03-11T12:41:35.489+0000] {logging_mixin.py:137} INFO - [2023-03-11T12:41:35.489+0000] {dag.py:2690} INFO - Sync 1 DAGs
[2023-03-11T12:41:35.515+0000] {logging_mixin.py:137} INFO - [2023-03-11T12:41:35.515+0000] {dag.py:3441} INFO - Setting next_dagrun for tutorial_taskflow_api to None, run_after=None
[2023-03-11T12:41:35.537+0000] {processor.py:175} INFO - Processing /home/airflow/.local/lib/python3.7/site-packages/airflow/example_dags/tutorial_taskflow_api.py took 0.103 seconds
[2023-03-11T12:42:06.120+0000] {processor.py:153} INFO - Started process (PID=2140) to work on /home/airflow/.local/lib/python3.7/site-packages/airflow/example_dags/tutorial_taskflow_api.py
[2023-03-11T12:42:06.121+0000] {processor.py:743} INFO - Processing file /home/airflow/.local/lib/python3.7/site-packages/airflow/example_dags/tutorial_taskflow_api.py for tasks to queue
[2023-03-11T12:42:06.121+0000] {logging_mixin.py:137} INFO - [2023-03-11T12:42:06.121+0000] {dagbag.py:538} INFO - Filling up the DagBag from /home/airflow/.local/lib/python3.7/site-packages/airflow/example_dags/tutorial_taskflow_api.py
[2023-03-11T12:42:06.144+0000] {processor.py:753} INFO - DAG(s) dict_keys(['tutorial_taskflow_api']) retrieved from /home/airflow/.local/lib/python3.7/site-packages/airflow/example_dags/tutorial_taskflow_api.py
[2023-03-11T12:42:06.169+0000] {logging_mixin.py:137} INFO - [2023-03-11T12:42:06.169+0000] {dag.py:2690} INFO - Sync 1 DAGs
[2023-03-11T12:42:06.194+0000] {logging_mixin.py:137} INFO - [2023-03-11T12:42:06.194+0000] {dag.py:3441} INFO - Setting next_dagrun for tutorial_taskflow_api to None, run_after=None
[2023-03-11T12:42:06.212+0000] {processor.py:175} INFO - Processing /home/airflow/.local/lib/python3.7/site-packages/airflow/example_dags/tutorial_taskflow_api.py took 0.095 seconds
[2023-03-11T12:42:36.750+0000] {processor.py:153} INFO - Started process (PID=2227) to work on /home/airflow/.local/lib/python3.7/site-packages/airflow/example_dags/tutorial_taskflow_api.py
[2023-03-11T12:42:36.750+0000] {processor.py:743} INFO - Processing file /home/airflow/.local/lib/python3.7/site-packages/airflow/example_dags/tutorial_taskflow_api.py for tasks to queue
[2023-03-11T12:42:36.751+0000] {logging_mixin.py:137} INFO - [2023-03-11T12:42:36.751+0000] {dagbag.py:538} INFO - Filling up the DagBag from /home/airflow/.local/lib/python3.7/site-packages/airflow/example_dags/tutorial_taskflow_api.py
[2023-03-11T12:42:36.772+0000] {processor.py:753} INFO - DAG(s) dict_keys(['tutorial_taskflow_api']) retrieved from /home/airflow/.local/lib/python3.7/site-packages/airflow/example_dags/tutorial_taskflow_api.py
[2023-03-11T12:42:36.798+0000] {logging_mixin.py:137} INFO - [2023-03-11T12:42:36.798+0000] {dag.py:2690} INFO - Sync 1 DAGs
[2023-03-11T12:42:36.825+0000] {logging_mixin.py:137} INFO - [2023-03-11T12:42:36.825+0000] {dag.py:3441} INFO - Setting next_dagrun for tutorial_taskflow_api to None, run_after=None
[2023-03-11T12:42:36.843+0000] {processor.py:175} INFO - Processing /home/airflow/.local/lib/python3.7/site-packages/airflow/example_dags/tutorial_taskflow_api.py took 0.097 seconds
[2023-03-11T12:43:07.388+0000] {processor.py:153} INFO - Started process (PID=2338) to work on /home/airflow/.local/lib/python3.7/site-packages/airflow/example_dags/tutorial_taskflow_api.py
[2023-03-11T12:43:07.389+0000] {processor.py:743} INFO - Processing file /home/airflow/.local/lib/python3.7/site-packages/airflow/example_dags/tutorial_taskflow_api.py for tasks to queue
[2023-03-11T12:43:07.390+0000] {logging_mixin.py:137} INFO - [2023-03-11T12:43:07.389+0000] {dagbag.py:538} INFO - Filling up the DagBag from /home/airflow/.local/lib/python3.7/site-packages/airflow/example_dags/tutorial_taskflow_api.py
[2023-03-11T12:43:07.410+0000] {processor.py:753} INFO - DAG(s) dict_keys(['tutorial_taskflow_api']) retrieved from /home/airflow/.local/lib/python3.7/site-packages/airflow/example_dags/tutorial_taskflow_api.py
[2023-03-11T12:43:07.433+0000] {logging_mixin.py:137} INFO - [2023-03-11T12:43:07.433+0000] {dag.py:2690} INFO - Sync 1 DAGs
[2023-03-11T12:43:07.459+0000] {logging_mixin.py:137} INFO - [2023-03-11T12:43:07.458+0000] {dag.py:3441} INFO - Setting next_dagrun for tutorial_taskflow_api to None, run_after=None
[2023-03-11T12:43:07.476+0000] {processor.py:175} INFO - Processing /home/airflow/.local/lib/python3.7/site-packages/airflow/example_dags/tutorial_taskflow_api.py took 0.090 seconds
[2023-03-11T12:43:37.983+0000] {processor.py:153} INFO - Started process (PID=2425) to work on /home/airflow/.local/lib/python3.7/site-packages/airflow/example_dags/tutorial_taskflow_api.py
[2023-03-11T12:43:37.984+0000] {processor.py:743} INFO - Processing file /home/airflow/.local/lib/python3.7/site-packages/airflow/example_dags/tutorial_taskflow_api.py for tasks to queue
[2023-03-11T12:43:37.985+0000] {logging_mixin.py:137} INFO - [2023-03-11T12:43:37.985+0000] {dagbag.py:538} INFO - Filling up the DagBag from /home/airflow/.local/lib/python3.7/site-packages/airflow/example_dags/tutorial_taskflow_api.py
[2023-03-11T12:43:38.006+0000] {processor.py:753} INFO - DAG(s) dict_keys(['tutorial_taskflow_api']) retrieved from /home/airflow/.local/lib/python3.7/site-packages/airflow/example_dags/tutorial_taskflow_api.py
[2023-03-11T12:43:38.030+0000] {logging_mixin.py:137} INFO - [2023-03-11T12:43:38.030+0000] {dag.py:2690} INFO - Sync 1 DAGs
[2023-03-11T12:43:38.057+0000] {logging_mixin.py:137} INFO - [2023-03-11T12:43:38.057+0000] {dag.py:3441} INFO - Setting next_dagrun for tutorial_taskflow_api to None, run_after=None
[2023-03-11T12:43:38.077+0000] {processor.py:175} INFO - Processing /home/airflow/.local/lib/python3.7/site-packages/airflow/example_dags/tutorial_taskflow_api.py took 0.097 seconds
[2023-03-11T12:44:08.453+0000] {processor.py:153} INFO - Started process (PID=2519) to work on /home/airflow/.local/lib/python3.7/site-packages/airflow/example_dags/tutorial_taskflow_api.py
[2023-03-11T12:44:08.454+0000] {processor.py:743} INFO - Processing file /home/airflow/.local/lib/python3.7/site-packages/airflow/example_dags/tutorial_taskflow_api.py for tasks to queue
[2023-03-11T12:44:08.455+0000] {logging_mixin.py:137} INFO - [2023-03-11T12:44:08.455+0000] {dagbag.py:538} INFO - Filling up the DagBag from /home/airflow/.local/lib/python3.7/site-packages/airflow/example_dags/tutorial_taskflow_api.py
[2023-03-11T12:44:08.476+0000] {processor.py:753} INFO - DAG(s) dict_keys(['tutorial_taskflow_api']) retrieved from /home/airflow/.local/lib/python3.7/site-packages/airflow/example_dags/tutorial_taskflow_api.py
[2023-03-11T12:44:08.501+0000] {logging_mixin.py:137} INFO - [2023-03-11T12:44:08.501+0000] {dag.py:2690} INFO - Sync 1 DAGs
[2023-03-11T12:44:08.526+0000] {logging_mixin.py:137} INFO - [2023-03-11T12:44:08.526+0000] {dag.py:3441} INFO - Setting next_dagrun for tutorial_taskflow_api to None, run_after=None
[2023-03-11T12:44:08.544+0000] {processor.py:175} INFO - Processing /home/airflow/.local/lib/python3.7/site-packages/airflow/example_dags/tutorial_taskflow_api.py took 0.094 seconds
[2023-03-11T12:44:39.472+0000] {processor.py:153} INFO - Started process (PID=2623) to work on /home/airflow/.local/lib/python3.7/site-packages/airflow/example_dags/tutorial_taskflow_api.py
[2023-03-11T12:44:39.473+0000] {processor.py:743} INFO - Processing file /home/airflow/.local/lib/python3.7/site-packages/airflow/example_dags/tutorial_taskflow_api.py for tasks to queue
[2023-03-11T12:44:39.474+0000] {logging_mixin.py:137} INFO - [2023-03-11T12:44:39.474+0000] {dagbag.py:538} INFO - Filling up the DagBag from /home/airflow/.local/lib/python3.7/site-packages/airflow/example_dags/tutorial_taskflow_api.py
[2023-03-11T12:44:39.505+0000] {processor.py:753} INFO - DAG(s) dict_keys(['tutorial_taskflow_api']) retrieved from /home/airflow/.local/lib/python3.7/site-packages/airflow/example_dags/tutorial_taskflow_api.py
[2023-03-11T12:44:39.543+0000] {logging_mixin.py:137} INFO - [2023-03-11T12:44:39.543+0000] {dag.py:2690} INFO - Sync 1 DAGs
[2023-03-11T12:44:39.577+0000] {logging_mixin.py:137} INFO - [2023-03-11T12:44:39.577+0000] {dag.py:3441} INFO - Setting next_dagrun for tutorial_taskflow_api to None, run_after=None
[2023-03-11T12:44:39.609+0000] {processor.py:175} INFO - Processing /home/airflow/.local/lib/python3.7/site-packages/airflow/example_dags/tutorial_taskflow_api.py took 0.140 seconds
[2023-03-11T12:45:09.678+0000] {processor.py:153} INFO - Started process (PID=2710) to work on /home/airflow/.local/lib/python3.7/site-packages/airflow/example_dags/tutorial_taskflow_api.py
[2023-03-11T12:45:09.678+0000] {processor.py:743} INFO - Processing file /home/airflow/.local/lib/python3.7/site-packages/airflow/example_dags/tutorial_taskflow_api.py for tasks to queue
[2023-03-11T12:45:09.679+0000] {logging_mixin.py:137} INFO - [2023-03-11T12:45:09.679+0000] {dagbag.py:538} INFO - Filling up the DagBag from /home/airflow/.local/lib/python3.7/site-packages/airflow/example_dags/tutorial_taskflow_api.py
[2023-03-11T12:45:09.699+0000] {processor.py:753} INFO - DAG(s) dict_keys(['tutorial_taskflow_api']) retrieved from /home/airflow/.local/lib/python3.7/site-packages/airflow/example_dags/tutorial_taskflow_api.py
[2023-03-11T12:45:09.722+0000] {logging_mixin.py:137} INFO - [2023-03-11T12:45:09.722+0000] {dag.py:2690} INFO - Sync 1 DAGs
[2023-03-11T12:45:09.748+0000] {logging_mixin.py:137} INFO - [2023-03-11T12:45:09.747+0000] {dag.py:3441} INFO - Setting next_dagrun for tutorial_taskflow_api to None, run_after=None
[2023-03-11T12:45:09.765+0000] {processor.py:175} INFO - Processing /home/airflow/.local/lib/python3.7/site-packages/airflow/example_dags/tutorial_taskflow_api.py took 0.090 seconds
[2023-03-11T12:45:40.390+0000] {processor.py:153} INFO - Started process (PID=2821) to work on /home/airflow/.local/lib/python3.7/site-packages/airflow/example_dags/tutorial_taskflow_api.py
[2023-03-11T12:45:40.391+0000] {processor.py:743} INFO - Processing file /home/airflow/.local/lib/python3.7/site-packages/airflow/example_dags/tutorial_taskflow_api.py for tasks to queue
[2023-03-11T12:45:40.392+0000] {logging_mixin.py:137} INFO - [2023-03-11T12:45:40.391+0000] {dagbag.py:538} INFO - Filling up the DagBag from /home/airflow/.local/lib/python3.7/site-packages/airflow/example_dags/tutorial_taskflow_api.py
[2023-03-11T12:45:40.413+0000] {processor.py:753} INFO - DAG(s) dict_keys(['tutorial_taskflow_api']) retrieved from /home/airflow/.local/lib/python3.7/site-packages/airflow/example_dags/tutorial_taskflow_api.py
[2023-03-11T12:45:40.437+0000] {logging_mixin.py:137} INFO - [2023-03-11T12:45:40.437+0000] {dag.py:2690} INFO - Sync 1 DAGs
[2023-03-11T12:45:40.461+0000] {logging_mixin.py:137} INFO - [2023-03-11T12:45:40.461+0000] {dag.py:3441} INFO - Setting next_dagrun for tutorial_taskflow_api to None, run_after=None
[2023-03-11T12:45:40.478+0000] {processor.py:175} INFO - Processing /home/airflow/.local/lib/python3.7/site-packages/airflow/example_dags/tutorial_taskflow_api.py took 0.090 seconds
[2023-03-11T12:46:11.243+0000] {processor.py:153} INFO - Started process (PID=2908) to work on /home/airflow/.local/lib/python3.7/site-packages/airflow/example_dags/tutorial_taskflow_api.py
[2023-03-11T12:46:11.244+0000] {processor.py:743} INFO - Processing file /home/airflow/.local/lib/python3.7/site-packages/airflow/example_dags/tutorial_taskflow_api.py for tasks to queue
[2023-03-11T12:46:11.244+0000] {logging_mixin.py:137} INFO - [2023-03-11T12:46:11.244+0000] {dagbag.py:538} INFO - Filling up the DagBag from /home/airflow/.local/lib/python3.7/site-packages/airflow/example_dags/tutorial_taskflow_api.py
[2023-03-11T12:46:11.271+0000] {processor.py:753} INFO - DAG(s) dict_keys(['tutorial_taskflow_api']) retrieved from /home/airflow/.local/lib/python3.7/site-packages/airflow/example_dags/tutorial_taskflow_api.py
[2023-03-11T12:46:11.304+0000] {logging_mixin.py:137} INFO - [2023-03-11T12:46:11.303+0000] {dag.py:2690} INFO - Sync 1 DAGs
[2023-03-11T12:46:11.333+0000] {logging_mixin.py:137} INFO - [2023-03-11T12:46:11.332+0000] {dag.py:3441} INFO - Setting next_dagrun for tutorial_taskflow_api to None, run_after=None
[2023-03-11T12:46:11.351+0000] {processor.py:175} INFO - Processing /home/airflow/.local/lib/python3.7/site-packages/airflow/example_dags/tutorial_taskflow_api.py took 0.110 seconds
[2023-03-11T12:46:42.035+0000] {processor.py:153} INFO - Started process (PID=3004) to work on /home/airflow/.local/lib/python3.7/site-packages/airflow/example_dags/tutorial_taskflow_api.py
[2023-03-11T12:46:42.036+0000] {processor.py:743} INFO - Processing file /home/airflow/.local/lib/python3.7/site-packages/airflow/example_dags/tutorial_taskflow_api.py for tasks to queue
[2023-03-11T12:46:42.037+0000] {logging_mixin.py:137} INFO - [2023-03-11T12:46:42.036+0000] {dagbag.py:538} INFO - Filling up the DagBag from /home/airflow/.local/lib/python3.7/site-packages/airflow/example_dags/tutorial_taskflow_api.py
[2023-03-11T12:46:42.058+0000] {processor.py:753} INFO - DAG(s) dict_keys(['tutorial_taskflow_api']) retrieved from /home/airflow/.local/lib/python3.7/site-packages/airflow/example_dags/tutorial_taskflow_api.py
[2023-03-11T12:46:42.083+0000] {logging_mixin.py:137} INFO - [2023-03-11T12:46:42.083+0000] {dag.py:2690} INFO - Sync 1 DAGs
[2023-03-11T12:46:42.109+0000] {logging_mixin.py:137} INFO - [2023-03-11T12:46:42.108+0000] {dag.py:3441} INFO - Setting next_dagrun for tutorial_taskflow_api to None, run_after=None
[2023-03-11T12:46:42.128+0000] {processor.py:175} INFO - Processing /home/airflow/.local/lib/python3.7/site-packages/airflow/example_dags/tutorial_taskflow_api.py took 0.096 seconds
