[2023-03-11T12:31:20.105+0000] {processor.py:153} INFO - Started process (PID=121) to work on /home/airflow/.local/lib/python3.7/site-packages/airflow/example_dags/tutorial_dag.py
[2023-03-11T12:31:20.106+0000] {processor.py:743} INFO - Processing file /home/airflow/.local/lib/python3.7/site-packages/airflow/example_dags/tutorial_dag.py for tasks to queue
[2023-03-11T12:31:20.106+0000] {logging_mixin.py:137} INFO - [2023-03-11T12:31:20.106+0000] {dagbag.py:538} INFO - Filling up the DagBag from /home/airflow/.local/lib/python3.7/site-packages/airflow/example_dags/tutorial_dag.py
[2023-03-11T12:31:20.122+0000] {processor.py:753} INFO - DAG(s) dict_keys(['tutorial_dag']) retrieved from /home/airflow/.local/lib/python3.7/site-packages/airflow/example_dags/tutorial_dag.py
[2023-03-11T12:31:20.136+0000] {logging_mixin.py:137} INFO - [2023-03-11T12:31:20.136+0000] {dag.py:2690} INFO - Sync 1 DAGs
[2023-03-11T12:31:20.168+0000] {logging_mixin.py:137} INFO - [2023-03-11T12:31:20.168+0000] {dag.py:3441} INFO - Setting next_dagrun for tutorial_dag to None, run_after=None
[2023-03-11T12:31:20.188+0000] {processor.py:175} INFO - Processing /home/airflow/.local/lib/python3.7/site-packages/airflow/example_dags/tutorial_dag.py took 0.086 seconds
[2023-03-11T12:31:51.103+0000] {processor.py:153} INFO - Started process (PID=208) to work on /home/airflow/.local/lib/python3.7/site-packages/airflow/example_dags/tutorial_dag.py
[2023-03-11T12:31:51.104+0000] {processor.py:743} INFO - Processing file /home/airflow/.local/lib/python3.7/site-packages/airflow/example_dags/tutorial_dag.py for tasks to queue
[2023-03-11T12:31:51.105+0000] {logging_mixin.py:137} INFO - [2023-03-11T12:31:51.105+0000] {dagbag.py:538} INFO - Filling up the DagBag from /home/airflow/.local/lib/python3.7/site-packages/airflow/example_dags/tutorial_dag.py
[2023-03-11T12:31:51.117+0000] {processor.py:753} INFO - DAG(s) dict_keys(['tutorial_dag']) retrieved from /home/airflow/.local/lib/python3.7/site-packages/airflow/example_dags/tutorial_dag.py
[2023-03-11T12:31:51.146+0000] {logging_mixin.py:137} INFO - [2023-03-11T12:31:51.146+0000] {dag.py:2690} INFO - Sync 1 DAGs
[2023-03-11T12:31:51.175+0000] {logging_mixin.py:137} INFO - [2023-03-11T12:31:51.175+0000] {dag.py:3441} INFO - Setting next_dagrun for tutorial_dag to None, run_after=None
[2023-03-11T12:31:51.196+0000] {processor.py:175} INFO - Processing /home/airflow/.local/lib/python3.7/site-packages/airflow/example_dags/tutorial_dag.py took 0.095 seconds
[2023-03-11T12:32:21.934+0000] {processor.py:153} INFO - Started process (PID=295) to work on /home/airflow/.local/lib/python3.7/site-packages/airflow/example_dags/tutorial_dag.py
[2023-03-11T12:32:21.935+0000] {processor.py:743} INFO - Processing file /home/airflow/.local/lib/python3.7/site-packages/airflow/example_dags/tutorial_dag.py for tasks to queue
[2023-03-11T12:32:21.936+0000] {logging_mixin.py:137} INFO - [2023-03-11T12:32:21.936+0000] {dagbag.py:538} INFO - Filling up the DagBag from /home/airflow/.local/lib/python3.7/site-packages/airflow/example_dags/tutorial_dag.py
[2023-03-11T12:32:21.948+0000] {processor.py:753} INFO - DAG(s) dict_keys(['tutorial_dag']) retrieved from /home/airflow/.local/lib/python3.7/site-packages/airflow/example_dags/tutorial_dag.py
[2023-03-11T12:32:21.974+0000] {logging_mixin.py:137} INFO - [2023-03-11T12:32:21.974+0000] {dag.py:2690} INFO - Sync 1 DAGs
[2023-03-11T12:32:22.002+0000] {logging_mixin.py:137} INFO - [2023-03-11T12:32:22.001+0000] {dag.py:3441} INFO - Setting next_dagrun for tutorial_dag to None, run_after=None
[2023-03-11T12:32:22.019+0000] {processor.py:175} INFO - Processing /home/airflow/.local/lib/python3.7/site-packages/airflow/example_dags/tutorial_dag.py took 0.088 seconds
[2023-03-11T12:32:52.944+0000] {processor.py:153} INFO - Started process (PID=406) to work on /home/airflow/.local/lib/python3.7/site-packages/airflow/example_dags/tutorial_dag.py
[2023-03-11T12:32:52.945+0000] {processor.py:743} INFO - Processing file /home/airflow/.local/lib/python3.7/site-packages/airflow/example_dags/tutorial_dag.py for tasks to queue
[2023-03-11T12:32:52.945+0000] {logging_mixin.py:137} INFO - [2023-03-11T12:32:52.945+0000] {dagbag.py:538} INFO - Filling up the DagBag from /home/airflow/.local/lib/python3.7/site-packages/airflow/example_dags/tutorial_dag.py
[2023-03-11T12:32:52.958+0000] {processor.py:753} INFO - DAG(s) dict_keys(['tutorial_dag']) retrieved from /home/airflow/.local/lib/python3.7/site-packages/airflow/example_dags/tutorial_dag.py
[2023-03-11T12:32:52.986+0000] {logging_mixin.py:137} INFO - [2023-03-11T12:32:52.986+0000] {dag.py:2690} INFO - Sync 1 DAGs
[2023-03-11T12:32:53.012+0000] {logging_mixin.py:137} INFO - [2023-03-11T12:32:53.012+0000] {dag.py:3441} INFO - Setting next_dagrun for tutorial_dag to None, run_after=None
[2023-03-11T12:32:53.033+0000] {processor.py:175} INFO - Processing /home/airflow/.local/lib/python3.7/site-packages/airflow/example_dags/tutorial_dag.py took 0.092 seconds
[2023-03-11T12:33:23.855+0000] {processor.py:153} INFO - Started process (PID=493) to work on /home/airflow/.local/lib/python3.7/site-packages/airflow/example_dags/tutorial_dag.py
[2023-03-11T12:33:23.856+0000] {processor.py:743} INFO - Processing file /home/airflow/.local/lib/python3.7/site-packages/airflow/example_dags/tutorial_dag.py for tasks to queue
[2023-03-11T12:33:23.857+0000] {logging_mixin.py:137} INFO - [2023-03-11T12:33:23.857+0000] {dagbag.py:538} INFO - Filling up the DagBag from /home/airflow/.local/lib/python3.7/site-packages/airflow/example_dags/tutorial_dag.py
[2023-03-11T12:33:23.869+0000] {processor.py:753} INFO - DAG(s) dict_keys(['tutorial_dag']) retrieved from /home/airflow/.local/lib/python3.7/site-packages/airflow/example_dags/tutorial_dag.py
[2023-03-11T12:33:23.896+0000] {logging_mixin.py:137} INFO - [2023-03-11T12:33:23.895+0000] {dag.py:2690} INFO - Sync 1 DAGs
[2023-03-11T12:33:23.920+0000] {logging_mixin.py:137} INFO - [2023-03-11T12:33:23.920+0000] {dag.py:3441} INFO - Setting next_dagrun for tutorial_dag to None, run_after=None
[2023-03-11T12:33:23.940+0000] {processor.py:175} INFO - Processing /home/airflow/.local/lib/python3.7/site-packages/airflow/example_dags/tutorial_dag.py took 0.088 seconds
[2023-03-11T12:33:54.814+0000] {processor.py:153} INFO - Started process (PID=604) to work on /home/airflow/.local/lib/python3.7/site-packages/airflow/example_dags/tutorial_dag.py
[2023-03-11T12:33:54.815+0000] {processor.py:743} INFO - Processing file /home/airflow/.local/lib/python3.7/site-packages/airflow/example_dags/tutorial_dag.py for tasks to queue
[2023-03-11T12:33:54.815+0000] {logging_mixin.py:137} INFO - [2023-03-11T12:33:54.815+0000] {dagbag.py:538} INFO - Filling up the DagBag from /home/airflow/.local/lib/python3.7/site-packages/airflow/example_dags/tutorial_dag.py
[2023-03-11T12:33:54.829+0000] {processor.py:753} INFO - DAG(s) dict_keys(['tutorial_dag']) retrieved from /home/airflow/.local/lib/python3.7/site-packages/airflow/example_dags/tutorial_dag.py
[2023-03-11T12:33:54.852+0000] {logging_mixin.py:137} INFO - [2023-03-11T12:33:54.852+0000] {dag.py:2690} INFO - Sync 1 DAGs
[2023-03-11T12:33:54.879+0000] {logging_mixin.py:137} INFO - [2023-03-11T12:33:54.879+0000] {dag.py:3441} INFO - Setting next_dagrun for tutorial_dag to None, run_after=None
[2023-03-11T12:33:54.898+0000] {processor.py:175} INFO - Processing /home/airflow/.local/lib/python3.7/site-packages/airflow/example_dags/tutorial_dag.py took 0.088 seconds
[2023-03-11T12:34:26.050+0000] {processor.py:153} INFO - Started process (PID=691) to work on /home/airflow/.local/lib/python3.7/site-packages/airflow/example_dags/tutorial_dag.py
[2023-03-11T12:34:26.053+0000] {processor.py:743} INFO - Processing file /home/airflow/.local/lib/python3.7/site-packages/airflow/example_dags/tutorial_dag.py for tasks to queue
[2023-03-11T12:34:26.055+0000] {logging_mixin.py:137} INFO - [2023-03-11T12:34:26.054+0000] {dagbag.py:538} INFO - Filling up the DagBag from /home/airflow/.local/lib/python3.7/site-packages/airflow/example_dags/tutorial_dag.py
[2023-03-11T12:34:26.075+0000] {processor.py:753} INFO - DAG(s) dict_keys(['tutorial_dag']) retrieved from /home/airflow/.local/lib/python3.7/site-packages/airflow/example_dags/tutorial_dag.py
[2023-03-11T12:34:26.128+0000] {logging_mixin.py:137} INFO - [2023-03-11T12:34:26.127+0000] {dag.py:2690} INFO - Sync 1 DAGs
[2023-03-11T12:34:26.176+0000] {logging_mixin.py:137} INFO - [2023-03-11T12:34:26.175+0000] {dag.py:3441} INFO - Setting next_dagrun for tutorial_dag to None, run_after=None
[2023-03-11T12:34:26.220+0000] {processor.py:175} INFO - Processing /home/airflow/.local/lib/python3.7/site-packages/airflow/example_dags/tutorial_dag.py took 0.175 seconds
[2023-03-11T12:34:57.101+0000] {processor.py:153} INFO - Started process (PID=787) to work on /home/airflow/.local/lib/python3.7/site-packages/airflow/example_dags/tutorial_dag.py
[2023-03-11T12:34:57.102+0000] {processor.py:743} INFO - Processing file /home/airflow/.local/lib/python3.7/site-packages/airflow/example_dags/tutorial_dag.py for tasks to queue
[2023-03-11T12:34:57.103+0000] {logging_mixin.py:137} INFO - [2023-03-11T12:34:57.103+0000] {dagbag.py:538} INFO - Filling up the DagBag from /home/airflow/.local/lib/python3.7/site-packages/airflow/example_dags/tutorial_dag.py
[2023-03-11T12:34:57.116+0000] {processor.py:753} INFO - DAG(s) dict_keys(['tutorial_dag']) retrieved from /home/airflow/.local/lib/python3.7/site-packages/airflow/example_dags/tutorial_dag.py
[2023-03-11T12:34:57.166+0000] {logging_mixin.py:137} INFO - [2023-03-11T12:34:57.165+0000] {dag.py:2690} INFO - Sync 1 DAGs
[2023-03-11T12:34:57.211+0000] {logging_mixin.py:137} INFO - [2023-03-11T12:34:57.211+0000] {dag.py:3441} INFO - Setting next_dagrun for tutorial_dag to None, run_after=None
[2023-03-11T12:34:57.260+0000] {processor.py:175} INFO - Processing /home/airflow/.local/lib/python3.7/site-packages/airflow/example_dags/tutorial_dag.py took 0.163 seconds
[2023-03-11T12:35:27.720+0000] {processor.py:153} INFO - Started process (PID=889) to work on /home/airflow/.local/lib/python3.7/site-packages/airflow/example_dags/tutorial_dag.py
[2023-03-11T12:35:27.722+0000] {processor.py:743} INFO - Processing file /home/airflow/.local/lib/python3.7/site-packages/airflow/example_dags/tutorial_dag.py for tasks to queue
[2023-03-11T12:35:27.723+0000] {logging_mixin.py:137} INFO - [2023-03-11T12:35:27.723+0000] {dagbag.py:538} INFO - Filling up the DagBag from /home/airflow/.local/lib/python3.7/site-packages/airflow/example_dags/tutorial_dag.py
[2023-03-11T12:35:27.740+0000] {processor.py:753} INFO - DAG(s) dict_keys(['tutorial_dag']) retrieved from /home/airflow/.local/lib/python3.7/site-packages/airflow/example_dags/tutorial_dag.py
[2023-03-11T12:35:27.782+0000] {logging_mixin.py:137} INFO - [2023-03-11T12:35:27.781+0000] {dag.py:2690} INFO - Sync 1 DAGs
[2023-03-11T12:35:27.820+0000] {logging_mixin.py:137} INFO - [2023-03-11T12:35:27.820+0000] {dag.py:3441} INFO - Setting next_dagrun for tutorial_dag to None, run_after=None
[2023-03-11T12:35:27.871+0000] {processor.py:175} INFO - Processing /home/airflow/.local/lib/python3.7/site-packages/airflow/example_dags/tutorial_dag.py took 0.156 seconds
[2023-03-11T12:35:58.736+0000] {processor.py:153} INFO - Started process (PID=976) to work on /home/airflow/.local/lib/python3.7/site-packages/airflow/example_dags/tutorial_dag.py
[2023-03-11T12:35:58.737+0000] {processor.py:743} INFO - Processing file /home/airflow/.local/lib/python3.7/site-packages/airflow/example_dags/tutorial_dag.py for tasks to queue
[2023-03-11T12:35:58.738+0000] {logging_mixin.py:137} INFO - [2023-03-11T12:35:58.738+0000] {dagbag.py:538} INFO - Filling up the DagBag from /home/airflow/.local/lib/python3.7/site-packages/airflow/example_dags/tutorial_dag.py
[2023-03-11T12:35:58.752+0000] {processor.py:753} INFO - DAG(s) dict_keys(['tutorial_dag']) retrieved from /home/airflow/.local/lib/python3.7/site-packages/airflow/example_dags/tutorial_dag.py
[2023-03-11T12:35:58.779+0000] {logging_mixin.py:137} INFO - [2023-03-11T12:35:58.779+0000] {dag.py:2690} INFO - Sync 1 DAGs
[2023-03-11T12:35:58.805+0000] {logging_mixin.py:137} INFO - [2023-03-11T12:35:58.805+0000] {dag.py:3441} INFO - Setting next_dagrun for tutorial_dag to None, run_after=None
[2023-03-11T12:35:58.823+0000] {processor.py:175} INFO - Processing /home/airflow/.local/lib/python3.7/site-packages/airflow/example_dags/tutorial_dag.py took 0.090 seconds
[2023-03-11T12:36:29.364+0000] {processor.py:153} INFO - Started process (PID=1087) to work on /home/airflow/.local/lib/python3.7/site-packages/airflow/example_dags/tutorial_dag.py
[2023-03-11T12:36:29.365+0000] {processor.py:743} INFO - Processing file /home/airflow/.local/lib/python3.7/site-packages/airflow/example_dags/tutorial_dag.py for tasks to queue
[2023-03-11T12:36:29.366+0000] {logging_mixin.py:137} INFO - [2023-03-11T12:36:29.366+0000] {dagbag.py:538} INFO - Filling up the DagBag from /home/airflow/.local/lib/python3.7/site-packages/airflow/example_dags/tutorial_dag.py
[2023-03-11T12:36:29.380+0000] {processor.py:753} INFO - DAG(s) dict_keys(['tutorial_dag']) retrieved from /home/airflow/.local/lib/python3.7/site-packages/airflow/example_dags/tutorial_dag.py
[2023-03-11T12:36:29.410+0000] {logging_mixin.py:137} INFO - [2023-03-11T12:36:29.409+0000] {dag.py:2690} INFO - Sync 1 DAGs
[2023-03-11T12:36:29.436+0000] {logging_mixin.py:137} INFO - [2023-03-11T12:36:29.436+0000] {dag.py:3441} INFO - Setting next_dagrun for tutorial_dag to None, run_after=None
[2023-03-11T12:36:29.458+0000] {processor.py:175} INFO - Processing /home/airflow/.local/lib/python3.7/site-packages/airflow/example_dags/tutorial_dag.py took 0.097 seconds
[2023-03-11T12:36:59.898+0000] {processor.py:153} INFO - Started process (PID=1174) to work on /home/airflow/.local/lib/python3.7/site-packages/airflow/example_dags/tutorial_dag.py
[2023-03-11T12:36:59.899+0000] {processor.py:743} INFO - Processing file /home/airflow/.local/lib/python3.7/site-packages/airflow/example_dags/tutorial_dag.py for tasks to queue
[2023-03-11T12:36:59.900+0000] {logging_mixin.py:137} INFO - [2023-03-11T12:36:59.899+0000] {dagbag.py:538} INFO - Filling up the DagBag from /home/airflow/.local/lib/python3.7/site-packages/airflow/example_dags/tutorial_dag.py
[2023-03-11T12:36:59.913+0000] {processor.py:753} INFO - DAG(s) dict_keys(['tutorial_dag']) retrieved from /home/airflow/.local/lib/python3.7/site-packages/airflow/example_dags/tutorial_dag.py
[2023-03-11T12:36:59.945+0000] {logging_mixin.py:137} INFO - [2023-03-11T12:36:59.944+0000] {dag.py:2690} INFO - Sync 1 DAGs
[2023-03-11T12:36:59.974+0000] {logging_mixin.py:137} INFO - [2023-03-11T12:36:59.974+0000] {dag.py:3441} INFO - Setting next_dagrun for tutorial_dag to None, run_after=None
[2023-03-11T12:36:59.993+0000] {processor.py:175} INFO - Processing /home/airflow/.local/lib/python3.7/site-packages/airflow/example_dags/tutorial_dag.py took 0.098 seconds
[2023-03-11T12:37:30.764+0000] {processor.py:153} INFO - Started process (PID=1261) to work on /home/airflow/.local/lib/python3.7/site-packages/airflow/example_dags/tutorial_dag.py
[2023-03-11T12:37:30.765+0000] {processor.py:743} INFO - Processing file /home/airflow/.local/lib/python3.7/site-packages/airflow/example_dags/tutorial_dag.py for tasks to queue
[2023-03-11T12:37:30.766+0000] {logging_mixin.py:137} INFO - [2023-03-11T12:37:30.766+0000] {dagbag.py:538} INFO - Filling up the DagBag from /home/airflow/.local/lib/python3.7/site-packages/airflow/example_dags/tutorial_dag.py
[2023-03-11T12:37:30.780+0000] {processor.py:753} INFO - DAG(s) dict_keys(['tutorial_dag']) retrieved from /home/airflow/.local/lib/python3.7/site-packages/airflow/example_dags/tutorial_dag.py
[2023-03-11T12:37:30.808+0000] {logging_mixin.py:137} INFO - [2023-03-11T12:37:30.808+0000] {dag.py:2690} INFO - Sync 1 DAGs
[2023-03-11T12:37:30.833+0000] {logging_mixin.py:137} INFO - [2023-03-11T12:37:30.833+0000] {dag.py:3441} INFO - Setting next_dagrun for tutorial_dag to None, run_after=None
[2023-03-11T12:37:30.852+0000] {processor.py:175} INFO - Processing /home/airflow/.local/lib/python3.7/site-packages/airflow/example_dags/tutorial_dag.py took 0.090 seconds
[2023-03-11T12:38:01.129+0000] {processor.py:153} INFO - Started process (PID=1372) to work on /home/airflow/.local/lib/python3.7/site-packages/airflow/example_dags/tutorial_dag.py
[2023-03-11T12:38:01.130+0000] {processor.py:743} INFO - Processing file /home/airflow/.local/lib/python3.7/site-packages/airflow/example_dags/tutorial_dag.py for tasks to queue
[2023-03-11T12:38:01.131+0000] {logging_mixin.py:137} INFO - [2023-03-11T12:38:01.130+0000] {dagbag.py:538} INFO - Filling up the DagBag from /home/airflow/.local/lib/python3.7/site-packages/airflow/example_dags/tutorial_dag.py
[2023-03-11T12:38:01.143+0000] {processor.py:753} INFO - DAG(s) dict_keys(['tutorial_dag']) retrieved from /home/airflow/.local/lib/python3.7/site-packages/airflow/example_dags/tutorial_dag.py
[2023-03-11T12:38:01.171+0000] {logging_mixin.py:137} INFO - [2023-03-11T12:38:01.171+0000] {dag.py:2690} INFO - Sync 1 DAGs
[2023-03-11T12:38:01.201+0000] {logging_mixin.py:137} INFO - [2023-03-11T12:38:01.201+0000] {dag.py:3441} INFO - Setting next_dagrun for tutorial_dag to None, run_after=None
[2023-03-11T12:38:01.227+0000] {processor.py:175} INFO - Processing /home/airflow/.local/lib/python3.7/site-packages/airflow/example_dags/tutorial_dag.py took 0.101 seconds
[2023-03-11T12:38:32.002+0000] {processor.py:153} INFO - Started process (PID=1458) to work on /home/airflow/.local/lib/python3.7/site-packages/airflow/example_dags/tutorial_dag.py
[2023-03-11T12:38:32.003+0000] {processor.py:743} INFO - Processing file /home/airflow/.local/lib/python3.7/site-packages/airflow/example_dags/tutorial_dag.py for tasks to queue
[2023-03-11T12:38:32.004+0000] {logging_mixin.py:137} INFO - [2023-03-11T12:38:32.004+0000] {dagbag.py:538} INFO - Filling up the DagBag from /home/airflow/.local/lib/python3.7/site-packages/airflow/example_dags/tutorial_dag.py
[2023-03-11T12:38:32.017+0000] {processor.py:753} INFO - DAG(s) dict_keys(['tutorial_dag']) retrieved from /home/airflow/.local/lib/python3.7/site-packages/airflow/example_dags/tutorial_dag.py
[2023-03-11T12:38:32.045+0000] {logging_mixin.py:137} INFO - [2023-03-11T12:38:32.045+0000] {dag.py:2690} INFO - Sync 1 DAGs
[2023-03-11T12:38:32.073+0000] {logging_mixin.py:137} INFO - [2023-03-11T12:38:32.073+0000] {dag.py:3441} INFO - Setting next_dagrun for tutorial_dag to None, run_after=None
[2023-03-11T12:38:32.092+0000] {processor.py:175} INFO - Processing /home/airflow/.local/lib/python3.7/site-packages/airflow/example_dags/tutorial_dag.py took 0.093 seconds
[2023-03-11T12:39:02.390+0000] {processor.py:153} INFO - Started process (PID=1554) to work on /home/airflow/.local/lib/python3.7/site-packages/airflow/example_dags/tutorial_dag.py
[2023-03-11T12:39:02.391+0000] {processor.py:743} INFO - Processing file /home/airflow/.local/lib/python3.7/site-packages/airflow/example_dags/tutorial_dag.py for tasks to queue
[2023-03-11T12:39:02.392+0000] {logging_mixin.py:137} INFO - [2023-03-11T12:39:02.392+0000] {dagbag.py:538} INFO - Filling up the DagBag from /home/airflow/.local/lib/python3.7/site-packages/airflow/example_dags/tutorial_dag.py
[2023-03-11T12:39:02.454+0000] {processor.py:753} INFO - DAG(s) dict_keys(['tutorial_dag']) retrieved from /home/airflow/.local/lib/python3.7/site-packages/airflow/example_dags/tutorial_dag.py
[2023-03-11T12:39:02.483+0000] {logging_mixin.py:137} INFO - [2023-03-11T12:39:02.482+0000] {dag.py:2690} INFO - Sync 1 DAGs
[2023-03-11T12:39:02.514+0000] {logging_mixin.py:137} INFO - [2023-03-11T12:39:02.514+0000] {dag.py:3441} INFO - Setting next_dagrun for tutorial_dag to None, run_after=None
[2023-03-11T12:39:02.564+0000] {processor.py:175} INFO - Processing /home/airflow/.local/lib/python3.7/site-packages/airflow/example_dags/tutorial_dag.py took 0.178 seconds
[2023-03-11T12:39:32.616+0000] {processor.py:153} INFO - Started process (PID=1656) to work on /home/airflow/.local/lib/python3.7/site-packages/airflow/example_dags/tutorial_dag.py
[2023-03-11T12:39:32.617+0000] {processor.py:743} INFO - Processing file /home/airflow/.local/lib/python3.7/site-packages/airflow/example_dags/tutorial_dag.py for tasks to queue
[2023-03-11T12:39:32.618+0000] {logging_mixin.py:137} INFO - [2023-03-11T12:39:32.618+0000] {dagbag.py:538} INFO - Filling up the DagBag from /home/airflow/.local/lib/python3.7/site-packages/airflow/example_dags/tutorial_dag.py
[2023-03-11T12:39:32.633+0000] {processor.py:753} INFO - DAG(s) dict_keys(['tutorial_dag']) retrieved from /home/airflow/.local/lib/python3.7/site-packages/airflow/example_dags/tutorial_dag.py
[2023-03-11T12:39:32.683+0000] {logging_mixin.py:137} INFO - [2023-03-11T12:39:32.682+0000] {dag.py:2690} INFO - Sync 1 DAGs
[2023-03-11T12:39:32.731+0000] {logging_mixin.py:137} INFO - [2023-03-11T12:39:32.730+0000] {dag.py:3441} INFO - Setting next_dagrun for tutorial_dag to None, run_after=None
[2023-03-11T12:39:32.777+0000] {processor.py:175} INFO - Processing /home/airflow/.local/lib/python3.7/site-packages/airflow/example_dags/tutorial_dag.py took 0.165 seconds
[2023-03-11T12:40:03.717+0000] {processor.py:153} INFO - Started process (PID=1743) to work on /home/airflow/.local/lib/python3.7/site-packages/airflow/example_dags/tutorial_dag.py
[2023-03-11T12:40:03.720+0000] {processor.py:743} INFO - Processing file /home/airflow/.local/lib/python3.7/site-packages/airflow/example_dags/tutorial_dag.py for tasks to queue
[2023-03-11T12:40:03.721+0000] {logging_mixin.py:137} INFO - [2023-03-11T12:40:03.720+0000] {dagbag.py:538} INFO - Filling up the DagBag from /home/airflow/.local/lib/python3.7/site-packages/airflow/example_dags/tutorial_dag.py
[2023-03-11T12:40:03.740+0000] {processor.py:753} INFO - DAG(s) dict_keys(['tutorial_dag']) retrieved from /home/airflow/.local/lib/python3.7/site-packages/airflow/example_dags/tutorial_dag.py
[2023-03-11T12:40:03.787+0000] {logging_mixin.py:137} INFO - [2023-03-11T12:40:03.787+0000] {dag.py:2690} INFO - Sync 1 DAGs
[2023-03-11T12:40:03.826+0000] {logging_mixin.py:137} INFO - [2023-03-11T12:40:03.825+0000] {dag.py:3441} INFO - Setting next_dagrun for tutorial_dag to None, run_after=None
[2023-03-11T12:40:03.871+0000] {processor.py:175} INFO - Processing /home/airflow/.local/lib/python3.7/site-packages/airflow/example_dags/tutorial_dag.py took 0.158 seconds
[2023-03-11T12:40:33.939+0000] {processor.py:153} INFO - Started process (PID=1854) to work on /home/airflow/.local/lib/python3.7/site-packages/airflow/example_dags/tutorial_dag.py
[2023-03-11T12:40:33.941+0000] {processor.py:743} INFO - Processing file /home/airflow/.local/lib/python3.7/site-packages/airflow/example_dags/tutorial_dag.py for tasks to queue
[2023-03-11T12:40:33.941+0000] {logging_mixin.py:137} INFO - [2023-03-11T12:40:33.941+0000] {dagbag.py:538} INFO - Filling up the DagBag from /home/airflow/.local/lib/python3.7/site-packages/airflow/example_dags/tutorial_dag.py
[2023-03-11T12:40:33.954+0000] {processor.py:753} INFO - DAG(s) dict_keys(['tutorial_dag']) retrieved from /home/airflow/.local/lib/python3.7/site-packages/airflow/example_dags/tutorial_dag.py
[2023-03-11T12:40:33.981+0000] {logging_mixin.py:137} INFO - [2023-03-11T12:40:33.981+0000] {dag.py:2690} INFO - Sync 1 DAGs
[2023-03-11T12:40:34.005+0000] {logging_mixin.py:137} INFO - [2023-03-11T12:40:34.005+0000] {dag.py:3441} INFO - Setting next_dagrun for tutorial_dag to None, run_after=None
[2023-03-11T12:40:34.024+0000] {processor.py:175} INFO - Processing /home/airflow/.local/lib/python3.7/site-packages/airflow/example_dags/tutorial_dag.py took 0.088 seconds
[2023-03-11T12:41:04.675+0000] {processor.py:153} INFO - Started process (PID=1941) to work on /home/airflow/.local/lib/python3.7/site-packages/airflow/example_dags/tutorial_dag.py
[2023-03-11T12:41:04.676+0000] {processor.py:743} INFO - Processing file /home/airflow/.local/lib/python3.7/site-packages/airflow/example_dags/tutorial_dag.py for tasks to queue
[2023-03-11T12:41:04.677+0000] {logging_mixin.py:137} INFO - [2023-03-11T12:41:04.676+0000] {dagbag.py:538} INFO - Filling up the DagBag from /home/airflow/.local/lib/python3.7/site-packages/airflow/example_dags/tutorial_dag.py
[2023-03-11T12:41:04.688+0000] {processor.py:753} INFO - DAG(s) dict_keys(['tutorial_dag']) retrieved from /home/airflow/.local/lib/python3.7/site-packages/airflow/example_dags/tutorial_dag.py
[2023-03-11T12:41:04.713+0000] {logging_mixin.py:137} INFO - [2023-03-11T12:41:04.713+0000] {dag.py:2690} INFO - Sync 1 DAGs
[2023-03-11T12:41:04.738+0000] {logging_mixin.py:137} INFO - [2023-03-11T12:41:04.738+0000] {dag.py:3441} INFO - Setting next_dagrun for tutorial_dag to None, run_after=None
[2023-03-11T12:41:04.756+0000] {processor.py:175} INFO - Processing /home/airflow/.local/lib/python3.7/site-packages/airflow/example_dags/tutorial_dag.py took 0.084 seconds
[2023-03-11T12:41:35.430+0000] {processor.py:153} INFO - Started process (PID=2028) to work on /home/airflow/.local/lib/python3.7/site-packages/airflow/example_dags/tutorial_dag.py
[2023-03-11T12:41:35.431+0000] {processor.py:743} INFO - Processing file /home/airflow/.local/lib/python3.7/site-packages/airflow/example_dags/tutorial_dag.py for tasks to queue
[2023-03-11T12:41:35.432+0000] {logging_mixin.py:137} INFO - [2023-03-11T12:41:35.432+0000] {dagbag.py:538} INFO - Filling up the DagBag from /home/airflow/.local/lib/python3.7/site-packages/airflow/example_dags/tutorial_dag.py
[2023-03-11T12:41:35.445+0000] {processor.py:753} INFO - DAG(s) dict_keys(['tutorial_dag']) retrieved from /home/airflow/.local/lib/python3.7/site-packages/airflow/example_dags/tutorial_dag.py
[2023-03-11T12:41:35.475+0000] {logging_mixin.py:137} INFO - [2023-03-11T12:41:35.475+0000] {dag.py:2690} INFO - Sync 1 DAGs
[2023-03-11T12:41:35.505+0000] {logging_mixin.py:137} INFO - [2023-03-11T12:41:35.504+0000] {dag.py:3441} INFO - Setting next_dagrun for tutorial_dag to None, run_after=None
[2023-03-11T12:41:35.524+0000] {processor.py:175} INFO - Processing /home/airflow/.local/lib/python3.7/site-packages/airflow/example_dags/tutorial_dag.py took 0.096 seconds
[2023-03-11T12:42:06.114+0000] {processor.py:153} INFO - Started process (PID=2139) to work on /home/airflow/.local/lib/python3.7/site-packages/airflow/example_dags/tutorial_dag.py
[2023-03-11T12:42:06.115+0000] {processor.py:743} INFO - Processing file /home/airflow/.local/lib/python3.7/site-packages/airflow/example_dags/tutorial_dag.py for tasks to queue
[2023-03-11T12:42:06.115+0000] {logging_mixin.py:137} INFO - [2023-03-11T12:42:06.115+0000] {dagbag.py:538} INFO - Filling up the DagBag from /home/airflow/.local/lib/python3.7/site-packages/airflow/example_dags/tutorial_dag.py
[2023-03-11T12:42:06.128+0000] {processor.py:753} INFO - DAG(s) dict_keys(['tutorial_dag']) retrieved from /home/airflow/.local/lib/python3.7/site-packages/airflow/example_dags/tutorial_dag.py
[2023-03-11T12:42:06.158+0000] {logging_mixin.py:137} INFO - [2023-03-11T12:42:06.157+0000] {dag.py:2690} INFO - Sync 1 DAGs
[2023-03-11T12:42:06.183+0000] {logging_mixin.py:137} INFO - [2023-03-11T12:42:06.183+0000] {dag.py:3441} INFO - Setting next_dagrun for tutorial_dag to None, run_after=None
[2023-03-11T12:42:06.201+0000] {processor.py:175} INFO - Processing /home/airflow/.local/lib/python3.7/site-packages/airflow/example_dags/tutorial_dag.py took 0.090 seconds
[2023-03-11T12:42:36.744+0000] {processor.py:153} INFO - Started process (PID=2226) to work on /home/airflow/.local/lib/python3.7/site-packages/airflow/example_dags/tutorial_dag.py
[2023-03-11T12:42:36.745+0000] {processor.py:743} INFO - Processing file /home/airflow/.local/lib/python3.7/site-packages/airflow/example_dags/tutorial_dag.py for tasks to queue
[2023-03-11T12:42:36.745+0000] {logging_mixin.py:137} INFO - [2023-03-11T12:42:36.745+0000] {dagbag.py:538} INFO - Filling up the DagBag from /home/airflow/.local/lib/python3.7/site-packages/airflow/example_dags/tutorial_dag.py
[2023-03-11T12:42:36.758+0000] {processor.py:753} INFO - DAG(s) dict_keys(['tutorial_dag']) retrieved from /home/airflow/.local/lib/python3.7/site-packages/airflow/example_dags/tutorial_dag.py
[2023-03-11T12:42:36.783+0000] {logging_mixin.py:137} INFO - [2023-03-11T12:42:36.783+0000] {dag.py:2690} INFO - Sync 1 DAGs
[2023-03-11T12:42:36.811+0000] {logging_mixin.py:137} INFO - [2023-03-11T12:42:36.810+0000] {dag.py:3441} INFO - Setting next_dagrun for tutorial_dag to None, run_after=None
[2023-03-11T12:42:36.830+0000] {processor.py:175} INFO - Processing /home/airflow/.local/lib/python3.7/site-packages/airflow/example_dags/tutorial_dag.py took 0.090 seconds
[2023-03-11T12:43:07.382+0000] {processor.py:153} INFO - Started process (PID=2337) to work on /home/airflow/.local/lib/python3.7/site-packages/airflow/example_dags/tutorial_dag.py
[2023-03-11T12:43:07.383+0000] {processor.py:743} INFO - Processing file /home/airflow/.local/lib/python3.7/site-packages/airflow/example_dags/tutorial_dag.py for tasks to queue
[2023-03-11T12:43:07.384+0000] {logging_mixin.py:137} INFO - [2023-03-11T12:43:07.384+0000] {dagbag.py:538} INFO - Filling up the DagBag from /home/airflow/.local/lib/python3.7/site-packages/airflow/example_dags/tutorial_dag.py
[2023-03-11T12:43:07.396+0000] {processor.py:753} INFO - DAG(s) dict_keys(['tutorial_dag']) retrieved from /home/airflow/.local/lib/python3.7/site-packages/airflow/example_dags/tutorial_dag.py
[2023-03-11T12:43:07.420+0000] {logging_mixin.py:137} INFO - [2023-03-11T12:43:07.420+0000] {dag.py:2690} INFO - Sync 1 DAGs
[2023-03-11T12:43:07.444+0000] {logging_mixin.py:137} INFO - [2023-03-11T12:43:07.444+0000] {dag.py:3441} INFO - Setting next_dagrun for tutorial_dag to None, run_after=None
[2023-03-11T12:43:07.464+0000] {processor.py:175} INFO - Processing /home/airflow/.local/lib/python3.7/site-packages/airflow/example_dags/tutorial_dag.py took 0.084 seconds
[2023-03-11T12:43:37.977+0000] {processor.py:153} INFO - Started process (PID=2424) to work on /home/airflow/.local/lib/python3.7/site-packages/airflow/example_dags/tutorial_dag.py
[2023-03-11T12:43:37.978+0000] {processor.py:743} INFO - Processing file /home/airflow/.local/lib/python3.7/site-packages/airflow/example_dags/tutorial_dag.py for tasks to queue
[2023-03-11T12:43:37.978+0000] {logging_mixin.py:137} INFO - [2023-03-11T12:43:37.978+0000] {dagbag.py:538} INFO - Filling up the DagBag from /home/airflow/.local/lib/python3.7/site-packages/airflow/example_dags/tutorial_dag.py
[2023-03-11T12:43:37.991+0000] {processor.py:753} INFO - DAG(s) dict_keys(['tutorial_dag']) retrieved from /home/airflow/.local/lib/python3.7/site-packages/airflow/example_dags/tutorial_dag.py
[2023-03-11T12:43:38.020+0000] {logging_mixin.py:137} INFO - [2023-03-11T12:43:38.020+0000] {dag.py:2690} INFO - Sync 1 DAGs
[2023-03-11T12:43:38.048+0000] {logging_mixin.py:137} INFO - [2023-03-11T12:43:38.048+0000] {dag.py:3441} INFO - Setting next_dagrun for tutorial_dag to None, run_after=None
[2023-03-11T12:43:38.066+0000] {processor.py:175} INFO - Processing /home/airflow/.local/lib/python3.7/site-packages/airflow/example_dags/tutorial_dag.py took 0.092 seconds
[2023-03-11T12:44:08.448+0000] {processor.py:153} INFO - Started process (PID=2518) to work on /home/airflow/.local/lib/python3.7/site-packages/airflow/example_dags/tutorial_dag.py
[2023-03-11T12:44:08.449+0000] {processor.py:743} INFO - Processing file /home/airflow/.local/lib/python3.7/site-packages/airflow/example_dags/tutorial_dag.py for tasks to queue
[2023-03-11T12:44:08.450+0000] {logging_mixin.py:137} INFO - [2023-03-11T12:44:08.449+0000] {dagbag.py:538} INFO - Filling up the DagBag from /home/airflow/.local/lib/python3.7/site-packages/airflow/example_dags/tutorial_dag.py
[2023-03-11T12:44:08.463+0000] {processor.py:753} INFO - DAG(s) dict_keys(['tutorial_dag']) retrieved from /home/airflow/.local/lib/python3.7/site-packages/airflow/example_dags/tutorial_dag.py
[2023-03-11T12:44:08.489+0000] {logging_mixin.py:137} INFO - [2023-03-11T12:44:08.488+0000] {dag.py:2690} INFO - Sync 1 DAGs
[2023-03-11T12:44:08.513+0000] {logging_mixin.py:137} INFO - [2023-03-11T12:44:08.513+0000] {dag.py:3441} INFO - Setting next_dagrun for tutorial_dag to None, run_after=None
[2023-03-11T12:44:08.531+0000] {processor.py:175} INFO - Processing /home/airflow/.local/lib/python3.7/site-packages/airflow/example_dags/tutorial_dag.py took 0.086 seconds
[2023-03-11T12:44:39.465+0000] {processor.py:153} INFO - Started process (PID=2622) to work on /home/airflow/.local/lib/python3.7/site-packages/airflow/example_dags/tutorial_dag.py
[2023-03-11T12:44:39.467+0000] {processor.py:743} INFO - Processing file /home/airflow/.local/lib/python3.7/site-packages/airflow/example_dags/tutorial_dag.py for tasks to queue
[2023-03-11T12:44:39.468+0000] {logging_mixin.py:137} INFO - [2023-03-11T12:44:39.468+0000] {dagbag.py:538} INFO - Filling up the DagBag from /home/airflow/.local/lib/python3.7/site-packages/airflow/example_dags/tutorial_dag.py
[2023-03-11T12:44:39.482+0000] {processor.py:753} INFO - DAG(s) dict_keys(['tutorial_dag']) retrieved from /home/airflow/.local/lib/python3.7/site-packages/airflow/example_dags/tutorial_dag.py
[2023-03-11T12:44:39.524+0000] {logging_mixin.py:137} INFO - [2023-03-11T12:44:39.524+0000] {dag.py:2690} INFO - Sync 1 DAGs
[2023-03-11T12:44:39.558+0000] {logging_mixin.py:137} INFO - [2023-03-11T12:44:39.558+0000] {dag.py:3441} INFO - Setting next_dagrun for tutorial_dag to None, run_after=None
[2023-03-11T12:44:39.589+0000] {processor.py:175} INFO - Processing /home/airflow/.local/lib/python3.7/site-packages/airflow/example_dags/tutorial_dag.py took 0.128 seconds
[2023-03-11T12:45:09.673+0000] {processor.py:153} INFO - Started process (PID=2709) to work on /home/airflow/.local/lib/python3.7/site-packages/airflow/example_dags/tutorial_dag.py
[2023-03-11T12:45:09.674+0000] {processor.py:743} INFO - Processing file /home/airflow/.local/lib/python3.7/site-packages/airflow/example_dags/tutorial_dag.py for tasks to queue
[2023-03-11T12:45:09.674+0000] {logging_mixin.py:137} INFO - [2023-03-11T12:45:09.674+0000] {dagbag.py:538} INFO - Filling up the DagBag from /home/airflow/.local/lib/python3.7/site-packages/airflow/example_dags/tutorial_dag.py
[2023-03-11T12:45:09.687+0000] {processor.py:753} INFO - DAG(s) dict_keys(['tutorial_dag']) retrieved from /home/airflow/.local/lib/python3.7/site-packages/airflow/example_dags/tutorial_dag.py
[2023-03-11T12:45:09.713+0000] {logging_mixin.py:137} INFO - [2023-03-11T12:45:09.712+0000] {dag.py:2690} INFO - Sync 1 DAGs
[2023-03-11T12:45:09.740+0000] {logging_mixin.py:137} INFO - [2023-03-11T12:45:09.739+0000] {dag.py:3441} INFO - Setting next_dagrun for tutorial_dag to None, run_after=None
[2023-03-11T12:45:09.758+0000] {processor.py:175} INFO - Processing /home/airflow/.local/lib/python3.7/site-packages/airflow/example_dags/tutorial_dag.py took 0.089 seconds
[2023-03-11T12:45:40.385+0000] {processor.py:153} INFO - Started process (PID=2820) to work on /home/airflow/.local/lib/python3.7/site-packages/airflow/example_dags/tutorial_dag.py
[2023-03-11T12:45:40.386+0000] {processor.py:743} INFO - Processing file /home/airflow/.local/lib/python3.7/site-packages/airflow/example_dags/tutorial_dag.py for tasks to queue
[2023-03-11T12:45:40.386+0000] {logging_mixin.py:137} INFO - [2023-03-11T12:45:40.386+0000] {dagbag.py:538} INFO - Filling up the DagBag from /home/airflow/.local/lib/python3.7/site-packages/airflow/example_dags/tutorial_dag.py
[2023-03-11T12:45:40.400+0000] {processor.py:753} INFO - DAG(s) dict_keys(['tutorial_dag']) retrieved from /home/airflow/.local/lib/python3.7/site-packages/airflow/example_dags/tutorial_dag.py
[2023-03-11T12:45:40.427+0000] {logging_mixin.py:137} INFO - [2023-03-11T12:45:40.426+0000] {dag.py:2690} INFO - Sync 1 DAGs
[2023-03-11T12:45:40.453+0000] {logging_mixin.py:137} INFO - [2023-03-11T12:45:40.453+0000] {dag.py:3441} INFO - Setting next_dagrun for tutorial_dag to None, run_after=None
[2023-03-11T12:45:40.471+0000] {processor.py:175} INFO - Processing /home/airflow/.local/lib/python3.7/site-packages/airflow/example_dags/tutorial_dag.py took 0.089 seconds
[2023-03-11T12:46:11.237+0000] {processor.py:153} INFO - Started process (PID=2907) to work on /home/airflow/.local/lib/python3.7/site-packages/airflow/example_dags/tutorial_dag.py
[2023-03-11T12:46:11.238+0000] {processor.py:743} INFO - Processing file /home/airflow/.local/lib/python3.7/site-packages/airflow/example_dags/tutorial_dag.py for tasks to queue
[2023-03-11T12:46:11.239+0000] {logging_mixin.py:137} INFO - [2023-03-11T12:46:11.238+0000] {dagbag.py:538} INFO - Filling up the DagBag from /home/airflow/.local/lib/python3.7/site-packages/airflow/example_dags/tutorial_dag.py
[2023-03-11T12:46:11.252+0000] {processor.py:753} INFO - DAG(s) dict_keys(['tutorial_dag']) retrieved from /home/airflow/.local/lib/python3.7/site-packages/airflow/example_dags/tutorial_dag.py
[2023-03-11T12:46:11.277+0000] {logging_mixin.py:137} INFO - [2023-03-11T12:46:11.277+0000] {dag.py:2690} INFO - Sync 1 DAGs
[2023-03-11T12:46:11.303+0000] {logging_mixin.py:137} INFO - [2023-03-11T12:46:11.303+0000] {dag.py:3441} INFO - Setting next_dagrun for tutorial_dag to None, run_after=None
[2023-03-11T12:46:11.322+0000] {processor.py:175} INFO - Processing /home/airflow/.local/lib/python3.7/site-packages/airflow/example_dags/tutorial_dag.py took 0.088 seconds
[2023-03-11T12:46:42.030+0000] {processor.py:153} INFO - Started process (PID=3003) to work on /home/airflow/.local/lib/python3.7/site-packages/airflow/example_dags/tutorial_dag.py
[2023-03-11T12:46:42.031+0000] {processor.py:743} INFO - Processing file /home/airflow/.local/lib/python3.7/site-packages/airflow/example_dags/tutorial_dag.py for tasks to queue
[2023-03-11T12:46:42.031+0000] {logging_mixin.py:137} INFO - [2023-03-11T12:46:42.031+0000] {dagbag.py:538} INFO - Filling up the DagBag from /home/airflow/.local/lib/python3.7/site-packages/airflow/example_dags/tutorial_dag.py
[2023-03-11T12:46:42.045+0000] {processor.py:753} INFO - DAG(s) dict_keys(['tutorial_dag']) retrieved from /home/airflow/.local/lib/python3.7/site-packages/airflow/example_dags/tutorial_dag.py
[2023-03-11T12:46:42.070+0000] {logging_mixin.py:137} INFO - [2023-03-11T12:46:42.070+0000] {dag.py:2690} INFO - Sync 1 DAGs
[2023-03-11T12:46:42.096+0000] {logging_mixin.py:137} INFO - [2023-03-11T12:46:42.096+0000] {dag.py:3441} INFO - Setting next_dagrun for tutorial_dag to None, run_after=None
[2023-03-11T12:46:42.114+0000] {processor.py:175} INFO - Processing /home/airflow/.local/lib/python3.7/site-packages/airflow/example_dags/tutorial_dag.py took 0.087 seconds
[2023-03-11T12:47:12.837+0000] {processor.py:153} INFO - Started process (PID=3105) to work on /home/airflow/.local/lib/python3.7/site-packages/airflow/example_dags/tutorial_dag.py
[2023-03-11T12:47:12.838+0000] {processor.py:743} INFO - Processing file /home/airflow/.local/lib/python3.7/site-packages/airflow/example_dags/tutorial_dag.py for tasks to queue
[2023-03-11T12:47:12.839+0000] {logging_mixin.py:137} INFO - [2023-03-11T12:47:12.839+0000] {dagbag.py:538} INFO - Filling up the DagBag from /home/airflow/.local/lib/python3.7/site-packages/airflow/example_dags/tutorial_dag.py
[2023-03-11T12:47:12.851+0000] {processor.py:753} INFO - DAG(s) dict_keys(['tutorial_dag']) retrieved from /home/airflow/.local/lib/python3.7/site-packages/airflow/example_dags/tutorial_dag.py
[2023-03-11T12:47:12.876+0000] {logging_mixin.py:137} INFO - [2023-03-11T12:47:12.876+0000] {dag.py:2690} INFO - Sync 1 DAGs
[2023-03-11T12:47:12.901+0000] {logging_mixin.py:137} INFO - [2023-03-11T12:47:12.901+0000] {dag.py:3441} INFO - Setting next_dagrun for tutorial_dag to None, run_after=None
[2023-03-11T12:47:12.919+0000] {processor.py:175} INFO - Processing /home/airflow/.local/lib/python3.7/site-packages/airflow/example_dags/tutorial_dag.py took 0.085 seconds
[2023-03-11T12:47:43.590+0000] {processor.py:153} INFO - Started process (PID=3192) to work on /home/airflow/.local/lib/python3.7/site-packages/airflow/example_dags/tutorial_dag.py
[2023-03-11T12:47:43.591+0000] {processor.py:743} INFO - Processing file /home/airflow/.local/lib/python3.7/site-packages/airflow/example_dags/tutorial_dag.py for tasks to queue
[2023-03-11T12:47:43.592+0000] {logging_mixin.py:137} INFO - [2023-03-11T12:47:43.592+0000] {dagbag.py:538} INFO - Filling up the DagBag from /home/airflow/.local/lib/python3.7/site-packages/airflow/example_dags/tutorial_dag.py
[2023-03-11T12:47:43.604+0000] {processor.py:753} INFO - DAG(s) dict_keys(['tutorial_dag']) retrieved from /home/airflow/.local/lib/python3.7/site-packages/airflow/example_dags/tutorial_dag.py
[2023-03-11T12:47:43.628+0000] {logging_mixin.py:137} INFO - [2023-03-11T12:47:43.628+0000] {dag.py:2690} INFO - Sync 1 DAGs
[2023-03-11T12:47:43.653+0000] {logging_mixin.py:137} INFO - [2023-03-11T12:47:43.653+0000] {dag.py:3441} INFO - Setting next_dagrun for tutorial_dag to None, run_after=None
[2023-03-11T12:47:43.670+0000] {processor.py:175} INFO - Processing /home/airflow/.local/lib/python3.7/site-packages/airflow/example_dags/tutorial_dag.py took 0.082 seconds
[2023-03-11T12:48:14.566+0000] {processor.py:153} INFO - Started process (PID=3303) to work on /home/airflow/.local/lib/python3.7/site-packages/airflow/example_dags/tutorial_dag.py
[2023-03-11T12:48:14.567+0000] {processor.py:743} INFO - Processing file /home/airflow/.local/lib/python3.7/site-packages/airflow/example_dags/tutorial_dag.py for tasks to queue
[2023-03-11T12:48:14.567+0000] {logging_mixin.py:137} INFO - [2023-03-11T12:48:14.567+0000] {dagbag.py:538} INFO - Filling up the DagBag from /home/airflow/.local/lib/python3.7/site-packages/airflow/example_dags/tutorial_dag.py
[2023-03-11T12:48:14.580+0000] {processor.py:753} INFO - DAG(s) dict_keys(['tutorial_dag']) retrieved from /home/airflow/.local/lib/python3.7/site-packages/airflow/example_dags/tutorial_dag.py
[2023-03-11T12:48:14.604+0000] {logging_mixin.py:137} INFO - [2023-03-11T12:48:14.604+0000] {dag.py:2690} INFO - Sync 1 DAGs
[2023-03-11T12:48:14.628+0000] {logging_mixin.py:137} INFO - [2023-03-11T12:48:14.627+0000] {dag.py:3441} INFO - Setting next_dagrun for tutorial_dag to None, run_after=None
[2023-03-11T12:48:14.647+0000] {processor.py:175} INFO - Processing /home/airflow/.local/lib/python3.7/site-packages/airflow/example_dags/tutorial_dag.py took 0.084 seconds
[2023-03-11T12:48:45.236+0000] {processor.py:153} INFO - Started process (PID=3390) to work on /home/airflow/.local/lib/python3.7/site-packages/airflow/example_dags/tutorial_dag.py
[2023-03-11T12:48:45.237+0000] {processor.py:743} INFO - Processing file /home/airflow/.local/lib/python3.7/site-packages/airflow/example_dags/tutorial_dag.py for tasks to queue
[2023-03-11T12:48:45.237+0000] {logging_mixin.py:137} INFO - [2023-03-11T12:48:45.237+0000] {dagbag.py:538} INFO - Filling up the DagBag from /home/airflow/.local/lib/python3.7/site-packages/airflow/example_dags/tutorial_dag.py
[2023-03-11T12:48:45.251+0000] {processor.py:753} INFO - DAG(s) dict_keys(['tutorial_dag']) retrieved from /home/airflow/.local/lib/python3.7/site-packages/airflow/example_dags/tutorial_dag.py
[2023-03-11T12:48:45.275+0000] {logging_mixin.py:137} INFO - [2023-03-11T12:48:45.275+0000] {dag.py:2690} INFO - Sync 1 DAGs
[2023-03-11T12:48:45.302+0000] {logging_mixin.py:137} INFO - [2023-03-11T12:48:45.302+0000] {dag.py:3441} INFO - Setting next_dagrun for tutorial_dag to None, run_after=None
[2023-03-11T12:48:45.322+0000] {processor.py:175} INFO - Processing /home/airflow/.local/lib/python3.7/site-packages/airflow/example_dags/tutorial_dag.py took 0.089 seconds
[2023-03-11T12:49:15.401+0000] {processor.py:153} INFO - Started process (PID=3501) to work on /home/airflow/.local/lib/python3.7/site-packages/airflow/example_dags/tutorial_dag.py
[2023-03-11T12:49:15.401+0000] {processor.py:743} INFO - Processing file /home/airflow/.local/lib/python3.7/site-packages/airflow/example_dags/tutorial_dag.py for tasks to queue
[2023-03-11T12:49:15.402+0000] {logging_mixin.py:137} INFO - [2023-03-11T12:49:15.402+0000] {dagbag.py:538} INFO - Filling up the DagBag from /home/airflow/.local/lib/python3.7/site-packages/airflow/example_dags/tutorial_dag.py
[2023-03-11T12:49:15.413+0000] {processor.py:753} INFO - DAG(s) dict_keys(['tutorial_dag']) retrieved from /home/airflow/.local/lib/python3.7/site-packages/airflow/example_dags/tutorial_dag.py
[2023-03-11T12:49:15.436+0000] {logging_mixin.py:137} INFO - [2023-03-11T12:49:15.436+0000] {dag.py:2690} INFO - Sync 1 DAGs
[2023-03-11T12:49:15.461+0000] {logging_mixin.py:137} INFO - [2023-03-11T12:49:15.461+0000] {dag.py:3441} INFO - Setting next_dagrun for tutorial_dag to None, run_after=None
[2023-03-11T12:49:15.478+0000] {processor.py:175} INFO - Processing /home/airflow/.local/lib/python3.7/site-packages/airflow/example_dags/tutorial_dag.py took 0.080 seconds
[2023-03-11T12:49:45.706+0000] {processor.py:153} INFO - Started process (PID=3588) to work on /home/airflow/.local/lib/python3.7/site-packages/airflow/example_dags/tutorial_dag.py
[2023-03-11T12:49:45.707+0000] {processor.py:743} INFO - Processing file /home/airflow/.local/lib/python3.7/site-packages/airflow/example_dags/tutorial_dag.py for tasks to queue
[2023-03-11T12:49:45.708+0000] {logging_mixin.py:137} INFO - [2023-03-11T12:49:45.708+0000] {dagbag.py:538} INFO - Filling up the DagBag from /home/airflow/.local/lib/python3.7/site-packages/airflow/example_dags/tutorial_dag.py
[2023-03-11T12:49:45.723+0000] {processor.py:753} INFO - DAG(s) dict_keys(['tutorial_dag']) retrieved from /home/airflow/.local/lib/python3.7/site-packages/airflow/example_dags/tutorial_dag.py
[2023-03-11T12:49:45.762+0000] {logging_mixin.py:137} INFO - [2023-03-11T12:49:45.761+0000] {dag.py:2690} INFO - Sync 1 DAGs
[2023-03-11T12:49:45.800+0000] {logging_mixin.py:137} INFO - [2023-03-11T12:49:45.800+0000] {dag.py:3441} INFO - Setting next_dagrun for tutorial_dag to None, run_after=None
[2023-03-11T12:49:45.844+0000] {processor.py:175} INFO - Processing /home/airflow/.local/lib/python3.7/site-packages/airflow/example_dags/tutorial_dag.py took 0.142 seconds
