[2023-03-11T12:31:20.026+0000] {processor.py:153} INFO - Started process (PID=120) to work on /home/airflow/.local/lib/python3.7/site-packages/airflow/example_dags/tutorial.py
[2023-03-11T12:31:20.027+0000] {processor.py:743} INFO - Processing file /home/airflow/.local/lib/python3.7/site-packages/airflow/example_dags/tutorial.py for tasks to queue
[2023-03-11T12:31:20.028+0000] {logging_mixin.py:137} INFO - [2023-03-11T12:31:20.028+0000] {dagbag.py:538} INFO - Filling up the DagBag from /home/airflow/.local/lib/python3.7/site-packages/airflow/example_dags/tutorial.py
[2023-03-11T12:31:20.043+0000] {processor.py:753} INFO - DAG(s) dict_keys(['tutorial']) retrieved from /home/airflow/.local/lib/python3.7/site-packages/airflow/example_dags/tutorial.py
[2023-03-11T12:31:20.056+0000] {logging_mixin.py:137} INFO - [2023-03-11T12:31:20.056+0000] {dag.py:2690} INFO - Sync 1 DAGs
[2023-03-11T12:31:20.081+0000] {logging_mixin.py:137} INFO - [2023-03-11T12:31:20.081+0000] {dag.py:3441} INFO - Setting next_dagrun for tutorial to 2023-03-10T12:31:20.080775+00:00, run_after=2023-03-11T12:31:20.080775+00:00
[2023-03-11T12:31:20.103+0000] {processor.py:175} INFO - Processing /home/airflow/.local/lib/python3.7/site-packages/airflow/example_dags/tutorial.py took 0.079 seconds
[2023-03-11T12:31:51.040+0000] {processor.py:153} INFO - Started process (PID=207) to work on /home/airflow/.local/lib/python3.7/site-packages/airflow/example_dags/tutorial.py
[2023-03-11T12:31:51.041+0000] {processor.py:743} INFO - Processing file /home/airflow/.local/lib/python3.7/site-packages/airflow/example_dags/tutorial.py for tasks to queue
[2023-03-11T12:31:51.042+0000] {logging_mixin.py:137} INFO - [2023-03-11T12:31:51.042+0000] {dagbag.py:538} INFO - Filling up the DagBag from /home/airflow/.local/lib/python3.7/site-packages/airflow/example_dags/tutorial.py
[2023-03-11T12:31:51.054+0000] {processor.py:753} INFO - DAG(s) dict_keys(['tutorial']) retrieved from /home/airflow/.local/lib/python3.7/site-packages/airflow/example_dags/tutorial.py
[2023-03-11T12:31:51.077+0000] {logging_mixin.py:137} INFO - [2023-03-11T12:31:51.077+0000] {dag.py:2690} INFO - Sync 1 DAGs
[2023-03-11T12:31:51.109+0000] {logging_mixin.py:137} INFO - [2023-03-11T12:31:51.109+0000] {dag.py:3441} INFO - Setting next_dagrun for tutorial to 2023-03-10T12:31:51.109222+00:00, run_after=2023-03-11T12:31:51.109222+00:00
[2023-03-11T12:31:51.128+0000] {processor.py:175} INFO - Processing /home/airflow/.local/lib/python3.7/site-packages/airflow/example_dags/tutorial.py took 0.091 seconds
[2023-03-11T12:32:21.830+0000] {processor.py:153} INFO - Started process (PID=294) to work on /home/airflow/.local/lib/python3.7/site-packages/airflow/example_dags/tutorial.py
[2023-03-11T12:32:21.832+0000] {processor.py:743} INFO - Processing file /home/airflow/.local/lib/python3.7/site-packages/airflow/example_dags/tutorial.py for tasks to queue
[2023-03-11T12:32:21.832+0000] {logging_mixin.py:137} INFO - [2023-03-11T12:32:21.832+0000] {dagbag.py:538} INFO - Filling up the DagBag from /home/airflow/.local/lib/python3.7/site-packages/airflow/example_dags/tutorial.py
[2023-03-11T12:32:21.848+0000] {processor.py:753} INFO - DAG(s) dict_keys(['tutorial']) retrieved from /home/airflow/.local/lib/python3.7/site-packages/airflow/example_dags/tutorial.py
[2023-03-11T12:32:21.876+0000] {logging_mixin.py:137} INFO - [2023-03-11T12:32:21.876+0000] {dag.py:2690} INFO - Sync 1 DAGs
[2023-03-11T12:32:21.906+0000] {logging_mixin.py:137} INFO - [2023-03-11T12:32:21.906+0000] {dag.py:3441} INFO - Setting next_dagrun for tutorial to 2023-03-10T12:32:21.905965+00:00, run_after=2023-03-11T12:32:21.905965+00:00
[2023-03-11T12:32:21.928+0000] {processor.py:175} INFO - Processing /home/airflow/.local/lib/python3.7/site-packages/airflow/example_dags/tutorial.py took 0.100 seconds
[2023-03-11T12:32:52.847+0000] {processor.py:153} INFO - Started process (PID=405) to work on /home/airflow/.local/lib/python3.7/site-packages/airflow/example_dags/tutorial.py
[2023-03-11T12:32:52.848+0000] {processor.py:743} INFO - Processing file /home/airflow/.local/lib/python3.7/site-packages/airflow/example_dags/tutorial.py for tasks to queue
[2023-03-11T12:32:52.849+0000] {logging_mixin.py:137} INFO - [2023-03-11T12:32:52.849+0000] {dagbag.py:538} INFO - Filling up the DagBag from /home/airflow/.local/lib/python3.7/site-packages/airflow/example_dags/tutorial.py
[2023-03-11T12:32:52.862+0000] {processor.py:753} INFO - DAG(s) dict_keys(['tutorial']) retrieved from /home/airflow/.local/lib/python3.7/site-packages/airflow/example_dags/tutorial.py
[2023-03-11T12:32:52.891+0000] {logging_mixin.py:137} INFO - [2023-03-11T12:32:52.891+0000] {dag.py:2690} INFO - Sync 1 DAGs
[2023-03-11T12:32:52.922+0000] {logging_mixin.py:137} INFO - [2023-03-11T12:32:52.921+0000] {dag.py:3441} INFO - Setting next_dagrun for tutorial to 2023-03-10T12:32:52.921531+00:00, run_after=2023-03-11T12:32:52.921531+00:00
[2023-03-11T12:32:52.941+0000] {processor.py:175} INFO - Processing /home/airflow/.local/lib/python3.7/site-packages/airflow/example_dags/tutorial.py took 0.097 seconds
[2023-03-11T12:33:23.758+0000] {processor.py:153} INFO - Started process (PID=492) to work on /home/airflow/.local/lib/python3.7/site-packages/airflow/example_dags/tutorial.py
[2023-03-11T12:33:23.759+0000] {processor.py:743} INFO - Processing file /home/airflow/.local/lib/python3.7/site-packages/airflow/example_dags/tutorial.py for tasks to queue
[2023-03-11T12:33:23.759+0000] {logging_mixin.py:137} INFO - [2023-03-11T12:33:23.759+0000] {dagbag.py:538} INFO - Filling up the DagBag from /home/airflow/.local/lib/python3.7/site-packages/airflow/example_dags/tutorial.py
[2023-03-11T12:33:23.773+0000] {processor.py:753} INFO - DAG(s) dict_keys(['tutorial']) retrieved from /home/airflow/.local/lib/python3.7/site-packages/airflow/example_dags/tutorial.py
[2023-03-11T12:33:23.798+0000] {logging_mixin.py:137} INFO - [2023-03-11T12:33:23.797+0000] {dag.py:2690} INFO - Sync 1 DAGs
[2023-03-11T12:33:23.829+0000] {logging_mixin.py:137} INFO - [2023-03-11T12:33:23.829+0000] {dag.py:3441} INFO - Setting next_dagrun for tutorial to 2023-03-10T12:33:23.829466+00:00, run_after=2023-03-11T12:33:23.829466+00:00
[2023-03-11T12:33:23.852+0000] {processor.py:175} INFO - Processing /home/airflow/.local/lib/python3.7/site-packages/airflow/example_dags/tutorial.py took 0.098 seconds
[2023-03-11T12:33:54.723+0000] {processor.py:153} INFO - Started process (PID=603) to work on /home/airflow/.local/lib/python3.7/site-packages/airflow/example_dags/tutorial.py
[2023-03-11T12:33:54.724+0000] {processor.py:743} INFO - Processing file /home/airflow/.local/lib/python3.7/site-packages/airflow/example_dags/tutorial.py for tasks to queue
[2023-03-11T12:33:54.725+0000] {logging_mixin.py:137} INFO - [2023-03-11T12:33:54.725+0000] {dagbag.py:538} INFO - Filling up the DagBag from /home/airflow/.local/lib/python3.7/site-packages/airflow/example_dags/tutorial.py
[2023-03-11T12:33:54.740+0000] {processor.py:753} INFO - DAG(s) dict_keys(['tutorial']) retrieved from /home/airflow/.local/lib/python3.7/site-packages/airflow/example_dags/tutorial.py
[2023-03-11T12:33:54.766+0000] {logging_mixin.py:137} INFO - [2023-03-11T12:33:54.766+0000] {dag.py:2690} INFO - Sync 1 DAGs
[2023-03-11T12:33:54.794+0000] {logging_mixin.py:137} INFO - [2023-03-11T12:33:54.794+0000] {dag.py:3441} INFO - Setting next_dagrun for tutorial to 2023-03-10T12:33:54.793874+00:00, run_after=2023-03-11T12:33:54.793874+00:00
[2023-03-11T12:33:54.814+0000] {processor.py:175} INFO - Processing /home/airflow/.local/lib/python3.7/site-packages/airflow/example_dags/tutorial.py took 0.093 seconds
[2023-03-11T12:34:25.876+0000] {processor.py:153} INFO - Started process (PID=690) to work on /home/airflow/.local/lib/python3.7/site-packages/airflow/example_dags/tutorial.py
[2023-03-11T12:34:25.878+0000] {processor.py:743} INFO - Processing file /home/airflow/.local/lib/python3.7/site-packages/airflow/example_dags/tutorial.py for tasks to queue
[2023-03-11T12:34:25.880+0000] {logging_mixin.py:137} INFO - [2023-03-11T12:34:25.880+0000] {dagbag.py:538} INFO - Filling up the DagBag from /home/airflow/.local/lib/python3.7/site-packages/airflow/example_dags/tutorial.py
[2023-03-11T12:34:25.897+0000] {processor.py:753} INFO - DAG(s) dict_keys(['tutorial']) retrieved from /home/airflow/.local/lib/python3.7/site-packages/airflow/example_dags/tutorial.py
[2023-03-11T12:34:25.944+0000] {logging_mixin.py:137} INFO - [2023-03-11T12:34:25.944+0000] {dag.py:2690} INFO - Sync 1 DAGs
[2023-03-11T12:34:25.985+0000] {logging_mixin.py:137} INFO - [2023-03-11T12:34:25.985+0000] {dag.py:3441} INFO - Setting next_dagrun for tutorial to 2023-03-10T12:34:25.985086+00:00, run_after=2023-03-11T12:34:25.985086+00:00
[2023-03-11T12:34:26.038+0000] {processor.py:175} INFO - Processing /home/airflow/.local/lib/python3.7/site-packages/airflow/example_dags/tutorial.py took 0.168 seconds
[2023-03-11T12:34:56.921+0000] {processor.py:153} INFO - Started process (PID=786) to work on /home/airflow/.local/lib/python3.7/site-packages/airflow/example_dags/tutorial.py
[2023-03-11T12:34:56.922+0000] {processor.py:743} INFO - Processing file /home/airflow/.local/lib/python3.7/site-packages/airflow/example_dags/tutorial.py for tasks to queue
[2023-03-11T12:34:56.922+0000] {logging_mixin.py:137} INFO - [2023-03-11T12:34:56.922+0000] {dagbag.py:538} INFO - Filling up the DagBag from /home/airflow/.local/lib/python3.7/site-packages/airflow/example_dags/tutorial.py
[2023-03-11T12:34:56.938+0000] {processor.py:753} INFO - DAG(s) dict_keys(['tutorial']) retrieved from /home/airflow/.local/lib/python3.7/site-packages/airflow/example_dags/tutorial.py
[2023-03-11T12:34:56.983+0000] {logging_mixin.py:137} INFO - [2023-03-11T12:34:56.983+0000] {dag.py:2690} INFO - Sync 1 DAGs
[2023-03-11T12:34:57.025+0000] {logging_mixin.py:137} INFO - [2023-03-11T12:34:57.025+0000] {dag.py:3441} INFO - Setting next_dagrun for tutorial to 2023-03-10T12:34:57.025047+00:00, run_after=2023-03-11T12:34:57.025047+00:00
[2023-03-11T12:34:57.070+0000] {processor.py:175} INFO - Processing /home/airflow/.local/lib/python3.7/site-packages/airflow/example_dags/tutorial.py took 0.155 seconds
[2023-03-11T12:35:27.528+0000] {processor.py:153} INFO - Started process (PID=888) to work on /home/airflow/.local/lib/python3.7/site-packages/airflow/example_dags/tutorial.py
[2023-03-11T12:35:27.529+0000] {processor.py:743} INFO - Processing file /home/airflow/.local/lib/python3.7/site-packages/airflow/example_dags/tutorial.py for tasks to queue
[2023-03-11T12:35:27.530+0000] {logging_mixin.py:137} INFO - [2023-03-11T12:35:27.530+0000] {dagbag.py:538} INFO - Filling up the DagBag from /home/airflow/.local/lib/python3.7/site-packages/airflow/example_dags/tutorial.py
[2023-03-11T12:35:27.549+0000] {processor.py:753} INFO - DAG(s) dict_keys(['tutorial']) retrieved from /home/airflow/.local/lib/python3.7/site-packages/airflow/example_dags/tutorial.py
[2023-03-11T12:35:27.594+0000] {logging_mixin.py:137} INFO - [2023-03-11T12:35:27.594+0000] {dag.py:2690} INFO - Sync 1 DAGs
[2023-03-11T12:35:27.636+0000] {logging_mixin.py:137} INFO - [2023-03-11T12:35:27.636+0000] {dag.py:3441} INFO - Setting next_dagrun for tutorial to 2023-03-10T12:35:27.635647+00:00, run_after=2023-03-11T12:35:27.635647+00:00
[2023-03-11T12:35:27.684+0000] {processor.py:175} INFO - Processing /home/airflow/.local/lib/python3.7/site-packages/airflow/example_dags/tutorial.py took 0.160 seconds
[2023-03-11T12:35:57.725+0000] {processor.py:153} INFO - Started process (PID=975) to work on /home/airflow/.local/lib/python3.7/site-packages/airflow/example_dags/tutorial.py
[2023-03-11T12:35:57.726+0000] {processor.py:743} INFO - Processing file /home/airflow/.local/lib/python3.7/site-packages/airflow/example_dags/tutorial.py for tasks to queue
[2023-03-11T12:35:57.727+0000] {logging_mixin.py:137} INFO - [2023-03-11T12:35:57.727+0000] {dagbag.py:538} INFO - Filling up the DagBag from /home/airflow/.local/lib/python3.7/site-packages/airflow/example_dags/tutorial.py
[2023-03-11T12:35:57.740+0000] {processor.py:753} INFO - DAG(s) dict_keys(['tutorial']) retrieved from /home/airflow/.local/lib/python3.7/site-packages/airflow/example_dags/tutorial.py
[2023-03-11T12:35:57.766+0000] {logging_mixin.py:137} INFO - [2023-03-11T12:35:57.766+0000] {dag.py:2690} INFO - Sync 1 DAGs
[2023-03-11T12:35:57.792+0000] {logging_mixin.py:137} INFO - [2023-03-11T12:35:57.791+0000] {dag.py:3441} INFO - Setting next_dagrun for tutorial to 2023-03-10T12:35:57.791686+00:00, run_after=2023-03-11T12:35:57.791686+00:00
[2023-03-11T12:35:57.809+0000] {processor.py:175} INFO - Processing /home/airflow/.local/lib/python3.7/site-packages/airflow/example_dags/tutorial.py took 0.087 seconds
[2023-03-11T12:36:28.352+0000] {processor.py:153} INFO - Started process (PID=1086) to work on /home/airflow/.local/lib/python3.7/site-packages/airflow/example_dags/tutorial.py
[2023-03-11T12:36:28.353+0000] {processor.py:743} INFO - Processing file /home/airflow/.local/lib/python3.7/site-packages/airflow/example_dags/tutorial.py for tasks to queue
[2023-03-11T12:36:28.354+0000] {logging_mixin.py:137} INFO - [2023-03-11T12:36:28.354+0000] {dagbag.py:538} INFO - Filling up the DagBag from /home/airflow/.local/lib/python3.7/site-packages/airflow/example_dags/tutorial.py
[2023-03-11T12:36:28.367+0000] {processor.py:753} INFO - DAG(s) dict_keys(['tutorial']) retrieved from /home/airflow/.local/lib/python3.7/site-packages/airflow/example_dags/tutorial.py
[2023-03-11T12:36:28.392+0000] {logging_mixin.py:137} INFO - [2023-03-11T12:36:28.392+0000] {dag.py:2690} INFO - Sync 1 DAGs
[2023-03-11T12:36:28.419+0000] {logging_mixin.py:137} INFO - [2023-03-11T12:36:28.418+0000] {dag.py:3441} INFO - Setting next_dagrun for tutorial to 2023-03-10T12:36:28.418590+00:00, run_after=2023-03-11T12:36:28.418590+00:00
[2023-03-11T12:36:28.438+0000] {processor.py:175} INFO - Processing /home/airflow/.local/lib/python3.7/site-packages/airflow/example_dags/tutorial.py took 0.089 seconds
[2023-03-11T12:36:58.884+0000] {processor.py:153} INFO - Started process (PID=1173) to work on /home/airflow/.local/lib/python3.7/site-packages/airflow/example_dags/tutorial.py
[2023-03-11T12:36:58.885+0000] {processor.py:743} INFO - Processing file /home/airflow/.local/lib/python3.7/site-packages/airflow/example_dags/tutorial.py for tasks to queue
[2023-03-11T12:36:58.886+0000] {logging_mixin.py:137} INFO - [2023-03-11T12:36:58.886+0000] {dagbag.py:538} INFO - Filling up the DagBag from /home/airflow/.local/lib/python3.7/site-packages/airflow/example_dags/tutorial.py
[2023-03-11T12:36:58.901+0000] {processor.py:753} INFO - DAG(s) dict_keys(['tutorial']) retrieved from /home/airflow/.local/lib/python3.7/site-packages/airflow/example_dags/tutorial.py
[2023-03-11T12:36:58.925+0000] {logging_mixin.py:137} INFO - [2023-03-11T12:36:58.925+0000] {dag.py:2690} INFO - Sync 1 DAGs
[2023-03-11T12:36:58.951+0000] {logging_mixin.py:137} INFO - [2023-03-11T12:36:58.950+0000] {dag.py:3441} INFO - Setting next_dagrun for tutorial to 2023-03-10T12:36:58.950624+00:00, run_after=2023-03-11T12:36:58.950624+00:00
[2023-03-11T12:36:58.969+0000] {processor.py:175} INFO - Processing /home/airflow/.local/lib/python3.7/site-packages/airflow/example_dags/tutorial.py took 0.087 seconds
[2023-03-11T12:37:29.644+0000] {processor.py:153} INFO - Started process (PID=1260) to work on /home/airflow/.local/lib/python3.7/site-packages/airflow/example_dags/tutorial.py
[2023-03-11T12:37:29.645+0000] {processor.py:743} INFO - Processing file /home/airflow/.local/lib/python3.7/site-packages/airflow/example_dags/tutorial.py for tasks to queue
[2023-03-11T12:37:29.645+0000] {logging_mixin.py:137} INFO - [2023-03-11T12:37:29.645+0000] {dagbag.py:538} INFO - Filling up the DagBag from /home/airflow/.local/lib/python3.7/site-packages/airflow/example_dags/tutorial.py
[2023-03-11T12:37:29.658+0000] {processor.py:753} INFO - DAG(s) dict_keys(['tutorial']) retrieved from /home/airflow/.local/lib/python3.7/site-packages/airflow/example_dags/tutorial.py
[2023-03-11T12:37:29.683+0000] {logging_mixin.py:137} INFO - [2023-03-11T12:37:29.683+0000] {dag.py:2690} INFO - Sync 1 DAGs
[2023-03-11T12:37:29.711+0000] {logging_mixin.py:137} INFO - [2023-03-11T12:37:29.711+0000] {dag.py:3441} INFO - Setting next_dagrun for tutorial to 2023-03-10T12:37:29.711418+00:00, run_after=2023-03-11T12:37:29.711418+00:00
[2023-03-11T12:37:29.733+0000] {processor.py:175} INFO - Processing /home/airflow/.local/lib/python3.7/site-packages/airflow/example_dags/tutorial.py took 0.092 seconds
[2023-03-11T12:38:00.119+0000] {processor.py:153} INFO - Started process (PID=1371) to work on /home/airflow/.local/lib/python3.7/site-packages/airflow/example_dags/tutorial.py
[2023-03-11T12:38:00.121+0000] {processor.py:743} INFO - Processing file /home/airflow/.local/lib/python3.7/site-packages/airflow/example_dags/tutorial.py for tasks to queue
[2023-03-11T12:38:00.121+0000] {logging_mixin.py:137} INFO - [2023-03-11T12:38:00.121+0000] {dagbag.py:538} INFO - Filling up the DagBag from /home/airflow/.local/lib/python3.7/site-packages/airflow/example_dags/tutorial.py
[2023-03-11T12:38:00.135+0000] {processor.py:753} INFO - DAG(s) dict_keys(['tutorial']) retrieved from /home/airflow/.local/lib/python3.7/site-packages/airflow/example_dags/tutorial.py
[2023-03-11T12:38:00.161+0000] {logging_mixin.py:137} INFO - [2023-03-11T12:38:00.161+0000] {dag.py:2690} INFO - Sync 1 DAGs
[2023-03-11T12:38:00.188+0000] {logging_mixin.py:137} INFO - [2023-03-11T12:38:00.187+0000] {dag.py:3441} INFO - Setting next_dagrun for tutorial to 2023-03-10T12:38:00.187619+00:00, run_after=2023-03-11T12:38:00.187619+00:00
[2023-03-11T12:38:00.207+0000] {processor.py:175} INFO - Processing /home/airflow/.local/lib/python3.7/site-packages/airflow/example_dags/tutorial.py took 0.091 seconds
[2023-03-11T12:38:30.989+0000] {processor.py:153} INFO - Started process (PID=1457) to work on /home/airflow/.local/lib/python3.7/site-packages/airflow/example_dags/tutorial.py
[2023-03-11T12:38:30.990+0000] {processor.py:743} INFO - Processing file /home/airflow/.local/lib/python3.7/site-packages/airflow/example_dags/tutorial.py for tasks to queue
[2023-03-11T12:38:30.991+0000] {logging_mixin.py:137} INFO - [2023-03-11T12:38:30.991+0000] {dagbag.py:538} INFO - Filling up the DagBag from /home/airflow/.local/lib/python3.7/site-packages/airflow/example_dags/tutorial.py
[2023-03-11T12:38:31.004+0000] {processor.py:753} INFO - DAG(s) dict_keys(['tutorial']) retrieved from /home/airflow/.local/lib/python3.7/site-packages/airflow/example_dags/tutorial.py
[2023-03-11T12:38:31.028+0000] {logging_mixin.py:137} INFO - [2023-03-11T12:38:31.028+0000] {dag.py:2690} INFO - Sync 1 DAGs
[2023-03-11T12:38:31.058+0000] {logging_mixin.py:137} INFO - [2023-03-11T12:38:31.058+0000] {dag.py:3441} INFO - Setting next_dagrun for tutorial to 2023-03-10T12:38:31.057755+00:00, run_after=2023-03-11T12:38:31.057755+00:00
[2023-03-11T12:38:31.083+0000] {processor.py:175} INFO - Processing /home/airflow/.local/lib/python3.7/site-packages/airflow/example_dags/tutorial.py took 0.097 seconds
[2023-03-11T12:39:01.376+0000] {processor.py:153} INFO - Started process (PID=1551) to work on /home/airflow/.local/lib/python3.7/site-packages/airflow/example_dags/tutorial.py
[2023-03-11T12:39:01.377+0000] {processor.py:743} INFO - Processing file /home/airflow/.local/lib/python3.7/site-packages/airflow/example_dags/tutorial.py for tasks to queue
[2023-03-11T12:39:01.377+0000] {logging_mixin.py:137} INFO - [2023-03-11T12:39:01.377+0000] {dagbag.py:538} INFO - Filling up the DagBag from /home/airflow/.local/lib/python3.7/site-packages/airflow/example_dags/tutorial.py
[2023-03-11T12:39:01.391+0000] {processor.py:753} INFO - DAG(s) dict_keys(['tutorial']) retrieved from /home/airflow/.local/lib/python3.7/site-packages/airflow/example_dags/tutorial.py
[2023-03-11T12:39:01.419+0000] {logging_mixin.py:137} INFO - [2023-03-11T12:39:01.419+0000] {dag.py:2690} INFO - Sync 1 DAGs
[2023-03-11T12:39:01.449+0000] {logging_mixin.py:137} INFO - [2023-03-11T12:39:01.448+0000] {dag.py:3441} INFO - Setting next_dagrun for tutorial to 2023-03-10T12:39:01.448676+00:00, run_after=2023-03-11T12:39:01.448676+00:00
[2023-03-11T12:39:01.469+0000] {processor.py:175} INFO - Processing /home/airflow/.local/lib/python3.7/site-packages/airflow/example_dags/tutorial.py took 0.097 seconds
[2023-03-11T12:39:31.600+0000] {processor.py:153} INFO - Started process (PID=1655) to work on /home/airflow/.local/lib/python3.7/site-packages/airflow/example_dags/tutorial.py
[2023-03-11T12:39:31.602+0000] {processor.py:743} INFO - Processing file /home/airflow/.local/lib/python3.7/site-packages/airflow/example_dags/tutorial.py for tasks to queue
[2023-03-11T12:39:31.603+0000] {logging_mixin.py:137} INFO - [2023-03-11T12:39:31.603+0000] {dagbag.py:538} INFO - Filling up the DagBag from /home/airflow/.local/lib/python3.7/site-packages/airflow/example_dags/tutorial.py
[2023-03-11T12:39:31.619+0000] {processor.py:753} INFO - DAG(s) dict_keys(['tutorial']) retrieved from /home/airflow/.local/lib/python3.7/site-packages/airflow/example_dags/tutorial.py
[2023-03-11T12:39:31.660+0000] {logging_mixin.py:137} INFO - [2023-03-11T12:39:31.660+0000] {dag.py:2690} INFO - Sync 1 DAGs
[2023-03-11T12:39:31.709+0000] {logging_mixin.py:137} INFO - [2023-03-11T12:39:31.708+0000] {dag.py:3441} INFO - Setting next_dagrun for tutorial to 2023-03-10T12:39:31.708480+00:00, run_after=2023-03-11T12:39:31.708480+00:00
[2023-03-11T12:39:31.752+0000] {processor.py:175} INFO - Processing /home/airflow/.local/lib/python3.7/site-packages/airflow/example_dags/tutorial.py took 0.157 seconds
[2023-03-11T12:40:02.584+0000] {processor.py:153} INFO - Started process (PID=1742) to work on /home/airflow/.local/lib/python3.7/site-packages/airflow/example_dags/tutorial.py
[2023-03-11T12:40:02.585+0000] {processor.py:743} INFO - Processing file /home/airflow/.local/lib/python3.7/site-packages/airflow/example_dags/tutorial.py for tasks to queue
[2023-03-11T12:40:02.586+0000] {logging_mixin.py:137} INFO - [2023-03-11T12:40:02.586+0000] {dagbag.py:538} INFO - Filling up the DagBag from /home/airflow/.local/lib/python3.7/site-packages/airflow/example_dags/tutorial.py
[2023-03-11T12:40:02.600+0000] {processor.py:753} INFO - DAG(s) dict_keys(['tutorial']) retrieved from /home/airflow/.local/lib/python3.7/site-packages/airflow/example_dags/tutorial.py
[2023-03-11T12:40:02.628+0000] {logging_mixin.py:137} INFO - [2023-03-11T12:40:02.628+0000] {dag.py:2690} INFO - Sync 1 DAGs
[2023-03-11T12:40:02.658+0000] {logging_mixin.py:137} INFO - [2023-03-11T12:40:02.658+0000] {dag.py:3441} INFO - Setting next_dagrun for tutorial to 2023-03-10T12:40:02.658038+00:00, run_after=2023-03-11T12:40:02.658038+00:00
[2023-03-11T12:40:02.681+0000] {processor.py:175} INFO - Processing /home/airflow/.local/lib/python3.7/site-packages/airflow/example_dags/tutorial.py took 0.100 seconds
[2023-03-11T12:40:32.762+0000] {processor.py:153} INFO - Started process (PID=1838) to work on /home/airflow/.local/lib/python3.7/site-packages/airflow/example_dags/tutorial.py
[2023-03-11T12:40:32.763+0000] {processor.py:743} INFO - Processing file /home/airflow/.local/lib/python3.7/site-packages/airflow/example_dags/tutorial.py for tasks to queue
[2023-03-11T12:40:32.765+0000] {logging_mixin.py:137} INFO - [2023-03-11T12:40:32.764+0000] {dagbag.py:538} INFO - Filling up the DagBag from /home/airflow/.local/lib/python3.7/site-packages/airflow/example_dags/tutorial.py
[2023-03-11T12:40:32.783+0000] {processor.py:753} INFO - DAG(s) dict_keys(['tutorial']) retrieved from /home/airflow/.local/lib/python3.7/site-packages/airflow/example_dags/tutorial.py
[2023-03-11T12:40:32.855+0000] {logging_mixin.py:137} INFO - [2023-03-11T12:40:32.855+0000] {dag.py:2690} INFO - Sync 1 DAGs
[2023-03-11T12:40:32.882+0000] {logging_mixin.py:137} INFO - [2023-03-11T12:40:32.882+0000] {dag.py:3441} INFO - Setting next_dagrun for tutorial to 2023-03-10T12:40:32.881878+00:00, run_after=2023-03-11T12:40:32.881878+00:00
[2023-03-11T12:40:32.908+0000] {processor.py:175} INFO - Processing /home/airflow/.local/lib/python3.7/site-packages/airflow/example_dags/tutorial.py took 0.150 seconds
[2023-03-11T12:41:03.557+0000] {processor.py:153} INFO - Started process (PID=1940) to work on /home/airflow/.local/lib/python3.7/site-packages/airflow/example_dags/tutorial.py
[2023-03-11T12:41:03.558+0000] {processor.py:743} INFO - Processing file /home/airflow/.local/lib/python3.7/site-packages/airflow/example_dags/tutorial.py for tasks to queue
[2023-03-11T12:41:03.559+0000] {logging_mixin.py:137} INFO - [2023-03-11T12:41:03.559+0000] {dagbag.py:538} INFO - Filling up the DagBag from /home/airflow/.local/lib/python3.7/site-packages/airflow/example_dags/tutorial.py
[2023-03-11T12:41:03.572+0000] {processor.py:753} INFO - DAG(s) dict_keys(['tutorial']) retrieved from /home/airflow/.local/lib/python3.7/site-packages/airflow/example_dags/tutorial.py
[2023-03-11T12:41:03.598+0000] {logging_mixin.py:137} INFO - [2023-03-11T12:41:03.598+0000] {dag.py:2690} INFO - Sync 1 DAGs
[2023-03-11T12:41:03.626+0000] {logging_mixin.py:137} INFO - [2023-03-11T12:41:03.625+0000] {dag.py:3441} INFO - Setting next_dagrun for tutorial to 2023-03-10T12:41:03.625643+00:00, run_after=2023-03-11T12:41:03.625643+00:00
[2023-03-11T12:41:03.646+0000] {processor.py:175} INFO - Processing /home/airflow/.local/lib/python3.7/site-packages/airflow/example_dags/tutorial.py took 0.093 seconds
[2023-03-11T12:41:34.314+0000] {processor.py:153} INFO - Started process (PID=2027) to work on /home/airflow/.local/lib/python3.7/site-packages/airflow/example_dags/tutorial.py
[2023-03-11T12:41:34.315+0000] {processor.py:743} INFO - Processing file /home/airflow/.local/lib/python3.7/site-packages/airflow/example_dags/tutorial.py for tasks to queue
[2023-03-11T12:41:34.315+0000] {logging_mixin.py:137} INFO - [2023-03-11T12:41:34.315+0000] {dagbag.py:538} INFO - Filling up the DagBag from /home/airflow/.local/lib/python3.7/site-packages/airflow/example_dags/tutorial.py
[2023-03-11T12:41:34.328+0000] {processor.py:753} INFO - DAG(s) dict_keys(['tutorial']) retrieved from /home/airflow/.local/lib/python3.7/site-packages/airflow/example_dags/tutorial.py
[2023-03-11T12:41:34.354+0000] {logging_mixin.py:137} INFO - [2023-03-11T12:41:34.354+0000] {dag.py:2690} INFO - Sync 1 DAGs
[2023-03-11T12:41:34.385+0000] {logging_mixin.py:137} INFO - [2023-03-11T12:41:34.384+0000] {dag.py:3441} INFO - Setting next_dagrun for tutorial to 2023-03-10T12:41:34.384533+00:00, run_after=2023-03-11T12:41:34.384533+00:00
[2023-03-11T12:41:34.404+0000] {processor.py:175} INFO - Processing /home/airflow/.local/lib/python3.7/site-packages/airflow/example_dags/tutorial.py took 0.093 seconds
[2023-03-11T12:42:04.999+0000] {processor.py:153} INFO - Started process (PID=2138) to work on /home/airflow/.local/lib/python3.7/site-packages/airflow/example_dags/tutorial.py
[2023-03-11T12:42:05.000+0000] {processor.py:743} INFO - Processing file /home/airflow/.local/lib/python3.7/site-packages/airflow/example_dags/tutorial.py for tasks to queue
[2023-03-11T12:42:05.001+0000] {logging_mixin.py:137} INFO - [2023-03-11T12:42:05.001+0000] {dagbag.py:538} INFO - Filling up the DagBag from /home/airflow/.local/lib/python3.7/site-packages/airflow/example_dags/tutorial.py
[2023-03-11T12:42:05.014+0000] {processor.py:753} INFO - DAG(s) dict_keys(['tutorial']) retrieved from /home/airflow/.local/lib/python3.7/site-packages/airflow/example_dags/tutorial.py
[2023-03-11T12:42:05.039+0000] {logging_mixin.py:137} INFO - [2023-03-11T12:42:05.039+0000] {dag.py:2690} INFO - Sync 1 DAGs
[2023-03-11T12:42:05.067+0000] {logging_mixin.py:137} INFO - [2023-03-11T12:42:05.067+0000] {dag.py:3441} INFO - Setting next_dagrun for tutorial to 2023-03-10T12:42:05.067261+00:00, run_after=2023-03-11T12:42:05.067261+00:00
[2023-03-11T12:42:05.088+0000] {processor.py:175} INFO - Processing /home/airflow/.local/lib/python3.7/site-packages/airflow/example_dags/tutorial.py took 0.091 seconds
[2023-03-11T12:42:35.624+0000] {processor.py:153} INFO - Started process (PID=2225) to work on /home/airflow/.local/lib/python3.7/site-packages/airflow/example_dags/tutorial.py
[2023-03-11T12:42:35.625+0000] {processor.py:743} INFO - Processing file /home/airflow/.local/lib/python3.7/site-packages/airflow/example_dags/tutorial.py for tasks to queue
[2023-03-11T12:42:35.625+0000] {logging_mixin.py:137} INFO - [2023-03-11T12:42:35.625+0000] {dagbag.py:538} INFO - Filling up the DagBag from /home/airflow/.local/lib/python3.7/site-packages/airflow/example_dags/tutorial.py
[2023-03-11T12:42:35.639+0000] {processor.py:753} INFO - DAG(s) dict_keys(['tutorial']) retrieved from /home/airflow/.local/lib/python3.7/site-packages/airflow/example_dags/tutorial.py
[2023-03-11T12:42:35.664+0000] {logging_mixin.py:137} INFO - [2023-03-11T12:42:35.664+0000] {dag.py:2690} INFO - Sync 1 DAGs
[2023-03-11T12:42:35.691+0000] {logging_mixin.py:137} INFO - [2023-03-11T12:42:35.691+0000] {dag.py:3441} INFO - Setting next_dagrun for tutorial to 2023-03-10T12:42:35.691164+00:00, run_after=2023-03-11T12:42:35.691164+00:00
[2023-03-11T12:42:35.714+0000] {processor.py:175} INFO - Processing /home/airflow/.local/lib/python3.7/site-packages/airflow/example_dags/tutorial.py took 0.093 seconds
[2023-03-11T12:43:06.270+0000] {processor.py:153} INFO - Started process (PID=2336) to work on /home/airflow/.local/lib/python3.7/site-packages/airflow/example_dags/tutorial.py
[2023-03-11T12:43:06.271+0000] {processor.py:743} INFO - Processing file /home/airflow/.local/lib/python3.7/site-packages/airflow/example_dags/tutorial.py for tasks to queue
[2023-03-11T12:43:06.271+0000] {logging_mixin.py:137} INFO - [2023-03-11T12:43:06.271+0000] {dagbag.py:538} INFO - Filling up the DagBag from /home/airflow/.local/lib/python3.7/site-packages/airflow/example_dags/tutorial.py
[2023-03-11T12:43:06.284+0000] {processor.py:753} INFO - DAG(s) dict_keys(['tutorial']) retrieved from /home/airflow/.local/lib/python3.7/site-packages/airflow/example_dags/tutorial.py
[2023-03-11T12:43:06.310+0000] {logging_mixin.py:137} INFO - [2023-03-11T12:43:06.309+0000] {dag.py:2690} INFO - Sync 1 DAGs
[2023-03-11T12:43:06.335+0000] {logging_mixin.py:137} INFO - [2023-03-11T12:43:06.335+0000] {dag.py:3441} INFO - Setting next_dagrun for tutorial to 2023-03-10T12:43:06.335010+00:00, run_after=2023-03-11T12:43:06.335010+00:00
[2023-03-11T12:43:06.356+0000] {processor.py:175} INFO - Processing /home/airflow/.local/lib/python3.7/site-packages/airflow/example_dags/tutorial.py took 0.089 seconds
[2023-03-11T12:43:36.941+0000] {processor.py:153} INFO - Started process (PID=2423) to work on /home/airflow/.local/lib/python3.7/site-packages/airflow/example_dags/tutorial.py
[2023-03-11T12:43:36.941+0000] {processor.py:743} INFO - Processing file /home/airflow/.local/lib/python3.7/site-packages/airflow/example_dags/tutorial.py for tasks to queue
[2023-03-11T12:43:36.942+0000] {logging_mixin.py:137} INFO - [2023-03-11T12:43:36.942+0000] {dagbag.py:538} INFO - Filling up the DagBag from /home/airflow/.local/lib/python3.7/site-packages/airflow/example_dags/tutorial.py
[2023-03-11T12:43:36.954+0000] {processor.py:753} INFO - DAG(s) dict_keys(['tutorial']) retrieved from /home/airflow/.local/lib/python3.7/site-packages/airflow/example_dags/tutorial.py
[2023-03-11T12:43:36.982+0000] {logging_mixin.py:137} INFO - [2023-03-11T12:43:36.981+0000] {dag.py:2690} INFO - Sync 1 DAGs
[2023-03-11T12:43:37.008+0000] {logging_mixin.py:137} INFO - [2023-03-11T12:43:37.008+0000] {dag.py:3441} INFO - Setting next_dagrun for tutorial to 2023-03-10T12:43:37.008331+00:00, run_after=2023-03-11T12:43:37.008331+00:00
[2023-03-11T12:43:37.028+0000] {processor.py:175} INFO - Processing /home/airflow/.local/lib/python3.7/site-packages/airflow/example_dags/tutorial.py took 0.089 seconds
[2023-03-11T12:44:07.338+0000] {processor.py:153} INFO - Started process (PID=2510) to work on /home/airflow/.local/lib/python3.7/site-packages/airflow/example_dags/tutorial.py
[2023-03-11T12:44:07.338+0000] {processor.py:743} INFO - Processing file /home/airflow/.local/lib/python3.7/site-packages/airflow/example_dags/tutorial.py for tasks to queue
[2023-03-11T12:44:07.339+0000] {logging_mixin.py:137} INFO - [2023-03-11T12:44:07.339+0000] {dagbag.py:538} INFO - Filling up the DagBag from /home/airflow/.local/lib/python3.7/site-packages/airflow/example_dags/tutorial.py
[2023-03-11T12:44:07.351+0000] {processor.py:753} INFO - DAG(s) dict_keys(['tutorial']) retrieved from /home/airflow/.local/lib/python3.7/site-packages/airflow/example_dags/tutorial.py
[2023-03-11T12:44:07.377+0000] {logging_mixin.py:137} INFO - [2023-03-11T12:44:07.377+0000] {dag.py:2690} INFO - Sync 1 DAGs
[2023-03-11T12:44:07.402+0000] {logging_mixin.py:137} INFO - [2023-03-11T12:44:07.402+0000] {dag.py:3441} INFO - Setting next_dagrun for tutorial to 2023-03-10T12:44:07.401922+00:00, run_after=2023-03-11T12:44:07.401922+00:00
[2023-03-11T12:44:07.420+0000] {processor.py:175} INFO - Processing /home/airflow/.local/lib/python3.7/site-packages/airflow/example_dags/tutorial.py took 0.085 seconds
[2023-03-11T12:44:38.303+0000] {processor.py:153} INFO - Started process (PID=2621) to work on /home/airflow/.local/lib/python3.7/site-packages/airflow/example_dags/tutorial.py
[2023-03-11T12:44:38.304+0000] {processor.py:743} INFO - Processing file /home/airflow/.local/lib/python3.7/site-packages/airflow/example_dags/tutorial.py for tasks to queue
[2023-03-11T12:44:38.305+0000] {logging_mixin.py:137} INFO - [2023-03-11T12:44:38.305+0000] {dagbag.py:538} INFO - Filling up the DagBag from /home/airflow/.local/lib/python3.7/site-packages/airflow/example_dags/tutorial.py
[2023-03-11T12:44:38.320+0000] {processor.py:753} INFO - DAG(s) dict_keys(['tutorial']) retrieved from /home/airflow/.local/lib/python3.7/site-packages/airflow/example_dags/tutorial.py
[2023-03-11T12:44:38.358+0000] {logging_mixin.py:137} INFO - [2023-03-11T12:44:38.358+0000] {dag.py:2690} INFO - Sync 1 DAGs
[2023-03-11T12:44:38.392+0000] {logging_mixin.py:137} INFO - [2023-03-11T12:44:38.392+0000] {dag.py:3441} INFO - Setting next_dagrun for tutorial to 2023-03-10T12:44:38.392357+00:00, run_after=2023-03-11T12:44:38.392357+00:00
[2023-03-11T12:44:38.427+0000] {processor.py:175} INFO - Processing /home/airflow/.local/lib/python3.7/site-packages/airflow/example_dags/tutorial.py took 0.127 seconds
[2023-03-11T12:45:08.588+0000] {processor.py:153} INFO - Started process (PID=2708) to work on /home/airflow/.local/lib/python3.7/site-packages/airflow/example_dags/tutorial.py
[2023-03-11T12:45:08.588+0000] {processor.py:743} INFO - Processing file /home/airflow/.local/lib/python3.7/site-packages/airflow/example_dags/tutorial.py for tasks to queue
[2023-03-11T12:45:08.589+0000] {logging_mixin.py:137} INFO - [2023-03-11T12:45:08.589+0000] {dagbag.py:538} INFO - Filling up the DagBag from /home/airflow/.local/lib/python3.7/site-packages/airflow/example_dags/tutorial.py
[2023-03-11T12:45:08.601+0000] {processor.py:753} INFO - DAG(s) dict_keys(['tutorial']) retrieved from /home/airflow/.local/lib/python3.7/site-packages/airflow/example_dags/tutorial.py
[2023-03-11T12:45:08.626+0000] {logging_mixin.py:137} INFO - [2023-03-11T12:45:08.625+0000] {dag.py:2690} INFO - Sync 1 DAGs
[2023-03-11T12:45:08.653+0000] {logging_mixin.py:137} INFO - [2023-03-11T12:45:08.653+0000] {dag.py:3441} INFO - Setting next_dagrun for tutorial to 2023-03-10T12:45:08.653113+00:00, run_after=2023-03-11T12:45:08.653113+00:00
[2023-03-11T12:45:08.671+0000] {processor.py:175} INFO - Processing /home/airflow/.local/lib/python3.7/site-packages/airflow/example_dags/tutorial.py took 0.087 seconds
[2023-03-11T12:45:39.375+0000] {processor.py:153} INFO - Started process (PID=2819) to work on /home/airflow/.local/lib/python3.7/site-packages/airflow/example_dags/tutorial.py
[2023-03-11T12:45:39.376+0000] {processor.py:743} INFO - Processing file /home/airflow/.local/lib/python3.7/site-packages/airflow/example_dags/tutorial.py for tasks to queue
[2023-03-11T12:45:39.377+0000] {logging_mixin.py:137} INFO - [2023-03-11T12:45:39.377+0000] {dagbag.py:538} INFO - Filling up the DagBag from /home/airflow/.local/lib/python3.7/site-packages/airflow/example_dags/tutorial.py
[2023-03-11T12:45:39.390+0000] {processor.py:753} INFO - DAG(s) dict_keys(['tutorial']) retrieved from /home/airflow/.local/lib/python3.7/site-packages/airflow/example_dags/tutorial.py
[2023-03-11T12:45:39.414+0000] {logging_mixin.py:137} INFO - [2023-03-11T12:45:39.414+0000] {dag.py:2690} INFO - Sync 1 DAGs
[2023-03-11T12:45:39.447+0000] {logging_mixin.py:137} INFO - [2023-03-11T12:45:39.447+0000] {dag.py:3441} INFO - Setting next_dagrun for tutorial to 2023-03-10T12:45:39.446987+00:00, run_after=2023-03-11T12:45:39.446987+00:00
[2023-03-11T12:45:39.473+0000] {processor.py:175} INFO - Processing /home/airflow/.local/lib/python3.7/site-packages/airflow/example_dags/tutorial.py took 0.100 seconds
[2023-03-11T12:46:10.227+0000] {processor.py:153} INFO - Started process (PID=2906) to work on /home/airflow/.local/lib/python3.7/site-packages/airflow/example_dags/tutorial.py
[2023-03-11T12:46:10.228+0000] {processor.py:743} INFO - Processing file /home/airflow/.local/lib/python3.7/site-packages/airflow/example_dags/tutorial.py for tasks to queue
[2023-03-11T12:46:10.229+0000] {logging_mixin.py:137} INFO - [2023-03-11T12:46:10.228+0000] {dagbag.py:538} INFO - Filling up the DagBag from /home/airflow/.local/lib/python3.7/site-packages/airflow/example_dags/tutorial.py
[2023-03-11T12:46:10.243+0000] {processor.py:753} INFO - DAG(s) dict_keys(['tutorial']) retrieved from /home/airflow/.local/lib/python3.7/site-packages/airflow/example_dags/tutorial.py
[2023-03-11T12:46:10.269+0000] {logging_mixin.py:137} INFO - [2023-03-11T12:46:10.269+0000] {dag.py:2690} INFO - Sync 1 DAGs
[2023-03-11T12:46:10.293+0000] {logging_mixin.py:137} INFO - [2023-03-11T12:46:10.293+0000] {dag.py:3441} INFO - Setting next_dagrun for tutorial to 2023-03-10T12:46:10.293502+00:00, run_after=2023-03-11T12:46:10.293502+00:00
[2023-03-11T12:46:10.312+0000] {processor.py:175} INFO - Processing /home/airflow/.local/lib/python3.7/site-packages/airflow/example_dags/tutorial.py took 0.087 seconds
[2023-03-11T12:46:40.940+0000] {processor.py:153} INFO - Started process (PID=2993) to work on /home/airflow/.local/lib/python3.7/site-packages/airflow/example_dags/tutorial.py
[2023-03-11T12:46:40.941+0000] {processor.py:743} INFO - Processing file /home/airflow/.local/lib/python3.7/site-packages/airflow/example_dags/tutorial.py for tasks to queue
[2023-03-11T12:46:40.942+0000] {logging_mixin.py:137} INFO - [2023-03-11T12:46:40.942+0000] {dagbag.py:538} INFO - Filling up the DagBag from /home/airflow/.local/lib/python3.7/site-packages/airflow/example_dags/tutorial.py
[2023-03-11T12:46:40.954+0000] {processor.py:753} INFO - DAG(s) dict_keys(['tutorial']) retrieved from /home/airflow/.local/lib/python3.7/site-packages/airflow/example_dags/tutorial.py
[2023-03-11T12:46:40.981+0000] {logging_mixin.py:137} INFO - [2023-03-11T12:46:40.981+0000] {dag.py:2690} INFO - Sync 1 DAGs
[2023-03-11T12:46:41.007+0000] {logging_mixin.py:137} INFO - [2023-03-11T12:46:41.007+0000] {dag.py:3441} INFO - Setting next_dagrun for tutorial to 2023-03-10T12:46:41.007240+00:00, run_after=2023-03-11T12:46:41.007240+00:00
[2023-03-11T12:46:41.028+0000] {processor.py:175} INFO - Processing /home/airflow/.local/lib/python3.7/site-packages/airflow/example_dags/tutorial.py took 0.091 seconds
[2023-03-11T12:47:11.745+0000] {processor.py:153} INFO - Started process (PID=3104) to work on /home/airflow/.local/lib/python3.7/site-packages/airflow/example_dags/tutorial.py
[2023-03-11T12:47:11.746+0000] {processor.py:743} INFO - Processing file /home/airflow/.local/lib/python3.7/site-packages/airflow/example_dags/tutorial.py for tasks to queue
[2023-03-11T12:47:11.746+0000] {logging_mixin.py:137} INFO - [2023-03-11T12:47:11.746+0000] {dagbag.py:538} INFO - Filling up the DagBag from /home/airflow/.local/lib/python3.7/site-packages/airflow/example_dags/tutorial.py
[2023-03-11T12:47:11.759+0000] {processor.py:753} INFO - DAG(s) dict_keys(['tutorial']) retrieved from /home/airflow/.local/lib/python3.7/site-packages/airflow/example_dags/tutorial.py
[2023-03-11T12:47:11.783+0000] {logging_mixin.py:137} INFO - [2023-03-11T12:47:11.783+0000] {dag.py:2690} INFO - Sync 1 DAGs
[2023-03-11T12:47:11.809+0000] {logging_mixin.py:137} INFO - [2023-03-11T12:47:11.809+0000] {dag.py:3441} INFO - Setting next_dagrun for tutorial to 2023-03-10T12:47:11.809490+00:00, run_after=2023-03-11T12:47:11.809490+00:00
[2023-03-11T12:47:11.828+0000] {processor.py:175} INFO - Processing /home/airflow/.local/lib/python3.7/site-packages/airflow/example_dags/tutorial.py took 0.086 seconds
[2023-03-11T12:47:42.504+0000] {processor.py:153} INFO - Started process (PID=3191) to work on /home/airflow/.local/lib/python3.7/site-packages/airflow/example_dags/tutorial.py
[2023-03-11T12:47:42.504+0000] {processor.py:743} INFO - Processing file /home/airflow/.local/lib/python3.7/site-packages/airflow/example_dags/tutorial.py for tasks to queue
[2023-03-11T12:47:42.505+0000] {logging_mixin.py:137} INFO - [2023-03-11T12:47:42.505+0000] {dagbag.py:538} INFO - Filling up the DagBag from /home/airflow/.local/lib/python3.7/site-packages/airflow/example_dags/tutorial.py
[2023-03-11T12:47:42.518+0000] {processor.py:753} INFO - DAG(s) dict_keys(['tutorial']) retrieved from /home/airflow/.local/lib/python3.7/site-packages/airflow/example_dags/tutorial.py
[2023-03-11T12:47:42.543+0000] {logging_mixin.py:137} INFO - [2023-03-11T12:47:42.543+0000] {dag.py:2690} INFO - Sync 1 DAGs
[2023-03-11T12:47:42.571+0000] {logging_mixin.py:137} INFO - [2023-03-11T12:47:42.571+0000] {dag.py:3441} INFO - Setting next_dagrun for tutorial to 2023-03-10T12:47:42.571199+00:00, run_after=2023-03-11T12:47:42.571199+00:00
[2023-03-11T12:47:42.592+0000] {processor.py:175} INFO - Processing /home/airflow/.local/lib/python3.7/site-packages/airflow/example_dags/tutorial.py took 0.091 seconds
[2023-03-11T12:48:13.548+0000] {processor.py:153} INFO - Started process (PID=3302) to work on /home/airflow/.local/lib/python3.7/site-packages/airflow/example_dags/tutorial.py
[2023-03-11T12:48:13.549+0000] {processor.py:743} INFO - Processing file /home/airflow/.local/lib/python3.7/site-packages/airflow/example_dags/tutorial.py for tasks to queue
[2023-03-11T12:48:13.549+0000] {logging_mixin.py:137} INFO - [2023-03-11T12:48:13.549+0000] {dagbag.py:538} INFO - Filling up the DagBag from /home/airflow/.local/lib/python3.7/site-packages/airflow/example_dags/tutorial.py
[2023-03-11T12:48:13.562+0000] {processor.py:753} INFO - DAG(s) dict_keys(['tutorial']) retrieved from /home/airflow/.local/lib/python3.7/site-packages/airflow/example_dags/tutorial.py
[2023-03-11T12:48:13.586+0000] {logging_mixin.py:137} INFO - [2023-03-11T12:48:13.586+0000] {dag.py:2690} INFO - Sync 1 DAGs
[2023-03-11T12:48:13.610+0000] {logging_mixin.py:137} INFO - [2023-03-11T12:48:13.610+0000] {dag.py:3441} INFO - Setting next_dagrun for tutorial to 2023-03-10T12:48:13.610474+00:00, run_after=2023-03-11T12:48:13.610474+00:00
[2023-03-11T12:48:13.629+0000] {processor.py:175} INFO - Processing /home/airflow/.local/lib/python3.7/site-packages/airflow/example_dags/tutorial.py took 0.083 seconds
[2023-03-11T12:48:44.215+0000] {processor.py:153} INFO - Started process (PID=3389) to work on /home/airflow/.local/lib/python3.7/site-packages/airflow/example_dags/tutorial.py
[2023-03-11T12:48:44.216+0000] {processor.py:743} INFO - Processing file /home/airflow/.local/lib/python3.7/site-packages/airflow/example_dags/tutorial.py for tasks to queue
[2023-03-11T12:48:44.216+0000] {logging_mixin.py:137} INFO - [2023-03-11T12:48:44.216+0000] {dagbag.py:538} INFO - Filling up the DagBag from /home/airflow/.local/lib/python3.7/site-packages/airflow/example_dags/tutorial.py
[2023-03-11T12:48:44.229+0000] {processor.py:753} INFO - DAG(s) dict_keys(['tutorial']) retrieved from /home/airflow/.local/lib/python3.7/site-packages/airflow/example_dags/tutorial.py
[2023-03-11T12:48:44.252+0000] {logging_mixin.py:137} INFO - [2023-03-11T12:48:44.251+0000] {dag.py:2690} INFO - Sync 1 DAGs
[2023-03-11T12:48:44.277+0000] {logging_mixin.py:137} INFO - [2023-03-11T12:48:44.277+0000] {dag.py:3441} INFO - Setting next_dagrun for tutorial to 2023-03-10T12:48:44.277045+00:00, run_after=2023-03-11T12:48:44.277045+00:00
[2023-03-11T12:48:44.299+0000] {processor.py:175} INFO - Processing /home/airflow/.local/lib/python3.7/site-packages/airflow/example_dags/tutorial.py took 0.087 seconds
[2023-03-11T12:49:15.292+0000] {processor.py:153} INFO - Started process (PID=3500) to work on /home/airflow/.local/lib/python3.7/site-packages/airflow/example_dags/tutorial.py
[2023-03-11T12:49:15.293+0000] {processor.py:743} INFO - Processing file /home/airflow/.local/lib/python3.7/site-packages/airflow/example_dags/tutorial.py for tasks to queue
[2023-03-11T12:49:15.294+0000] {logging_mixin.py:137} INFO - [2023-03-11T12:49:15.293+0000] {dagbag.py:538} INFO - Filling up the DagBag from /home/airflow/.local/lib/python3.7/site-packages/airflow/example_dags/tutorial.py
[2023-03-11T12:49:15.307+0000] {processor.py:753} INFO - DAG(s) dict_keys(['tutorial']) retrieved from /home/airflow/.local/lib/python3.7/site-packages/airflow/example_dags/tutorial.py
[2023-03-11T12:49:15.332+0000] {logging_mixin.py:137} INFO - [2023-03-11T12:49:15.331+0000] {dag.py:2690} INFO - Sync 1 DAGs
[2023-03-11T12:49:15.360+0000] {logging_mixin.py:137} INFO - [2023-03-11T12:49:15.360+0000] {dag.py:3441} INFO - Setting next_dagrun for tutorial to 2023-03-10T12:49:15.359784+00:00, run_after=2023-03-11T12:49:15.359784+00:00
[2023-03-11T12:49:15.379+0000] {processor.py:175} INFO - Processing /home/airflow/.local/lib/python3.7/site-packages/airflow/example_dags/tutorial.py took 0.089 seconds
[2023-03-11T12:49:45.554+0000] {processor.py:153} INFO - Started process (PID=3587) to work on /home/airflow/.local/lib/python3.7/site-packages/airflow/example_dags/tutorial.py
[2023-03-11T12:49:45.556+0000] {processor.py:743} INFO - Processing file /home/airflow/.local/lib/python3.7/site-packages/airflow/example_dags/tutorial.py for tasks to queue
[2023-03-11T12:49:45.557+0000] {logging_mixin.py:137} INFO - [2023-03-11T12:49:45.557+0000] {dagbag.py:538} INFO - Filling up the DagBag from /home/airflow/.local/lib/python3.7/site-packages/airflow/example_dags/tutorial.py
[2023-03-11T12:49:45.577+0000] {processor.py:753} INFO - DAG(s) dict_keys(['tutorial']) retrieved from /home/airflow/.local/lib/python3.7/site-packages/airflow/example_dags/tutorial.py
[2023-03-11T12:49:45.620+0000] {logging_mixin.py:137} INFO - [2023-03-11T12:49:45.620+0000] {dag.py:2690} INFO - Sync 1 DAGs
[2023-03-11T12:49:45.654+0000] {logging_mixin.py:137} INFO - [2023-03-11T12:49:45.654+0000] {dag.py:3441} INFO - Setting next_dagrun for tutorial to 2023-03-10T12:49:45.654178+00:00, run_after=2023-03-11T12:49:45.654178+00:00
[2023-03-11T12:49:45.691+0000] {processor.py:175} INFO - Processing /home/airflow/.local/lib/python3.7/site-packages/airflow/example_dags/tutorial.py took 0.142 seconds
