[2023-03-11T14:09:55.701+0000] {taskinstance.py:1083} INFO - Dependencies all met for <TaskInstance: my_sample_dag.run_this_last manual__2023-03-11T14:09:52.982235+00:00 [queued]>
[2023-03-11T14:09:55.710+0000] {taskinstance.py:1083} INFO - Dependencies all met for <TaskInstance: my_sample_dag.run_this_last manual__2023-03-11T14:09:52.982235+00:00 [queued]>
[2023-03-11T14:09:55.710+0000] {taskinstance.py:1279} INFO - 
--------------------------------------------------------------------------------
[2023-03-11T14:09:55.710+0000] {taskinstance.py:1280} INFO - Starting attempt 1 of 1
[2023-03-11T14:09:55.710+0000] {taskinstance.py:1281} INFO - 
--------------------------------------------------------------------------------
[2023-03-11T14:09:55.727+0000] {taskinstance.py:1300} INFO - Executing <Task(PythonOperator): run_this_last> on 2023-03-11 14:09:52.982235+00:00
[2023-03-11T14:09:55.733+0000] {standard_task_runner.py:55} INFO - Started process 420 to run task
[2023-03-11T14:09:55.735+0000] {standard_task_runner.py:82} INFO - Running: ['***', 'tasks', 'run', 'my_sample_dag', 'run_this_last', 'manual__2023-03-11T14:09:52.982235+00:00', '--job-id', '6', '--raw', '--subdir', 'DAGS_FOLDER/my_test_dag.py', '--cfg-path', '/tmp/tmpeoa8bw76']
[2023-03-11T14:09:55.735+0000] {standard_task_runner.py:83} INFO - Job 6: Subtask run_this_last
[2023-03-11T14:09:55.801+0000] {task_command.py:388} INFO - Running <TaskInstance: my_sample_dag.run_this_last manual__2023-03-11T14:09:52.982235+00:00 [running]> on host 070da935516f
[2023-03-11T14:09:55.887+0000] {taskinstance.py:1509} INFO - Exporting the following env vars:
AIRFLOW_CTX_DAG_OWNER=pipis
AIRFLOW_CTX_DAG_ID=my_sample_dag
AIRFLOW_CTX_TASK_ID=run_this_last
AIRFLOW_CTX_EXECUTION_DATE=2023-03-11T14:09:52.982235+00:00
AIRFLOW_CTX_TRY_NUMBER=1
AIRFLOW_CTX_DAG_RUN_ID=manual__2023-03-11T14:09:52.982235+00:00
[2023-03-11T14:09:55.888+0000] {logging_mixin.py:137} INFO - I am coming last
[2023-03-11T14:09:55.888+0000] {python.py:177} INFO - Done. Returned value was: None
[2023-03-11T14:09:55.897+0000] {taskinstance.py:1323} INFO - Marking task as SUCCESS. dag_id=my_sample_dag, task_id=run_this_last, execution_date=20230311T140952, start_date=20230311T140955, end_date=20230311T140955
[2023-03-11T14:09:55.947+0000] {local_task_job.py:208} INFO - Task exited with return code 0
[2023-03-11T14:09:55.965+0000] {taskinstance.py:2578} INFO - 0 downstream tasks scheduled from follow-on schedule check
